++ ls caseresult/ -ltr
++ wc -l
+ filename=case177
+ mkdir caseresult/case177
+ ssh hadoop@master mkdir /home/hadoop/git/physical_design/caseresult/case177
+ RESULT_DIR=/home/hadoop/git/physical_design/caseresult/case177
+ TEN=10
+ SIXTY=60
+ SLEEP_TIME=300
+ YCSB_DIR=/home/hadoop/ycsb-0.1.4
+ number_of_operations=50000000
+ number_of_threads=20
+ number_of_records=50000000
+ output_file_suffix=.dat
+ experiment_list_file=/home/hadoop/git/physical_design/case177.list
+ clean=false
+ create=false
+ load=false
+ random_read=false
+ workloada=false
+ workloadb=false
+ workloadc=false
+ scan=false
+ all=false
+ for i in '$@'
+ '[' clean == all ']'
+ '[' clean == clean ']'
+ clean=true
+ for i in '$@'
+ '[' create == all ']'
+ '[' create == clean ']'
+ '[' create == create ']'
+ create=true
+ for i in '$@'
+ '[' workloadb == all ']'
+ '[' workloadb == clean ']'
+ '[' workloadb == create ']'
+ '[' workloadb == load ']'
+ '[' workloadb == random_read ']'
+ '[' workloadb == scan ']'
+ '[' workloadb == workloada ']'
+ '[' workloadb == workloadb ']'
+ workloadb=true
+ let counter=1
+ cd /home/hadoop/ycsb-0.1.4
++ pwd
+ echo /home/hadoop/ycsb-0.1.4
/home/hadoop/ycsb-0.1.4
+ read line
+ false
+ true
+ echo 'sleeping for 60 ...'
sleeping for 60 ...
+ sleep 60
+ echo 'droping usertable...'
droping usertable...
+ ssh hadoop@master /home/hadoop/hbase/bin/hbase shell /home/hadoop/git/physical_design/delete_table
0 row(s) in 2.6150 seconds

0 row(s) in 1.2660 seconds

0 row(s) in 0.0610 seconds

+ echo 'sleeping for 300 ...'
sleeping for 300 ...
+ sleep 300
+ false
+ true
+ echo 'creating usertable...'
creating usertable...
+ create_statement='create '\''usertable'\'', { NAME=>'\''family'\'', COMPRESSION=>'\''GZ'\'', CONFIGURATION =>  { '\''hbase.hregion.majorcompaction'\'' => '\''0'\'', '\''hbase.hstore.compactionThreshold'\'' => '\''100000000000000'\'', '\''hbase.server.compactchecker.interval.multiplier'\'' => '\''100000000'\'', '\''hbase.hstore.compaction.max.size'\'' => '\''128'\'' } }, SPLITS => ['\''user1'\'', '\''user2'\'', '\''user3'\'', '\''user4'\'', '\''user5'\'', '\''user6'\'', '\''user7'\'', '\''user8'\'', '\''user9'\'']'
+ echo create ''\''usertable'\'',' '{' 'NAME=>'\''family'\'',' 'COMPRESSION=>'\''GZ'\'',' CONFIGURATION '=>' '{' ''\''hbase.hregion.majorcompaction'\''' '=>' ''\''0'\'',' ''\''hbase.hstore.compactionThreshold'\''' '=>' ''\''100000000000000'\'',' ''\''hbase.server.compactchecker.interval.multiplier'\''' '=>' ''\''100000000'\'',' ''\''hbase.hstore.compaction.max.size'\''' '=>' ''\''128'\''' '}' '},' SPLITS '=>' '['\''user1'\'',' ''\''user2'\'',' ''\''user3'\'',' ''\''user4'\'',' ''\''user5'\'',' ''\''user6'\'',' ''\''user7'\'',' ''\''user8'\'',' ''\''user9'\'']'
+ echo 'exit '
+ scp /home/hadoop/git/physical_design/caseresult/case177/create_1.script hadoop@master:/home/hadoop/git/physical_design/caseresult/case177/create_1.script
+ create_table /home/hadoop/git/physical_design/caseresult/case177/create_1.script
+ echo 'creating table...'
creating table...
+ echo /home/hadoop/git/physical_design/caseresult/case177/create_1.script
/home/hadoop/git/physical_design/caseresult/case177/create_1.script
+ ssh hadoop@master /home/hadoop/hbase/bin/hbase shell /home/hadoop/git/physical_design/caseresult/case177/create_1.script
0 row(s) in 1.7440 seconds

+ echo 'sleeping for 10 sec ...'
sleeping for 10 sec ...
+ sleep 10
+ false
+ false
+ false
+ false
+ false
+ false
+ false
+ true
+ echo workloadb...
workloadb...
+ echo 'start time: '
start time: 
++ date +%s
+ echo 1405881745
1405881745
++ echo /home/hadoop/git/physical_design/caseresult/case177/workloadb_1.dat
+ ./workloadb 50000000 20 /home/hadoop/git/physical_design/caseresult/case177/workloadb_1.dat
Loading workload...
Starting test.
2014-07-20 11:42:26:229 0 sec: 0 operations; 
14/07/20 11:42:26 INFO zookeeper.ZooKeeper: Client environment:zookeeper.version=3.4.6-1569965, built on 02/20/2014 09:09 GMT
14/07/20 11:42:26 INFO zookeeper.ZooKeeper: Client environment:host.name=sceplus-vm43.almaden.ibm.com
14/07/20 11:42:26 INFO zookeeper.ZooKeeper: Client environment:java.version=1.6.0_31
14/07/20 11:42:26 INFO zookeeper.ZooKeeper: Client environment:java.vendor=Sun Microsystems Inc.
14/07/20 11:42:26 INFO zookeeper.ZooKeeper: Client environment:java.home=/usr/lib/jvm/java-6-openjdk-amd64/jre
14/07/20 11:42:26 INFO zookeeper.ZooKeeper: Client environment:java.class.path=/home/hadoop/ycsb-0.1.4/hbase-binding/lib/hbase-binding-0.1.4.jar:/home/hadoop/ycsb-0.1.4/hbase-binding/conf:/home/hadoop/ycsb-0.1.4/core/lib/core-0.1.4.jar:/home/hadoop/ycsb-0.1.4/jdbc-binding/conf
14/07/20 11:42:26 INFO zookeeper.ZooKeeper: Client environment:java.library.path=/usr/lib/jvm/java-6-openjdk-amd64/jre/lib/amd64/server:/usr/lib/jvm/java-6-openjdk-amd64/jre/lib/amd64:/usr/lib/jvm/java-6-openjdk-amd64/jre/../lib/amd64:/usr/java/packages/lib/amd64:/usr/lib/jni:/lib:/usr/lib
14/07/20 11:42:26 INFO zookeeper.ZooKeeper: Client environment:java.io.tmpdir=/tmp
14/07/20 11:42:26 INFO zookeeper.ZooKeeper: Client environment:java.compiler=<NA>
14/07/20 11:42:26 INFO zookeeper.ZooKeeper: Client environment:os.name=Linux
14/07/20 11:42:26 INFO zookeeper.ZooKeeper: Client environment:os.arch=amd64
14/07/20 11:42:26 INFO zookeeper.ZooKeeper: Client environment:os.version=3.13.0-24-generic
14/07/20 11:42:26 INFO zookeeper.ZooKeeper: Client environment:user.name=hadoop
14/07/20 11:42:26 INFO zookeeper.ZooKeeper: Client environment:user.home=/home/hadoop
14/07/20 11:42:26 INFO zookeeper.ZooKeeper: Client environment:user.dir=/home/hadoop/ycsb-0.1.4
14/07/20 11:42:26 INFO zookeeper.ZooKeeper: Initiating client connection, connectString=sceplus-vm49.almaden.ibm.com:2181,sceplus-vm48.almaden.ibm.com:2181 sessionTimeout=90000 watcher=hconnection-0x5e852b9, quorum=sceplus-vm49.almaden.ibm.com:2181,sceplus-vm48.almaden.ibm.com:2181, baseZNode=/hbase
14/07/20 11:42:26 INFO zookeeper.RecoverableZooKeeper: Process identifier=hconnection-0x5e852b9 connecting to ZooKeeper ensemble=sceplus-vm49.almaden.ibm.com:2181,sceplus-vm48.almaden.ibm.com:2181
14/07/20 11:42:26 INFO zookeeper.ClientCnxn: Opening socket connection to server master/9.1.143.58:2181. Will not attempt to authenticate using SASL (unknown error)
14/07/20 11:42:26 INFO zookeeper.ClientCnxn: Socket connection established to master/9.1.143.58:2181, initiating session
14/07/20 11:42:26 INFO zookeeper.ClientCnxn: Session establishment complete on server master/9.1.143.58:2181, sessionid = 0x4756c1451a000d, negotiated timeout = 90000
2014-07-20 11:42:36:230 10 sec: 13552 operations; 1355.06 current ops/sec; [INSERT AverageLatency(us)=1161.31] [READ AverageLatency(us)=11056.12] 
2014-07-20 11:42:46:230 20 sec: 44665 operations; 3111.3 current ops/sec; [INSERT AverageLatency(us)=16.48] [READ AverageLatency(us)=7200.01] 
2014-07-20 11:42:56:231 30 sec: 107669 operations; 6299.77 current ops/sec; [INSERT AverageLatency(us)=16.67] [READ AverageLatency(us)=3705.28] 
2014-07-20 11:43:06:231 40 sec: 189419 operations; 8175 current ops/sec; [INSERT AverageLatency(us)=25.67] [READ AverageLatency(us)=3571.16] 
2014-07-20 11:43:16:232 50 sec: 308859 operations; 11942.81 current ops/sec; [INSERT AverageLatency(us)=12.85] [READ AverageLatency(us)=2752.88] 
2014-07-20 11:43:26:232 60 sec: 458964 operations; 15010.5 current ops/sec; [INSERT AverageLatency(us)=14.7] [READ AverageLatency(us)=2249.83] 
2014-07-20 11:43:36:233 70 sec: 665614 operations; 20662.93 current ops/sec; [INSERT AverageLatency(us)=12.26] [READ AverageLatency(us)=1666.3] 
2014-07-20 11:43:46:233 80 sec: 900512 operations; 23489.8 current ops/sec; [INSERT AverageLatency(us)=11.61] [READ AverageLatency(us)=1522.21] 
2014-07-20 11:43:56:234 90 sec: 1122732 operations; 22219.78 current ops/sec; [INSERT AverageLatency(us)=12.36] [READ AverageLatency(us)=1649.76] 
2014-07-20 11:44:06:234 100 sec: 1332562 operations; 20983 current ops/sec; [INSERT AverageLatency(us)=15.78] [READ AverageLatency(us)=1785.18] 
2014-07-20 11:44:16:235 110 sec: 1589233 operations; 25664.53 current ops/sec; [INSERT AverageLatency(us)=12.97] [READ AverageLatency(us)=1454.8] 
2014-07-20 11:44:26:235 120 sec: 1836730 operations; 24749.7 current ops/sec; [INSERT AverageLatency(us)=12.98] [READ AverageLatency(us)=1554.01] 
2014-07-20 11:44:36:236 130 sec: 2029309 operations; 19255.97 current ops/sec; [INSERT AverageLatency(us)=12.54] [READ AverageLatency(us)=2019.11] 
2014-07-20 11:44:46:236 140 sec: 2242272 operations; 21296.3 current ops/sec; [INSERT AverageLatency(us)=12.22] [READ AverageLatency(us)=1809.32] 
2014-07-20 11:44:56:237 150 sec: 2455540 operations; 21324.67 current ops/sec; [INSERT AverageLatency(us)=14.78] [READ AverageLatency(us)=1816.24] 
2014-07-20 11:45:06:237 160 sec: 2691283 operations; 23574.3 current ops/sec; [INSERT AverageLatency(us)=12.73] [READ AverageLatency(us)=1658.3] 
2014-07-20 11:45:16:238 170 sec: 2960124 operations; 26884.1 current ops/sec; [INSERT AverageLatency(us)=11.51] [READ AverageLatency(us)=1443.21] 
2014-07-20 11:45:26:238 180 sec: 3190210 operations; 23006.3 current ops/sec; [INSERT AverageLatency(us)=11.91] [READ AverageLatency(us)=1699.15] 
2014-07-20 11:45:36:238 190 sec: 3351262 operations; 16105.2 current ops/sec; [INSERT AverageLatency(us)=12.31] [READ AverageLatency(us)=2449.94] 
2014-07-20 11:45:46:239 200 sec: 3534087 operations; 18280.67 current ops/sec; [INSERT AverageLatency(us)=12.8] [READ AverageLatency(us)=2143.41] 
2014-07-20 11:45:56:239 210 sec: 3751084 operations; 21699.7 current ops/sec; [INSERT AverageLatency(us)=13.91] [READ AverageLatency(us)=1804.72] 
2014-07-20 11:46:06:240 220 sec: 3954895 operations; 20379.06 current ops/sec; [INSERT AverageLatency(us)=12.51] [READ AverageLatency(us)=1914.53] 
2014-07-20 11:46:16:240 230 sec: 4138457 operations; 18356.2 current ops/sec; [INSERT AverageLatency(us)=12.03] [READ AverageLatency(us)=2150.15] 
2014-07-20 11:46:26:241 240 sec: 4317822 operations; 17934.71 current ops/sec; [INSERT AverageLatency(us)=12.17] [READ AverageLatency(us)=2200.92] 
2014-07-20 11:46:36:241 250 sec: 4518901 operations; 20107.9 current ops/sec; [INSERT AverageLatency(us)=15.43] [READ AverageLatency(us)=1933.9] 
2014-07-20 11:46:46:242 260 sec: 4736852 operations; 21792.92 current ops/sec; [INSERT AverageLatency(us)=13.24] [READ AverageLatency(us)=1796.99] 
2014-07-20 11:46:56:242 270 sec: 4956445 operations; 21959.3 current ops/sec; [INSERT AverageLatency(us)=15.09] [READ AverageLatency(us)=1793.15] 
2014-07-20 11:47:06:243 280 sec: 5178349 operations; 22188.18 current ops/sec; [INSERT AverageLatency(us)=12.34] [READ AverageLatency(us)=1771.28] 
2014-07-20 11:47:16:243 290 sec: 5365274 operations; 18692.5 current ops/sec; [INSERT AverageLatency(us)=13.1] [READ AverageLatency(us)=2104.52] 
2014-07-20 11:47:26:244 300 sec: 5580492 operations; 21519.65 current ops/sec; [INSERT AverageLatency(us)=12.89] [READ AverageLatency(us)=1820.33] 
2014-07-20 11:47:36:244 310 sec: 5811245 operations; 23075.3 current ops/sec; [INSERT AverageLatency(us)=13.1] [READ AverageLatency(us)=1695.54] 
2014-07-20 11:47:46:245 320 sec: 6031589 operations; 22032.2 current ops/sec; [INSERT AverageLatency(us)=12.04] [READ AverageLatency(us)=1774.51] 
2014-07-20 11:47:56:245 330 sec: 6277688 operations; 24609.9 current ops/sec; [INSERT AverageLatency(us)=11.49] [READ AverageLatency(us)=1596.16] 
2014-07-20 11:48:06:246 340 sec: 6501506 operations; 22379.56 current ops/sec; [INSERT AverageLatency(us)=12.11] [READ AverageLatency(us)=1755.78] 
2014-07-20 11:48:16:246 350 sec: 6692256 operations; 19075 current ops/sec; [INSERT AverageLatency(us)=12.33] [READ AverageLatency(us)=2068.72] 
2014-07-20 11:48:26:247 360 sec: 6895478 operations; 20320.17 current ops/sec; [INSERT AverageLatency(us)=12.58] [READ AverageLatency(us)=1943.73] 
2014-07-20 11:48:36:247 370 sec: 7118006 operations; 22252.8 current ops/sec; [INSERT AverageLatency(us)=11.56] [READ AverageLatency(us)=1764.26] 
2014-07-20 11:48:46:248 380 sec: 7335126 operations; 21709.83 current ops/sec; [INSERT AverageLatency(us)=12.55] [READ AverageLatency(us)=1811.46] 
2014-07-20 11:48:56:248 390 sec: 7555436 operations; 22031 current ops/sec; [INSERT AverageLatency(us)=13.43] [READ AverageLatency(us)=1791.17] 
2014-07-20 11:49:06:249 400 sec: 7825050 operations; 26958.7 current ops/sec; [INSERT AverageLatency(us)=11.4] [READ AverageLatency(us)=1458.33] 
2014-07-20 11:49:16:249 410 sec: 8055564 operations; 23051.4 current ops/sec; [INSERT AverageLatency(us)=11.62] [READ AverageLatency(us)=1708.82] 
2014-07-20 11:49:26:250 420 sec: 8251188 operations; 19560.44 current ops/sec; [INSERT AverageLatency(us)=12.64] [READ AverageLatency(us)=2021.56] 
2014-07-20 11:49:36:250 430 sec: 8453649 operations; 20246.1 current ops/sec; [INSERT AverageLatency(us)=12.06] [READ AverageLatency(us)=1937.08] 
2014-07-20 11:49:46:251 440 sec: 8676911 operations; 22323.97 current ops/sec; [INSERT AverageLatency(us)=12.03] [READ AverageLatency(us)=1772.68] 
2014-07-20 11:49:56:251 450 sec: 8917640 operations; 24072.9 current ops/sec; [INSERT AverageLatency(us)=12.71] [READ AverageLatency(us)=1630.03] 
2014-07-20 11:50:06:252 460 sec: 9165707 operations; 24804.22 current ops/sec; [INSERT AverageLatency(us)=12.38] [READ AverageLatency(us)=1582.22] 
2014-07-20 11:50:16:252 470 sec: 9388643 operations; 22293.6 current ops/sec; [INSERT AverageLatency(us)=12.62] [READ AverageLatency(us)=1758.88] 
2014-07-20 11:50:26:253 480 sec: 9597454 operations; 20879.01 current ops/sec; [INSERT AverageLatency(us)=12.08] [READ AverageLatency(us)=1882.96] 
2014-07-20 11:50:36:253 490 sec: 9804269 operations; 20681.5 current ops/sec; [INSERT AverageLatency(us)=11.79] [READ AverageLatency(us)=1918.48] 
2014-07-20 11:50:46:254 500 sec: 10022352 operations; 21806.12 current ops/sec; [INSERT AverageLatency(us)=12.07] [READ AverageLatency(us)=1810.62] 
2014-07-20 11:50:56:254 510 sec: 10227961 operations; 20560.9 current ops/sec; [INSERT AverageLatency(us)=12.63] [READ AverageLatency(us)=1918.54] 
2014-07-20 11:51:06:255 520 sec: 10469982 operations; 24199.68 current ops/sec; [INSERT AverageLatency(us)=13.66] [READ AverageLatency(us)=1621.04] 
2014-07-20 11:51:16:255 530 sec: 10696455 operations; 22647.3 current ops/sec; [INSERT AverageLatency(us)=12.51] [READ AverageLatency(us)=1737.26] 
2014-07-20 11:51:26:256 540 sec: 10902075 operations; 20562 current ops/sec; [INSERT AverageLatency(us)=13.32] [READ AverageLatency(us)=1921.49] 
2014-07-20 11:51:36:256 550 sec: 11101278 operations; 19918.31 current ops/sec; [INSERT AverageLatency(us)=13.71] [READ AverageLatency(us)=1975.35] 
2014-07-20 11:51:46:256 560 sec: 11300412 operations; 19913.4 current ops/sec; [INSERT AverageLatency(us)=13.47] [READ AverageLatency(us)=1996.39] 
2014-07-20 11:51:56:257 570 sec: 11527461 operations; 22702.63 current ops/sec; [INSERT AverageLatency(us)=12.13] [READ AverageLatency(us)=1733.87] 
2014-07-20 11:52:06:257 580 sec: 11775129 operations; 24766.8 current ops/sec; [INSERT AverageLatency(us)=11.46] [READ AverageLatency(us)=1586.9] 
2014-07-20 11:52:16:258 590 sec: 12005916 operations; 23076.39 current ops/sec; [INSERT AverageLatency(us)=13.21] [READ AverageLatency(us)=1697.98] 
2014-07-20 11:52:26:258 600 sec: 12213166 operations; 20725 current ops/sec; [INSERT AverageLatency(us)=12.35] [READ AverageLatency(us)=1911.77] 
2014-07-20 11:52:36:259 610 sec: 12415222 operations; 20203.58 current ops/sec; [INSERT AverageLatency(us)=14.34] [READ AverageLatency(us)=1950.41] 
2014-07-20 11:52:46:259 620 sec: 12615911 operations; 20068.9 current ops/sec; [INSERT AverageLatency(us)=12.46] [READ AverageLatency(us)=1971.39] 
2014-07-20 11:52:56:260 630 sec: 12784645 operations; 16871.71 current ops/sec; [INSERT AverageLatency(us)=12.62] [READ AverageLatency(us)=2342.97] 
2014-07-20 11:53:06:260 640 sec: 12957272 operations; 17262.7 current ops/sec; [INSERT AverageLatency(us)=14.27] [READ AverageLatency(us)=2072.33] 
2014-07-20 11:53:16:261 650 sec: 13143059 operations; 18576.84 current ops/sec; [INSERT AverageLatency(us)=12.2] [READ AverageLatency(us)=2326.39] 
2014-07-20 11:53:26:261 660 sec: 13319982 operations; 17692.3 current ops/sec; [INSERT AverageLatency(us)=11.89] [READ AverageLatency(us)=2238.78] 
2014-07-20 11:53:36:262 670 sec: 13493194 operations; 17319.47 current ops/sec; [INSERT AverageLatency(us)=12.08] [READ AverageLatency(us)=2282.58] 
2014-07-20 11:53:46:417 680 sec: 13638129 operations; 14272.28 current ops/sec; [INSERT AverageLatency(us)=13.16] [READ AverageLatency(us)=2748.51] 
2014-07-20 11:53:56:418 690 sec: 13759728 operations; 12158.68 current ops/sec; [INSERT AverageLatency(us)=12.85] [READ AverageLatency(us)=3307.41] 
2014-07-20 11:54:06:418 700 sec: 13932340 operations; 17261.2 current ops/sec; [INSERT AverageLatency(us)=11.46] [READ AverageLatency(us)=2301.55] 
2014-07-20 11:54:16:419 710 sec: 14110603 operations; 17824.52 current ops/sec; [INSERT AverageLatency(us)=12.01] [READ AverageLatency(us)=2220.39] 
2014-07-20 11:54:26:419 720 sec: 14277448 operations; 16684.5 current ops/sec; [INSERT AverageLatency(us)=11.23] [READ AverageLatency(us)=2367.21] 
2014-07-20 11:54:36:420 730 sec: 14441831 operations; 16436.66 current ops/sec; [INSERT AverageLatency(us)=12.72] [READ AverageLatency(us)=2417.14] 
2014-07-20 11:54:46:420 740 sec: 14593842 operations; 15201.1 current ops/sec; [INSERT AverageLatency(us)=12.33] [READ AverageLatency(us)=2614.56] 
2014-07-20 11:54:56:421 750 sec: 14745911 operations; 15205.38 current ops/sec; [INSERT AverageLatency(us)=11.69] [READ AverageLatency(us)=2599.34] 
2014-07-20 11:55:06:421 760 sec: 14878614 operations; 13270.3 current ops/sec; [INSERT AverageLatency(us)=12.5] [READ AverageLatency(us)=2993.55] 
2014-07-20 11:55:16:422 770 sec: 15044143 operations; 16551.24 current ops/sec; [INSERT AverageLatency(us)=11.26] [READ AverageLatency(us)=2385.57] 
2014-07-20 11:55:26:422 780 sec: 15215837 operations; 17169.4 current ops/sec; [INSERT AverageLatency(us)=11.75] [READ AverageLatency(us)=2318.18] 
2014-07-20 11:55:36:423 790 sec: 15363200 operations; 14734.83 current ops/sec; [INSERT AverageLatency(us)=11.9] [READ AverageLatency(us)=2685.97] 
2014-07-20 11:55:46:423 800 sec: 15482139 operations; 11893.9 current ops/sec; [INSERT AverageLatency(us)=11.67] [READ AverageLatency(us)=3352.49] 
2014-07-20 11:55:56:424 810 sec: 15592188 operations; 11003.8 current ops/sec; [INSERT AverageLatency(us)=12.23] [READ AverageLatency(us)=3611.48] 
2014-07-20 11:56:06:424 820 sec: 15676306 operations; 8411.8 current ops/sec; [INSERT AverageLatency(us)=11.53] [READ AverageLatency(us)=4727.94] 
2014-07-20 11:56:16:425 830 sec: 15778683 operations; 10236.68 current ops/sec; [INSERT AverageLatency(us)=11.36] [READ AverageLatency(us)=3905.95] 
2014-07-20 11:56:26:425 840 sec: 15889156 operations; 11047.3 current ops/sec; [INSERT AverageLatency(us)=12.45] [READ AverageLatency(us)=3603.8] 
2014-07-20 11:56:36:426 850 sec: 15986728 operations; 9756.22 current ops/sec; [INSERT AverageLatency(us)=15.98] [READ AverageLatency(us)=4068.87] 
2014-07-20 11:56:46:426 860 sec: 16128233 operations; 14150.5 current ops/sec; [INSERT AverageLatency(us)=11.64] [READ AverageLatency(us)=2794.38] 
2014-07-20 11:56:56:427 870 sec: 16234955 operations; 10671.13 current ops/sec; [INSERT AverageLatency(us)=11.35] [READ AverageLatency(us)=3727.09] 
2014-07-20 11:57:06:427 880 sec: 16353546 operations; 11859.1 current ops/sec; [INSERT AverageLatency(us)=11.3] [READ AverageLatency(us)=3343.16] 
2014-07-20 11:57:16:428 890 sec: 16486189 operations; 13262.97 current ops/sec; [INSERT AverageLatency(us)=11.19] [READ AverageLatency(us)=3003.01] 
2014-07-20 11:57:26:428 900 sec: 16600218 operations; 11402.9 current ops/sec; [INSERT AverageLatency(us)=11.78] [READ AverageLatency(us)=3476.51] 
2014-07-20 11:57:36:429 910 sec: 16729270 operations; 12903.91 current ops/sec; [INSERT AverageLatency(us)=11.28] [READ AverageLatency(us)=3084.03] 
2014-07-20 11:57:46:429 920 sec: 16826154 operations; 9688.4 current ops/sec; [INSERT AverageLatency(us)=11.77] [READ AverageLatency(us)=4133.57] 
2014-07-20 11:57:56:430 930 sec: 16933878 operations; 10771.32 current ops/sec; [INSERT AverageLatency(us)=13.86] [READ AverageLatency(us)=3673.9] 
2014-07-20 11:58:06:430 940 sec: 17075113 operations; 14123.5 current ops/sec; [INSERT AverageLatency(us)=11.13] [READ AverageLatency(us)=2815.66] 
2014-07-20 11:58:16:431 950 sec: 17204323 operations; 12919.71 current ops/sec; [INSERT AverageLatency(us)=11.34] [READ AverageLatency(us)=3080.46] 
2014-07-20 11:58:26:431 960 sec: 17309340 operations; 10501.7 current ops/sec; [INSERT AverageLatency(us)=11.78] [READ AverageLatency(us)=3750.27] 
2014-07-20 11:58:36:432 970 sec: 17433767 operations; 12441.46 current ops/sec; [INSERT AverageLatency(us)=11.1] [READ AverageLatency(us)=3200.4] 
2014-07-20 11:58:46:432 980 sec: 17540355 operations; 10658.8 current ops/sec; [INSERT AverageLatency(us)=12.51] [READ AverageLatency(us)=3763.04] 
2014-07-20 11:58:56:433 990 sec: 17657579 operations; 11721.23 current ops/sec; [INSERT AverageLatency(us)=11.15] [READ AverageLatency(us)=3378.26] 
2014-07-20 11:59:06:433 1000 sec: 17782753 operations; 12517.4 current ops/sec; [INSERT AverageLatency(us)=11.01] [READ AverageLatency(us)=3191.49] 
2014-07-20 11:59:16:434 1010 sec: 17897566 operations; 11480.15 current ops/sec; [INSERT AverageLatency(us)=11.58] [READ AverageLatency(us)=3448.3] 
2014-07-20 11:59:26:434 1020 sec: 18023108 operations; 12554.2 current ops/sec; [INSERT AverageLatency(us)=11.32] [READ AverageLatency(us)=3173.73] 
2014-07-20 11:59:36:435 1030 sec: 18148768 operations; 12564.74 current ops/sec; [INSERT AverageLatency(us)=11.25] [READ AverageLatency(us)=3153.98] 
2014-07-20 11:59:46:435 1040 sec: 18261001 operations; 11223.3 current ops/sec; [INSERT AverageLatency(us)=11.7] [READ AverageLatency(us)=3539.69] 
2014-07-20 11:59:56:436 1050 sec: 18387344 operations; 12633.04 current ops/sec; [INSERT AverageLatency(us)=11.03] [READ AverageLatency(us)=3138.47] 
2014-07-20 12:00:06:436 1060 sec: 18512294 operations; 12495 current ops/sec; [INSERT AverageLatency(us)=11.12] [READ AverageLatency(us)=3187.11] 
2014-07-20 12:00:16:437 1070 sec: 18623081 operations; 11077.59 current ops/sec; [INSERT AverageLatency(us)=12.57] [READ AverageLatency(us)=3605.25] 
2014-07-20 12:00:26:437 1080 sec: 18750580 operations; 12749.9 current ops/sec; [INSERT AverageLatency(us)=11.36] [READ AverageLatency(us)=3114.42] 
2014-07-20 12:00:36:438 1090 sec: 18852789 operations; 10219.88 current ops/sec; [INSERT AverageLatency(us)=12.46] [READ AverageLatency(us)=3896.68] 
2014-07-20 12:00:46:438 1100 sec: 18970029 operations; 11724 current ops/sec; [INSERT AverageLatency(us)=11.23] [READ AverageLatency(us)=3414.35] 
2014-07-20 12:00:56:439 1110 sec: 19070937 operations; 10089.79 current ops/sec; [INSERT AverageLatency(us)=11.26] [READ AverageLatency(us)=3936.3] 
2014-07-20 12:01:06:439 1120 sec: 19172879 operations; 10194.2 current ops/sec; [INSERT AverageLatency(us)=12.49] [READ AverageLatency(us)=3909.4] 
2014-07-20 12:01:16:440 1130 sec: 19280946 operations; 10805.62 current ops/sec; [INSERT AverageLatency(us)=12.01] [READ AverageLatency(us)=3677.9] 
2014-07-20 12:01:26:440 1140 sec: 19381987 operations; 10104.1 current ops/sec; [INSERT AverageLatency(us)=11.69] [READ AverageLatency(us)=3965] 
2014-07-20 12:01:36:441 1150 sec: 19494739 operations; 11274.07 current ops/sec; [INSERT AverageLatency(us)=11.04] [READ AverageLatency(us)=3524.32] 
2014-07-20 12:01:46:441 1160 sec: 19599331 operations; 10459.2 current ops/sec; [INSERT AverageLatency(us)=11.58] [READ AverageLatency(us)=3824.93] 
2014-07-20 12:01:56:442 1170 sec: 19714126 operations; 11478.35 current ops/sec; [INSERT AverageLatency(us)=11.16] [READ AverageLatency(us)=3471.97] 
2014-07-20 12:02:06:442 1180 sec: 19824603 operations; 11047.7 current ops/sec; [INSERT AverageLatency(us)=12.17] [READ AverageLatency(us)=3596.4] 
2014-07-20 12:02:16:443 1190 sec: 19927789 operations; 10317.57 current ops/sec; [INSERT AverageLatency(us)=11.35] [READ AverageLatency(us)=3847.6] 
2014-07-20 12:02:26:443 1200 sec: 20037315 operations; 10952.6 current ops/sec; [INSERT AverageLatency(us)=11.28] [READ AverageLatency(us)=3618.36] 
2014-07-20 12:02:36:444 1210 sec: 20139020 operations; 10169.48 current ops/sec; [INSERT AverageLatency(us)=11.75] [READ AverageLatency(us)=3932.8] 
2014-07-20 12:02:46:444 1220 sec: 20249893 operations; 11087.3 current ops/sec; [INSERT AverageLatency(us)=11.15] [READ AverageLatency(us)=3563.18] 
2014-07-20 12:02:56:445 1230 sec: 20347761 operations; 9785.82 current ops/sec; [INSERT AverageLatency(us)=12.44] [READ AverageLatency(us)=4057.46] 
2014-07-20 12:03:06:445 1240 sec: 20447988 operations; 10022.7 current ops/sec; [INSERT AverageLatency(us)=12.32] [READ AverageLatency(us)=3969.79] 
2014-07-20 12:03:16:446 1250 sec: 20539660 operations; 9166.28 current ops/sec; [INSERT AverageLatency(us)=11.36] [READ AverageLatency(us)=4313.74] 
2014-07-20 12:03:26:446 1260 sec: 20634047 operations; 9438.7 current ops/sec; [INSERT AverageLatency(us)=10.91] [READ AverageLatency(us)=4238.66] 
2014-07-20 12:03:36:447 1270 sec: 20728842 operations; 9479.5 current ops/sec; [INSERT AverageLatency(us)=11.37] [READ AverageLatency(us)=4194.2] 
2014-07-20 12:03:46:447 1280 sec: 20834331 operations; 10547.85 current ops/sec; [INSERT AverageLatency(us)=11.98] [READ AverageLatency(us)=3769.53] 
2014-07-20 12:03:56:447 1290 sec: 20929458 operations; 9512.7 current ops/sec; [INSERT AverageLatency(us)=11.34] [READ AverageLatency(us)=4199.14] 
2014-07-20 12:04:06:448 1300 sec: 21025010 operations; 9554.24 current ops/sec; [INSERT AverageLatency(us)=11.14] [READ AverageLatency(us)=4172.26] 
2014-07-20 12:04:16:448 1310 sec: 21117899 operations; 9288.9 current ops/sec; [INSERT AverageLatency(us)=12.21] [READ AverageLatency(us)=4306.72] 
2014-07-20 12:04:26:449 1320 sec: 21168559 operations; 5065.49 current ops/sec; [INSERT AverageLatency(us)=11.2] [READ AverageLatency(us)=7846.79] 
2014-07-20 12:04:36:449 1330 sec: 21247032 operations; 7847.3 current ops/sec; [INSERT AverageLatency(us)=11.73] [READ AverageLatency(us)=5072.84] 
2014-07-20 12:04:46:450 1340 sec: 21346486 operations; 9944.41 current ops/sec; [INSERT AverageLatency(us)=11.71] [READ AverageLatency(us)=4001.48] 
2014-07-20 12:04:56:450 1350 sec: 21440751 operations; 9426.5 current ops/sec; [INSERT AverageLatency(us)=12.18] [READ AverageLatency(us)=4174.92] 
2014-07-20 12:05:06:451 1360 sec: 21532244 operations; 9148.39 current ops/sec; [INSERT AverageLatency(us)=11.82] [READ AverageLatency(us)=4391.46] 
2014-07-20 12:05:16:451 1370 sec: 21612166 operations; 7992.2 current ops/sec; [INSERT AverageLatency(us)=12.67] [READ AverageLatency(us)=4975.55] 
2014-07-20 12:05:26:452 1380 sec: 21709837 operations; 9766.12 current ops/sec; [INSERT AverageLatency(us)=12.66] [READ AverageLatency(us)=4096.56] 
2014-07-20 12:05:36:452 1390 sec: 21798151 operations; 8831.4 current ops/sec; [INSERT AverageLatency(us)=12.23] [READ AverageLatency(us)=4483.63] 
2014-07-20 12:05:46:453 1400 sec: 21884134 operations; 8597.44 current ops/sec; [INSERT AverageLatency(us)=11.46] [READ AverageLatency(us)=4483.35] 
2014-07-20 12:05:56:453 1410 sec: 21961896 operations; 7776.2 current ops/sec; [INSERT AverageLatency(us)=10.79] [READ AverageLatency(us)=5269.45] 
2014-07-20 12:06:06:454 1420 sec: 22039380 operations; 7747.63 current ops/sec; [INSERT AverageLatency(us)=12.44] [READ AverageLatency(us)=5174.55] 
2014-07-20 12:06:16:454 1430 sec: 22120685 operations; 8130.5 current ops/sec; [INSERT AverageLatency(us)=11.52] [READ AverageLatency(us)=4900.6] 
2014-07-20 12:06:26:455 1440 sec: 22203028 operations; 8233.48 current ops/sec; [INSERT AverageLatency(us)=11.06] [READ AverageLatency(us)=4821.17] 
2014-07-20 12:06:36:455 1450 sec: 22289403 operations; 8637.5 current ops/sec; [INSERT AverageLatency(us)=11.74] [READ AverageLatency(us)=4635.13] 
2014-07-20 12:06:46:456 1460 sec: 22367947 operations; 7853.61 current ops/sec; [INSERT AverageLatency(us)=11.42] [READ AverageLatency(us)=5064.62] 
2014-07-20 12:06:56:456 1470 sec: 22455411 operations; 8746.4 current ops/sec; [INSERT AverageLatency(us)=11.67] [READ AverageLatency(us)=4544.41] 
2014-07-20 12:07:06:457 1480 sec: 22539083 operations; 8366.36 current ops/sec; [INSERT AverageLatency(us)=12.35] [READ AverageLatency(us)=4768.24] 
2014-07-20 12:07:16:457 1490 sec: 22628266 operations; 8918.3 current ops/sec; [INSERT AverageLatency(us)=11.17] [READ AverageLatency(us)=4512.86] 
2014-07-20 12:07:26:458 1500 sec: 22712182 operations; 8390.76 current ops/sec; [INSERT AverageLatency(us)=13.02] [READ AverageLatency(us)=4708.46] 
2014-07-20 12:07:36:458 1510 sec: 22793109 operations; 8092.7 current ops/sec; [INSERT AverageLatency(us)=11.78] [READ AverageLatency(us)=4933.64] 
2014-07-20 12:07:46:459 1520 sec: 22834261 operations; 4114.79 current ops/sec; [INSERT AverageLatency(us)=10.88] [READ AverageLatency(us)=9713.81] 
2014-07-20 12:07:56:459 1530 sec: 22922011 operations; 8775 current ops/sec; [INSERT AverageLatency(us)=10.97] [READ AverageLatency(us)=4536.46] 
2014-07-20 12:08:06:460 1540 sec: 23013147 operations; 9112.69 current ops/sec; [INSERT AverageLatency(us)=10.78] [READ AverageLatency(us)=4372.86] 
2014-07-20 12:08:16:460 1550 sec: 23098372 operations; 8522.5 current ops/sec; [INSERT AverageLatency(us)=10.97] [READ AverageLatency(us)=4684.58] 
2014-07-20 12:08:26:461 1560 sec: 23176327 operations; 7794.72 current ops/sec; [INSERT AverageLatency(us)=10.59] [READ AverageLatency(us)=5076.35] 
2014-07-20 12:08:36:461 1570 sec: 23262937 operations; 8661 current ops/sec; [INSERT AverageLatency(us)=11.39] [READ AverageLatency(us)=4600.87] 
2014-07-20 12:08:46:462 1580 sec: 23348746 operations; 8580.04 current ops/sec; [INSERT AverageLatency(us)=10.92] [READ AverageLatency(us)=4618.46] 
2014-07-20 12:08:56:462 1590 sec: 23426380 operations; 7763.4 current ops/sec; [INSERT AverageLatency(us)=11.99] [READ AverageLatency(us)=5135.74] 
2014-07-20 12:09:06:463 1600 sec: 23500920 operations; 7453.25 current ops/sec; [INSERT AverageLatency(us)=12.28] [READ AverageLatency(us)=5338.64] 
2014-07-20 12:09:16:463 1610 sec: 23581236 operations; 8031.6 current ops/sec; [INSERT AverageLatency(us)=11.74] [READ AverageLatency(us)=4953.81] 
2014-07-20 12:09:26:464 1620 sec: 23658327 operations; 7708.33 current ops/sec; [INSERT AverageLatency(us)=10.85] [READ AverageLatency(us)=5189.72] 
2014-07-20 12:09:36:464 1630 sec: 23731458 operations; 7313.1 current ops/sec; [INSERT AverageLatency(us)=11.66] [READ AverageLatency(us)=5464.04] 
2014-07-20 12:09:46:465 1640 sec: 23816076 operations; 8460.95 current ops/sec; [INSERT AverageLatency(us)=11.06] [READ AverageLatency(us)=4715.6] 
2014-07-20 12:09:56:466 1650 sec: 23889441 operations; 7336.5 current ops/sec; [INSERT AverageLatency(us)=14.85] [READ AverageLatency(us)=5430.99] 
2014-07-20 12:10:06:466 1660 sec: 23978672 operations; 8922.21 current ops/sec; [INSERT AverageLatency(us)=10.95] [READ AverageLatency(us)=4429.79] 
2014-07-20 12:10:16:467 1670 sec: 24057789 operations; 7910.91 current ops/sec; [INSERT AverageLatency(us)=12.07] [READ AverageLatency(us)=5031.21] 
2014-07-20 12:10:26:467 1680 sec: 24139335 operations; 8154.6 current ops/sec; [INSERT AverageLatency(us)=12.3] [READ AverageLatency(us)=4894.91] 
2014-07-20 12:10:36:468 1690 sec: 24226719 operations; 8737.53 current ops/sec; [INSERT AverageLatency(us)=10.86] [READ AverageLatency(us)=4541.75] 
2014-07-20 12:10:46:469 1700 sec: 24309344 operations; 8261.67 current ops/sec; [INSERT AverageLatency(us)=11.31] [READ AverageLatency(us)=4829.8] 
2014-07-20 12:10:56:469 1710 sec: 24393274 operations; 8393 current ops/sec; [INSERT AverageLatency(us)=12.78] [READ AverageLatency(us)=4742.83] 
2014-07-20 12:11:06:470 1720 sec: 24480524 operations; 8725 current ops/sec; [INSERT AverageLatency(us)=12.36] [READ AverageLatency(us)=4567.73] 
2014-07-20 12:11:16:470 1730 sec: 24568770 operations; 8823.72 current ops/sec; [INSERT AverageLatency(us)=11.41] [READ AverageLatency(us)=4491.86] 
2014-07-20 12:11:26:471 1740 sec: 24642524 operations; 7375.4 current ops/sec; [INSERT AverageLatency(us)=11.17] [READ AverageLatency(us)=5420.88] 
2014-07-20 12:11:36:471 1750 sec: 24731487 operations; 8895.41 current ops/sec; [INSERT AverageLatency(us)=13.51] [READ AverageLatency(us)=4491.08] 
2014-07-20 12:11:46:472 1760 sec: 24814477 operations; 8298.17 current ops/sec; [INSERT AverageLatency(us)=11.11] [READ AverageLatency(us)=4795.65] 
2014-07-20 12:11:56:472 1770 sec: 24902405 operations; 8792.8 current ops/sec; [INSERT AverageLatency(us)=10.46] [READ AverageLatency(us)=4502.62] 
2014-07-20 12:12:06:473 1780 sec: 24978265 operations; 7585.24 current ops/sec; [INSERT AverageLatency(us)=12.15] [READ AverageLatency(us)=5273.24] 
2014-07-20 12:12:16:474 1790 sec: 25059870 operations; 8159.68 current ops/sec; [INSERT AverageLatency(us)=11.79] [READ AverageLatency(us)=4852.56] 
2014-07-20 12:12:26:474 1800 sec: 25143923 operations; 8405.3 current ops/sec; [INSERT AverageLatency(us)=10.65] [READ AverageLatency(us)=4750.28] 
2014-07-20 12:12:36:475 1810 sec: 25217036 operations; 7310.57 current ops/sec; [INSERT AverageLatency(us)=12.1] [READ AverageLatency(us)=5445.68] 
2014-07-20 12:12:46:475 1820 sec: 25298903 operations; 8186.7 current ops/sec; [INSERT AverageLatency(us)=11.42] [READ AverageLatency(us)=4860.74] 
2014-07-20 12:12:56:476 1830 sec: 25374564 operations; 7565.34 current ops/sec; [INSERT AverageLatency(us)=11.01] [READ AverageLatency(us)=5296.67] 
2014-07-20 12:13:06:477 1840 sec: 25454812 operations; 8024 current ops/sec; [INSERT AverageLatency(us)=11.49] [READ AverageLatency(us)=4940] 
2014-07-20 12:13:16:477 1850 sec: 25532760 operations; 7794.8 current ops/sec; [INSERT AverageLatency(us)=10.83] [READ AverageLatency(us)=5051.93] 
2014-07-20 12:13:26:478 1860 sec: 25608961 operations; 7619.34 current ops/sec; [INSERT AverageLatency(us)=10.89] [READ AverageLatency(us)=5251.78] 
2014-07-20 12:13:36:478 1870 sec: 25688104 operations; 7914.3 current ops/sec; [INSERT AverageLatency(us)=10.28] [READ AverageLatency(us)=5031.8] 
2014-07-20 12:13:46:479 1880 sec: 25760973 operations; 7286.17 current ops/sec; [INSERT AverageLatency(us)=11.21] [READ AverageLatency(us)=5423] 
2014-07-20 12:13:56:479 1890 sec: 25837015 operations; 7604.2 current ops/sec; [INSERT AverageLatency(us)=10.39] [READ AverageLatency(us)=5226.04] 
2014-07-20 12:14:06:480 1900 sec: 25914472 operations; 7744.93 current ops/sec; [INSERT AverageLatency(us)=11.87] [READ AverageLatency(us)=5065.95] 
2014-07-20 12:14:16:480 1910 sec: 25995242 operations; 8077 current ops/sec; [INSERT AverageLatency(us)=12.16] [READ AverageLatency(us)=5012.5] 
2014-07-20 12:14:26:481 1920 sec: 26074634 operations; 7938.41 current ops/sec; [INSERT AverageLatency(us)=10.55] [READ AverageLatency(us)=4906.53] 
2014-07-20 12:14:36:481 1930 sec: 26146069 operations; 7143.5 current ops/sec; [INSERT AverageLatency(us)=10.97] [READ AverageLatency(us)=5721.47] 
2014-07-20 12:14:46:482 1940 sec: 26227093 operations; 8101.59 current ops/sec; [INSERT AverageLatency(us)=12.72] [READ AverageLatency(us)=4946.69] 
2014-07-20 12:14:56:483 1950 sec: 26306315 operations; 7921.41 current ops/sec; [INSERT AverageLatency(us)=11.55] [READ AverageLatency(us)=5024.34] 
2014-07-20 12:15:06:483 1960 sec: 26384844 operations; 7852.9 current ops/sec; [INSERT AverageLatency(us)=11.2] [READ AverageLatency(us)=5044.38] 
2014-07-20 12:15:16:484 1970 sec: 26463466 operations; 7861.41 current ops/sec; [INSERT AverageLatency(us)=10.81] [READ AverageLatency(us)=5058.21] 
2014-07-20 12:15:26:484 1980 sec: 26531366 operations; 6790 current ops/sec; [INSERT AverageLatency(us)=11.64] [READ AverageLatency(us)=5893.97] 
2014-07-20 12:15:36:485 1990 sec: 26609844 operations; 7847.02 current ops/sec; [INSERT AverageLatency(us)=10.79] [READ AverageLatency(us)=5096.59] 
2014-07-20 12:15:46:485 2000 sec: 26677868 operations; 6802.4 current ops/sec; [INSERT AverageLatency(us)=11.66] [READ AverageLatency(us)=5853.65] 
2014-07-20 12:15:56:486 2010 sec: 26746531 operations; 6865.61 current ops/sec; [INSERT AverageLatency(us)=11.2] [READ AverageLatency(us)=5839.95] 
2014-07-20 12:16:06:486 2020 sec: 26820233 operations; 7370.2 current ops/sec; [INSERT AverageLatency(us)=12.41] [READ AverageLatency(us)=5374.28] 
2014-07-20 12:16:16:487 2030 sec: 26895399 operations; 7515.85 current ops/sec; [INSERT AverageLatency(us)=12.32] [READ AverageLatency(us)=5318.48] 
2014-07-20 12:16:26:487 2040 sec: 26974759 operations; 7936 current ops/sec; [INSERT AverageLatency(us)=11.51] [READ AverageLatency(us)=5041.66] 
2014-07-20 12:16:36:488 2050 sec: 27047456 operations; 7268.97 current ops/sec; [INSERT AverageLatency(us)=12.72] [READ AverageLatency(us)=5492.94] 
2014-07-20 12:16:46:488 2060 sec: 27123250 operations; 7579.4 current ops/sec; [INSERT AverageLatency(us)=11.76] [READ AverageLatency(us)=5276.55] 
2014-07-20 12:16:56:489 2070 sec: 27198448 operations; 7519.05 current ops/sec; [INSERT AverageLatency(us)=11.9] [READ AverageLatency(us)=5314.4] 
2014-07-20 12:17:06:490 2080 sec: 27268186 operations; 6973.1 current ops/sec; [INSERT AverageLatency(us)=12.07] [READ AverageLatency(us)=5705.72] 
2014-07-20 12:17:16:490 2090 sec: 27345749 operations; 7756.3 current ops/sec; [INSERT AverageLatency(us)=11.96] [READ AverageLatency(us)=5108.26] 
2014-07-20 12:17:26:491 2100 sec: 27420489 operations; 7473.25 current ops/sec; [INSERT AverageLatency(us)=12.73] [READ AverageLatency(us)=5323.88] 
2014-07-20 12:17:36:491 2110 sec: 27499679 operations; 7919 current ops/sec; [INSERT AverageLatency(us)=11.13] [READ AverageLatency(us)=5045.96] 
2014-07-20 12:17:46:492 2120 sec: 27572226 operations; 7253.97 current ops/sec; [INSERT AverageLatency(us)=11.02] [READ AverageLatency(us)=5478.81] 
2014-07-20 12:17:56:492 2130 sec: 27643564 operations; 7133.8 current ops/sec; [INSERT AverageLatency(us)=11.52] [READ AverageLatency(us)=5592.7] 
2014-07-20 12:18:06:493 2140 sec: 27720528 operations; 7695.63 current ops/sec; [INSERT AverageLatency(us)=11.61] [READ AverageLatency(us)=5161.91] 
2014-07-20 12:18:16:493 2150 sec: 27793514 operations; 7298.6 current ops/sec; [INSERT AverageLatency(us)=12.14] [READ AverageLatency(us)=5454.96] 
2014-07-20 12:18:26:494 2160 sec: 27865768 operations; 7224.68 current ops/sec; [INSERT AverageLatency(us)=11.36] [READ AverageLatency(us)=5508.92] 
2014-07-20 12:18:36:494 2170 sec: 27945960 operations; 8019.2 current ops/sec; [INSERT AverageLatency(us)=10.7] [READ AverageLatency(us)=4951.78] 
2014-07-20 12:18:46:495 2180 sec: 28017832 operations; 7186.48 current ops/sec; [INSERT AverageLatency(us)=13.64] [READ AverageLatency(us)=5508.51] 
2014-07-20 12:18:56:495 2190 sec: 28087251 operations; 6941.9 current ops/sec; [INSERT AverageLatency(us)=10.68] [READ AverageLatency(us)=5750.67] 
2014-07-20 12:19:06:496 2200 sec: 28159315 operations; 7205.68 current ops/sec; [INSERT AverageLatency(us)=12.72] [READ AverageLatency(us)=5571.9] 
2014-07-20 12:19:16:496 2210 sec: 28229101 operations; 6978.6 current ops/sec; [INSERT AverageLatency(us)=10.88] [READ AverageLatency(us)=5699.86] 
2014-07-20 12:19:26:497 2220 sec: 28302282 operations; 7317.37 current ops/sec; [INSERT AverageLatency(us)=12.29] [READ AverageLatency(us)=5464.54] 
2014-07-20 12:19:36:497 2230 sec: 28371112 operations; 6883 current ops/sec; [INSERT AverageLatency(us)=12.93] [READ AverageLatency(us)=5697.77] 
2014-07-20 12:19:46:498 2240 sec: 28446417 operations; 7530.5 current ops/sec; [INSERT AverageLatency(us)=11.77] [READ AverageLatency(us)=5400.02] 
2014-07-20 12:19:56:498 2250 sec: 28519492 operations; 7306.77 current ops/sec; [INSERT AverageLatency(us)=11.51] [READ AverageLatency(us)=5436.8] 
2014-07-20 12:20:06:498 2260 sec: 28591030 operations; 7153.8 current ops/sec; [INSERT AverageLatency(us)=11.46] [READ AverageLatency(us)=5578.13] 
2014-07-20 12:20:16:499 2270 sec: 28662102 operations; 7106.49 current ops/sec; [INSERT AverageLatency(us)=15.48] [READ AverageLatency(us)=5578.29] 
2014-07-20 12:20:26:499 2280 sec: 28738081 operations; 7597.9 current ops/sec; [INSERT AverageLatency(us)=10.78] [READ AverageLatency(us)=5325.79] 
2014-07-20 12:20:36:500 2290 sec: 28810512 operations; 7242.38 current ops/sec; [INSERT AverageLatency(us)=11.3] [READ AverageLatency(us)=5493.74] 
2014-07-20 12:20:46:500 2300 sec: 28889042 operations; 7853 current ops/sec; [INSERT AverageLatency(us)=10.53] [READ AverageLatency(us)=5091.4] 
2014-07-20 12:20:56:501 2310 sec: 28954635 operations; 6558.64 current ops/sec; [INSERT AverageLatency(us)=11.72] [READ AverageLatency(us)=6067.84] 
2014-07-20 12:21:06:501 2320 sec: 29030910 operations; 7627.5 current ops/sec; [INSERT AverageLatency(us)=11.8] [READ AverageLatency(us)=5128.69] 
2014-07-20 12:21:16:502 2330 sec: 29107386 operations; 7646.84 current ops/sec; [INSERT AverageLatency(us)=12.15] [READ AverageLatency(us)=5254.09] 
2014-07-20 12:21:26:502 2340 sec: 29177738 operations; 7035.2 current ops/sec; [INSERT AverageLatency(us)=12.13] [READ AverageLatency(us)=5645.84] 
2014-07-20 12:21:36:503 2350 sec: 29253375 operations; 7562.94 current ops/sec; [INSERT AverageLatency(us)=11.32] [READ AverageLatency(us)=5292.78] 
2014-07-20 12:21:46:503 2360 sec: 29327308 operations; 7393.3 current ops/sec; [INSERT AverageLatency(us)=12.36] [READ AverageLatency(us)=5378.1] 
2014-07-20 12:21:56:504 2370 sec: 29396147 operations; 6883.21 current ops/sec; [INSERT AverageLatency(us)=12.87] [READ AverageLatency(us)=5776.25] 
2014-07-20 12:22:06:504 2380 sec: 29466298 operations; 7015.1 current ops/sec; [INSERT AverageLatency(us)=11.52] [READ AverageLatency(us)=5661.77] 
2014-07-20 12:22:16:505 2390 sec: 29543423 operations; 7711.73 current ops/sec; [INSERT AverageLatency(us)=11.37] [READ AverageLatency(us)=5174.31] 
2014-07-20 12:22:26:505 2400 sec: 29611675 operations; 6825.2 current ops/sec; [INSERT AverageLatency(us)=12] [READ AverageLatency(us)=5841.64] 
2014-07-20 12:22:36:506 2410 sec: 29680553 operations; 6887.11 current ops/sec; [INSERT AverageLatency(us)=11.63] [READ AverageLatency(us)=5798.89] 
2014-07-20 12:22:46:506 2420 sec: 29741437 operations; 6088.4 current ops/sec; [INSERT AverageLatency(us)=10.88] [READ AverageLatency(us)=5275.16] 
2014-07-20 12:22:56:507 2430 sec: 29790104 operations; 4866.21 current ops/sec; [INSERT AverageLatency(us)=12] [READ AverageLatency(us)=9864.5] 
2014-07-20 12:23:06:507 2440 sec: 29846165 operations; 5606.1 current ops/sec; [INSERT AverageLatency(us)=12.21] [READ AverageLatency(us)=6284.29] 
2014-07-20 12:23:16:508 2450 sec: 29879289 operations; 3312.07 current ops/sec; [INSERT AverageLatency(us)=11.09] [READ AverageLatency(us)=13528.58] 
2014-07-20 12:23:26:508 2460 sec: 29948150 operations; 6886.1 current ops/sec; [INSERT AverageLatency(us)=11.88] [READ AverageLatency(us)=5762.18] 
2014-07-20 12:23:36:509 2470 sec: 30018616 operations; 7045.9 current ops/sec; [INSERT AverageLatency(us)=11.64] [READ AverageLatency(us)=5548.5] 
2014-07-20 12:23:46:509 2480 sec: 30087453 operations; 6883.7 current ops/sec; [INSERT AverageLatency(us)=11.75] [READ AverageLatency(us)=5882.31] 
2014-07-20 12:23:56:510 2490 sec: 30157499 operations; 7004.6 current ops/sec; [INSERT AverageLatency(us)=11.03] [READ AverageLatency(us)=5677.69] 
2014-07-20 12:24:06:510 2500 sec: 30225525 operations; 6801.92 current ops/sec; [INSERT AverageLatency(us)=11.8] [READ AverageLatency(us)=5856.34] 
2014-07-20 12:24:16:510 2510 sec: 30289693 operations; 6416.8 current ops/sec; [INSERT AverageLatency(us)=11.44] [READ AverageLatency(us)=6206.05] 
2014-07-20 12:24:26:511 2520 sec: 30354435 operations; 6473.55 current ops/sec; [INSERT AverageLatency(us)=10.62] [READ AverageLatency(us)=6144.22] 
2014-07-20 12:24:36:511 2530 sec: 30422656 operations; 6822.1 current ops/sec; [INSERT AverageLatency(us)=11.23] [READ AverageLatency(us)=5833.33] 
2014-07-20 12:24:46:512 2540 sec: 30473081 operations; 5042 current ops/sec; [INSERT AverageLatency(us)=11.86] [READ AverageLatency(us)=7969.45] 
2014-07-20 12:24:56:512 2550 sec: 30538684 operations; 6560.3 current ops/sec; [INSERT AverageLatency(us)=11.09] [READ AverageLatency(us)=6086.24] 
2014-07-20 12:25:06:513 2560 sec: 30604278 operations; 6558.74 current ops/sec; [INSERT AverageLatency(us)=10.8] [READ AverageLatency(us)=6051.04] 
2014-07-20 12:25:16:513 2570 sec: 30675525 operations; 7124.7 current ops/sec; [INSERT AverageLatency(us)=10.96] [READ AverageLatency(us)=5596.28] 
2014-07-20 12:25:26:514 2580 sec: 30745298 operations; 6976.6 current ops/sec; [INSERT AverageLatency(us)=12.21] [READ AverageLatency(us)=5740.93] 
2014-07-20 12:25:36:514 2590 sec: 30816053 operations; 7075.5 current ops/sec; [INSERT AverageLatency(us)=11.2] [READ AverageLatency(us)=5615.91] 
2014-07-20 12:25:46:515 2600 sec: 30884407 operations; 6834.72 current ops/sec; [INSERT AverageLatency(us)=11.43] [READ AverageLatency(us)=5819.45] 
2014-07-20 12:25:56:515 2610 sec: 30951440 operations; 6703.3 current ops/sec; [INSERT AverageLatency(us)=12.94] [READ AverageLatency(us)=5964.72] 
2014-07-20 12:26:06:516 2620 sec: 31021581 operations; 7014.1 current ops/sec; [INSERT AverageLatency(us)=12.61] [READ AverageLatency(us)=5669.93] 
2014-07-20 12:26:16:516 2630 sec: 31087815 operations; 6622.74 current ops/sec; [INSERT AverageLatency(us)=14.88] [READ AverageLatency(us)=6026.51] 
2014-07-20 12:26:26:516 2640 sec: 31157702 operations; 6988.7 current ops/sec; [INSERT AverageLatency(us)=12.68] [READ AverageLatency(us)=5738.52] 
2014-07-20 12:26:36:517 2650 sec: 31219214 operations; 6150.58 current ops/sec; [INSERT AverageLatency(us)=13.57] [READ AverageLatency(us)=6528.27] 
2014-07-20 12:26:46:517 2660 sec: 31290425 operations; 7121.1 current ops/sec; [INSERT AverageLatency(us)=10.58] [READ AverageLatency(us)=5591.85] 
2014-07-20 12:26:56:518 2670 sec: 31357488 operations; 6705.63 current ops/sec; [INSERT AverageLatency(us)=11.79] [READ AverageLatency(us)=5927.84] 
2014-07-20 12:27:06:518 2680 sec: 31420937 operations; 6344.9 current ops/sec; [INSERT AverageLatency(us)=12.69] [READ AverageLatency(us)=6322.5] 
2014-07-20 12:27:16:529 2690 sec: 31483374 operations; 6236.84 current ops/sec; [INSERT AverageLatency(us)=10.83] [READ AverageLatency(us)=6358] 
2014-07-20 12:27:26:530 2700 sec: 31553642 operations; 7026.1 current ops/sec; [INSERT AverageLatency(us)=11.21] [READ AverageLatency(us)=5667.33] 
2014-07-20 12:27:36:530 2710 sec: 31613725 operations; 6008.3 current ops/sec; [INSERT AverageLatency(us)=12.23] [READ AverageLatency(us)=6635.76] 
2014-07-20 12:27:46:531 2720 sec: 31681332 operations; 6760.02 current ops/sec; [INSERT AverageLatency(us)=12.04] [READ AverageLatency(us)=5889.18] 
2014-07-20 12:27:56:531 2730 sec: 31752374 operations; 7104.2 current ops/sec; [INSERT AverageLatency(us)=12.43] [READ AverageLatency(us)=5619.15] 
2014-07-20 12:28:06:532 2740 sec: 31821665 operations; 6928.41 current ops/sec; [INSERT AverageLatency(us)=14.74] [READ AverageLatency(us)=5754.05] 
2014-07-20 12:28:16:532 2750 sec: 31888591 operations; 6692.6 current ops/sec; [INSERT AverageLatency(us)=11.62] [READ AverageLatency(us)=5946.32] 
2014-07-20 12:28:26:533 2760 sec: 31957893 operations; 6929.51 current ops/sec; [INSERT AverageLatency(us)=11.83] [READ AverageLatency(us)=5761.81] 
2014-07-20 12:28:36:533 2770 sec: 32023163 operations; 6527 current ops/sec; [INSERT AverageLatency(us)=11.54] [READ AverageLatency(us)=6103.45] 
2014-07-20 12:28:46:534 2780 sec: 32090987 operations; 6781.72 current ops/sec; [INSERT AverageLatency(us)=11.18] [READ AverageLatency(us)=5868.69] 
2014-07-20 12:28:56:534 2790 sec: 32155962 operations; 6497.5 current ops/sec; [INSERT AverageLatency(us)=11.38] [READ AverageLatency(us)=6133.09] 
2014-07-20 12:29:06:535 2800 sec: 32214179 operations; 5821.7 current ops/sec; [INSERT AverageLatency(us)=12.19] [READ AverageLatency(us)=6857.59] 
2014-07-20 12:29:16:535 2810 sec: 32256054 operations; 4187.08 current ops/sec; [INSERT AverageLatency(us)=12.68] [READ AverageLatency(us)=9468.38] 
2014-07-20 12:29:26:535 2820 sec: 32324719 operations; 6866.5 current ops/sec; [INSERT AverageLatency(us)=12.03] [READ AverageLatency(us)=5848.21] 
2014-07-20 12:29:36:536 2830 sec: 32360330 operations; 3560.74 current ops/sec; [INSERT AverageLatency(us)=12.86] [READ AverageLatency(us)=5873.84] 
2014-07-20 12:29:46:536 2840 sec: 32411993 operations; 5166.3 current ops/sec; [INSERT AverageLatency(us)=13.19] [READ AverageLatency(us)=11434.58] 
2014-07-20 12:29:56:537 2850 sec: 32483936 operations; 7193.58 current ops/sec; [INSERT AverageLatency(us)=12.35] [READ AverageLatency(us)=5549.66] 
2014-07-20 12:30:06:537 2860 sec: 32552033 operations; 6809.7 current ops/sec; [INSERT AverageLatency(us)=12.93] [READ AverageLatency(us)=5827.75] 
2014-07-20 12:30:16:538 2870 sec: 32622225 operations; 7018.5 current ops/sec; [INSERT AverageLatency(us)=10.79] [READ AverageLatency(us)=5685] 
2014-07-20 12:30:26:538 2880 sec: 32689258 operations; 6703.3 current ops/sec; [INSERT AverageLatency(us)=12.45] [READ AverageLatency(us)=5911.59] 
2014-07-20 12:30:36:539 2890 sec: 32751520 operations; 6225.58 current ops/sec; [INSERT AverageLatency(us)=12.15] [READ AverageLatency(us)=6405.73] 
2014-07-20 12:30:46:539 2900 sec: 32814955 operations; 6343.5 current ops/sec; [INSERT AverageLatency(us)=12.05] [READ AverageLatency(us)=6259.8] 
2014-07-20 12:30:56:539 2910 sec: 32880019 operations; 6506.4 current ops/sec; [INSERT AverageLatency(us)=11.5] [READ AverageLatency(us)=6126.64] 
2014-07-20 12:31:06:540 2920 sec: 32941488 operations; 6146.29 current ops/sec; [INSERT AverageLatency(us)=10.84] [READ AverageLatency(us)=6471.05] 
2014-07-20 12:31:16:540 2930 sec: 33010470 operations; 6898.2 current ops/sec; [INSERT AverageLatency(us)=11.14] [READ AverageLatency(us)=5752.46] 
2014-07-20 12:31:26:541 2940 sec: 33076277 operations; 6580.04 current ops/sec; [INSERT AverageLatency(us)=12.75] [READ AverageLatency(us)=6110.42] 
2014-07-20 12:31:36:541 2950 sec: 33142678 operations; 6640.1 current ops/sec; [INSERT AverageLatency(us)=11.87] [READ AverageLatency(us)=6000.01] 
2014-07-20 12:31:46:542 2960 sec: 33209564 operations; 6687.93 current ops/sec; [INSERT AverageLatency(us)=11.19] [READ AverageLatency(us)=5931.24] 
2014-07-20 12:31:56:542 2970 sec: 33280399 operations; 7083.5 current ops/sec; [INSERT AverageLatency(us)=12.37] [READ AverageLatency(us)=5642.12] 
2014-07-20 12:32:06:542 2980 sec: 33349691 operations; 6929.2 current ops/sec; [INSERT AverageLatency(us)=12.29] [READ AverageLatency(us)=5735.4] 
2014-07-20 12:32:16:543 2990 sec: 33420223 operations; 7052.49 current ops/sec; [INSERT AverageLatency(us)=12.68] [READ AverageLatency(us)=5660.47] 
2014-07-20 12:32:26:543 3000 sec: 33483618 operations; 6339.5 current ops/sec; [INSERT AverageLatency(us)=11.31] [READ AverageLatency(us)=6281.35] 
2014-07-20 12:32:36:544 3010 sec: 33555134 operations; 7150.88 current ops/sec; [INSERT AverageLatency(us)=12.51] [READ AverageLatency(us)=5548.77] 
2014-07-20 12:32:46:544 3020 sec: 33616747 operations; 6161.3 current ops/sec; [INSERT AverageLatency(us)=12.36] [READ AverageLatency(us)=6483.18] 
2014-07-20 12:32:56:545 3030 sec: 33686144 operations; 6939.01 current ops/sec; [INSERT AverageLatency(us)=13.64] [READ AverageLatency(us)=5739.02] 
2014-07-20 12:33:06:545 3040 sec: 33757938 operations; 7179.4 current ops/sec; [INSERT AverageLatency(us)=11.38] [READ AverageLatency(us)=5547.72] 
2014-07-20 12:33:16:545 3050 sec: 33828327 operations; 7038.9 current ops/sec; [INSERT AverageLatency(us)=11.55] [READ AverageLatency(us)=5677.23] 
2014-07-20 12:33:26:546 3060 sec: 33895217 operations; 6688.33 current ops/sec; [INSERT AverageLatency(us)=11.94] [READ AverageLatency(us)=5917.65] 
2014-07-20 12:33:36:546 3070 sec: 33961411 operations; 6619.4 current ops/sec; [INSERT AverageLatency(us)=11.27] [READ AverageLatency(us)=6019.44] 
2014-07-20 12:33:46:547 3080 sec: 34025967 operations; 6454.95 current ops/sec; [INSERT AverageLatency(us)=11.67] [READ AverageLatency(us)=6188.99] 
2014-07-20 12:33:56:547 3090 sec: 34094593 operations; 6862.6 current ops/sec; [INSERT AverageLatency(us)=11.36] [READ AverageLatency(us)=5816.63] 
2014-07-20 12:34:06:548 3100 sec: 34163769 operations; 6916.91 current ops/sec; [INSERT AverageLatency(us)=10.67] [READ AverageLatency(us)=5743.52] 
2014-07-20 12:34:16:548 3110 sec: 34232284 operations; 6851.5 current ops/sec; [INSERT AverageLatency(us)=11.49] [READ AverageLatency(us)=5867.99] 
2014-07-20 12:34:26:549 3120 sec: 34305138 operations; 7285.4 current ops/sec; [INSERT AverageLatency(us)=10.9] [READ AverageLatency(us)=5473.46] 
2014-07-20 12:34:36:549 3130 sec: 34370593 operations; 6544.85 current ops/sec; [INSERT AverageLatency(us)=11.95] [READ AverageLatency(us)=6133.99] 
2014-07-20 12:34:46:549 3140 sec: 34440142 operations; 6954.9 current ops/sec; [INSERT AverageLatency(us)=10.94] [READ AverageLatency(us)=5724.19] 
2014-07-20 12:34:56:550 3150 sec: 34509916 operations; 6976.7 current ops/sec; [INSERT AverageLatency(us)=11.63] [READ AverageLatency(us)=5737.37] 
2014-07-20 12:35:06:550 3160 sec: 34576760 operations; 6684.4 current ops/sec; [INSERT AverageLatency(us)=11.8] [READ AverageLatency(us)=5969.44] 
2014-07-20 12:35:16:571 3170 sec: 34633609 operations; 5672.99 current ops/sec; [INSERT AverageLatency(us)=11.99] [READ AverageLatency(us)=5710.82] 
2014-07-20 12:35:26:572 3180 sec: 34675904 operations; 4229.08 current ops/sec; [INSERT AverageLatency(us)=11.78] [READ AverageLatency(us)=11287.42] 
2014-07-20 12:35:36:589 3190 sec: 34742563 operations; 6654.59 current ops/sec; [INSERT AverageLatency(us)=12.23] [READ AverageLatency(us)=5989.84] 
2014-07-20 12:35:46:589 3200 sec: 34813228 operations; 7066.5 current ops/sec; [INSERT AverageLatency(us)=12.3] [READ AverageLatency(us)=5659.87] 
2014-07-20 12:35:56:590 3210 sec: 34869746 operations; 5651.23 current ops/sec; [INSERT AverageLatency(us)=10.98] [READ AverageLatency(us)=6966] 
2014-07-20 12:36:06:590 3220 sec: 34935552 operations; 6580.6 current ops/sec; [INSERT AverageLatency(us)=11.77] [READ AverageLatency(us)=6122.26] 
2014-07-20 12:36:16:591 3230 sec: 34999042 operations; 6348.37 current ops/sec; [INSERT AverageLatency(us)=11.94] [READ AverageLatency(us)=6177.44] 
2014-07-20 12:36:26:601 3240 sec: 35059724 operations; 6062.14 current ops/sec; [INSERT AverageLatency(us)=11.56] [READ AverageLatency(us)=6641.74] 
2014-07-20 12:36:36:602 3250 sec: 35123072 operations; 6334.17 current ops/sec; [INSERT AverageLatency(us)=12.17] [READ AverageLatency(us)=6321.26] 
2014-07-20 12:36:46:602 3260 sec: 35187800 operations; 6472.8 current ops/sec; [INSERT AverageLatency(us)=11.88] [READ AverageLatency(us)=6197.24] 
2014-07-20 12:36:56:603 3270 sec: 35246786 operations; 5898.01 current ops/sec; [INSERT AverageLatency(us)=11.93] [READ AverageLatency(us)=6793.08] 
2014-07-20 12:37:06:603 3280 sec: 35314644 operations; 6785.8 current ops/sec; [INSERT AverageLatency(us)=12.13] [READ AverageLatency(us)=5868.91] 
2014-07-20 12:37:16:604 3290 sec: 35379928 operations; 6527.75 current ops/sec; [INSERT AverageLatency(us)=12] [READ AverageLatency(us)=6130.97] 
2014-07-20 12:37:26:604 3300 sec: 35447336 operations; 6740.8 current ops/sec; [INSERT AverageLatency(us)=10.99] [READ AverageLatency(us)=5873.33] 
2014-07-20 12:37:36:605 3310 sec: 35512626 operations; 6529 current ops/sec; [INSERT AverageLatency(us)=11.61] [READ AverageLatency(us)=6112.11] 
2014-07-20 12:37:46:605 3320 sec: 35573808 operations; 6117.59 current ops/sec; [INSERT AverageLatency(us)=11.82] [READ AverageLatency(us)=6413.9] 
2014-07-20 12:37:56:605 3330 sec: 35637143 operations; 6333.5 current ops/sec; [INSERT AverageLatency(us)=10.68] [READ AverageLatency(us)=6347.86] 
2014-07-20 12:38:06:606 3340 sec: 35703585 operations; 6643.54 current ops/sec; [INSERT AverageLatency(us)=11.26] [READ AverageLatency(us)=6016.16] 
2014-07-20 12:38:16:606 3350 sec: 35766036 operations; 6245.1 current ops/sec; [INSERT AverageLatency(us)=10.84] [READ AverageLatency(us)=6403.46] 
2014-07-20 12:38:26:607 3360 sec: 35828835 operations; 6279.27 current ops/sec; [INSERT AverageLatency(us)=11.55] [READ AverageLatency(us)=6367.88] 
2014-07-20 12:38:36:607 3370 sec: 35896389 operations; 6755.4 current ops/sec; [INSERT AverageLatency(us)=11.95] [READ AverageLatency(us)=5879.61] 
2014-07-20 12:38:46:608 3380 sec: 35954005 operations; 5761.02 current ops/sec; [INSERT AverageLatency(us)=11.18] [READ AverageLatency(us)=6948.79] 
2014-07-20 12:38:56:608 3390 sec: 36017990 operations; 6398.5 current ops/sec; [INSERT AverageLatency(us)=11.63] [READ AverageLatency(us)=6207.01] 
2014-07-20 12:39:06:609 3400 sec: 36084316 operations; 6631.94 current ops/sec; [INSERT AverageLatency(us)=11.72] [READ AverageLatency(us)=6012.42] 
2014-07-20 12:39:16:609 3410 sec: 36149054 operations; 6473.8 current ops/sec; [INSERT AverageLatency(us)=12.25] [READ AverageLatency(us)=6129.77] 
2014-07-20 12:39:26:609 3420 sec: 36217527 operations; 6847.3 current ops/sec; [INSERT AverageLatency(us)=12.15] [READ AverageLatency(us)=5803.65] 
2014-07-20 12:39:36:610 3430 sec: 36283708 operations; 6617.44 current ops/sec; [INSERT AverageLatency(us)=11.68] [READ AverageLatency(us)=6060.98] 
2014-07-20 12:39:46:610 3440 sec: 36351397 operations; 6768.9 current ops/sec; [INSERT AverageLatency(us)=12.6] [READ AverageLatency(us)=5926.44] 
2014-07-20 12:39:56:611 3450 sec: 36416675 operations; 6527.15 current ops/sec; [INSERT AverageLatency(us)=13.36] [READ AverageLatency(us)=6087.79] 
2014-07-20 12:40:06:611 3460 sec: 36478892 operations; 6221.7 current ops/sec; [INSERT AverageLatency(us)=10.72] [READ AverageLatency(us)=6433.32] 
2014-07-20 12:40:16:612 3470 sec: 36548151 operations; 6925.21 current ops/sec; [INSERT AverageLatency(us)=11.13] [READ AverageLatency(us)=5748.11] 
2014-07-20 12:40:26:612 3480 sec: 36613792 operations; 6564.1 current ops/sec; [INSERT AverageLatency(us)=11.38] [READ AverageLatency(us)=6020.06] 
2014-07-20 12:40:36:613 3490 sec: 36678920 operations; 6512.8 current ops/sec; [INSERT AverageLatency(us)=15.37] [READ AverageLatency(us)=6162.6] 
2014-07-20 12:40:46:613 3500 sec: 36747361 operations; 6843.42 current ops/sec; [INSERT AverageLatency(us)=11.42] [READ AverageLatency(us)=5823.98] 
2014-07-20 12:40:56:613 3510 sec: 36813726 operations; 6636.5 current ops/sec; [INSERT AverageLatency(us)=11.36] [READ AverageLatency(us)=6024.68] 
2014-07-20 12:41:06:614 3520 sec: 36874153 operations; 6042.1 current ops/sec; [INSERT AverageLatency(us)=13.45] [READ AverageLatency(us)=6604.4] 
2014-07-20 12:41:16:614 3530 sec: 36943059 operations; 6890.6 current ops/sec; [INSERT AverageLatency(us)=11.79] [READ AverageLatency(us)=5773.67] 
2014-07-20 12:41:26:615 3540 sec: 37004707 operations; 6164.18 current ops/sec; [INSERT AverageLatency(us)=11.38] [READ AverageLatency(us)=6444.64] 
2014-07-20 12:41:36:615 3550 sec: 37065243 operations; 6053.6 current ops/sec; [INSERT AverageLatency(us)=11.21] [READ AverageLatency(us)=6623.16] 
2014-07-20 12:41:46:616 3560 sec: 37122063 operations; 5681.43 current ops/sec; [INSERT AverageLatency(us)=12.01] [READ AverageLatency(us)=6113.38] 
2014-07-20 12:41:56:616 3570 sec: 37127534 operations; 547.1 current ops/sec; [INSERT AverageLatency(us)=13.69] [READ AverageLatency(us)=49844.8] 
2014-07-20 12:42:06:617 3580 sec: 37178063 operations; 5052.9 current ops/sec; [INSERT AverageLatency(us)=11.75] [READ AverageLatency(us)=11376.87] 
2014-07-20 12:42:16:617 3590 sec: 37240622 operations; 6255.27 current ops/sec; [INSERT AverageLatency(us)=12.18] [READ AverageLatency(us)=6409.03] 
2014-07-20 12:42:26:617 3600 sec: 37307562 operations; 6694 current ops/sec; [INSERT AverageLatency(us)=15.08] [READ AverageLatency(us)=5968.75] 
2014-07-20 12:42:36:618 3610 sec: 37370641 operations; 6307.27 current ops/sec; [INSERT AverageLatency(us)=10.89] [READ AverageLatency(us)=6312.68] 
2014-07-20 12:42:46:618 3620 sec: 37434182 operations; 6354.1 current ops/sec; [INSERT AverageLatency(us)=13.62] [READ AverageLatency(us)=6264.99] 
2014-07-20 12:42:56:619 3630 sec: 37496306 operations; 6211.78 current ops/sec; [INSERT AverageLatency(us)=10.51] [READ AverageLatency(us)=6395.96] 
2014-07-20 12:43:06:619 3640 sec: 37558379 operations; 6207.3 current ops/sec; [INSERT AverageLatency(us)=11.36] [READ AverageLatency(us)=6451.41] 
2014-07-20 12:43:16:619 3650 sec: 37618680 operations; 6030.1 current ops/sec; [INSERT AverageLatency(us)=11.96] [READ AverageLatency(us)=6603.05] 
2014-07-20 12:43:26:620 3660 sec: 37684937 operations; 6625.04 current ops/sec; [INSERT AverageLatency(us)=12.01] [READ AverageLatency(us)=5997.66] 
2014-07-20 12:43:36:620 3670 sec: 37749762 operations; 6482.5 current ops/sec; [INSERT AverageLatency(us)=11.92] [READ AverageLatency(us)=6142.6] 
2014-07-20 12:43:46:621 3680 sec: 37811258 operations; 6148.99 current ops/sec; [INSERT AverageLatency(us)=11.24] [READ AverageLatency(us)=6507.36] 
2014-07-20 12:43:56:621 3690 sec: 37870576 operations; 5931.8 current ops/sec; [INSERT AverageLatency(us)=11.46] [READ AverageLatency(us)=6673.23] 
2014-07-20 12:44:06:622 3700 sec: 37934654 operations; 6407.16 current ops/sec; [INSERT AverageLatency(us)=12.87] [READ AverageLatency(us)=6199.9] 
2014-07-20 12:44:16:622 3710 sec: 37991392 operations; 5673.8 current ops/sec; [INSERT AverageLatency(us)=12.01] [READ AverageLatency(us)=7001.31] 
2014-07-20 12:44:26:623 3720 sec: 38048543 operations; 5714.53 current ops/sec; [INSERT AverageLatency(us)=11.73] [READ AverageLatency(us)=6983.24] 
2014-07-20 12:44:36:623 3730 sec: 38101058 operations; 5251.5 current ops/sec; [INSERT AverageLatency(us)=12.9] [READ AverageLatency(us)=7618.04] 
2014-07-20 12:44:46:624 3740 sec: 38163221 operations; 6215.68 current ops/sec; [INSERT AverageLatency(us)=12.49] [READ AverageLatency(us)=6444.35] 
2014-07-20 12:44:56:624 3750 sec: 38225526 operations; 6230.5 current ops/sec; [INSERT AverageLatency(us)=12.68] [READ AverageLatency(us)=6431.4] 
2014-07-20 12:45:06:624 3760 sec: 38288596 operations; 6307 current ops/sec; [INSERT AverageLatency(us)=11.94] [READ AverageLatency(us)=6294.56] 
2014-07-20 12:45:16:625 3770 sec: 38347618 operations; 5901.61 current ops/sec; [INSERT AverageLatency(us)=13] [READ AverageLatency(us)=6713.7] 
2014-07-20 12:45:26:625 3780 sec: 38408930 operations; 6131.2 current ops/sec; [INSERT AverageLatency(us)=11.12] [READ AverageLatency(us)=6451.88] 
2014-07-20 12:45:36:626 3790 sec: 38472440 operations; 6350.36 current ops/sec; [INSERT AverageLatency(us)=10.94] [READ AverageLatency(us)=6282.18] 
2014-07-20 12:45:46:626 3800 sec: 38535693 operations; 6325.3 current ops/sec; [INSERT AverageLatency(us)=11.91] [READ AverageLatency(us)=6340.2] 
2014-07-20 12:45:56:627 3810 sec: 38597709 operations; 6200.98 current ops/sec; [INSERT AverageLatency(us)=15.67] [READ AverageLatency(us)=6420.25] 
2014-07-20 12:46:06:627 3820 sec: 38661618 operations; 6390.9 current ops/sec; [INSERT AverageLatency(us)=11.54] [READ AverageLatency(us)=6221.7] 
2014-07-20 12:46:16:628 3830 sec: 38722079 operations; 6045.5 current ops/sec; [INSERT AverageLatency(us)=12.79] [READ AverageLatency(us)=6577.68] 
2014-07-20 12:46:26:628 3840 sec: 38780509 operations; 5843 current ops/sec; [INSERT AverageLatency(us)=11.81] [READ AverageLatency(us)=6824.97] 
2014-07-20 12:46:36:628 3850 sec: 38846462 operations; 6595.3 current ops/sec; [INSERT AverageLatency(us)=12.12] [READ AverageLatency(us)=6030.36] 
2014-07-20 12:46:46:629 3860 sec: 38889718 operations; 4325.17 current ops/sec; [INSERT AverageLatency(us)=12.04] [READ AverageLatency(us)=6315.22] 
2014-07-20 12:46:56:629 3870 sec: 38931395 operations; 4167.7 current ops/sec; [INSERT AverageLatency(us)=12.9] [READ AverageLatency(us)=12606.45] 
2014-07-20 12:47:06:630 3880 sec: 38993116 operations; 6171.48 current ops/sec; [INSERT AverageLatency(us)=11.82] [READ AverageLatency(us)=6413.68] 
2014-07-20 12:47:16:630 3890 sec: 39056178 operations; 6306.2 current ops/sec; [INSERT AverageLatency(us)=10.64] [READ AverageLatency(us)=6334.09] 
2014-07-20 12:47:26:631 3900 sec: 39106250 operations; 5006.7 current ops/sec; [INSERT AverageLatency(us)=13.22] [READ AverageLatency(us)=7938.78] 
2014-07-20 12:47:36:631 3910 sec: 39166138 operations; 5988.8 current ops/sec; [INSERT AverageLatency(us)=14.63] [READ AverageLatency(us)=6713.86] 
2014-07-20 12:47:46:632 3920 sec: 39220759 operations; 5462.1 current ops/sec; [INSERT AverageLatency(us)=10.96] [READ AverageLatency(us)=7275.1] 
2014-07-20 12:47:56:632 3930 sec: 39276342 operations; 5557.74 current ops/sec; [INSERT AverageLatency(us)=11.72] [READ AverageLatency(us)=7145.78] 
2014-07-20 12:48:06:632 3940 sec: 39332474 operations; 5613.2 current ops/sec; [INSERT AverageLatency(us)=13.02] [READ AverageLatency(us)=6975.25] 
2014-07-20 12:48:16:633 3950 sec: 39396669 operations; 6418.86 current ops/sec; [INSERT AverageLatency(us)=11.79] [READ AverageLatency(us)=6189.86] 
2014-07-20 12:48:26:633 3960 sec: 39455694 operations; 5902.5 current ops/sec; [INSERT AverageLatency(us)=11.26] [READ AverageLatency(us)=6859.93] 
2014-07-20 12:48:36:634 3970 sec: 39515394 operations; 5969.4 current ops/sec; [INSERT AverageLatency(us)=12.5] [READ AverageLatency(us)=6658.78] 
2014-07-20 12:48:46:634 3980 sec: 39579921 operations; 6452.7 current ops/sec; [INSERT AverageLatency(us)=12.15] [READ AverageLatency(us)=6172.13] 
2014-07-20 12:48:56:635 3990 sec: 39642019 operations; 6209.18 current ops/sec; [INSERT AverageLatency(us)=10.95] [READ AverageLatency(us)=6468.24] 
2014-07-20 12:49:06:635 4000 sec: 39699867 operations; 5784.8 current ops/sec; [INSERT AverageLatency(us)=10.93] [READ AverageLatency(us)=6946.64] 
2014-07-20 12:49:16:636 4010 sec: 39760921 operations; 6105.4 current ops/sec; [INSERT AverageLatency(us)=11.32] [READ AverageLatency(us)=6534.66] 
2014-07-20 12:49:26:636 4020 sec: 39819506 operations; 5857.91 current ops/sec; [INSERT AverageLatency(us)=11.11] [READ AverageLatency(us)=6653.54] 
2014-07-20 12:49:36:636 4030 sec: 39879428 operations; 5992.2 current ops/sec; [INSERT AverageLatency(us)=11.42] [READ AverageLatency(us)=6788.82] 
2014-07-20 12:49:46:637 4040 sec: 39944467 operations; 6503.25 current ops/sec; [INSERT AverageLatency(us)=11.35] [READ AverageLatency(us)=6151.64] 
2014-07-20 12:49:56:637 4050 sec: 40007582 operations; 6311.5 current ops/sec; [INSERT AverageLatency(us)=12.42] [READ AverageLatency(us)=6303.85] 
2014-07-20 12:50:06:638 4060 sec: 40066926 operations; 5933.81 current ops/sec; [INSERT AverageLatency(us)=12.01] [READ AverageLatency(us)=6707.67] 
2014-07-20 12:50:16:638 4070 sec: 40128462 operations; 6153.6 current ops/sec; [INSERT AverageLatency(us)=11.74] [READ AverageLatency(us)=6509.41] 
2014-07-20 12:50:26:639 4080 sec: 40189955 operations; 6149.3 current ops/sec; [INSERT AverageLatency(us)=11.81] [READ AverageLatency(us)=6454.04] 
2014-07-20 12:50:36:639 4090 sec: 40250770 operations; 6080.89 current ops/sec; [INSERT AverageLatency(us)=12.63] [READ AverageLatency(us)=6589.98] 
2014-07-20 12:50:46:639 4100 sec: 40312466 operations; 6169.6 current ops/sec; [INSERT AverageLatency(us)=11.14] [READ AverageLatency(us)=6494.46] 
2014-07-20 12:50:56:640 4110 sec: 40373839 operations; 6136.69 current ops/sec; [INSERT AverageLatency(us)=11.98] [READ AverageLatency(us)=6483.53] 
2014-07-20 12:51:06:640 4120 sec: 40435080 operations; 6124.1 current ops/sec; [INSERT AverageLatency(us)=12.25] [READ AverageLatency(us)=6506.8] 
2014-07-20 12:51:16:641 4130 sec: 40498300 operations; 6321.37 current ops/sec; [INSERT AverageLatency(us)=10.78] [READ AverageLatency(us)=6353.48] 
2014-07-20 12:51:26:641 4140 sec: 40559509 operations; 6120.9 current ops/sec; [INSERT AverageLatency(us)=12.28] [READ AverageLatency(us)=6488.89] 
2014-07-20 12:51:36:642 4150 sec: 40622103 operations; 6258.77 current ops/sec; [INSERT AverageLatency(us)=12.33] [READ AverageLatency(us)=6389.74] 
2014-07-20 12:51:46:642 4160 sec: 40683995 operations; 6189.2 current ops/sec; [INSERT AverageLatency(us)=12.89] [READ AverageLatency(us)=6411.67] 
2014-07-20 12:51:56:643 4170 sec: 40748500 operations; 6450.5 current ops/sec; [INSERT AverageLatency(us)=12.42] [READ AverageLatency(us)=6187.17] 
2014-07-20 12:52:06:644 4180 sec: 40814228 operations; 6571.49 current ops/sec; [INSERT AverageLatency(us)=12.4] [READ AverageLatency(us)=6052.28] 
2014-07-20 12:52:16:644 4190 sec: 40872560 operations; 5833.2 current ops/sec; [INSERT AverageLatency(us)=11] [READ AverageLatency(us)=6848.61] 
2014-07-20 12:52:26:645 4200 sec: 40936651 operations; 6408.46 current ops/sec; [INSERT AverageLatency(us)=11.41] [READ AverageLatency(us)=6247.5] 
2014-07-20 12:52:36:645 4210 sec: 40995839 operations; 5918.8 current ops/sec; [INSERT AverageLatency(us)=10.96] [READ AverageLatency(us)=6754.27] 
2014-07-20 12:52:46:646 4220 sec: 41054853 operations; 5900.81 current ops/sec; [INSERT AverageLatency(us)=11.73] [READ AverageLatency(us)=6766.28] 
2014-07-20 12:52:56:646 4230 sec: 41119450 operations; 6459.7 current ops/sec; [INSERT AverageLatency(us)=11.67] [READ AverageLatency(us)=6071.67] 
2014-07-20 12:53:06:647 4240 sec: 41139932 operations; 2048 current ops/sec; [INSERT AverageLatency(us)=12.73] [READ AverageLatency(us)=19992.28] 
2014-07-20 12:53:16:647 4250 sec: 41157918 operations; 1798.6 current ops/sec; [INSERT AverageLatency(us)=15.11] [READ AverageLatency(us)=22112.23] 
2014-07-20 12:53:26:648 4260 sec: 41214665 operations; 5674.13 current ops/sec; [INSERT AverageLatency(us)=11.92] [READ AverageLatency(us)=7014.55] 
2014-07-20 12:53:36:648 4270 sec: 41265085 operations; 5042 current ops/sec; [INSERT AverageLatency(us)=11.27] [READ AverageLatency(us)=7939.46] 
2014-07-20 12:53:46:649 4280 sec: 41319998 operations; 5490.75 current ops/sec; [INSERT AverageLatency(us)=10.94] [READ AverageLatency(us)=7293.92] 
2014-07-20 12:53:56:649 4290 sec: 41376959 operations; 5696.1 current ops/sec; [INSERT AverageLatency(us)=11.73] [READ AverageLatency(us)=7011.39] 
2014-07-20 12:54:06:649 4300 sec: 41435831 operations; 5887.2 current ops/sec; [INSERT AverageLatency(us)=11.09] [READ AverageLatency(us)=6741.31] 
2014-07-20 12:54:16:650 4310 sec: 41498635 operations; 6279.77 current ops/sec; [INSERT AverageLatency(us)=12.23] [READ AverageLatency(us)=6354.08] 
2014-07-20 12:54:26:650 4320 sec: 41554001 operations; 5536.6 current ops/sec; [INSERT AverageLatency(us)=12.03] [READ AverageLatency(us)=7228.95] 
2014-07-20 12:54:36:651 4330 sec: 41610794 operations; 5678.73 current ops/sec; [INSERT AverageLatency(us)=12.33] [READ AverageLatency(us)=7026.07] 
2014-07-20 12:54:46:651 4340 sec: 41669028 operations; 5823.4 current ops/sec; [INSERT AverageLatency(us)=11.42] [READ AverageLatency(us)=6877.01] 
2014-07-20 12:54:56:652 4350 sec: 41728881 operations; 5984.7 current ops/sec; [INSERT AverageLatency(us)=12.74] [READ AverageLatency(us)=6630.04] 
2014-07-20 12:55:06:652 4360 sec: 41788838 operations; 5995.7 current ops/sec; [INSERT AverageLatency(us)=12.15] [READ AverageLatency(us)=6612.1] 
2014-07-20 12:55:16:652 4370 sec: 41850577 operations; 6173.9 current ops/sec; [INSERT AverageLatency(us)=16.08] [READ AverageLatency(us)=6469.44] 
2014-07-20 12:55:26:653 4380 sec: 41907709 operations; 5712.63 current ops/sec; [INSERT AverageLatency(us)=10.85] [READ AverageLatency(us)=6989.41] 
2014-07-20 12:55:36:653 4390 sec: 41966778 operations; 5906.9 current ops/sec; [INSERT AverageLatency(us)=11.48] [READ AverageLatency(us)=6755.12] 
2014-07-20 12:55:46:654 4400 sec: 42026950 operations; 6016.6 current ops/sec; [INSERT AverageLatency(us)=11.25] [READ AverageLatency(us)=6646.55] 
2014-07-20 12:55:56:654 4410 sec: 42084977 operations; 5802.7 current ops/sec; [INSERT AverageLatency(us)=11.22] [READ AverageLatency(us)=6863.67] 
2014-07-20 12:56:06:655 4420 sec: 42142043 operations; 5706.6 current ops/sec; [INSERT AverageLatency(us)=11.54] [READ AverageLatency(us)=6987.8] 
2014-07-20 12:56:16:655 4430 sec: 42203232 operations; 6118.29 current ops/sec; [INSERT AverageLatency(us)=11.81] [READ AverageLatency(us)=6459.46] 
2014-07-20 12:56:26:655 4440 sec: 42263934 operations; 6070.2 current ops/sec; [INSERT AverageLatency(us)=11.94] [READ AverageLatency(us)=6581.22] 
2014-07-20 12:56:36:656 4450 sec: 42322043 operations; 5810.32 current ops/sec; [INSERT AverageLatency(us)=11.97] [READ AverageLatency(us)=6854.61] 
2014-07-20 12:56:46:656 4460 sec: 42379265 operations; 5722.2 current ops/sec; [INSERT AverageLatency(us)=12.63] [READ AverageLatency(us)=7004.33] 
2014-07-20 12:56:56:657 4470 sec: 42440261 operations; 6098.99 current ops/sec; [INSERT AverageLatency(us)=11.73] [READ AverageLatency(us)=6538.15] 
2014-07-20 12:57:06:657 4480 sec: 42499629 operations; 5936.8 current ops/sec; [INSERT AverageLatency(us)=11.92] [READ AverageLatency(us)=6727.38] 
2014-07-20 12:57:16:658 4490 sec: 42563211 operations; 6358.2 current ops/sec; [INSERT AverageLatency(us)=10.75] [READ AverageLatency(us)=6263.86] 
2014-07-20 12:57:26:658 4500 sec: 42625689 operations; 6247.18 current ops/sec; [INSERT AverageLatency(us)=11.12] [READ AverageLatency(us)=6349.19] 
2014-07-20 12:57:36:658 4510 sec: 42681979 operations; 5629 current ops/sec; [INSERT AverageLatency(us)=12.7] [READ AverageLatency(us)=7085.48] 
2014-07-20 12:57:46:659 4520 sec: 42739073 operations; 5708.83 current ops/sec; [INSERT AverageLatency(us)=11.13] [READ AverageLatency(us)=7042.23] 
2014-07-20 12:57:56:659 4530 sec: 42798849 operations; 5977.6 current ops/sec; [INSERT AverageLatency(us)=11.43] [READ AverageLatency(us)=6674.1] 
2014-07-20 12:58:06:660 4540 sec: 42857719 operations; 5886.41 current ops/sec; [INSERT AverageLatency(us)=17.18] [READ AverageLatency(us)=6824.92] 
2014-07-20 12:58:16:660 4550 sec: 42915426 operations; 5770.7 current ops/sec; [INSERT AverageLatency(us)=12.01] [READ AverageLatency(us)=6941.17] 
2014-07-20 12:58:26:661 4560 sec: 42976869 operations; 6143.69 current ops/sec; [INSERT AverageLatency(us)=11.44] [READ AverageLatency(us)=6481.34] 
2014-07-20 12:58:36:661 4570 sec: 43034848 operations; 5797.9 current ops/sec; [INSERT AverageLatency(us)=11.41] [READ AverageLatency(us)=6898.12] 
2014-07-20 12:58:46:662 4580 sec: 43093379 operations; 5852.51 current ops/sec; [INSERT AverageLatency(us)=12.15] [READ AverageLatency(us)=6883.21] 
2014-07-20 12:58:56:662 4590 sec: 43149060 operations; 5568.1 current ops/sec; [INSERT AverageLatency(us)=11.96] [READ AverageLatency(us)=6976.35] 
2014-07-20 12:59:06:662 4600 sec: 43207490 operations; 5843 current ops/sec; [INSERT AverageLatency(us)=10.83] [READ AverageLatency(us)=6863.89] 
2014-07-20 12:59:16:663 4610 sec: 43261057 operations; 5356.16 current ops/sec; [INSERT AverageLatency(us)=10.65] [READ AverageLatency(us)=7518.27] 
2014-07-20 12:59:26:663 4620 sec: 43315863 operations; 5480.6 current ops/sec; [INSERT AverageLatency(us)=11.49] [READ AverageLatency(us)=7312.12] 
2014-07-20 12:59:36:664 4630 sec: 43365220 operations; 4935.21 current ops/sec; [INSERT AverageLatency(us)=10.87] [READ AverageLatency(us)=8018.26] 
2014-07-20 12:59:46:664 4640 sec: 43397613 operations; 3239.3 current ops/sec; [INSERT AverageLatency(us)=12.26] [READ AverageLatency(us)=7388.69] 
2014-07-20 12:59:56:665 4650 sec: 43449163 operations; 5154.48 current ops/sec; [INSERT AverageLatency(us)=12.18] [READ AverageLatency(us)=10757.3] 
2014-07-20 13:00:06:665 4660 sec: 43508087 operations; 5892.4 current ops/sec; [INSERT AverageLatency(us)=13.16] [READ AverageLatency(us)=6798.43] 
2014-07-20 13:00:16:666 4670 sec: 43567572 operations; 5947.91 current ops/sec; [INSERT AverageLatency(us)=11.64] [READ AverageLatency(us)=6720.23] 
2014-07-20 13:00:26:666 4680 sec: 43624945 operations; 5737.3 current ops/sec; [INSERT AverageLatency(us)=11.53] [READ AverageLatency(us)=6995.11] 
2014-07-20 13:00:36:667 4690 sec: 43684924 operations; 5997.3 current ops/sec; [INSERT AverageLatency(us)=11.37] [READ AverageLatency(us)=6661.29] 
2014-07-20 13:00:46:667 4700 sec: 43742390 operations; 5746.6 current ops/sec; [INSERT AverageLatency(us)=16.1] [READ AverageLatency(us)=6952.62] 
2014-07-20 13:00:56:667 4710 sec: 43795135 operations; 5274.5 current ops/sec; [INSERT AverageLatency(us)=11.79] [READ AverageLatency(us)=7570.13] 
2014-07-20 13:01:06:668 4720 sec: 43851597 operations; 5645.64 current ops/sec; [INSERT AverageLatency(us)=12.17] [READ AverageLatency(us)=7065.88] 
2014-07-20 13:01:16:668 4730 sec: 43911245 operations; 5964.8 current ops/sec; [INSERT AverageLatency(us)=10.93] [READ AverageLatency(us)=6712.39] 
2014-07-20 13:01:26:669 4740 sec: 43968094 operations; 5684.33 current ops/sec; [INSERT AverageLatency(us)=11.1] [READ AverageLatency(us)=7008.34] 
2014-07-20 13:01:36:669 4750 sec: 44029713 operations; 6161.9 current ops/sec; [INSERT AverageLatency(us)=12.66] [READ AverageLatency(us)=6496.3] 
2014-07-20 13:01:46:670 4760 sec: 44086641 operations; 5692.8 current ops/sec; [INSERT AverageLatency(us)=11.36] [READ AverageLatency(us)=6984.63] 
2014-07-20 13:01:56:670 4770 sec: 44142828 operations; 5618.14 current ops/sec; [INSERT AverageLatency(us)=12.69] [READ AverageLatency(us)=7116.64] 
2014-07-20 13:02:06:670 4780 sec: 44201879 operations; 5905.1 current ops/sec; [INSERT AverageLatency(us)=11.68] [READ AverageLatency(us)=6752.91] 
2014-07-20 13:02:16:671 4790 sec: 44258420 operations; 5653.53 current ops/sec; [INSERT AverageLatency(us)=12.93] [READ AverageLatency(us)=7012.71] 
2014-07-20 13:02:26:671 4800 sec: 44317318 operations; 5889.8 current ops/sec; [INSERT AverageLatency(us)=12.59] [READ AverageLatency(us)=6723.67] 
2014-07-20 13:02:36:672 4810 sec: 44376490 operations; 5916.61 current ops/sec; [INSERT AverageLatency(us)=11.24] [READ AverageLatency(us)=6794.81] 
2014-07-20 13:02:46:672 4820 sec: 44432505 operations; 5601.5 current ops/sec; [INSERT AverageLatency(us)=12.13] [READ AverageLatency(us)=7099.48] 
2014-07-20 13:02:56:673 4830 sec: 44491350 operations; 5883.91 current ops/sec; [INSERT AverageLatency(us)=11.04] [READ AverageLatency(us)=6750.43] 
2014-07-20 13:03:06:673 4840 sec: 44546989 operations; 5563.9 current ops/sec; [INSERT AverageLatency(us)=11.92] [READ AverageLatency(us)=7113.86] 
2014-07-20 13:03:16:674 4850 sec: 44607187 operations; 6019.2 current ops/sec; [INSERT AverageLatency(us)=11.39] [READ AverageLatency(us)=6524.8] 
2014-07-20 13:03:26:674 4860 sec: 44667732 operations; 6054.5 current ops/sec; [INSERT AverageLatency(us)=11.93] [READ AverageLatency(us)=6669.83] 
2014-07-20 13:03:36:674 4870 sec: 44725393 operations; 5766.1 current ops/sec; [INSERT AverageLatency(us)=11.5] [READ AverageLatency(us)=6851.7] 
2014-07-20 13:03:46:675 4880 sec: 44785239 operations; 5984 current ops/sec; [INSERT AverageLatency(us)=12.38] [READ AverageLatency(us)=6685.29] 
2014-07-20 13:03:56:675 4890 sec: 44811070 operations; 2583.1 current ops/sec; [INSERT AverageLatency(us)=12.03] [READ AverageLatency(us)=15486.95] 
2014-07-20 13:04:06:676 4900 sec: 44870721 operations; 5964.5 current ops/sec; [INSERT AverageLatency(us)=12.14] [READ AverageLatency(us)=6665.57] 
2014-07-20 13:04:16:676 4910 sec: 44929670 operations; 5894.9 current ops/sec; [INSERT AverageLatency(us)=13.79] [READ AverageLatency(us)=6726.1] 
2014-07-20 13:04:26:677 4920 sec: 44988429 operations; 5875.31 current ops/sec; [INSERT AverageLatency(us)=11.76] [READ AverageLatency(us)=6881.25] 
2014-07-20 13:04:36:677 4930 sec: 45052222 operations; 6379.3 current ops/sec; [INSERT AverageLatency(us)=14.84] [READ AverageLatency(us)=6332.9] 
2014-07-20 13:04:46:678 4940 sec: 45111243 operations; 5901.51 current ops/sec; [INSERT AverageLatency(us)=11.63] [READ AverageLatency(us)=6758.25] 
2014-07-20 13:04:56:678 4950 sec: 45164742 operations; 5349.9 current ops/sec; [INSERT AverageLatency(us)=11.09] [READ AverageLatency(us)=7506.21] 
2014-07-20 13:05:06:679 4960 sec: 45225986 operations; 6123.79 current ops/sec; [INSERT AverageLatency(us)=11.5] [READ AverageLatency(us)=6454.02] 
2014-07-20 13:05:16:679 4970 sec: 45283133 operations; 5714.7 current ops/sec; [INSERT AverageLatency(us)=13.31] [READ AverageLatency(us)=7013.83] 
2014-07-20 13:05:26:679 4980 sec: 45331230 operations; 4809.7 current ops/sec; [INSERT AverageLatency(us)=12.34] [READ AverageLatency(us)=8276.17] 
2014-07-20 13:05:36:680 4990 sec: 45387023 operations; 5578.74 current ops/sec; [INSERT AverageLatency(us)=11.12] [READ AverageLatency(us)=7135.73] 
2014-07-20 13:05:46:680 5000 sec: 45443095 operations; 5607.2 current ops/sec; [INSERT AverageLatency(us)=11.83] [READ AverageLatency(us)=7089.55] 
2014-07-20 13:05:56:681 5010 sec: 45492689 operations; 4958.9 current ops/sec; [INSERT AverageLatency(us)=11.33] [READ AverageLatency(us)=8089.21] 
2014-07-20 13:06:06:681 5020 sec: 45547477 operations; 5478.8 current ops/sec; [INSERT AverageLatency(us)=10.8] [READ AverageLatency(us)=7348.53] 
2014-07-20 13:06:16:682 5030 sec: 45600756 operations; 5327.37 current ops/sec; [INSERT AverageLatency(us)=11.62] [READ AverageLatency(us)=7468.98] 
2014-07-20 13:06:26:682 5040 sec: 45657821 operations; 5706.5 current ops/sec; [INSERT AverageLatency(us)=12.37] [READ AverageLatency(us)=6968.57] 
2014-07-20 13:06:36:682 5050 sec: 45712666 operations; 5484.5 current ops/sec; [INSERT AverageLatency(us)=11.95] [READ AverageLatency(us)=7202.25] 
2014-07-20 13:06:46:683 5060 sec: 45773020 operations; 6034.8 current ops/sec; [INSERT AverageLatency(us)=12.31] [READ AverageLatency(us)=6590.57] 
2014-07-20 13:06:56:683 5070 sec: 45828882 operations; 5586.2 current ops/sec; [INSERT AverageLatency(us)=11.94] [READ AverageLatency(us)=7112.19] 
2014-07-20 13:07:06:684 5080 sec: 45881476 operations; 5258.87 current ops/sec; [INSERT AverageLatency(us)=11.12] [READ AverageLatency(us)=7590.47] 
2014-07-20 13:07:16:684 5090 sec: 45937618 operations; 5614.2 current ops/sec; [INSERT AverageLatency(us)=12.42] [READ AverageLatency(us)=7125.07] 
2014-07-20 13:07:26:685 5100 sec: 45995400 operations; 5777.62 current ops/sec; [INSERT AverageLatency(us)=11.9] [READ AverageLatency(us)=6949.22] 
2014-07-20 13:07:36:686 5110 sec: 46054864 operations; 5945.81 current ops/sec; [INSERT AverageLatency(us)=12.47] [READ AverageLatency(us)=6755.17] 
2014-07-20 13:07:46:687 5120 sec: 46109754 operations; 5488.45 current ops/sec; [INSERT AverageLatency(us)=12.71] [READ AverageLatency(us)=7238.51] 
2014-07-20 13:07:56:687 5130 sec: 46168204 operations; 5845 current ops/sec; [INSERT AverageLatency(us)=12.31] [READ AverageLatency(us)=6839.2] 
2014-07-20 13:08:06:688 5140 sec: 46222735 operations; 5452.55 current ops/sec; [INSERT AverageLatency(us)=11.33] [READ AverageLatency(us)=7334.34] 
2014-07-20 13:08:16:688 5150 sec: 46276078 operations; 5334.3 current ops/sec; [INSERT AverageLatency(us)=12.65] [READ AverageLatency(us)=7468.52] 
2014-07-20 13:08:26:688 5160 sec: 46336386 operations; 6030.8 current ops/sec; [INSERT AverageLatency(us)=11.6] [READ AverageLatency(us)=6618.08] 
2014-07-20 13:08:36:689 5170 sec: 46395294 operations; 5890.21 current ops/sec; [INSERT AverageLatency(us)=11.94] [READ AverageLatency(us)=6734.63] 
2014-07-20 13:08:46:689 5180 sec: 46451280 operations; 5598.6 current ops/sec; [INSERT AverageLatency(us)=12.92] [READ AverageLatency(us)=7150.53] 
2014-07-20 13:08:56:690 5190 sec: 46510679 operations; 5939.31 current ops/sec; [INSERT AverageLatency(us)=12.28] [READ AverageLatency(us)=6670.47] 
2014-07-20 13:09:06:690 5200 sec: 46566804 operations; 5612.5 current ops/sec; [INSERT AverageLatency(us)=11.25] [READ AverageLatency(us)=7153.69] 
2014-07-20 13:09:16:691 5210 sec: 46622183 operations; 5537.35 current ops/sec; [INSERT AverageLatency(us)=12.6] [READ AverageLatency(us)=7237.33] 
2014-07-20 13:09:26:691 5220 sec: 46677205 operations; 5502.2 current ops/sec; [INSERT AverageLatency(us)=10.91] [READ AverageLatency(us)=7267.96] 
2014-07-20 13:09:36:692 5230 sec: 46736478 operations; 5926.71 current ops/sec; [INSERT AverageLatency(us)=10.53] [READ AverageLatency(us)=6739.68] 
2014-07-20 13:09:46:692 5240 sec: 46791159 operations; 5468.1 current ops/sec; [INSERT AverageLatency(us)=11.09] [READ AverageLatency(us)=7250.15] 
2014-07-20 13:09:56:692 5250 sec: 46848855 operations; 5769.6 current ops/sec; [INSERT AverageLatency(us)=12.42] [READ AverageLatency(us)=6897.28] 
2014-07-20 13:10:06:693 5260 sec: 46906838 operations; 5797.72 current ops/sec; [INSERT AverageLatency(us)=12.21] [READ AverageLatency(us)=6870.64] 
2014-07-20 13:10:16:693 5270 sec: 46964976 operations; 5813.8 current ops/sec; [INSERT AverageLatency(us)=12.78] [READ AverageLatency(us)=6860.74] 
2014-07-20 13:10:26:694 5280 sec: 47020378 operations; 5539.65 current ops/sec; [INSERT AverageLatency(us)=16.85] [READ AverageLatency(us)=7182.88] 
2014-07-20 13:10:36:694 5290 sec: 47079220 operations; 5884.2 current ops/sec; [INSERT AverageLatency(us)=12.16] [READ AverageLatency(us)=6780.81] 
2014-07-20 13:10:46:695 5300 sec: 47141000 operations; 6178 current ops/sec; [INSERT AverageLatency(us)=11.09] [READ AverageLatency(us)=6462.9] 
2014-07-20 13:10:56:695 5310 sec: 47195280 operations; 5427.46 current ops/sec; [INSERT AverageLatency(us)=12.08] [READ AverageLatency(us)=7343.31] 
2014-07-20 13:11:06:695 5320 sec: 47253307 operations; 5802.7 current ops/sec; [INSERT AverageLatency(us)=12.45] [READ AverageLatency(us)=6856.24] 
2014-07-20 13:11:16:696 5330 sec: 47307253 operations; 5394.06 current ops/sec; [INSERT AverageLatency(us)=11.95] [READ AverageLatency(us)=7440.4] 
2014-07-20 13:11:26:696 5340 sec: 47357925 operations; 5067.2 current ops/sec; [INSERT AverageLatency(us)=11.48] [READ AverageLatency(us)=7927.69] 
2014-07-20 13:11:36:697 5350 sec: 47377794 operations; 1986.7 current ops/sec; [INSERT AverageLatency(us)=12.03] [READ AverageLatency(us)=20091.17] 
2014-07-20 13:11:46:697 5360 sec: 47436215 operations; 5842.1 current ops/sec; [INSERT AverageLatency(us)=12.46] [READ AverageLatency(us)=6827.61] 
2014-07-20 13:11:56:698 5370 sec: 47486379 operations; 5016.4 current ops/sec; [INSERT AverageLatency(us)=11.42] [READ AverageLatency(us)=8021.64] 
2014-07-20 13:12:06:698 5380 sec: 47538651 operations; 5226.68 current ops/sec; [INSERT AverageLatency(us)=13.06] [READ AverageLatency(us)=7628.06] 
2014-07-20 13:12:16:698 5390 sec: 47591912 operations; 5326.1 current ops/sec; [INSERT AverageLatency(us)=12.97] [READ AverageLatency(us)=7475.66] 
2014-07-20 13:12:26:699 5400 sec: 47638612 operations; 4669.53 current ops/sec; [INSERT AverageLatency(us)=11.74] [READ AverageLatency(us)=8557.29] 
2014-07-20 13:12:36:699 5410 sec: 47691419 operations; 5280.7 current ops/sec; [INSERT AverageLatency(us)=11.68] [READ AverageLatency(us)=7596.89] 
2014-07-20 13:12:46:700 5420 sec: 47747950 operations; 5652.53 current ops/sec; [INSERT AverageLatency(us)=10.76] [READ AverageLatency(us)=7039.77] 
2014-07-20 13:12:56:700 5430 sec: 47803521 operations; 5557.1 current ops/sec; [INSERT AverageLatency(us)=11.53] [READ AverageLatency(us)=7170.22] 
2014-07-20 13:13:06:701 5440 sec: 47857974 operations; 5444.76 current ops/sec; [INSERT AverageLatency(us)=13.01] [READ AverageLatency(us)=7338.02] 
2014-07-20 13:13:16:701 5450 sec: 47914924 operations; 5695 current ops/sec; [INSERT AverageLatency(us)=12.23] [READ AverageLatency(us)=7022.43] 
2014-07-20 13:13:26:702 5460 sec: 47972066 operations; 5713.63 current ops/sec; [INSERT AverageLatency(us)=11.85] [READ AverageLatency(us)=7008.26] 
2014-07-20 13:13:36:702 5470 sec: 48025724 operations; 5365.8 current ops/sec; [INSERT AverageLatency(us)=12.2] [READ AverageLatency(us)=7395.34] 
2014-07-20 13:13:46:702 5480 sec: 48084088 operations; 5836.4 current ops/sec; [INSERT AverageLatency(us)=12.16] [READ AverageLatency(us)=6827.02] 
2014-07-20 13:13:56:703 5490 sec: 48140060 operations; 5596.64 current ops/sec; [INSERT AverageLatency(us)=11.92] [READ AverageLatency(us)=7164.41] 
2014-07-20 13:14:06:703 5500 sec: 48194401 operations; 5434.1 current ops/sec; [INSERT AverageLatency(us)=11.65] [READ AverageLatency(us)=7321.36] 
2014-07-20 13:14:16:704 5510 sec: 48249762 operations; 5535.55 current ops/sec; [INSERT AverageLatency(us)=11.92] [READ AverageLatency(us)=7220.95] 
2014-07-20 13:14:26:706 5520 sec: 48305479 operations; 5570.59 current ops/sec; [INSERT AverageLatency(us)=12.92] [READ AverageLatency(us)=7201.19] 
2014-07-20 13:14:36:707 5530 sec: 48356806 operations; 5132.19 current ops/sec; [INSERT AverageLatency(us)=12.72] [READ AverageLatency(us)=7768.65] 
2014-07-20 13:14:46:707 5540 sec: 48411604 operations; 5479.8 current ops/sec; [INSERT AverageLatency(us)=13.44] [READ AverageLatency(us)=7252.98] 
2014-07-20 13:14:56:708 5550 sec: 48473448 operations; 6183.78 current ops/sec; [INSERT AverageLatency(us)=12.81] [READ AverageLatency(us)=6449.47] 
2014-07-20 13:15:06:708 5560 sec: 48527093 operations; 5364.5 current ops/sec; [INSERT AverageLatency(us)=11.96] [READ AverageLatency(us)=7419.52] 
2014-07-20 13:15:16:709 5570 sec: 48583436 operations; 5634.3 current ops/sec; [INSERT AverageLatency(us)=12.25] [READ AverageLatency(us)=7068.28] 
2014-07-20 13:15:26:709 5580 sec: 48637576 operations; 5413.46 current ops/sec; [INSERT AverageLatency(us)=10.97] [READ AverageLatency(us)=7356.57] 
2014-07-20 13:15:36:709 5590 sec: 48689993 operations; 5241.7 current ops/sec; [INSERT AverageLatency(us)=11.5] [READ AverageLatency(us)=7497.67] 
2014-07-20 13:15:46:710 5600 sec: 48747715 operations; 5771.62 current ops/sec; [INSERT AverageLatency(us)=12.01] [READ AverageLatency(us)=7045.12] 
2014-07-20 13:15:56:710 5610 sec: 48801406 operations; 5369.1 current ops/sec; [INSERT AverageLatency(us)=11.25] [READ AverageLatency(us)=7407.24] 
2014-07-20 13:16:06:711 5620 sec: 48859273 operations; 5786.12 current ops/sec; [INSERT AverageLatency(us)=12.13] [READ AverageLatency(us)=6863.04] 
2014-07-20 13:16:16:711 5630 sec: 48915639 operations; 5636.6 current ops/sec; [INSERT AverageLatency(us)=11.64] [READ AverageLatency(us)=7060.49] 
2014-07-20 13:16:26:711 5640 sec: 48967757 operations; 5211.8 current ops/sec; [INSERT AverageLatency(us)=12.96] [READ AverageLatency(us)=7600.32] 
2014-07-20 13:16:36:712 5650 sec: 49023283 operations; 5552.04 current ops/sec; [INSERT AverageLatency(us)=16.91] [READ AverageLatency(us)=7246.54] 
2014-07-20 13:16:46:712 5660 sec: 49077855 operations; 5457.2 current ops/sec; [INSERT AverageLatency(us)=12.06] [READ AverageLatency(us)=7224.09] 
2014-07-20 13:16:56:713 5670 sec: 49131987 operations; 5412.66 current ops/sec; [INSERT AverageLatency(us)=12.84] [READ AverageLatency(us)=7455.68] 
2014-07-20 13:17:06:713 5680 sec: 49188661 operations; 5667.4 current ops/sec; [INSERT AverageLatency(us)=12.21] [READ AverageLatency(us)=6980.47] 
2014-07-20 13:17:16:714 5690 sec: 49247034 operations; 5836.72 current ops/sec; [INSERT AverageLatency(us)=12.78] [READ AverageLatency(us)=6939.62] 
2014-07-20 13:17:26:714 5700 sec: 49298154 operations; 5112 current ops/sec; [INSERT AverageLatency(us)=11.18] [READ AverageLatency(us)=7755.09] 
2014-07-20 13:17:36:715 5710 sec: 49340797 operations; 4263.87 current ops/sec; [INSERT AverageLatency(us)=11.91] [READ AverageLatency(us)=7568.65] 
2014-07-20 13:17:46:715 5720 sec: 49367037 operations; 2624 current ops/sec; [INSERT AverageLatency(us)=12.67] [READ AverageLatency(us)=18246.62] 
2014-07-20 13:17:56:716 5730 sec: 49420872 operations; 5382.96 current ops/sec; [INSERT AverageLatency(us)=10.73] [READ AverageLatency(us)=7475.44] 
2014-07-20 13:18:06:716 5740 sec: 49469072 operations; 4820 current ops/sec; [INSERT AverageLatency(us)=10.91] [READ AverageLatency(us)=8292.14] 
2014-07-20 13:18:16:716 5750 sec: 49522865 operations; 5379.3 current ops/sec; [INSERT AverageLatency(us)=11.39] [READ AverageLatency(us)=7470.4] 
2014-07-20 13:18:26:717 5760 sec: 49577358 operations; 5448.76 current ops/sec; [INSERT AverageLatency(us)=12.34] [READ AverageLatency(us)=7315.45] 
2014-07-20 13:18:36:717 5770 sec: 49628130 operations; 5077.2 current ops/sec; [INSERT AverageLatency(us)=16.35] [READ AverageLatency(us)=7917.44] 
2014-07-20 13:18:46:718 5780 sec: 49679647 operations; 5151.18 current ops/sec; [INSERT AverageLatency(us)=12.44] [READ AverageLatency(us)=7751.86] 
2014-07-20 13:18:56:718 5790 sec: 49737019 operations; 5737.2 current ops/sec; [INSERT AverageLatency(us)=11.87] [READ AverageLatency(us)=6931.87] 
2014-07-20 13:19:06:719 5800 sec: 49792472 operations; 5545.3 current ops/sec; [INSERT AverageLatency(us)=11.2] [READ AverageLatency(us)=7166.44] 
2014-07-20 13:19:16:719 5810 sec: 49844285 operations; 5180.78 current ops/sec; [INSERT AverageLatency(us)=11.85] [READ AverageLatency(us)=7747.45] 
2014-07-20 13:19:26:719 5820 sec: 49898368 operations; 5408.3 current ops/sec; [UPDATE AverageLatency(us)=19273] [INSERT AverageLatency(us)=11.16] [READ AverageLatency(us)=7152.81] [CLEANUP AverageLatency(us)=19378] 
2014-07-20 13:19:36:720 5830 sec: 49943377 operations; 4500.45 current ops/sec; [UPDATE AverageLatency(us)=239506.8] [INSERT AverageLatency(us)=11.05] [READ AverageLatency(us)=7554.05] [CLEANUP AverageLatency(us)=239845.8] 
2014-07-20 13:19:46:720 5840 sec: 49976391 operations; 3301.4 current ops/sec; [UPDATE AverageLatency(us)=116434] [INSERT AverageLatency(us)=12.41] [READ AverageLatency(us)=7165.61] [CLEANUP AverageLatency(us)=116441] 
2014-07-20 13:19:56:721 5850 sec: 49995634 operations; 1924.11 current ops/sec; [UPDATE AverageLatency(us)=93643.8] [INSERT AverageLatency(us)=12.17] [READ AverageLatency(us)=6390.98] [CLEANUP AverageLatency(us)=93650.4] 
2014-07-20 13:20:06:721 5860 sec: 49999225 operations; 359.1 current ops/sec;  [INSERT AverageLatency(us)=10.04] [READ AverageLatency(us)=5734.75]  
2014-07-20 13:20:09:367 5863 sec: 50000000 operations; 292.89 current ops/sec; [UPDATE AverageLatency(us)=247619] [INSERT AverageLatency(us)=10.72] [READ AverageLatency(us)=6185.55] [CLEANUP AverageLatency(us)=247628] 
+ echo 'end time:'
end time:
++ date +%s
+ echo 1405887609
1405887609
+ echo 'sleeping for 10 sec ...'
sleeping for 10 sec ...
+ sleep 10
+ false
+ false
+ let counter=1+1
+ read line
+ set +x
