++ ls caseresult/ -ltr
++ wc -l
+ filename=case36
+ mkdir caseresult/case36
+ RESULT_DIR=/home/hadoop/git/physical_design/caseresult/case36
+ TEN=10
+ SIXTY=60
+ SLEEP_TIME=300
+ YCSB_DIR=/home/hadoop/ycsb-0.1.4
+ number_of_operations=50000000
+ number_of_threads=20
+ number_of_records=50000000
+ output_file_suffix=.dat
+ experiment_list_file=/home/hadoop/git/physical_design/case36.list
+ clean=false
+ create=false
+ load=false
+ random_read=false
+ workloada=false
+ workloadb=false
+ workloadc=false
+ scan=false
+ all=false
+ for i in '$@'
+ '[' clean == all ']'
+ '[' clean == clean ']'
+ clean=true
+ for i in '$@'
+ '[' create == all ']'
+ '[' create == clean ']'
+ '[' create == create ']'
+ create=true
+ for i in '$@'
+ '[' workloadc == all ']'
+ '[' workloadc == clean ']'
+ '[' workloadc == create ']'
+ '[' workloadc == load ']'
+ '[' workloadc == random_read ']'
+ '[' workloadc == scan ']'
+ '[' workloadc == workloada ']'
+ '[' workloadc == workloadb ']'
+ '[' workloadc == workloadc ']'
+ workloadc=true
+ let counter=1
+ cd /home/hadoop/ycsb-0.1.4
++ pwd
+ echo /home/hadoop/ycsb-0.1.4
/home/hadoop/ycsb-0.1.4
+ read line
+ false
+ true
+ echo 'sleeping for 60 ...'
sleeping for 60 ...
+ sleep 60
+ echo 'droping usertable...'
droping usertable...
+ hbase shell /home/hadoop/git/physical_design/delete_table
SLF4J: Class path contains multiple SLF4J bindings.
SLF4J: Found binding in [jar:file:/home/hadoop/hbase-0.98.3-hadoop1/lib/slf4j-log4j12-1.6.4.jar!/org/slf4j/impl/StaticLoggerBinder.class]
SLF4J: Found binding in [jar:file:/home/hadoop/hadoop-1.2.1/lib/slf4j-log4j12-1.4.3.jar!/org/slf4j/impl/StaticLoggerBinder.class]
SLF4J: See http://www.slf4j.org/codes.html#multiple_bindings for an explanation.
0 row(s) in 3.3730 seconds

0 row(s) in 1.2970 seconds

0 row(s) in 0.0610 seconds

+ echo 'sleeping for 300 ...'
sleeping for 300 ...
+ sleep 300
+ false
+ true
+ echo 'creating usertable...'
creating usertable...
+ create_statement='create '\''usertable'\'', { NAME=>'\''family'\'', COMPRESSION=>'\''GZ'\'', CONFIGURATION =>  { '\''hbase.hregion.majorcompaction'\'' => '\''0'\'', '\''hbase.hstore.compactionThreshold'\'' => '\''100000000000000'\'', '\''hbase.server.compactchecker.interval.multiplier'\'' => '\''100000000'\'', '\''hbase.hstore.compaction.max.size'\'' => '\''128'\'' } }, SPLITS => ['\''user1'\'', '\''user2'\'', '\''user3'\'', '\''user4'\'', '\''user5'\'', '\''user6'\'', '\''user7'\'', '\''user8'\'', '\''user9'\'']'
+ echo create ''\''usertable'\'',' '{' 'NAME=>'\''family'\'',' 'COMPRESSION=>'\''GZ'\'',' CONFIGURATION '=>' '{' ''\''hbase.hregion.majorcompaction'\''' '=>' ''\''0'\'',' ''\''hbase.hstore.compactionThreshold'\''' '=>' ''\''100000000000000'\'',' ''\''hbase.server.compactchecker.interval.multiplier'\''' '=>' ''\''100000000'\'',' ''\''hbase.hstore.compaction.max.size'\''' '=>' ''\''128'\''' '}' '},' SPLITS '=>' '['\''user1'\'',' ''\''user2'\'',' ''\''user3'\'',' ''\''user4'\'',' ''\''user5'\'',' ''\''user6'\'',' ''\''user7'\'',' ''\''user8'\'',' ''\''user9'\'']'
+ echo 'exit '
+ create_table /home/hadoop/git/physical_design/caseresult/case36/create_1.script
+ echo 'creating table...'
creating table...
+ echo /home/hadoop/git/physical_design/caseresult/case36/create_1.script
/home/hadoop/git/physical_design/caseresult/case36/create_1.script
+ hbase shell /home/hadoop/git/physical_design/caseresult/case36/create_1.script
SLF4J: Class path contains multiple SLF4J bindings.
SLF4J: Found binding in [jar:file:/home/hadoop/hbase-0.98.3-hadoop1/lib/slf4j-log4j12-1.6.4.jar!/org/slf4j/impl/StaticLoggerBinder.class]
SLF4J: Found binding in [jar:file:/home/hadoop/hadoop-1.2.1/lib/slf4j-log4j12-1.4.3.jar!/org/slf4j/impl/StaticLoggerBinder.class]
SLF4J: See http://www.slf4j.org/codes.html#multiple_bindings for an explanation.
0 row(s) in 1.6270 seconds

+ echo 'sleeping for 10 sec ...'
sleeping for 10 sec ...
+ sleep 10
+ false
+ false
+ false
+ false
+ false
+ false
+ false
+ false
+ false
+ true
+ echo workloadc...
workloadc...
+ echo 'start time: '
start time: 
++ date +%s
+ echo 1404919249
1404919249
++ echo /home/hadoop/git/physical_design/caseresult/case36/workloadc_1.dat
+ ./workloadc 50000000 20 /home/hadoop/git/physical_design/caseresult/case36/workloadc_1.dat
Loading workload...
Starting test.
2014-07-09 08:20:49:880 0 sec: 0 operations; 
14/07/09 08:20:50 INFO zookeeper.ZooKeeper: Client environment:zookeeper.version=3.4.6-1569965, built on 02/20/2014 09:09 GMT
14/07/09 08:20:50 INFO zookeeper.ZooKeeper: Client environment:host.name=sceplus-vm48.almaden.ibm.com
14/07/09 08:20:50 INFO zookeeper.ZooKeeper: Client environment:java.version=1.6.0_31
14/07/09 08:20:50 INFO zookeeper.ZooKeeper: Client environment:java.vendor=Sun Microsystems Inc.
14/07/09 08:20:50 INFO zookeeper.ZooKeeper: Client environment:java.home=/usr/lib/jvm/java-6-openjdk-amd64/jre
14/07/09 08:20:50 INFO zookeeper.ZooKeeper: Client environment:java.class.path=/home/hadoop/ycsb-0.1.4/hbase-binding/lib/hbase-binding-0.1.4.jar:/home/hadoop/ycsb-0.1.4/hbase-binding/conf:/home/hadoop/ycsb-0.1.4/jdbc-binding/conf:/home/hadoop/ycsb-0.1.4/core/lib/core-0.1.4.jar
14/07/09 08:20:50 INFO zookeeper.ZooKeeper: Client environment:java.library.path=/usr/lib/jvm/java-6-openjdk-amd64/jre/lib/amd64/server:/usr/lib/jvm/java-6-openjdk-amd64/jre/lib/amd64:/usr/lib/jvm/java-6-openjdk-amd64/jre/../lib/amd64:/usr/java/packages/lib/amd64:/usr/lib/jni:/lib:/usr/lib
14/07/09 08:20:50 INFO zookeeper.ZooKeeper: Client environment:java.io.tmpdir=/tmp
14/07/09 08:20:50 INFO zookeeper.ZooKeeper: Client environment:java.compiler=<NA>
14/07/09 08:20:50 INFO zookeeper.ZooKeeper: Client environment:os.name=Linux
14/07/09 08:20:50 INFO zookeeper.ZooKeeper: Client environment:os.arch=amd64
14/07/09 08:20:50 INFO zookeeper.ZooKeeper: Client environment:os.version=3.13.0-24-generic
14/07/09 08:20:50 INFO zookeeper.ZooKeeper: Client environment:user.name=hadoop
14/07/09 08:20:50 INFO zookeeper.ZooKeeper: Client environment:user.home=/home/hadoop
14/07/09 08:20:50 INFO zookeeper.ZooKeeper: Client environment:user.dir=/home/hadoop/ycsb-0.1.4
14/07/09 08:20:50 INFO zookeeper.ZooKeeper: Initiating client connection, connectString=sceplus-vm49.almaden.ibm.com:2181,sceplus-vm48.almaden.ibm.com:2181 sessionTimeout=90000 watcher=hconnection-0x46f91a48, quorum=sceplus-vm49.almaden.ibm.com:2181,sceplus-vm48.almaden.ibm.com:2181, baseZNode=/hbase
14/07/09 08:20:50 INFO zookeeper.RecoverableZooKeeper: Process identifier=hconnection-0x46f91a48 connecting to ZooKeeper ensemble=sceplus-vm49.almaden.ibm.com:2181,sceplus-vm48.almaden.ibm.com:2181
14/07/09 08:20:50 INFO zookeeper.ClientCnxn: Opening socket connection to server sceplus-vm48.almaden.ibm.com/9.1.143.58:2181. Will not attempt to authenticate using SASL (unknown error)
14/07/09 08:20:50 INFO zookeeper.ClientCnxn: Socket connection established to sceplus-vm48.almaden.ibm.com/9.1.143.58:2181, initiating session
14/07/09 08:20:50 INFO zookeeper.ClientCnxn: Session establishment complete on server sceplus-vm48.almaden.ibm.com/9.1.143.58:2181, sessionid = 0x471bb08c9a000d, negotiated timeout = 90000
2014-07-09 08:20:59:884 10 sec: 2616 operations; 261.5 current ops/sec; [INSERT AverageLatency(us)=8308.59] [READ AverageLatency(us)=23723.25] 
2014-07-09 08:21:09:886 20 sec: 18016 operations; 1539.69 current ops/sec; [INSERT AverageLatency(us)=16.89] [READ AverageLatency(us)=9982.83] 
2014-07-09 08:21:19:887 30 sec: 71639 operations; 5361.76 current ops/sec; [INSERT AverageLatency(us)=15.16] [READ AverageLatency(us)=6573.14] 
2014-07-09 08:21:29:888 40 sec: 203392 operations; 13173.98 current ops/sec; [INSERT AverageLatency(us)=56.9] [READ AverageLatency(us)=8980.56] 
2014-07-09 08:21:39:889 50 sec: 424222 operations; 22080.79 current ops/sec; [INSERT AverageLatency(us)=16.2] [READ AverageLatency(us)=7274.54] 
2014-07-09 08:21:49:890 60 sec: 732130 operations; 30787.72 current ops/sec; [INSERT AverageLatency(us)=12.72] [READ AverageLatency(us)=5809.62] 
2014-07-09 08:21:59:891 70 sec: 979166 operations; 24703.6 current ops/sec; [INSERT AverageLatency(us)=13.54] [READ AverageLatency(us)=7731.33] 
2014-07-09 08:22:09:892 80 sec: 1216776 operations; 23756.25 current ops/sec; [INSERT AverageLatency(us)=12.84] [READ AverageLatency(us)=8042.05] 
2014-07-09 08:22:19:893 90 sec: 1428364 operations; 21156.68 current ops/sec; [INSERT AverageLatency(us)=13.55] [READ AverageLatency(us)=9224.59] 
2014-07-09 08:22:29:894 100 sec: 1653070 operations; 22470.6 current ops/sec; [INSERT AverageLatency(us)=12.11] [READ AverageLatency(us)=8630.14] 
2014-07-09 08:22:39:895 110 sec: 1854823 operations; 20171.27 current ops/sec; [INSERT AverageLatency(us)=12.03] [READ AverageLatency(us)=9789.91] 
2014-07-09 08:22:49:896 120 sec: 2074006 operations; 21916.11 current ops/sec; [INSERT AverageLatency(us)=13.27] [READ AverageLatency(us)=8858.08] 
2014-07-09 08:22:59:897 130 sec: 2333512 operations; 25948.01 current ops/sec; [INSERT AverageLatency(us)=13.62] [READ AverageLatency(us)=7401.47] 
2014-07-09 08:23:09:897 140 sec: 2595508 operations; 26199.6 current ops/sec; [INSERT AverageLatency(us)=13.16] [READ AverageLatency(us)=7501.3] 
2014-07-09 08:23:19:899 150 sec: 2902117 operations; 30657.83 current ops/sec; [INSERT AverageLatency(us)=12.98] [READ AverageLatency(us)=6336.17] 
2014-07-09 08:23:29:900 160 sec: 3178134 operations; 27598.94 current ops/sec; [INSERT AverageLatency(us)=11.39] [READ AverageLatency(us)=7092.48] 
2014-07-09 08:23:39:900 170 sec: 3458449 operations; 28028.7 current ops/sec; [INSERT AverageLatency(us)=11.69] [READ AverageLatency(us)=7100.07] 
2014-07-09 08:23:49:901 180 sec: 3757845 operations; 29936.61 current ops/sec; [INSERT AverageLatency(us)=12.79] [READ AverageLatency(us)=6537.47] 
2014-07-09 08:23:59:902 190 sec: 4046390 operations; 28851.61 current ops/sec; [INSERT AverageLatency(us)=12.79] [READ AverageLatency(us)=6742.12] 
2014-07-09 08:24:09:903 200 sec: 4327191 operations; 28077.29 current ops/sec; [INSERT AverageLatency(us)=12.57] [READ AverageLatency(us)=6930.35] 
2014-07-09 08:24:19:904 210 sec: 4622753 operations; 29553.24 current ops/sec; [INSERT AverageLatency(us)=13.29] [READ AverageLatency(us)=6581.75] 
2014-07-09 08:24:29:905 220 sec: 4904694 operations; 28194.1 current ops/sec; [INSERT AverageLatency(us)=12.37] [READ AverageLatency(us)=6818.79] 
2014-07-09 08:24:39:905 230 sec: 5186215 operations; 28149.29 current ops/sec; [INSERT AverageLatency(us)=11.72] [READ AverageLatency(us)=7010.17] 
2014-07-09 08:24:49:906 240 sec: 5482916 operations; 29667.13 current ops/sec; [INSERT AverageLatency(us)=11.62] [READ AverageLatency(us)=6635.36] 
2014-07-09 08:24:59:907 250 sec: 5766932 operations; 28401.6 current ops/sec; [INSERT AverageLatency(us)=11.87] [READ AverageLatency(us)=6946.94] 
2014-07-09 08:25:09:907 260 sec: 6013000 operations; 24604.34 current ops/sec; [INSERT AverageLatency(us)=13.15] [READ AverageLatency(us)=7944.28] 
2014-07-09 08:25:19:908 270 sec: 6279425 operations; 26639.84 current ops/sec; [INSERT AverageLatency(us)=13.42] [READ AverageLatency(us)=7191.05] 
2014-07-09 08:25:29:909 280 sec: 6538772 operations; 25932.11 current ops/sec; [INSERT AverageLatency(us)=11.73] [READ AverageLatency(us)=7516.28] 
2014-07-09 08:25:39:909 290 sec: 6789203 operations; 25043.1 current ops/sec; [INSERT AverageLatency(us)=13.32] [READ AverageLatency(us)=7824.42] 
2014-07-09 08:25:49:910 300 sec: 7066090 operations; 27685.93 current ops/sec; [INSERT AverageLatency(us)=12.04] [READ AverageLatency(us)=7141.05] 
2014-07-09 08:25:59:911 310 sec: 7340365 operations; 27424.76 current ops/sec; [INSERT AverageLatency(us)=11.3] [READ AverageLatency(us)=7081.18] 
2014-07-09 08:26:09:912 320 sec: 7590092 operations; 24970.2 current ops/sec; [INSERT AverageLatency(us)=13.53] [READ AverageLatency(us)=7816.76] 
2014-07-09 08:26:19:913 330 sec: 7848494 operations; 25837.62 current ops/sec; [INSERT AverageLatency(us)=13.77] [READ AverageLatency(us)=7521.62] 
2014-07-09 08:26:29:914 340 sec: 8088927 operations; 24040.9 current ops/sec; [INSERT AverageLatency(us)=12.84] [READ AverageLatency(us)=8133.74] 
2014-07-09 08:26:39:914 350 sec: 8350085 operations; 26115.8 current ops/sec; [INSERT AverageLatency(us)=13.41] [READ AverageLatency(us)=7502.07] 
2014-07-09 08:26:49:926 360 sec: 8536508 operations; 18621.82 current ops/sec; [INSERT AverageLatency(us)=13.48] [READ AverageLatency(us)=10475.08] 
2014-07-09 08:26:59:926 370 sec: 8743670 operations; 20714.13 current ops/sec; [INSERT AverageLatency(us)=12.21] [READ AverageLatency(us)=9677.34] 
2014-07-09 08:27:09:927 380 sec: 8979978 operations; 23628.44 current ops/sec; [INSERT AverageLatency(us)=11.84] [READ AverageLatency(us)=8402.82] 
2014-07-09 08:27:19:928 390 sec: 9228131 operations; 24815.3 current ops/sec; [INSERT AverageLatency(us)=10.76] [READ AverageLatency(us)=7824.16] 
2014-07-09 08:27:29:928 400 sec: 9447206 operations; 21905.31 current ops/sec; [INSERT AverageLatency(us)=13.91] [READ AverageLatency(us)=8928.65] 
2014-07-09 08:27:39:929 410 sec: 9674208 operations; 22697.93 current ops/sec; [INSERT AverageLatency(us)=13.24] [READ AverageLatency(us)=8459.61] 
2014-07-09 08:27:49:930 420 sec: 9911648 operations; 23741.63 current ops/sec; [INSERT AverageLatency(us)=11.64] [READ AverageLatency(us)=8366.78] 
2014-07-09 08:27:59:938 430 sec: 10129363 operations; 21754.1 current ops/sec; [INSERT AverageLatency(us)=11.44] [READ AverageLatency(us)=9078.71] 
2014-07-09 08:28:09:939 440 sec: 10354770 operations; 22538.45 current ops/sec; [INSERT AverageLatency(us)=12.34] [READ AverageLatency(us)=8715.65] 
2014-07-09 08:28:19:941 450 sec: 10548167 operations; 19335.83 current ops/sec; [INSERT AverageLatency(us)=21.89] [READ AverageLatency(us)=10028.26] 
2014-07-09 08:28:29:942 460 sec: 10738960 operations; 19077.39 current ops/sec; [INSERT AverageLatency(us)=19.5] [READ AverageLatency(us)=10275.3] 
2014-07-09 08:28:39:943 470 sec: 10931851 operations; 19287.17 current ops/sec; [INSERT AverageLatency(us)=18.65] [READ AverageLatency(us)=10175.67] 
2014-07-09 08:28:51:332 481 sec: 11123025 operations; 16785.85 current ops/sec; [INSERT AverageLatency(us)=24.93] [READ AverageLatency(us)=9905.36] 
2014-07-09 08:29:01:333 491 sec: 11318949 operations; 19590.44 current ops/sec; [INSERT AverageLatency(us)=16.12] [READ AverageLatency(us)=11664.77] 
2014-07-09 08:29:11:382 501 sec: 11507957 operations; 18810.51 current ops/sec; [INSERT AverageLatency(us)=12.66] [READ AverageLatency(us)=10475.97] 
2014-07-09 08:29:21:382 511 sec: 11716029 operations; 20805.12 current ops/sec; [INSERT AverageLatency(us)=13.28] [READ AverageLatency(us)=9613] 
2014-07-09 08:29:31:384 521 sec: 11930816 operations; 21476.55 current ops/sec; [INSERT AverageLatency(us)=11.8] [READ AverageLatency(us)=9145.18] 
2014-07-09 08:29:41:384 531 sec: 12142151 operations; 21131.39 current ops/sec; [INSERT AverageLatency(us)=11.75] [READ AverageLatency(us)=9252.93] 
2014-07-09 08:29:51:385 541 sec: 12316499 operations; 17433.06 current ops/sec; [INSERT AverageLatency(us)=13.88] [READ AverageLatency(us)=11317.19] 
2014-07-09 08:30:01:386 551 sec: 12511289 operations; 19477.05 current ops/sec; [INSERT AverageLatency(us)=12.3] [READ AverageLatency(us)=10136.56] 
2014-07-09 08:30:11:387 561 sec: 12704099 operations; 19279.07 current ops/sec; [INSERT AverageLatency(us)=12.73] [READ AverageLatency(us)=10115.16] 
2014-07-09 08:30:21:388 571 sec: 12905490 operations; 20137.09 current ops/sec; [INSERT AverageLatency(us)=11.44] [READ AverageLatency(us)=9904.45] 
2014-07-09 08:30:31:389 581 sec: 13087994 operations; 18248.58 current ops/sec; [INSERT AverageLatency(us)=11.33] [READ AverageLatency(us)=10733.02] 
2014-07-09 08:30:41:390 591 sec: 13272051 operations; 18403.86 current ops/sec; [INSERT AverageLatency(us)=12.97] [READ AverageLatency(us)=10859.14] 
2014-07-09 08:30:51:390 601 sec: 13458939 operations; 18688.8 current ops/sec; [INSERT AverageLatency(us)=12.01] [READ AverageLatency(us)=10538.16] 
2014-07-09 08:31:01:391 611 sec: 13655061 operations; 19610.24 current ops/sec; [INSERT AverageLatency(us)=13.63] [READ AverageLatency(us)=10054.28] 
2014-07-09 08:31:11:395 621 sec: 13859698 operations; 20455.52 current ops/sec; [INSERT AverageLatency(us)=12.68] [READ AverageLatency(us)=9700.13] 
2014-07-09 08:31:21:396 631 sec: 14043748 operations; 18403.16 current ops/sec; [INSERT AverageLatency(us)=12.45] [READ AverageLatency(us)=10756.06] 
2014-07-09 08:31:31:397 641 sec: 14218628 operations; 17486.25 current ops/sec; [INSERT AverageLatency(us)=12.11] [READ AverageLatency(us)=11228.2] 
2014-07-09 08:31:41:399 651 sec: 14413860 operations; 19521.25 current ops/sec; [INSERT AverageLatency(us)=12.12] [READ AverageLatency(us)=10018.19] 
2014-07-09 08:31:51:400 661 sec: 14592433 operations; 17853.73 current ops/sec; [INSERT AverageLatency(us)=11.19] [READ AverageLatency(us)=11180.54] 
2014-07-09 08:32:01:400 671 sec: 14780917 operations; 18848.4 current ops/sec; [INSERT AverageLatency(us)=13.26] [READ AverageLatency(us)=10430.13] 
2014-07-09 08:32:11:401 681 sec: 14958015 operations; 17708.03 current ops/sec; [INSERT AverageLatency(us)=12.79] [READ AverageLatency(us)=11216.08] 
2014-07-09 08:32:21:409 691 sec: 15123292 operations; 16514.49 current ops/sec; [INSERT AverageLatency(us)=12.11] [READ AverageLatency(us)=12114.95] 
2014-07-09 08:32:31:410 701 sec: 15298720 operations; 17541.05 current ops/sec; [INSERT AverageLatency(us)=12.72] [READ AverageLatency(us)=11068.65] 
2014-07-09 08:32:41:411 711 sec: 15476110 operations; 17737.23 current ops/sec; [INSERT AverageLatency(us)=12.47] [READ AverageLatency(us)=11043.55] 
2014-07-09 08:32:51:412 721 sec: 15660822 operations; 18469.35 current ops/sec; [INSERT AverageLatency(us)=12.44] [READ AverageLatency(us)=10598.9] 
2014-07-09 08:33:01:413 731 sec: 15825921 operations; 16508.25 current ops/sec; [INSERT AverageLatency(us)=11.09] [READ AverageLatency(us)=11973.42] 
2014-07-09 08:33:11:414 741 sec: 16013458 operations; 18751.82 current ops/sec; [INSERT AverageLatency(us)=11.79] [READ AverageLatency(us)=10543.48] 
2014-07-09 08:33:21:415 751 sec: 16193022 operations; 17954.6 current ops/sec; [INSERT AverageLatency(us)=13.26] [READ AverageLatency(us)=10946.04] 
2014-07-09 08:33:31:416 761 sec: 16366955 operations; 17391.56 current ops/sec; [INSERT AverageLatency(us)=12.79] [READ AverageLatency(us)=11280.51] 
2014-07-09 08:33:41:417 771 sec: 16521889 operations; 15491.85 current ops/sec; [INSERT AverageLatency(us)=11.64] [READ AverageLatency(us)=12600.43] 
2014-07-09 08:33:51:418 781 sec: 16710355 operations; 18844.72 current ops/sec; [INSERT AverageLatency(us)=11.99] [READ AverageLatency(us)=10674.05] 
2014-07-09 08:34:01:418 791 sec: 16864392 operations; 15403.7 current ops/sec; [INSERT AverageLatency(us)=12.14] [READ AverageLatency(us)=12739.32] 
2014-07-09 08:34:11:442 801 sec: 17026432 operations; 16165.2 current ops/sec; [INSERT AverageLatency(us)=13.75] [READ AverageLatency(us)=12439.95] 
2014-07-09 08:34:21:443 811 sec: 17209146 operations; 18269.57 current ops/sec; [INSERT AverageLatency(us)=11.75] [READ AverageLatency(us)=10875.35] 
2014-07-09 08:34:31:444 821 sec: 17369897 operations; 16073.49 current ops/sec; [INSERT AverageLatency(us)=11.6] [READ AverageLatency(us)=12190.04] 
2014-07-09 08:34:41:445 831 sec: 17542911 operations; 17299.67 current ops/sec; [INSERT AverageLatency(us)=12.07] [READ AverageLatency(us)=11418.34] 
2014-07-09 08:34:51:445 841 sec: 17695975 operations; 15306.4 current ops/sec; [INSERT AverageLatency(us)=12.29] [READ AverageLatency(us)=12870.63] 
2014-07-09 08:35:01:447 851 sec: 17858897 operations; 16290.57 current ops/sec; [INSERT AverageLatency(us)=12.7] [READ AverageLatency(us)=12183.2] 
2014-07-09 08:35:11:448 861 sec: 18041611 operations; 18269.57 current ops/sec; [INSERT AverageLatency(us)=11.82] [READ AverageLatency(us)=10864.33] 
2014-07-09 08:35:21:448 871 sec: 18203871 operations; 16224.38 current ops/sec; [INSERT AverageLatency(us)=13.44] [READ AverageLatency(us)=12224.29] 
2014-07-09 08:35:31:449 881 sec: 18379784 operations; 17589.54 current ops/sec; [INSERT AverageLatency(us)=12.75] [READ AverageLatency(us)=11146.02] 
2014-07-09 08:35:41:450 891 sec: 18525100 operations; 14530.15 current ops/sec; [INSERT AverageLatency(us)=12.11] [READ AverageLatency(us)=13541.85] 
2014-07-09 08:35:51:451 901 sec: 18687960 operations; 16284.37 current ops/sec; [INSERT AverageLatency(us)=12.51] [READ AverageLatency(us)=12072.75] 
2014-07-09 08:36:01:482 911 sec: 18835945 operations; 14752.77 current ops/sec; [INSERT AverageLatency(us)=14.68] [READ AverageLatency(us)=13301.42] 
2014-07-09 08:36:11:483 921 sec: 19009722 operations; 17375.96 current ops/sec; [INSERT AverageLatency(us)=12.57] [READ AverageLatency(us)=11161.08] 
2014-07-09 08:36:21:484 931 sec: 19181004 operations; 17128.2 current ops/sec; [INSERT AverageLatency(us)=12.74] [READ AverageLatency(us)=11667.48] 
2014-07-09 08:36:31:484 941 sec: 19344875 operations; 16385.46 current ops/sec; [INSERT AverageLatency(us)=11.63] [READ AverageLatency(us)=12180.01] 
2014-07-09 08:36:41:485 951 sec: 19518936 operations; 17404.36 current ops/sec; [INSERT AverageLatency(us)=12.57] [READ AverageLatency(us)=11260.92] 
2014-07-09 08:36:51:486 961 sec: 19686965 operations; 16801.22 current ops/sec; [INSERT AverageLatency(us)=13.14] [READ AverageLatency(us)=11670.86] 
2014-07-09 08:37:01:486 971 sec: 19844799 operations; 15783.4 current ops/sec; [INSERT AverageLatency(us)=12.94] [READ AverageLatency(us)=12464.3] 
2014-07-09 08:37:11:487 981 sec: 20001872 operations; 15705.73 current ops/sec; [INSERT AverageLatency(us)=12.53] [READ AverageLatency(us)=12724.45] 
2014-07-09 08:37:21:488 991 sec: 20163299 operations; 16141.09 current ops/sec; [INSERT AverageLatency(us)=12.65] [READ AverageLatency(us)=12269.64] 
2014-07-09 08:37:31:489 1001 sec: 20319788 operations; 15647.34 current ops/sec; [INSERT AverageLatency(us)=13.63] [READ AverageLatency(us)=12595.12] 
2014-07-09 08:37:41:490 1011 sec: 20470763 operations; 15097.5 current ops/sec; [INSERT AverageLatency(us)=12.29] [READ AverageLatency(us)=12915.93] 
2014-07-09 08:37:51:490 1021 sec: 20626109 operations; 15533.05 current ops/sec; [INSERT AverageLatency(us)=13.04] [READ AverageLatency(us)=12763.05] 
2014-07-09 08:38:01:491 1031 sec: 20765027 operations; 13890.41 current ops/sec; [INSERT AverageLatency(us)=13.12] [READ AverageLatency(us)=14090.13] 
2014-07-09 08:38:11:492 1041 sec: 20886826 operations; 12178.68 current ops/sec; [INSERT AverageLatency(us)=20.69] [READ AverageLatency(us)=15873.61] 
2014-07-09 08:38:21:493 1051 sec: 21010128 operations; 12328.97 current ops/sec; [INSERT AverageLatency(us)=37.35] [READ AverageLatency(us)=16167.84] 
2014-07-09 08:38:31:653 1061 sec: 21151110 operations; 13876.18 current ops/sec; [INSERT AverageLatency(us)=27.06] [READ AverageLatency(us)=13576.87] 
2014-07-09 08:38:41:654 1071 sec: 21286799 operations; 13567.54 current ops/sec; [INSERT AverageLatency(us)=12.16] [READ AverageLatency(us)=14923.78] 
2014-07-09 08:38:51:655 1081 sec: 21418205 operations; 13139.29 current ops/sec; [INSERT AverageLatency(us)=22.38] [READ AverageLatency(us)=15284.74] 
2014-07-09 08:39:01:731 1091 sec: 21546084 operations; 12691.45 current ops/sec; [INSERT AverageLatency(us)=14.22] [READ AverageLatency(us)=15094.5] 
2014-07-09 08:39:11:732 1101 sec: 21676226 operations; 13012.9 current ops/sec; [INSERT AverageLatency(us)=12.57] [READ AverageLatency(us)=15361.64] 
2014-07-09 08:39:21:733 1111 sec: 21810092 operations; 13385.26 current ops/sec; [INSERT AverageLatency(us)=15.19] [READ AverageLatency(us)=14683.92] 
2014-07-09 08:39:31:734 1121 sec: 21936577 operations; 12648.5 current ops/sec; [INSERT AverageLatency(us)=13.02] [READ AverageLatency(us)=15527.85] 
2014-07-09 08:39:41:734 1131 sec: 22080950 operations; 14435.86 current ops/sec; [INSERT AverageLatency(us)=13.47] [READ AverageLatency(us)=13778.74] 
2014-07-09 08:39:51:735 1141 sec: 22208479 operations; 12751.62 current ops/sec; [INSERT AverageLatency(us)=13.93] [READ AverageLatency(us)=15334.79] 
2014-07-09 08:40:01:736 1151 sec: 22358473 operations; 14997.9 current ops/sec; [INSERT AverageLatency(us)=16.87] [READ AverageLatency(us)=13089.47] 
2014-07-09 08:40:11:737 1161 sec: 22501470 operations; 14298.27 current ops/sec; [INSERT AverageLatency(us)=12.33] [READ AverageLatency(us)=13654.91] 
2014-07-09 08:40:21:738 1171 sec: 22637225 operations; 13574.14 current ops/sec; [INSERT AverageLatency(us)=28.33] [READ AverageLatency(us)=14564.04] 
2014-07-09 08:40:31:739 1181 sec: 22766418 operations; 12918.01 current ops/sec; [INSERT AverageLatency(us)=30.19] [READ AverageLatency(us)=14991.33] 
2014-07-09 08:40:41:744 1191 sec: 22890286 operations; 12380.61 current ops/sec; [INSERT AverageLatency(us)=13.99] [READ AverageLatency(us)=15801.47] 
2014-07-09 08:40:51:745 1201 sec: 23006432 operations; 11613.44 current ops/sec; [INSERT AverageLatency(us)=18.35] [READ AverageLatency(us)=17268.22] 
2014-07-09 08:41:01:756 1211 sec: 23133122 operations; 12655.08 current ops/sec; [INSERT AverageLatency(us)=12.94] [READ AverageLatency(us)=15796.32] 
2014-07-09 08:41:11:757 1221 sec: 23264925 operations; 13178.98 current ops/sec; [INSERT AverageLatency(us)=13.32] [READ AverageLatency(us)=14864.37] 
2014-07-09 08:41:21:758 1231 sec: 23416336 operations; 15139.59 current ops/sec; [INSERT AverageLatency(us)=14.04] [READ AverageLatency(us)=13115.47] 
2014-07-09 08:41:31:759 1241 sec: 23559421 operations; 14308.5 current ops/sec; [INSERT AverageLatency(us)=14.13] [READ AverageLatency(us)=13860.62] 
2014-07-09 08:41:41:826 1251 sec: 23710577 operations; 15015 current ops/sec; [INSERT AverageLatency(us)=13.31] [READ AverageLatency(us)=12890.27] 
2014-07-09 08:41:51:826 1261 sec: 23867228 operations; 15663.53 current ops/sec; [INSERT AverageLatency(us)=12.82] [READ AverageLatency(us)=12716.13] 
2014-07-09 08:42:01:827 1271 sec: 24011541 operations; 14429.86 current ops/sec; [INSERT AverageLatency(us)=15.08] [READ AverageLatency(us)=13532.89] 
2014-07-09 08:42:11:828 1281 sec: 24148070 operations; 13651.53 current ops/sec; [INSERT AverageLatency(us)=12.87] [READ AverageLatency(us)=14824.09] 
2014-07-09 08:42:21:829 1291 sec: 24306192 operations; 15810.62 current ops/sec; [INSERT AverageLatency(us)=12.96] [READ AverageLatency(us)=12439.08] 
2014-07-09 08:42:31:830 1301 sec: 24442333 operations; 13612.74 current ops/sec; [INSERT AverageLatency(us)=13.17] [READ AverageLatency(us)=14565.33] 
2014-07-09 08:42:41:830 1311 sec: 24609447 operations; 16711.4 current ops/sec; [INSERT AverageLatency(us)=12.65] [READ AverageLatency(us)=11901.88] 
2014-07-09 08:42:51:831 1321 sec: 24752747 operations; 14328.57 current ops/sec; [INSERT AverageLatency(us)=12.24] [READ AverageLatency(us)=13838.2] 
2014-07-09 08:43:01:832 1331 sec: 24898711 operations; 14594.94 current ops/sec; [INSERT AverageLatency(us)=13.86] [READ AverageLatency(us)=13291.56] 
2014-07-09 08:43:11:833 1341 sec: 25033922 operations; 13519.75 current ops/sec; [INSERT AverageLatency(us)=12.78] [READ AverageLatency(us)=14855.82] 
2014-07-09 08:43:21:833 1351 sec: 25161779 operations; 12785.7 current ops/sec; [INSERT AverageLatency(us)=12.93] [READ AverageLatency(us)=15520.56] 
2014-07-09 08:43:31:840 1361 sec: 25280959 operations; 11909.66 current ops/sec; [INSERT AverageLatency(us)=13.22] [READ AverageLatency(us)=15767.02] 
2014-07-09 08:43:41:841 1371 sec: 25416441 operations; 13546.85 current ops/sec; [INSERT AverageLatency(us)=13.06] [READ AverageLatency(us)=15431.09] 
2014-07-09 08:43:52:243 1382 sec: 25550944 operations; 12930.49 current ops/sec; [INSERT AverageLatency(us)=18.07] [READ AverageLatency(us)=14653.3] 
2014-07-09 08:44:02:244 1392 sec: 25629831 operations; 7887.91 current ops/sec; [INSERT AverageLatency(us)=11.98] [READ AverageLatency(us)=13778.44] 
2014-07-09 08:44:12:245 1402 sec: 25629831 operations; 0 current ops/sec;   
2014-07-09 08:44:22:246 1412 sec: 25629831 operations; 0 current ops/sec;   
2014-07-09 08:44:32:246 1422 sec: 25629831 operations; 0 current ops/sec;   
2014-07-09 08:44:42:247 1432 sec: 25629831 operations; 0 current ops/sec;   
2014-07-09 08:44:58:231 1448 sec: 25629874 operations; 2.69 current ops/sec; [INSERT AverageLatency(us)=26.45] [READ AverageLatency(us)=50532011] 
2014-07-09 08:45:08:249 1458 sec: 25697304 operations; 6730.88 current ops/sec; [INSERT AverageLatency(us)=184.93] [READ AverageLatency(us)=187385.11] 
2014-07-09 08:45:18:249 1468 sec: 25807896 operations; 11059.2 current ops/sec; [INSERT AverageLatency(us)=44.39] [READ AverageLatency(us)=17510.13] 
2014-07-09 08:45:28:250 1478 sec: 25909085 operations; 10117.89 current ops/sec; [INSERT AverageLatency(us)=27.52] [READ AverageLatency(us)=19364.37] 
2014-07-09 08:45:39:497 1489 sec: 26031149 operations; 10853.03 current ops/sec; [INSERT AverageLatency(us)=23.6] [READ AverageLatency(us)=16527.96] 
2014-07-09 08:45:49:498 1499 sec: 26143918 operations; 11275.77 current ops/sec; [INSERT AverageLatency(us)=21.99] [READ AverageLatency(us)=19398.77] 
2014-07-09 08:45:59:499 1509 sec: 26254376 operations; 11044.7 current ops/sec; [INSERT AverageLatency(us)=20.74] [READ AverageLatency(us)=17174.4] 
2014-07-09 08:46:09:500 1519 sec: 26389270 operations; 13488.05 current ops/sec; [INSERT AverageLatency(us)=19.6] [READ AverageLatency(us)=15348.35] 
2014-07-09 08:46:19:500 1529 sec: 26512341 operations; 12307.1 current ops/sec; [INSERT AverageLatency(us)=16.88] [READ AverageLatency(us)=16174.64] 
2014-07-09 08:46:29:511 1539 sec: 26660278 operations; 14777.44 current ops/sec; [INSERT AverageLatency(us)=19.18] [READ AverageLatency(us)=13514.63] 
2014-07-09 08:46:39:512 1549 sec: 26791218 operations; 13092.69 current ops/sec; [INSERT AverageLatency(us)=17.94] [READ AverageLatency(us)=15010.06] 
2014-07-09 08:46:49:513 1559 sec: 26892921 operations; 10169.28 current ops/sec; [INSERT AverageLatency(us)=20.45] [READ AverageLatency(us)=19126.01] 
2014-07-09 08:46:59:514 1569 sec: 26983979 operations; 9104.89 current ops/sec; [INSERT AverageLatency(us)=23.07] [READ AverageLatency(us)=21695.55] 
2014-07-09 08:47:09:515 1579 sec: 27120834 operations; 13685.5 current ops/sec; [INSERT AverageLatency(us)=22] [READ AverageLatency(us)=14260.46] 
2014-07-09 08:47:20:464 1590 sec: 27232871 operations; 10231.69 current ops/sec; [INSERT AverageLatency(us)=44.56] [READ AverageLatency(us)=15216.26] 
2014-07-09 08:47:30:465 1600 sec: 27354743 operations; 12187.2 current ops/sec; [INSERT AverageLatency(us)=21.56] [READ AverageLatency(us)=19765.17] 
2014-07-09 08:47:40:465 1610 sec: 27511712 operations; 15695.33 current ops/sec; [INSERT AverageLatency(us)=19.3] [READ AverageLatency(us)=12504.37] 
2014-07-09 08:47:50:466 1620 sec: 27629513 operations; 11778.92 current ops/sec; [INSERT AverageLatency(us)=19.62] [READ AverageLatency(us)=16684.96] 
2014-07-09 08:48:00:467 1630 sec: 27735369 operations; 10584.54 current ops/sec; [INSERT AverageLatency(us)=16.2] [READ AverageLatency(us)=18367.87] 
2014-07-09 08:48:10:468 1640 sec: 27879839 operations; 14445.56 current ops/sec; [INSERT AverageLatency(us)=16.79] [READ AverageLatency(us)=13713.43] 
2014-07-09 08:48:20:469 1650 sec: 28029937 operations; 15008.3 current ops/sec; [INSERT AverageLatency(us)=19.29] [READ AverageLatency(us)=12999.16] 
2014-07-09 08:48:30:470 1660 sec: 28177890 operations; 14793.82 current ops/sec; [INSERT AverageLatency(us)=23.64] [READ AverageLatency(us)=13455.77] 
2014-07-09 08:48:40:471 1670 sec: 28341399 operations; 16349.27 current ops/sec; [INSERT AverageLatency(us)=19.66] [READ AverageLatency(us)=11960.11] 
2014-07-09 08:48:50:472 1680 sec: 28482944 operations; 14153.08 current ops/sec; [INSERT AverageLatency(us)=23.09] [READ AverageLatency(us)=13778.96] 
2014-07-09 08:49:00:473 1690 sec: 28612196 operations; 12925.2 current ops/sec; [INSERT AverageLatency(us)=21.87] [READ AverageLatency(us)=15086.79] 
2014-07-09 08:49:10:474 1700 sec: 28743093 operations; 13088.39 current ops/sec; [INSERT AverageLatency(us)=23.97] [READ AverageLatency(us)=15046.11] 
2014-07-09 08:49:20:475 1710 sec: 28875244 operations; 13213.78 current ops/sec; [INSERT AverageLatency(us)=21.89] [READ AverageLatency(us)=14379.44] 
2014-07-09 08:49:30:475 1720 sec: 28977403 operations; 10214.88 current ops/sec; [INSERT AverageLatency(us)=22.8] [READ AverageLatency(us)=19605.83] 
2014-07-09 08:49:40:476 1730 sec: 29074953 operations; 9754.02 current ops/sec; [INSERT AverageLatency(us)=30.89] [READ AverageLatency(us)=16044.48] 
2014-07-09 08:49:50:486 1740 sec: 29202087 operations; 12700.7 current ops/sec; [INSERT AverageLatency(us)=20.2] [READ AverageLatency(us)=18524.12] 
2014-07-09 08:50:00:487 1750 sec: 29312016 operations; 10991.8 current ops/sec; [INSERT AverageLatency(us)=19.81] [READ AverageLatency(us)=17659.2] 
2014-07-09 08:50:10:509 1760 sec: 29388249 operations; 7606.57 current ops/sec; [INSERT AverageLatency(us)=17.26] [READ AverageLatency(us)=20863.02] 
2014-07-09 08:50:20:510 1770 sec: 29393581 operations; 533.15 current ops/sec; [INSERT AverageLatency(us)=33.52] [READ AverageLatency(us)=412373.36] 
2014-07-09 08:50:30:511 1780 sec: 29500405 operations; 10681.33 current ops/sec; [INSERT AverageLatency(us)=22.26] [READ AverageLatency(us)=19471.88] 
2014-07-09 08:50:40:512 1790 sec: 29606523 operations; 10610.74 current ops/sec; [INSERT AverageLatency(us)=17.41] [READ AverageLatency(us)=17680.73] 
2014-07-09 08:50:50:514 1800 sec: 29747014 operations; 14047.7 current ops/sec; [INSERT AverageLatency(us)=18.28] [READ AverageLatency(us)=14703.38] 
2014-07-09 08:51:00:514 1810 sec: 29894788 operations; 14775.92 current ops/sec; [INSERT AverageLatency(us)=19.79] [READ AverageLatency(us)=13265.56] 
2014-07-09 08:51:10:515 1820 sec: 30010449 operations; 11564.94 current ops/sec; [INSERT AverageLatency(us)=27.79] [READ AverageLatency(us)=16806.37] 
2014-07-09 08:51:20:516 1830 sec: 30140003 operations; 12954.1 current ops/sec; [INSERT AverageLatency(us)=16.48] [READ AverageLatency(us)=14995.08] 
2014-07-09 08:51:30:584 1840 sec: 30259280 operations; 11848.32 current ops/sec; [INSERT AverageLatency(us)=17.07] [READ AverageLatency(us)=16124.65] 
2014-07-09 08:51:40:584 1850 sec: 30409219 operations; 14992.4 current ops/sec; [INSERT AverageLatency(us)=16.42] [READ AverageLatency(us)=13499.38] 
2014-07-09 08:51:50:586 1860 sec: 30545701 operations; 13645.47 current ops/sec; [INSERT AverageLatency(us)=19.56] [READ AverageLatency(us)=12964.87] 
2014-07-09 08:52:00:586 1870 sec: 30690807 operations; 14510.6 current ops/sec; [INSERT AverageLatency(us)=18.62] [READ AverageLatency(us)=14168.08] 
2014-07-09 08:52:10:587 1880 sec: 30827984 operations; 13716.33 current ops/sec; [INSERT AverageLatency(us)=19.12] [READ AverageLatency(us)=14275.06] 
2014-07-09 08:52:20:588 1890 sec: 30984866 operations; 15686.63 current ops/sec; [INSERT AverageLatency(us)=17.01] [READ AverageLatency(us)=12847.88] 
2014-07-09 08:52:30:589 1900 sec: 31110518 operations; 12563.94 current ops/sec; [INSERT AverageLatency(us)=17.12] [READ AverageLatency(us)=16668.86] 
2014-07-09 08:52:40:590 1910 sec: 31231293 operations; 12076.29 current ops/sec; [INSERT AverageLatency(us)=18.35] [READ AverageLatency(us)=16225.52] 
2014-07-09 08:52:50:591 1920 sec: 31345984 operations; 11467.95 current ops/sec; [INSERT AverageLatency(us)=19.55] [READ AverageLatency(us)=17201.85] 
2014-07-09 08:53:00:592 1930 sec: 31467403 operations; 12140.69 current ops/sec; [INSERT AverageLatency(us)=18.93] [READ AverageLatency(us)=16046.58] 
2014-07-09 08:53:10:592 1940 sec: 31573827 operations; 10642.4 current ops/sec; [INSERT AverageLatency(us)=16.69] [READ AverageLatency(us)=18275.2] 
2014-07-09 08:53:20:593 1950 sec: 31688515 operations; 11467.65 current ops/sec; [INSERT AverageLatency(us)=16.97] [READ AverageLatency(us)=17205.84] 
2014-07-09 08:53:30:594 1960 sec: 31844652 operations; 15612.14 current ops/sec; [INSERT AverageLatency(us)=21.07] [READ AverageLatency(us)=12667.03] 
2014-07-09 08:53:40:594 1970 sec: 31978841 operations; 13418.9 current ops/sec; [INSERT AverageLatency(us)=21] [READ AverageLatency(us)=14632.06] 
2014-07-09 08:53:50:597 1980 sec: 32128810 operations; 14993.9 current ops/sec; [INSERT AverageLatency(us)=18.89] [READ AverageLatency(us)=13138.33] 
2014-07-09 08:54:00:598 1990 sec: 32272821 operations; 14398.22 current ops/sec; [INSERT AverageLatency(us)=17.58] [READ AverageLatency(us)=13753.77] 
2014-07-09 08:54:10:599 2000 sec: 32424441 operations; 15160.48 current ops/sec; [INSERT AverageLatency(us)=20.55] [READ AverageLatency(us)=12063.33] 
2014-07-09 08:54:20:600 2010 sec: 32562010 operations; 13755.52 current ops/sec; [INSERT AverageLatency(us)=19.52] [READ AverageLatency(us)=15400.89] 
2014-07-09 08:54:30:601 2020 sec: 32704553 operations; 14252.87 current ops/sec; [INSERT AverageLatency(us)=23.2] [READ AverageLatency(us)=12944.63] 
2014-07-09 08:54:40:619 2030 sec: 32859237 operations; 15440.61 current ops/sec; [INSERT AverageLatency(us)=18.76] [READ AverageLatency(us)=13492.59] 
2014-07-09 08:54:50:621 2040 sec: 33033719 operations; 17446.46 current ops/sec; [INSERT AverageLatency(us)=18.22] [READ AverageLatency(us)=11118.58] 
2014-07-09 08:55:00:622 2050 sec: 33188197 operations; 15446.26 current ops/sec; [INSERT AverageLatency(us)=16.96] [READ AverageLatency(us)=12707.98] 
2014-07-09 08:55:10:623 2060 sec: 33313649 operations; 12542.69 current ops/sec; [INSERT AverageLatency(us)=16.64] [READ AverageLatency(us)=15934.43] 
2014-07-09 08:55:20:650 2070 sec: 33435135 operations; 12115.89 current ops/sec; [INSERT AverageLatency(us)=19.81] [READ AverageLatency(us)=16034.21] 
2014-07-09 08:55:30:651 2080 sec: 33545065 operations; 10991.9 current ops/sec; [INSERT AverageLatency(us)=21.13] [READ AverageLatency(us)=17880.41] 
2014-07-09 08:55:40:652 2090 sec: 33665834 operations; 12075.69 current ops/sec; [INSERT AverageLatency(us)=17.14] [READ AverageLatency(us)=16245.69] 
2014-07-09 08:55:50:652 2100 sec: 33780730 operations; 11489.6 current ops/sec; [INSERT AverageLatency(us)=21] [READ AverageLatency(us)=16924.98] 
2014-07-09 08:56:00:659 2110 sec: 33885989 operations; 10518.54 current ops/sec; [INSERT AverageLatency(us)=17.94] [READ AverageLatency(us)=15616.66] 
2014-07-09 08:56:10:660 2120 sec: 34013483 operations; 12748.13 current ops/sec; [INSERT AverageLatency(us)=17.28] [READ AverageLatency(us)=17082.98] 
2014-07-09 08:56:20:661 2130 sec: 34160234 operations; 14673.63 current ops/sec; [INSERT AverageLatency(us)=16.07] [READ AverageLatency(us)=14569.7] 
2014-07-09 08:56:30:662 2140 sec: 34317278 operations; 15702.83 current ops/sec; [INSERT AverageLatency(us)=17.8] [READ AverageLatency(us)=12433.18] 
2014-07-09 08:56:40:663 2150 sec: 34462813 operations; 14553.5 current ops/sec; [INSERT AverageLatency(us)=17.09] [READ AverageLatency(us)=13628.32] 
2014-07-09 08:56:50:672 2160 sec: 34609700 operations; 14674.03 current ops/sec; [INSERT AverageLatency(us)=17.74] [READ AverageLatency(us)=13608.32] 
2014-07-09 08:57:00:673 2170 sec: 34747568 operations; 13785.42 current ops/sec; [INSERT AverageLatency(us)=18.28] [READ AverageLatency(us)=14382.43] 
2014-07-09 08:57:10:674 2180 sec: 34893171 operations; 14558.84 current ops/sec; [INSERT AverageLatency(us)=16.72] [READ AverageLatency(us)=13448.38] 
2014-07-09 08:57:20:675 2190 sec: 35005986 operations; 11281.5 current ops/sec; [INSERT AverageLatency(us)=16.97] [READ AverageLatency(us)=17478.04] 
2014-07-09 08:57:30:692 2200 sec: 35155326 operations; 14907.17 current ops/sec; [INSERT AverageLatency(us)=19.75] [READ AverageLatency(us)=13160.45] 
2014-07-09 08:57:40:693 2210 sec: 35306231 operations; 15088.99 current ops/sec; [INSERT AverageLatency(us)=18.24] [READ AverageLatency(us)=12949.64] 
2014-07-09 08:57:50:694 2220 sec: 35439595 operations; 13335.07 current ops/sec; [INSERT AverageLatency(us)=18.25] [READ AverageLatency(us)=14609.72] 
2014-07-09 08:58:00:695 2230 sec: 35559926 operations; 12031.9 current ops/sec; [INSERT AverageLatency(us)=15.71] [READ AverageLatency(us)=17118.4] 
2014-07-09 08:58:10:697 2240 sec: 35668537 operations; 10858.93 current ops/sec; [INSERT AverageLatency(us)=19.99] [READ AverageLatency(us)=18168.16] 
2014-07-09 08:58:20:729 2250 sec: 35792453 operations; 12352.07 current ops/sec; [INSERT AverageLatency(us)=24.95] [READ AverageLatency(us)=15860.48] 
2014-07-09 08:58:30:730 2260 sec: 35907660 operations; 11519.55 current ops/sec; [INSERT AverageLatency(us)=17.99] [READ AverageLatency(us)=17146.16] 
2014-07-09 08:58:40:731 2270 sec: 36014587 operations; 10691.63 current ops/sec; [INSERT AverageLatency(us)=18.04] [READ AverageLatency(us)=18455.73] 
2014-07-09 08:58:50:732 2280 sec: 36156855 operations; 14225.38 current ops/sec; [INSERT AverageLatency(us)=18.21] [READ AverageLatency(us)=13892.05] 
2014-07-09 08:59:00:737 2290 sec: 36313288 operations; 15635.48 current ops/sec; [INSERT AverageLatency(us)=16.6] [READ AverageLatency(us)=12776.65] 
2014-07-09 08:59:10:738 2300 sec: 36455899 operations; 14259.67 current ops/sec; [INSERT AverageLatency(us)=16.5] [READ AverageLatency(us)=13496.01] 
2014-07-09 08:59:20:739 2310 sec: 36609253 operations; 15333.87 current ops/sec; [INSERT AverageLatency(us)=17.66] [READ AverageLatency(us)=13036.96] 
2014-07-09 08:59:30:742 2320 sec: 36752012 operations; 14271.62 current ops/sec; [INSERT AverageLatency(us)=18.58] [READ AverageLatency(us)=13104.04] 
2014-07-09 08:59:40:743 2330 sec: 36904892 operations; 15286.47 current ops/sec; [INSERT AverageLatency(us)=17.96] [READ AverageLatency(us)=13662.43] 
2014-07-09 08:59:50:788 2340 sec: 37034786 operations; 12931.21 current ops/sec; [INSERT AverageLatency(us)=15.73] [READ AverageLatency(us)=15406.17] 
2014-07-09 09:00:00:789 2350 sec: 37168942 operations; 13414.26 current ops/sec; [INSERT AverageLatency(us)=17.7] [READ AverageLatency(us)=13464.08] 
2014-07-09 09:00:10:801 2360 sec: 37317864 operations; 14874.35 current ops/sec; [INSERT AverageLatency(us)=26.08] [READ AverageLatency(us)=14184.12] 
2014-07-09 09:00:20:803 2370 sec: 37470649 operations; 15275.44 current ops/sec; [INSERT AverageLatency(us)=32.9] [READ AverageLatency(us)=12846.66] 
2014-07-09 09:00:30:807 2380 sec: 37617373 operations; 14666.53 current ops/sec; [INSERT AverageLatency(us)=18.66] [READ AverageLatency(us)=13519.14] 
2014-07-09 09:00:40:815 2390 sec: 37756210 operations; 13872.6 current ops/sec; [INSERT AverageLatency(us)=21.8] [READ AverageLatency(us)=14192.5] 
2014-07-09 09:00:50:832 2400 sec: 37878670 operations; 12225.22 current ops/sec; [INSERT AverageLatency(us)=35.18] [READ AverageLatency(us)=16116.21] 
2014-07-09 09:01:00:833 2410 sec: 37990556 operations; 11187.48 current ops/sec; [INSERT AverageLatency(us)=15.4] [READ AverageLatency(us)=17882.28] 
2014-07-09 09:01:10:838 2420 sec: 38102360 operations; 11175.93 current ops/sec; [INSERT AverageLatency(us)=22.4] [READ AverageLatency(us)=17660.34] 
2014-07-09 09:01:20:839 2430 sec: 38139003 operations; 3663.57 current ops/sec; [INSERT AverageLatency(us)=16.53] [READ AverageLatency(us)=55671.17] 
2014-07-09 09:01:30:842 2440 sec: 38244830 operations; 10580.58 current ops/sec; [INSERT AverageLatency(us)=17.47] [READ AverageLatency(us)=18312.08] 
2014-07-09 09:01:40:858 2450 sec: 38402465 operations; 15736.75 current ops/sec; [INSERT AverageLatency(us)=17.73] [READ AverageLatency(us)=12702.84] 
2014-07-09 09:01:50:859 2460 sec: 38545690 operations; 14321.07 current ops/sec; [INSERT AverageLatency(us)=21.66] [READ AverageLatency(us)=13525.08] 
2014-07-09 09:02:00:861 2470 sec: 38686793 operations; 14107.48 current ops/sec; [INSERT AverageLatency(us)=17.5] [READ AverageLatency(us)=13981.62] 
2014-07-09 09:02:10:866 2480 sec: 38828242 operations; 14137.83 current ops/sec; [INSERT AverageLatency(us)=15.94] [READ AverageLatency(us)=14194.84] 
2014-07-09 09:02:20:964 2491 sec: 38972302 operations; 14266.19 current ops/sec; [INSERT AverageLatency(us)=26.46] [READ AverageLatency(us)=13450.23] 
2014-07-09 09:02:30:965 2501 sec: 39122317 operations; 15000 current ops/sec; [INSERT AverageLatency(us)=17.94] [READ AverageLatency(us)=13178.54] 
2014-07-09 09:02:40:985 2511 sec: 39254839 operations; 13225.75 current ops/sec; [INSERT AverageLatency(us)=18.87] [READ AverageLatency(us)=15081.78] 
2014-07-09 09:02:50:998 2521 sec: 39359195 operations; 10422.05 current ops/sec; [INSERT AverageLatency(us)=31.46] [READ AverageLatency(us)=18912.59] 
2014-07-09 09:03:01:001 2531 sec: 39495221 operations; 13598.52 current ops/sec; [INSERT AverageLatency(us)=22.31] [READ AverageLatency(us)=14596.79] 
2014-07-09 09:03:11:002 2541 sec: 39632408 operations; 13717.33 current ops/sec; [INSERT AverageLatency(us)=18.01] [READ AverageLatency(us)=14298.95] 
2014-07-09 09:03:21:011 2551 sec: 39756511 operations; 12399.14 current ops/sec; [INSERT AverageLatency(us)=21.05] [READ AverageLatency(us)=15834.21] 
2014-07-09 09:03:31:014 2561 sec: 39884734 operations; 12818.45 current ops/sec; [INSERT AverageLatency(us)=18.63] [READ AverageLatency(us)=15558.45] 
2014-07-09 09:03:41:015 2571 sec: 40009645 operations; 12489.85 current ops/sec; [INSERT AverageLatency(us)=17.58] [READ AverageLatency(us)=14819.83] 
2014-07-09 09:03:51:043 2581 sec: 40108746 operations; 9882.43 current ops/sec; [INSERT AverageLatency(us)=18.33] [READ AverageLatency(us)=19570.68] 
2014-07-09 09:04:01:043 2591 sec: 40203627 operations; 9488.1 current ops/sec; [INSERT AverageLatency(us)=19.31] [READ AverageLatency(us)=18577.96] 
2014-07-09 09:04:11:044 2601 sec: 40304492 operations; 10085.49 current ops/sec; [INSERT AverageLatency(us)=20.33] [READ AverageLatency(us)=23274.78] 
2014-07-09 09:04:21:073 2611 sec: 40380918 operations; 7620.5 current ops/sec; [INSERT AverageLatency(us)=17.02] [READ AverageLatency(us)=25942.5] 
2014-07-09 09:04:31:074 2621 sec: 40505856 operations; 12492.55 current ops/sec; [INSERT AverageLatency(us)=17.14] [READ AverageLatency(us)=15774.36] 
2014-07-09 09:04:41:075 2631 sec: 40654584 operations; 14871.31 current ops/sec; [INSERT AverageLatency(us)=16.73] [READ AverageLatency(us)=13180.77] 
2014-07-09 09:04:51:076 2641 sec: 40677526 operations; 2293.97 current ops/sec; [INSERT AverageLatency(us)=13.98] [READ AverageLatency(us)=13610.34] 
2014-07-09 09:05:01:077 2651 sec: 40814368 operations; 13682.83 current ops/sec; [INSERT AverageLatency(us)=18.52] [READ AverageLatency(us)=26215.12] 
2014-07-09 09:05:11:099 2661 sec: 40934839 operations; 12020.65 current ops/sec; [INSERT AverageLatency(us)=19.78] [READ AverageLatency(us)=16200.06] 
2014-07-09 09:05:21:101 2671 sec: 41060003 operations; 12513.9 current ops/sec; [INSERT AverageLatency(us)=34] [READ AverageLatency(us)=15883.14] 
2014-07-09 09:05:31:102 2681 sec: 41193575 operations; 13355.86 current ops/sec; [INSERT AverageLatency(us)=17.7] [READ AverageLatency(us)=14614.77] 
2014-07-09 09:05:41:103 2691 sec: 41336912 operations; 14332.27 current ops/sec; [INSERT AverageLatency(us)=18.79] [READ AverageLatency(us)=14039.64] 
2014-07-09 09:05:51:103 2701 sec: 41469886 operations; 13297.4 current ops/sec; [INSERT AverageLatency(us)=17.52] [READ AverageLatency(us)=14917.9] 
2014-07-09 09:06:01:113 2711 sec: 41574398 operations; 10440.76 current ops/sec; [INSERT AverageLatency(us)=20.12] [READ AverageLatency(us)=18938.11] 
2014-07-09 09:06:11:114 2721 sec: 41711403 operations; 13699.13 current ops/sec; [INSERT AverageLatency(us)=17.75] [READ AverageLatency(us)=14501.97] 
2014-07-09 09:06:21:133 2731 sec: 41825004 operations; 11338.56 current ops/sec; [INSERT AverageLatency(us)=19] [READ AverageLatency(us)=17064.92] 
2014-07-09 09:06:31:144 2741 sec: 41956879 operations; 13173.01 current ops/sec; [INSERT AverageLatency(us)=18.02] [READ AverageLatency(us)=15002.52] 
2014-07-09 09:06:41:146 2751 sec: 42082959 operations; 12605.48 current ops/sec; [INSERT AverageLatency(us)=16.47] [READ AverageLatency(us)=15569.95] 
2014-07-09 09:06:51:164 2761 sec: 42195581 operations; 11241.96 current ops/sec; [INSERT AverageLatency(us)=18.35] [READ AverageLatency(us)=16789.86] 
2014-07-09 09:07:01:167 2771 sec: 42320982 operations; 12536.34 current ops/sec; [INSERT AverageLatency(us)=19.01] [READ AverageLatency(us)=16515.2] 
2014-07-09 09:07:11:177 2781 sec: 42444219 operations; 12311.39 current ops/sec; [INSERT AverageLatency(us)=20.51] [READ AverageLatency(us)=15982.53] 
2014-07-09 09:07:21:205 2791 sec: 42561472 operations; 11700.73 current ops/sec; [INSERT AverageLatency(us)=19.14] [READ AverageLatency(us)=16585.74] 
2014-07-09 09:07:31:207 2801 sec: 42688753 operations; 12716.66 current ops/sec; [INSERT AverageLatency(us)=31.22] [READ AverageLatency(us)=15099.94] 
2014-07-09 09:07:41:207 2811 sec: 42827071 operations; 13831.8 current ops/sec; [INSERT AverageLatency(us)=13.6] [READ AverageLatency(us)=14257.84] 
2014-07-09 09:07:51:210 2821 sec: 42966531 operations; 13941.82 current ops/sec; [INSERT AverageLatency(us)=19.26] [READ AverageLatency(us)=13914] 
2014-07-09 09:08:01:220 2831 sec: 43112923 operations; 14624.58 current ops/sec; [INSERT AverageLatency(us)=19.46] [READ AverageLatency(us)=13776.67] 
2014-07-09 09:08:11:221 2841 sec: 43254537 operations; 14159.98 current ops/sec; [INSERT AverageLatency(us)=23.49] [READ AverageLatency(us)=13855.39] 
2014-07-09 09:08:21:253 2851 sec: 43396179 operations; 14120.43 current ops/sec; [INSERT AverageLatency(us)=18.01] [READ AverageLatency(us)=14027] 
2014-07-09 09:08:31:260 2861 sec: 43532493 operations; 13620.5 current ops/sec; [INSERT AverageLatency(us)=17.23] [READ AverageLatency(us)=14544.94] 
2014-07-09 09:08:41:261 2871 sec: 43627366 operations; 9486.35 current ops/sec; [INSERT AverageLatency(us)=16.37] [READ AverageLatency(us)=20834.14] 
2014-07-09 09:08:51:263 2881 sec: 43726748 operations; 9936.21 current ops/sec; [INSERT AverageLatency(us)=19.56] [READ AverageLatency(us)=19855.97] 
2014-07-09 09:09:01:266 2891 sec: 43833602 operations; 10682.2 current ops/sec; [INSERT AverageLatency(us)=15.17] [READ AverageLatency(us)=18343.23] 
2014-07-09 09:09:11:280 2901 sec: 43941030 operations; 10728.85 current ops/sec; [INSERT AverageLatency(us)=24.4] [READ AverageLatency(us)=18229.83] 
2014-07-09 09:09:21:296 2911 sec: 44070000 operations; 12875.11 current ops/sec; [INSERT AverageLatency(us)=18.69] [READ AverageLatency(us)=15408.39] 
2014-07-09 09:09:31:309 2921 sec: 44164047 operations; 9392.49 current ops/sec; [INSERT AverageLatency(us)=18.07] [READ AverageLatency(us)=21299.65] 
2014-07-09 09:09:41:310 2931 sec: 44172223 operations; 817.52 current ops/sec; [INSERT AverageLatency(us)=13.35] [READ AverageLatency(us)=12928.35] 
2014-07-09 09:09:51:311 2941 sec: 44172223 operations; 0 current ops/sec;   
2014-07-09 09:10:01:312 2951 sec: 44172223 operations; 0 current ops/sec;   
2014-07-09 09:10:11:313 2961 sec: 44172223 operations; 0 current ops/sec;   
2014-07-09 09:10:21:314 2971 sec: 44172223 operations; 0 current ops/sec;   
2014-07-09 09:10:31:314 2981 sec: 44172223 operations; 0 current ops/sec;   
2014-07-09 09:10:41:315 2991 sec: 44172223 operations; 0 current ops/sec;   
2014-07-09 09:10:51:316 3001 sec: 44172223 operations; 0 current ops/sec;   
2014-07-09 09:11:01:317 3011 sec: 44172223 operations; 0 current ops/sec;   
2014-07-09 09:11:11:317 3021 sec: 44172223 operations; 0 current ops/sec;   
2014-07-09 09:11:21:326 3031 sec: 44172223 operations; 0 current ops/sec;   
2014-07-09 09:11:31:326 3041 sec: 44172223 operations; 0 current ops/sec;   
2014-07-09 09:11:41:327 3051 sec: 44172223 operations; 0 current ops/sec;   
2014-07-09 09:11:51:328 3061 sec: 44172223 operations; 0 current ops/sec;   
2014-07-09 09:12:01:328 3071 sec: 44172223 operations; 0 current ops/sec;   
2014-07-09 09:12:11:329 3081 sec: 44172223 operations; 0 current ops/sec;   
2014-07-09 09:12:21:330 3091 sec: 44172223 operations; 0 current ops/sec;   
2014-07-09 09:12:31:330 3101 sec: 44172223 operations; 0 current ops/sec;   
2014-07-09 09:12:41:331 3111 sec: 44226364 operations; 5413.56 current ops/sec; [INSERT AverageLatency(us)=54.02] [READ AverageLatency(us)=707548.2] 
2014-07-09 09:12:51:331 3121 sec: 44340084 operations; 11372 current ops/sec; [INSERT AverageLatency(us)=20.41] [READ AverageLatency(us)=17012.69] 
2014-07-09 09:13:01:332 3131 sec: 44460899 operations; 12080.29 current ops/sec; [INSERT AverageLatency(us)=18.59] [READ AverageLatency(us)=16377.04] 
2014-07-09 09:13:11:333 3141 sec: 44573255 operations; 11234.48 current ops/sec; [INSERT AverageLatency(us)=13.26] [READ AverageLatency(us)=17366.11] 
2014-07-09 09:13:21:334 3151 sec: 44694774 operations; 12150.68 current ops/sec; [INSERT AverageLatency(us)=17.2] [READ AverageLatency(us)=16030.99] 
2014-07-09 09:13:31:335 3161 sec: 44806755 operations; 11198.1 current ops/sec; [INSERT AverageLatency(us)=17.22] [READ AverageLatency(us)=17873.11] 
2014-07-09 09:13:41:335 3171 sec: 44924335 operations; 11756.82 current ops/sec; [INSERT AverageLatency(us)=15.4] [READ AverageLatency(us)=17058.45] 
2014-07-09 09:13:51:336 3181 sec: 45036868 operations; 11252.17 current ops/sec; [INSERT AverageLatency(us)=16.45] [READ AverageLatency(us)=17175.07] 
2014-07-09 09:14:01:358 3191 sec: 45124866 operations; 8780.48 current ops/sec; [INSERT AverageLatency(us)=15.65] [READ AverageLatency(us)=22799.35] 
2014-07-09 09:14:11:358 3201 sec: 45221688 operations; 9682.2 current ops/sec; [INSERT AverageLatency(us)=16.4] [READ AverageLatency(us)=19548.77] 
2014-07-09 09:14:21:372 3211 sec: 45307011 operations; 8520.37 current ops/sec; [INSERT AverageLatency(us)=21.21] [READ AverageLatency(us)=24448.71] 
2014-07-09 09:14:31:374 3221 sec: 45380204 operations; 7317.84 current ops/sec; [INSERT AverageLatency(us)=30.02] [READ AverageLatency(us)=18020.04] 
2014-07-09 09:14:41:375 3231 sec: 45380206 operations; 0.2 current ops/sec;  [READ AverageLatency(us)=19623.5] 
2014-07-09 09:14:51:376 3241 sec: 45390658 operations; 1045.1 current ops/sec; [INSERT AverageLatency(us)=4469.69] [READ AverageLatency(us)=8647.98] 
2014-07-09 09:15:01:377 3251 sec: 45451832 operations; 6116.79 current ops/sec; [INSERT AverageLatency(us)=8184.78] [READ AverageLatency(us)=25541] 
2014-07-09 09:15:11:377 3261 sec: 45511563 operations; 5973.1 current ops/sec; [INSERT AverageLatency(us)=36.07] [READ AverageLatency(us)=23384.33] 
2014-07-09 09:15:21:378 3271 sec: 45511563 operations; 0 current ops/sec;   
2014-07-09 09:15:31:379 3281 sec: 45565755 operations; 5418.66 current ops/sec; [INSERT AverageLatency(us)=21.14] [READ AverageLatency(us)=85185.29] 
2014-07-09 09:15:41:380 3291 sec: 45683921 operations; 11815.42 current ops/sec; [INSERT AverageLatency(us)=23.43] [READ AverageLatency(us)=16504.33] 
2014-07-09 09:15:51:388 3301 sec: 45799968 operations; 11595.42 current ops/sec; [INSERT AverageLatency(us)=31.27] [READ AverageLatency(us)=16347.29] 
2014-07-09 09:16:01:389 3311 sec: 45918578 operations; 11859.81 current ops/sec; [INSERT AverageLatency(us)=25.29] [READ AverageLatency(us)=16725.98] 
2014-07-09 09:16:11:390 3321 sec: 46037087 operations; 11849.72 current ops/sec; [INSERT AverageLatency(us)=20.85] [READ AverageLatency(us)=16912.03] 
2014-07-09 09:16:21:391 3331 sec: 46177640 operations; 14053.89 current ops/sec; [INSERT AverageLatency(us)=16.52] [READ AverageLatency(us)=14065.67] 
2014-07-09 09:16:31:392 3341 sec: 46280161 operations; 10252.1 current ops/sec; [INSERT AverageLatency(us)=21.18] [READ AverageLatency(us)=19270.37] 
2014-07-09 09:16:41:393 3351 sec: 46405469 operations; 12529.55 current ops/sec; [INSERT AverageLatency(us)=21.63] [READ AverageLatency(us)=15892.39] 
2014-07-09 09:16:51:393 3361 sec: 46515360 operations; 10988 current ops/sec; [INSERT AverageLatency(us)=17.87] [READ AverageLatency(us)=17860.98] 
2014-07-09 09:17:01:394 3371 sec: 46639423 operations; 12405.06 current ops/sec; [INSERT AverageLatency(us)=15.89] [READ AverageLatency(us)=14988.46] 
2014-07-09 09:17:11:395 3381 sec: 46750034 operations; 11059.99 current ops/sec; [INSERT AverageLatency(us)=15.23] [READ AverageLatency(us)=18600.02] 
2014-07-09 09:17:21:396 3391 sec: 46869871 operations; 11982.5 current ops/sec; [INSERT AverageLatency(us)=13.21] [READ AverageLatency(us)=16519.9] 
2014-07-09 09:17:31:397 3401 sec: 46994091 operations; 12420.76 current ops/sec; [INSERT AverageLatency(us)=18.59] [READ AverageLatency(us)=15341.23] 
2014-07-09 09:17:41:398 3411 sec: 47135230 operations; 14112.49 current ops/sec; [INSERT AverageLatency(us)=17.87] [READ AverageLatency(us)=14289.56] 
2014-07-09 09:17:51:398 3421 sec: 47261900 operations; 12667 current ops/sec; [INSERT AverageLatency(us)=16.85] [READ AverageLatency(us)=15555.84] 
2014-07-09 09:18:01:399 3431 sec: 47382214 operations; 12030.2 current ops/sec; [INSERT AverageLatency(us)=16.77] [READ AverageLatency(us)=16461.36] 
2014-07-09 09:18:11:400 3441 sec: 47459211 operations; 7698.93 current ops/sec; [INSERT AverageLatency(us)=577.6] [READ AverageLatency(us)=10816.6] 
2014-07-09 09:18:21:401 3451 sec: 47468417 operations; 920.51 current ops/sec; [INSERT AverageLatency(us)=9688.43] [READ AverageLatency(us)=77725.01] 
2014-07-09 09:18:31:403 3461 sec: 47468417 operations; 0 current ops/sec;   
2014-07-09 09:18:41:403 3471 sec: 47606682 operations; 13825.12 current ops/sec; [INSERT AverageLatency(us)=18.04] [READ AverageLatency(us)=38341.6] 
2014-07-09 09:18:51:404 3481 sec: 47736020 operations; 12932.51 current ops/sec; [INSERT AverageLatency(us)=20.72] [READ AverageLatency(us)=15156.96] 
2014-07-09 09:19:01:405 3491 sec: 47864986 operations; 12895.31 current ops/sec; [INSERT AverageLatency(us)=19.83] [READ AverageLatency(us)=15219.63] 
2014-07-09 09:19:11:406 3501 sec: 47982686 operations; 11768.82 current ops/sec; [INSERT AverageLatency(us)=20.48] [READ AverageLatency(us)=16681.33] 
2014-07-09 09:19:21:407 3511 sec: 48094029 operations; 11133.19 current ops/sec; [INSERT AverageLatency(us)=16.23] [READ AverageLatency(us)=17544.43] 
2014-07-09 09:19:31:409 3521 sec: 48217195 operations; 12315.37 current ops/sec; [INSERT AverageLatency(us)=21.43] [READ AverageLatency(us)=15957.93] 
2014-07-09 09:19:41:409 3531 sec: 48359661 operations; 14245.18 current ops/sec; [INSERT AverageLatency(us)=15.86] [READ AverageLatency(us)=13904.65] 
2014-07-09 09:19:51:410 3541 sec: 48474261 operations; 11458.85 current ops/sec; [INSERT AverageLatency(us)=18.67] [READ AverageLatency(us)=17111.55] 
2014-07-09 09:20:01:411 3551 sec: 48599954 operations; 12569.3 current ops/sec; [INSERT AverageLatency(us)=17.21] [READ AverageLatency(us)=15531.6] 
2014-07-09 09:20:11:411 3561 sec: 48708768 operations; 10880.31 current ops/sec; [INSERT AverageLatency(us)=17.44] [READ AverageLatency(us)=18031.59] 
2014-07-09 09:20:21:412 3571 sec: 48830884 operations; 12210.38 current ops/sec; [INSERT AverageLatency(us)=14.13] [READ AverageLatency(us)=15804.3] 
2014-07-09 09:20:31:414 3581 sec: 48966836 operations; 13592.48 current ops/sec; [INSERT AverageLatency(us)=15.99] [READ AverageLatency(us)=15107.85] 
2014-07-09 09:20:41:416 3591 sec: 49107405 operations; 14055.49 current ops/sec; [INSERT AverageLatency(us)=17.72] [READ AverageLatency(us)=14041.71] 
2014-07-09 09:20:51:416 3601 sec: 49238384 operations; 13096.59 current ops/sec; [INSERT AverageLatency(us)=16.98] [READ AverageLatency(us)=15232.35] 
2014-07-09 09:21:01:417 3611 sec: 49366965 operations; 12856.81 current ops/sec; [INSERT AverageLatency(us)=21.33] [READ AverageLatency(us)=15380.68] 
2014-07-09 09:21:11:418 3621 sec: 49425345 operations; 5837.42 current ops/sec; [INSERT AverageLatency(us)=431.51] [READ AverageLatency(us)=8056.09] 
2014-07-09 09:21:21:419 3631 sec: 49425718 operations; 37.3 current ops/sec; [INSERT AverageLatency(us)=382657.16] [READ AverageLatency(us)=327494.07] 
2014-07-09 09:21:31:421 3641 sec: 49503852 operations; 7812.62 current ops/sec; [INSERT AverageLatency(us)=16.18] [READ AverageLatency(us)=49956.55] 
2014-07-09 09:21:41:421 3651 sec: 49627323 operations; 12345.87 current ops/sec; [INSERT AverageLatency(us)=15.83] [READ AverageLatency(us)=15796] 
2014-07-09 09:21:51:424 3661 sec: 49737273 operations; 10992.8 current ops/sec; [INSERT AverageLatency(us)=18.63] [READ AverageLatency(us)=18000.87] 
2014-07-09 09:22:01:620 3671 sec: 49855766 operations; 11639.78 current ops/sec; [UPDATE AverageLatency(us)=462826.5] [INSERT AverageLatency(us)=20.08] [READ AverageLatency(us)=16350.19] [CLEANUP AverageLatency(us)=464000] 
2014-07-09 09:22:11:698 3681 sec: 49971482 operations; 11463.84 current ops/sec; [UPDATE AverageLatency(us)=259066] [INSERT AverageLatency(us)=17.59] [READ AverageLatency(us)=12285.66] [CLEANUP AverageLatency(us)=259087.29] 
2014-07-09 09:22:19:627 3689 sec: 50000000 operations; 3596.22 current ops/sec; [UPDATE AverageLatency(us)=430242.36] [INSERT AverageLatency(us)=19.35] [READ AverageLatency(us)=12473.46] [CLEANUP AverageLatency(us)=430262.64] 
+ echo 'end time:'
end time:
++ date +%s
+ echo 1404922941
1404922941
+ echo 'sleeping for 10 sec ...'
sleeping for 10 sec ...
+ sleep 10
+ let counter=1+1
+ read line
+ set +x
