+ filename=case350
+ requestdistribution=
+ RESULT_DIR=/home/hadoop/git/physical_design/caseresult/case350
+ TEN=10
+ SIXTY=60
+ SLEEP_TIME=60
+ YCSB_DIR=/home/hadoop/ycsb-0.1.4
+ number_of_operations=25000000
+ number_of_threads=20
+ number_of_records=25000000
+ output_file_suffix=.dat
+ experiment_list_file=/home/hadoop/git/physical_design/case350.list
+ clean=false
+ create=false
+ load=false
+ random_read=false
+ workloada=false
+ workloadb=false
+ workloadc=false
+ workloadc1=false
+ scan=false
+ all=false
+ for i in '$@'
+ '[' case350 == all ']'
+ '[' case350 == clean ']'
+ '[' case350 == create ']'
+ '[' case350 == load ']'
+ '[' case350 == random_read ']'
+ '[' case350 == scan ']'
+ '[' case350 == workloada ']'
+ '[' case350 == workloadb ']'
+ '[' case350 == workloadc ']'
+ '[' case350 == workloadc1 ']'
+ '[' case350 == zipfian ']'
+ '[' case350 == uniform ']'
+ for i in '$@'
+ '[' clean == all ']'
+ '[' clean == clean ']'
+ clean=true
+ for i in '$@'
+ '[' create == all ']'
+ '[' create == clean ']'
+ '[' create == create ']'
+ create=true
+ for i in '$@'
+ '[' workloadc1 == all ']'
+ '[' workloadc1 == clean ']'
+ '[' workloadc1 == create ']'
+ '[' workloadc1 == load ']'
+ '[' workloadc1 == random_read ']'
+ '[' workloadc1 == scan ']'
+ '[' workloadc1 == workloada ']'
+ '[' workloadc1 == workloadb ']'
+ '[' workloadc1 == workloadc ']'
+ '[' workloadc1 == workloadc1 ']'
+ workloadc1=true
+ for i in '$@'
+ '[' zipfian == all ']'
+ '[' zipfian == clean ']'
+ '[' zipfian == create ']'
+ '[' zipfian == load ']'
+ '[' zipfian == random_read ']'
+ '[' zipfian == scan ']'
+ '[' zipfian == workloada ']'
+ '[' zipfian == workloadb ']'
+ '[' zipfian == workloadc ']'
+ '[' zipfian == workloadc1 ']'
+ '[' zipfian == zipfian ']'
+ requestdistribution=zipfian
+ let counter=1
+ cd /home/hadoop/ycsb-0.1.4
++ pwd
+ echo /home/hadoop/ycsb-0.1.4
/home/hadoop/ycsb-0.1.4
+ read line
+ false
+ true
+ echo 'sleeping for 60 ...'
sleeping for 60 ...
+ sleep 60
+ echo 'droping usertable...'
droping usertable...
+ ssh hadoop@slave1 /home/hadoop/hbase/bin/hbase-daemon.sh start regionserver
starting regionserver, logging to /home/hadoop/hbase/bin/../logs/hbase-hadoop-regionserver-sceplus-vm49.out
+ ssh hadoop@master /home/hadoop/hbase/bin/hbase shell /home/hadoop/git/physical_design/delete_table
2014-08-11 06:19:09,295 WARN  [main] util.NativeCodeLoader: Unable to load native-hadoop library for your platform... using builtin-java classes where applicable
0 row(s) in 3.0790 seconds

0 row(s) in 1.2730 seconds

0 row(s) in 0.0840 seconds

+ echo 'sleeping for 60 ...'
sleeping for 60 ...
+ sleep 60
+ false
+ true
+ echo 'creating usertable...'
creating usertable...
+ create_statement='create '\''usertable'\'', { NAME=>'\''family'\'', COMPRESSION=>'\''GZ'\''}, SPLITS => ['\''user1'\'', '\''user2'\'', '\''user3'\'', '\''user4'\'', '\''user5'\'', '\''user6'\'', '\''user7'\'', '\''user8'\'', '\''user9'\'']'
+ echo create ''\''usertable'\'',' '{' 'NAME=>'\''family'\'',' 'COMPRESSION=>'\''GZ'\''},' SPLITS '=>' '['\''user1'\'',' ''\''user2'\'',' ''\''user3'\'',' ''\''user4'\'',' ''\''user5'\'',' ''\''user6'\'',' ''\''user7'\'',' ''\''user8'\'',' ''\''user9'\'']'
+ echo 'exit '
+ scp /home/hadoop/git/physical_design/caseresult/case350/create_1.script hadoop@master:/home/hadoop/git/physical_design/caseresult/case350/create_1.script
+ create_table /home/hadoop/git/physical_design/caseresult/case350/create_1.script
+ echo 'creating table...'
creating table...
+ echo /home/hadoop/git/physical_design/caseresult/case350/create_1.script
/home/hadoop/git/physical_design/caseresult/case350/create_1.script
+ ssh hadoop@master /home/hadoop/hbase/bin/hbase shell /home/hadoop/git/physical_design/caseresult/case350/create_1.script
2014-08-11 06:20:20,831 WARN  [main] util.NativeCodeLoader: Unable to load native-hadoop library for your platform... using builtin-java classes where applicable
0 row(s) in 2.1310 seconds

+ echo 'sleeping for 10 sec ...'
sleeping for 10 sec ...
+ sleep 10
+ false
+ false
+ false
+ false
+ false
+ false
+ false
+ false
+ false
+ false
+ false
+ false
+ false
+ true
+ echo workloadc1...
workloadc1...
+ echo 'start time: '
start time: 
++ date +%s
+ echo 1407734767
1407734767
++ echo /home/hadoop/git/physical_design/caseresult/case350/workloadc1_1.dat
+ ./workloadc1 25000000 20 /home/hadoop/git/physical_design/caseresult/case350/workloadc1_1.dat
Loading workload...
Starting test.
2014-08-10 22:26:08:395 0 sec: 0 operations; 
14/08/10 22:26:08 INFO zookeeper.ZooKeeper: Client environment:zookeeper.version=3.4.6-1569965, built on 02/20/2014 09:09 GMT
14/08/10 22:26:08 INFO zookeeper.ZooKeeper: Client environment:host.name=sceplus-vm43.almaden.ibm.com
14/08/10 22:26:08 INFO zookeeper.ZooKeeper: Client environment:java.version=1.6.0_31
14/08/10 22:26:08 INFO zookeeper.ZooKeeper: Client environment:java.vendor=Sun Microsystems Inc.
14/08/10 22:26:08 INFO zookeeper.ZooKeeper: Client environment:java.home=/usr/lib/jvm/java-6-openjdk-amd64/jre
14/08/10 22:26:08 INFO zookeeper.ZooKeeper: Client environment:java.class.path=/home/hadoop/ycsb-0.1.4/hbase-binding/lib/hbase-binding-0.1.4.jar:/home/hadoop/ycsb-0.1.4/hbase-binding/conf:/home/hadoop/ycsb-0.1.4/core/lib/core-0.1.4.jar:/home/hadoop/ycsb-0.1.4/jdbc-binding/conf
14/08/10 22:26:08 INFO zookeeper.ZooKeeper: Client environment:java.library.path=/usr/lib/jvm/java-6-openjdk-amd64/jre/lib/amd64/server:/usr/lib/jvm/java-6-openjdk-amd64/jre/lib/amd64:/usr/lib/jvm/java-6-openjdk-amd64/jre/../lib/amd64:/usr/java/packages/lib/amd64:/usr/lib/jni:/lib:/usr/lib
14/08/10 22:26:08 INFO zookeeper.ZooKeeper: Client environment:java.io.tmpdir=/tmp
14/08/10 22:26:08 INFO zookeeper.ZooKeeper: Client environment:java.compiler=<NA>
14/08/10 22:26:08 INFO zookeeper.ZooKeeper: Client environment:os.name=Linux
14/08/10 22:26:08 INFO zookeeper.ZooKeeper: Client environment:os.arch=amd64
14/08/10 22:26:08 INFO zookeeper.ZooKeeper: Client environment:os.version=3.13.0-24-generic
14/08/10 22:26:08 INFO zookeeper.ZooKeeper: Client environment:user.name=hadoop
14/08/10 22:26:08 INFO zookeeper.ZooKeeper: Client environment:user.home=/home/hadoop
14/08/10 22:26:08 INFO zookeeper.ZooKeeper: Client environment:user.dir=/home/hadoop/ycsb-0.1.4
14/08/10 22:26:08 INFO zookeeper.ZooKeeper: Initiating client connection, connectString=sceplus-vm49.almaden.ibm.com:2181,sceplus-vm48.almaden.ibm.com:2181 sessionTimeout=90000 watcher=hconnection-0x3588d364, quorum=sceplus-vm49.almaden.ibm.com:2181,sceplus-vm48.almaden.ibm.com:2181, baseZNode=/hbase
14/08/10 22:26:08 INFO zookeeper.RecoverableZooKeeper: Process identifier=hconnection-0x3588d364 connecting to ZooKeeper ensemble=sceplus-vm49.almaden.ibm.com:2181,sceplus-vm48.almaden.ibm.com:2181
14/08/10 22:26:08 INFO zookeeper.ClientCnxn: Opening socket connection to server master/9.1.143.58:2181. Will not attempt to authenticate using SASL (unknown error)
14/08/10 22:26:08 INFO zookeeper.ClientCnxn: Socket connection established to master/9.1.143.58:2181, initiating session
14/08/10 22:26:08 INFO zookeeper.ClientCnxn: Session establishment complete on server master/9.1.143.58:2181, sessionid = 0x47c537d656000c, negotiated timeout = 90000
14/08/10 22:26:09 WARN util.DynamicClassLoader: Failed to identify the fs of dir hdfs://master:54310/hbase/lib, ignored
org.apache.hadoop.ipc.RemoteException: Server IPC version 9 cannot communicate with client version 4
	at org.apache.hadoop.ipc.Client.call(Client.java:1113)
	at org.apache.hadoop.ipc.RPC$Invoker.invoke(RPC.java:229)
	at com.sun.proxy.$Proxy5.getProtocolVersion(Unknown Source)
	at sun.reflect.NativeMethodAccessorImpl.invoke0(Native Method)
	at sun.reflect.NativeMethodAccessorImpl.invoke(NativeMethodAccessorImpl.java:57)
	at sun.reflect.DelegatingMethodAccessorImpl.invoke(DelegatingMethodAccessorImpl.java:43)
	at java.lang.reflect.Method.invoke(Method.java:622)
	at org.apache.hadoop.io.retry.RetryInvocationHandler.invokeMethod(RetryInvocationHandler.java:85)
	at org.apache.hadoop.io.retry.RetryInvocationHandler.invoke(RetryInvocationHandler.java:62)
	at com.sun.proxy.$Proxy5.getProtocolVersion(Unknown Source)
	at org.apache.hadoop.ipc.RPC.checkVersion(RPC.java:422)
	at org.apache.hadoop.hdfs.DFSClient.createNamenode(DFSClient.java:183)
	at org.apache.hadoop.hdfs.DFSClient.<init>(DFSClient.java:281)
	at org.apache.hadoop.hdfs.DFSClient.<init>(DFSClient.java:245)
	at org.apache.hadoop.hdfs.DistributedFileSystem.initialize(DistributedFileSystem.java:100)
	at org.apache.hadoop.fs.FileSystem.createFileSystem(FileSystem.java:1446)
	at org.apache.hadoop.fs.FileSystem.access$200(FileSystem.java:67)
	at org.apache.hadoop.fs.FileSystem$Cache.get(FileSystem.java:1464)
	at org.apache.hadoop.fs.FileSystem.get(FileSystem.java:263)
	at org.apache.hadoop.fs.Path.getFileSystem(Path.java:187)
	at org.apache.hadoop.hbase.util.DynamicClassLoader.<init>(DynamicClassLoader.java:104)
	at org.apache.hadoop.hbase.protobuf.ProtobufUtil.<clinit>(ProtobufUtil.java:202)
	at org.apache.hadoop.hbase.ClusterId.parseFrom(ClusterId.java:64)
	at org.apache.hadoop.hbase.zookeeper.ZKClusterId.readClusterIdZNode(ZKClusterId.java:69)
	at org.apache.hadoop.hbase.client.ZooKeeperRegistry.getClusterId(ZooKeeperRegistry.java:83)
	at org.apache.hadoop.hbase.client.HConnectionManager$HConnectionImplementation.retrieveClusterId(HConnectionManager.java:858)
	at org.apache.hadoop.hbase.client.HConnectionManager$HConnectionImplementation.<init>(HConnectionManager.java:663)
	at sun.reflect.NativeConstructorAccessorImpl.newInstance0(Native Method)
	at sun.reflect.NativeConstructorAccessorImpl.newInstance(NativeConstructorAccessorImpl.java:57)
	at sun.reflect.DelegatingConstructorAccessorImpl.newInstance(DelegatingConstructorAccessorImpl.java:45)
	at java.lang.reflect.Constructor.newInstance(Constructor.java:534)
	at org.apache.hadoop.hbase.client.HConnectionManager.createConnection(HConnectionManager.java:415)
	at org.apache.hadoop.hbase.client.HConnectionManager.createConnection(HConnectionManager.java:394)
	at org.apache.hadoop.hbase.client.HConnectionManager.getConnection(HConnectionManager.java:275)
	at org.apache.hadoop.hbase.client.HTable.<init>(HTable.java:197)
	at org.apache.hadoop.hbase.client.HTable.<init>(HTable.java:159)
	at com.yahoo.ycsb.db.HBaseClient.getHTable(HBaseClient.java:118)
	at com.yahoo.ycsb.db.HBaseClient.update(HBaseClient.java:302)
	at com.yahoo.ycsb.db.HBaseClient.insert(HBaseClient.java:357)
	at com.yahoo.ycsb.DBWrapper.insert(DBWrapper.java:148)
	at com.yahoo.ycsb.workloads.CoreWorkload.doTransactionInsert(CoreWorkload.java:639)
	at com.yahoo.ycsb.workloads.CoreWorkload.doTransaction(CoreWorkload.java:487)
	at com.yahoo.ycsb.ClientThread.run(Client.java:241)
2014-08-10 22:26:18:396 10 sec: 192021 operations; 19198.26 current ops/sec; [INSERT AverageLatency(us)=542.99] [READ AverageLatency(us)=39143.44] 
2014-08-10 22:26:28:397 20 sec: 407190 operations; 21514.75 current ops/sec; [INSERT AverageLatency(us)=26.56] [READ AverageLatency(us)=91232.36] 
2014-08-10 22:26:38:398 30 sec: 675543 operations; 26832.62 current ops/sec; [INSERT AverageLatency(us)=16.75] [READ AverageLatency(us)=71037.72] 
2014-08-10 22:26:48:398 40 sec: 905415 operations; 22987.2 current ops/sec; [INSERT AverageLatency(us)=15.4] [READ AverageLatency(us)=81482.96] 
2014-08-10 22:26:58:399 50 sec: 1139249 operations; 23381.06 current ops/sec; [INSERT AverageLatency(us)=13.62] [READ AverageLatency(us)=83629.83] 
2014-08-10 22:27:08:400 60 sec: 1308511 operations; 16924.51 current ops/sec; [INSERT AverageLatency(us)=13.5] [READ AverageLatency(us)=114425.15] 
2014-08-10 22:27:18:402 70 sec: 1496978 operations; 18842.93 current ops/sec; [INSERT AverageLatency(us)=14.86] [READ AverageLatency(us)=105294.79] 
2014-08-10 22:27:28:404 80 sec: 1703043 operations; 20604.44 current ops/sec; [INSERT AverageLatency(us)=14.64] [READ AverageLatency(us)=98469.28] 
2014-08-10 22:27:38:405 90 sec: 1726839 operations; 2379.12 current ops/sec; [INSERT AverageLatency(us)=15.26] [READ AverageLatency(us)=144719.81] 
2014-08-10 22:27:48:407 100 sec: 1726839 operations; 0 current ops/sec;   
2014-08-10 22:27:58:408 110 sec: 1726839 operations; 0 current ops/sec;   
2014-08-10 22:28:08:410 120 sec: 1726839 operations; 0 current ops/sec;   
2014-08-10 22:28:18:411 130 sec: 1726839 operations; 0 current ops/sec;   
2014-08-10 22:28:28:413 140 sec: 1726839 operations; 0 current ops/sec;   
2014-08-10 22:28:38:414 150 sec: 1726839 operations; 0 current ops/sec;   
2014-08-10 22:28:48:416 160 sec: 1726839 operations; 0 current ops/sec;   
2014-08-10 22:28:58:417 170 sec: 1728938 operations; 209.86 current ops/sec; [INSERT AverageLatency(us)=8.87] [READ AverageLatency(us)=87733036.95] 
2014-08-10 22:29:08:419 180 sec: 1924689 operations; 19571.19 current ops/sec; [INSERT AverageLatency(us)=119.59] [READ AverageLatency(us)=99193.02] 
2014-08-10 22:29:18:420 190 sec: 2043519 operations; 11881.81 current ops/sec; [INSERT AverageLatency(us)=17.21] [READ AverageLatency(us)=162336.16] 
2014-08-10 22:29:28:422 200 sec: 2220817 operations; 17726.25 current ops/sec; [INSERT AverageLatency(us)=503.05] [READ AverageLatency(us)=60394.79] 
2014-08-10 22:29:38:424 210 sec: 2419096 operations; 19825.92 current ops/sec; [INSERT AverageLatency(us)=16.33] [READ AverageLatency(us)=74836.99] 
2014-08-10 22:29:48:425 220 sec: 2419096 operations; 0 current ops/sec;   
2014-08-10 22:29:58:427 230 sec: 2531538 operations; 11241.95 current ops/sec; [INSERT AverageLatency(us)=2906.31] [READ AverageLatency(us)=93321.93] 
2014-08-10 22:30:08:428 240 sec: 2745968 operations; 21440.86 current ops/sec; [INSERT AverageLatency(us)=13.44] [READ AverageLatency(us)=103994.7] 
2014-08-10 22:30:18:430 250 sec: 2907495 operations; 16149.47 current ops/sec; [INSERT AverageLatency(us)=17.3] [READ AverageLatency(us)=43933.28] 
2014-08-10 22:30:28:431 260 sec: 2912077 operations; 458.15 current ops/sec; [INSERT AverageLatency(us)=17665.42] [READ AverageLatency(us)=37662.52] 
2014-08-10 22:30:38:433 270 sec: 3131083 operations; 21896.22 current ops/sec; [INSERT AverageLatency(us)=1317.69] [READ AverageLatency(us)=74044.86] 
2014-08-10 22:30:48:519 280 sec: 3427672 operations; 29406.01 current ops/sec; [INSERT AverageLatency(us)=16.61] [READ AverageLatency(us)=62966.97] 
2014-08-10 22:30:58:521 290 sec: 3471949 operations; 4426.81 current ops/sec; [INSERT AverageLatency(us)=918.39] [READ AverageLatency(us)=10985.31] 
2014-08-10 22:31:08:522 300 sec: 3667416 operations; 19544.75 current ops/sec; [INSERT AverageLatency(us)=1026.17] [READ AverageLatency(us)=79299.28] 
2014-08-10 22:31:18:524 310 sec: 3955655 operations; 28818.14 current ops/sec; [INSERT AverageLatency(us)=13.76] [READ AverageLatency(us)=64118.07] 
2014-08-10 22:31:28:525 320 sec: 3955655 operations; 0 current ops/sec;   
2014-08-10 22:31:38:527 330 sec: 4100197 operations; 14451.31 current ops/sec; [INSERT AverageLatency(us)=1994.09] [READ AverageLatency(us)=89313.01] 
2014-08-10 22:31:48:529 340 sec: 4327297 operations; 22707.73 current ops/sec; [INSERT AverageLatency(us)=428.11] [READ AverageLatency(us)=44611.24] 
2014-08-10 22:31:58:530 350 sec: 4624534 operations; 29717.76 current ops/sec; [INSERT AverageLatency(us)=18.9] [READ AverageLatency(us)=56215.01] 
2014-08-10 22:32:08:532 360 sec: 4763831 operations; 13926.91 current ops/sec; [INSERT AverageLatency(us)=961.79] [READ AverageLatency(us)=38512.11] 
2014-08-10 22:32:18:534 370 sec: 4844807 operations; 8095.98 current ops/sec; [INSERT AverageLatency(us)=2279.68] [READ AverageLatency(us)=44824.15] 
2014-08-10 22:32:28:535 380 sec: 5104988 operations; 26015.5 current ops/sec; [INSERT AverageLatency(us)=12.64] [READ AverageLatency(us)=81551.24] 
2014-08-10 22:32:38:537 390 sec: 5364539 operations; 25949.91 current ops/sec; [INSERT AverageLatency(us)=11.55] [READ AverageLatency(us)=57950.71] 
2014-08-10 22:32:48:544 400 sec: 5364539 operations; 0 current ops/sec;   
2014-08-10 22:32:58:544 410 sec: 5496288 operations; 13174.9 current ops/sec; [INSERT AverageLatency(us)=2655.56] [READ AverageLatency(us)=55131.43] 
2014-08-10 22:33:08:545 420 sec: 5638383 operations; 14208.08 current ops/sec; [INSERT AverageLatency(us)=14.27] [READ AverageLatency(us)=147798.01] 
2014-08-10 22:33:18:545 430 sec: 5836065 operations; 19768.2 current ops/sec; [INSERT AverageLatency(us)=20.87] [READ AverageLatency(us)=80115.71] 
2014-08-10 22:33:28:546 440 sec: 5971872 operations; 13579.34 current ops/sec; [INSERT AverageLatency(us)=13.58] [READ AverageLatency(us)=57159.1] 
2014-08-10 22:33:38:546 450 sec: 5971872 operations; 0 current ops/sec;   
2014-08-10 22:33:48:547 460 sec: 6109037 operations; 13715.13 current ops/sec; [INSERT AverageLatency(us)=2965.3] [READ AverageLatency(us)=92318.94] 
2014-08-10 22:33:58:547 470 sec: 6371496 operations; 26245.9 current ops/sec; [INSERT AverageLatency(us)=31.72] [READ AverageLatency(us)=79036.34] 
2014-08-10 22:34:08:548 480 sec: 6455654 operations; 8414.96 current ops/sec; [INSERT AverageLatency(us)=10.59] [READ AverageLatency(us)=93274.79] 
2014-08-10 22:34:18:549 490 sec: 6455654 operations; 0 current ops/sec;   
2014-08-10 22:34:28:550 500 sec: 6455654 operations; 0 current ops/sec;   
2014-08-10 22:34:38:552 510 sec: 6588492 operations; 13281.14 current ops/sec; [INSERT AverageLatency(us)=13.87] [READ AverageLatency(us)=463231.95] 
2014-08-10 22:34:48:554 520 sec: 6603768 operations; 1527.29 current ops/sec; [INSERT AverageLatency(us)=10009.78] [READ AverageLatency(us)=36769.44] 
2014-08-10 22:34:58:556 530 sec: 6850524 operations; 24670.67 current ops/sec; [INSERT AverageLatency(us)=649.09] [READ AverageLatency(us)=73273.63] 
2014-08-10 22:35:08:558 540 sec: 7088595 operations; 23802.34 current ops/sec; [INSERT AverageLatency(us)=116.3] [READ AverageLatency(us)=77888.49] 
2014-08-10 22:35:18:560 550 sec: 7326680 operations; 23803.74 current ops/sec; [INSERT AverageLatency(us)=162.94] [READ AverageLatency(us)=65152.92] 
2014-08-10 22:35:28:561 560 sec: 7424455 operations; 9776.52 current ops/sec; [INSERT AverageLatency(us)=244.54] [READ AverageLatency(us)=52191.44] 
2014-08-10 22:35:38:563 570 sec: 7614700 operations; 19020.7 current ops/sec; [INSERT AverageLatency(us)=845.38] [READ AverageLatency(us)=79053.05] 
2014-08-10 22:35:48:564 580 sec: 7828830 operations; 21410.86 current ops/sec; [INSERT AverageLatency(us)=260.44] [READ AverageLatency(us)=69472.34] 
2014-08-10 22:35:58:566 590 sec: 8016273 operations; 18740.55 current ops/sec; [INSERT AverageLatency(us)=21.45] [READ AverageLatency(us)=56233.75] 
2014-08-10 22:36:08:904 600 sec: 8027999 operations; 1134.26 current ops/sec; [INSERT AverageLatency(us)=8373.55] [READ AverageLatency(us)=47546.99] 
2014-08-10 22:36:18:906 610 sec: 8260484 operations; 23243.85 current ops/sec; [INSERT AverageLatency(us)=967.79] [READ AverageLatency(us)=75375.2] 
2014-08-10 22:36:28:907 620 sec: 8472993 operations; 21248.78 current ops/sec; [INSERT AverageLatency(us)=63.97] [READ AverageLatency(us)=81349.68] 
2014-08-10 22:36:38:909 630 sec: 8642445 operations; 16941.81 current ops/sec; [INSERT AverageLatency(us)=11.54] [READ AverageLatency(us)=50832.76] 
2014-08-10 22:36:48:911 640 sec: 8666114 operations; 2366.43 current ops/sec; [INSERT AverageLatency(us)=13332.19] [READ AverageLatency(us)=32702.18] 
2014-08-10 22:36:58:912 650 sec: 8942723 operations; 27658.13 current ops/sec; [INSERT AverageLatency(us)=63.8] [READ AverageLatency(us)=64684.67] 
2014-08-10 22:37:08:914 660 sec: 9092969 operations; 15021.6 current ops/sec; [INSERT AverageLatency(us)=290.54] [READ AverageLatency(us)=105787.43] 
2014-08-10 22:37:18:915 670 sec: 9311071 operations; 21808.02 current ops/sec; [INSERT AverageLatency(us)=288.01] [READ AverageLatency(us)=55119.66] 
2014-08-10 22:37:28:917 680 sec: 9415644 operations; 10455.21 current ops/sec; [INSERT AverageLatency(us)=12.62] [READ AverageLatency(us)=78742.37] 
2014-08-10 22:37:38:919 690 sec: 9415644 operations; 0 current ops/sec;   
2014-08-10 22:37:48:920 700 sec: 9519729 operations; 10407.46 current ops/sec; [INSERT AverageLatency(us)=4083.52] [READ AverageLatency(us)=82584.15] 
2014-08-10 22:37:58:922 710 sec: 9775522 operations; 25574.19 current ops/sec; [INSERT AverageLatency(us)=140.56] [READ AverageLatency(us)=70376.39] 
2014-08-10 22:38:08:923 720 sec: 9861278 operations; 8574.74 current ops/sec; [INSERT AverageLatency(us)=155.88] [READ AverageLatency(us)=84130.18] 
2014-08-10 22:38:18:925 730 sec: 9861278 operations; 0 current ops/sec;   
2014-08-10 22:38:28:927 740 sec: 9861278 operations; 0 current ops/sec;   
2014-08-10 22:38:38:929 750 sec: 9861278 operations; 0 current ops/sec;   
2014-08-10 22:38:48:992 760 sec: 9897066 operations; 3556.39 current ops/sec; [INSERT AverageLatency(us)=15.24] [READ AverageLatency(us)=2389795.56] 
2014-08-10 22:38:58:994 770 sec: 10042913 operations; 14581.78 current ops/sec; [INSERT AverageLatency(us)=463.18] [READ AverageLatency(us)=92363.13] 
2014-08-10 22:39:08:995 780 sec: 10165178 operations; 12225.28 current ops/sec; [INSERT AverageLatency(us)=12.34] [READ AverageLatency(us)=69573.69] 
2014-08-10 22:39:18:997 790 sec: 10165178 operations; 0 current ops/sec;   
2014-08-10 22:39:28:999 800 sec: 10172626 operations; 744.73 current ops/sec; [INSERT AverageLatency(us)=66588.42] [READ AverageLatency(us)=156526.04] 
2014-08-10 22:39:39:000 810 sec: 10293198 operations; 12054.79 current ops/sec; [INSERT AverageLatency(us)=10.92] [READ AverageLatency(us)=51707.93] 
2014-08-10 22:39:49:002 820 sec: 10378745 operations; 8552.99 current ops/sec; [INSERT AverageLatency(us)=2995.96] [READ AverageLatency(us)=95897.42] 
2014-08-10 22:39:59:003 830 sec: 10603544 operations; 22477.65 current ops/sec; [INSERT AverageLatency(us)=12.81] [READ AverageLatency(us)=89902.56] 
2014-08-10 22:40:09:005 840 sec: 10603544 operations; 0 current ops/sec;   
2014-08-10 22:40:19:007 850 sec: 10685695 operations; 8213.46 current ops/sec; [INSERT AverageLatency(us)=1151.65] [READ AverageLatency(us)=348536.55] 
2014-08-10 22:40:29:007 860 sec: 10988516 operations; 30282.1 current ops/sec; [INSERT AverageLatency(us)=24.14] [READ AverageLatency(us)=61792.11] 
2014-08-10 22:40:39:009 870 sec: 11120012 operations; 13146.97 current ops/sec; [INSERT AverageLatency(us)=591.48] [READ AverageLatency(us)=115095.12] 
2014-08-10 22:40:49:010 880 sec: 11293998 operations; 17396.86 current ops/sec; [INSERT AverageLatency(us)=12.71] [READ AverageLatency(us)=53461.02] 
2014-08-10 22:40:59:012 890 sec: 11305715 operations; 1171.47 current ops/sec; [INSERT AverageLatency(us)=23715.73] [READ AverageLatency(us)=32838.53] 
2014-08-10 22:41:09:013 900 sec: 11594101 operations; 28835.72 current ops/sec; [INSERT AverageLatency(us)=13.22] [READ AverageLatency(us)=74370.89] 
2014-08-10 22:41:19:015 910 sec: 11678235 operations; 8411.72 current ops/sec; [INSERT AverageLatency(us)=625.82] [READ AverageLatency(us)=38606.04] 
2014-08-10 22:41:29:016 920 sec: 11678235 operations; 0 current ops/sec;   
2014-08-10 22:41:39:018 930 sec: 11863383 operations; 18511.1 current ops/sec; [INSERT AverageLatency(us)=1924.14] [READ AverageLatency(us)=90917.96] 
2014-08-10 22:41:49:019 940 sec: 11997882 operations; 13448.56 current ops/sec; [INSERT AverageLatency(us)=890.86] [READ AverageLatency(us)=44312.32] 
2014-08-10 22:41:59:021 950 sec: 12266422 operations; 26848.63 current ops/sec; [INSERT AverageLatency(us)=12.4] [READ AverageLatency(us)=74958.42] 
2014-08-10 22:42:09:022 960 sec: 12283851 operations; 1742.73 current ops/sec; [INSERT AverageLatency(us)=10312.6] [READ AverageLatency(us)=139656.44] 
2014-08-10 22:42:19:024 970 sec: 12498801 operations; 21490.7 current ops/sec; [INSERT AverageLatency(us)=12.72] [READ AverageLatency(us)=67241.6] 
2014-08-10 22:42:29:025 980 sec: 12690717 operations; 19189.68 current ops/sec; [INSERT AverageLatency(us)=549.67] [READ AverageLatency(us)=83735.37] 
2014-08-10 22:42:39:027 990 sec: 12795197 operations; 10445.91 current ops/sec; [INSERT AverageLatency(us)=144.59] [READ AverageLatency(us)=54490.93] 
2014-08-10 22:42:49:159 1000 sec: 13009846 operations; 21187.35 current ops/sec; [INSERT AverageLatency(us)=726.29] [READ AverageLatency(us)=73941.31] 
2014-08-10 22:42:59:159 1010 sec: 13137677 operations; 12781.82 current ops/sec; [INSERT AverageLatency(us)=927.56] [READ AverageLatency(us)=71162.28] 
2014-08-10 22:43:09:160 1020 sec: 13377985 operations; 24028.4 current ops/sec; [INSERT AverageLatency(us)=14.32] [READ AverageLatency(us)=81210.34] 
2014-08-10 22:43:19:160 1030 sec: 13457101 operations; 7911.6 current ops/sec; [INSERT AverageLatency(us)=11.72] [READ AverageLatency(us)=50591.28] 
2014-08-10 22:43:29:161 1040 sec: 13476083 operations; 1898.01 current ops/sec; [INSERT AverageLatency(us)=3821.19] [READ AverageLatency(us)=17484.76] 
2014-08-10 22:43:39:161 1050 sec: 13678870 operations; 20278.7 current ops/sec; [INSERT AverageLatency(us)=1482.97] [READ AverageLatency(us)=88265.8] 
2014-08-10 22:43:49:162 1060 sec: 13953067 operations; 27416.96 current ops/sec; [INSERT AverageLatency(us)=11.11] [READ AverageLatency(us)=74075.1] 
2014-08-10 22:43:59:163 1070 sec: 14021607 operations; 6853.31 current ops/sec; [INSERT AverageLatency(us)=11.83] [READ AverageLatency(us)=19560.29] 
2014-08-10 22:44:09:163 1080 sec: 14146779 operations; 12517.2 current ops/sec; [INSERT AverageLatency(us)=2082.57] [READ AverageLatency(us)=104833.74] 
2014-08-10 22:44:19:164 1090 sec: 14351341 operations; 20454.15 current ops/sec; [INSERT AverageLatency(us)=14.66] [READ AverageLatency(us)=82017.19] 
2014-08-10 22:44:29:164 1100 sec: 14419462 operations; 6812.1 current ops/sec; [INSERT AverageLatency(us)=10.97] [READ AverageLatency(us)=59699.1] 
2014-08-10 22:44:39:165 1110 sec: 14480668 operations; 6119.99 current ops/sec; [INSERT AverageLatency(us)=4533.19] [READ AverageLatency(us)=189960.03] 
2014-08-10 22:44:49:166 1120 sec: 14722446 operations; 24175.38 current ops/sec; [INSERT AverageLatency(us)=12.79] [READ AverageLatency(us)=74319.68] 
2014-08-10 22:44:59:166 1130 sec: 14827966 operations; 10552 current ops/sec; [INSERT AverageLatency(us)=18.93] [READ AverageLatency(us)=61124.28] 
2014-08-10 22:45:09:168 1140 sec: 14863376 operations; 3540.29 current ops/sec; [INSERT AverageLatency(us)=9234.36] [READ AverageLatency(us)=20614.91] 
2014-08-10 22:45:19:171 1150 sec: 15117231 operations; 25377.89 current ops/sec; [INSERT AverageLatency(us)=12.16] [READ AverageLatency(us)=83794.42] 
2014-08-10 22:45:29:171 1160 sec: 15335484 operations; 21825.3 current ops/sec; [INSERT AverageLatency(us)=10.78] [READ AverageLatency(us)=63488.62] 
2014-08-10 22:45:39:173 1170 sec: 15434204 operations; 9870.03 current ops/sec; [INSERT AverageLatency(us)=1897.34] [READ AverageLatency(us)=71001.54] 
2014-08-10 22:45:49:175 1180 sec: 15711297 operations; 27703.76 current ops/sec; [INSERT AverageLatency(us)=13.93] [READ AverageLatency(us)=70642.67] 
2014-08-10 22:45:59:177 1190 sec: 15748331 operations; 3702.66 current ops/sec; [INSERT AverageLatency(us)=564.54] [READ AverageLatency(us)=11573.36] 
2014-08-10 22:46:09:179 1200 sec: 15952403 operations; 20403.12 current ops/sec; [INSERT AverageLatency(us)=1028.96] [READ AverageLatency(us)=77429.95] 
2014-08-10 22:46:19:179 1210 sec: 16184606 operations; 23220.3 current ops/sec; [INSERT AverageLatency(us)=13.2] [READ AverageLatency(us)=65798.16] 
2014-08-10 22:46:29:180 1220 sec: 16205855 operations; 2124.69 current ops/sec; [INSERT AverageLatency(us)=10790.75] [READ AverageLatency(us)=57926.6] 
2014-08-10 22:46:39:181 1230 sec: 16473133 operations; 26725.13 current ops/sec; [INSERT AverageLatency(us)=11.5] [READ AverageLatency(us)=80704.24] 
2014-08-10 22:46:49:181 1240 sec: 16601976 operations; 12884.3 current ops/sec; [INSERT AverageLatency(us)=14.99] [READ AverageLatency(us)=47709.2] 
2014-08-10 22:46:59:183 1250 sec: 16716548 operations; 11454.91 current ops/sec; [INSERT AverageLatency(us)=1973.39] [READ AverageLatency(us)=86524.72] 
2014-08-10 22:47:09:185 1260 sec: 17013822 operations; 29724.43 current ops/sec; [INSERT AverageLatency(us)=13.85] [READ AverageLatency(us)=64304.48] 
2014-08-10 22:47:19:186 1270 sec: 17138142 operations; 12429.51 current ops/sec; [INSERT AverageLatency(us)=916.84] [READ AverageLatency(us)=55764.57] 
2014-08-10 22:47:29:187 1280 sec: 17147633 operations; 949.01 current ops/sec; [INSERT AverageLatency(us)=1586.1] [READ AverageLatency(us)=8906.87] 
2014-08-10 22:47:39:187 1290 sec: 17159356 operations; 1172.3 current ops/sec; [INSERT AverageLatency(us)=33149.44] [READ AverageLatency(us)=21839.2] 
2014-08-10 22:47:49:188 1300 sec: 17413300 operations; 25391.86 current ops/sec; [INSERT AverageLatency(us)=13.29] [READ AverageLatency(us)=73622.68] 
2014-08-10 22:47:59:189 1310 sec: 17595755 operations; 18243.68 current ops/sec; [INSERT AverageLatency(us)=477.03] [READ AverageLatency(us)=70965.33] 
2014-08-10 22:48:09:189 1320 sec: 17646566 operations; 5081.1 current ops/sec; [INSERT AverageLatency(us)=1833.47] [READ AverageLatency(us)=61229.25] 
2014-08-10 22:48:19:190 1330 sec: 17846291 operations; 19970.5 current ops/sec; [INSERT AverageLatency(us)=429.43] [READ AverageLatency(us)=93980.1] 
2014-08-10 22:48:29:190 1340 sec: 18058523 operations; 21223.2 current ops/sec; [INSERT AverageLatency(us)=12.87] [READ AverageLatency(us)=70496.82] 
2014-08-10 22:48:39:192 1350 sec: 18084698 operations; 2616.98 current ops/sec; [INSERT AverageLatency(us)=8472.82] [READ AverageLatency(us)=75760.99] 
2014-08-10 22:48:49:193 1360 sec: 18340668 operations; 25594.44 current ops/sec; [INSERT AverageLatency(us)=12.85] [READ AverageLatency(us)=74198.53] 
2014-08-10 22:48:59:195 1370 sec: 18480611 operations; 13991.5 current ops/sec; [INSERT AverageLatency(us)=12.58] [READ AverageLatency(us)=59989.9] 
2014-08-10 22:49:09:196 1380 sec: 18513279 operations; 3266.47 current ops/sec; [INSERT AverageLatency(us)=8790.21] [READ AverageLatency(us)=85824.64] 
2014-08-10 22:49:19:198 1390 sec: 18770891 operations; 25756.05 current ops/sec; [INSERT AverageLatency(us)=11.99] [READ AverageLatency(us)=76244.04] 
2014-08-10 22:49:29:199 1400 sec: 18893343 operations; 12243.98 current ops/sec; [INSERT AverageLatency(us)=11] [READ AverageLatency(us)=47927.71] 
2014-08-10 22:49:39:201 1410 sec: 19039356 operations; 14598.38 current ops/sec; [INSERT AverageLatency(us)=1482.37] [READ AverageLatency(us)=98611.83] 
2014-08-10 22:49:49:202 1420 sec: 19203828 operations; 16445.56 current ops/sec; [INSERT AverageLatency(us)=21.25] [READ AverageLatency(us)=72147.65] 
2014-08-10 22:49:59:261 1430 sec: 19313237 operations; 10876.73 current ops/sec; [INSERT AverageLatency(us)=583.58] [READ AverageLatency(us)=192538.05] 
2014-08-10 22:50:09:264 1440 sec: 19554383 operations; 24107.37 current ops/sec; [INSERT AverageLatency(us)=13.87] [READ AverageLatency(us)=80103.25] 
2014-08-10 22:50:19:265 1450 sec: 19614336 operations; 5994.7 current ops/sec; [INSERT AverageLatency(us)=12.47] [READ AverageLatency(us)=26286.32] 
2014-08-10 22:50:29:267 1460 sec: 19761366 operations; 14700.06 current ops/sec; [INSERT AverageLatency(us)=1715.39] [READ AverageLatency(us)=57585.54] 
2014-08-10 22:50:39:269 1470 sec: 19799252 operations; 3787.84 current ops/sec; [INSERT AverageLatency(us)=5270.22] [READ AverageLatency(us)=56135.72] 
2014-08-10 22:50:49:270 1480 sec: 20083903 operations; 28462.25 current ops/sec; [INSERT AverageLatency(us)=186.42] [READ AverageLatency(us)=60628.76] 
2014-08-10 22:50:59:272 1490 sec: 20105617 operations; 2170.97 current ops/sec; [INSERT AverageLatency(us)=8282.62] [READ AverageLatency(us)=111043.8] 
2014-08-10 22:51:09:274 1500 sec: 20382665 operations; 27699.26 current ops/sec; [INSERT AverageLatency(us)=13.03] [READ AverageLatency(us)=64235.44] 
2014-08-10 22:51:19:275 1510 sec: 20395814 operations; 1314.77 current ops/sec; [INSERT AverageLatency(us)=16545.32] [READ AverageLatency(us)=34044.29] 
2014-08-10 22:51:29:277 1520 sec: 20616110 operations; 22025.19 current ops/sec; [INSERT AverageLatency(us)=11.81] [READ AverageLatency(us)=82794.19] 
2014-08-10 22:51:39:279 1530 sec: 20724365 operations; 10823.34 current ops/sec; [INSERT AverageLatency(us)=10.15] [READ AverageLatency(us)=47034.01] 
2014-08-10 22:51:49:281 1540 sec: 20908193 operations; 18379.12 current ops/sec; [INSERT AverageLatency(us)=1099.8] [READ AverageLatency(us)=80151.34] 
2014-08-10 22:51:59:282 1550 sec: 21061975 operations; 15376.66 current ops/sec; [INSERT AverageLatency(us)=135.87] [READ AverageLatency(us)=51395.77] 
2014-08-10 22:52:09:284 1560 sec: 21241966 operations; 17995.5 current ops/sec; [INSERT AverageLatency(us)=756.09] [READ AverageLatency(us)=89150.4] 
2014-08-10 22:52:19:285 1570 sec: 21350580 operations; 10860.31 current ops/sec; [INSERT AverageLatency(us)=20.46] [READ AverageLatency(us)=58366.64] 
2014-08-10 22:52:29:287 1580 sec: 21512620 operations; 16200.76 current ops/sec; [INSERT AverageLatency(us)=1328.76] [READ AverageLatency(us)=71544.95] 
2014-08-10 22:52:39:289 1590 sec: 21701609 operations; 18895.12 current ops/sec; [INSERT AverageLatency(us)=13.22] [READ AverageLatency(us)=65034.06] 
2014-08-10 22:52:49:291 1600 sec: 21825465 operations; 12383.12 current ops/sec; [INSERT AverageLatency(us)=1372.9] [READ AverageLatency(us)=92520.05] 
2014-08-10 22:52:59:292 1610 sec: 22024196 operations; 19871.11 current ops/sec; [INSERT AverageLatency(us)=12.28] [READ AverageLatency(us)=68141.82] 
2014-08-10 22:53:09:294 1620 sec: 22134709 operations; 11049.09 current ops/sec; [INSERT AverageLatency(us)=1592.16] [READ AverageLatency(us)=71196.82] 
2014-08-10 22:53:19:296 1630 sec: 22346361 operations; 21160.97 current ops/sec; [INSERT AverageLatency(us)=13.09] [READ AverageLatency(us)=84240.47] 
2014-08-10 22:53:29:298 1640 sec: 22448284 operations; 10190.26 current ops/sec; [INSERT AverageLatency(us)=424.28] [READ AverageLatency(us)=80156.55] 
2014-08-10 22:53:39:300 1650 sec: 22448284 operations; 0 current ops/sec;   
2014-08-10 22:53:49:301 1660 sec: 22448284 operations; 0 current ops/sec;   
2014-08-10 22:53:59:303 1670 sec: 22448284 operations; 0 current ops/sec;   
2014-08-10 22:54:09:305 1680 sec: 22448284 operations; 0 current ops/sec;   
2014-08-10 22:54:19:306 1690 sec: 22448284 operations; 0 current ops/sec;   
2014-08-10 22:54:29:306 1700 sec: 22448284 operations; 0 current ops/sec;   
2014-08-10 22:54:39:306 1710 sec: 22448284 operations; 0 current ops/sec;   
2014-08-10 22:54:49:307 1720 sec: 22448284 operations; 0 current ops/sec;   
2014-08-10 22:54:59:307 1730 sec: 22448284 operations; 0 current ops/sec;   
2014-08-10 22:55:09:308 1740 sec: 22448284 operations; 0 current ops/sec;   
2014-08-10 22:55:19:308 1750 sec: 22448284 operations; 0 current ops/sec;   
2014-08-10 22:55:29:309 1760 sec: 22448284 operations; 0 current ops/sec;   
2014-08-10 22:55:39:309 1770 sec: 22448284 operations; 0 current ops/sec;   
2014-08-10 22:55:49:310 1780 sec: 22448284 operations; 0 current ops/sec;   
14/08/10 22:55:52 INFO client.AsyncProcess: #15, table=usertable, attempt=10/35 failed 4696 ops, last exception: java.io.IOException: Call to slave1/9.1.143.59:16020 failed on local exception: java.io.IOException: The stream is closed on slave1,16020,1407763142815, tracking started Sun Aug 10 22:53:24 PDT 2014, retrying after 10098 ms, replay 4696 ops.
14/08/10 22:55:52 INFO client.AsyncProcess: #13, table=usertable, attempt=10/35 failed 4696 ops, last exception: java.io.IOException: Call to slave1/9.1.143.59:16020 failed on local exception: java.io.IOException: The stream is closed on slave1,16020,1407763142815, tracking started Sun Aug 10 22:53:24 PDT 2014, retrying after 10093 ms, replay 4696 ops.
14/08/10 22:55:52 INFO client.AsyncProcess: #16, table=usertable, attempt=10/35 failed 4696 ops, last exception: java.io.IOException: Call to slave1/9.1.143.59:16020 failed on local exception: java.io.IOException: The stream is closed on slave1,16020,1407763142815, tracking started Sun Aug 10 22:53:23 PDT 2014, retrying after 10058 ms, replay 4696 ops.
14/08/10 22:55:53 INFO client.AsyncProcess: #8, table=usertable, attempt=10/35 failed 4696 ops, last exception: java.io.IOException: Call to slave1/9.1.143.59:16020 failed on local exception: java.io.IOException: The stream is closed on slave1,16020,1407763142815, tracking started Sun Aug 10 22:53:24 PDT 2014, retrying after 10081 ms, replay 4696 ops.
14/08/10 22:55:53 INFO client.AsyncProcess: #14, table=usertable, attempt=10/35 failed 4696 ops, last exception: java.io.IOException: Call to slave1/9.1.143.59:16020 failed on local exception: java.io.IOException: The stream is closed on slave1,16020,1407763142815, tracking started Sun Aug 10 22:53:23 PDT 2014, retrying after 10034 ms, replay 4696 ops.
2014-08-10 22:55:59:311 1790 sec: 22448284 operations; 0 current ops/sec;   
14/08/10 22:56:03 INFO client.AsyncProcess: #15, table=usertable, attempt=11/35 failed 4696 ops, last exception: java.io.IOException: Call to slave1/9.1.143.59:16020 failed on local exception: java.io.IOException: The stream is closed on slave1,16020,1407763142815, tracking started Sun Aug 10 22:53:24 PDT 2014, retrying after 10008 ms, replay 4696 ops.
14/08/10 22:56:03 INFO client.AsyncProcess: #16, table=usertable, attempt=11/35 failed 4696 ops, last exception: java.io.IOException: Call to slave1/9.1.143.59:16020 failed on local exception: java.io.IOException: The stream is closed on slave1,16020,1407763142815, tracking started Sun Aug 10 22:53:23 PDT 2014, retrying after 10060 ms, replay 4696 ops.
14/08/10 22:56:03 INFO client.AsyncProcess: #13, table=usertable, attempt=11/35 failed 4696 ops, last exception: java.io.IOException: Call to slave1/9.1.143.59:16020 failed on local exception: java.io.IOException: The stream is closed on slave1,16020,1407763142815, tracking started Sun Aug 10 22:53:24 PDT 2014, retrying after 10036 ms, replay 4696 ops.
14/08/10 22:56:03 INFO client.AsyncProcess: #14, table=usertable, attempt=11/35 failed 4696 ops, last exception: java.io.IOException: Call to slave1/9.1.143.59:16020 failed on local exception: java.io.IOException: The stream is closed on slave1,16020,1407763142815, tracking started Sun Aug 10 22:53:23 PDT 2014, retrying after 10056 ms, replay 4696 ops.
14/08/10 22:56:03 INFO client.AsyncProcess: #8, table=usertable, attempt=11/35 failed 4696 ops, last exception: java.io.IOException: Call to slave1/9.1.143.59:16020 failed on local exception: java.io.IOException: The stream is closed on slave1,16020,1407763142815, tracking started Sun Aug 10 22:53:24 PDT 2014, retrying after 10093 ms, replay 4696 ops.
2014-08-10 22:56:09:313 1800 sec: 22448284 operations; 0 current ops/sec;   
14/08/10 22:56:13 INFO client.AsyncProcess: #15, table=usertable, attempt=12/35 failed 4696 ops, last exception: java.io.IOException: Call to slave1/9.1.143.59:16020 failed on local exception: java.io.IOException: The stream is closed on slave1,16020,1407763142815, tracking started Sun Aug 10 22:53:24 PDT 2014, retrying after 20144 ms, replay 4696 ops.
14/08/10 22:56:13 INFO client.AsyncProcess: #13, table=usertable, attempt=12/35 failed 4696 ops, last exception: java.io.IOException: Call to slave1/9.1.143.59:16020 failed on local exception: java.io.IOException: The stream is closed on slave1,16020,1407763142815, tracking started Sun Aug 10 22:53:24 PDT 2014, retrying after 20124 ms, replay 4696 ops.
14/08/10 22:56:13 INFO client.AsyncProcess: #16, table=usertable, attempt=12/35 failed 4696 ops, last exception: java.io.IOException: Call to slave1/9.1.143.59:16020 failed on local exception: java.io.IOException: The stream is closed on slave1,16020,1407763142815, tracking started Sun Aug 10 22:53:23 PDT 2014, retrying after 20061 ms, replay 4696 ops.
14/08/10 22:56:13 INFO client.AsyncProcess: #14, table=usertable, attempt=12/35 failed 4696 ops, last exception: java.io.IOException: Call to slave1/9.1.143.59:16020 failed on local exception: java.io.IOException: The stream is closed on slave1,16020,1407763142815, tracking started Sun Aug 10 22:53:23 PDT 2014, retrying after 20046 ms, replay 4696 ops.
14/08/10 22:56:13 INFO client.AsyncProcess: #8, table=usertable, attempt=12/35 failed 4696 ops, last exception: java.io.IOException: Call to slave1/9.1.143.59:16020 failed on local exception: java.io.IOException: The stream is closed on slave1,16020,1407763142815, tracking started Sun Aug 10 22:53:24 PDT 2014, retrying after 20099 ms, replay 4696 ops.
2014-08-10 22:56:19:315 1810 sec: 22448284 operations; 0 current ops/sec;   
2014-08-10 22:56:29:316 1820 sec: 22448284 operations; 0 current ops/sec;   
2014-08-10 22:56:39:316 1830 sec: 22448284 operations; 0 current ops/sec;   
2014-08-10 22:56:49:317 1840 sec: 22448284 operations; 0 current ops/sec;   
2014-08-10 22:56:59:317 1850 sec: 22451949 operations; 366.5 current ops/sec; [INSERT AverageLatency(us)=12.89] [READ AverageLatency(us)=142885694.77] 
14/08/10 22:57:07 INFO client.AsyncProcess: #16, table=usertable, attempt=13/35 SUCCEEDED on slave1,16020,1407763142815, tracking started Sun Aug 10 22:53:23 PDT 2014
14/08/10 22:57:07 INFO client.AsyncProcess: #14, table=usertable, attempt=13/35 SUCCEEDED on slave1,16020,1407763142815, tracking started Sun Aug 10 22:53:23 PDT 2014
14/08/10 22:57:08 INFO client.AsyncProcess: #15, table=usertable, attempt=13/35 SUCCEEDED on slave1,16020,1407763142815, tracking started Sun Aug 10 22:53:24 PDT 2014
14/08/10 22:57:08 INFO client.AsyncProcess: #13, table=usertable, attempt=13/35 SUCCEEDED on slave1,16020,1407763142815, tracking started Sun Aug 10 22:53:24 PDT 2014
14/08/10 22:57:08 INFO client.AsyncProcess: #8, table=usertable, attempt=13/35 SUCCEEDED on slave1,16020,1407763142815, tracking started Sun Aug 10 22:53:24 PDT 2014
2014-08-10 22:57:09:318 1860 sec: 22565449 operations; 11348.87 current ops/sec; [INSERT AverageLatency(us)=643.72] [READ AverageLatency(us)=116877.24] 
2014-08-10 22:57:19:320 1870 sec: 22749677 operations; 18420.96 current ops/sec; [INSERT AverageLatency(us)=17.43] [READ AverageLatency(us)=109144.75] 
2014-08-10 22:57:29:321 1880 sec: 22948730 operations; 19901.32 current ops/sec; [INSERT AverageLatency(us)=32.22] [READ AverageLatency(us)=91967.88] 
2014-08-10 22:57:39:323 1890 sec: 23064435 operations; 11568.19 current ops/sec; [INSERT AverageLatency(us)=272.59] [READ AverageLatency(us)=80358.96] 
2014-08-10 22:57:49:325 1900 sec: 23064435 operations; 0 current ops/sec;   
2014-08-10 22:57:59:326 1910 sec: 23064435 operations; 0 current ops/sec;   
2014-08-10 22:58:09:328 1920 sec: 23064435 operations; 0 current ops/sec;   
2014-08-10 22:58:19:330 1930 sec: 23096119 operations; 3167.77 current ops/sec; [INSERT AverageLatency(us)=21.07] [READ AverageLatency(us)=1403529.51] 
2014-08-10 22:58:29:332 1940 sec: 23300127 operations; 20396.72 current ops/sec; [INSERT AverageLatency(us)=2624.39] [READ AverageLatency(us)=61228.46] 
2014-08-10 22:58:39:333 1950 sec: 23498319 operations; 19817.22 current ops/sec; [INSERT AverageLatency(us)=390.83] [READ AverageLatency(us)=71254.44] 
2014-08-10 22:58:49:335 1960 sec: 23525921 operations; 2759.65 current ops/sec; [INSERT AverageLatency(us)=6482.3] [READ AverageLatency(us)=28605.3] 
2014-08-10 22:58:59:337 1970 sec: 23729455 operations; 20349.33 current ops/sec; [INSERT AverageLatency(us)=331.52] [READ AverageLatency(us)=64046.14] 
2014-08-10 22:59:09:339 1980 sec: 23949934 operations; 22043.49 current ops/sec; [INSERT AverageLatency(us)=35.58] [READ AverageLatency(us)=66460.85] 
2014-08-10 22:59:19:341 1990 sec: 24063704 operations; 11375.86 current ops/sec; [INSERT AverageLatency(us)=683.94] [READ AverageLatency(us)=65202.89] 
2014-08-10 22:59:29:343 2000 sec: 24083638 operations; 1993 current ops/sec; [INSERT AverageLatency(us)=13189.93] [READ AverageLatency(us)=151193.91] 
2014-08-10 22:59:39:344 2010 sec: 24305586 operations; 22190.36 current ops/sec; [INSERT AverageLatency(us)=13.57] [READ AverageLatency(us)=76166.95] 
2014-08-10 22:59:49:346 2020 sec: 24419730 operations; 11412.12 current ops/sec; [INSERT AverageLatency(us)=1198.44] [READ AverageLatency(us)=94085.34] 
2014-08-10 22:59:59:348 2030 sec: 24553247 operations; 13349.03 current ops/sec; [INSERT AverageLatency(us)=11.41] [READ AverageLatency(us)=63481.98] 
2014-08-10 23:00:09:348 2040 sec: 24740795 operations; 18754.8 current ops/sec; [UPDATE AverageLatency(us)=6778764.86] [INSERT AverageLatency(us)=767.62] [READ AverageLatency(us)=54850.05] [CLEANUP AverageLatency(us)=6778896] 
2014-08-10 23:00:19:349 2050 sec: 24774376 operations; 3357.76 current ops/sec;  [INSERT AverageLatency(us)=945.76] [READ AverageLatency(us)=16047.28]  
2014-08-10 23:00:29:351 2060 sec: 24779086 operations; 470.91 current ops/sec;  [INSERT AverageLatency(us)=43012.9] [READ AverageLatency(us)=320881.59]  
2014-08-10 23:00:39:353 2070 sec: 24943093 operations; 16397.42 current ops/sec; [UPDATE AverageLatency(us)=609975.17] [INSERT AverageLatency(us)=10.47] [READ AverageLatency(us)=43776.58] [CLEANUP AverageLatency(us)=609986.83] 
2014-08-10 23:00:47:092 2078 sec: 25000000 operations; 7354.23 current ops/sec; [UPDATE AverageLatency(us)=3374405.29] [INSERT AverageLatency(us)=427.44] [READ AverageLatency(us)=18638] [CLEANUP AverageLatency(us)=3374416] 
+ echo 'end time:'
end time:
++ date +%s
+ echo 1407736847
1407736847
+ echo 'sleeping for 10 sec ...'
sleeping for 10 sec ...
+ sleep 10
+ let counter=1+1
+ read line
+ set +x
