++ ls caseresult/ -ltr
++ wc -l
+ filename=case49
+ mkdir caseresult/case49
+ RESULT_DIR=/home/hadoop/git/physical_design/caseresult/case49
+ TEN=10
+ SIXTY=60
+ SLEEP_TIME=300
+ YCSB_DIR=/home/hadoop/ycsb-0.1.4
+ number_of_operations=10000000
+ number_of_threads=20
+ number_of_records=50000000
+ output_file_suffix=.dat
+ experiment_list_file=/home/hadoop/git/physical_design/case49.list
+ clean=false
+ create=false
+ load=false
+ random_read=false
+ workloada=false
+ workloadb=false
+ workloadc=false
+ scan=false
+ all=false
+ for i in '$@'
+ '[' clean == all ']'
+ '[' clean == clean ']'
+ clean=true
+ for i in '$@'
+ '[' create == all ']'
+ '[' create == clean ']'
+ '[' create == create ']'
+ create=true
+ for i in '$@'
+ '[' workloadc == all ']'
+ '[' workloadc == clean ']'
+ '[' workloadc == create ']'
+ '[' workloadc == load ']'
+ '[' workloadc == random_read ']'
+ '[' workloadc == scan ']'
+ '[' workloadc == workloada ']'
+ '[' workloadc == workloadb ']'
+ '[' workloadc == workloadc ']'
+ workloadc=true
+ let counter=1
+ cd /home/hadoop/ycsb-0.1.4
++ pwd
+ echo /home/hadoop/ycsb-0.1.4
/home/hadoop/ycsb-0.1.4
+ read line
+ false
+ true
+ echo 'sleeping for 60 ...'
sleeping for 60 ...
+ sleep 60
+ echo 'droping usertable...'
droping usertable...
+ hbase shell /home/hadoop/git/physical_design/delete_table
SLF4J: Class path contains multiple SLF4J bindings.
SLF4J: Found binding in [jar:file:/home/hadoop/hbase-0.98.3-hadoop1/lib/slf4j-log4j12-1.6.4.jar!/org/slf4j/impl/StaticLoggerBinder.class]
SLF4J: Found binding in [jar:file:/home/hadoop/hadoop-1.2.1/lib/slf4j-log4j12-1.4.3.jar!/org/slf4j/impl/StaticLoggerBinder.class]
SLF4J: See http://www.slf4j.org/codes.html#multiple_bindings for an explanation.
0 row(s) in 2.6810 seconds

0 row(s) in 1.2830 seconds

0 row(s) in 0.0600 seconds

+ echo 'sleeping for 300 ...'
sleeping for 300 ...
+ sleep 300
+ false
+ true
+ echo 'creating usertable...'
creating usertable...
+ create_statement='create '\''usertable'\'', { NAME=>'\''family'\'', COMPRESSION=>'\''GZ'\''}, SPLITS => ['\''user1'\'', '\''user2'\'', '\''user3'\'', '\''user4'\'', '\''user5'\'', '\''user6'\'', '\''user7'\'', '\''user8'\'', '\''user9'\'']'
+ echo create ''\''usertable'\'',' '{' 'NAME=>'\''family'\'',' 'COMPRESSION=>'\''GZ'\''},' SPLITS '=>' '['\''user1'\'',' ''\''user2'\'',' ''\''user3'\'',' ''\''user4'\'',' ''\''user5'\'',' ''\''user6'\'',' ''\''user7'\'',' ''\''user8'\'',' ''\''user9'\'']'
+ echo 'exit '
+ create_table /home/hadoop/git/physical_design/caseresult/case49/create_1.script
+ echo 'creating table...'
creating table...
+ echo /home/hadoop/git/physical_design/caseresult/case49/create_1.script
/home/hadoop/git/physical_design/caseresult/case49/create_1.script
+ hbase shell /home/hadoop/git/physical_design/caseresult/case49/create_1.script
SLF4J: Class path contains multiple SLF4J bindings.
SLF4J: Found binding in [jar:file:/home/hadoop/hbase-0.98.3-hadoop1/lib/slf4j-log4j12-1.6.4.jar!/org/slf4j/impl/StaticLoggerBinder.class]
SLF4J: Found binding in [jar:file:/home/hadoop/hadoop-1.2.1/lib/slf4j-log4j12-1.4.3.jar!/org/slf4j/impl/StaticLoggerBinder.class]
SLF4J: See http://www.slf4j.org/codes.html#multiple_bindings for an explanation.
0 row(s) in 1.7870 seconds

+ echo 'sleeping for 10 sec ...'
sleeping for 10 sec ...
+ sleep 10
+ false
+ false
+ false
+ false
+ false
+ false
+ false
+ false
+ false
+ true
+ echo workloadc...
workloadc...
+ echo 'start time: '
start time: 
++ date +%s
+ echo 1404997380
1404997380
++ echo /home/hadoop/git/physical_design/caseresult/case49/workloadc_1.dat
+ ./workloadc 10000000 20 /home/hadoop/git/physical_design/caseresult/case49/workloadc_1.dat
Loading workload...
Starting test.
2014-07-10 06:03:01:277 0 sec: 0 operations; 
14/07/10 06:03:01 INFO zookeeper.ZooKeeper: Client environment:zookeeper.version=3.4.6-1569965, built on 02/20/2014 09:09 GMT
14/07/10 06:03:01 INFO zookeeper.ZooKeeper: Client environment:host.name=sceplus-vm48.almaden.ibm.com
14/07/10 06:03:01 INFO zookeeper.ZooKeeper: Client environment:java.version=1.6.0_31
14/07/10 06:03:01 INFO zookeeper.ZooKeeper: Client environment:java.vendor=Sun Microsystems Inc.
14/07/10 06:03:01 INFO zookeeper.ZooKeeper: Client environment:java.home=/usr/lib/jvm/java-6-openjdk-amd64/jre
14/07/10 06:03:01 INFO zookeeper.ZooKeeper: Client environment:java.class.path=/home/hadoop/ycsb-0.1.4/hbase-binding/lib/hbase-binding-0.1.4.jar:/home/hadoop/ycsb-0.1.4/hbase-binding/conf:/home/hadoop/ycsb-0.1.4/jdbc-binding/conf:/home/hadoop/ycsb-0.1.4/core/lib/core-0.1.4.jar
14/07/10 06:03:01 INFO zookeeper.ZooKeeper: Client environment:java.library.path=/usr/lib/jvm/java-6-openjdk-amd64/jre/lib/amd64/server:/usr/lib/jvm/java-6-openjdk-amd64/jre/lib/amd64:/usr/lib/jvm/java-6-openjdk-amd64/jre/../lib/amd64:/usr/java/packages/lib/amd64:/usr/lib/jni:/lib:/usr/lib
14/07/10 06:03:01 INFO zookeeper.ZooKeeper: Client environment:java.io.tmpdir=/tmp
14/07/10 06:03:01 INFO zookeeper.ZooKeeper: Client environment:java.compiler=<NA>
14/07/10 06:03:01 INFO zookeeper.ZooKeeper: Client environment:os.name=Linux
14/07/10 06:03:01 INFO zookeeper.ZooKeeper: Client environment:os.arch=amd64
14/07/10 06:03:01 INFO zookeeper.ZooKeeper: Client environment:os.version=3.13.0-24-generic
14/07/10 06:03:01 INFO zookeeper.ZooKeeper: Client environment:user.name=hadoop
14/07/10 06:03:01 INFO zookeeper.ZooKeeper: Client environment:user.home=/home/hadoop
14/07/10 06:03:01 INFO zookeeper.ZooKeeper: Client environment:user.dir=/home/hadoop/ycsb-0.1.4
14/07/10 06:03:01 INFO zookeeper.ZooKeeper: Initiating client connection, connectString=sceplus-vm49.almaden.ibm.com:2181,sceplus-vm48.almaden.ibm.com:2181 sessionTimeout=90000 watcher=hconnection-0xc2c915f, quorum=sceplus-vm49.almaden.ibm.com:2181,sceplus-vm48.almaden.ibm.com:2181, baseZNode=/hbase
14/07/10 06:03:01 INFO zookeeper.RecoverableZooKeeper: Process identifier=hconnection-0xc2c915f connecting to ZooKeeper ensemble=sceplus-vm49.almaden.ibm.com:2181,sceplus-vm48.almaden.ibm.com:2181
14/07/10 06:03:01 INFO zookeeper.ClientCnxn: Opening socket connection to server sceplus-vm48.almaden.ibm.com/9.1.143.58:2181. Will not attempt to authenticate using SASL (unknown error)
14/07/10 06:03:01 INFO zookeeper.ClientCnxn: Socket connection established to sceplus-vm48.almaden.ibm.com/9.1.143.58:2181, initiating session
14/07/10 06:03:01 INFO zookeeper.ClientCnxn: Session establishment complete on server sceplus-vm48.almaden.ibm.com/9.1.143.58:2181, sessionid = 0x472058c3af000c, negotiated timeout = 90000
2014-07-10 06:03:11:279 10 sec: 121824 operations; 12167.8 current ops/sec; [INSERT AverageLatency(us)=198.42] [READ AverageLatency(us)=5664.66] 
2014-07-10 06:03:21:280 20 sec: 325946 operations; 20410.16 current ops/sec; [INSERT AverageLatency(us)=17.73] [READ AverageLatency(us)=9480.76] 
2014-07-10 06:03:31:281 30 sec: 708465 operations; 38248.08 current ops/sec; [INSERT AverageLatency(us)=13.89] [READ AverageLatency(us)=4954.87] 
2014-07-10 06:03:41:283 40 sec: 1041020 operations; 33248.85 current ops/sec; [INSERT AverageLatency(us)=17.76] [READ AverageLatency(us)=5834.96] 
2014-07-10 06:03:51:284 50 sec: 1342862 operations; 30181.18 current ops/sec; [INSERT AverageLatency(us)=12.31] [READ AverageLatency(us)=6433.41] 
2014-07-10 06:04:01:285 60 sec: 1603078 operations; 26019 current ops/sec; [INSERT AverageLatency(us)=11.16] [READ AverageLatency(us)=7544.47] 
2014-07-10 06:04:11:287 70 sec: 1871809 operations; 26867.73 current ops/sec; [INSERT AverageLatency(us)=13.2] [READ AverageLatency(us)=7239.2] 
2014-07-10 06:04:21:288 80 sec: 2134686 operations; 26285.07 current ops/sec; [INSERT AverageLatency(us)=10.46] [READ AverageLatency(us)=7443.62] 
2014-07-10 06:04:31:288 90 sec: 2405878 operations; 27119.2 current ops/sec; [INSERT AverageLatency(us)=13.41] [READ AverageLatency(us)=7231.91] 
2014-07-10 06:04:41:289 100 sec: 2714376 operations; 30846.72 current ops/sec; [INSERT AverageLatency(us)=11.63] [READ AverageLatency(us)=6340.99] 
2014-07-10 06:04:51:332 110 sec: 2973115 operations; 25765.68 current ops/sec; [INSERT AverageLatency(us)=11.51] [READ AverageLatency(us)=7560.17] 
2014-07-10 06:05:01:332 120 sec: 3275918 operations; 30277.27 current ops/sec; [INSERT AverageLatency(us)=12.59] [READ AverageLatency(us)=6452.48] 
2014-07-10 06:05:11:333 130 sec: 3550426 operations; 27448.06 current ops/sec; [INSERT AverageLatency(us)=13.45] [READ AverageLatency(us)=7126.76] 
2014-07-10 06:05:21:334 140 sec: 3864616 operations; 31419 current ops/sec; [INSERT AverageLatency(us)=12.23] [READ AverageLatency(us)=6168.57] 
2014-07-10 06:05:31:335 150 sec: 4151357 operations; 28668.37 current ops/sec; [INSERT AverageLatency(us)=12] [READ AverageLatency(us)=6785.21] 
2014-07-10 06:05:41:336 160 sec: 4451184 operations; 29979.7 current ops/sec; [INSERT AverageLatency(us)=12.13] [READ AverageLatency(us)=6528.69] 
2014-07-10 06:05:51:340 170 sec: 4731220 operations; 27992.4 current ops/sec; [INSERT AverageLatency(us)=13.73] [READ AverageLatency(us)=6941.59] 
2014-07-10 06:06:01:341 180 sec: 5045702 operations; 31445.06 current ops/sec; [INSERT AverageLatency(us)=13.63] [READ AverageLatency(us)=6178.25] 
2014-07-10 06:06:11:341 190 sec: 5315008 operations; 26930.6 current ops/sec; [INSERT AverageLatency(us)=13.04] [READ AverageLatency(us)=7277.11] 
2014-07-10 06:06:21:344 200 sec: 5608288 operations; 29319.2 current ops/sec; [INSERT AverageLatency(us)=12.29] [READ AverageLatency(us)=6705.6] 
2014-07-10 06:06:31:345 210 sec: 5834994 operations; 22668.33 current ops/sec; [INSERT AverageLatency(us)=11.77] [READ AverageLatency(us)=8641.81] 
2014-07-10 06:06:41:346 220 sec: 6125688 operations; 29066.49 current ops/sec; [INSERT AverageLatency(us)=13.15] [READ AverageLatency(us)=6639.66] 
2014-07-10 06:06:51:347 230 sec: 6409360 operations; 28364.36 current ops/sec; [INSERT AverageLatency(us)=12.79] [READ AverageLatency(us)=6912.73] 
2014-07-10 06:07:01:347 240 sec: 6655324 operations; 24596.4 current ops/sec; [INSERT AverageLatency(us)=11.9] [READ AverageLatency(us)=7906.16] 
2014-07-10 06:07:11:348 250 sec: 6903356 operations; 24800.72 current ops/sec; [INSERT AverageLatency(us)=12.05] [READ AverageLatency(us)=7969.64] 
2014-07-10 06:07:21:349 260 sec: 7166791 operations; 26340.87 current ops/sec; [INSERT AverageLatency(us)=12.76] [READ AverageLatency(us)=7384.63] 
2014-07-10 06:07:31:350 270 sec: 7390536 operations; 22374.5 current ops/sec; [INSERT AverageLatency(us)=17.46] [READ AverageLatency(us)=8674.38] 
2014-07-10 06:07:41:470 280 sec: 7618688 operations; 22542.44 current ops/sec; [INSERT AverageLatency(us)=13.87] [READ AverageLatency(us)=8514.46] 
2014-07-10 06:07:51:472 290 sec: 7860911 operations; 24217.46 current ops/sec; [INSERT AverageLatency(us)=12.18] [READ AverageLatency(us)=8250.56] 
2014-07-10 06:08:01:473 300 sec: 8093041 operations; 23210.68 current ops/sec; [INSERT AverageLatency(us)=13.71] [READ AverageLatency(us)=8471.31] 
2014-07-10 06:08:11:476 310 sec: 8293670 operations; 20056.88 current ops/sec; [INSERT AverageLatency(us)=13.84] [READ AverageLatency(us)=9704.28] 
2014-07-10 06:08:21:482 320 sec: 8486838 operations; 19305.22 current ops/sec; [INSERT AverageLatency(us)=16.91] [READ AverageLatency(us)=10066.24] 
2014-07-10 06:08:31:483 330 sec: 8717244 operations; 23038.3 current ops/sec; [INSERT AverageLatency(us)=14.55] [READ AverageLatency(us)=8534.93] 
2014-07-10 06:08:41:483 340 sec: 8917918 operations; 20067.4 current ops/sec; [INSERT AverageLatency(us)=12.46] [READ AverageLatency(us)=9678.7] 
2014-07-10 06:08:51:484 350 sec: 9159492 operations; 24154.98 current ops/sec; [INSERT AverageLatency(us)=11.56] [READ AverageLatency(us)=8205.22] 
2014-07-10 06:09:01:485 360 sec: 9368496 operations; 20898.31 current ops/sec; [INSERT AverageLatency(us)=13.22] [READ AverageLatency(us)=9528.42] 
2014-07-10 06:09:11:485 370 sec: 9623701 operations; 25520.5 current ops/sec; [INSERT AverageLatency(us)=13.9] [READ AverageLatency(us)=7608.8] 
2014-07-10 06:09:21:486 380 sec: 9827196 operations; 20347.47 current ops/sec; [INSERT AverageLatency(us)=11.12] [READ AverageLatency(us)=9623.04] 
2014-07-10 06:09:31:487 390 sec: 9993735 operations; 16652.23 current ops/sec; [UPDATE AverageLatency(us)=493283.06] [INSERT AverageLatency(us)=10.5] [READ AverageLatency(us)=8633.55] [CLEANUP AverageLatency(us)=494046.62] 
2014-07-10 06:09:33:435 392 sec: 10000000 operations; 3216.12 current ops/sec; [UPDATE AverageLatency(us)=279620.5] [INSERT AverageLatency(us)=8.4] [READ AverageLatency(us)=6163.34] [CLEANUP AverageLatency(us)=279643] 
+ echo 'end time:'
end time:
++ date +%s
+ echo 1404997775
1404997775
+ echo 'sleeping for 10 sec ...'
sleeping for 10 sec ...
+ sleep 10
+ let counter=1+1
+ read line
+ set +x
