+ filename=case370
+ requestdistribution=
+ RESULT_DIR=/home/hadoop/git/physical_design/caseresult/case370
+ TEN=10
+ SIXTY=60
+ SLEEP_TIME=60
+ YCSB_DIR=/home/hadoop/ycsb-0.1.4
+ number_of_operations=25000000
+ number_of_threads=20
+ number_of_records=25000000
+ output_file_suffix=.dat
+ experiment_list_file=/home/hadoop/git/physical_design/case370.list
+ clean=false
+ create=false
+ load=false
+ random_read=false
+ workloada=false
+ workloadb=false
+ workloadc=false
+ workloadc1=false
+ scan=false
+ all=false
+ for i in '$@'
+ '[' case370 == all ']'
+ '[' case370 == clean ']'
+ '[' case370 == create ']'
+ '[' case370 == load ']'
+ '[' case370 == random_read ']'
+ '[' case370 == scan ']'
+ '[' case370 == workloada ']'
+ '[' case370 == workloadb ']'
+ '[' case370 == workloadc ']'
+ '[' case370 == workloadc1 ']'
+ '[' case370 == zipfian ']'
+ '[' case370 == uniform ']'
+ for i in '$@'
+ '[' clean == all ']'
+ '[' clean == clean ']'
+ clean=true
+ for i in '$@'
+ '[' create == all ']'
+ '[' create == clean ']'
+ '[' create == create ']'
+ create=true
+ for i in '$@'
+ '[' workloada == all ']'
+ '[' workloada == clean ']'
+ '[' workloada == create ']'
+ '[' workloada == load ']'
+ '[' workloada == random_read ']'
+ '[' workloada == scan ']'
+ '[' workloada == workloada ']'
+ workloada=true
+ for i in '$@'
+ '[' zipfian == all ']'
+ '[' zipfian == clean ']'
+ '[' zipfian == create ']'
+ '[' zipfian == load ']'
+ '[' zipfian == random_read ']'
+ '[' zipfian == scan ']'
+ '[' zipfian == workloada ']'
+ '[' zipfian == workloadb ']'
+ '[' zipfian == workloadc ']'
+ '[' zipfian == workloadc1 ']'
+ '[' zipfian == zipfian ']'
+ requestdistribution=zipfian
+ let counter=1
+ cd /home/hadoop/ycsb-0.1.4
++ pwd
+ echo /home/hadoop/ycsb-0.1.4
/home/hadoop/ycsb-0.1.4
+ read line
+ false
+ true
+ echo 'sleeping for 60 ...'
sleeping for 60 ...
+ sleep 60
+ echo 'droping usertable...'
droping usertable...
+ ssh hadoop@slave1 /home/hadoop/hbase/bin/hbase-daemon.sh start regionserver
starting regionserver, logging to /home/hadoop/hbase/bin/../logs/hbase-hadoop-regionserver-sceplus-vm49.out
+ ssh hadoop@master /home/hadoop/hbase/bin/hbase shell /home/hadoop/git/physical_design/delete_table
2014-08-12 06:38:31,634 WARN  [main] util.NativeCodeLoader: Unable to load native-hadoop library for your platform... using builtin-java classes where applicable
0 row(s) in 3.1100 seconds

0 row(s) in 1.3010 seconds

0 row(s) in 0.1090 seconds

+ echo 'sleeping for 60 ...'
sleeping for 60 ...
+ sleep 60
+ false
+ true
+ echo 'creating usertable...'
creating usertable...
+ create_statement='create '\''usertable'\'', { NAME=>'\''family'\'', COMPRESSION=>'\''GZ'\''}, SPLITS => ['\''user1'\'', '\''user2'\'', '\''user3'\'', '\''user4'\'', '\''user5'\'', '\''user6'\'', '\''user7'\'', '\''user8'\'', '\''user9'\'']'
+ echo create ''\''usertable'\'',' '{' 'NAME=>'\''family'\'',' 'COMPRESSION=>'\''GZ'\''},' SPLITS '=>' '['\''user1'\'',' ''\''user2'\'',' ''\''user3'\'',' ''\''user4'\'',' ''\''user5'\'',' ''\''user6'\'',' ''\''user7'\'',' ''\''user8'\'',' ''\''user9'\'']'
+ echo 'exit '
+ scp /home/hadoop/git/physical_design/caseresult/case370/create_1.script hadoop@master:/home/hadoop/git/physical_design/caseresult/case370/create_1.script
+ create_table /home/hadoop/git/physical_design/caseresult/case370/create_1.script
+ echo 'creating table...'
creating table...
+ echo /home/hadoop/git/physical_design/caseresult/case370/create_1.script
/home/hadoop/git/physical_design/caseresult/case370/create_1.script
+ ssh hadoop@master /home/hadoop/hbase/bin/hbase shell /home/hadoop/git/physical_design/caseresult/case370/create_1.script
2014-08-12 06:39:43,339 WARN  [main] util.NativeCodeLoader: Unable to load native-hadoop library for your platform... using builtin-java classes where applicable
0 row(s) in 3.0790 seconds

+ echo 'sleeping for 10 sec ...'
sleeping for 10 sec ...
+ sleep 10
+ false
+ false
+ false
+ false
+ false
+ false
+ false
+ true
+ echo workloada...
workloada...
+ echo 'start time: '
start time: 
++ date +%s
+ echo 1407822330
1407822330
++ echo /home/hadoop/git/physical_design/caseresult/case370/workloada_1.dat
+ ./workloada 25000000 20 /home/hadoop/git/physical_design/caseresult/case370/workloada_1.dat zipfian
Loading workload...
Starting test.
2014-08-11 22:45:31:262 0 sec: 0 operations; 
14/08/11 22:45:31 INFO zookeeper.ZooKeeper: Client environment:zookeeper.version=3.4.6-1569965, built on 02/20/2014 09:09 GMT
14/08/11 22:45:31 INFO zookeeper.ZooKeeper: Client environment:host.name=sceplus-vm43.almaden.ibm.com
14/08/11 22:45:31 INFO zookeeper.ZooKeeper: Client environment:java.version=1.6.0_31
14/08/11 22:45:31 INFO zookeeper.ZooKeeper: Client environment:java.vendor=Sun Microsystems Inc.
14/08/11 22:45:31 INFO zookeeper.ZooKeeper: Client environment:java.home=/usr/lib/jvm/java-6-openjdk-amd64/jre
14/08/11 22:45:31 INFO zookeeper.ZooKeeper: Client environment:java.class.path=/home/hadoop/ycsb-0.1.4/hbase-binding/lib/hbase-binding-0.1.4.jar:/home/hadoop/ycsb-0.1.4/hbase-binding/conf:/home/hadoop/ycsb-0.1.4/core/lib/core-0.1.4.jar:/home/hadoop/ycsb-0.1.4/jdbc-binding/conf
14/08/11 22:45:31 INFO zookeeper.ZooKeeper: Client environment:java.library.path=/usr/lib/jvm/java-6-openjdk-amd64/jre/lib/amd64/server:/usr/lib/jvm/java-6-openjdk-amd64/jre/lib/amd64:/usr/lib/jvm/java-6-openjdk-amd64/jre/../lib/amd64:/usr/java/packages/lib/amd64:/usr/lib/jni:/lib:/usr/lib
14/08/11 22:45:31 INFO zookeeper.ZooKeeper: Client environment:java.io.tmpdir=/tmp
14/08/11 22:45:31 INFO zookeeper.ZooKeeper: Client environment:java.compiler=<NA>
14/08/11 22:45:31 INFO zookeeper.ZooKeeper: Client environment:os.name=Linux
14/08/11 22:45:31 INFO zookeeper.ZooKeeper: Client environment:os.arch=amd64
14/08/11 22:45:31 INFO zookeeper.ZooKeeper: Client environment:os.version=3.13.0-24-generic
14/08/11 22:45:31 INFO zookeeper.ZooKeeper: Client environment:user.name=hadoop
14/08/11 22:45:31 INFO zookeeper.ZooKeeper: Client environment:user.home=/home/hadoop
14/08/11 22:45:31 INFO zookeeper.ZooKeeper: Client environment:user.dir=/home/hadoop/ycsb-0.1.4
14/08/11 22:45:31 INFO zookeeper.ZooKeeper: Initiating client connection, connectString=sceplus-vm49.almaden.ibm.com:2181,sceplus-vm48.almaden.ibm.com:2181 sessionTimeout=90000 watcher=hconnection-0x21934d9d, quorum=sceplus-vm49.almaden.ibm.com:2181,sceplus-vm48.almaden.ibm.com:2181, baseZNode=/hbase
14/08/11 22:45:31 INFO zookeeper.RecoverableZooKeeper: Process identifier=hconnection-0x21934d9d connecting to ZooKeeper ensemble=sceplus-vm49.almaden.ibm.com:2181,sceplus-vm48.almaden.ibm.com:2181
14/08/11 22:45:31 INFO zookeeper.ClientCnxn: Opening socket connection to server slave1/9.1.143.59:2181. Will not attempt to authenticate using SASL (unknown error)
14/08/11 22:45:31 INFO zookeeper.ClientCnxn: Socket connection established to slave1/9.1.143.59:2181, initiating session
14/08/11 22:45:31 INFO zookeeper.ClientCnxn: Session establishment complete on server slave1/9.1.143.59:2181, sessionid = 0x147ca6fe8d7000b, negotiated timeout = 90000
14/08/11 22:45:31 WARN util.DynamicClassLoader: Failed to identify the fs of dir hdfs://master:54310/hbase/lib, ignored
org.apache.hadoop.ipc.RemoteException: Server IPC version 9 cannot communicate with client version 4
	at org.apache.hadoop.ipc.Client.call(Client.java:1113)
	at org.apache.hadoop.ipc.RPC$Invoker.invoke(RPC.java:229)
	at com.sun.proxy.$Proxy5.getProtocolVersion(Unknown Source)
	at sun.reflect.NativeMethodAccessorImpl.invoke0(Native Method)
	at sun.reflect.NativeMethodAccessorImpl.invoke(NativeMethodAccessorImpl.java:57)
	at sun.reflect.DelegatingMethodAccessorImpl.invoke(DelegatingMethodAccessorImpl.java:43)
	at java.lang.reflect.Method.invoke(Method.java:622)
	at org.apache.hadoop.io.retry.RetryInvocationHandler.invokeMethod(RetryInvocationHandler.java:85)
	at org.apache.hadoop.io.retry.RetryInvocationHandler.invoke(RetryInvocationHandler.java:62)
	at com.sun.proxy.$Proxy5.getProtocolVersion(Unknown Source)
	at org.apache.hadoop.ipc.RPC.checkVersion(RPC.java:422)
	at org.apache.hadoop.hdfs.DFSClient.createNamenode(DFSClient.java:183)
	at org.apache.hadoop.hdfs.DFSClient.<init>(DFSClient.java:281)
	at org.apache.hadoop.hdfs.DFSClient.<init>(DFSClient.java:245)
	at org.apache.hadoop.hdfs.DistributedFileSystem.initialize(DistributedFileSystem.java:100)
	at org.apache.hadoop.fs.FileSystem.createFileSystem(FileSystem.java:1446)
	at org.apache.hadoop.fs.FileSystem.access$200(FileSystem.java:67)
	at org.apache.hadoop.fs.FileSystem$Cache.get(FileSystem.java:1464)
	at org.apache.hadoop.fs.FileSystem.get(FileSystem.java:263)
	at org.apache.hadoop.fs.Path.getFileSystem(Path.java:187)
	at org.apache.hadoop.hbase.util.DynamicClassLoader.<init>(DynamicClassLoader.java:104)
	at org.apache.hadoop.hbase.protobuf.ProtobufUtil.<clinit>(ProtobufUtil.java:202)
	at org.apache.hadoop.hbase.ClusterId.parseFrom(ClusterId.java:64)
	at org.apache.hadoop.hbase.zookeeper.ZKClusterId.readClusterIdZNode(ZKClusterId.java:69)
	at org.apache.hadoop.hbase.client.ZooKeeperRegistry.getClusterId(ZooKeeperRegistry.java:83)
	at org.apache.hadoop.hbase.client.HConnectionManager$HConnectionImplementation.retrieveClusterId(HConnectionManager.java:858)
	at org.apache.hadoop.hbase.client.HConnectionManager$HConnectionImplementation.<init>(HConnectionManager.java:663)
	at sun.reflect.NativeConstructorAccessorImpl.newInstance0(Native Method)
	at sun.reflect.NativeConstructorAccessorImpl.newInstance(NativeConstructorAccessorImpl.java:57)
	at sun.reflect.DelegatingConstructorAccessorImpl.newInstance(DelegatingConstructorAccessorImpl.java:45)
	at java.lang.reflect.Constructor.newInstance(Constructor.java:534)
	at org.apache.hadoop.hbase.client.HConnectionManager.createConnection(HConnectionManager.java:415)
	at org.apache.hadoop.hbase.client.HConnectionManager.createConnection(HConnectionManager.java:394)
	at org.apache.hadoop.hbase.client.HConnectionManager.getConnection(HConnectionManager.java:275)
	at org.apache.hadoop.hbase.client.HTable.<init>(HTable.java:197)
	at org.apache.hadoop.hbase.client.HTable.<init>(HTable.java:159)
	at com.yahoo.ycsb.db.HBaseClient.getHTable(HBaseClient.java:118)
	at com.yahoo.ycsb.db.HBaseClient.update(HBaseClient.java:302)
	at com.yahoo.ycsb.db.HBaseClient.insert(HBaseClient.java:357)
	at com.yahoo.ycsb.DBWrapper.insert(DBWrapper.java:148)
	at com.yahoo.ycsb.workloads.CoreWorkload.doTransactionInsert(CoreWorkload.java:639)
	at com.yahoo.ycsb.workloads.CoreWorkload.doTransaction(CoreWorkload.java:487)
	at com.yahoo.ycsb.ClientThread.run(Client.java:241)
2014-08-11 22:45:41:264 10 sec: 17997 operations; 1799.34 current ops/sec; [INSERT AverageLatency(us)=1144.21] [READ AverageLatency(us)=6315.91] 
2014-08-11 22:45:51:266 20 sec: 62289 operations; 4428.31 current ops/sec; [INSERT AverageLatency(us)=27.34] [READ AverageLatency(us)=2706] 
2014-08-11 22:46:01:267 30 sec: 149977 operations; 8767.92 current ops/sec; [INSERT AverageLatency(us)=20] [READ AverageLatency(us)=1657.21] 
2014-08-11 22:46:11:271 40 sec: 293687 operations; 14365.25 current ops/sec; [INSERT AverageLatency(us)=20.46] [READ AverageLatency(us)=1233.41] 
2014-08-11 22:46:21:272 50 sec: 463791 operations; 17008.7 current ops/sec; [INSERT AverageLatency(us)=15.84] [READ AverageLatency(us)=1160.32] 
2014-08-11 22:46:31:272 60 sec: 643765 operations; 17997.4 current ops/sec; [INSERT AverageLatency(us)=22] [READ AverageLatency(us)=1144.4] 
2014-08-11 22:46:41:273 70 sec: 819451 operations; 17566.84 current ops/sec; [INSERT AverageLatency(us)=12.23] [READ AverageLatency(us)=1204.29] 
2014-08-11 22:46:51:274 80 sec: 942154 operations; 12269.07 current ops/sec; [INSERT AverageLatency(us)=25.54] [READ AverageLatency(us)=1732.27] 
2014-08-11 22:47:01:274 90 sec: 1069977 operations; 12782.3 current ops/sec; [INSERT AverageLatency(us)=14.04] [READ AverageLatency(us)=1715.12] 
2014-08-11 22:47:11:275 100 sec: 1227597 operations; 15760.42 current ops/sec; [INSERT AverageLatency(us)=16.01] [READ AverageLatency(us)=1361.95] 
2014-08-11 22:47:21:277 110 sec: 1392199 operations; 16456.91 current ops/sec; [INSERT AverageLatency(us)=11.75] [READ AverageLatency(us)=1294.75] 
2014-08-11 22:47:31:278 120 sec: 1559580 operations; 16736.43 current ops/sec; [INSERT AverageLatency(us)=11.79] [READ AverageLatency(us)=1314.29] 
2014-08-11 22:47:41:278 130 sec: 1739063 operations; 17948.3 current ops/sec; [INSERT AverageLatency(us)=11.65] [READ AverageLatency(us)=1207.75] 
2014-08-11 22:47:51:279 140 sec: 1866810 operations; 12773.42 current ops/sec; [INSERT AverageLatency(us)=14.02] [READ AverageLatency(us)=1692.84] 
2014-08-11 22:48:01:279 150 sec: 1988507 operations; 12169.7 current ops/sec; [INSERT AverageLatency(us)=13.38] [READ AverageLatency(us)=1813.25] 
2014-08-11 22:48:11:280 160 sec: 2143103 operations; 15458.05 current ops/sec; [INSERT AverageLatency(us)=11.33] [READ AverageLatency(us)=1412.17] 
2014-08-11 22:48:21:281 170 sec: 2312324 operations; 16920.41 current ops/sec; [INSERT AverageLatency(us)=11.39] [READ AverageLatency(us)=1287.61] 
2014-08-11 22:48:31:281 180 sec: 2483983 operations; 17165.9 current ops/sec; [INSERT AverageLatency(us)=11.43] [READ AverageLatency(us)=1273.63] 
2014-08-11 22:48:41:282 190 sec: 2646120 operations; 16212.08 current ops/sec; [INSERT AverageLatency(us)=26.87] [READ AverageLatency(us)=1346.79] 
2014-08-11 22:48:51:282 200 sec: 2794657 operations; 14853.7 current ops/sec; [INSERT AverageLatency(us)=21] [READ AverageLatency(us)=1473.83] 
2014-08-11 22:49:01:283 210 sec: 2908487 operations; 11381.86 current ops/sec; [INSERT AverageLatency(us)=14.7] [READ AverageLatency(us)=1932.18] 
2014-08-11 22:49:11:283 220 sec: 3080051 operations; 17156.4 current ops/sec; [INSERT AverageLatency(us)=18.15] [READ AverageLatency(us)=1277.92] 
2014-08-11 22:49:21:284 230 sec: 3254687 operations; 17461.85 current ops/sec; [INSERT AverageLatency(us)=11.31] [READ AverageLatency(us)=1256.58] 
2014-08-11 22:49:31:285 240 sec: 3430154 operations; 17544.95 current ops/sec; [INSERT AverageLatency(us)=11.25] [READ AverageLatency(us)=1248.19] 
2014-08-11 22:49:41:285 250 sec: 3604388 operations; 17423.4 current ops/sec; [INSERT AverageLatency(us)=11.35] [READ AverageLatency(us)=1259.08] 
2014-08-11 22:49:51:286 260 sec: 3752337 operations; 14793.42 current ops/sec; [INSERT AverageLatency(us)=12.74] [READ AverageLatency(us)=1482.39] 
2014-08-11 22:50:01:286 270 sec: 3875033 operations; 12269.6 current ops/sec; [INSERT AverageLatency(us)=14.15] [READ AverageLatency(us)=1800.71] 
2014-08-11 22:50:11:287 280 sec: 4040734 operations; 16568.44 current ops/sec; [INSERT AverageLatency(us)=11.29] [READ AverageLatency(us)=1328.04] 
2014-08-11 22:50:21:288 290 sec: 4208315 operations; 16756.42 current ops/sec; [INSERT AverageLatency(us)=11.26] [READ AverageLatency(us)=1312.61] 
2014-08-11 22:50:31:288 300 sec: 4374934 operations; 16661.9 current ops/sec; [INSERT AverageLatency(us)=11.48] [READ AverageLatency(us)=1321.99] 
2014-08-11 22:50:41:289 310 sec: 4541500 operations; 16654.93 current ops/sec; [INSERT AverageLatency(us)=11.53] [READ AverageLatency(us)=1320.58] 
2014-08-11 22:50:51:289 320 sec: 4685818 operations; 14431.8 current ops/sec; [INSERT AverageLatency(us)=19.83] [READ AverageLatency(us)=1517.34] 
2014-08-11 22:51:01:290 330 sec: 4810659 operations; 12482.85 current ops/sec; [INSERT AverageLatency(us)=14.09] [READ AverageLatency(us)=1779.83] 
2014-08-11 22:51:11:291 340 sec: 4977531 operations; 16687.2 current ops/sec; [INSERT AverageLatency(us)=11.2] [READ AverageLatency(us)=1318.5] 
2014-08-11 22:51:21:291 350 sec: 5143065 operations; 16551.74 current ops/sec; [INSERT AverageLatency(us)=11.37] [READ AverageLatency(us)=1331.23] 
2014-08-11 22:51:31:292 360 sec: 5312992 operations; 16991 current ops/sec; [INSERT AverageLatency(us)=11.43] [READ AverageLatency(us)=1295.61] 
2014-08-11 22:51:41:292 370 sec: 5481697 operations; 16870.5 current ops/sec; [INSERT AverageLatency(us)=11.26] [READ AverageLatency(us)=1306.77] 
2014-08-11 22:51:51:293 380 sec: 5619707 operations; 13799.62 current ops/sec; [INSERT AverageLatency(us)=13.16] [READ AverageLatency(us)=1597.31] 
2014-08-11 22:52:01:293 390 sec: 5743566 operations; 12385.9 current ops/sec; [INSERT AverageLatency(us)=13.89] [READ AverageLatency(us)=1778.54] 
2014-08-11 22:52:11:294 400 sec: 5899098 operations; 15551.64 current ops/sec; [INSERT AverageLatency(us)=11.4] [READ AverageLatency(us)=1416.69] 
2014-08-11 22:52:21:295 410 sec: 6059112 operations; 15999.8 current ops/sec; [INSERT AverageLatency(us)=11.29] [READ AverageLatency(us)=1376.09] 
2014-08-11 22:52:31:295 420 sec: 6223076 operations; 16396.4 current ops/sec; [INSERT AverageLatency(us)=11.34] [READ AverageLatency(us)=1342.72] 
2014-08-11 22:52:41:296 430 sec: 6387251 operations; 16415.86 current ops/sec; [INSERT AverageLatency(us)=11.54] [READ AverageLatency(us)=1343.7] 
2014-08-11 22:52:51:296 440 sec: 6536618 operations; 14936.7 current ops/sec; [INSERT AverageLatency(us)=12.18] [READ AverageLatency(us)=1461.69] 
2014-08-11 22:53:01:297 450 sec: 6649832 operations; 11320.27 current ops/sec; [INSERT AverageLatency(us)=15.11] [READ AverageLatency(us)=1961.94] 
2014-08-11 22:53:11:297 460 sec: 6813190 operations; 16335.8 current ops/sec; [INSERT AverageLatency(us)=11.19] [READ AverageLatency(us)=1353.67] 
2014-08-11 22:53:21:298 470 sec: 6979312 operations; 16610.54 current ops/sec; [INSERT AverageLatency(us)=11.22] [READ AverageLatency(us)=1329.12] 
2014-08-11 22:53:31:299 480 sec: 7147793 operations; 16846.42 current ops/sec; [INSERT AverageLatency(us)=11.21] [READ AverageLatency(us)=1309.27] 
2014-08-11 22:53:41:299 490 sec: 7310976 operations; 16318.3 current ops/sec; [INSERT AverageLatency(us)=11.58] [READ AverageLatency(us)=1350.22] 
2014-08-11 22:53:51:300 500 sec: 7470242 operations; 15925.01 current ops/sec; [INSERT AverageLatency(us)=21.55] [READ AverageLatency(us)=1383.16] 
2014-08-11 22:54:01:301 510 sec: 7579813 operations; 10957.1 current ops/sec; [INSERT AverageLatency(us)=16.81] [READ AverageLatency(us)=2015.55] 
2014-08-11 22:54:11:301 520 sec: 7742813 operations; 16298.37 current ops/sec; [INSERT AverageLatency(us)=11.41] [READ AverageLatency(us)=1353.39] 
2014-08-11 22:54:21:302 530 sec: 7904490 operations; 16166.08 current ops/sec; [INSERT AverageLatency(us)=17.81] [READ AverageLatency(us)=1363.23] 
2014-08-11 22:54:31:302 540 sec: 8063790 operations; 15930 current ops/sec; [INSERT AverageLatency(us)=17.38] [READ AverageLatency(us)=1384.22] 
2014-08-11 22:54:41:303 550 sec: 8223607 operations; 15980.1 current ops/sec; [INSERT AverageLatency(us)=11.37] [READ AverageLatency(us)=1380.39] 
2014-08-11 22:54:51:303 560 sec: 8378589 operations; 15498.2 current ops/sec; [INSERT AverageLatency(us)=11.48] [READ AverageLatency(us)=1425.04] 
2014-08-11 22:55:01:304 570 sec: 8483801 operations; 10520.15 current ops/sec; [INSERT AverageLatency(us)=14.9] [READ AverageLatency(us)=2099.68] 
2014-08-11 22:55:11:304 580 sec: 8594635 operations; 11083.4 current ops/sec; [INSERT AverageLatency(us)=12.71] [READ AverageLatency(us)=1994.88] 
2014-08-11 22:55:21:305 590 sec: 8730601 operations; 13595.24 current ops/sec; [INSERT AverageLatency(us)=11.25] [READ AverageLatency(us)=1623.42] 
2014-08-11 22:55:31:306 600 sec: 8862899 operations; 13228.48 current ops/sec; [INSERT AverageLatency(us)=11.1] [READ AverageLatency(us)=1670.83] 
2014-08-11 22:55:41:306 610 sec: 9012678 operations; 14977.9 current ops/sec; [INSERT AverageLatency(us)=14.02] [READ AverageLatency(us)=1475.77] 
2014-08-11 22:55:51:307 620 sec: 9170256 operations; 15756.22 current ops/sec; [INSERT AverageLatency(us)=11.24] [READ AverageLatency(us)=1399.27] 
2014-08-11 22:56:01:307 630 sec: 9321434 operations; 15117.8 current ops/sec; [INSERT AverageLatency(us)=15.83] [READ AverageLatency(us)=1460.15] 
2014-08-11 22:56:11:308 640 sec: 9435756 operations; 11431.06 current ops/sec; [INSERT AverageLatency(us)=14.57] [READ AverageLatency(us)=1933.48] 
2014-08-11 22:56:21:308 650 sec: 9578918 operations; 14316.2 current ops/sec; [INSERT AverageLatency(us)=12.13] [READ AverageLatency(us)=1544.35] 
2014-08-11 22:56:31:309 660 sec: 9735425 operations; 15649.14 current ops/sec; [INSERT AverageLatency(us)=11.09] [READ AverageLatency(us)=1410.91] 
2014-08-11 22:56:41:310 670 sec: 9887946 operations; 15250.57 current ops/sec; [INSERT AverageLatency(us)=11.33] [READ AverageLatency(us)=1447.32] 
2014-08-11 22:56:51:310 680 sec: 10044085 operations; 15613.9 current ops/sec; [INSERT AverageLatency(us)=11.28] [READ AverageLatency(us)=1416.65] 
2014-08-11 22:57:01:311 690 sec: 10191998 operations; 14789.82 current ops/sec; [INSERT AverageLatency(us)=11.19] [READ AverageLatency(us)=1495.98] 
2014-08-11 22:57:11:312 700 sec: 10317412 operations; 12541.4 current ops/sec; [INSERT AverageLatency(us)=18.59] [READ AverageLatency(us)=1762.69] 
2014-08-11 22:57:21:312 710 sec: 10437823 operations; 12039.9 current ops/sec; [INSERT AverageLatency(us)=13.88] [READ AverageLatency(us)=1834.72] 
2014-08-11 22:57:31:313 720 sec: 10590024 operations; 15218.58 current ops/sec; [INSERT AverageLatency(us)=11.15] [READ AverageLatency(us)=1450.91] 
2014-08-11 22:57:41:313 730 sec: 10750853 operations; 16082.9 current ops/sec; [INSERT AverageLatency(us)=11.21] [READ AverageLatency(us)=1375.38] 
2014-08-11 22:57:51:314 740 sec: 10906362 operations; 15549.35 current ops/sec; [INSERT AverageLatency(us)=11.21] [READ AverageLatency(us)=1420.34] 
2014-08-11 22:58:01:315 750 sec: 11059777 operations; 15339.97 current ops/sec; [INSERT AverageLatency(us)=11.21] [READ AverageLatency(us)=1438.61] 
2014-08-11 22:58:11:315 760 sec: 11207029 operations; 14725.2 current ops/sec; [INSERT AverageLatency(us)=11.63] [READ AverageLatency(us)=1499.67] 
2014-08-11 22:58:21:316 770 sec: 11317027 operations; 10998.7 current ops/sec; [INSERT AverageLatency(us)=14.88] [READ AverageLatency(us)=2014.9] 
2014-08-11 22:58:31:316 780 sec: 11457164 operations; 14013.7 current ops/sec; [INSERT AverageLatency(us)=12.09] [READ AverageLatency(us)=1576.94] 
2014-08-11 22:58:41:317 790 sec: 11610825 operations; 15364.56 current ops/sec; [INSERT AverageLatency(us)=11.11] [READ AverageLatency(us)=1437.28] 
2014-08-11 22:58:51:318 800 sec: 11762844 operations; 15200.38 current ops/sec; [INSERT AverageLatency(us)=11.23] [READ AverageLatency(us)=1453.41] 
2014-08-11 22:59:01:318 810 sec: 11912399 operations; 14955.5 current ops/sec; [INSERT AverageLatency(us)=11.22] [READ AverageLatency(us)=1474.23] 
2014-08-11 22:59:11:319 820 sec: 12067895 operations; 15548.05 current ops/sec; [INSERT AverageLatency(us)=11.13] [READ AverageLatency(us)=1420.55] 
2014-08-11 22:59:21:319 830 sec: 12194872 operations; 12697.7 current ops/sec; [INSERT AverageLatency(us)=12.91] [READ AverageLatency(us)=1730.14] 
2014-08-11 22:59:31:320 840 sec: 12312256 operations; 11737.23 current ops/sec; [INSERT AverageLatency(us)=14.24] [READ AverageLatency(us)=1897.48] 
2014-08-11 22:59:41:321 850 sec: 12466073 operations; 15381.7 current ops/sec; [INSERT AverageLatency(us)=14.09] [READ AverageLatency(us)=1435.8] 
2014-08-11 22:59:51:321 860 sec: 12627727 operations; 16163.78 current ops/sec; [INSERT AverageLatency(us)=11.46] [READ AverageLatency(us)=1368.73] 
2014-08-11 23:00:01:322 870 sec: 12789988 operations; 16224.48 current ops/sec; [INSERT AverageLatency(us)=11.22] [READ AverageLatency(us)=1363.09] 
2014-08-11 23:00:11:323 880 sec: 12949281 operations; 15927.71 current ops/sec; [INSERT AverageLatency(us)=11.14] [READ AverageLatency(us)=1386.86] 
2014-08-11 23:00:21:325 890 sec: 13093970 operations; 14466.01 current ops/sec; [INSERT AverageLatency(us)=17.24] [READ AverageLatency(us)=1508.73] 
2014-08-11 23:00:31:326 900 sec: 13200179 operations; 10619.84 current ops/sec; [INSERT AverageLatency(us)=14.91] [READ AverageLatency(us)=2112.54] 
2014-08-11 23:00:41:327 910 sec: 13338222 operations; 13802.92 current ops/sec; [INSERT AverageLatency(us)=20.22] [READ AverageLatency(us)=1601.65] 
2014-08-11 23:00:51:328 920 sec: 13488016 operations; 14977.9 current ops/sec; [INSERT AverageLatency(us)=11.37] [READ AverageLatency(us)=1478.2] 
2014-08-11 23:01:01:329 930 sec: 13648708 operations; 16067.59 current ops/sec; [INSERT AverageLatency(us)=11.25] [READ AverageLatency(us)=1375.53] 
2014-08-11 23:01:11:330 940 sec: 13813177 operations; 16445.26 current ops/sec; [INSERT AverageLatency(us)=11.2] [READ AverageLatency(us)=1344.51] 
2014-08-11 23:01:21:332 950 sec: 13973746 operations; 16053.69 current ops/sec; [INSERT AverageLatency(us)=11.41] [READ AverageLatency(us)=1376.84] 
2014-08-11 23:01:31:333 960 sec: 14094896 operations; 12113.79 current ops/sec; [INSERT AverageLatency(us)=14.35] [READ AverageLatency(us)=1825.83] 
2014-08-11 23:01:41:334 970 sec: 14230719 operations; 13580.94 current ops/sec; [INSERT AverageLatency(us)=12.59] [READ AverageLatency(us)=1628.69] 
2014-08-11 23:01:51:335 980 sec: 14388464 operations; 15772.92 current ops/sec; [INSERT AverageLatency(us)=11.2] [READ AverageLatency(us)=1401.27] 
2014-08-11 23:02:01:336 990 sec: 14544326 operations; 15584.64 current ops/sec; [INSERT AverageLatency(us)=11.24] [READ AverageLatency(us)=1418.54] 
2014-08-11 23:02:11:337 1000 sec: 14693672 operations; 14933.11 current ops/sec; [INSERT AverageLatency(us)=18.28] [READ AverageLatency(us)=1480.61] 
2014-08-11 23:02:21:339 1010 sec: 14848686 operations; 15499.85 current ops/sec; [INSERT AverageLatency(us)=11.22] [READ AverageLatency(us)=1426.18] 
2014-08-11 23:02:31:340 1020 sec: 14992427 operations; 14371.23 current ops/sec; [INSERT AverageLatency(us)=12.36] [READ AverageLatency(us)=1536.96] 
2014-08-11 23:02:41:341 1030 sec: 15107310 operations; 11487.15 current ops/sec; [INSERT AverageLatency(us)=14.5] [READ AverageLatency(us)=1928.36] 
2014-08-11 23:02:51:342 1040 sec: 15264157 operations; 15683.13 current ops/sec; [INSERT AverageLatency(us)=11.51] [READ AverageLatency(us)=1409.87] 
2014-08-11 23:03:01:343 1050 sec: 15415480 operations; 15130.79 current ops/sec; [INSERT AverageLatency(us)=11.32] [READ AverageLatency(us)=1460.24] 
2014-08-11 23:03:11:344 1060 sec: 15567904 operations; 15240.88 current ops/sec; [INSERT AverageLatency(us)=11.16] [READ AverageLatency(us)=1450.49] 
2014-08-11 23:03:21:346 1070 sec: 15718210 operations; 15029.1 current ops/sec; [INSERT AverageLatency(us)=11.31] [READ AverageLatency(us)=1470.83] 
2014-08-11 23:03:31:347 1080 sec: 15869856 operations; 15161.57 current ops/sec; [INSERT AverageLatency(us)=11.23] [READ AverageLatency(us)=1458.57] 
2014-08-11 23:03:41:353 1090 sec: 15983779 operations; 11385.47 current ops/sec; [INSERT AverageLatency(us)=14.42] [READ AverageLatency(us)=1940.94] 
2014-08-11 23:03:51:354 1100 sec: 16099506 operations; 11571.54 current ops/sec; [INSERT AverageLatency(us)=12.94] [READ AverageLatency(us)=1914.54] 
2014-08-11 23:04:01:355 1110 sec: 16246009 operations; 14648.84 current ops/sec; [INSERT AverageLatency(us)=11.2] [READ AverageLatency(us)=1508.72] 
2014-08-11 23:04:11:356 1120 sec: 16394928 operations; 14890.41 current ops/sec; [INSERT AverageLatency(us)=14.83] [READ AverageLatency(us)=1484.9] 
2014-08-11 23:04:21:357 1130 sec: 16544323 operations; 14938.01 current ops/sec; [INSERT AverageLatency(us)=11.21] [READ AverageLatency(us)=1480.97] 
2014-08-11 23:04:31:358 1140 sec: 16692666 operations; 14832.82 current ops/sec; [INSERT AverageLatency(us)=11.39] [READ AverageLatency(us)=1489.58] 
2014-08-11 23:04:41:360 1150 sec: 16841020 operations; 14832.43 current ops/sec; [INSERT AverageLatency(us)=11.42] [READ AverageLatency(us)=1488.98] 
2014-08-11 23:04:51:361 1160 sec: 16939055 operations; 9802.52 current ops/sec; [INSERT AverageLatency(us)=15.43] [READ AverageLatency(us)=2227.82] 
2014-08-11 23:05:01:362 1170 sec: 17053323 operations; 11425.66 current ops/sec; [INSERT AverageLatency(us)=12.22] [READ AverageLatency(us)=1965.66] 
2014-08-11 23:05:11:363 1180 sec: 17184351 operations; 13101.49 current ops/sec; [INSERT AverageLatency(us)=14.15] [READ AverageLatency(us)=1687.7] 
2014-08-11 23:05:21:364 1190 sec: 17328650 operations; 14428.46 current ops/sec; [INSERT AverageLatency(us)=11.23] [READ AverageLatency(us)=1531.57] 
2014-08-11 23:05:31:364 1200 sec: 17478602 operations; 14995.2 current ops/sec; [INSERT AverageLatency(us)=11.33] [READ AverageLatency(us)=1473.49] 
2014-08-11 23:05:41:365 1210 sec: 17635506 operations; 15688.83 current ops/sec; [INSERT AverageLatency(us)=18.02] [READ AverageLatency(us)=1408.18] 
2014-08-11 23:05:51:365 1220 sec: 17791832 operations; 15632.6 current ops/sec; [INSERT AverageLatency(us)=11.45] [READ AverageLatency(us)=1414.88] 
2014-08-11 23:06:01:366 1230 sec: 17892945 operations; 10110.29 current ops/sec; [INSERT AverageLatency(us)=15.81] [READ AverageLatency(us)=2186.73] 
2014-08-11 23:06:11:367 1240 sec: 18031046 operations; 13808.72 current ops/sec; [INSERT AverageLatency(us)=11.85] [READ AverageLatency(us)=1600.65] 
2014-08-11 23:06:21:367 1250 sec: 18180834 operations; 14978.8 current ops/sec; [INSERT AverageLatency(us)=11.05] [READ AverageLatency(us)=1477.31] 
2014-08-11 23:06:31:368 1260 sec: 18333706 operations; 15285.67 current ops/sec; [INSERT AverageLatency(us)=11.14] [READ AverageLatency(us)=1446.32] 
2014-08-11 23:06:41:368 1270 sec: 18492352 operations; 15864.6 current ops/sec; [INSERT AverageLatency(us)=15.57] [READ AverageLatency(us)=1393.52] 
2014-08-11 23:06:51:369 1280 sec: 18650973 operations; 15860.51 current ops/sec; [INSERT AverageLatency(us)=11.34] [READ AverageLatency(us)=1394.26] 
2014-08-11 23:07:01:369 1290 sec: 18781480 operations; 13050.7 current ops/sec; [INSERT AverageLatency(us)=12.73] [READ AverageLatency(us)=1695.93] 
2014-08-11 23:07:11:370 1300 sec: 18897624 operations; 11613.24 current ops/sec; [INSERT AverageLatency(us)=14.45] [READ AverageLatency(us)=1904.99] 
2014-08-11 23:07:21:371 1310 sec: 19055605 operations; 15796.52 current ops/sec; [INSERT AverageLatency(us)=11.22] [READ AverageLatency(us)=1400.47] 
2014-08-11 23:07:31:453 1320 sec: 19215688 operations; 15878.1 current ops/sec; [INSERT AverageLatency(us)=11.23] [READ AverageLatency(us)=1382.09] 
2014-08-11 23:07:41:454 1330 sec: 19366467 operations; 15076.39 current ops/sec; [INSERT AverageLatency(us)=11.32] [READ AverageLatency(us)=1479.57] 
2014-08-11 23:07:51:455 1340 sec: 19519063 operations; 15259.6 current ops/sec; [INSERT AverageLatency(us)=11.11] [READ AverageLatency(us)=1449.94] 
2014-08-11 23:08:01:455 1350 sec: 19671271 operations; 15219.28 current ops/sec; [INSERT AverageLatency(us)=11.36] [READ AverageLatency(us)=1453.05] 
2014-08-11 23:08:11:456 1360 sec: 19774448 operations; 10316.67 current ops/sec; [INSERT AverageLatency(us)=15.54] [READ AverageLatency(us)=2148.74] 
2014-08-11 23:08:21:456 1370 sec: 19924445 operations; 14999.7 current ops/sec; [INSERT AverageLatency(us)=11.78] [READ AverageLatency(us)=1474.93] 
2014-08-11 23:08:31:457 1380 sec: 20079659 operations; 15519.85 current ops/sec; [INSERT AverageLatency(us)=17.74] [READ AverageLatency(us)=1425.8] 
2014-08-11 23:08:41:457 1390 sec: 20231535 operations; 15187.6 current ops/sec; [INSERT AverageLatency(us)=11.19] [READ AverageLatency(us)=1456.94] 
2014-08-11 23:08:51:458 1400 sec: 20381965 operations; 15041.5 current ops/sec; [INSERT AverageLatency(us)=11.28] [READ AverageLatency(us)=1470.46] 
2014-08-11 23:09:01:459 1410 sec: 20530913 operations; 14893.31 current ops/sec; [INSERT AverageLatency(us)=11.25] [READ AverageLatency(us)=1486.42] 
2014-08-11 23:09:11:459 1420 sec: 20655260 operations; 12434.7 current ops/sec; [INSERT AverageLatency(us)=13.21] [READ AverageLatency(us)=1779.21] 
2014-08-11 23:09:21:460 1430 sec: 20779554 operations; 12428.16 current ops/sec; [INSERT AverageLatency(us)=13.41] [READ AverageLatency(us)=1781.22] 
2014-08-11 23:09:31:460 1440 sec: 20926324 operations; 14677 current ops/sec; [INSERT AverageLatency(us)=11.23] [READ AverageLatency(us)=1508.15] 
2014-08-11 23:09:41:461 1450 sec: 21078724 operations; 15238.48 current ops/sec; [INSERT AverageLatency(us)=11.2] [READ AverageLatency(us)=1451.66] 
2014-08-11 23:09:51:461 1460 sec: 21232055 operations; 15333.1 current ops/sec; [INSERT AverageLatency(us)=11.2] [READ AverageLatency(us)=1441.11] 
2014-08-11 23:10:01:462 1470 sec: 21382910 operations; 15083.99 current ops/sec; [INSERT AverageLatency(us)=11.12] [READ AverageLatency(us)=1466.92] 
2014-08-11 23:10:11:463 1480 sec: 21538269 operations; 15534.35 current ops/sec; [INSERT AverageLatency(us)=11.75] [READ AverageLatency(us)=1415.3] 
2014-08-11 23:10:21:463 1490 sec: 21644437 operations; 10616.8 current ops/sec; [INSERT AverageLatency(us)=15.2] [READ AverageLatency(us)=2093.5] 
2014-08-11 23:10:31:464 1500 sec: 21788759 operations; 14430.76 current ops/sec; [INSERT AverageLatency(us)=12.08] [READ AverageLatency(us)=1537.91] 
2014-08-11 23:10:41:465 1510 sec: 21948764 operations; 16000.5 current ops/sec; [INSERT AverageLatency(us)=11.37] [READ AverageLatency(us)=1382.18] 
2014-08-11 23:10:51:465 1520 sec: 22107905 operations; 15912.51 current ops/sec; [INSERT AverageLatency(us)=15.95] [READ AverageLatency(us)=1390.1] 
2014-08-11 23:11:01:466 1530 sec: 22272169 operations; 16424.76 current ops/sec; [INSERT AverageLatency(us)=11.42] [READ AverageLatency(us)=1345.96] 
2014-08-11 23:11:11:466 1540 sec: 22428763 operations; 15659.4 current ops/sec; [INSERT AverageLatency(us)=11.36] [READ AverageLatency(us)=1412.36] 
2014-08-11 23:11:21:467 1550 sec: 22551194 operations; 12241.88 current ops/sec; [INSERT AverageLatency(us)=16.88] [READ AverageLatency(us)=1801.38] 
2014-08-11 23:11:31:467 1560 sec: 22682041 operations; 13084.7 current ops/sec; [INSERT AverageLatency(us)=12.8] [READ AverageLatency(us)=1698.19] 
2014-08-11 23:11:41:468 1570 sec: 22841709 operations; 15965.2 current ops/sec; [INSERT AverageLatency(us)=16.14] [READ AverageLatency(us)=1385.59] 
2014-08-11 23:11:51:469 1580 sec: 22994823 operations; 15309.87 current ops/sec; [INSERT AverageLatency(us)=11.13] [READ AverageLatency(us)=1445.06] 
2014-08-11 23:12:01:469 1590 sec: 23147211 operations; 15238.8 current ops/sec; [INSERT AverageLatency(us)=11.12] [READ AverageLatency(us)=1450.76] 
2014-08-11 23:12:11:470 1600 sec: 23299183 operations; 15195.68 current ops/sec; [INSERT AverageLatency(us)=11.21] [READ AverageLatency(us)=1456.28] 
2014-08-11 23:12:21:470 1610 sec: 23443405 operations; 14422.2 current ops/sec; [INSERT AverageLatency(us)=11.95] [READ AverageLatency(us)=1520.62] 
2014-08-11 23:12:31:471 1620 sec: 23548953 operations; 10553.74 current ops/sec; [INSERT AverageLatency(us)=18.22] [READ AverageLatency(us)=2116.3] 
2014-08-11 23:12:41:472 1630 sec: 23675341 operations; 12637.54 current ops/sec; [INSERT AverageLatency(us)=11.91] [READ AverageLatency(us)=1751.26] 
2014-08-11 23:12:51:472 1640 sec: 23817136 operations; 14179.5 current ops/sec; [INSERT AverageLatency(us)=11.34] [READ AverageLatency(us)=1559.64] 
2014-08-11 23:13:01:473 1650 sec: 23951401 operations; 13425.16 current ops/sec; [INSERT AverageLatency(us)=11.35] [READ AverageLatency(us)=1649.4] 
2014-08-11 23:13:11:473 1660 sec: 24094842 operations; 14344.1 current ops/sec; [INSERT AverageLatency(us)=11.29] [READ AverageLatency(us)=1543.27] 
2014-08-11 23:13:21:474 1670 sec: 24245648 operations; 15079.09 current ops/sec; [INSERT AverageLatency(us)=11.26] [READ AverageLatency(us)=1466.26] 
2014-08-11 23:13:31:475 1680 sec: 24378372 operations; 13272.4 current ops/sec; [INSERT AverageLatency(us)=15.11] [READ AverageLatency(us)=1668.69] 
2014-08-11 23:13:41:475 1690 sec: 24465732 operations; 8735.13 current ops/sec; [INSERT AverageLatency(us)=15.95] [READ AverageLatency(us)=2542.86] 
2014-08-11 23:13:51:476 1700 sec: 24588934 operations; 12318.97 current ops/sec; [INSERT AverageLatency(us)=12.13] [READ AverageLatency(us)=1794.47] 
2014-08-11 23:14:01:477 1710 sec: 24726662 operations; 13771.42 current ops/sec; [INSERT AverageLatency(us)=20.54] [READ AverageLatency(us)=1606.18] 
2014-08-11 23:14:11:478 1720 sec: 24861641 operations; 13496.55 current ops/sec; [INSERT AverageLatency(us)=11.12] [READ AverageLatency(us)=1638.78] 
2014-08-11 23:14:21:479 1730 sec: 24990913 operations; 12925.91 current ops/sec; [UPDATE AverageLatency(us)=589813] [INSERT AverageLatency(us)=11.11] [READ AverageLatency(us)=1702.45] [CLEANUP AverageLatency(us)=589965] 
2014-08-11 23:14:26:165 1734 sec: 25000000 operations; 1939.18 current ops/sec; [UPDATE AverageLatency(us)=613830.84] [INSERT AverageLatency(us)=11.29] [READ AverageLatency(us)=3819.84] [CLEANUP AverageLatency(us)=613952.84] 
+ echo 'end time:'
end time:
++ date +%s
+ echo 1407824066
1407824066
+ echo 'sleeping for 10 sec ...'
sleeping for 10 sec ...
+ sleep 10
+ false
+ false
+ false
+ false
+ false
+ false
+ let counter=1+1
+ read line
+ set +x
