++ ls caseresult/ -ltr
++ wc -l
+ filename=case215
+ requestdistribution=
+ mkdir caseresult/case215
+ ssh hadoop@master mkdir /home/hadoop/git/physical_design/caseresult/case215
+ RESULT_DIR=/home/hadoop/git/physical_design/caseresult/case215
+ TEN=10
+ SIXTY=60
+ SLEEP_TIME=200
+ YCSB_DIR=/home/hadoop/ycsb-0.1.4
+ number_of_operations=50000000
+ number_of_threads=20
+ number_of_records=50000000
+ output_file_suffix=.dat
+ experiment_list_file=/home/hadoop/git/physical_design/case215.list
+ clean=false
+ create=false
+ load=false
+ random_read=false
+ workloada=false
+ workloadb=false
+ workloadc=false
+ scan=false
+ all=false
+ for i in '$@'
+ '[' clean == all ']'
+ '[' clean == clean ']'
+ clean=true
+ for i in '$@'
+ '[' create == all ']'
+ '[' create == clean ']'
+ '[' create == create ']'
+ create=true
+ for i in '$@'
+ '[' workloadc == all ']'
+ '[' workloadc == clean ']'
+ '[' workloadc == create ']'
+ '[' workloadc == load ']'
+ '[' workloadc == random_read ']'
+ '[' workloadc == scan ']'
+ '[' workloadc == workloada ']'
+ '[' workloadc == workloadb ']'
+ '[' workloadc == workloadc ']'
+ workloadc=true
+ for i in '$@'
+ '[' zipfian == all ']'
+ '[' zipfian == clean ']'
+ '[' zipfian == create ']'
+ '[' zipfian == load ']'
+ '[' zipfian == random_read ']'
+ '[' zipfian == scan ']'
+ '[' zipfian == workloada ']'
+ '[' zipfian == workloadb ']'
+ '[' zipfian == workloadc ']'
+ '[' zipfian == zipfian ']'
+ requestdistribution=zipfian
+ let counter=1
+ cd /home/hadoop/ycsb-0.1.4
++ pwd
+ echo /home/hadoop/ycsb-0.1.4
/home/hadoop/ycsb-0.1.4
+ read line
+ false
+ true
+ echo 'sleeping for 60 ...'
sleeping for 60 ...
+ sleep 60
+ echo 'droping usertable...'
droping usertable...
+ ssh hadoop@master /home/hadoop/hbase/bin/hbase shell /home/hadoop/git/physical_design/delete_table

ERROR: Table usertable does not exist.'

Here is some help for this command:
Start disable of named table:
  hbase> disable 't1'
  hbase> disable 'ns1:t1'



ERROR: Table usertable does not exist.'

Here is some help for this command:
Drop the named table. Table must first be disabled:
  hbase> drop 't1'
  hbase> drop 'ns1:t1'


0 row(s) in 0.1240 seconds

+ echo 'sleeping for 200 ...'
sleeping for 200 ...
+ sleep 200
+ false
+ true
+ echo 'creating usertable...'
creating usertable...
+ create_statement='create '\''usertable'\'', { NAME=>'\''family'\'', COMPRESSION=>'\''GZ'\''}, SPLITS => ['\''user1'\'', '\''user2'\'', '\''user3'\'', '\''user4'\'', '\''user5'\'', '\''user6'\'', '\''user7'\'', '\''user8'\'', '\''user9'\'']'
+ echo create ''\''usertable'\'',' '{' 'NAME=>'\''family'\'',' 'COMPRESSION=>'\''GZ'\''},' SPLITS '=>' '['\''user1'\'',' ''\''user2'\'',' ''\''user3'\'',' ''\''user4'\'',' ''\''user5'\'',' ''\''user6'\'',' ''\''user7'\'',' ''\''user8'\'',' ''\''user9'\'']'
+ echo 'exit '
+ scp /home/hadoop/git/physical_design/caseresult/case215/create_1.script hadoop@master:/home/hadoop/git/physical_design/caseresult/case215/create_1.script
+ create_table /home/hadoop/git/physical_design/caseresult/case215/create_1.script
+ echo 'creating table...'
creating table...
+ echo /home/hadoop/git/physical_design/caseresult/case215/create_1.script
/home/hadoop/git/physical_design/caseresult/case215/create_1.script
+ ssh hadoop@master /home/hadoop/hbase/bin/hbase shell /home/hadoop/git/physical_design/caseresult/case215/create_1.script
0 row(s) in 1.7380 seconds

+ echo 'sleeping for 10 sec ...'
sleeping for 10 sec ...
+ sleep 10
+ false
+ false
+ false
+ false
+ false
+ false
+ false
+ false
+ false
+ true
+ echo workloadc...
workloadc...
+ echo 'start time: '
start time: 
++ date +%s
+ echo 1406163474
1406163474
++ echo /home/hadoop/git/physical_design/caseresult/case215/workloadc_1.dat
+ ./workloadc 50000000 20 /home/hadoop/git/physical_design/caseresult/case215/workloadc_1.dat
Loading workload...
Starting test.
2014-07-23 17:57:54:997 0 sec: 0 operations; 
14/07/23 17:57:55 INFO zookeeper.ZooKeeper: Client environment:zookeeper.version=3.4.6-1569965, built on 02/20/2014 09:09 GMT
14/07/23 17:57:55 INFO zookeeper.ZooKeeper: Client environment:host.name=sceplus-vm43.almaden.ibm.com
14/07/23 17:57:55 INFO zookeeper.ZooKeeper: Client environment:java.version=1.6.0_31
14/07/23 17:57:55 INFO zookeeper.ZooKeeper: Client environment:java.vendor=Sun Microsystems Inc.
14/07/23 17:57:55 INFO zookeeper.ZooKeeper: Client environment:java.home=/usr/lib/jvm/java-6-openjdk-amd64/jre
14/07/23 17:57:55 INFO zookeeper.ZooKeeper: Client environment:java.class.path=/home/hadoop/ycsb-0.1.4/hbase-binding/lib/hbase-binding-0.1.4.jar:/home/hadoop/ycsb-0.1.4/hbase-binding/conf:/home/hadoop/ycsb-0.1.4/core/lib/core-0.1.4.jar:/home/hadoop/ycsb-0.1.4/jdbc-binding/conf
14/07/23 17:57:55 INFO zookeeper.ZooKeeper: Client environment:java.library.path=/usr/lib/jvm/java-6-openjdk-amd64/jre/lib/amd64/server:/usr/lib/jvm/java-6-openjdk-amd64/jre/lib/amd64:/usr/lib/jvm/java-6-openjdk-amd64/jre/../lib/amd64:/usr/java/packages/lib/amd64:/usr/lib/jni:/lib:/usr/lib
14/07/23 17:57:55 INFO zookeeper.ZooKeeper: Client environment:java.io.tmpdir=/tmp
14/07/23 17:57:55 INFO zookeeper.ZooKeeper: Client environment:java.compiler=<NA>
14/07/23 17:57:55 INFO zookeeper.ZooKeeper: Client environment:os.name=Linux
14/07/23 17:57:55 INFO zookeeper.ZooKeeper: Client environment:os.arch=amd64
14/07/23 17:57:55 INFO zookeeper.ZooKeeper: Client environment:os.version=3.13.0-24-generic
14/07/23 17:57:55 INFO zookeeper.ZooKeeper: Client environment:user.name=hadoop
14/07/23 17:57:55 INFO zookeeper.ZooKeeper: Client environment:user.home=/home/hadoop
14/07/23 17:57:55 INFO zookeeper.ZooKeeper: Client environment:user.dir=/home/hadoop/ycsb-0.1.4
14/07/23 17:57:55 INFO zookeeper.ZooKeeper: Initiating client connection, connectString=sceplus-vm49.almaden.ibm.com:2181,sceplus-vm48.almaden.ibm.com:2181 sessionTimeout=90000 watcher=hconnection-0x62565cf8, quorum=sceplus-vm49.almaden.ibm.com:2181,sceplus-vm48.almaden.ibm.com:2181, baseZNode=/hbase
14/07/23 17:57:55 INFO zookeeper.RecoverableZooKeeper: Process identifier=hconnection-0x62565cf8 connecting to ZooKeeper ensemble=sceplus-vm49.almaden.ibm.com:2181,sceplus-vm48.almaden.ibm.com:2181
14/07/23 17:57:55 INFO zookeeper.ClientCnxn: Opening socket connection to server master/9.1.143.58:2181. Will not attempt to authenticate using SASL (unknown error)
14/07/23 17:57:55 INFO zookeeper.ClientCnxn: Socket connection established to master/9.1.143.58:2181, initiating session
14/07/23 17:57:55 INFO zookeeper.ClientCnxn: Session establishment complete on server master/9.1.143.58:2181, sessionid = 0x47678daf34000b, negotiated timeout = 90000
2014-07-23 17:58:04:998 10 sec: 102394 operations; 10238.38 current ops/sec; [INSERT AverageLatency(us)=204.97] [READ AverageLatency(us)=6824.7] 
2014-07-23 17:58:14:999 20 sec: 298069 operations; 19565.54 current ops/sec; [INSERT AverageLatency(us)=33.28] [READ AverageLatency(us)=8697.81] 
2014-07-23 17:58:25:000 30 sec: 592912 operations; 29481.35 current ops/sec; [INSERT AverageLatency(us)=13.92] [READ AverageLatency(us)=6256.02] 
2014-07-23 17:58:35:000 40 sec: 837694 operations; 24478.2 current ops/sec; [INSERT AverageLatency(us)=14.86] [READ AverageLatency(us)=7796.7] 
2014-07-23 17:58:45:001 50 sec: 1058559 operations; 22084.29 current ops/sec; [INSERT AverageLatency(us)=12.63] [READ AverageLatency(us)=8735.53] 
2014-07-23 17:58:55:002 60 sec: 1258054 operations; 19949.5 current ops/sec; [INSERT AverageLatency(us)=13.56] [READ AverageLatency(us)=9753.86] 
2014-07-23 17:59:05:002 70 sec: 1496842 operations; 23876.41 current ops/sec; [INSERT AverageLatency(us)=12.33] [READ AverageLatency(us)=8215.29] 
2014-07-23 17:59:15:003 80 sec: 1749877 operations; 25300.97 current ops/sec; [INSERT AverageLatency(us)=12.38] [READ AverageLatency(us)=7702.31] 
2014-07-23 17:59:25:003 90 sec: 1967603 operations; 21772.6 current ops/sec; [INSERT AverageLatency(us)=12.16] [READ AverageLatency(us)=9084.49] 
2014-07-23 17:59:35:004 100 sec: 2211580 operations; 24395.26 current ops/sec; [INSERT AverageLatency(us)=12.32] [READ AverageLatency(us)=7981.13] 
2014-07-23 17:59:45:004 110 sec: 2476274 operations; 26469.4 current ops/sec; [INSERT AverageLatency(us)=11.79] [READ AverageLatency(us)=7445.65] 
2014-07-23 17:59:55:005 120 sec: 2674230 operations; 19793.62 current ops/sec; [INSERT AverageLatency(us)=12.61] [READ AverageLatency(us)=9942.96] 
2014-07-23 18:00:05:006 130 sec: 2939105 operations; 26484.85 current ops/sec; [INSERT AverageLatency(us)=11.52] [READ AverageLatency(us)=7346.84] 
2014-07-23 18:00:15:006 140 sec: 3203675 operations; 26457 current ops/sec; [INSERT AverageLatency(us)=12] [READ AverageLatency(us)=7482.72] 
2014-07-23 18:00:25:007 150 sec: 3498292 operations; 29458.75 current ops/sec; [INSERT AverageLatency(us)=11.99] [READ AverageLatency(us)=6624.1] 
2014-07-23 18:00:35:007 160 sec: 3771405 operations; 27311.3 current ops/sec; [INSERT AverageLatency(us)=11.48] [READ AverageLatency(us)=7233.9] 
2014-07-23 18:00:45:008 170 sec: 4039788 operations; 26835.62 current ops/sec; [INSERT AverageLatency(us)=13.12] [READ AverageLatency(us)=7287.53] 
2014-07-23 18:00:55:008 180 sec: 4336005 operations; 29621.7 current ops/sec; [INSERT AverageLatency(us)=12.24] [READ AverageLatency(us)=6568.14] 
2014-07-23 18:01:05:009 190 sec: 4580438 operations; 24440.86 current ops/sec; [INSERT AverageLatency(us)=12.02] [READ AverageLatency(us)=7957.63] 
2014-07-23 18:01:15:009 200 sec: 4825903 operations; 24546.5 current ops/sec; [INSERT AverageLatency(us)=12.31] [READ AverageLatency(us)=8139.5] 
2014-07-23 18:01:25:010 210 sec: 5070152 operations; 24422.46 current ops/sec; [INSERT AverageLatency(us)=11.31] [READ AverageLatency(us)=8051.89] 
2014-07-23 18:01:35:010 220 sec: 5342494 operations; 27234.2 current ops/sec; [INSERT AverageLatency(us)=12.01] [READ AverageLatency(us)=7271.4] 
2014-07-23 18:01:45:011 230 sec: 5583344 operations; 24082.59 current ops/sec; [INSERT AverageLatency(us)=11.23] [READ AverageLatency(us)=7875.26] 
2014-07-23 18:01:55:011 240 sec: 5859673 operations; 27632.9 current ops/sec; [INSERT AverageLatency(us)=11.73] [READ AverageLatency(us)=7205.99] 
2014-07-23 18:02:05:012 250 sec: 6095638 operations; 23594.14 current ops/sec; [INSERT AverageLatency(us)=11.45] [READ AverageLatency(us)=8326.32] 
2014-07-23 18:02:15:012 260 sec: 6322713 operations; 22707.5 current ops/sec; [INSERT AverageLatency(us)=11.5] [READ AverageLatency(us)=8654.07] 
2014-07-23 18:02:25:013 270 sec: 6549990 operations; 22725.43 current ops/sec; [INSERT AverageLatency(us)=10.9] [READ AverageLatency(us)=8620.02] 
2014-07-23 18:02:35:013 280 sec: 6812029 operations; 26203.9 current ops/sec; [INSERT AverageLatency(us)=11.2] [READ AverageLatency(us)=7564.37] 
2014-07-23 18:02:45:014 290 sec: 7051368 operations; 23931.51 current ops/sec; [INSERT AverageLatency(us)=11.66] [READ AverageLatency(us)=8106.32] 
2014-07-23 18:02:55:014 300 sec: 7308007 operations; 25663.9 current ops/sec; [INSERT AverageLatency(us)=11.22] [READ AverageLatency(us)=7652.44] 
2014-07-23 18:03:05:015 310 sec: 7544692 operations; 23666.13 current ops/sec; [INSERT AverageLatency(us)=11.29] [READ AverageLatency(us)=8415.64] 
2014-07-23 18:03:15:015 320 sec: 7772543 operations; 22785.1 current ops/sec; [INSERT AverageLatency(us)=11.3] [READ AverageLatency(us)=8607.04] 
2014-07-23 18:03:25:016 330 sec: 7998030 operations; 22546.45 current ops/sec; [INSERT AverageLatency(us)=11.96] [READ AverageLatency(us)=8623.75] 
2014-07-23 18:03:35:016 340 sec: 8180701 operations; 18267.1 current ops/sec; [INSERT AverageLatency(us)=11.24] [READ AverageLatency(us)=10900.47] 
2014-07-23 18:03:45:017 350 sec: 8396896 operations; 21617.34 current ops/sec; [INSERT AverageLatency(us)=11.22] [READ AverageLatency(us)=9165.33] 
2014-07-23 18:03:55:018 360 sec: 8618337 operations; 22141.89 current ops/sec; [INSERT AverageLatency(us)=11.31] [READ AverageLatency(us)=8905.17] 
2014-07-23 18:04:05:018 370 sec: 8830074 operations; 21173.7 current ops/sec; [INSERT AverageLatency(us)=10.92] [READ AverageLatency(us)=9277.01] 
2014-07-23 18:04:15:019 380 sec: 9029066 operations; 19897.21 current ops/sec; [INSERT AverageLatency(us)=11.95] [READ AverageLatency(us)=9702.38] 
2014-07-23 18:04:25:019 390 sec: 9232311 operations; 20324.5 current ops/sec; [INSERT AverageLatency(us)=12.02] [READ AverageLatency(us)=9690.72] 
2014-07-23 18:04:35:020 400 sec: 9444285 operations; 21195.28 current ops/sec; [INSERT AverageLatency(us)=10.84] [READ AverageLatency(us)=9358.19] 
2014-07-23 18:04:45:020 410 sec: 9675257 operations; 23097.2 current ops/sec; [INSERT AverageLatency(us)=11.49] [READ AverageLatency(us)=8474.97] 
2014-07-23 18:04:55:021 420 sec: 9907202 operations; 23192.18 current ops/sec; [INSERT AverageLatency(us)=10.97] [READ AverageLatency(us)=8488.97] 
2014-07-23 18:05:05:021 430 sec: 10118291 operations; 21108.9 current ops/sec; [INSERT AverageLatency(us)=11.47] [READ AverageLatency(us)=9303.29] 
2014-07-23 18:05:15:022 440 sec: 10324422 operations; 20611.04 current ops/sec; [INSERT AverageLatency(us)=10.85] [READ AverageLatency(us)=9435.98] 
2014-07-23 18:05:25:023 450 sec: 10526096 operations; 20165.38 current ops/sec; [INSERT AverageLatency(us)=10.73] [READ AverageLatency(us)=9705.14] 
2014-07-23 18:05:35:023 460 sec: 10708108 operations; 18201.2 current ops/sec; [INSERT AverageLatency(us)=11.13] [READ AverageLatency(us)=10950.01] 
2014-07-23 18:05:45:024 470 sec: 10888808 operations; 18068.19 current ops/sec; [INSERT AverageLatency(us)=11.11] [READ AverageLatency(us)=10855.95] 
2014-07-23 18:05:55:024 480 sec: 11094602 operations; 20579.4 current ops/sec; [INSERT AverageLatency(us)=10.67] [READ AverageLatency(us)=9582.46] 
2014-07-23 18:06:05:025 490 sec: 11317733 operations; 22310.87 current ops/sec; [INSERT AverageLatency(us)=10.3] [READ AverageLatency(us)=8797.52] 
2014-07-23 18:06:15:032 500 sec: 11508503 operations; 19063.66 current ops/sec; [INSERT AverageLatency(us)=11.04] [READ AverageLatency(us)=10341.83] 
2014-07-23 18:06:25:032 510 sec: 11697377 operations; 18887.4 current ops/sec; [INSERT AverageLatency(us)=11.25] [READ AverageLatency(us)=10475] 
2014-07-23 18:06:35:033 520 sec: 11890936 operations; 19353.96 current ops/sec; [INSERT AverageLatency(us)=10.64] [READ AverageLatency(us)=10278.17] 
2014-07-23 18:06:45:033 530 sec: 12074492 operations; 18355.6 current ops/sec; [INSERT AverageLatency(us)=11.12] [READ AverageLatency(us)=10635.64] 
2014-07-23 18:06:55:034 540 sec: 12282445 operations; 20793.22 current ops/sec; [INSERT AverageLatency(us)=11.03] [READ AverageLatency(us)=9528.73] 
2014-07-23 18:07:05:035 550 sec: 12493162 operations; 21071.7 current ops/sec; [INSERT AverageLatency(us)=11.22] [READ AverageLatency(us)=9317.18] 
2014-07-23 18:07:15:035 560 sec: 12697529 operations; 20434.66 current ops/sec; [INSERT AverageLatency(us)=11.13] [READ AverageLatency(us)=9641.58] 
2014-07-23 18:07:25:036 570 sec: 12892360 operations; 19481.15 current ops/sec; [INSERT AverageLatency(us)=11.41] [READ AverageLatency(us)=10100.59] 
2014-07-23 18:07:35:036 580 sec: 13105699 operations; 21333.9 current ops/sec; [INSERT AverageLatency(us)=10.84] [READ AverageLatency(us)=9229.57] 
2014-07-23 18:07:45:037 590 sec: 13286309 operations; 18059.19 current ops/sec; [INSERT AverageLatency(us)=11.25] [READ AverageLatency(us)=11003.68] 
2014-07-23 18:07:55:037 600 sec: 13474007 operations; 18769.8 current ops/sec; [INSERT AverageLatency(us)=11.05] [READ AverageLatency(us)=10463.58] 
2014-07-23 18:08:05:038 610 sec: 13668806 operations; 19477.95 current ops/sec; [INSERT AverageLatency(us)=10.55] [READ AverageLatency(us)=10086.15] 
2014-07-23 18:08:15:038 620 sec: 13856609 operations; 18780.3 current ops/sec; [INSERT AverageLatency(us)=10.33] [READ AverageLatency(us)=10423.85] 
2014-07-23 18:08:25:039 630 sec: 14044991 operations; 18836.32 current ops/sec; [INSERT AverageLatency(us)=10.41] [READ AverageLatency(us)=10254.42] 
2014-07-23 18:08:35:040 640 sec: 14237691 operations; 19270 current ops/sec; [INSERT AverageLatency(us)=11.71] [READ AverageLatency(us)=10317.31] 
2014-07-23 18:08:45:040 650 sec: 14435480 operations; 19776.92 current ops/sec; [INSERT AverageLatency(us)=10.33] [READ AverageLatency(us)=9898.06] 
2014-07-23 18:08:55:041 660 sec: 14630293 operations; 19481.3 current ops/sec; [INSERT AverageLatency(us)=10.18] [READ AverageLatency(us)=10102.5] 
2014-07-23 18:09:05:041 670 sec: 14818574 operations; 18826.22 current ops/sec; [INSERT AverageLatency(us)=11.01] [READ AverageLatency(us)=10468.69] 
2014-07-23 18:09:15:042 680 sec: 15011442 operations; 19284.87 current ops/sec; [INSERT AverageLatency(us)=10.96] [READ AverageLatency(us)=10244.9] 
2014-07-23 18:09:25:042 690 sec: 15188923 operations; 17748.1 current ops/sec; [INSERT AverageLatency(us)=11.08] [READ AverageLatency(us)=11201.43] 
2014-07-23 18:09:35:043 700 sec: 15387633 operations; 19869.01 current ops/sec; [INSERT AverageLatency(us)=11.12] [READ AverageLatency(us)=9960.03] 
2014-07-23 18:09:45:043 710 sec: 15570735 operations; 18310.2 current ops/sec; [INSERT AverageLatency(us)=10.95] [READ AverageLatency(us)=10892.54] 
2014-07-23 18:09:55:044 720 sec: 15732811 operations; 16205.98 current ops/sec; [INSERT AverageLatency(us)=10.41] [READ AverageLatency(us)=12330.2] 
2014-07-23 18:10:05:044 730 sec: 15914375 operations; 18156.4 current ops/sec; [INSERT AverageLatency(us)=11.07] [READ AverageLatency(us)=11030.27] 
2014-07-23 18:10:15:045 740 sec: 16078183 operations; 16379.16 current ops/sec; [INSERT AverageLatency(us)=10.94] [READ AverageLatency(us)=12032.08] 
2014-07-23 18:10:25:046 750 sec: 16259223 operations; 18104 current ops/sec; [INSERT AverageLatency(us)=10.82] [READ AverageLatency(us)=10961.18] 
2014-07-23 18:10:35:046 760 sec: 16432744 operations; 17350.36 current ops/sec; [INSERT AverageLatency(us)=10.94] [READ AverageLatency(us)=11447.96] 
2014-07-23 18:10:45:047 770 sec: 16608359 operations; 17559.74 current ops/sec; [INSERT AverageLatency(us)=11.2] [READ AverageLatency(us)=11299.23] 
2014-07-23 18:10:55:047 780 sec: 16784385 operations; 17602.6 current ops/sec; [INSERT AverageLatency(us)=11.23] [READ AverageLatency(us)=11106.67] 
2014-07-23 18:11:05:048 790 sec: 16959038 operations; 17463.55 current ops/sec; [INSERT AverageLatency(us)=11.47] [READ AverageLatency(us)=11223.78] 
2014-07-23 18:11:15:048 800 sec: 17128609 operations; 16957.1 current ops/sec; [INSERT AverageLatency(us)=10.89] [READ AverageLatency(us)=11647.68] 
2014-07-23 18:11:25:049 810 sec: 17308892 operations; 18026.5 current ops/sec; [INSERT AverageLatency(us)=10.34] [READ AverageLatency(us)=11072.09] 
2014-07-23 18:11:35:049 820 sec: 17476591 operations; 16769.9 current ops/sec; [INSERT AverageLatency(us)=10.21] [READ AverageLatency(us)=11682.04] 
2014-07-23 18:11:45:050 830 sec: 17649347 operations; 17273.87 current ops/sec; [INSERT AverageLatency(us)=11.03] [READ AverageLatency(us)=11552.46] 
2014-07-23 18:11:55:050 840 sec: 17818206 operations; 16885.9 current ops/sec; [INSERT AverageLatency(us)=11.02] [READ AverageLatency(us)=11756.99] 
2014-07-23 18:12:05:051 850 sec: 17966543 operations; 14832.22 current ops/sec; [INSERT AverageLatency(us)=10.83] [READ AverageLatency(us)=13386.3] 
2014-07-23 18:12:15:052 860 sec: 18161899 operations; 19533.65 current ops/sec; [INSERT AverageLatency(us)=10.04] [READ AverageLatency(us)=10164.99] 
2014-07-23 18:12:25:052 870 sec: 18333398 operations; 17149.9 current ops/sec; [INSERT AverageLatency(us)=10.35] [READ AverageLatency(us)=11705.1] 
2014-07-23 18:12:35:053 880 sec: 18492739 operations; 15932.51 current ops/sec; [INSERT AverageLatency(us)=10.32] [READ AverageLatency(us)=12427.33] 
2014-07-23 18:12:45:053 890 sec: 18660731 operations; 16799.2 current ops/sec; [INSERT AverageLatency(us)=9.61] [READ AverageLatency(us)=11936.71] 
2014-07-23 18:12:55:054 900 sec: 18827150 operations; 16640.24 current ops/sec; [INSERT AverageLatency(us)=10.64] [READ AverageLatency(us)=11766.13] 
2014-07-23 18:13:05:054 910 sec: 19004861 operations; 17771.1 current ops/sec; [INSERT AverageLatency(us)=10.42] [READ AverageLatency(us)=11150.96] 
2014-07-23 18:13:15:055 920 sec: 19179936 operations; 17505.75 current ops/sec; [INSERT AverageLatency(us)=10.79] [READ AverageLatency(us)=11475.27] 
2014-07-23 18:13:25:056 930 sec: 19337610 operations; 15765.82 current ops/sec; [INSERT AverageLatency(us)=10.88] [READ AverageLatency(us)=12427.01] 
2014-07-23 18:13:35:056 940 sec: 19492135 operations; 15452.5 current ops/sec; [INSERT AverageLatency(us)=11.24] [READ AverageLatency(us)=12877.64] 
2014-07-23 18:13:45:057 950 sec: 19657984 operations; 16583.24 current ops/sec; [INSERT AverageLatency(us)=11.04] [READ AverageLatency(us)=11882.74] 
2014-07-23 18:13:55:057 960 sec: 19824081 operations; 16609.7 current ops/sec; [INSERT AverageLatency(us)=11.06] [READ AverageLatency(us)=12058.26] 
2014-07-23 18:14:05:058 970 sec: 19988222 operations; 16412.46 current ops/sec; [INSERT AverageLatency(us)=10.81] [READ AverageLatency(us)=12051.85] 
2014-07-23 18:14:15:059 980 sec: 20154000 operations; 16576.14 current ops/sec; [INSERT AverageLatency(us)=10.19] [READ AverageLatency(us)=11911.35] 
2014-07-23 18:14:25:059 990 sec: 20315188 operations; 16118.8 current ops/sec; [INSERT AverageLatency(us)=10.73] [READ AverageLatency(us)=12247.7] 
2014-07-23 18:14:35:060 1000 sec: 20487950 operations; 17274.47 current ops/sec; [INSERT AverageLatency(us)=10.27] [READ AverageLatency(us)=11654.02] 
2014-07-23 18:14:45:060 1010 sec: 20641247 operations; 15329.7 current ops/sec; [INSERT AverageLatency(us)=10.61] [READ AverageLatency(us)=13173.12] 
2014-07-23 18:14:55:061 1020 sec: 20811808 operations; 17054.39 current ops/sec; [INSERT AverageLatency(us)=11.02] [READ AverageLatency(us)=11494.74] 
2014-07-23 18:15:05:061 1030 sec: 20966255 operations; 15444.7 current ops/sec; [INSERT AverageLatency(us)=10.73] [READ AverageLatency(us)=12669.76] 
2014-07-23 18:15:15:062 1040 sec: 21138225 operations; 17195.28 current ops/sec; [INSERT AverageLatency(us)=10.5] [READ AverageLatency(us)=11532.21] 
2014-07-23 18:15:25:063 1050 sec: 21294817 operations; 15659.2 current ops/sec; [INSERT AverageLatency(us)=10.88] [READ AverageLatency(us)=12618.34] 
2014-07-23 18:15:35:063 1060 sec: 21451318 operations; 15648.54 current ops/sec; [INSERT AverageLatency(us)=9.91] [READ AverageLatency(us)=12551.47] 
2014-07-23 18:15:45:064 1070 sec: 21607972 operations; 15663.83 current ops/sec; [INSERT AverageLatency(us)=10.14] [READ AverageLatency(us)=12566.37] 
2014-07-23 18:15:55:064 1080 sec: 21768411 operations; 16043.9 current ops/sec; [INSERT AverageLatency(us)=10.17] [READ AverageLatency(us)=12369.19] 
2014-07-23 18:16:05:065 1090 sec: 21922136 operations; 15370.96 current ops/sec; [INSERT AverageLatency(us)=10.42] [READ AverageLatency(us)=12866.14] 
2014-07-23 18:16:15:065 1100 sec: 22062472 operations; 14033.6 current ops/sec; [INSERT AverageLatency(us)=11.02] [READ AverageLatency(us)=14345.37] 
2014-07-23 18:16:25:066 1110 sec: 22205159 operations; 14267.27 current ops/sec; [INSERT AverageLatency(us)=10.97] [READ AverageLatency(us)=13615.26] 
2014-07-23 18:16:35:066 1120 sec: 22366228 operations; 16106.9 current ops/sec; [INSERT AverageLatency(us)=10.98] [READ AverageLatency(us)=12365.23] 
2014-07-23 18:16:45:067 1130 sec: 22498656 operations; 13241.48 current ops/sec; [INSERT AverageLatency(us)=11.15] [READ AverageLatency(us)=14820.35] 
2014-07-23 18:16:55:068 1140 sec: 22638379 operations; 13972.3 current ops/sec; [INSERT AverageLatency(us)=11.44] [READ AverageLatency(us)=14041.71] 
2014-07-23 18:17:05:068 1150 sec: 22781486 operations; 14309.27 current ops/sec; [INSERT AverageLatency(us)=10.37] [READ AverageLatency(us)=13769.23] 
2014-07-23 18:17:15:069 1160 sec: 22919151 operations; 13766.5 current ops/sec; [INSERT AverageLatency(us)=11.12] [READ AverageLatency(us)=14455.56] 
2014-07-23 18:17:25:069 1170 sec: 23076915 operations; 15774.82 current ops/sec; [INSERT AverageLatency(us)=10.35] [READ AverageLatency(us)=12475.33] 
2014-07-23 18:17:35:070 1180 sec: 23228837 operations; 15190.68 current ops/sec; [INSERT AverageLatency(us)=10.31] [READ AverageLatency(us)=12852.71] 
2014-07-23 18:17:45:070 1190 sec: 23373657 operations; 14482 current ops/sec; [INSERT AverageLatency(us)=10.77] [READ AverageLatency(us)=13797.79] 
2014-07-23 18:17:55:071 1200 sec: 23518991 operations; 14531.95 current ops/sec; [INSERT AverageLatency(us)=11.92] [READ AverageLatency(us)=13487.88] 
2014-07-23 18:18:05:071 1210 sec: 23665175 operations; 14618.4 current ops/sec; [INSERT AverageLatency(us)=11.67] [READ AverageLatency(us)=13487.77] 
2014-07-23 18:18:15:072 1220 sec: 23811098 operations; 14590.84 current ops/sec; [INSERT AverageLatency(us)=10.03] [READ AverageLatency(us)=13614.6] 
2014-07-23 18:18:25:073 1230 sec: 23963526 operations; 15241.28 current ops/sec; [INSERT AverageLatency(us)=10.66] [READ AverageLatency(us)=13110.97] 
2014-07-23 18:18:35:073 1240 sec: 24117932 operations; 15440.6 current ops/sec; [INSERT AverageLatency(us)=10.06] [READ AverageLatency(us)=12789.65] 
2014-07-23 18:18:45:074 1250 sec: 24259831 operations; 14188.48 current ops/sec; [INSERT AverageLatency(us)=11.13] [READ AverageLatency(us)=13831.64] 
2014-07-23 18:18:55:074 1260 sec: 24399768 operations; 13993.7 current ops/sec; [INSERT AverageLatency(us)=11.79] [READ AverageLatency(us)=14326.46] 
2014-07-23 18:19:05:075 1270 sec: 24555432 operations; 15564.84 current ops/sec; [INSERT AverageLatency(us)=10.35] [READ AverageLatency(us)=12804.97] 
2014-07-23 18:19:15:075 1280 sec: 24699242 operations; 14381 current ops/sec; [INSERT AverageLatency(us)=9.98] [READ AverageLatency(us)=13928.54] 
2014-07-23 18:19:25:076 1290 sec: 24857811 operations; 15855.31 current ops/sec; [INSERT AverageLatency(us)=10.04] [READ AverageLatency(us)=12416.05] 
2014-07-23 18:19:35:076 1300 sec: 25001578 operations; 14376.7 current ops/sec; [INSERT AverageLatency(us)=10.96] [READ AverageLatency(us)=13890.98] 
2014-07-23 18:19:45:077 1310 sec: 25154362 operations; 15276.87 current ops/sec; [INSERT AverageLatency(us)=10.79] [READ AverageLatency(us)=12957.65] 
2014-07-23 18:19:55:077 1320 sec: 25285366 operations; 13100.4 current ops/sec; [INSERT AverageLatency(us)=11.12] [READ AverageLatency(us)=15071.03] 
2014-07-23 18:20:05:078 1330 sec: 25433562 operations; 14818.12 current ops/sec; [INSERT AverageLatency(us)=10.65] [READ AverageLatency(us)=13452.81] 
2014-07-23 18:20:15:078 1340 sec: 25575666 operations; 14210.4 current ops/sec; [INSERT AverageLatency(us)=10.11] [READ AverageLatency(us)=13965.09] 
2014-07-23 18:20:25:079 1350 sec: 25733496 operations; 15781.42 current ops/sec; [INSERT AverageLatency(us)=11.06] [READ AverageLatency(us)=12625.51] 
2014-07-23 18:20:35:080 1360 sec: 25885708 operations; 15219.68 current ops/sec; [INSERT AverageLatency(us)=10.37] [READ AverageLatency(us)=13040.88] 
2014-07-23 18:20:45:080 1370 sec: 26028209 operations; 14250.1 current ops/sec; [INSERT AverageLatency(us)=10.62] [READ AverageLatency(us)=13850.69] 
2014-07-23 18:20:55:081 1380 sec: 26177944 operations; 14972 current ops/sec; [INSERT AverageLatency(us)=11.23] [READ AverageLatency(us)=13229.01] 
2014-07-23 18:21:05:081 1390 sec: 26315909 operations; 13796.5 current ops/sec; [INSERT AverageLatency(us)=10.74] [READ AverageLatency(us)=14283.87] 
2014-07-23 18:21:15:082 1400 sec: 26452574 operations; 13665.13 current ops/sec; [INSERT AverageLatency(us)=10.93] [READ AverageLatency(us)=14374.82] 
2014-07-23 18:21:25:082 1410 sec: 26607784 operations; 15521 current ops/sec; [INSERT AverageLatency(us)=10.78] [READ AverageLatency(us)=12777.66] 
2014-07-23 18:21:35:083 1420 sec: 26761302 operations; 15350.26 current ops/sec; [INSERT AverageLatency(us)=10.55] [READ AverageLatency(us)=13005.94] 
2014-07-23 18:21:45:083 1430 sec: 26909817 operations; 14851.5 current ops/sec; [INSERT AverageLatency(us)=10.71] [READ AverageLatency(us)=13356.73] 
2014-07-23 18:21:55:084 1440 sec: 27049174 operations; 13934.31 current ops/sec; [INSERT AverageLatency(us)=11.32] [READ AverageLatency(us)=14138.6] 
2014-07-23 18:22:05:084 1450 sec: 27204343 operations; 15516.9 current ops/sec; [INSERT AverageLatency(us)=10.8] [READ AverageLatency(us)=12697.38] 
2014-07-23 18:22:15:085 1460 sec: 27352996 operations; 14863.81 current ops/sec; [INSERT AverageLatency(us)=10.3] [READ AverageLatency(us)=13298.45] 
2014-07-23 18:22:25:085 1470 sec: 27495143 operations; 14214.7 current ops/sec; [INSERT AverageLatency(us)=10.72] [READ AverageLatency(us)=14004.89] 
2014-07-23 18:22:35:086 1480 sec: 27641069 operations; 14591.14 current ops/sec; [INSERT AverageLatency(us)=10.8] [READ AverageLatency(us)=13689.1] 
2014-07-23 18:22:45:087 1490 sec: 27783174 operations; 14210.5 current ops/sec; [INSERT AverageLatency(us)=11.15] [READ AverageLatency(us)=13910.2] 
2014-07-23 18:22:55:087 1500 sec: 27930393 operations; 14720.43 current ops/sec; [INSERT AverageLatency(us)=11.57] [READ AverageLatency(us)=13362.74] 
2014-07-23 18:23:05:088 1510 sec: 28075720 operations; 14532.7 current ops/sec; [INSERT AverageLatency(us)=10.28] [READ AverageLatency(us)=13889.35] 
2014-07-23 18:23:15:088 1520 sec: 28233435 operations; 15769.92 current ops/sec; [INSERT AverageLatency(us)=11.3] [READ AverageLatency(us)=12651.54] 
2014-07-23 18:23:25:089 1530 sec: 28390101 operations; 15666.6 current ops/sec; [INSERT AverageLatency(us)=11.01] [READ AverageLatency(us)=12572.53] 
2014-07-23 18:23:35:089 1540 sec: 28535934 operations; 14581.84 current ops/sec; [INSERT AverageLatency(us)=10.29] [READ AverageLatency(us)=13544.68] 
2014-07-23 18:23:45:090 1550 sec: 28685589 operations; 14964 current ops/sec; [INSERT AverageLatency(us)=10.42] [READ AverageLatency(us)=13216.98] 
2014-07-23 18:23:55:090 1560 sec: 28826133 operations; 14054.4 current ops/sec; [INSERT AverageLatency(us)=10.87] [READ AverageLatency(us)=14007.57] 
2014-07-23 18:24:05:091 1570 sec: 28968384 operations; 14223.68 current ops/sec; [INSERT AverageLatency(us)=10.87] [READ AverageLatency(us)=13846.18] 
2014-07-23 18:24:15:091 1580 sec: 29112122 operations; 14373.8 current ops/sec; [INSERT AverageLatency(us)=10.64] [READ AverageLatency(us)=13899.6] 
2014-07-23 18:24:25:092 1590 sec: 29264145 operations; 15200.78 current ops/sec; [INSERT AverageLatency(us)=10.04] [READ AverageLatency(us)=13041.27] 
2014-07-23 18:24:35:093 1600 sec: 29415856 operations; 15169.58 current ops/sec; [INSERT AverageLatency(us)=10.56] [READ AverageLatency(us)=12896.66] 
2014-07-23 18:24:45:093 1610 sec: 29550102 operations; 13424.6 current ops/sec; [INSERT AverageLatency(us)=10.32] [READ AverageLatency(us)=14887.57] 
2014-07-23 18:24:55:094 1620 sec: 29696369 operations; 14625.24 current ops/sec; [INSERT AverageLatency(us)=10.25] [READ AverageLatency(us)=13556.82] 
2014-07-23 18:25:05:094 1630 sec: 29842511 operations; 14614.2 current ops/sec; [INSERT AverageLatency(us)=10.64] [READ AverageLatency(us)=13522.06] 
2014-07-23 18:25:15:095 1640 sec: 29986079 operations; 14355.36 current ops/sec; [INSERT AverageLatency(us)=11.52] [READ AverageLatency(us)=13931.62] 
2014-07-23 18:25:25:095 1650 sec: 30133138 operations; 14705.9 current ops/sec; [INSERT AverageLatency(us)=9.72] [READ AverageLatency(us)=13457.34] 
2014-07-23 18:25:35:096 1660 sec: 30287802 operations; 15464.85 current ops/sec; [INSERT AverageLatency(us)=10.61] [READ AverageLatency(us)=12815.67] 
2014-07-23 18:25:45:097 1670 sec: 30434257 operations; 14645.5 current ops/sec; [INSERT AverageLatency(us)=11.35] [READ AverageLatency(us)=13531.55] 
2014-07-23 18:25:55:097 1680 sec: 30563681 operations; 12941.11 current ops/sec; [INSERT AverageLatency(us)=12.11] [READ AverageLatency(us)=15243.28] 
2014-07-23 18:26:05:098 1690 sec: 30709319 operations; 14562.34 current ops/sec; [INSERT AverageLatency(us)=10.79] [READ AverageLatency(us)=13553.01] 
2014-07-23 18:26:15:098 1700 sec: 30846051 operations; 13673.2 current ops/sec; [INSERT AverageLatency(us)=10.11] [READ AverageLatency(us)=14528.09] 
2014-07-23 18:26:25:099 1710 sec: 30999691 operations; 15362.46 current ops/sec; [INSERT AverageLatency(us)=11.04] [READ AverageLatency(us)=12824.43] 
2014-07-23 18:26:35:099 1720 sec: 31152668 operations; 15297.7 current ops/sec; [INSERT AverageLatency(us)=10.55] [READ AverageLatency(us)=12935.77] 
2014-07-23 18:26:45:100 1730 sec: 31291772 operations; 13909.01 current ops/sec; [INSERT AverageLatency(us)=11.32] [READ AverageLatency(us)=14151.06] 
2014-07-23 18:26:55:101 1740 sec: 31441953 operations; 15016.6 current ops/sec; [INSERT AverageLatency(us)=10.41] [READ AverageLatency(us)=13447.95] 
2014-07-23 18:27:05:101 1750 sec: 31583889 operations; 14193.6 current ops/sec; [INSERT AverageLatency(us)=11.6] [READ AverageLatency(us)=13844.56] 
2014-07-23 18:27:15:102 1760 sec: 31723312 operations; 13940.91 current ops/sec; [INSERT AverageLatency(us)=11.23] [READ AverageLatency(us)=14075.67] 
2014-07-23 18:27:25:102 1770 sec: 31872353 operations; 14904.1 current ops/sec; [INSERT AverageLatency(us)=10.89] [READ AverageLatency(us)=13307.37] 
2014-07-23 18:27:35:103 1780 sec: 32007928 operations; 13556.14 current ops/sec; [INSERT AverageLatency(us)=10.99] [READ AverageLatency(us)=14082.48] 
2014-07-23 18:27:45:103 1790 sec: 32154656 operations; 14672.8 current ops/sec; [INSERT AverageLatency(us)=10.49] [READ AverageLatency(us)=13899.39] 
2014-07-23 18:27:55:104 1800 sec: 32296932 operations; 14226.18 current ops/sec; [INSERT AverageLatency(us)=11.66] [READ AverageLatency(us)=13895.94] 
2014-07-23 18:28:05:104 1810 sec: 32432668 operations; 13573.6 current ops/sec; [INSERT AverageLatency(us)=10.67] [READ AverageLatency(us)=14614.98] 
2014-07-23 18:28:15:105 1820 sec: 32574295 operations; 14161.28 current ops/sec; [INSERT AverageLatency(us)=10.65] [READ AverageLatency(us)=14097.01] 
2014-07-23 18:28:25:105 1830 sec: 32715387 operations; 14109.2 current ops/sec; [INSERT AverageLatency(us)=10.75] [READ AverageLatency(us)=13928.71] 
2014-07-23 18:28:35:106 1840 sec: 32854444 operations; 13904.31 current ops/sec; [INSERT AverageLatency(us)=11.66] [READ AverageLatency(us)=14264.77] 
2014-07-23 18:28:45:107 1850 sec: 32998778 operations; 14431.96 current ops/sec; [INSERT AverageLatency(us)=11.07] [READ AverageLatency(us)=13540.42] 
2014-07-23 18:28:55:107 1860 sec: 33150586 operations; 15180.8 current ops/sec; [INSERT AverageLatency(us)=11.12] [READ AverageLatency(us)=12857.32] 
2014-07-23 18:29:05:108 1870 sec: 33275521 operations; 12492.25 current ops/sec; [INSERT AverageLatency(us)=10.64] [READ AverageLatency(us)=16051.67] 
2014-07-23 18:29:15:108 1880 sec: 33424081 operations; 14856 current ops/sec; [INSERT AverageLatency(us)=10.43] [READ AverageLatency(us)=13175.13] 
2014-07-23 18:29:25:109 1890 sec: 33566434 operations; 14233.88 current ops/sec; [INSERT AverageLatency(us)=11.25] [READ AverageLatency(us)=13976.85] 
2014-07-23 18:29:35:110 1900 sec: 33680386 operations; 11394.06 current ops/sec; [INSERT AverageLatency(us)=10.87] [READ AverageLatency(us)=17089.87] 
2014-07-23 18:29:45:110 1910 sec: 33789454 operations; 10906.8 current ops/sec; [INSERT AverageLatency(us)=11.52] [READ AverageLatency(us)=17476.53] 
2014-07-23 18:29:55:111 1920 sec: 33896121 operations; 10665.63 current ops/sec; [INSERT AverageLatency(us)=11.34] [READ AverageLatency(us)=19054.4] 
2014-07-23 18:30:05:111 1930 sec: 34008089 operations; 11196.8 current ops/sec; [INSERT AverageLatency(us)=11.05] [READ AverageLatency(us)=17673.99] 
2014-07-23 18:30:15:112 1940 sec: 34125968 operations; 11786.72 current ops/sec; [INSERT AverageLatency(us)=11.31] [READ AverageLatency(us)=17047.08] 
2014-07-23 18:30:25:123 1950 sec: 34231625 operations; 10554.09 current ops/sec; [INSERT AverageLatency(us)=11.44] [READ AverageLatency(us)=19176.17] 
2014-07-23 18:30:35:124 1960 sec: 34361434 operations; 12979.6 current ops/sec; [INSERT AverageLatency(us)=11.54] [READ AverageLatency(us)=15177.61] 
2014-07-23 18:30:45:125 1970 sec: 34483692 operations; 12224.58 current ops/sec; [INSERT AverageLatency(us)=11.35] [READ AverageLatency(us)=16193.25] 
2014-07-23 18:30:55:125 1980 sec: 34596369 operations; 11267.7 current ops/sec; [INSERT AverageLatency(us)=11.02] [READ AverageLatency(us)=17529.08] 
2014-07-23 18:31:05:126 1990 sec: 34721507 operations; 12512.55 current ops/sec; [INSERT AverageLatency(us)=12.05] [READ AverageLatency(us)=16026.36] 
2014-07-23 18:31:15:126 2000 sec: 34850892 operations; 12938.5 current ops/sec; [INSERT AverageLatency(us)=11.29] [READ AverageLatency(us)=15369.37] 
2014-07-23 18:31:25:127 2010 sec: 34981542 operations; 13063.69 current ops/sec; [INSERT AverageLatency(us)=10.98] [READ AverageLatency(us)=15097.32] 
2014-07-23 18:31:35:128 2020 sec: 35105331 operations; 12378.9 current ops/sec; [INSERT AverageLatency(us)=10.59] [READ AverageLatency(us)=16019.69] 
2014-07-23 18:31:45:128 2030 sec: 35245122 operations; 13977.7 current ops/sec; [INSERT AverageLatency(us)=10.64] [READ AverageLatency(us)=14142.87] 
2014-07-23 18:31:55:129 2040 sec: 35378441 operations; 13330.57 current ops/sec; [INSERT AverageLatency(us)=11.05] [READ AverageLatency(us)=14760.56] 
2014-07-23 18:32:05:129 2050 sec: 35521434 operations; 14299.3 current ops/sec; [INSERT AverageLatency(us)=10.5] [READ AverageLatency(us)=13824.6] 
2014-07-23 18:32:15:130 2060 sec: 35644536 operations; 12308.97 current ops/sec; [INSERT AverageLatency(us)=10.93] [READ AverageLatency(us)=16376.22] 
2014-07-23 18:32:25:142 2070 sec: 35776674 operations; 13199.28 current ops/sec; [INSERT AverageLatency(us)=10.66] [READ AverageLatency(us)=15025.04] 
2014-07-23 18:32:35:142 2080 sec: 35917636 operations; 14094.79 current ops/sec; [INSERT AverageLatency(us)=10.72] [READ AverageLatency(us)=14276.04] 
2014-07-23 18:32:45:143 2090 sec: 36052791 operations; 13514.15 current ops/sec; [INSERT AverageLatency(us)=11.24] [READ AverageLatency(us)=14613.69] 
2014-07-23 18:32:55:143 2100 sec: 36195578 operations; 14278.7 current ops/sec; [INSERT AverageLatency(us)=11.66] [READ AverageLatency(us)=13737.31] 
2014-07-23 18:33:05:144 2110 sec: 36333644 operations; 13805.22 current ops/sec; [INSERT AverageLatency(us)=10.29] [READ AverageLatency(us)=14481.23] 
2014-07-23 18:33:15:144 2120 sec: 36459619 operations; 12597.5 current ops/sec; [INSERT AverageLatency(us)=11.13] [READ AverageLatency(us)=15629.07] 
2014-07-23 18:33:25:145 2130 sec: 36603604 operations; 14397.06 current ops/sec; [INSERT AverageLatency(us)=10.35] [READ AverageLatency(us)=13738.69] 
2014-07-23 18:33:35:145 2140 sec: 36732445 operations; 12884.1 current ops/sec; [INSERT AverageLatency(us)=10.89] [READ AverageLatency(us)=15507.48] 
2014-07-23 18:33:45:146 2150 sec: 36874792 operations; 14233.28 current ops/sec; [INSERT AverageLatency(us)=11.5] [READ AverageLatency(us)=14052.03] 
2014-07-23 18:33:55:147 2160 sec: 37015790 operations; 14099.8 current ops/sec; [INSERT AverageLatency(us)=11.72] [READ AverageLatency(us)=13860.07] 
2014-07-23 18:34:05:147 2170 sec: 37151044 operations; 13524.05 current ops/sec; [INSERT AverageLatency(us)=9.93] [READ AverageLatency(us)=14663.96] 
2014-07-23 18:34:15:148 2180 sec: 37285672 operations; 13461.45 current ops/sec; [INSERT AverageLatency(us)=11.23] [READ AverageLatency(us)=14883.7] 
2014-07-23 18:34:25:148 2190 sec: 37417586 operations; 13191.4 current ops/sec; [INSERT AverageLatency(us)=9.89] [READ AverageLatency(us)=15250.24] 
2014-07-23 18:34:35:149 2200 sec: 37549264 operations; 13166.48 current ops/sec; [INSERT AverageLatency(us)=11.58] [READ AverageLatency(us)=15021.1] 
2014-07-23 18:34:45:149 2210 sec: 37685526 operations; 13626.2 current ops/sec; [INSERT AverageLatency(us)=10.62] [READ AverageLatency(us)=14540.47] 
2014-07-23 18:34:55:150 2220 sec: 37845836 operations; 16029.4 current ops/sec; [INSERT AverageLatency(us)=10.43] [READ AverageLatency(us)=12591.75] 
2014-07-23 18:35:05:151 2230 sec: 37987007 operations; 14117.1 current ops/sec; [INSERT AverageLatency(us)=11.07] [READ AverageLatency(us)=14043.74] 
2014-07-23 18:35:15:151 2240 sec: 38122658 operations; 13563.74 current ops/sec; [INSERT AverageLatency(us)=10.97] [READ AverageLatency(us)=14539.81] 
2014-07-23 18:35:25:152 2250 sec: 38252057 operations; 12938.61 current ops/sec; [INSERT AverageLatency(us)=10.54] [READ AverageLatency(us)=15399.32] 
2014-07-23 18:35:35:152 2260 sec: 38378740 operations; 12668.3 current ops/sec; [INSERT AverageLatency(us)=10.92] [READ AverageLatency(us)=15325.89] 
2014-07-23 18:35:45:153 2270 sec: 38514789 operations; 13603.54 current ops/sec; [INSERT AverageLatency(us)=10.52] [READ AverageLatency(us)=14485.57] 
2014-07-23 18:35:55:153 2280 sec: 38652076 operations; 13728.7 current ops/sec; [INSERT AverageLatency(us)=9.85] [READ AverageLatency(us)=14688.02] 
2014-07-23 18:36:05:154 2290 sec: 38782043 operations; 12995.4 current ops/sec; [INSERT AverageLatency(us)=11.78] [READ AverageLatency(us)=15187.28] 
2014-07-23 18:36:15:155 2300 sec: 38921764 operations; 13970.7 current ops/sec; [INSERT AverageLatency(us)=10.41] [READ AverageLatency(us)=14216.77] 
2014-07-23 18:36:25:155 2310 sec: 39054423 operations; 13265.9 current ops/sec; [INSERT AverageLatency(us)=11.27] [READ AverageLatency(us)=14973.12] 
2014-07-23 18:36:35:156 2320 sec: 39189023 operations; 13458.65 current ops/sec; [INSERT AverageLatency(us)=11.08] [READ AverageLatency(us)=14779.64] 
2014-07-23 18:36:45:157 2330 sec: 39324946 operations; 13590.94 current ops/sec; [INSERT AverageLatency(us)=10.67] [READ AverageLatency(us)=14424.44] 
2014-07-23 18:36:55:157 2340 sec: 39450901 operations; 12595.5 current ops/sec; [INSERT AverageLatency(us)=10.86] [READ AverageLatency(us)=15797.51] 
2014-07-23 18:37:05:158 2350 sec: 39581492 operations; 13057.79 current ops/sec; [INSERT AverageLatency(us)=11.35] [READ AverageLatency(us)=15135.89] 
2014-07-23 18:37:15:158 2360 sec: 39723759 operations; 14226.7 current ops/sec; [INSERT AverageLatency(us)=11.54] [READ AverageLatency(us)=13915.14] 
2014-07-23 18:37:25:159 2370 sec: 39860460 operations; 13668.73 current ops/sec; [INSERT AverageLatency(us)=11.77] [READ AverageLatency(us)=14420.27] 
2014-07-23 18:37:35:160 2380 sec: 39993413 operations; 13293.97 current ops/sec; [INSERT AverageLatency(us)=11.4] [READ AverageLatency(us)=14926.02] 
2014-07-23 18:37:45:160 2390 sec: 40132961 operations; 13954.8 current ops/sec; [INSERT AverageLatency(us)=10.64] [READ AverageLatency(us)=14317.28] 
2014-07-23 18:37:55:161 2400 sec: 40268061 operations; 13508.65 current ops/sec; [INSERT AverageLatency(us)=11.56] [READ AverageLatency(us)=14669.27] 
2014-07-23 18:38:05:161 2410 sec: 40407050 operations; 13898.9 current ops/sec; [INSERT AverageLatency(us)=9.95] [READ AverageLatency(us)=14190.55] 
2014-07-23 18:38:15:162 2420 sec: 40549788 operations; 14272.37 current ops/sec; [INSERT AverageLatency(us)=9.99] [READ AverageLatency(us)=13885.91] 
2014-07-23 18:38:25:162 2430 sec: 40689638 operations; 13985 current ops/sec; [INSERT AverageLatency(us)=10.64] [READ AverageLatency(us)=14186.91] 
2014-07-23 18:38:35:163 2440 sec: 40813616 operations; 12396.56 current ops/sec; [INSERT AverageLatency(us)=10.55] [READ AverageLatency(us)=15821.29] 
2014-07-23 18:38:45:163 2450 sec: 40937798 operations; 12418.2 current ops/sec; [INSERT AverageLatency(us)=10.97] [READ AverageLatency(us)=16033.45] 
2014-07-23 18:38:55:164 2460 sec: 41081990 operations; 14417.76 current ops/sec; [INSERT AverageLatency(us)=10.86] [READ AverageLatency(us)=13825.04] 
2014-07-23 18:39:05:164 2470 sec: 41215076 operations; 13308.6 current ops/sec; [INSERT AverageLatency(us)=10.79] [READ AverageLatency(us)=14996.52] 
2014-07-23 18:39:15:165 2480 sec: 41361396 operations; 14630.54 current ops/sec; [INSERT AverageLatency(us)=10] [READ AverageLatency(us)=13531.28] 
2014-07-23 18:39:25:165 2490 sec: 41494645 operations; 13324.9 current ops/sec; [INSERT AverageLatency(us)=10.98] [READ AverageLatency(us)=14726.68] 
2014-07-23 18:39:35:166 2500 sec: 41629680 operations; 13502.15 current ops/sec; [INSERT AverageLatency(us)=10.57] [READ AverageLatency(us)=14733.97] 
2014-07-23 18:39:45:167 2510 sec: 41765796 operations; 13611.6 current ops/sec; [INSERT AverageLatency(us)=11.18] [READ AverageLatency(us)=14404.25] 
2014-07-23 18:39:55:167 2520 sec: 41899587 operations; 13377.76 current ops/sec; [INSERT AverageLatency(us)=11.45] [READ AverageLatency(us)=14775.47] 
2014-07-23 18:40:05:168 2530 sec: 42052158 operations; 15255.57 current ops/sec; [INSERT AverageLatency(us)=10.56] [READ AverageLatency(us)=12915.29] 
2014-07-23 18:40:15:168 2540 sec: 42185787 operations; 13362.9 current ops/sec; [INSERT AverageLatency(us)=10.75] [READ AverageLatency(us)=14691.62] 
2014-07-23 18:40:25:169 2550 sec: 42321922 operations; 13612.14 current ops/sec; [INSERT AverageLatency(us)=9.88] [READ AverageLatency(us)=14682.66] 
2014-07-23 18:40:35:169 2560 sec: 42465145 operations; 14322.3 current ops/sec; [INSERT AverageLatency(us)=10.37] [READ AverageLatency(us)=13850.65] 
2014-07-23 18:40:45:170 2570 sec: 42583269 operations; 11811.22 current ops/sec; [INSERT AverageLatency(us)=10.82] [READ AverageLatency(us)=16788.17] 
2014-07-23 18:40:55:171 2580 sec: 42702661 operations; 11939.2 current ops/sec; [INSERT AverageLatency(us)=10.98] [READ AverageLatency(us)=16773.31] 
2014-07-23 18:41:05:171 2590 sec: 42825569 operations; 12289.57 current ops/sec; [INSERT AverageLatency(us)=10.72] [READ AverageLatency(us)=16072.51] 
2014-07-23 18:41:15:172 2600 sec: 42920523 operations; 9494.45 current ops/sec; [INSERT AverageLatency(us)=11.57] [READ AverageLatency(us)=20774.87] 
2014-07-23 18:41:25:172 2610 sec: 43043396 operations; 12287.3 current ops/sec; [INSERT AverageLatency(us)=11.09] [READ AverageLatency(us)=16220.5] 
2014-07-23 18:41:35:173 2620 sec: 43131987 operations; 8858.21 current ops/sec; [INSERT AverageLatency(us)=10.8] [READ AverageLatency(us)=22738.55] 
2014-07-23 18:41:45:173 2630 sec: 43242094 operations; 11010.7 current ops/sec; [INSERT AverageLatency(us)=11.21] [READ AverageLatency(us)=17856.72] 
2014-07-23 18:41:55:174 2640 sec: 43345173 operations; 10306.87 current ops/sec; [INSERT AverageLatency(us)=11.46] [READ AverageLatency(us)=19108.93] 
2014-07-23 18:42:05:174 2650 sec: 43454499 operations; 10932.6 current ops/sec; [INSERT AverageLatency(us)=11.68] [READ AverageLatency(us)=18345.69] 
2014-07-23 18:42:15:175 2660 sec: 43569644 operations; 11513.35 current ops/sec; [INSERT AverageLatency(us)=10.29] [READ AverageLatency(us)=17145.36] 
2014-07-23 18:42:25:176 2670 sec: 43700281 operations; 13062.39 current ops/sec; [INSERT AverageLatency(us)=10.61] [READ AverageLatency(us)=15124.24] 
2014-07-23 18:42:35:176 2680 sec: 43823146 operations; 12286.5 current ops/sec; [INSERT AverageLatency(us)=11.39] [READ AverageLatency(us)=16233.09] 
2014-07-23 18:42:45:177 2690 sec: 43949310 operations; 12615.14 current ops/sec; [INSERT AverageLatency(us)=11.14] [READ AverageLatency(us)=15704.83] 
2014-07-23 18:42:55:177 2700 sec: 44065530 operations; 11622 current ops/sec; [INSERT AverageLatency(us)=10.85] [READ AverageLatency(us)=16949.21] 
2014-07-23 18:43:05:178 2710 sec: 44187416 operations; 12187.38 current ops/sec; [INSERT AverageLatency(us)=11.03] [READ AverageLatency(us)=16123.42] 
2014-07-23 18:43:15:178 2720 sec: 44314404 operations; 12698.8 current ops/sec; [INSERT AverageLatency(us)=10.97] [READ AverageLatency(us)=15831.88] 
2014-07-23 18:43:25:179 2730 sec: 44456734 operations; 14231.58 current ops/sec; [INSERT AverageLatency(us)=10.06] [READ AverageLatency(us)=14093.55] 
2014-07-23 18:43:35:179 2740 sec: 44578257 operations; 12152.3 current ops/sec; [INSERT AverageLatency(us)=10.35] [READ AverageLatency(us)=16255.16] 
2014-07-23 18:43:45:180 2750 sec: 44710943 operations; 13267.27 current ops/sec; [INSERT AverageLatency(us)=10.99] [READ AverageLatency(us)=14965.71] 
2014-07-23 18:43:55:181 2760 sec: 44843846 operations; 13288.97 current ops/sec; [INSERT AverageLatency(us)=10.36] [READ AverageLatency(us)=14859.11] 
2014-07-23 18:44:05:181 2770 sec: 44972543 operations; 12869.7 current ops/sec; [INSERT AverageLatency(us)=11.23] [READ AverageLatency(us)=15479.13] 
2014-07-23 18:44:15:182 2780 sec: 45110924 operations; 13836.72 current ops/sec; [INSERT AverageLatency(us)=10.72] [READ AverageLatency(us)=14234.94] 
2014-07-23 18:44:25:182 2790 sec: 45238772 operations; 12784.8 current ops/sec; [INSERT AverageLatency(us)=10.54] [READ AverageLatency(us)=15378.36] 
2014-07-23 18:44:35:183 2800 sec: 45375035 operations; 13624.94 current ops/sec; [INSERT AverageLatency(us)=10.54] [READ AverageLatency(us)=14701.61] 
2014-07-23 18:44:45:183 2810 sec: 45514695 operations; 13966 current ops/sec; [INSERT AverageLatency(us)=11.43] [READ AverageLatency(us)=14185.51] 
2014-07-23 18:44:55:184 2820 sec: 45648233 operations; 13352.46 current ops/sec; [INSERT AverageLatency(us)=11.7] [READ AverageLatency(us)=15024.29] 
2014-07-23 18:45:05:184 2830 sec: 45784782 operations; 13654.9 current ops/sec; [INSERT AverageLatency(us)=11] [READ AverageLatency(us)=14428.42] 
2014-07-23 18:45:15:185 2840 sec: 45905024 operations; 12023 current ops/sec; [INSERT AverageLatency(us)=9.52] [READ AverageLatency(us)=16247.39] 
2014-07-23 18:45:25:185 2850 sec: 46037165 operations; 13214.1 current ops/sec; [INSERT AverageLatency(us)=9.97] [READ AverageLatency(us)=15128.4] 
2014-07-23 18:45:35:186 2860 sec: 46172590 operations; 13541.15 current ops/sec; [INSERT AverageLatency(us)=10.64] [READ AverageLatency(us)=14599.72] 
2014-07-23 18:45:45:186 2870 sec: 46297850 operations; 12526 current ops/sec; [INSERT AverageLatency(us)=11.2] [READ AverageLatency(us)=15784.17] 
2014-07-23 18:45:55:187 2880 sec: 46431598 operations; 13373.46 current ops/sec; [INSERT AverageLatency(us)=10.64] [READ AverageLatency(us)=14978.92] 
2014-07-23 18:46:05:187 2890 sec: 46572520 operations; 14092.2 current ops/sec; [INSERT AverageLatency(us)=10.9] [READ AverageLatency(us)=14343.98] 
2014-07-23 18:46:15:188 2900 sec: 46700751 operations; 12821.82 current ops/sec; [INSERT AverageLatency(us)=10.7] [READ AverageLatency(us)=15425.47] 
2014-07-23 18:46:25:188 2910 sec: 46835851 operations; 13510 current ops/sec; [INSERT AverageLatency(us)=10.7] [READ AverageLatency(us)=14710.3] 
2014-07-23 18:46:35:189 2920 sec: 46969670 operations; 13380.56 current ops/sec; [INSERT AverageLatency(us)=10.61] [READ AverageLatency(us)=14965.92] 
2014-07-23 18:46:45:189 2930 sec: 47097985 operations; 12831.5 current ops/sec; [INSERT AverageLatency(us)=11.08] [READ AverageLatency(us)=15345.49] 
2014-07-23 18:46:55:190 2940 sec: 47220994 operations; 12299.67 current ops/sec; [INSERT AverageLatency(us)=10.11] [READ AverageLatency(us)=16188.38] 
2014-07-23 18:47:05:190 2950 sec: 47329245 operations; 10825.1 current ops/sec; [INSERT AverageLatency(us)=11.07] [READ AverageLatency(us)=18121.35] 
2014-07-23 18:47:15:191 2960 sec: 47441845 operations; 11258.87 current ops/sec; [INSERT AverageLatency(us)=11.36] [READ AverageLatency(us)=17352.77] 
2014-07-23 18:47:25:191 2970 sec: 47544887 operations; 10304.2 current ops/sec; [INSERT AverageLatency(us)=11.05] [READ AverageLatency(us)=19396.14] 
2014-07-23 18:47:35:192 2980 sec: 47641223 operations; 9632.64 current ops/sec; [INSERT AverageLatency(us)=10.98] [READ AverageLatency(us)=20420.72] 
2014-07-23 18:47:45:192 2990 sec: 47727160 operations; 8593.7 current ops/sec; [INSERT AverageLatency(us)=10.88] [READ AverageLatency(us)=23268.06] 
2014-07-23 18:47:55:193 3000 sec: 47769098 operations; 4193.38 current ops/sec; [INSERT AverageLatency(us)=10.39] [READ AverageLatency(us)=23694.8] 
2014-07-23 18:48:05:194 3010 sec: 47771684 operations; 258.57 current ops/sec; [INSERT AverageLatency(us)=21.99] [READ AverageLatency(us)=1146282.75] 
2014-07-23 18:48:15:194 3020 sec: 47890922 operations; 11923.8 current ops/sec; [INSERT AverageLatency(us)=11.1] [READ AverageLatency(us)=16673.39] 
2014-07-23 18:48:25:195 3030 sec: 47995747 operations; 10481.45 current ops/sec; [INSERT AverageLatency(us)=12.03] [READ AverageLatency(us)=18761.46] 
2014-07-23 18:48:35:195 3040 sec: 48107220 operations; 11147.3 current ops/sec; [INSERT AverageLatency(us)=10.2] [READ AverageLatency(us)=18143.25] 
2014-07-23 18:48:45:196 3050 sec: 48216881 operations; 10965 current ops/sec; [INSERT AverageLatency(us)=10.88] [READ AverageLatency(us)=17889.98] 
2014-07-23 18:48:55:196 3060 sec: 48331324 operations; 11444.3 current ops/sec; [INSERT AverageLatency(us)=12.56] [READ AverageLatency(us)=17194.31] 
2014-07-23 18:49:05:197 3070 sec: 48449695 operations; 11835.92 current ops/sec; [INSERT AverageLatency(us)=11.37] [READ AverageLatency(us)=16623.88] 
2014-07-23 18:49:15:197 3080 sec: 48570079 operations; 12038.4 current ops/sec; [INSERT AverageLatency(us)=11.77] [READ AverageLatency(us)=16361.63] 
2014-07-23 18:49:25:198 3090 sec: 48693762 operations; 12367.06 current ops/sec; [INSERT AverageLatency(us)=10.78] [READ AverageLatency(us)=15913.41] 
2014-07-23 18:49:35:199 3100 sec: 48824107 operations; 13034.5 current ops/sec; [INSERT AverageLatency(us)=11.47] [READ AverageLatency(us)=15287.22] 
2014-07-23 18:49:45:199 3110 sec: 48936593 operations; 11247.48 current ops/sec; [INSERT AverageLatency(us)=11.34] [READ AverageLatency(us)=17583.87] 
2014-07-23 18:49:55:200 3120 sec: 49059226 operations; 12262.07 current ops/sec; [INSERT AverageLatency(us)=11.29] [READ AverageLatency(us)=16419.84] 
2014-07-23 18:50:05:200 3130 sec: 49185648 operations; 12642.2 current ops/sec; [INSERT AverageLatency(us)=9.75] [READ AverageLatency(us)=15377.8] 
2014-07-23 18:50:15:201 3140 sec: 49302389 operations; 11672.93 current ops/sec; [INSERT AverageLatency(us)=11.14] [READ AverageLatency(us)=17287.14] 
2014-07-23 18:50:25:201 3150 sec: 49431926 operations; 12953.7 current ops/sec; [INSERT AverageLatency(us)=10.75] [READ AverageLatency(us)=15334.29] 
2014-07-23 18:50:35:202 3160 sec: 49563657 operations; 13171.78 current ops/sec; [INSERT AverageLatency(us)=11.18] [READ AverageLatency(us)=15124.12] 
2014-07-23 18:50:45:202 3170 sec: 49683024 operations; 11936.7 current ops/sec; [INSERT AverageLatency(us)=11.45] [READ AverageLatency(us)=16461.08] 
2014-07-23 18:50:55:203 3180 sec: 49806789 operations; 12375.26 current ops/sec; [UPDATE AverageLatency(us)=211558.5] [INSERT AverageLatency(us)=11.53] [READ AverageLatency(us)=16011.79] [CLEANUP AverageLatency(us)=212224] 
2014-07-23 18:51:05:203 3190 sec: 49900922 operations; 9413.3 current ops/sec; [UPDATE AverageLatency(us)=118573.22] [INSERT AverageLatency(us)=10.77] [READ AverageLatency(us)=13953.4] [CLEANUP AverageLatency(us)=118580.44] 
2014-07-23 18:51:15:204 3200 sec: 49965810 operations; 6488.15 current ops/sec; [UPDATE AverageLatency(us)=157508] [INSERT AverageLatency(us)=11.18] [READ AverageLatency(us)=10831.48] [CLEANUP AverageLatency(us)=157514.6] 
2014-07-23 18:51:25:205 3210 sec: 49993576 operations; 2776.6 current ops/sec; [UPDATE AverageLatency(us)=171483.33] [INSERT AverageLatency(us)=10.16] [READ AverageLatency(us)=8883.45] [CLEANUP AverageLatency(us)=171489.33] 
2014-07-23 18:51:30:570 3215 sec: 50000000 operations; 1197.17 current ops/sec; [UPDATE AverageLatency(us)=52298] [INSERT AverageLatency(us)=10.22] [READ AverageLatency(us)=7893.53] [CLEANUP AverageLatency(us)=52303] 
+ echo 'end time:'
end time:
++ date +%s
+ echo 1406166690
1406166690
+ echo 'sleeping for 10 sec ...'
sleeping for 10 sec ...
+ sleep 10
+ let counter=1+1
+ read line
+ set +x
