++ ls caseresult/ -ltr
++ wc -l
+ filename=case50
+ mkdir caseresult/case50
+ RESULT_DIR=/home/hadoop/git/physical_design/caseresult/case50
+ TEN=10
+ SIXTY=60
+ SLEEP_TIME=300
+ YCSB_DIR=/home/hadoop/ycsb-0.1.4
+ number_of_operations=10000000
+ number_of_threads=20
+ number_of_records=50000000
+ output_file_suffix=.dat
+ experiment_list_file=/home/hadoop/git/physical_design/case50.list
+ clean=false
+ create=false
+ load=false
+ random_read=false
+ workloada=false
+ workloadb=false
+ workloadc=false
+ scan=false
+ all=false
+ for i in '$@'
+ '[' clean == all ']'
+ '[' clean == clean ']'
+ clean=true
+ for i in '$@'
+ '[' create == all ']'
+ '[' create == clean ']'
+ '[' create == create ']'
+ create=true
+ for i in '$@'
+ '[' workloadc == all ']'
+ '[' workloadc == clean ']'
+ '[' workloadc == create ']'
+ '[' workloadc == load ']'
+ '[' workloadc == random_read ']'
+ '[' workloadc == scan ']'
+ '[' workloadc == workloada ']'
+ '[' workloadc == workloadb ']'
+ '[' workloadc == workloadc ']'
+ workloadc=true
+ let counter=1
+ cd /home/hadoop/ycsb-0.1.4
++ pwd
+ echo /home/hadoop/ycsb-0.1.4
/home/hadoop/ycsb-0.1.4
+ read line
+ false
+ true
+ echo 'sleeping for 60 ...'
sleeping for 60 ...
+ sleep 60
+ echo 'droping usertable...'
droping usertable...
+ hbase shell /home/hadoop/git/physical_design/delete_table
SLF4J: Class path contains multiple SLF4J bindings.
SLF4J: Found binding in [jar:file:/home/hadoop/hbase-0.98.3-hadoop1/lib/slf4j-log4j12-1.6.4.jar!/org/slf4j/impl/StaticLoggerBinder.class]
SLF4J: Found binding in [jar:file:/home/hadoop/hadoop-1.2.1/lib/slf4j-log4j12-1.4.3.jar!/org/slf4j/impl/StaticLoggerBinder.class]
SLF4J: See http://www.slf4j.org/codes.html#multiple_bindings for an explanation.
0 row(s) in 2.7520 seconds

0 row(s) in 0.7720 seconds

0 row(s) in 0.0690 seconds

+ echo 'sleeping for 300 ...'
sleeping for 300 ...
+ sleep 300
+ false
+ true
+ echo 'creating usertable...'
creating usertable...
+ create_statement='create '\''usertable'\'', { NAME=>'\''family'\'', CONFIGURATION => { '\''hbase.hregion.majorcompaction'\'' => '\''0'\'' } ,  COMPRESSION=>'\''GZ'\''}, SPLITS => ['\''user1'\'', '\''user2'\'', '\''user3'\'', '\''user4'\'', '\''user5'\'', '\''user6'\'', '\''user7'\'', '\''user8'\'', '\''user9'\'']'
+ echo create ''\''usertable'\'',' '{' 'NAME=>'\''family'\'',' CONFIGURATION '=>' '{' ''\''hbase.hregion.majorcompaction'\''' '=>' ''\''0'\''' '}' , 'COMPRESSION=>'\''GZ'\''},' SPLITS '=>' '['\''user1'\'',' ''\''user2'\'',' ''\''user3'\'',' ''\''user4'\'',' ''\''user5'\'',' ''\''user6'\'',' ''\''user7'\'',' ''\''user8'\'',' ''\''user9'\'']'
+ echo 'exit '
+ create_table /home/hadoop/git/physical_design/caseresult/case50/create_1.script
+ echo 'creating table...'
creating table...
+ echo /home/hadoop/git/physical_design/caseresult/case50/create_1.script
/home/hadoop/git/physical_design/caseresult/case50/create_1.script
+ hbase shell /home/hadoop/git/physical_design/caseresult/case50/create_1.script
SLF4J: Class path contains multiple SLF4J bindings.
SLF4J: Found binding in [jar:file:/home/hadoop/hbase-0.98.3-hadoop1/lib/slf4j-log4j12-1.6.4.jar!/org/slf4j/impl/StaticLoggerBinder.class]
SLF4J: Found binding in [jar:file:/home/hadoop/hadoop-1.2.1/lib/slf4j-log4j12-1.4.3.jar!/org/slf4j/impl/StaticLoggerBinder.class]
SLF4J: See http://www.slf4j.org/codes.html#multiple_bindings for an explanation.
0 row(s) in 1.5800 seconds

+ echo 'sleeping for 10 sec ...'
sleeping for 10 sec ...
+ sleep 10
+ false
+ false
+ false
+ false
+ false
+ false
+ false
+ false
+ false
+ true
+ echo workloadc...
workloadc...
+ echo 'start time: '
start time: 
++ date +%s
+ echo 1404998240
1404998240
++ echo /home/hadoop/git/physical_design/caseresult/case50/workloadc_1.dat
+ ./workloadc 10000000 20 /home/hadoop/git/physical_design/caseresult/case50/workloadc_1.dat
Loading workload...
Starting test.
2014-07-10 06:17:21:322 0 sec: 0 operations; 
14/07/10 06:17:21 INFO zookeeper.ZooKeeper: Client environment:zookeeper.version=3.4.6-1569965, built on 02/20/2014 09:09 GMT
14/07/10 06:17:21 INFO zookeeper.ZooKeeper: Client environment:host.name=sceplus-vm48.almaden.ibm.com
14/07/10 06:17:21 INFO zookeeper.ZooKeeper: Client environment:java.version=1.6.0_31
14/07/10 06:17:21 INFO zookeeper.ZooKeeper: Client environment:java.vendor=Sun Microsystems Inc.
14/07/10 06:17:21 INFO zookeeper.ZooKeeper: Client environment:java.home=/usr/lib/jvm/java-6-openjdk-amd64/jre
14/07/10 06:17:21 INFO zookeeper.ZooKeeper: Client environment:java.class.path=/home/hadoop/ycsb-0.1.4/hbase-binding/lib/hbase-binding-0.1.4.jar:/home/hadoop/ycsb-0.1.4/hbase-binding/conf:/home/hadoop/ycsb-0.1.4/jdbc-binding/conf:/home/hadoop/ycsb-0.1.4/core/lib/core-0.1.4.jar
14/07/10 06:17:21 INFO zookeeper.ZooKeeper: Client environment:java.library.path=/usr/lib/jvm/java-6-openjdk-amd64/jre/lib/amd64/server:/usr/lib/jvm/java-6-openjdk-amd64/jre/lib/amd64:/usr/lib/jvm/java-6-openjdk-amd64/jre/../lib/amd64:/usr/java/packages/lib/amd64:/usr/lib/jni:/lib:/usr/lib
14/07/10 06:17:21 INFO zookeeper.ZooKeeper: Client environment:java.io.tmpdir=/tmp
14/07/10 06:17:21 INFO zookeeper.ZooKeeper: Client environment:java.compiler=<NA>
14/07/10 06:17:21 INFO zookeeper.ZooKeeper: Client environment:os.name=Linux
14/07/10 06:17:21 INFO zookeeper.ZooKeeper: Client environment:os.arch=amd64
14/07/10 06:17:21 INFO zookeeper.ZooKeeper: Client environment:os.version=3.13.0-24-generic
14/07/10 06:17:21 INFO zookeeper.ZooKeeper: Client environment:user.name=hadoop
14/07/10 06:17:21 INFO zookeeper.ZooKeeper: Client environment:user.home=/home/hadoop
14/07/10 06:17:21 INFO zookeeper.ZooKeeper: Client environment:user.dir=/home/hadoop/ycsb-0.1.4
14/07/10 06:17:21 INFO zookeeper.ZooKeeper: Initiating client connection, connectString=sceplus-vm49.almaden.ibm.com:2181,sceplus-vm48.almaden.ibm.com:2181 sessionTimeout=90000 watcher=hconnection-0x41fbfa37, quorum=sceplus-vm49.almaden.ibm.com:2181,sceplus-vm48.almaden.ibm.com:2181, baseZNode=/hbase
14/07/10 06:17:21 INFO zookeeper.RecoverableZooKeeper: Process identifier=hconnection-0x41fbfa37 connecting to ZooKeeper ensemble=sceplus-vm49.almaden.ibm.com:2181,sceplus-vm48.almaden.ibm.com:2181
14/07/10 06:17:21 INFO zookeeper.ClientCnxn: Opening socket connection to server sceplus-vm48.almaden.ibm.com/9.1.143.58:2181. Will not attempt to authenticate using SASL (unknown error)
14/07/10 06:17:21 INFO zookeeper.ClientCnxn: Socket connection established to sceplus-vm48.almaden.ibm.com/9.1.143.58:2181, initiating session
14/07/10 06:17:21 INFO zookeeper.ClientCnxn: Session establishment complete on server sceplus-vm48.almaden.ibm.com/9.1.143.58:2181, sessionid = 0x472065e49f000a, negotiated timeout = 90000
2014-07-10 06:17:31:324 10 sec: 98579 operations; 9855.93 current ops/sec; [INSERT AverageLatency(us)=222.15] [READ AverageLatency(us)=4659.09] 
2014-07-10 06:17:41:325 20 sec: 315066 operations; 21646.54 current ops/sec; [INSERT AverageLatency(us)=37.03] [READ AverageLatency(us)=8737.52] 
2014-07-10 06:17:51:326 30 sec: 650003 operations; 33490.35 current ops/sec; [INSERT AverageLatency(us)=14.64] [READ AverageLatency(us)=5792.67] 
2014-07-10 06:18:01:327 40 sec: 1035896 operations; 38585.44 current ops/sec; [INSERT AverageLatency(us)=11.6] [READ AverageLatency(us)=4994.62] 
2014-07-10 06:18:11:327 50 sec: 1355952 operations; 32005.6 current ops/sec; [INSERT AverageLatency(us)=12.9] [READ AverageLatency(us)=6131.05] 
2014-07-10 06:18:21:328 60 sec: 1673346 operations; 31736.23 current ops/sec; [INSERT AverageLatency(us)=13.9] [READ AverageLatency(us)=6162.12] 
2014-07-10 06:18:31:329 70 sec: 1968187 operations; 29481.15 current ops/sec; [INSERT AverageLatency(us)=13.08] [READ AverageLatency(us)=6639.88] 
2014-07-10 06:18:41:330 80 sec: 2265265 operations; 29704.83 current ops/sec; [INSERT AverageLatency(us)=12.25] [READ AverageLatency(us)=6630.18] 
2014-07-10 06:18:51:330 90 sec: 2534594 operations; 26932.9 current ops/sec; [INSERT AverageLatency(us)=12.21] [READ AverageLatency(us)=7228.59] 
2014-07-10 06:19:01:331 100 sec: 2814968 operations; 28034.6 current ops/sec; [INSERT AverageLatency(us)=11.08] [READ AverageLatency(us)=7075.04] 
2014-07-10 06:19:11:425 110 sec: 3110727 operations; 29300.48 current ops/sec; [INSERT AverageLatency(us)=10.81] [READ AverageLatency(us)=6595.53] 
2014-07-10 06:19:21:426 120 sec: 3414085 operations; 30332.77 current ops/sec; [INSERT AverageLatency(us)=11.53] [READ AverageLatency(us)=6609.62] 
2014-07-10 06:19:31:616 130 sec: 3718779 operations; 29901.28 current ops/sec; [INSERT AverageLatency(us)=13.19] [READ AverageLatency(us)=6423.65] 
2014-07-10 06:19:41:618 140 sec: 3998623 operations; 27978.8 current ops/sec; [INSERT AverageLatency(us)=11.32] [READ AverageLatency(us)=7066.62] 
2014-07-10 06:19:51:619 150 sec: 4272721 operations; 27407.06 current ops/sec; [INSERT AverageLatency(us)=12.72] [READ AverageLatency(us)=6946.66] 
2014-07-10 06:20:01:619 160 sec: 4567106 operations; 29438.5 current ops/sec; [INSERT AverageLatency(us)=12.29] [READ AverageLatency(us)=6884.63] 
2014-07-10 06:20:11:620 170 sec: 4870978 operations; 30384.16 current ops/sec; [INSERT AverageLatency(us)=12.01] [READ AverageLatency(us)=6413.6] 
2014-07-10 06:20:21:620 180 sec: 5152767 operations; 28178.9 current ops/sec; [INSERT AverageLatency(us)=11.6] [READ AverageLatency(us)=6851.92] 
2014-07-10 06:20:31:621 190 sec: 5443253 operations; 29045.7 current ops/sec; [INSERT AverageLatency(us)=11.25] [READ AverageLatency(us)=6675.51] 
2014-07-10 06:20:41:623 200 sec: 5718310 operations; 27500.2 current ops/sec; [INSERT AverageLatency(us)=11.47] [READ AverageLatency(us)=7172.1] 
2014-07-10 06:20:51:623 210 sec: 5987512 operations; 26920.2 current ops/sec; [INSERT AverageLatency(us)=12.5] [READ AverageLatency(us)=7222.38] 
2014-07-10 06:21:01:624 220 sec: 6229522 operations; 24198.58 current ops/sec; [INSERT AverageLatency(us)=12.35] [READ AverageLatency(us)=8100.41] 
2014-07-10 06:21:11:625 230 sec: 6478838 operations; 24929.11 current ops/sec; [INSERT AverageLatency(us)=14.49] [READ AverageLatency(us)=7763.37] 
2014-07-10 06:21:21:626 240 sec: 6724878 operations; 24601.54 current ops/sec; [INSERT AverageLatency(us)=11.83] [READ AverageLatency(us)=7963.68] 
2014-07-10 06:21:31:867 250 sec: 6961620 operations; 23117.08 current ops/sec; [INSERT AverageLatency(us)=15.28] [READ AverageLatency(us)=7955.68] 
2014-07-10 06:21:41:868 260 sec: 7205531 operations; 24388.66 current ops/sec; [INSERT AverageLatency(us)=13.45] [READ AverageLatency(us)=8336.19] 
2014-07-10 06:21:51:869 270 sec: 7463077 operations; 25752.02 current ops/sec; [INSERT AverageLatency(us)=12.02] [READ AverageLatency(us)=7582.87] 
2014-07-10 06:22:01:870 280 sec: 7729892 operations; 26678.83 current ops/sec; [INSERT AverageLatency(us)=11.37] [READ AverageLatency(us)=7338.89] 
2014-07-10 06:22:11:870 290 sec: 7986634 operations; 25674.2 current ops/sec; [INSERT AverageLatency(us)=11.46] [READ AverageLatency(us)=7780.91] 
2014-07-10 06:22:21:871 300 sec: 8227168 operations; 24050.99 current ops/sec; [INSERT AverageLatency(us)=11.06] [READ AverageLatency(us)=8054.53] 
2014-07-10 06:22:31:872 310 sec: 8457500 operations; 23030.9 current ops/sec; [INSERT AverageLatency(us)=10.97] [READ AverageLatency(us)=8464.32] 
2014-07-10 06:22:41:872 320 sec: 8701678 operations; 24417.8 current ops/sec; [INSERT AverageLatency(us)=10.89] [READ AverageLatency(us)=7996.98] 
2014-07-10 06:22:51:873 330 sec: 8954524 operations; 25282.07 current ops/sec; [INSERT AverageLatency(us)=10.67] [READ AverageLatency(us)=7696.62] 
2014-07-10 06:23:01:910 340 sec: 9188752 operations; 23336.46 current ops/sec; [INSERT AverageLatency(us)=11.11] [READ AverageLatency(us)=8422.6] 
2014-07-10 06:23:11:911 350 sec: 9425996 operations; 23722.03 current ops/sec; [INSERT AverageLatency(us)=10.89] [READ AverageLatency(us)=8283.13] 
2014-07-10 06:23:21:911 360 sec: 9684227 operations; 25823.1 current ops/sec; [INSERT AverageLatency(us)=10.91] [READ AverageLatency(us)=7712.58] 
2014-07-10 06:23:31:912 370 sec: 9902495 operations; 21824.62 current ops/sec; [UPDATE AverageLatency(us)=327024.5] [INSERT AverageLatency(us)=11.67] [READ AverageLatency(us)=8832.78] [CLEANUP AverageLatency(us)=328643] 
2014-07-10 06:23:39:968 378 sec: 10000000 operations; 12103.4 current ops/sec; [UPDATE AverageLatency(us)=287502.83] [INSERT AverageLatency(us)=9.55] [READ AverageLatency(us)=6712.47] [CLEANUP AverageLatency(us)=287517.72] 
+ echo 'end time:'
end time:
++ date +%s
+ echo 1404998620
1404998620
+ echo 'sleeping for 10 sec ...'
sleeping for 10 sec ...
+ sleep 10
+ let counter=1+1
+ read line
+ set +x
