++ ls caseresult/ -ltr
++ wc -l
+ filename=case164
+ mkdir caseresult/case164
+ ssh hadoop@master mkdir /home/hadoop/git/physical_design/caseresult/case164
+ RESULT_DIR=/home/hadoop/git/physical_design/caseresult/case164
+ TEN=10
+ SIXTY=60
+ SLEEP_TIME=300
+ YCSB_DIR=/home/hadoop/ycsb-0.1.4
+ number_of_operations=100000000
+ number_of_threads=20
+ number_of_records=100000000
+ output_file_suffix=.dat
+ experiment_list_file=/home/hadoop/git/physical_design/case164.list
+ clean=false
+ create=false
+ load=false
+ random_read=false
+ workloada=false
+ workloadb=false
+ workloadc=false
+ scan=false
+ all=false
+ for i in '$@'
+ '[' clean == all ']'
+ '[' clean == clean ']'
+ clean=true
+ for i in '$@'
+ '[' create == all ']'
+ '[' create == clean ']'
+ '[' create == create ']'
+ create=true
+ for i in '$@'
+ '[' workloadb == all ']'
+ '[' workloadb == clean ']'
+ '[' workloadb == create ']'
+ '[' workloadb == load ']'
+ '[' workloadb == random_read ']'
+ '[' workloadb == scan ']'
+ '[' workloadb == workloada ']'
+ '[' workloadb == workloadb ']'
+ workloadb=true
+ let counter=1
+ cd /home/hadoop/ycsb-0.1.4
++ pwd
+ echo /home/hadoop/ycsb-0.1.4
/home/hadoop/ycsb-0.1.4
+ read line
+ false
+ true
+ echo 'sleeping for 60 ...'
sleeping for 60 ...
+ sleep 60
+ echo 'droping usertable...'
droping usertable...
+ ssh hadoop@master /home/hadoop/hbase/bin/hbase shell /home/hadoop/git/physical_design/delete_table
0 row(s) in 2.7800 seconds

0 row(s) in 1.3530 seconds

0 row(s) in 0.0660 seconds

+ echo 'sleeping for 300 ...'
sleeping for 300 ...
+ sleep 300
+ false
+ true
+ echo 'creating usertable...'
creating usertable...
+ create_statement='create '\''usertable'\'', { NAME=>'\''family'\'', CONFIGURATION => { '\''hbase.hregion.majorcompaction'\'' => '\''0'\'' } ,  COMPRESSION=>'\''GZ'\''}, SPLITS => ['\''user1'\'', '\''user2'\'', '\''user3'\'', '\''user4'\'', '\''user5'\'', '\''user6'\'', '\''user7'\'', '\''user8'\'', '\''user9'\'']'
+ echo create ''\''usertable'\'',' '{' 'NAME=>'\''family'\'',' CONFIGURATION '=>' '{' ''\''hbase.hregion.majorcompaction'\''' '=>' ''\''0'\''' '}' , 'COMPRESSION=>'\''GZ'\''},' SPLITS '=>' '['\''user1'\'',' ''\''user2'\'',' ''\''user3'\'',' ''\''user4'\'',' ''\''user5'\'',' ''\''user6'\'',' ''\''user7'\'',' ''\''user8'\'',' ''\''user9'\'']'
+ echo 'exit '
+ scp /home/hadoop/git/physical_design/caseresult/case164/create_1.script hadoop@master:/home/hadoop/git/physical_design/caseresult/case164/create_1.script
+ create_table /home/hadoop/git/physical_design/caseresult/case164/create_1.script
+ echo 'creating table...'
creating table...
+ echo /home/hadoop/git/physical_design/caseresult/case164/create_1.script
/home/hadoop/git/physical_design/caseresult/case164/create_1.script
+ ssh hadoop@master /home/hadoop/hbase/bin/hbase shell /home/hadoop/git/physical_design/caseresult/case164/create_1.script
0 row(s) in 1.7590 seconds

+ echo 'sleeping for 10 sec ...'
sleeping for 10 sec ...
+ sleep 10
+ false
+ false
+ false
+ false
+ false
+ false
+ false
+ true
+ echo workloadb...
workloadb...
+ echo 'start time: '
start time: 
++ date +%s
+ echo 1405703247
1405703247
++ echo /home/hadoop/git/physical_design/caseresult/case164/workloadb_1.dat
+ ./workloadb 100000000 20 /home/hadoop/git/physical_design/caseresult/case164/workloadb_1.dat
Loading workload...
Starting test.
2014-07-18 10:07:27:433 0 sec: 0 operations; 
14/07/18 10:07:27 INFO zookeeper.ZooKeeper: Client environment:zookeeper.version=3.4.6-1569965, built on 02/20/2014 09:09 GMT
14/07/18 10:07:27 INFO zookeeper.ZooKeeper: Client environment:host.name=sceplus-vm43.almaden.ibm.com
14/07/18 10:07:27 INFO zookeeper.ZooKeeper: Client environment:java.version=1.6.0_31
14/07/18 10:07:27 INFO zookeeper.ZooKeeper: Client environment:java.vendor=Sun Microsystems Inc.
14/07/18 10:07:27 INFO zookeeper.ZooKeeper: Client environment:java.home=/usr/lib/jvm/java-6-openjdk-amd64/jre
14/07/18 10:07:27 INFO zookeeper.ZooKeeper: Client environment:java.class.path=/home/hadoop/ycsb-0.1.4/hbase-binding/lib/hbase-binding-0.1.4.jar:/home/hadoop/ycsb-0.1.4/hbase-binding/conf:/home/hadoop/ycsb-0.1.4/core/lib/core-0.1.4.jar:/home/hadoop/ycsb-0.1.4/jdbc-binding/conf
14/07/18 10:07:27 INFO zookeeper.ZooKeeper: Client environment:java.library.path=/usr/lib/jvm/java-6-openjdk-amd64/jre/lib/amd64/server:/usr/lib/jvm/java-6-openjdk-amd64/jre/lib/amd64:/usr/lib/jvm/java-6-openjdk-amd64/jre/../lib/amd64:/usr/java/packages/lib/amd64:/usr/lib/jni:/lib:/usr/lib
14/07/18 10:07:27 INFO zookeeper.ZooKeeper: Client environment:java.io.tmpdir=/tmp
14/07/18 10:07:27 INFO zookeeper.ZooKeeper: Client environment:java.compiler=<NA>
14/07/18 10:07:27 INFO zookeeper.ZooKeeper: Client environment:os.name=Linux
14/07/18 10:07:27 INFO zookeeper.ZooKeeper: Client environment:os.arch=amd64
14/07/18 10:07:27 INFO zookeeper.ZooKeeper: Client environment:os.version=3.13.0-24-generic
14/07/18 10:07:27 INFO zookeeper.ZooKeeper: Client environment:user.name=hadoop
14/07/18 10:07:27 INFO zookeeper.ZooKeeper: Client environment:user.home=/home/hadoop
14/07/18 10:07:27 INFO zookeeper.ZooKeeper: Client environment:user.dir=/home/hadoop/ycsb-0.1.4
14/07/18 10:07:27 INFO zookeeper.ZooKeeper: Initiating client connection, connectString=sceplus-vm49.almaden.ibm.com:2181,sceplus-vm48.almaden.ibm.com:2181 sessionTimeout=90000 watcher=hconnection-0x21415036, quorum=sceplus-vm49.almaden.ibm.com:2181,sceplus-vm48.almaden.ibm.com:2181, baseZNode=/hbase
14/07/18 10:07:27 INFO zookeeper.RecoverableZooKeeper: Process identifier=hconnection-0x21415036 connecting to ZooKeeper ensemble=sceplus-vm49.almaden.ibm.com:2181,sceplus-vm48.almaden.ibm.com:2181
14/07/18 10:07:27 INFO zookeeper.ClientCnxn: Opening socket connection to server slave1/9.1.143.59:2181. Will not attempt to authenticate using SASL (unknown error)
14/07/18 10:07:27 INFO zookeeper.ClientCnxn: Socket connection established to slave1/9.1.143.59:2181, initiating session
14/07/18 10:07:27 INFO zookeeper.ClientCnxn: Session establishment complete on server slave1/9.1.143.59:2181, sessionid = 0x1474c1d8fc1000c, negotiated timeout = 90000
2014-07-18 10:07:37:434 10 sec: 189896 operations; 18987.7 current ops/sec; [INSERT AverageLatency(us)=83.5] [READ AverageLatency(us)=2005.41] 
2014-07-18 10:07:47:435 20 sec: 439425 operations; 24950.4 current ops/sec; [INSERT AverageLatency(us)=13.85] [READ AverageLatency(us)=1583.3] 
2014-07-18 10:07:57:435 30 sec: 729491 operations; 29006.6 current ops/sec; [INSERT AverageLatency(us)=12.1] [READ AverageLatency(us)=1355.7] 
2014-07-18 10:08:07:436 40 sec: 940913 operations; 21140.09 current ops/sec; [INSERT AverageLatency(us)=12.14] [READ AverageLatency(us)=1858.77] 
2014-07-18 10:08:17:436 50 sec: 1188812 operations; 24789.9 current ops/sec; [INSERT AverageLatency(us)=11.22] [READ AverageLatency(us)=1602.42] 
2014-07-18 10:08:27:437 60 sec: 1471316 operations; 28247.58 current ops/sec; [INSERT AverageLatency(us)=13.54] [READ AverageLatency(us)=1392.36] 
2014-07-18 10:08:37:437 70 sec: 1700853 operations; 22953.7 current ops/sec; [INSERT AverageLatency(us)=11.36] [READ AverageLatency(us)=1727.09] 
2014-07-18 10:08:47:438 80 sec: 1947800 operations; 24692.23 current ops/sec; [INSERT AverageLatency(us)=13.41] [READ AverageLatency(us)=1608.89] 
2014-07-18 10:08:57:438 90 sec: 2235427 operations; 28762.7 current ops/sec; [INSERT AverageLatency(us)=11.66] [READ AverageLatency(us)=1370.4] 
2014-07-18 10:09:07:439 100 sec: 2450810 operations; 21536.15 current ops/sec; [INSERT AverageLatency(us)=12.57] [READ AverageLatency(us)=1840.3] 
2014-07-18 10:09:17:439 110 sec: 2712449 operations; 26163.9 current ops/sec; [INSERT AverageLatency(us)=11.86] [READ AverageLatency(us)=1507.36] 
2014-07-18 10:09:27:440 120 sec: 2987252 operations; 27477.55 current ops/sec; [INSERT AverageLatency(us)=12.12] [READ AverageLatency(us)=1430.54] 
2014-07-18 10:09:37:440 130 sec: 3202034 operations; 21478.2 current ops/sec; [INSERT AverageLatency(us)=13.9] [READ AverageLatency(us)=1856.02] 
2014-07-18 10:09:47:441 140 sec: 3446835 operations; 24477.65 current ops/sec; [INSERT AverageLatency(us)=11.94] [READ AverageLatency(us)=1619.67] 
2014-07-18 10:09:57:441 150 sec: 3707860 operations; 26102.5 current ops/sec; [INSERT AverageLatency(us)=10.65] [READ AverageLatency(us)=1514.17] 
2014-07-18 10:10:07:442 160 sec: 3941089 operations; 23320.57 current ops/sec; [INSERT AverageLatency(us)=11.33] [READ AverageLatency(us)=1698.24] 
2014-07-18 10:10:17:442 170 sec: 4173115 operations; 23202.6 current ops/sec; [INSERT AverageLatency(us)=10.87] [READ AverageLatency(us)=1704.77] 
2014-07-18 10:10:27:443 180 sec: 4442614 operations; 26947.21 current ops/sec; [INSERT AverageLatency(us)=10.46] [READ AverageLatency(us)=1466.32] 
2014-07-18 10:10:37:443 190 sec: 4677413 operations; 23479.9 current ops/sec; [INSERT AverageLatency(us)=14.37] [READ AverageLatency(us)=1685.42] 
2014-07-18 10:10:47:444 200 sec: 4888730 operations; 21129.59 current ops/sec; [INSERT AverageLatency(us)=11.52] [READ AverageLatency(us)=1839.1] 
2014-07-18 10:10:57:444 210 sec: 5103504 operations; 21477.4 current ops/sec; [INSERT AverageLatency(us)=12.27] [READ AverageLatency(us)=1874.29] 
2014-07-18 10:11:07:445 220 sec: 5327972 operations; 22444.56 current ops/sec; [INSERT AverageLatency(us)=11.95] [READ AverageLatency(us)=1767.77] 
2014-07-18 10:11:17:446 230 sec: 5585128 operations; 25715.6 current ops/sec; [INSERT AverageLatency(us)=10.79] [READ AverageLatency(us)=1538.06] 
2014-07-18 10:11:27:446 240 sec: 5805539 operations; 22038.9 current ops/sec; [INSERT AverageLatency(us)=11.99] [READ AverageLatency(us)=1792.36] 
2014-07-18 10:11:37:446 250 sec: 6019227 operations; 21368.8 current ops/sec; [INSERT AverageLatency(us)=12.44] [READ AverageLatency(us)=1859.08] 
2014-07-18 10:11:47:447 260 sec: 6244896 operations; 22564.64 current ops/sec; [INSERT AverageLatency(us)=11.44] [READ AverageLatency(us)=1753.08] 
2014-07-18 10:11:57:447 270 sec: 6480990 operations; 23609.4 current ops/sec; [INSERT AverageLatency(us)=12.2] [READ AverageLatency(us)=1676.09] 
2014-07-18 10:12:07:448 280 sec: 6716694 operations; 23568.04 current ops/sec; [INSERT AverageLatency(us)=11.29] [READ AverageLatency(us)=1682.63] 
2014-07-18 10:12:17:448 290 sec: 6945710 operations; 22901.6 current ops/sec; [INSERT AverageLatency(us)=12.4] [READ AverageLatency(us)=1723.15] 
2014-07-18 10:12:27:449 300 sec: 7144999 operations; 19926.91 current ops/sec; [INSERT AverageLatency(us)=11.68] [READ AverageLatency(us)=1980.35] 
2014-07-18 10:12:37:449 310 sec: 7364387 operations; 21938.8 current ops/sec; [INSERT AverageLatency(us)=12.57] [READ AverageLatency(us)=1811.36] 
2014-07-18 10:12:47:450 320 sec: 7610275 operations; 24586.34 current ops/sec; [INSERT AverageLatency(us)=11.13] [READ AverageLatency(us)=1610.48] 
2014-07-18 10:12:57:450 330 sec: 7858636 operations; 24836.1 current ops/sec; [INSERT AverageLatency(us)=11.36] [READ AverageLatency(us)=1582.48] 
2014-07-18 10:13:07:451 340 sec: 8066203 operations; 20754.62 current ops/sec; [INSERT AverageLatency(us)=10.86] [READ AverageLatency(us)=1914.01] 
2014-07-18 10:13:17:451 350 sec: 8279620 operations; 21341.7 current ops/sec; [INSERT AverageLatency(us)=11.51] [READ AverageLatency(us)=1852.59] 
2014-07-18 10:13:27:452 360 sec: 8537599 operations; 25795.32 current ops/sec; [INSERT AverageLatency(us)=11.85] [READ AverageLatency(us)=1531.35] 
2014-07-18 10:13:37:452 370 sec: 8806684 operations; 26908.5 current ops/sec; [INSERT AverageLatency(us)=11.82] [READ AverageLatency(us)=1467.13] 
2014-07-18 10:13:47:453 380 sec: 9023851 operations; 21714.53 current ops/sec; [INSERT AverageLatency(us)=12.16] [READ AverageLatency(us)=1818.31] 
2014-07-18 10:13:57:453 390 sec: 9265668 operations; 24181.7 current ops/sec; [INSERT AverageLatency(us)=11.86] [READ AverageLatency(us)=1637.23] 
2014-07-18 10:14:07:454 400 sec: 9515259 operations; 24956.6 current ops/sec; [INSERT AverageLatency(us)=11] [READ AverageLatency(us)=1591.1] 
2014-07-18 10:14:17:454 410 sec: 9751475 operations; 23621.6 current ops/sec; [INSERT AverageLatency(us)=11.82] [READ AverageLatency(us)=1673.52] 
2014-07-18 10:14:27:455 420 sec: 9961664 operations; 21016.8 current ops/sec; [INSERT AverageLatency(us)=12.15] [READ AverageLatency(us)=1869.51] 
2014-07-18 10:14:37:455 430 sec: 10172837 operations; 21117.3 current ops/sec; [INSERT AverageLatency(us)=10.9] [READ AverageLatency(us)=1872.88] 
2014-07-18 10:14:47:456 440 sec: 10398280 operations; 22542.05 current ops/sec; [INSERT AverageLatency(us)=12.55] [READ AverageLatency(us)=1755.32] 
2014-07-18 10:14:57:456 450 sec: 10623204 operations; 22492.4 current ops/sec; [INSERT AverageLatency(us)=13.04] [READ AverageLatency(us)=1768.48] 
2014-07-18 10:15:07:456 460 sec: 10848337 operations; 22513.3 current ops/sec; [INSERT AverageLatency(us)=10.61] [READ AverageLatency(us)=1760.31] 
2014-07-18 10:15:17:460 470 sec: 11083752 operations; 23534.44 current ops/sec; [INSERT AverageLatency(us)=12.24] [READ AverageLatency(us)=1685.24] 
2014-07-18 10:15:27:460 480 sec: 11304551 operations; 22077.69 current ops/sec; [INSERT AverageLatency(us)=12.57] [READ AverageLatency(us)=1794.21] 
2014-07-18 10:15:37:460 490 sec: 11543866 operations; 23931.5 current ops/sec; [INSERT AverageLatency(us)=12.4] [READ AverageLatency(us)=1651.16] 
2014-07-18 10:15:47:461 500 sec: 11795524 operations; 25163.28 current ops/sec; [INSERT AverageLatency(us)=12.04] [READ AverageLatency(us)=1573.43] 
2014-07-18 10:15:57:461 510 sec: 12029295 operations; 23377.1 current ops/sec; [INSERT AverageLatency(us)=11.45] [READ AverageLatency(us)=1691.63] 
2014-07-18 10:16:07:462 520 sec: 12237018 operations; 20770.22 current ops/sec; [INSERT AverageLatency(us)=11.56] [READ AverageLatency(us)=1910.58] 
2014-07-18 10:16:17:462 530 sec: 12480068 operations; 24305 current ops/sec; [INSERT AverageLatency(us)=12.23] [READ AverageLatency(us)=1630.67] 
2014-07-18 10:16:27:463 540 sec: 12731148 operations; 25105.49 current ops/sec; [INSERT AverageLatency(us)=11.17] [READ AverageLatency(us)=1572.36] 
2014-07-18 10:16:37:463 550 sec: 12960101 operations; 22895.3 current ops/sec; [INSERT AverageLatency(us)=11.38] [READ AverageLatency(us)=1728.57] 
2014-07-18 10:16:47:464 560 sec: 13168115 operations; 20799.32 current ops/sec; [INSERT AverageLatency(us)=11.91] [READ AverageLatency(us)=1907.2] 
2014-07-18 10:16:57:464 570 sec: 13399142 operations; 23102.7 current ops/sec; [INSERT AverageLatency(us)=10.72] [READ AverageLatency(us)=1713.47] 
2014-07-18 10:17:07:465 580 sec: 13626499 operations; 22733.43 current ops/sec; [INSERT AverageLatency(us)=13.04] [READ AverageLatency(us)=1737.5] 
2014-07-18 10:17:17:465 590 sec: 13845973 operations; 21947.4 current ops/sec; [INSERT AverageLatency(us)=10.64] [READ AverageLatency(us)=1809.92] 
2014-07-18 10:17:27:466 600 sec: 14067366 operations; 22137.09 current ops/sec; [INSERT AverageLatency(us)=10.61] [READ AverageLatency(us)=1788.5] 
2014-07-18 10:17:37:466 610 sec: 14288755 operations; 22138.9 current ops/sec; [INSERT AverageLatency(us)=11.64] [READ AverageLatency(us)=1790.72] 
2014-07-18 10:17:47:467 620 sec: 14519738 operations; 23095.99 current ops/sec; [INSERT AverageLatency(us)=10.72] [READ AverageLatency(us)=1713.94] 
2014-07-18 10:17:57:467 630 sec: 14752297 operations; 23255.9 current ops/sec; [INSERT AverageLatency(us)=12.47] [READ AverageLatency(us)=1703.06] 
2014-07-18 10:18:07:468 640 sec: 15000279 operations; 24795.72 current ops/sec; [INSERT AverageLatency(us)=11.22] [READ AverageLatency(us)=1600.37] 
2014-07-18 10:18:17:468 650 sec: 15214147 operations; 21386.8 current ops/sec; [INSERT AverageLatency(us)=11.99] [READ AverageLatency(us)=1843.26] 
2014-07-18 10:18:27:469 660 sec: 15426136 operations; 21198.9 current ops/sec; [INSERT AverageLatency(us)=11.64] [READ AverageLatency(us)=1857.62] 
2014-07-18 10:18:37:469 670 sec: 15666390 operations; 24023 current ops/sec; [INSERT AverageLatency(us)=12.75] [READ AverageLatency(us)=1645.33] 
2014-07-18 10:18:47:470 680 sec: 15921265 operations; 25484.95 current ops/sec; [INSERT AverageLatency(us)=12.03] [READ AverageLatency(us)=1535.24] 
2014-07-18 10:18:57:470 690 sec: 16148063 operations; 22679.8 current ops/sec; [INSERT AverageLatency(us)=12.14] [READ AverageLatency(us)=1741.82] 
2014-07-18 10:19:07:471 700 sec: 16359899 operations; 21183.6 current ops/sec; [INSERT AverageLatency(us)=10.93] [READ AverageLatency(us)=1886.9] 
2014-07-18 10:19:17:471 710 sec: 16582177 operations; 22225.58 current ops/sec; [INSERT AverageLatency(us)=11.53] [READ AverageLatency(us)=1782.99] 
2014-07-18 10:19:27:504 720 sec: 16805463 operations; 22255.16 current ops/sec; [INSERT AverageLatency(us)=11.48] [READ AverageLatency(us)=1776.53] 
2014-07-18 10:19:37:504 730 sec: 17026596 operations; 22113.3 current ops/sec; [INSERT AverageLatency(us)=11.23] [READ AverageLatency(us)=1792.96] 
2014-07-18 10:19:47:505 740 sec: 17266396 operations; 23977.6 current ops/sec; [INSERT AverageLatency(us)=11.39] [READ AverageLatency(us)=1646.51] 
2014-07-18 10:19:57:505 750 sec: 17488161 operations; 22176.5 current ops/sec; [INSERT AverageLatency(us)=12.67] [READ AverageLatency(us)=1780.69] 
2014-07-18 10:20:07:506 760 sec: 17723043 operations; 23485.85 current ops/sec; [INSERT AverageLatency(us)=11.33] [READ AverageLatency(us)=1685.98] 
2014-07-18 10:20:17:506 770 sec: 17964785 operations; 24174.2 current ops/sec; [INSERT AverageLatency(us)=11.15] [READ AverageLatency(us)=1636.46] 
2014-07-18 10:20:27:507 780 sec: 18202881 operations; 23807.22 current ops/sec; [INSERT AverageLatency(us)=10.81] [READ AverageLatency(us)=1665.78] 
2014-07-18 10:20:37:507 790 sec: 18421266 operations; 21838.5 current ops/sec; [INSERT AverageLatency(us)=11.4] [READ AverageLatency(us)=1803.05] 
2014-07-18 10:20:47:508 800 sec: 18649044 operations; 22775.52 current ops/sec; [INSERT AverageLatency(us)=12.11] [READ AverageLatency(us)=1742.23] 
2014-07-18 10:20:57:508 810 sec: 18870748 operations; 22170.4 current ops/sec; [INSERT AverageLatency(us)=12.55] [READ AverageLatency(us)=1788.99] 
2014-07-18 10:21:07:509 820 sec: 19103183 operations; 23241.18 current ops/sec; [INSERT AverageLatency(us)=12.3] [READ AverageLatency(us)=1705.54] 
2014-07-18 10:21:17:509 830 sec: 19317277 operations; 21409.4 current ops/sec; [INSERT AverageLatency(us)=11.96] [READ AverageLatency(us)=1849.09] 
2014-07-18 10:21:27:510 840 sec: 19538416 operations; 22111.69 current ops/sec; [INSERT AverageLatency(us)=11.44] [READ AverageLatency(us)=1789.81] 
2014-07-18 10:21:37:510 850 sec: 19758058 operations; 21964.2 current ops/sec; [INSERT AverageLatency(us)=12.68] [READ AverageLatency(us)=1804.44] 
2014-07-18 10:21:47:511 860 sec: 19971510 operations; 21343.07 current ops/sec; [INSERT AverageLatency(us)=12.28] [READ AverageLatency(us)=1862.77] 
2014-07-18 10:21:57:511 870 sec: 20189155 operations; 21764.5 current ops/sec; [INSERT AverageLatency(us)=11.1] [READ AverageLatency(us)=1814.25] 
2014-07-18 10:22:07:512 880 sec: 20427224 operations; 23804.52 current ops/sec; [INSERT AverageLatency(us)=11.1] [READ AverageLatency(us)=1653.13] 
2014-07-18 10:22:17:512 890 sec: 20651201 operations; 22397.7 current ops/sec; [INSERT AverageLatency(us)=13.02] [READ AverageLatency(us)=1761.93] 
2014-07-18 10:22:27:513 900 sec: 20865285 operations; 21406.26 current ops/sec; [INSERT AverageLatency(us)=11.46] [READ AverageLatency(us)=1840.94] 
2014-07-18 10:22:37:513 910 sec: 21089034 operations; 22374.9 current ops/sec; [INSERT AverageLatency(us)=12.15] [READ AverageLatency(us)=1770.21] 
2014-07-18 10:22:47:514 920 sec: 21317062 operations; 22800.52 current ops/sec; [INSERT AverageLatency(us)=13.08] [READ AverageLatency(us)=1741.98] 
2014-07-18 10:22:57:514 930 sec: 21538519 operations; 22145.7 current ops/sec; [INSERT AverageLatency(us)=11.44] [READ AverageLatency(us)=1783.4] 
2014-07-18 10:23:07:515 940 sec: 21750012 operations; 21149.3 current ops/sec; [INSERT AverageLatency(us)=12.13] [READ AverageLatency(us)=1873.24] 
2014-07-18 10:23:17:515 950 sec: 21968492 operations; 21845.82 current ops/sec; [INSERT AverageLatency(us)=10.64] [READ AverageLatency(us)=1814.83] 
2014-07-18 10:23:27:515 960 sec: 22193685 operations; 22519.3 current ops/sec; [INSERT AverageLatency(us)=11.37] [READ AverageLatency(us)=1745.2] 
2014-07-18 10:23:37:516 970 sec: 22404753 operations; 21104.69 current ops/sec; [INSERT AverageLatency(us)=10.72] [READ AverageLatency(us)=1885.33] 
2014-07-18 10:23:47:516 980 sec: 22618576 operations; 21382.3 current ops/sec; [INSERT AverageLatency(us)=12.06] [READ AverageLatency(us)=1854.04] 
2014-07-18 10:23:57:517 990 sec: 22845067 operations; 22646.84 current ops/sec; [INSERT AverageLatency(us)=11.83] [READ AverageLatency(us)=1750.53] 
2014-07-18 10:24:07:517 1000 sec: 23073225 operations; 22815.8 current ops/sec; [INSERT AverageLatency(us)=11.33] [READ AverageLatency(us)=1734.5] 
2014-07-18 10:24:17:518 1010 sec: 23290458 operations; 21721.13 current ops/sec; [INSERT AverageLatency(us)=11.55] [READ AverageLatency(us)=1818.15] 
2014-07-18 10:24:27:518 1020 sec: 23497688 operations; 20723 current ops/sec; [INSERT AverageLatency(us)=12.49] [READ AverageLatency(us)=1926.29] 
2014-07-18 10:24:37:519 1030 sec: 23706047 operations; 20833.82 current ops/sec; [INSERT AverageLatency(us)=11.52] [READ AverageLatency(us)=1898.6] 
2014-07-18 10:24:47:519 1040 sec: 23925613 operations; 21956.6 current ops/sec; [INSERT AverageLatency(us)=11.08] [READ AverageLatency(us)=1804.27] 
2014-07-18 10:24:57:520 1050 sec: 24150254 operations; 22461.85 current ops/sec; [INSERT AverageLatency(us)=12.78] [READ AverageLatency(us)=1764.92] 
2014-07-18 10:25:07:520 1060 sec: 24377226 operations; 22697.2 current ops/sec; [INSERT AverageLatency(us)=11.53] [READ AverageLatency(us)=1734.71] 
2014-07-18 10:25:17:521 1070 sec: 24584941 operations; 20769.42 current ops/sec; [INSERT AverageLatency(us)=12.04] [READ AverageLatency(us)=1916.37] 
2014-07-18 10:25:27:521 1080 sec: 24785316 operations; 20037.5 current ops/sec; [INSERT AverageLatency(us)=12.77] [READ AverageLatency(us)=1974.65] 
2014-07-18 10:25:37:522 1090 sec: 25005359 operations; 22002.1 current ops/sec; [INSERT AverageLatency(us)=11.84] [READ AverageLatency(us)=1804] 
2014-07-18 10:25:47:522 1100 sec: 25228442 operations; 22308.3 current ops/sec; [INSERT AverageLatency(us)=12.4] [READ AverageLatency(us)=1776.82] 
2014-07-18 10:25:57:523 1110 sec: 25468320 operations; 23985.4 current ops/sec; [INSERT AverageLatency(us)=11.79] [READ AverageLatency(us)=1652.13] 
2014-07-18 10:26:07:584 1120 sec: 25696819 operations; 22711.36 current ops/sec; [INSERT AverageLatency(us)=11.53] [READ AverageLatency(us)=1737.38] 
2014-07-18 10:26:17:584 1130 sec: 25917066 operations; 22024.7 current ops/sec; [INSERT AverageLatency(us)=11.29] [READ AverageLatency(us)=1802.66] 
2014-07-18 10:26:27:585 1140 sec: 26120473 operations; 20338.67 current ops/sec; [INSERT AverageLatency(us)=12.73] [READ AverageLatency(us)=1936.31] 
2014-07-18 10:26:37:585 1150 sec: 26324615 operations; 20414.2 current ops/sec; [INSERT AverageLatency(us)=12.1] [READ AverageLatency(us)=1963.96] 
2014-07-18 10:26:47:586 1160 sec: 26531005 operations; 20636.94 current ops/sec; [INSERT AverageLatency(us)=12.12] [READ AverageLatency(us)=1912.3] 
2014-07-18 10:26:57:586 1170 sec: 26755195 operations; 22419 current ops/sec; [INSERT AverageLatency(us)=11.99] [READ AverageLatency(us)=1768.33] 
2014-07-18 10:27:07:587 1180 sec: 26977846 operations; 22262.87 current ops/sec; [INSERT AverageLatency(us)=12.92] [READ AverageLatency(us)=1776.41] 
2014-07-18 10:27:17:587 1190 sec: 27211254 operations; 23340.8 current ops/sec; [INSERT AverageLatency(us)=11.05] [READ AverageLatency(us)=1687.19] 
2014-07-18 10:27:27:588 1200 sec: 27420976 operations; 20970.1 current ops/sec; [INSERT AverageLatency(us)=11.35] [READ AverageLatency(us)=1900.46] 
2014-07-18 10:27:37:588 1210 sec: 27626804 operations; 20582.8 current ops/sec; [INSERT AverageLatency(us)=11.4] [READ AverageLatency(us)=1916.36] 
2014-07-18 10:27:47:589 1220 sec: 27846075 operations; 21924.91 current ops/sec; [INSERT AverageLatency(us)=11.48] [READ AverageLatency(us)=1811.49] 
2014-07-18 10:27:57:589 1230 sec: 28073415 operations; 22734 current ops/sec; [INSERT AverageLatency(us)=11.27] [READ AverageLatency(us)=1745.2] 
2014-07-18 10:28:07:590 1240 sec: 28304728 operations; 23128.99 current ops/sec; [INSERT AverageLatency(us)=11.3] [READ AverageLatency(us)=1706.66] 
2014-07-18 10:28:17:590 1250 sec: 28533657 operations; 22892.9 current ops/sec; [INSERT AverageLatency(us)=10.55] [READ AverageLatency(us)=1736.76] 
2014-07-18 10:28:27:591 1260 sec: 28752810 operations; 21913.11 current ops/sec; [INSERT AverageLatency(us)=11.44] [READ AverageLatency(us)=1807.03] 
2014-07-18 10:28:37:591 1270 sec: 28952197 operations; 19938.7 current ops/sec; [INSERT AverageLatency(us)=11.31] [READ AverageLatency(us)=1993.35] 
2014-07-18 10:28:47:592 1280 sec: 29159324 operations; 20710.63 current ops/sec; [INSERT AverageLatency(us)=10.56] [READ AverageLatency(us)=1909.18] 
2014-07-18 10:28:57:662 1290 sec: 29386496 operations; 22559.29 current ops/sec; [INSERT AverageLatency(us)=12.5] [READ AverageLatency(us)=1756.32] 
2014-07-18 10:29:07:663 1300 sec: 29625685 operations; 23916.51 current ops/sec; [INSERT AverageLatency(us)=12.5] [READ AverageLatency(us)=1650.57] 
2014-07-18 10:29:17:663 1310 sec: 29842840 operations; 21715.5 current ops/sec; [INSERT AverageLatency(us)=12.13] [READ AverageLatency(us)=1822.11] 
2014-07-18 10:29:27:664 1320 sec: 30056906 operations; 21404.46 current ops/sec; [INSERT AverageLatency(us)=13.01] [READ AverageLatency(us)=1844.29] 
2014-07-18 10:29:37:664 1330 sec: 30277244 operations; 22033.8 current ops/sec; [INSERT AverageLatency(us)=10.67] [READ AverageLatency(us)=1792.52] 
2014-07-18 10:29:47:665 1340 sec: 30496952 operations; 21968.6 current ops/sec; [INSERT AverageLatency(us)=13.63] [READ AverageLatency(us)=1799.33] 
2014-07-18 10:29:57:665 1350 sec: 30735855 operations; 23890.3 current ops/sec; [INSERT AverageLatency(us)=11.25] [READ AverageLatency(us)=1644.09] 
2014-07-18 10:30:07:666 1360 sec: 30962452 operations; 22659.7 current ops/sec; [INSERT AverageLatency(us)=11.97] [READ AverageLatency(us)=1752.61] 
2014-07-18 10:30:17:666 1370 sec: 31180595 operations; 21812.12 current ops/sec; [INSERT AverageLatency(us)=11.18] [READ AverageLatency(us)=1804.13] 
2014-07-18 10:30:27:666 1380 sec: 31404078 operations; 22348.3 current ops/sec; [INSERT AverageLatency(us)=11.33] [READ AverageLatency(us)=1768.81] 
2014-07-18 10:30:37:667 1390 sec: 31627354 operations; 22325.37 current ops/sec; [INSERT AverageLatency(us)=10.96] [READ AverageLatency(us)=1781.45] 
2014-07-18 10:30:47:667 1400 sec: 31837669 operations; 21031.5 current ops/sec; [INSERT AverageLatency(us)=12.21] [READ AverageLatency(us)=1883.6] 
2014-07-18 10:30:57:668 1410 sec: 32036632 operations; 19894.31 current ops/sec; [INSERT AverageLatency(us)=11.28] [READ AverageLatency(us)=1995.79] 
2014-07-18 10:31:07:668 1420 sec: 32254176 operations; 21754.4 current ops/sec; [INSERT AverageLatency(us)=12.49] [READ AverageLatency(us)=1813.65] 
2014-07-18 10:31:17:669 1430 sec: 32463673 operations; 20947.61 current ops/sec; [INSERT AverageLatency(us)=11.47] [READ AverageLatency(us)=1880.87] 
2014-07-18 10:31:27:669 1440 sec: 32679537 operations; 21586.4 current ops/sec; [INSERT AverageLatency(us)=12.12] [READ AverageLatency(us)=1835.43] 
2014-07-18 10:31:37:670 1450 sec: 32914806 operations; 23524.55 current ops/sec; [INSERT AverageLatency(us)=11.86] [READ AverageLatency(us)=1678.81] 
2014-07-18 10:31:47:670 1460 sec: 33140150 operations; 22534.4 current ops/sec; [INSERT AverageLatency(us)=11.89] [READ AverageLatency(us)=1765.15] 
2014-07-18 10:31:57:671 1470 sec: 33362925 operations; 22275.27 current ops/sec; [INSERT AverageLatency(us)=12.65] [READ AverageLatency(us)=1779.2] 
2014-07-18 10:32:07:671 1480 sec: 33586812 operations; 22388.7 current ops/sec; [INSERT AverageLatency(us)=11.69] [READ AverageLatency(us)=1775.24] 
2014-07-18 10:32:17:719 1490 sec: 33810614 operations; 22275.51 current ops/sec; [INSERT AverageLatency(us)=11.45] [READ AverageLatency(us)=1768.29] 
2014-07-18 10:32:27:719 1500 sec: 34027873 operations; 21723.73 current ops/sec; [INSERT AverageLatency(us)=11.55] [READ AverageLatency(us)=1823.07] 
2014-07-18 10:32:37:720 1510 sec: 34245387 operations; 21749.23 current ops/sec; [INSERT AverageLatency(us)=10.62] [READ AverageLatency(us)=1826.73] 
2014-07-18 10:32:47:720 1520 sec: 34474161 operations; 22877.4 current ops/sec; [INSERT AverageLatency(us)=10.59] [READ AverageLatency(us)=1724.18] 
2014-07-18 10:32:57:721 1530 sec: 34704177 operations; 23001.6 current ops/sec; [INSERT AverageLatency(us)=11.41] [READ AverageLatency(us)=1717.39] 
2014-07-18 10:33:07:721 1540 sec: 34930093 operations; 22589.34 current ops/sec; [INSERT AverageLatency(us)=11.31] [READ AverageLatency(us)=1736.77] 
2014-07-18 10:33:17:722 1550 sec: 35152004 operations; 22191.1 current ops/sec; [INSERT AverageLatency(us)=10.91] [READ AverageLatency(us)=1798.36] 
2014-07-18 10:33:27:722 1560 sec: 35370823 operations; 21879.71 current ops/sec; [INSERT AverageLatency(us)=11.35] [READ AverageLatency(us)=1812.98] 
2014-07-18 10:33:37:723 1570 sec: 35571987 operations; 20116.4 current ops/sec; [INSERT AverageLatency(us)=12.18] [READ AverageLatency(us)=1958.28] 
2014-07-18 10:33:47:723 1580 sec: 35794436 operations; 22242.68 current ops/sec; [INSERT AverageLatency(us)=10.67] [READ AverageLatency(us)=1780.36] 
2014-07-18 10:33:57:723 1590 sec: 36019249 operations; 22481.3 current ops/sec; [INSERT AverageLatency(us)=11.39] [READ AverageLatency(us)=1757.28] 
2014-07-18 10:34:07:724 1600 sec: 36243469 operations; 22419.76 current ops/sec; [INSERT AverageLatency(us)=11.11] [READ AverageLatency(us)=1766.68] 
2014-07-18 10:34:17:724 1610 sec: 36467845 operations; 22437.6 current ops/sec; [INSERT AverageLatency(us)=11.33] [READ AverageLatency(us)=1768.34] 
2014-07-18 10:34:27:725 1620 sec: 36690200 operations; 22233.28 current ops/sec; [INSERT AverageLatency(us)=10.8] [READ AverageLatency(us)=1778.36] 
2014-07-18 10:34:37:725 1630 sec: 36907533 operations; 21733.3 current ops/sec; [INSERT AverageLatency(us)=11.8] [READ AverageLatency(us)=1817.93] 
2014-07-18 10:34:47:726 1640 sec: 37134905 operations; 22734.93 current ops/sec; [INSERT AverageLatency(us)=10.74] [READ AverageLatency(us)=1740.99] 
2014-07-18 10:34:57:726 1650 sec: 37352052 operations; 21714.7 current ops/sec; [INSERT AverageLatency(us)=12.1] [READ AverageLatency(us)=1823.85] 
2014-07-18 10:35:07:727 1660 sec: 37576289 operations; 22421.46 current ops/sec; [INSERT AverageLatency(us)=11.37] [READ AverageLatency(us)=1763.92] 
2014-07-18 10:35:17:727 1670 sec: 37788684 operations; 21239.5 current ops/sec; [INSERT AverageLatency(us)=10.65] [READ AverageLatency(us)=1863.38] 
2014-07-18 10:35:27:728 1680 sec: 38001030 operations; 21232.48 current ops/sec; [INSERT AverageLatency(us)=11.94] [READ AverageLatency(us)=1871.75] 
2014-07-18 10:35:37:728 1690 sec: 38206411 operations; 20538.1 current ops/sec; [INSERT AverageLatency(us)=12.05] [READ AverageLatency(us)=1926.72] 
2014-07-18 10:35:47:729 1700 sec: 38436429 operations; 22999.5 current ops/sec; [INSERT AverageLatency(us)=11.05] [READ AverageLatency(us)=1723.87] 
2014-07-18 10:35:57:729 1710 sec: 38650251 operations; 21382.2 current ops/sec; [INSERT AverageLatency(us)=11.28] [READ AverageLatency(us)=1850.2] 
2014-07-18 10:36:07:730 1720 sec: 38863474 operations; 21320.17 current ops/sec; [INSERT AverageLatency(us)=12.03] [READ AverageLatency(us)=1844.76] 
2014-07-18 10:36:17:730 1730 sec: 39087813 operations; 22433.9 current ops/sec; [INSERT AverageLatency(us)=11.4] [READ AverageLatency(us)=1772.1] 
2014-07-18 10:36:27:731 1740 sec: 39307350 operations; 21951.5 current ops/sec; [INSERT AverageLatency(us)=12.46] [READ AverageLatency(us)=1807.07] 
2014-07-18 10:36:37:731 1750 sec: 39517777 operations; 21042.7 current ops/sec; [INSERT AverageLatency(us)=10.68] [READ AverageLatency(us)=1884.19] 
2014-07-18 10:36:47:739 1760 sec: 39718990 operations; 20105.22 current ops/sec; [INSERT AverageLatency(us)=11.65] [READ AverageLatency(us)=1965.43] 
2014-07-18 10:36:57:739 1770 sec: 39948918 operations; 22992.8 current ops/sec; [INSERT AverageLatency(us)=11.32] [READ AverageLatency(us)=1718.24] 
2014-07-18 10:37:07:751 1780 sec: 40155589 operations; 20642.33 current ops/sec; [INSERT AverageLatency(us)=11.71] [READ AverageLatency(us)=1924.13] 
2014-07-18 10:37:17:752 1790 sec: 40365704 operations; 21009.4 current ops/sec; [INSERT AverageLatency(us)=13.26] [READ AverageLatency(us)=1890.22] 
2014-07-18 10:37:27:752 1800 sec: 40587951 operations; 22224.7 current ops/sec; [INSERT AverageLatency(us)=11.03] [READ AverageLatency(us)=1775.89] 
2014-07-18 10:37:37:753 1810 sec: 40818053 operations; 23007.9 current ops/sec; [INSERT AverageLatency(us)=12.04] [READ AverageLatency(us)=1709.24] 
2014-07-18 10:37:47:753 1820 sec: 41033771 operations; 21571.8 current ops/sec; [INSERT AverageLatency(us)=10.88] [READ AverageLatency(us)=1839.09] 
2014-07-18 10:37:57:754 1830 sec: 41266633 operations; 23283.87 current ops/sec; [INSERT AverageLatency(us)=11.29] [READ AverageLatency(us)=1703.54] 
2014-07-18 10:38:07:754 1840 sec: 41484495 operations; 21786.2 current ops/sec; [INSERT AverageLatency(us)=11.22] [READ AverageLatency(us)=1818.77] 
2014-07-18 10:38:17:755 1850 sec: 41693806 operations; 20929.01 current ops/sec; [INSERT AverageLatency(us)=11.55] [READ AverageLatency(us)=1897.31] 
2014-07-18 10:38:27:755 1860 sec: 41904128 operations; 21032.2 current ops/sec; [INSERT AverageLatency(us)=11.5] [READ AverageLatency(us)=1876.61] 
2014-07-18 10:38:37:756 1870 sec: 42120468 operations; 21631.84 current ops/sec; [INSERT AverageLatency(us)=10.7] [READ AverageLatency(us)=1839.1] 
2014-07-18 10:38:47:756 1880 sec: 42325988 operations; 20552 current ops/sec; [INSERT AverageLatency(us)=11.2] [READ AverageLatency(us)=1913.54] 
2014-07-18 10:38:57:757 1890 sec: 42540402 operations; 21439.26 current ops/sec; [INSERT AverageLatency(us)=10.6] [READ AverageLatency(us)=1857.06] 
2014-07-18 10:39:07:757 1900 sec: 42751944 operations; 21154.2 current ops/sec; [INSERT AverageLatency(us)=11.25] [READ AverageLatency(us)=1876.64] 
2014-07-18 10:39:17:758 1910 sec: 42978663 operations; 22669.63 current ops/sec; [INSERT AverageLatency(us)=12.3] [READ AverageLatency(us)=1744.38] 
2014-07-18 10:39:27:758 1920 sec: 43186456 operations; 20779.3 current ops/sec; [INSERT AverageLatency(us)=12.34] [READ AverageLatency(us)=1904.08] 
2014-07-18 10:39:37:759 1930 sec: 43389783 operations; 20330.67 current ops/sec; [INSERT AverageLatency(us)=10.69] [READ AverageLatency(us)=1943.69] 
2014-07-18 10:39:47:759 1940 sec: 43593513 operations; 20373 current ops/sec; [INSERT AverageLatency(us)=11.38] [READ AverageLatency(us)=1943.23] 
2014-07-18 10:39:57:760 1950 sec: 43820468 operations; 22693.23 current ops/sec; [INSERT AverageLatency(us)=10.72] [READ AverageLatency(us)=1739.09] 
2014-07-18 10:40:07:760 1960 sec: 44031347 operations; 21087.9 current ops/sec; [INSERT AverageLatency(us)=12.51] [READ AverageLatency(us)=1880.86] 
2014-07-18 10:40:17:761 1970 sec: 44248855 operations; 21748.63 current ops/sec; [INSERT AverageLatency(us)=12.88] [READ AverageLatency(us)=1827.23] 
2014-07-18 10:40:27:761 1980 sec: 44485031 operations; 23617.6 current ops/sec; [INSERT AverageLatency(us)=11.62] [READ AverageLatency(us)=1677.35] 
2014-07-18 10:40:37:762 1990 sec: 44713676 operations; 22862.21 current ops/sec; [INSERT AverageLatency(us)=12.1] [READ AverageLatency(us)=1724.38] 
2014-07-18 10:40:47:762 2000 sec: 44931144 operations; 21746.8 current ops/sec; [INSERT AverageLatency(us)=11.42] [READ AverageLatency(us)=1815.61] 
2014-07-18 10:40:57:763 2010 sec: 45151145 operations; 21997.9 current ops/sec; [INSERT AverageLatency(us)=10.95] [READ AverageLatency(us)=1784.12] 
2014-07-18 10:41:07:763 2020 sec: 45382430 operations; 23128.5 current ops/sec; [INSERT AverageLatency(us)=12.06] [READ AverageLatency(us)=1727.71] 
2014-07-18 10:41:17:764 2030 sec: 45594106 operations; 21165.48 current ops/sec; [INSERT AverageLatency(us)=12.29] [READ AverageLatency(us)=1865.07] 
2014-07-18 10:41:27:764 2040 sec: 45805383 operations; 21127.7 current ops/sec; [INSERT AverageLatency(us)=10.74] [READ AverageLatency(us)=1886.41] 
2014-07-18 10:41:37:765 2050 sec: 46015138 operations; 20973.4 current ops/sec; [INSERT AverageLatency(us)=12.13] [READ AverageLatency(us)=1889.67] 
2014-07-18 10:41:47:765 2060 sec: 46229605 operations; 21446.7 current ops/sec; [INSERT AverageLatency(us)=12.91] [READ AverageLatency(us)=1847.59] 
2014-07-18 10:41:57:766 2070 sec: 46457647 operations; 22801.92 current ops/sec; [INSERT AverageLatency(us)=11.32] [READ AverageLatency(us)=1732.59] 
2014-07-18 10:42:07:766 2080 sec: 46685276 operations; 22762.9 current ops/sec; [INSERT AverageLatency(us)=10.68] [READ AverageLatency(us)=1741.17] 
2014-07-18 10:42:17:767 2090 sec: 46889537 operations; 20426.1 current ops/sec; [INSERT AverageLatency(us)=11.3] [READ AverageLatency(us)=1921.92] 
2014-07-18 10:42:27:767 2100 sec: 47123102 operations; 23354.16 current ops/sec; [INSERT AverageLatency(us)=11.31] [READ AverageLatency(us)=1696.02] 
2014-07-18 10:42:37:768 2110 sec: 47327909 operations; 20478.65 current ops/sec; [INSERT AverageLatency(us)=11.93] [READ AverageLatency(us)=1942.28] 
2014-07-18 10:42:47:768 2120 sec: 47527916 operations; 20000.7 current ops/sec; [INSERT AverageLatency(us)=11.11] [READ AverageLatency(us)=1979.56] 
2014-07-18 10:42:57:768 2130 sec: 47724562 operations; 19664.6 current ops/sec; [INSERT AverageLatency(us)=11.3] [READ AverageLatency(us)=2012.6] 
2014-07-18 10:43:07:769 2140 sec: 47944949 operations; 22036.5 current ops/sec; [INSERT AverageLatency(us)=13.27] [READ AverageLatency(us)=1792.28] 
2014-07-18 10:43:17:770 2150 sec: 48163092 operations; 21814.3 current ops/sec; [INSERT AverageLatency(us)=10.6] [READ AverageLatency(us)=1811.09] 
2014-07-18 10:43:27:770 2160 sec: 48389058 operations; 22594.34 current ops/sec; [INSERT AverageLatency(us)=11.35] [READ AverageLatency(us)=1754.71] 
2014-07-18 10:43:37:770 2170 sec: 48617668 operations; 22861 current ops/sec; [INSERT AverageLatency(us)=11.05] [READ AverageLatency(us)=1731.2] 
2014-07-18 10:43:47:771 2180 sec: 48819292 operations; 20160.38 current ops/sec; [INSERT AverageLatency(us)=11.44] [READ AverageLatency(us)=1962] 
2014-07-18 10:43:57:771 2190 sec: 49029421 operations; 21012.9 current ops/sec; [INSERT AverageLatency(us)=10.5] [READ AverageLatency(us)=1891.29] 
2014-07-18 10:44:07:772 2200 sec: 49233796 operations; 20435.46 current ops/sec; [INSERT AverageLatency(us)=11.95] [READ AverageLatency(us)=1943.68] 
2014-07-18 10:44:17:772 2210 sec: 49438129 operations; 20433.3 current ops/sec; [INSERT AverageLatency(us)=11.84] [READ AverageLatency(us)=1941.31] 
2014-07-18 10:44:27:773 2220 sec: 49662496 operations; 22434.46 current ops/sec; [INSERT AverageLatency(us)=12.66] [READ AverageLatency(us)=1763.66] 
2014-07-18 10:44:37:773 2230 sec: 49885467 operations; 22297.1 current ops/sec; [INSERT AverageLatency(us)=13.87] [READ AverageLatency(us)=1774.44] 
2014-07-18 10:44:47:774 2240 sec: 50117903 operations; 23241.28 current ops/sec; [INSERT AverageLatency(us)=11.32] [READ AverageLatency(us)=1709.27] 
2014-07-18 10:44:57:774 2250 sec: 50331341 operations; 21343.8 current ops/sec; [INSERT AverageLatency(us)=11.38] [READ AverageLatency(us)=1852.87] 
2014-07-18 10:45:07:775 2260 sec: 50415316 operations; 8396.66 current ops/sec; [INSERT AverageLatency(us)=13.23] [READ AverageLatency(us)=4726.99] 
2014-07-18 10:45:17:775 2270 sec: 50514514 operations; 9919.8 current ops/sec; [INSERT AverageLatency(us)=11.23] [READ AverageLatency(us)=4038.77] 
2014-07-18 10:45:27:776 2280 sec: 50702800 operations; 18826.72 current ops/sec; [INSERT AverageLatency(us)=12.3] [READ AverageLatency(us)=2105.9] 
2014-07-18 10:45:37:776 2290 sec: 50908635 operations; 20583.5 current ops/sec; [INSERT AverageLatency(us)=11.14] [READ AverageLatency(us)=1931.55] 
2014-07-18 10:45:47:777 2300 sec: 51105520 operations; 19686.53 current ops/sec; [INSERT AverageLatency(us)=10.55] [READ AverageLatency(us)=2002.19] 
2014-07-18 10:45:57:778 2310 sec: 51308366 operations; 20282.57 current ops/sec; [INSERT AverageLatency(us)=11.25] [READ AverageLatency(us)=1959.16] 
2014-07-18 10:46:07:778 2320 sec: 51516844 operations; 20847.8 current ops/sec; [INSERT AverageLatency(us)=11.28] [READ AverageLatency(us)=1912.54] 
2014-07-18 10:46:17:779 2330 sec: 51722049 operations; 20518.45 current ops/sec; [INSERT AverageLatency(us)=12.33] [READ AverageLatency(us)=1930.75] 
2014-07-18 10:46:27:779 2340 sec: 51942210 operations; 22016.1 current ops/sec; [INSERT AverageLatency(us)=11.4] [READ AverageLatency(us)=1792.4] 
2014-07-18 10:46:37:780 2350 sec: 52153780 operations; 21154.88 current ops/sec; [INSERT AverageLatency(us)=12.9] [READ AverageLatency(us)=1878.32] 
2014-07-18 10:46:47:780 2360 sec: 52364814 operations; 21103.4 current ops/sec; [INSERT AverageLatency(us)=11.38] [READ AverageLatency(us)=1871.44] 
2014-07-18 10:46:57:781 2370 sec: 52575021 operations; 21018.6 current ops/sec; [INSERT AverageLatency(us)=10.9] [READ AverageLatency(us)=1875.3] 
2014-07-18 10:47:07:781 2380 sec: 52793959 operations; 21893.8 current ops/sec; [INSERT AverageLatency(us)=11.55] [READ AverageLatency(us)=1809.61] 
2014-07-18 10:47:17:782 2390 sec: 53015373 operations; 22139.19 current ops/sec; [INSERT AverageLatency(us)=11.36] [READ AverageLatency(us)=1782.29] 
2014-07-18 10:47:27:782 2400 sec: 53237198 operations; 22182.5 current ops/sec; [INSERT AverageLatency(us)=10.75] [READ AverageLatency(us)=1791.21] 
2014-07-18 10:47:37:783 2410 sec: 53449565 operations; 21234.58 current ops/sec; [INSERT AverageLatency(us)=11.45] [READ AverageLatency(us)=1869.34] 
2014-07-18 10:47:47:783 2420 sec: 53674395 operations; 22483 current ops/sec; [INSERT AverageLatency(us)=11.99] [READ AverageLatency(us)=1759.64] 
2014-07-18 10:47:57:784 2430 sec: 53898681 operations; 22426.36 current ops/sec; [INSERT AverageLatency(us)=11.79] [READ AverageLatency(us)=1765.53] 
2014-07-18 10:48:07:784 2440 sec: 54106555 operations; 20787.4 current ops/sec; [INSERT AverageLatency(us)=11.37] [READ AverageLatency(us)=1901.16] 
2014-07-18 10:48:17:785 2450 sec: 54319368 operations; 21281.3 current ops/sec; [INSERT AverageLatency(us)=11.33] [READ AverageLatency(us)=1864.68] 
2014-07-18 10:48:27:785 2460 sec: 54549252 operations; 22986.1 current ops/sec; [INSERT AverageLatency(us)=12.55] [READ AverageLatency(us)=1717.85] 
2014-07-18 10:48:37:785 2470 sec: 54775707 operations; 22645.5 current ops/sec; [INSERT AverageLatency(us)=11.19] [READ AverageLatency(us)=1745.73] 
2014-07-18 10:48:47:786 2480 sec: 54975511 operations; 19978.4 current ops/sec; [INSERT AverageLatency(us)=11.3] [READ AverageLatency(us)=1982.14] 
2014-07-18 10:48:57:808 2490 sec: 55174613 operations; 19866.49 current ops/sec; [INSERT AverageLatency(us)=11.45] [READ AverageLatency(us)=1992.82] 
2014-07-18 10:49:07:809 2500 sec: 55388312 operations; 21367.76 current ops/sec; [INSERT AverageLatency(us)=11.24] [READ AverageLatency(us)=1861.67] 
2014-07-18 10:49:17:809 2510 sec: 55601469 operations; 21315.7 current ops/sec; [INSERT AverageLatency(us)=11.41] [READ AverageLatency(us)=1857.02] 
2014-07-18 10:49:27:809 2520 sec: 55794831 operations; 19336.2 current ops/sec; [INSERT AverageLatency(us)=11.13] [READ AverageLatency(us)=2059.86] 
2014-07-18 10:49:37:810 2530 sec: 56010083 operations; 21523.05 current ops/sec; [INSERT AverageLatency(us)=10.73] [READ AverageLatency(us)=1835.61] 
2014-07-18 10:49:47:810 2540 sec: 56240543 operations; 23046 current ops/sec; [INSERT AverageLatency(us)=12.48] [READ AverageLatency(us)=1721.44] 
2014-07-18 10:49:57:811 2550 sec: 56466308 operations; 22574.24 current ops/sec; [INSERT AverageLatency(us)=12.73] [READ AverageLatency(us)=1750.62] 
2014-07-18 10:50:07:821 2560 sec: 56688093 operations; 22156.34 current ops/sec; [INSERT AverageLatency(us)=11.23] [READ AverageLatency(us)=1785.32] 
2014-07-18 10:50:17:822 2570 sec: 56916751 operations; 22863.51 current ops/sec; [INSERT AverageLatency(us)=10.48] [READ AverageLatency(us)=1741.97] 
2014-07-18 10:50:27:822 2580 sec: 57013515 operations; 9676.4 current ops/sec; [INSERT AverageLatency(us)=11.54] [READ AverageLatency(us)=4096.1] 
2014-07-18 10:50:37:823 2590 sec: 57201322 operations; 18778.82 current ops/sec; [INSERT AverageLatency(us)=10.7] [READ AverageLatency(us)=2111.92] 
2014-07-18 10:50:47:823 2600 sec: 57426132 operations; 22481 current ops/sec; [INSERT AverageLatency(us)=11.31] [READ AverageLatency(us)=1763.61] 
2014-07-18 10:50:57:824 2610 sec: 57658949 operations; 23279.37 current ops/sec; [INSERT AverageLatency(us)=12.14] [READ AverageLatency(us)=1697.09] 
2014-07-18 10:51:07:824 2620 sec: 57872237 operations; 21328.8 current ops/sec; [INSERT AverageLatency(us)=11.48] [READ AverageLatency(us)=1858.58] 
2014-07-18 10:51:17:825 2630 sec: 58092771 operations; 22053.4 current ops/sec; [INSERT AverageLatency(us)=11.26] [READ AverageLatency(us)=1790.35] 
2014-07-18 10:51:27:825 2640 sec: 58303410 operations; 21061.79 current ops/sec; [INSERT AverageLatency(us)=10.68] [READ AverageLatency(us)=1883.7] 
2014-07-18 10:51:37:825 2650 sec: 58511588 operations; 20817.8 current ops/sec; [INSERT AverageLatency(us)=12.06] [READ AverageLatency(us)=1892.22] 
2014-07-18 10:51:47:826 2660 sec: 58720021 operations; 20841.22 current ops/sec; [INSERT AverageLatency(us)=12.76] [READ AverageLatency(us)=1913.07] 
2014-07-18 10:51:57:826 2670 sec: 58935613 operations; 21559.2 current ops/sec; [INSERT AverageLatency(us)=12.01] [READ AverageLatency(us)=1835.02] 
2014-07-18 10:52:07:827 2680 sec: 59167109 operations; 23147.29 current ops/sec; [INSERT AverageLatency(us)=10.61] [READ AverageLatency(us)=1718.98] 
2014-07-18 10:52:17:827 2690 sec: 59378870 operations; 21176.1 current ops/sec; [INSERT AverageLatency(us)=11.26] [READ AverageLatency(us)=1861.22] 
2014-07-18 10:52:27:828 2700 sec: 59597771 operations; 21887.91 current ops/sec; [INSERT AverageLatency(us)=10.71] [READ AverageLatency(us)=1812] 
2014-07-18 10:52:37:828 2710 sec: 59805661 operations; 20789 current ops/sec; [INSERT AverageLatency(us)=12.11] [READ AverageLatency(us)=1904.67] 
2014-07-18 10:52:47:829 2720 sec: 60009055 operations; 20337.37 current ops/sec; [INSERT AverageLatency(us)=11.27] [READ AverageLatency(us)=1950.79] 
2014-07-18 10:52:57:829 2730 sec: 60112941 operations; 10388.6 current ops/sec; [INSERT AverageLatency(us)=10.52] [READ AverageLatency(us)=3838.51] 
2014-07-18 10:53:07:830 2740 sec: 60179103 operations; 6615.54 current ops/sec; [INSERT AverageLatency(us)=10.6] [READ AverageLatency(us)=5974.4] 
2014-07-18 10:53:17:830 2750 sec: 60319229 operations; 14012.6 current ops/sec; [INSERT AverageLatency(us)=11.55] [READ AverageLatency(us)=2843.51] 
2014-07-18 10:53:27:831 2760 sec: 60529118 operations; 20986.8 current ops/sec; [INSERT AverageLatency(us)=12.34] [READ AverageLatency(us)=1890.73] 
2014-07-18 10:53:37:831 2770 sec: 60759622 operations; 23050.4 current ops/sec; [INSERT AverageLatency(us)=11.48] [READ AverageLatency(us)=1712.55] 
2014-07-18 10:53:47:832 2780 sec: 60990789 operations; 23114.39 current ops/sec; [INSERT AverageLatency(us)=10.79] [READ AverageLatency(us)=1716] 
2014-07-18 10:53:57:832 2790 sec: 61205208 operations; 21441.9 current ops/sec; [INSERT AverageLatency(us)=11.44] [READ AverageLatency(us)=1850.86] 
2014-07-18 10:54:07:832 2800 sec: 61417614 operations; 21240.6 current ops/sec; [INSERT AverageLatency(us)=12.19] [READ AverageLatency(us)=1860.5] 
2014-07-18 10:54:17:833 2810 sec: 61617091 operations; 19945.71 current ops/sec; [INSERT AverageLatency(us)=11.35] [READ AverageLatency(us)=1990.94] 
2014-07-18 10:54:27:833 2820 sec: 61829669 operations; 21257.8 current ops/sec; [INSERT AverageLatency(us)=10.39] [READ AverageLatency(us)=1868.8] 
2014-07-18 10:54:37:834 2830 sec: 62027063 operations; 19737.43 current ops/sec; [INSERT AverageLatency(us)=12.23] [READ AverageLatency(us)=2005.53] 
2014-07-18 10:54:47:834 2840 sec: 62228775 operations; 20171.2 current ops/sec; [INSERT AverageLatency(us)=12.85] [READ AverageLatency(us)=1964.6] 
2014-07-18 10:54:57:835 2850 sec: 62431873 operations; 20307.77 current ops/sec; [INSERT AverageLatency(us)=12.68] [READ AverageLatency(us)=1934.99] 
2014-07-18 10:55:07:835 2860 sec: 62654429 operations; 22255.6 current ops/sec; [INSERT AverageLatency(us)=12.26] [READ AverageLatency(us)=1776.17] 
2014-07-18 10:55:17:836 2870 sec: 62875578 operations; 22114.9 current ops/sec; [INSERT AverageLatency(us)=11.36] [READ AverageLatency(us)=1804.7] 
2014-07-18 10:55:27:836 2880 sec: 63098531 operations; 22293.07 current ops/sec; [INSERT AverageLatency(us)=11.52] [READ AverageLatency(us)=1772.77] 
2014-07-18 10:55:37:836 2890 sec: 63316542 operations; 21801.1 current ops/sec; [INSERT AverageLatency(us)=10.87] [READ AverageLatency(us)=1820.72] 
2014-07-18 10:55:47:837 2900 sec: 63524708 operations; 20814.52 current ops/sec; [INSERT AverageLatency(us)=12.93] [READ AverageLatency(us)=1904.93] 
2014-07-18 10:55:57:837 2910 sec: 63746479 operations; 22177.1 current ops/sec; [INSERT AverageLatency(us)=11.21] [READ AverageLatency(us)=1791.03] 
2014-07-18 10:56:07:838 2920 sec: 63964334 operations; 21783.32 current ops/sec; [INSERT AverageLatency(us)=11.24] [READ AverageLatency(us)=1815.99] 
2014-07-18 10:56:17:838 2930 sec: 64202722 operations; 23838.8 current ops/sec; [INSERT AverageLatency(us)=10.41] [READ AverageLatency(us)=1662.09] 
2014-07-18 10:56:27:839 2940 sec: 64415086 operations; 21234.28 current ops/sec; [INSERT AverageLatency(us)=11.94] [READ AverageLatency(us)=1866.98] 
2014-07-18 10:56:37:839 2950 sec: 64630058 operations; 21497.2 current ops/sec; [INSERT AverageLatency(us)=11.36] [READ AverageLatency(us)=1838.38] 
2014-07-18 10:56:47:839 2960 sec: 64848981 operations; 21892.3 current ops/sec; [INSERT AverageLatency(us)=12.12] [READ AverageLatency(us)=1809.73] 
2014-07-18 10:56:57:840 2970 sec: 65058821 operations; 20981.9 current ops/sec; [INSERT AverageLatency(us)=10.96] [READ AverageLatency(us)=1886.22] 
2014-07-18 10:57:07:840 2980 sec: 65276902 operations; 21808.1 current ops/sec; [INSERT AverageLatency(us)=11.62] [READ AverageLatency(us)=1824.96] 
2014-07-18 10:57:17:841 2990 sec: 65511740 operations; 23481.45 current ops/sec; [INSERT AverageLatency(us)=12.41] [READ AverageLatency(us)=1685.98] 
2014-07-18 10:57:27:841 3000 sec: 65727951 operations; 21621.1 current ops/sec; [INSERT AverageLatency(us)=10.78] [READ AverageLatency(us)=1832.23] 
2014-07-18 10:57:37:842 3010 sec: 65933709 operations; 20573.74 current ops/sec; [INSERT AverageLatency(us)=10.65] [READ AverageLatency(us)=1929.6] 
2014-07-18 10:57:47:842 3020 sec: 66153073 operations; 21936.4 current ops/sec; [INSERT AverageLatency(us)=12.05] [READ AverageLatency(us)=1804.77] 
2014-07-18 10:57:57:842 3030 sec: 66342736 operations; 18966.3 current ops/sec; [INSERT AverageLatency(us)=12.07] [READ AverageLatency(us)=2078.84] 
2014-07-18 10:58:07:843 3040 sec: 66561466 operations; 21870.81 current ops/sec; [INSERT AverageLatency(us)=11.45] [READ AverageLatency(us)=1805.87] 
2014-07-18 10:58:17:843 3050 sec: 66781000 operations; 21953.4 current ops/sec; [INSERT AverageLatency(us)=12.95] [READ AverageLatency(us)=1810.49] 
2014-07-18 10:58:27:844 3060 sec: 66990865 operations; 20984.4 current ops/sec; [INSERT AverageLatency(us)=12.33] [READ AverageLatency(us)=1885.58] 
2014-07-18 10:58:37:844 3070 sec: 67221807 operations; 23094.2 current ops/sec; [INSERT AverageLatency(us)=10.45] [READ AverageLatency(us)=1716.2] 
2014-07-18 10:58:47:845 3080 sec: 67431047 operations; 20921.91 current ops/sec; [INSERT AverageLatency(us)=11.83] [READ AverageLatency(us)=1895.31] 
2014-07-18 10:58:57:845 3090 sec: 67653304 operations; 22225.7 current ops/sec; [INSERT AverageLatency(us)=10.47] [READ AverageLatency(us)=1779.92] 
2014-07-18 10:59:07:846 3100 sec: 67862563 operations; 20925.9 current ops/sec; [INSERT AverageLatency(us)=11.4] [READ AverageLatency(us)=1896.84] 
2014-07-18 10:59:17:846 3110 sec: 68066451 operations; 20386.76 current ops/sec; [INSERT AverageLatency(us)=11.18] [READ AverageLatency(us)=1948.06] 
2014-07-18 10:59:27:846 3120 sec: 68260538 operations; 19408.7 current ops/sec; [INSERT AverageLatency(us)=12.23] [READ AverageLatency(us)=2045.99] 
2014-07-18 10:59:37:847 3130 sec: 68443458 operations; 18290.17 current ops/sec; [INSERT AverageLatency(us)=12.96] [READ AverageLatency(us)=2136.15] 
2014-07-18 10:59:47:847 3140 sec: 68612916 operations; 16945.8 current ops/sec; [INSERT AverageLatency(us)=11.35] [READ AverageLatency(us)=2374.63] 
2014-07-18 10:59:57:848 3150 sec: 68834772 operations; 22183.38 current ops/sec; [INSERT AverageLatency(us)=11.34] [READ AverageLatency(us)=1788.25] 
2014-07-18 11:00:07:848 3160 sec: 69033701 operations; 19892.9 current ops/sec; [INSERT AverageLatency(us)=10.59] [READ AverageLatency(us)=1987.87] 
2014-07-18 11:00:17:849 3170 sec: 69231541 operations; 19782.02 current ops/sec; [INSERT AverageLatency(us)=11.62] [READ AverageLatency(us)=1998.37] 
2014-07-18 11:00:27:849 3180 sec: 69436806 operations; 20526.5 current ops/sec; [INSERT AverageLatency(us)=11.21] [READ AverageLatency(us)=1937.39] 
2014-07-18 11:00:37:850 3190 sec: 69643517 operations; 20671.1 current ops/sec; [INSERT AverageLatency(us)=10.54] [READ AverageLatency(us)=1922.55] 
2014-07-18 11:00:47:850 3200 sec: 69864227 operations; 22068.79 current ops/sec; [INSERT AverageLatency(us)=10.61] [READ AverageLatency(us)=1795.57] 
2014-07-18 11:00:57:850 3210 sec: 70081973 operations; 21774.6 current ops/sec; [INSERT AverageLatency(us)=11.37] [READ AverageLatency(us)=1819.01] 
2014-07-18 11:01:07:851 3220 sec: 70295909 operations; 21391.46 current ops/sec; [INSERT AverageLatency(us)=12.53] [READ AverageLatency(us)=1849.57] 
2014-07-18 11:01:17:851 3230 sec: 70505774 operations; 20986.5 current ops/sec; [INSERT AverageLatency(us)=11.27] [READ AverageLatency(us)=1887.36] 
2014-07-18 11:01:27:852 3240 sec: 70708556 operations; 20276.17 current ops/sec; [INSERT AverageLatency(us)=11.43] [READ AverageLatency(us)=1946.19] 
2014-07-18 11:01:37:860 3250 sec: 70900633 operations; 19192.35 current ops/sec; [INSERT AverageLatency(us)=11.69] [READ AverageLatency(us)=2072.48] 
2014-07-18 11:01:47:860 3260 sec: 71113782 operations; 21314.9 current ops/sec; [INSERT AverageLatency(us)=11.42] [READ AverageLatency(us)=1858.69] 
2014-07-18 11:01:57:861 3270 sec: 71325499 operations; 21169.58 current ops/sec; [INSERT AverageLatency(us)=11.22] [READ AverageLatency(us)=1874.83] 
2014-07-18 11:02:07:861 3280 sec: 71524284 operations; 19878.5 current ops/sec; [INSERT AverageLatency(us)=11.83] [READ AverageLatency(us)=1989.22] 
2014-07-18 11:02:17:862 3290 sec: 71726896 operations; 20259.17 current ops/sec; [INSERT AverageLatency(us)=11.25] [READ AverageLatency(us)=1946.57] 
2014-07-18 11:02:27:862 3300 sec: 71921389 operations; 19449.3 current ops/sec; [INSERT AverageLatency(us)=13.85] [READ AverageLatency(us)=2033.09] 
2014-07-18 11:02:37:862 3310 sec: 72121043 operations; 19965.4 current ops/sec; [INSERT AverageLatency(us)=10.66] [READ AverageLatency(us)=1976.89] 
2014-07-18 11:02:47:863 3320 sec: 72271690 operations; 15063.19 current ops/sec; [INSERT AverageLatency(us)=12.38] [READ AverageLatency(us)=2635.51] 
2014-07-18 11:02:57:863 3330 sec: 72474662 operations; 20297.2 current ops/sec; [INSERT AverageLatency(us)=10.54] [READ AverageLatency(us)=1949.02] 
2014-07-18 11:03:07:864 3340 sec: 72689497 operations; 21481.35 current ops/sec; [INSERT AverageLatency(us)=11.98] [READ AverageLatency(us)=1843.52] 
2014-07-18 11:03:17:864 3350 sec: 72889362 operations; 19986.5 current ops/sec; [INSERT AverageLatency(us)=10.78] [READ AverageLatency(us)=1984.03] 
2014-07-18 11:03:27:865 3360 sec: 73091545 operations; 20216.28 current ops/sec; [INSERT AverageLatency(us)=11.34] [READ AverageLatency(us)=1959.49] 
2014-07-18 11:03:37:865 3370 sec: 73301013 operations; 20946.8 current ops/sec; [INSERT AverageLatency(us)=11.48] [READ AverageLatency(us)=1888.88] 
2014-07-18 11:03:47:866 3380 sec: 73510571 operations; 20955.8 current ops/sec; [INSERT AverageLatency(us)=11.33] [READ AverageLatency(us)=1899.08] 
2014-07-18 11:03:57:866 3390 sec: 73722890 operations; 21229.78 current ops/sec; [INSERT AverageLatency(us)=12.34] [READ AverageLatency(us)=1862.66] 
2014-07-18 11:04:07:866 3400 sec: 73926546 operations; 20365.6 current ops/sec; [INSERT AverageLatency(us)=11.53] [READ AverageLatency(us)=1945.01] 
2014-07-18 11:04:17:867 3410 sec: 74139317 operations; 21274.97 current ops/sec; [INSERT AverageLatency(us)=11.25] [READ AverageLatency(us)=1864.65] 
2014-07-18 11:04:27:867 3420 sec: 74347707 operations; 20839 current ops/sec; [INSERT AverageLatency(us)=11.25] [READ AverageLatency(us)=1902.2] 
2014-07-18 11:04:37:868 3430 sec: 74561485 operations; 21375.66 current ops/sec; [INSERT AverageLatency(us)=11.22] [READ AverageLatency(us)=1848.93] 
2014-07-18 11:04:47:868 3440 sec: 74773731 operations; 21224.6 current ops/sec; [INSERT AverageLatency(us)=11.35] [READ AverageLatency(us)=1870.2] 
2014-07-18 11:04:57:869 3450 sec: 74999828 operations; 22607.44 current ops/sec; [INSERT AverageLatency(us)=11.91] [READ AverageLatency(us)=1752] 
2014-07-18 11:05:07:869 3460 sec: 75218725 operations; 21889.7 current ops/sec; [INSERT AverageLatency(us)=10.77] [READ AverageLatency(us)=1809.31] 
2014-07-18 11:05:17:869 3470 sec: 75441183 operations; 22245.8 current ops/sec; [INSERT AverageLatency(us)=11.94] [READ AverageLatency(us)=1776.56] 
2014-07-18 11:05:27:870 3480 sec: 75644418 operations; 20321.47 current ops/sec; [INSERT AverageLatency(us)=11.34] [READ AverageLatency(us)=1942.25] 
2014-07-18 11:05:37:870 3490 sec: 75875972 operations; 23155.4 current ops/sec; [INSERT AverageLatency(us)=11.58] [READ AverageLatency(us)=1697.39] 
2014-07-18 11:05:47:871 3500 sec: 76102440 operations; 22644.54 current ops/sec; [INSERT AverageLatency(us)=11.47] [READ AverageLatency(us)=1756.97] 
2014-07-18 11:05:57:871 3510 sec: 76326715 operations; 22427.5 current ops/sec; [INSERT AverageLatency(us)=11.23] [READ AverageLatency(us)=1771.31] 
2014-07-18 11:06:07:872 3520 sec: 76553348 operations; 22661.03 current ops/sec; [INSERT AverageLatency(us)=12.2] [READ AverageLatency(us)=1747.1] 
2014-07-18 11:06:17:872 3530 sec: 76775144 operations; 22179.6 current ops/sec; [INSERT AverageLatency(us)=11.4] [READ AverageLatency(us)=1785.44] 
2014-07-18 11:06:27:873 3540 sec: 76998390 operations; 22322.37 current ops/sec; [INSERT AverageLatency(us)=11.54] [READ AverageLatency(us)=1771.99] 
2014-07-18 11:06:37:873 3550 sec: 77221503 operations; 22311.3 current ops/sec; [INSERT AverageLatency(us)=11.48] [READ AverageLatency(us)=1773.63] 
2014-07-18 11:06:47:873 3560 sec: 77428749 operations; 20724.6 current ops/sec; [INSERT AverageLatency(us)=12.58] [READ AverageLatency(us)=1915.28] 
2014-07-18 11:06:57:874 3570 sec: 77642029 operations; 21325.87 current ops/sec; [INSERT AverageLatency(us)=13.21] [READ AverageLatency(us)=1854.38] 
2014-07-18 11:07:07:879 3580 sec: 77861214 operations; 21907.55 current ops/sec; [INSERT AverageLatency(us)=11.53] [READ AverageLatency(us)=1804.32] 
2014-07-18 11:07:17:879 3590 sec: 78066995 operations; 20578.1 current ops/sec; [INSERT AverageLatency(us)=11.15] [READ AverageLatency(us)=1937.35] 
2014-07-18 11:07:27:880 3600 sec: 78267915 operations; 20089.99 current ops/sec; [INSERT AverageLatency(us)=11.4] [READ AverageLatency(us)=1965.39] 
2014-07-18 11:07:37:880 3610 sec: 78471627 operations; 20371.2 current ops/sec; [INSERT AverageLatency(us)=11.58] [READ AverageLatency(us)=1947.78] 
2014-07-18 11:07:47:881 3620 sec: 78694909 operations; 22325.97 current ops/sec; [INSERT AverageLatency(us)=10.65] [READ AverageLatency(us)=1770.11] 
2014-07-18 11:07:57:881 3630 sec: 78910594 operations; 21568.5 current ops/sec; [INSERT AverageLatency(us)=10.82] [READ AverageLatency(us)=1833.58] 
2014-07-18 11:08:07:881 3640 sec: 79118670 operations; 20807.6 current ops/sec; [INSERT AverageLatency(us)=10.75] [READ AverageLatency(us)=1903.61] 
2014-07-18 11:08:17:882 3650 sec: 79328186 operations; 20949.51 current ops/sec; [INSERT AverageLatency(us)=11.31] [READ AverageLatency(us)=1893.59] 
2014-07-18 11:08:27:882 3660 sec: 79539298 operations; 21111.2 current ops/sec; [INSERT AverageLatency(us)=12.12] [READ AverageLatency(us)=1874.13] 
2014-07-18 11:08:37:883 3670 sec: 79765770 operations; 22644.94 current ops/sec; [INSERT AverageLatency(us)=12.08] [READ AverageLatency(us)=1746.06] 
2014-07-18 11:08:47:883 3680 sec: 79980885 operations; 21511.5 current ops/sec; [INSERT AverageLatency(us)=10.56] [READ AverageLatency(us)=1827.11] 
2014-07-18 11:08:57:884 3690 sec: 80184873 operations; 20396.76 current ops/sec; [INSERT AverageLatency(us)=10.59] [READ AverageLatency(us)=1961.85] 
2014-07-18 11:09:07:884 3700 sec: 80388020 operations; 20314.7 current ops/sec; [INSERT AverageLatency(us)=11.39] [READ AverageLatency(us)=1948.92] 
2014-07-18 11:09:17:885 3710 sec: 80612242 operations; 22419.96 current ops/sec; [INSERT AverageLatency(us)=11.17] [READ AverageLatency(us)=1763.64] 
2014-07-18 11:09:27:885 3720 sec: 80822910 operations; 21066.8 current ops/sec; [INSERT AverageLatency(us)=11.6] [READ AverageLatency(us)=1877.45] 
2014-07-18 11:09:37:885 3730 sec: 81036801 operations; 21389.1 current ops/sec; [INSERT AverageLatency(us)=11.48] [READ AverageLatency(us)=1858.12] 
2014-07-18 11:09:47:886 3740 sec: 81250933 operations; 21411.06 current ops/sec; [INSERT AverageLatency(us)=11.18] [READ AverageLatency(us)=1850.03] 
2014-07-18 11:09:57:886 3750 sec: 81461852 operations; 21091.9 current ops/sec; [INSERT AverageLatency(us)=11.9] [READ AverageLatency(us)=1882.47] 
2014-07-18 11:10:07:887 3760 sec: 81671899 operations; 21002.6 current ops/sec; [INSERT AverageLatency(us)=11.05] [READ AverageLatency(us)=1886.87] 
2014-07-18 11:10:17:887 3770 sec: 81872622 operations; 20072.3 current ops/sec; [INSERT AverageLatency(us)=11.09] [READ AverageLatency(us)=1973.66] 
2014-07-18 11:10:27:888 3780 sec: 82073671 operations; 20102.89 current ops/sec; [INSERT AverageLatency(us)=12.02] [READ AverageLatency(us)=1974.33] 
2014-07-18 11:10:37:888 3790 sec: 82296570 operations; 22289.9 current ops/sec; [INSERT AverageLatency(us)=11.93] [READ AverageLatency(us)=1765.69] 
2014-07-18 11:10:47:889 3800 sec: 82518750 operations; 22215.78 current ops/sec; [INSERT AverageLatency(us)=11.31] [READ AverageLatency(us)=1780.67] 
2014-07-18 11:10:57:889 3810 sec: 82738862 operations; 22011.2 current ops/sec; [INSERT AverageLatency(us)=11.4] [READ AverageLatency(us)=1797.02] 
2014-07-18 11:11:07:889 3820 sec: 82943784 operations; 20492.2 current ops/sec; [INSERT AverageLatency(us)=10.81] [READ AverageLatency(us)=1935.77] 
2014-07-18 11:11:17:890 3830 sec: 83147890 operations; 20408.56 current ops/sec; [INSERT AverageLatency(us)=12.64] [READ AverageLatency(us)=1932.11] 
2014-07-18 11:11:27:890 3840 sec: 83354554 operations; 20666.4 current ops/sec; [INSERT AverageLatency(us)=10.54] [READ AverageLatency(us)=1925.48] 
2014-07-18 11:11:37:891 3850 sec: 83561665 operations; 20709.03 current ops/sec; [INSERT AverageLatency(us)=11.47] [READ AverageLatency(us)=1911.7] 
2014-07-18 11:11:47:891 3860 sec: 83757700 operations; 19603.5 current ops/sec; [INSERT AverageLatency(us)=12.1] [READ AverageLatency(us)=2021.81] 
2014-07-18 11:11:57:892 3870 sec: 83995126 operations; 23740.23 current ops/sec; [INSERT AverageLatency(us)=11.22] [READ AverageLatency(us)=1665.3] 
2014-07-18 11:12:07:892 3880 sec: 84220153 operations; 22502.7 current ops/sec; [INSERT AverageLatency(us)=11.98] [READ AverageLatency(us)=1756.77] 
2014-07-18 11:12:17:893 3890 sec: 84437884 operations; 21770.92 current ops/sec; [INSERT AverageLatency(us)=10.67] [READ AverageLatency(us)=1815.59] 
2014-07-18 11:12:27:893 3900 sec: 84656012 operations; 21812.8 current ops/sec; [INSERT AverageLatency(us)=10.62] [READ AverageLatency(us)=1814.35] 
2014-07-18 11:12:37:893 3910 sec: 84868725 operations; 21271.3 current ops/sec; [INSERT AverageLatency(us)=12.09] [READ AverageLatency(us)=1867.89] 
2014-07-18 11:12:47:894 3920 sec: 85088281 operations; 21953.4 current ops/sec; [INSERT AverageLatency(us)=12.61] [READ AverageLatency(us)=1810.56] 
2014-07-18 11:12:57:894 3930 sec: 85292800 operations; 20451.9 current ops/sec; [INSERT AverageLatency(us)=11.9] [READ AverageLatency(us)=1945.72] 
2014-07-18 11:13:07:895 3940 sec: 85514704 operations; 22188.18 current ops/sec; [INSERT AverageLatency(us)=12.02] [READ AverageLatency(us)=1786.97] 
2014-07-18 11:13:17:895 3950 sec: 85733053 operations; 21834.9 current ops/sec; [INSERT AverageLatency(us)=11.34] [READ AverageLatency(us)=1804.03] 
2014-07-18 11:13:27:896 3960 sec: 85934969 operations; 20189.58 current ops/sec; [INSERT AverageLatency(us)=11.38] [READ AverageLatency(us)=1975.2] 
2014-07-18 11:13:37:896 3970 sec: 86140965 operations; 20599.6 current ops/sec; [INSERT AverageLatency(us)=10.72] [READ AverageLatency(us)=1924.45] 
2014-07-18 11:13:47:896 3980 sec: 86351603 operations; 21063.8 current ops/sec; [INSERT AverageLatency(us)=11.38] [READ AverageLatency(us)=1872.1] 
2014-07-18 11:13:57:897 3990 sec: 86556227 operations; 20460.35 current ops/sec; [INSERT AverageLatency(us)=10.35] [READ AverageLatency(us)=1945.05] 
2014-07-18 11:14:07:897 4000 sec: 86761545 operations; 20531.8 current ops/sec; [INSERT AverageLatency(us)=10.75] [READ AverageLatency(us)=1921.95] 
2014-07-18 11:14:17:898 4010 sec: 86970204 operations; 20863.81 current ops/sec; [INSERT AverageLatency(us)=11.32] [READ AverageLatency(us)=1896.29] 
2014-07-18 11:14:27:898 4020 sec: 87196728 operations; 22652.4 current ops/sec; [INSERT AverageLatency(us)=11.24] [READ AverageLatency(us)=1749.63] 
2014-07-18 11:14:37:899 4030 sec: 87419696 operations; 22294.57 current ops/sec; [INSERT AverageLatency(us)=11.1] [READ AverageLatency(us)=1771.49] 
2014-07-18 11:14:47:899 4040 sec: 87620321 operations; 20062.5 current ops/sec; [INSERT AverageLatency(us)=11.83] [READ AverageLatency(us)=1964.64] 
2014-07-18 11:14:57:899 4050 sec: 87817116 operations; 19679.5 current ops/sec; [INSERT AverageLatency(us)=10.59] [READ AverageLatency(us)=2015.13] 
2014-07-18 11:15:07:900 4060 sec: 88019854 operations; 20271.77 current ops/sec; [INSERT AverageLatency(us)=10.57] [READ AverageLatency(us)=1952.34] 
2014-07-18 11:15:17:900 4070 sec: 88230089 operations; 21023.5 current ops/sec; [INSERT AverageLatency(us)=12.27] [READ AverageLatency(us)=1878.14] 
2014-07-18 11:15:27:901 4080 sec: 88460416 operations; 23030.4 current ops/sec; [INSERT AverageLatency(us)=11.26] [READ AverageLatency(us)=1714.1] 
2014-07-18 11:15:37:901 4090 sec: 88678788 operations; 21837.2 current ops/sec; [INSERT AverageLatency(us)=11.37] [READ AverageLatency(us)=1810.77] 
2014-07-18 11:15:47:902 4100 sec: 88888817 operations; 21000.8 current ops/sec; [INSERT AverageLatency(us)=11.35] [READ AverageLatency(us)=1870.32] 
2014-07-18 11:15:57:902 4110 sec: 89117412 operations; 22859.5 current ops/sec; [INSERT AverageLatency(us)=11] [READ AverageLatency(us)=1741.76] 
2014-07-18 11:16:07:902 4120 sec: 89327230 operations; 20981.8 current ops/sec; [INSERT AverageLatency(us)=10.97] [READ AverageLatency(us)=1880.26] 
2014-07-18 11:16:17:903 4130 sec: 89518707 operations; 19145.79 current ops/sec; [INSERT AverageLatency(us)=11.4] [READ AverageLatency(us)=2088.23] 
2014-07-18 11:16:27:904 4140 sec: 89703348 operations; 18464.1 current ops/sec; [INSERT AverageLatency(us)=10.64] [READ AverageLatency(us)=2150.75] 
2014-07-18 11:16:37:904 4150 sec: 89876233 operations; 17286.77 current ops/sec; [INSERT AverageLatency(us)=11.5] [READ AverageLatency(us)=2287.82] 
2014-07-18 11:16:47:904 4160 sec: 90061041 operations; 18480.8 current ops/sec; [INSERT AverageLatency(us)=11.38] [READ AverageLatency(us)=2134.56] 
2014-07-18 11:16:57:905 4170 sec: 90272518 operations; 21145.59 current ops/sec; [INSERT AverageLatency(us)=10.87] [READ AverageLatency(us)=1874.08] 
2014-07-18 11:17:07:905 4180 sec: 90485516 operations; 21299.8 current ops/sec; [INSERT AverageLatency(us)=11.51] [READ AverageLatency(us)=1865.95] 
2014-07-18 11:17:17:906 4190 sec: 90687087 operations; 20155.08 current ops/sec; [INSERT AverageLatency(us)=13.13] [READ AverageLatency(us)=1962.44] 
2014-07-18 11:17:27:906 4200 sec: 90891233 operations; 20414.6 current ops/sec; [INSERT AverageLatency(us)=11.43] [READ AverageLatency(us)=1947.24] 
2014-07-18 11:17:37:907 4210 sec: 91123809 operations; 23255.27 current ops/sec; [INSERT AverageLatency(us)=11.42] [READ AverageLatency(us)=1703.78] 
2014-07-18 11:17:47:907 4220 sec: 91348629 operations; 22482 current ops/sec; [INSERT AverageLatency(us)=13.32] [READ AverageLatency(us)=1746.96] 
2014-07-18 11:17:57:907 4230 sec: 91571707 operations; 22307.8 current ops/sec; [INSERT AverageLatency(us)=10.68] [READ AverageLatency(us)=1777.33] 
2014-07-18 11:18:07:908 4240 sec: 91780963 operations; 20923.51 current ops/sec; [INSERT AverageLatency(us)=12.2] [READ AverageLatency(us)=1901.88] 
2014-07-18 11:18:17:908 4250 sec: 92005939 operations; 22497.6 current ops/sec; [INSERT AverageLatency(us)=10.57] [READ AverageLatency(us)=1761.27] 
2014-07-18 11:18:27:909 4260 sec: 92239412 operations; 23344.97 current ops/sec; [INSERT AverageLatency(us)=11.04] [READ AverageLatency(us)=1694.7] 
2014-07-18 11:18:37:909 4270 sec: 92465876 operations; 22646.4 current ops/sec; [INSERT AverageLatency(us)=11.08] [READ AverageLatency(us)=1749.21] 
2014-07-18 11:18:47:978 4280 sec: 92683945 operations; 21659.61 current ops/sec; [INSERT AverageLatency(us)=12.16] [READ AverageLatency(us)=1823.32] 
2014-07-18 11:18:57:978 4290 sec: 92898475 operations; 21450.85 current ops/sec; [INSERT AverageLatency(us)=12.25] [READ AverageLatency(us)=1861.59] 
2014-07-18 11:19:07:978 4300 sec: 93117795 operations; 21932 current ops/sec; [INSERT AverageLatency(us)=12.99] [READ AverageLatency(us)=1801.65] 
2014-07-18 11:19:17:979 4310 sec: 93349009 operations; 23119.09 current ops/sec; [INSERT AverageLatency(us)=11.94] [READ AverageLatency(us)=1712.69] 
2014-07-18 11:19:27:979 4320 sec: 93587665 operations; 23865.6 current ops/sec; [INSERT AverageLatency(us)=11.81] [READ AverageLatency(us)=1658.62] 
2014-07-18 11:19:37:980 4330 sec: 93809271 operations; 22158.38 current ops/sec; [INSERT AverageLatency(us)=12.21] [READ AverageLatency(us)=1785.06] 
2014-07-18 11:19:47:980 4340 sec: 94025274 operations; 21600.3 current ops/sec; [INSERT AverageLatency(us)=11.63] [READ AverageLatency(us)=1838.82] 
2014-07-18 11:19:57:981 4350 sec: 94226836 operations; 20154.18 current ops/sec; [INSERT AverageLatency(us)=12.37] [READ AverageLatency(us)=1968.75] 
2014-07-18 11:20:07:981 4360 sec: 94431733 operations; 20489.7 current ops/sec; [INSERT AverageLatency(us)=11.28] [READ AverageLatency(us)=1928.7] 
2014-07-18 11:20:17:981 4370 sec: 94653561 operations; 22182.8 current ops/sec; [INSERT AverageLatency(us)=10.71] [READ AverageLatency(us)=1787.06] 
2014-07-18 11:20:27:982 4380 sec: 94865123 operations; 21154.08 current ops/sec; [INSERT AverageLatency(us)=10.69] [READ AverageLatency(us)=1871.32] 
2014-07-18 11:20:37:982 4390 sec: 95060604 operations; 19548.1 current ops/sec; [INSERT AverageLatency(us)=12.11] [READ AverageLatency(us)=2025.76] 
2014-07-18 11:20:47:983 4400 sec: 95272617 operations; 21199.18 current ops/sec; [INSERT AverageLatency(us)=11.23] [READ AverageLatency(us)=1861.6] 
2014-07-18 11:20:57:983 4410 sec: 95484471 operations; 21185.4 current ops/sec; [INSERT AverageLatency(us)=10.46] [READ AverageLatency(us)=1866.5] 
2014-07-18 11:21:07:984 4420 sec: 95687954 operations; 20346.27 current ops/sec; [INSERT AverageLatency(us)=11.32] [READ AverageLatency(us)=1944.59] 
2014-07-18 11:21:17:984 4430 sec: 95896865 operations; 20891.1 current ops/sec; [INSERT AverageLatency(us)=11.8] [READ AverageLatency(us)=1895.61] 
2014-07-18 11:21:27:985 4440 sec: 96099636 operations; 20275.07 current ops/sec; [INSERT AverageLatency(us)=11.18] [READ AverageLatency(us)=1944.85] 
2014-07-18 11:21:37:985 4450 sec: 96300398 operations; 20076.2 current ops/sec; [INSERT AverageLatency(us)=11.99] [READ AverageLatency(us)=1979.1] 
2014-07-18 11:21:47:986 4460 sec: 96503252 operations; 20283.37 current ops/sec; [INSERT AverageLatency(us)=10.66] [READ AverageLatency(us)=1946.59] 
2014-07-18 11:21:57:986 4470 sec: 96738362 operations; 23511 current ops/sec; [INSERT AverageLatency(us)=11.36] [READ AverageLatency(us)=1688.64] 
2014-07-18 11:22:07:986 4480 sec: 96964541 operations; 22617.9 current ops/sec; [INSERT AverageLatency(us)=12.62] [READ AverageLatency(us)=1745.69] 
2014-07-18 11:22:17:987 4490 sec: 97185416 operations; 22085.29 current ops/sec; [INSERT AverageLatency(us)=11.79] [READ AverageLatency(us)=1797.77] 
2014-07-18 11:22:27:987 4500 sec: 97393031 operations; 20761.5 current ops/sec; [INSERT AverageLatency(us)=12.33] [READ AverageLatency(us)=1902.84] 
2014-07-18 11:22:37:988 4510 sec: 97610083 operations; 21703.03 current ops/sec; [INSERT AverageLatency(us)=11.9] [READ AverageLatency(us)=1824.53] 
2014-07-18 11:22:47:988 4520 sec: 97828073 operations; 21799 current ops/sec; [INSERT AverageLatency(us)=13.4] [READ AverageLatency(us)=1808.9] 
2014-07-18 11:22:57:989 4530 sec: 98060722 operations; 23262.57 current ops/sec; [INSERT AverageLatency(us)=11.83] [READ AverageLatency(us)=1696.86] 
2014-07-18 11:23:07:989 4540 sec: 98297272 operations; 23655 current ops/sec; [INSERT AverageLatency(us)=12.45] [READ AverageLatency(us)=1662.39] 
2014-07-18 11:23:17:990 4550 sec: 98498961 operations; 20168.9 current ops/sec; [INSERT AverageLatency(us)=11.32] [READ AverageLatency(us)=1979.67] 
2014-07-18 11:23:27:990 4560 sec: 98698690 operations; 19970.9 current ops/sec; [INSERT AverageLatency(us)=11.48] [READ AverageLatency(us)=1987.55] 
2014-07-18 11:23:37:990 4570 sec: 98910415 operations; 21172.5 current ops/sec; [INSERT AverageLatency(us)=12.94] [READ AverageLatency(us)=1866.44] 
2014-07-18 11:23:47:991 4580 sec: 99125216 operations; 21477.95 current ops/sec; [INSERT AverageLatency(us)=11.48] [READ AverageLatency(us)=1835.41] 
2014-07-18 11:23:57:991 4590 sec: 99351834 operations; 22661.8 current ops/sec; [INSERT AverageLatency(us)=11.12] [READ AverageLatency(us)=1754.08] 
2014-07-18 11:24:07:992 4600 sec: 99583067 operations; 23120.99 current ops/sec; [INSERT AverageLatency(us)=11.81] [READ AverageLatency(us)=1716.06] 
2014-07-18 11:24:17:992 4610 sec: 99818868 operations; 23580.1 current ops/sec; [INSERT AverageLatency(us)=10.48] [READ AverageLatency(us)=1664.4] 
2014-07-18 11:24:27:993 4620 sec: 99975383 operations; 15649.94 current ops/sec; [UPDATE AverageLatency(us)=181371.09] [INSERT AverageLatency(us)=11.35] [READ AverageLatency(us)=2086.06] [CLEANUP AverageLatency(us)=181561.64] 
2014-07-18 11:24:35:899 4628 sec: 100000000 operations; 3113.71 current ops/sec; [UPDATE AverageLatency(us)=129083.22] [INSERT AverageLatency(us)=10.27] [READ AverageLatency(us)=2932.17] [CLEANUP AverageLatency(us)=129092.44] 
+ echo 'end time:'
end time:
++ date +%s
+ echo 1405707876
1405707876
+ echo 'sleeping for 10 sec ...'
sleeping for 10 sec ...
+ sleep 10
+ false
+ false
+ let counter=1+1
+ read line
+ set +x
