+ filename=case351
+ requestdistribution=
+ RESULT_DIR=/home/hadoop/git/physical_design/caseresult/case351
+ TEN=10
+ SIXTY=60
+ SLEEP_TIME=60
+ YCSB_DIR=/home/hadoop/ycsb-0.1.4
+ number_of_operations=25000000
+ number_of_threads=20
+ number_of_records=25000000
+ output_file_suffix=.dat
+ experiment_list_file=/home/hadoop/git/physical_design/case351.list
+ clean=false
+ create=false
+ load=false
+ random_read=false
+ workloada=false
+ workloadb=false
+ workloadc=false
+ workloadc1=false
+ scan=false
+ all=false
+ for i in '$@'
+ '[' case351 == all ']'
+ '[' case351 == clean ']'
+ '[' case351 == create ']'
+ '[' case351 == load ']'
+ '[' case351 == random_read ']'
+ '[' case351 == scan ']'
+ '[' case351 == workloada ']'
+ '[' case351 == workloadb ']'
+ '[' case351 == workloadc ']'
+ '[' case351 == workloadc1 ']'
+ '[' case351 == zipfian ']'
+ '[' case351 == uniform ']'
+ for i in '$@'
+ '[' clean == all ']'
+ '[' clean == clean ']'
+ clean=true
+ for i in '$@'
+ '[' create == all ']'
+ '[' create == clean ']'
+ '[' create == create ']'
+ create=true
+ for i in '$@'
+ '[' workloadc1 == all ']'
+ '[' workloadc1 == clean ']'
+ '[' workloadc1 == create ']'
+ '[' workloadc1 == load ']'
+ '[' workloadc1 == random_read ']'
+ '[' workloadc1 == scan ']'
+ '[' workloadc1 == workloada ']'
+ '[' workloadc1 == workloadb ']'
+ '[' workloadc1 == workloadc ']'
+ '[' workloadc1 == workloadc1 ']'
+ workloadc1=true
+ for i in '$@'
+ '[' zipfian == all ']'
+ '[' zipfian == clean ']'
+ '[' zipfian == create ']'
+ '[' zipfian == load ']'
+ '[' zipfian == random_read ']'
+ '[' zipfian == scan ']'
+ '[' zipfian == workloada ']'
+ '[' zipfian == workloadb ']'
+ '[' zipfian == workloadc ']'
+ '[' zipfian == workloadc1 ']'
+ '[' zipfian == zipfian ']'
+ requestdistribution=zipfian
+ let counter=1
+ cd /home/hadoop/ycsb-0.1.4
++ pwd
+ echo /home/hadoop/ycsb-0.1.4
/home/hadoop/ycsb-0.1.4
+ read line
+ false
+ true
+ echo 'sleeping for 60 ...'
sleeping for 60 ...
+ sleep 60
+ echo 'droping usertable...'
droping usertable...
+ ssh hadoop@slave1 /home/hadoop/hbase/bin/hbase-daemon.sh start regionserver
starting regionserver, logging to /home/hadoop/hbase/bin/../logs/hbase-hadoop-regionserver-sceplus-vm49.out
+ ssh hadoop@master /home/hadoop/hbase/bin/hbase shell /home/hadoop/git/physical_design/delete_table
2014-08-11 06:58:34,103 WARN  [main] util.NativeCodeLoader: Unable to load native-hadoop library for your platform... using builtin-java classes where applicable
0 row(s) in 3.0600 seconds

0 row(s) in 1.3090 seconds

0 row(s) in 0.0840 seconds

+ echo 'sleeping for 60 ...'
sleeping for 60 ...
+ sleep 60
+ false
+ true
+ echo 'creating usertable...'
creating usertable...
+ create_statement='create '\''usertable'\'', { NAME=>'\''family'\'', COMPRESSION=>'\''GZ'\''}, SPLITS => ['\''user1'\'', '\''user2'\'', '\''user3'\'', '\''user4'\'', '\''user5'\'', '\''user6'\'', '\''user7'\'', '\''user8'\'', '\''user9'\'']'
+ echo create ''\''usertable'\'',' '{' 'NAME=>'\''family'\'',' 'COMPRESSION=>'\''GZ'\''},' SPLITS '=>' '['\''user1'\'',' ''\''user2'\'',' ''\''user3'\'',' ''\''user4'\'',' ''\''user5'\'',' ''\''user6'\'',' ''\''user7'\'',' ''\''user8'\'',' ''\''user9'\'']'
+ echo 'exit '
+ scp /home/hadoop/git/physical_design/caseresult/case351/create_1.script hadoop@master:/home/hadoop/git/physical_design/caseresult/case351/create_1.script
+ create_table /home/hadoop/git/physical_design/caseresult/case351/create_1.script
+ echo 'creating table...'
creating table...
+ echo /home/hadoop/git/physical_design/caseresult/case351/create_1.script
/home/hadoop/git/physical_design/caseresult/case351/create_1.script
+ ssh hadoop@master /home/hadoop/hbase/bin/hbase shell /home/hadoop/git/physical_design/caseresult/case351/create_1.script
2014-08-11 06:59:45,632 WARN  [main] util.NativeCodeLoader: Unable to load native-hadoop library for your platform... using builtin-java classes where applicable
0 row(s) in 2.4990 seconds

+ echo 'sleeping for 10 sec ...'
sleeping for 10 sec ...
+ sleep 10
+ false
+ false
+ false
+ false
+ false
+ false
+ false
+ false
+ false
+ false
+ false
+ false
+ false
+ true
+ echo workloadc1...
workloadc1...
+ echo 'start time: '
start time: 
++ date +%s
+ echo 1407737133
1407737133
++ echo /home/hadoop/git/physical_design/caseresult/case351/workloadc1_1.dat
+ ./workloadc1 25000000 20 /home/hadoop/git/physical_design/caseresult/case351/workloadc1_1.dat
Loading workload...
Starting test.
2014-08-10 23:05:33:587 0 sec: 0 operations; 
14/08/10 23:05:33 INFO zookeeper.ZooKeeper: Client environment:zookeeper.version=3.4.6-1569965, built on 02/20/2014 09:09 GMT
14/08/10 23:05:33 INFO zookeeper.ZooKeeper: Client environment:host.name=sceplus-vm43.almaden.ibm.com
14/08/10 23:05:33 INFO zookeeper.ZooKeeper: Client environment:java.version=1.6.0_31
14/08/10 23:05:33 INFO zookeeper.ZooKeeper: Client environment:java.vendor=Sun Microsystems Inc.
14/08/10 23:05:33 INFO zookeeper.ZooKeeper: Client environment:java.home=/usr/lib/jvm/java-6-openjdk-amd64/jre
14/08/10 23:05:33 INFO zookeeper.ZooKeeper: Client environment:java.class.path=/home/hadoop/ycsb-0.1.4/hbase-binding/lib/hbase-binding-0.1.4.jar:/home/hadoop/ycsb-0.1.4/hbase-binding/conf:/home/hadoop/ycsb-0.1.4/core/lib/core-0.1.4.jar:/home/hadoop/ycsb-0.1.4/jdbc-binding/conf
14/08/10 23:05:33 INFO zookeeper.ZooKeeper: Client environment:java.library.path=/usr/lib/jvm/java-6-openjdk-amd64/jre/lib/amd64/server:/usr/lib/jvm/java-6-openjdk-amd64/jre/lib/amd64:/usr/lib/jvm/java-6-openjdk-amd64/jre/../lib/amd64:/usr/java/packages/lib/amd64:/usr/lib/jni:/lib:/usr/lib
14/08/10 23:05:33 INFO zookeeper.ZooKeeper: Client environment:java.io.tmpdir=/tmp
14/08/10 23:05:33 INFO zookeeper.ZooKeeper: Client environment:java.compiler=<NA>
14/08/10 23:05:33 INFO zookeeper.ZooKeeper: Client environment:os.name=Linux
14/08/10 23:05:33 INFO zookeeper.ZooKeeper: Client environment:os.arch=amd64
14/08/10 23:05:33 INFO zookeeper.ZooKeeper: Client environment:os.version=3.13.0-24-generic
14/08/10 23:05:33 INFO zookeeper.ZooKeeper: Client environment:user.name=hadoop
14/08/10 23:05:33 INFO zookeeper.ZooKeeper: Client environment:user.home=/home/hadoop
14/08/10 23:05:33 INFO zookeeper.ZooKeeper: Client environment:user.dir=/home/hadoop/ycsb-0.1.4
14/08/10 23:05:33 INFO zookeeper.ZooKeeper: Initiating client connection, connectString=sceplus-vm49.almaden.ibm.com:2181,sceplus-vm48.almaden.ibm.com:2181 sessionTimeout=90000 watcher=hconnection-0x62565cf8, quorum=sceplus-vm49.almaden.ibm.com:2181,sceplus-vm48.almaden.ibm.com:2181, baseZNode=/hbase
14/08/10 23:05:33 INFO zookeeper.RecoverableZooKeeper: Process identifier=hconnection-0x62565cf8 connecting to ZooKeeper ensemble=sceplus-vm49.almaden.ibm.com:2181,sceplus-vm48.almaden.ibm.com:2181
14/08/10 23:05:33 INFO zookeeper.ClientCnxn: Opening socket connection to server slave1/9.1.143.59:2181. Will not attempt to authenticate using SASL (unknown error)
14/08/10 23:05:34 INFO zookeeper.ClientCnxn: Socket connection established to slave1/9.1.143.59:2181, initiating session
14/08/10 23:05:34 INFO zookeeper.ClientCnxn: Session establishment complete on server slave1/9.1.143.59:2181, sessionid = 0x147c55be9880009, negotiated timeout = 90000
14/08/10 23:05:34 WARN util.DynamicClassLoader: Failed to identify the fs of dir hdfs://master:54310/hbase/lib, ignored
org.apache.hadoop.ipc.RemoteException: Server IPC version 9 cannot communicate with client version 4
	at org.apache.hadoop.ipc.Client.call(Client.java:1113)
	at org.apache.hadoop.ipc.RPC$Invoker.invoke(RPC.java:229)
	at com.sun.proxy.$Proxy5.getProtocolVersion(Unknown Source)
	at sun.reflect.NativeMethodAccessorImpl.invoke0(Native Method)
	at sun.reflect.NativeMethodAccessorImpl.invoke(NativeMethodAccessorImpl.java:57)
	at sun.reflect.DelegatingMethodAccessorImpl.invoke(DelegatingMethodAccessorImpl.java:43)
	at java.lang.reflect.Method.invoke(Method.java:622)
	at org.apache.hadoop.io.retry.RetryInvocationHandler.invokeMethod(RetryInvocationHandler.java:85)
	at org.apache.hadoop.io.retry.RetryInvocationHandler.invoke(RetryInvocationHandler.java:62)
	at com.sun.proxy.$Proxy5.getProtocolVersion(Unknown Source)
	at org.apache.hadoop.ipc.RPC.checkVersion(RPC.java:422)
	at org.apache.hadoop.hdfs.DFSClient.createNamenode(DFSClient.java:183)
	at org.apache.hadoop.hdfs.DFSClient.<init>(DFSClient.java:281)
	at org.apache.hadoop.hdfs.DFSClient.<init>(DFSClient.java:245)
	at org.apache.hadoop.hdfs.DistributedFileSystem.initialize(DistributedFileSystem.java:100)
	at org.apache.hadoop.fs.FileSystem.createFileSystem(FileSystem.java:1446)
	at org.apache.hadoop.fs.FileSystem.access$200(FileSystem.java:67)
	at org.apache.hadoop.fs.FileSystem$Cache.get(FileSystem.java:1464)
	at org.apache.hadoop.fs.FileSystem.get(FileSystem.java:263)
	at org.apache.hadoop.fs.Path.getFileSystem(Path.java:187)
	at org.apache.hadoop.hbase.util.DynamicClassLoader.<init>(DynamicClassLoader.java:104)
	at org.apache.hadoop.hbase.protobuf.ProtobufUtil.<clinit>(ProtobufUtil.java:202)
	at org.apache.hadoop.hbase.ClusterId.parseFrom(ClusterId.java:64)
	at org.apache.hadoop.hbase.zookeeper.ZKClusterId.readClusterIdZNode(ZKClusterId.java:69)
	at org.apache.hadoop.hbase.client.ZooKeeperRegistry.getClusterId(ZooKeeperRegistry.java:83)
	at org.apache.hadoop.hbase.client.HConnectionManager$HConnectionImplementation.retrieveClusterId(HConnectionManager.java:858)
	at org.apache.hadoop.hbase.client.HConnectionManager$HConnectionImplementation.<init>(HConnectionManager.java:663)
	at sun.reflect.NativeConstructorAccessorImpl.newInstance0(Native Method)
	at sun.reflect.NativeConstructorAccessorImpl.newInstance(NativeConstructorAccessorImpl.java:57)
	at sun.reflect.DelegatingConstructorAccessorImpl.newInstance(DelegatingConstructorAccessorImpl.java:45)
	at java.lang.reflect.Constructor.newInstance(Constructor.java:534)
	at org.apache.hadoop.hbase.client.HConnectionManager.createConnection(HConnectionManager.java:415)
	at org.apache.hadoop.hbase.client.HConnectionManager.createConnection(HConnectionManager.java:394)
	at org.apache.hadoop.hbase.client.HConnectionManager.getConnection(HConnectionManager.java:275)
	at org.apache.hadoop.hbase.client.HTable.<init>(HTable.java:197)
	at org.apache.hadoop.hbase.client.HTable.<init>(HTable.java:159)
	at com.yahoo.ycsb.db.HBaseClient.getHTable(HBaseClient.java:118)
	at com.yahoo.ycsb.db.HBaseClient.update(HBaseClient.java:302)
	at com.yahoo.ycsb.db.HBaseClient.insert(HBaseClient.java:357)
	at com.yahoo.ycsb.DBWrapper.insert(DBWrapper.java:148)
	at com.yahoo.ycsb.workloads.CoreWorkload.doTransactionInsert(CoreWorkload.java:639)
	at com.yahoo.ycsb.workloads.CoreWorkload.doTransaction(CoreWorkload.java:487)
	at com.yahoo.ycsb.ClientThread.run(Client.java:241)
2014-08-10 23:05:43:588 10 sec: 193333 operations; 19331.37 current ops/sec; [INSERT AverageLatency(us)=381.42] [READ AverageLatency(us)=47802.51] 
2014-08-10 23:05:53:589 20 sec: 470171 operations; 27681.03 current ops/sec; [INSERT AverageLatency(us)=18.27] [READ AverageLatency(us)=73713.63] 
2014-08-10 23:06:03:590 30 sec: 690715 operations; 22052.19 current ops/sec; [INSERT AverageLatency(us)=14.02] [READ AverageLatency(us)=88602.94] 
2014-08-10 23:06:13:590 40 sec: 905940 operations; 21522.5 current ops/sec; [INSERT AverageLatency(us)=13.38] [READ AverageLatency(us)=86203.31] 
2014-08-10 23:06:23:591 50 sec: 1128926 operations; 22296.37 current ops/sec; [INSERT AverageLatency(us)=13.54] [READ AverageLatency(us)=89937.55] 
2014-08-10 23:06:33:591 60 sec: 1350009 operations; 22108.3 current ops/sec; [INSERT AverageLatency(us)=15.38] [READ AverageLatency(us)=82915.28] 
2014-08-10 23:06:43:592 70 sec: 1533150 operations; 18312.27 current ops/sec; [INSERT AverageLatency(us)=16.78] [READ AverageLatency(us)=106270.38] 
2014-08-10 23:06:53:629 80 sec: 1666585 operations; 13294.31 current ops/sec; [INSERT AverageLatency(us)=15.76] [READ AverageLatency(us)=147720.31] 
2014-08-10 23:07:03:630 90 sec: 1787825 operations; 12122.79 current ops/sec; [INSERT AverageLatency(us)=12.96] [READ AverageLatency(us)=120105.04] 
2014-08-10 23:07:13:631 100 sec: 1787825 operations; 0 current ops/sec;   
2014-08-10 23:07:23:631 110 sec: 1787825 operations; 0 current ops/sec;   
2014-08-10 23:07:33:631 120 sec: 1787825 operations; 0 current ops/sec;   
2014-08-10 23:07:43:632 130 sec: 1939886 operations; 15204.58 current ops/sec; [INSERT AverageLatency(us)=14.56] [READ AverageLatency(us)=556922.61] 
2014-08-10 23:07:53:633 140 sec: 2026913 operations; 8702.7 current ops/sec; [INSERT AverageLatency(us)=14.78] [READ AverageLatency(us)=221364] 
2014-08-10 23:08:03:633 150 sec: 2130329 operations; 10340.57 current ops/sec; [INSERT AverageLatency(us)=14.46] [READ AverageLatency(us)=146203.75] 
2014-08-10 23:08:13:634 160 sec: 2217437 operations; 8709.93 current ops/sec; [INSERT AverageLatency(us)=16.49] [READ AverageLatency(us)=249382.83] 
2014-08-10 23:08:23:634 170 sec: 2359832 operations; 14239.5 current ops/sec; [INSERT AverageLatency(us)=13.1] [READ AverageLatency(us)=165398.08] 
2014-08-10 23:08:33:635 180 sec: 2457302 operations; 9746.03 current ops/sec; [INSERT AverageLatency(us)=43.32] [READ AverageLatency(us)=40012.49] 
2014-08-10 23:08:43:636 190 sec: 2485025 operations; 2772.02 current ops/sec; [INSERT AverageLatency(us)=11638.18] [READ AverageLatency(us)=45908.32] 
2014-08-10 23:08:53:636 200 sec: 2680518 operations; 19549.3 current ops/sec; [INSERT AverageLatency(us)=15.41] [READ AverageLatency(us)=100789.49] 
2014-08-10 23:09:03:637 210 sec: 2922139 operations; 24159.68 current ops/sec; [INSERT AverageLatency(us)=16.18] [READ AverageLatency(us)=56055.19] 
2014-08-10 23:09:13:637 220 sec: 2922139 operations; 0 current ops/sec;   
2014-08-10 23:09:23:638 230 sec: 3116393 operations; 19423.46 current ops/sec; [INSERT AverageLatency(us)=1791.84] [READ AverageLatency(us)=65543.22] 
2014-08-10 23:09:33:638 240 sec: 3328931 operations; 21253.8 current ops/sec; [INSERT AverageLatency(us)=15.99] [READ AverageLatency(us)=91996.16] 
2014-08-10 23:09:43:639 250 sec: 3472391 operations; 14344.57 current ops/sec; [INSERT AverageLatency(us)=15.15] [READ AverageLatency(us)=42165.35] 
2014-08-10 23:09:53:640 260 sec: 3493686 operations; 2129.29 current ops/sec; [INSERT AverageLatency(us)=12897.82] [READ AverageLatency(us)=125573.03] 
2014-08-10 23:10:03:640 270 sec: 3761557 operations; 26787.1 current ops/sec; [INSERT AverageLatency(us)=20.32] [READ AverageLatency(us)=85129.22] 
2014-08-10 23:10:13:641 280 sec: 3951535 operations; 18995.9 current ops/sec; [INSERT AverageLatency(us)=21.81] [READ AverageLatency(us)=58779.02] 
2014-08-10 23:10:23:642 290 sec: 3977495 operations; 2595.74 current ops/sec; [INSERT AverageLatency(us)=4671.35] [READ AverageLatency(us)=16429.05] 
2014-08-10 23:10:33:642 300 sec: 4176754 operations; 19925.9 current ops/sec; [INSERT AverageLatency(us)=844.25] [READ AverageLatency(us)=93932.36] 
2014-08-10 23:10:43:643 310 sec: 4421366 operations; 24458.75 current ops/sec; [INSERT AverageLatency(us)=18.04] [READ AverageLatency(us)=78441.55] 
2014-08-10 23:10:53:643 320 sec: 4656322 operations; 23495.6 current ops/sec; [INSERT AverageLatency(us)=17.69] [READ AverageLatency(us)=80082.36] 
2014-08-10 23:11:03:644 330 sec: 4839812 operations; 18347.17 current ops/sec; [INSERT AverageLatency(us)=227.46] [READ AverageLatency(us)=51755.62] 
2014-08-10 23:11:13:645 340 sec: 5051873 operations; 21203.98 current ops/sec; [INSERT AverageLatency(us)=407.33] [READ AverageLatency(us)=71168.67] 
2014-08-10 23:11:23:645 350 sec: 5052318 operations; 44.5 current ops/sec; [INSERT AverageLatency(us)=27413.34] [READ AverageLatency(us)=10270.67] 
2014-08-10 23:11:33:646 360 sec: 5235724 operations; 18338.77 current ops/sec; [INSERT AverageLatency(us)=1535.81] [READ AverageLatency(us)=74245.29] 
2014-08-10 23:11:43:647 370 sec: 5381596 operations; 14587.2 current ops/sec; [INSERT AverageLatency(us)=639.97] [READ AverageLatency(us)=57199.99] 
2014-08-10 23:11:53:647 380 sec: 5625833 operations; 24421.26 current ops/sec; [INSERT AverageLatency(us)=12.64] [READ AverageLatency(us)=60653.49] 
2014-08-10 23:12:03:648 390 sec: 5625833 operations; 0 current ops/sec;   
2014-08-10 23:12:13:648 400 sec: 5792775 operations; 16694.2 current ops/sec; [INSERT AverageLatency(us)=2053.99] [READ AverageLatency(us)=80262.1] 
2014-08-10 23:12:23:649 410 sec: 6055502 operations; 26270.07 current ops/sec; [INSERT AverageLatency(us)=57.78] [READ AverageLatency(us)=70477.34] 
2014-08-10 23:12:33:649 420 sec: 6242429 operations; 18692.7 current ops/sec; [INSERT AverageLatency(us)=14.21] [READ AverageLatency(us)=60579.82] 
2014-08-10 23:12:43:650 430 sec: 6242429 operations; 0 current ops/sec;   
2014-08-10 23:12:53:651 440 sec: 6437834 operations; 19538.55 current ops/sec; [INSERT AverageLatency(us)=1719.16] [READ AverageLatency(us)=70989.76] 
2014-08-10 23:13:03:651 450 sec: 6692497 operations; 25466.3 current ops/sec; [INSERT AverageLatency(us)=21.63] [READ AverageLatency(us)=83693.06] 
2014-08-10 23:13:13:652 460 sec: 6854281 operations; 16176.78 current ops/sec; [INSERT AverageLatency(us)=11.29] [READ AverageLatency(us)=59173.57] 
2014-08-10 23:13:23:653 470 sec: 6854281 operations; 0 current ops/sec;   
2014-08-10 23:13:33:653 480 sec: 7023740 operations; 16945.9 current ops/sec; [INSERT AverageLatency(us)=2145.32] [READ AverageLatency(us)=72006.18] 
2014-08-10 23:13:43:654 490 sec: 7252483 operations; 22872.01 current ops/sec; [INSERT AverageLatency(us)=12.37] [READ AverageLatency(us)=81068.5] 
2014-08-10 23:13:53:654 500 sec: 7502997 operations; 25051.4 current ops/sec; [INSERT AverageLatency(us)=11.93] [READ AverageLatency(us)=84365.78] 
2014-08-10 23:14:03:655 510 sec: 7689250 operations; 18623.44 current ops/sec; [INSERT AverageLatency(us)=16.26] [READ AverageLatency(us)=52953.66] 
2014-08-10 23:14:13:656 520 sec: 7832078 operations; 14281.37 current ops/sec; [INSERT AverageLatency(us)=1215.27] [READ AverageLatency(us)=83134.81] 
2014-08-10 23:14:23:656 530 sec: 8101858 operations; 26978 current ops/sec; [INSERT AverageLatency(us)=14.32] [READ AverageLatency(us)=68076.3] 
2014-08-10 23:14:33:657 540 sec: 8225400 operations; 12352.96 current ops/sec; [INSERT AverageLatency(us)=12.01] [READ AverageLatency(us)=57812.78] 
2014-08-10 23:14:43:658 550 sec: 8264102 operations; 3870.2 current ops/sec; [INSERT AverageLatency(us)=3750.64] [READ AverageLatency(us)=37799.34] 
2014-08-10 23:14:53:658 560 sec: 8447102 operations; 18298.17 current ops/sec; [INSERT AverageLatency(us)=1051.87] [READ AverageLatency(us)=97263.72] 
2014-08-10 23:15:03:659 570 sec: 8688948 operations; 24182.18 current ops/sec; [INSERT AverageLatency(us)=13.81] [READ AverageLatency(us)=84789.02] 
2014-08-10 23:15:13:659 580 sec: 8847503 operations; 15855.5 current ops/sec; [INSERT AverageLatency(us)=692.53] [READ AverageLatency(us)=51303.85] 
2014-08-10 23:15:23:660 590 sec: 8979528 operations; 13201.18 current ops/sec; [INSERT AverageLatency(us)=11.03] [READ AverageLatency(us)=51985.31] 
2014-08-10 23:15:33:693 600 sec: 9130479 operations; 15045.45 current ops/sec; [INSERT AverageLatency(us)=1301.35] [READ AverageLatency(us)=89846.59] 
2014-08-10 23:15:43:694 610 sec: 9306898 operations; 17640.14 current ops/sec; [INSERT AverageLatency(us)=13.28] [READ AverageLatency(us)=46675.75] 
2014-08-10 23:15:53:695 620 sec: 9317809 operations; 1090.99 current ops/sec; [INSERT AverageLatency(us)=5948.97] [READ AverageLatency(us)=13687.56] 
2014-08-10 23:16:03:695 630 sec: 9506280 operations; 18847.1 current ops/sec; [INSERT AverageLatency(us)=1509.8] [READ AverageLatency(us)=86847.54] 
2014-08-10 23:16:13:696 640 sec: 9685874 operations; 17957.6 current ops/sec; [INSERT AverageLatency(us)=138.67] [READ AverageLatency(us)=100274.04] 
2014-08-10 23:16:23:696 650 sec: 9978088 operations; 29221.4 current ops/sec; [INSERT AverageLatency(us)=13.36] [READ AverageLatency(us)=60390.02] 
2014-08-10 23:16:33:697 660 sec: 9989883 operations; 1179.38 current ops/sec; [INSERT AverageLatency(us)=149.3] [READ AverageLatency(us)=121460.46] 
2014-08-10 23:16:43:698 670 sec: 10048363 operations; 5847.42 current ops/sec; [INSERT AverageLatency(us)=5722.31] [READ AverageLatency(us)=94694.27] 
2014-08-10 23:16:53:698 680 sec: 10325255 operations; 27689.2 current ops/sec; [INSERT AverageLatency(us)=13.4] [READ AverageLatency(us)=73783.66] 
2014-08-10 23:17:03:699 690 sec: 10426239 operations; 10097.39 current ops/sec; [INSERT AverageLatency(us)=730.8] [READ AverageLatency(us)=55508.21] 
2014-08-10 23:17:13:700 700 sec: 10426239 operations; 0 current ops/sec;   
2014-08-10 23:17:23:700 710 sec: 10478444 operations; 5220.5 current ops/sec; [INSERT AverageLatency(us)=4570.32] [READ AverageLatency(us)=38010.48] 
2014-08-10 23:17:33:701 720 sec: 10659837 operations; 18137.49 current ops/sec; [INSERT AverageLatency(us)=1301.35] [READ AverageLatency(us)=100410.69] 
2014-08-10 23:17:43:701 730 sec: 10757904 operations; 9806.7 current ops/sec; [INSERT AverageLatency(us)=13.06] [READ AverageLatency(us)=79244.01] 
2014-08-10 23:17:53:702 740 sec: 10757904 operations; 0 current ops/sec;   
2014-08-10 23:18:03:702 750 sec: 10757904 operations; 0 current ops/sec;   
2014-08-10 23:18:13:703 760 sec: 10973462 operations; 21553.64 current ops/sec; [INSERT AverageLatency(us)=12.69] [READ AverageLatency(us)=345189.72] 
2014-08-10 23:18:23:703 770 sec: 11118678 operations; 14521.6 current ops/sec; [INSERT AverageLatency(us)=17.67] [READ AverageLatency(us)=62080.27] 
2014-08-10 23:18:33:704 780 sec: 11152769 operations; 3408.76 current ops/sec; [INSERT AverageLatency(us)=8584.3] [READ AverageLatency(us)=27131.81] 
2014-08-10 23:18:43:705 790 sec: 11355476 operations; 20270.7 current ops/sec; [INSERT AverageLatency(us)=30.43] [READ AverageLatency(us)=95933.97] 
2014-08-10 23:18:53:705 800 sec: 11594377 operations; 23887.71 current ops/sec; [INSERT AverageLatency(us)=12.08] [READ AverageLatency(us)=84608.27] 
2014-08-10 23:19:03:706 810 sec: 11749633 operations; 15524.05 current ops/sec; [INSERT AverageLatency(us)=12.02] [READ AverageLatency(us)=50999.09] 
2014-08-10 23:19:13:706 820 sec: 11839988 operations; 9035.5 current ops/sec; [INSERT AverageLatency(us)=2670.53] [READ AverageLatency(us)=84404.17] 
2014-08-10 23:19:23:707 830 sec: 12028670 operations; 18866.31 current ops/sec; [INSERT AverageLatency(us)=299.53] [READ AverageLatency(us)=67097.5] 
2014-08-10 23:19:33:708 840 sec: 12290419 operations; 26172.28 current ops/sec; [INSERT AverageLatency(us)=17.42] [READ AverageLatency(us)=56474.17] 
2014-08-10 23:19:43:708 850 sec: 12309125 operations; 1870.6 current ops/sec; [INSERT AverageLatency(us)=13255.53] [READ AverageLatency(us)=23304.37] 
2014-08-10 23:19:53:709 860 sec: 12522832 operations; 21368.56 current ops/sec; [INSERT AverageLatency(us)=30.19] [READ AverageLatency(us)=84917.49] 
2014-08-10 23:20:03:710 870 sec: 12603525 operations; 8068.49 current ops/sec; [INSERT AverageLatency(us)=12.51] [READ AverageLatency(us)=60298.08] 
2014-08-10 23:20:13:710 880 sec: 12750394 operations; 14686.9 current ops/sec; [INSERT AverageLatency(us)=1770.32] [READ AverageLatency(us)=61593.63] 
2014-08-10 23:20:23:711 890 sec: 12820423 operations; 7002.2 current ops/sec; [INSERT AverageLatency(us)=1823.81] [READ AverageLatency(us)=130086.95] 
2014-08-10 23:20:33:712 900 sec: 13030516 operations; 21007.2 current ops/sec; [INSERT AverageLatency(us)=38.69] [READ AverageLatency(us)=51425.24] 
2014-08-10 23:20:43:712 910 sec: 13061145 operations; 3062.9 current ops/sec; [INSERT AverageLatency(us)=4428.12] [READ AverageLatency(us)=38414.41] 
2014-08-10 23:20:53:713 920 sec: 13245221 operations; 18405.76 current ops/sec; [INSERT AverageLatency(us)=942.09] [READ AverageLatency(us)=88567.83] 
2014-08-10 23:21:03:713 930 sec: 13422145 operations; 17692.4 current ops/sec; [INSERT AverageLatency(us)=426.8] [READ AverageLatency(us)=72288.2] 
2014-08-10 23:21:13:714 940 sec: 13590239 operations; 16807.72 current ops/sec; [INSERT AverageLatency(us)=13.92] [READ AverageLatency(us)=64038.92] 
2014-08-10 23:21:23:715 950 sec: 13590967 operations; 72.8 current ops/sec; [INSERT AverageLatency(us)=82507.15] [READ AverageLatency(us)=31633.1] 
2014-08-10 23:21:33:715 960 sec: 13792871 operations; 20188.38 current ops/sec; [INSERT AverageLatency(us)=1262.05] [READ AverageLatency(us)=88180.26] 
2014-08-10 23:21:43:716 970 sec: 13999964 operations; 20707.23 current ops/sec; [INSERT AverageLatency(us)=14.58] [READ AverageLatency(us)=84651.33] 
2014-08-10 23:21:53:717 980 sec: 14107286 operations; 10732.2 current ops/sec; [INSERT AverageLatency(us)=18.35] [READ AverageLatency(us)=75450.21] 
2014-08-10 23:22:03:717 990 sec: 14112738 operations; 545.15 current ops/sec; [INSERT AverageLatency(us)=56235.57] [READ AverageLatency(us)=382970.58] 
2014-08-10 23:22:13:718 1000 sec: 14366021 operations; 25325.77 current ops/sec; [INSERT AverageLatency(us)=14.59] [READ AverageLatency(us)=79101.71] 
2014-08-10 23:22:23:719 1010 sec: 14614372 operations; 24835.1 current ops/sec; [INSERT AverageLatency(us)=12.34] [READ AverageLatency(us)=80279.78] 
2014-08-10 23:22:33:737 1020 sec: 14678035 operations; 6354.23 current ops/sec; [INSERT AverageLatency(us)=278.42] [READ AverageLatency(us)=47433.54] 
2014-08-10 23:22:43:738 1030 sec: 14889517 operations; 21146.09 current ops/sec; [INSERT AverageLatency(us)=883.46] [READ AverageLatency(us)=77011.32] 
2014-08-10 23:22:53:739 1040 sec: 15031727 operations; 14221 current ops/sec; [INSERT AverageLatency(us)=418.33] [READ AverageLatency(us)=76937.49] 
2014-08-10 23:23:03:739 1050 sec: 15031727 operations; 0 current ops/sec;   
2014-08-10 23:23:13:740 1060 sec: 15031727 operations; 0 current ops/sec;   
2014-08-10 23:23:23:740 1070 sec: 15111588 operations; 7986.1 current ops/sec; [INSERT AverageLatency(us)=15.85] [READ AverageLatency(us)=812214.86] 
2014-08-10 23:23:33:741 1080 sec: 15188714 operations; 7711.83 current ops/sec; [INSERT AverageLatency(us)=34.97] [READ AverageLatency(us)=40766.31] 
2014-08-10 23:23:43:741 1090 sec: 15217423 operations; 2870.9 current ops/sec; [INSERT AverageLatency(us)=12097.13] [READ AverageLatency(us)=63981.78] 
2014-08-10 23:23:53:742 1100 sec: 15478056 operations; 26060.69 current ops/sec; [INSERT AverageLatency(us)=12.75] [READ AverageLatency(us)=71388.81] 
2014-08-10 23:24:03:743 1110 sec: 15478056 operations; 0 current ops/sec;   
2014-08-10 23:24:13:743 1120 sec: 15641604 operations; 16354.8 current ops/sec; [INSERT AverageLatency(us)=1735.96] [READ AverageLatency(us)=82336.55] 
2014-08-10 23:24:23:744 1130 sec: 15889666 operations; 24803.72 current ops/sec; [INSERT AverageLatency(us)=12.07] [READ AverageLatency(us)=77812.8] 
2014-08-10 23:24:33:744 1140 sec: 15976178 operations; 8651.2 current ops/sec; [INSERT AverageLatency(us)=11.56] [READ AverageLatency(us)=40763.77] 
2014-08-10 23:24:43:745 1150 sec: 16170487 operations; 19428.96 current ops/sec; [INSERT AverageLatency(us)=1137.23] [READ AverageLatency(us)=74192.02] 
2014-08-10 23:24:53:746 1160 sec: 16417274 operations; 24678.7 current ops/sec; [INSERT AverageLatency(us)=14.15] [READ AverageLatency(us)=67758.6] 
2014-08-10 23:25:03:746 1170 sec: 16418629 operations; 135.49 current ops/sec; [INSERT AverageLatency(us)=25431.72] [READ AverageLatency(us)=126288.5] 
2014-08-10 23:25:13:747 1180 sec: 16626365 operations; 20771.52 current ops/sec; [INSERT AverageLatency(us)=1087.23] [READ AverageLatency(us)=83910.21] 
2014-08-10 23:25:23:747 1190 sec: 16858359 operations; 23199.4 current ops/sec; [INSERT AverageLatency(us)=96.61] [READ AverageLatency(us)=63316.47] 
2014-08-10 23:25:33:748 1200 sec: 17002878 operations; 14450.45 current ops/sec; [INSERT AverageLatency(us)=624.79] [READ AverageLatency(us)=58232.42] 
2014-08-10 23:25:43:749 1210 sec: 17075243 operations; 7235.78 current ops/sec; [INSERT AverageLatency(us)=2118.11] [READ AverageLatency(us)=152567.9] 
2014-08-10 23:25:53:749 1220 sec: 17237685 operations; 16244.2 current ops/sec; [INSERT AverageLatency(us)=12.63] [READ AverageLatency(us)=55601.71] 
2014-08-10 23:26:03:750 1230 sec: 17266013 operations; 2832.52 current ops/sec; [INSERT AverageLatency(us)=2609.46] [READ AverageLatency(us)=18268.99] 
2014-08-10 23:26:13:750 1240 sec: 17470207 operations; 20419.4 current ops/sec; [INSERT AverageLatency(us)=1202.27] [READ AverageLatency(us)=65871.05] 
2014-08-10 23:26:23:751 1250 sec: 17494046 operations; 2383.66 current ops/sec; [INSERT AverageLatency(us)=8587.09] [READ AverageLatency(us)=166383.46] 
2014-08-10 23:26:33:752 1260 sec: 17703151 operations; 20908.41 current ops/sec; [INSERT AverageLatency(us)=69.9] [READ AverageLatency(us)=83019.33] 
2014-08-10 23:26:43:752 1270 sec: 17916114 operations; 21296.3 current ops/sec; [INSERT AverageLatency(us)=12.77] [READ AverageLatency(us)=67516.87] 
2014-08-10 23:26:53:753 1280 sec: 17943399 operations; 2728.23 current ops/sec; [INSERT AverageLatency(us)=7906.12] [READ AverageLatency(us)=67109.84] 
2014-08-10 23:27:03:754 1290 sec: 18196806 operations; 25340.7 current ops/sec; [INSERT AverageLatency(us)=44.75] [READ AverageLatency(us)=85654.76] 
2014-08-10 23:27:13:754 1300 sec: 18352553 operations; 15573.14 current ops/sec; [INSERT AverageLatency(us)=13.63] [READ AverageLatency(us)=56480.98] 
2014-08-10 23:27:23:755 1310 sec: 18426340 operations; 7377.96 current ops/sec; [INSERT AverageLatency(us)=3380.5] [READ AverageLatency(us)=86307.3] 
2014-08-10 23:27:33:755 1320 sec: 18664669 operations; 23832.9 current ops/sec; [INSERT AverageLatency(us)=14.38] [READ AverageLatency(us)=80707.18] 
2014-08-10 23:27:43:756 1330 sec: 18769973 operations; 10529.35 current ops/sec; [INSERT AverageLatency(us)=327.67] [READ AverageLatency(us)=48441.92] 
2014-08-10 23:27:53:756 1340 sec: 18952544 operations; 18257.1 current ops/sec; [INSERT AverageLatency(us)=714.78] [READ AverageLatency(us)=98278.63] 
2014-08-10 23:28:03:757 1350 sec: 19102095 operations; 14953.6 current ops/sec; [INSERT AverageLatency(us)=12.68] [READ AverageLatency(us)=57195.48] 
2014-08-10 23:28:13:758 1360 sec: 19214366 operations; 11225.98 current ops/sec; [INSERT AverageLatency(us)=1911.37] [READ AverageLatency(us)=80457.88] 
2014-08-10 23:28:23:758 1370 sec: 19495832 operations; 28146.6 current ops/sec; [INSERT AverageLatency(us)=14.12] [READ AverageLatency(us)=66466.28] 
2014-08-10 23:28:33:759 1380 sec: 19510447 operations; 1461.35 current ops/sec; [INSERT AverageLatency(us)=3481.13] [READ AverageLatency(us)=15424.24] 
2014-08-10 23:28:43:760 1390 sec: 19720748 operations; 21028 current ops/sec; [INSERT AverageLatency(us)=874.04] [READ AverageLatency(us)=85457.45] 
2014-08-10 23:28:53:760 1400 sec: 19880054 operations; 15930.6 current ops/sec; [INSERT AverageLatency(us)=12.93] [READ AverageLatency(us)=51290.81] 
2014-08-10 23:29:03:761 1410 sec: 20008077 operations; 12801.02 current ops/sec; [INSERT AverageLatency(us)=1671.35] [READ AverageLatency(us)=48013.1] 
2014-08-10 23:29:13:761 1420 sec: 20040283 operations; 3220.6 current ops/sec; [INSERT AverageLatency(us)=6533.48] [READ AverageLatency(us)=39911.35] 
2014-08-10 23:29:23:762 1430 sec: 20254657 operations; 21435.26 current ops/sec; [INSERT AverageLatency(us)=234.18] [READ AverageLatency(us)=76399.24] 
2014-08-10 23:29:33:762 1440 sec: 20314158 operations; 5950.1 current ops/sec; [INSERT AverageLatency(us)=188.53] [READ AverageLatency(us)=15356.37] 
2014-08-10 23:29:43:763 1450 sec: 20524002 operations; 20982.3 current ops/sec; [INSERT AverageLatency(us)=1072.72] [READ AverageLatency(us)=71862.71] 
2014-08-10 23:29:53:764 1460 sec: 20662750 operations; 13873.41 current ops/sec; [INSERT AverageLatency(us)=15.91] [READ AverageLatency(us)=68241.72] 
2014-08-10 23:30:03:764 1470 sec: 20777181 operations; 11443.1 current ops/sec; [INSERT AverageLatency(us)=1676.55] [READ AverageLatency(us)=89190.56] 
2014-08-10 23:30:13:765 1480 sec: 20994778 operations; 21757.52 current ops/sec; [INSERT AverageLatency(us)=14.84] [READ AverageLatency(us)=71830.8] 
2014-08-10 23:30:23:766 1490 sec: 21136925 operations; 14213.28 current ops/sec; [INSERT AverageLatency(us)=970.96] [READ AverageLatency(us)=86215.31] 
2014-08-10 23:30:33:766 1500 sec: 21317290 operations; 18036.5 current ops/sec; [INSERT AverageLatency(us)=12.64] [READ AverageLatency(us)=59663.34] 
2014-08-10 23:30:43:767 1510 sec: 21370781 operations; 5348.57 current ops/sec; [INSERT AverageLatency(us)=4096.82] [READ AverageLatency(us)=133762.83] 
2014-08-10 23:30:53:767 1520 sec: 21644582 operations; 27380.1 current ops/sec; [INSERT AverageLatency(us)=12.9] [READ AverageLatency(us)=62096.16] 
2014-08-10 23:31:03:768 1530 sec: 21757507 operations; 11291.37 current ops/sec; [INSERT AverageLatency(us)=1155.38] [READ AverageLatency(us)=79689.49] 
2014-08-10 23:31:13:769 1540 sec: 21924460 operations; 16695.3 current ops/sec; [INSERT AverageLatency(us)=12.95] [READ AverageLatency(us)=72303.8] 
2014-08-10 23:31:23:769 1550 sec: 22055177 operations; 13070.39 current ops/sec; [INSERT AverageLatency(us)=1251.78] [READ AverageLatency(us)=85745.09] 
2014-08-10 23:31:33:770 1560 sec: 22256627 operations; 20142.99 current ops/sec; [INSERT AverageLatency(us)=13.47] [READ AverageLatency(us)=59634.57] 
2014-08-10 23:31:43:770 1570 sec: 22379866 operations; 12323.9 current ops/sec; [INSERT AverageLatency(us)=1435.89] [READ AverageLatency(us)=72463.97] 
2014-08-10 23:31:53:771 1580 sec: 22574394 operations; 19450.85 current ops/sec; [INSERT AverageLatency(us)=19.53] [READ AverageLatency(us)=76026.96] 
2014-08-10 23:32:03:772 1590 sec: 22711898 operations; 13749.03 current ops/sec; [INSERT AverageLatency(us)=1182.61] [READ AverageLatency(us)=70244.76] 
2014-08-10 23:32:13:772 1600 sec: 22925659 operations; 21376.1 current ops/sec; [INSERT AverageLatency(us)=12.57] [READ AverageLatency(us)=85608.39] 
2014-08-10 23:32:23:773 1610 sec: 23116777 operations; 19109.89 current ops/sec; [INSERT AverageLatency(us)=492.21] [READ AverageLatency(us)=54780.54] 
2014-08-10 23:32:33:774 1620 sec: 23369747 operations; 25294.47 current ops/sec; [INSERT AverageLatency(us)=13.52] [READ AverageLatency(us)=82957.43] 
2014-08-10 23:32:43:774 1630 sec: 23513528 operations; 14378.1 current ops/sec; [INSERT AverageLatency(us)=767.37] [READ AverageLatency(us)=44533.55] 
2014-08-10 23:32:54:057 1640 sec: 23689274 operations; 17090.93 current ops/sec; [INSERT AverageLatency(us)=455.21] [READ AverageLatency(us)=79928.32] 
2014-08-10 23:33:04:058 1650 sec: 23706827 operations; 1755.12 current ops/sec; [INSERT AverageLatency(us)=11617.96] [READ AverageLatency(us)=66215.42] 
2014-08-10 23:33:14:059 1660 sec: 23901744 operations; 19489.75 current ops/sec; [INSERT AverageLatency(us)=13.47] [READ AverageLatency(us)=102841.05] 
2014-08-10 23:33:24:059 1670 sec: 23965091 operations; 6334.7 current ops/sec; [INSERT AverageLatency(us)=13.17] [READ AverageLatency(us)=59749.38] 
2014-08-10 23:33:34:060 1680 sec: 23965091 operations; 0 current ops/sec;   
2014-08-10 23:33:44:060 1690 sec: 24082739 operations; 11764.8 current ops/sec; [INSERT AverageLatency(us)=13.11] [READ AverageLatency(us)=434753.46] 
2014-08-10 23:33:54:061 1700 sec: 24115927 operations; 3318.47 current ops/sec; [INSERT AverageLatency(us)=2151.23] [READ AverageLatency(us)=22957.48] 
2014-08-10 23:34:04:062 1710 sec: 24349742 operations; 23379.16 current ops/sec; [UPDATE AverageLatency(us)=350246] [INSERT AverageLatency(us)=674.07] [READ AverageLatency(us)=74886.37] [CLEANUP AverageLatency(us)=350380] 
2014-08-10 23:34:14:062 1720 sec: 24467547 operations; 11780.5 current ops/sec; [UPDATE AverageLatency(us)=1443574] [INSERT AverageLatency(us)=12.31] [READ AverageLatency(us)=53198.49] [CLEANUP AverageLatency(us)=1444243] 
2014-08-10 23:34:24:063 1730 sec: 24583597 operations; 11603.84 current ops/sec; [UPDATE AverageLatency(us)=465402] [INSERT AverageLatency(us)=1727.36] [READ AverageLatency(us)=80510.93] [CLEANUP AverageLatency(us)=465412] 
2014-08-10 23:34:34:130 1740 sec: 24797988 operations; 21296.41 current ops/sec; [UPDATE AverageLatency(us)=763528.75] [INSERT AverageLatency(us)=12.18] [READ AverageLatency(us)=67532.61] [CLEANUP AverageLatency(us)=763536.75] 
2014-08-10 23:34:44:130 1750 sec: 24878945 operations; 8095.7 current ops/sec; [UPDATE AverageLatency(us)=9484283.5] [INSERT AverageLatency(us)=1047.92] [READ AverageLatency(us)=32362.53] [CLEANUP AverageLatency(us)=9484292.5] 
2014-08-10 23:34:54:131 1760 sec: 25000000 operations; 12104.29 current ops/sec; [UPDATE AverageLatency(us)=814034.5] [INSERT AverageLatency(us)=10.89] [READ AverageLatency(us)=36497.57] [CLEANUP AverageLatency(us)=814043.25] 
2014-08-10 23:35:02:273 1768 sec: 25000000 operations; 0 current ops/sec; [UPDATE AverageLatency(us)=11020569.67]   [CLEANUP AverageLatency(us)=11020579] 
+ echo 'end time:'
end time:
++ date +%s
+ echo 1407738902
1407738902
+ echo 'sleeping for 10 sec ...'
sleeping for 10 sec ...
+ sleep 10
+ let counter=1+1
+ read line
+ set +x
