++ ls caseresult/ -ltr
++ wc -l
+ filename=case170
+ mkdir caseresult/case170
+ ssh hadoop@master mkdir /home/hadoop/git/physical_design/caseresult/case170
+ RESULT_DIR=/home/hadoop/git/physical_design/caseresult/case170
+ TEN=10
+ SIXTY=60
+ SLEEP_TIME=300
+ YCSB_DIR=/home/hadoop/ycsb-0.1.4
+ number_of_operations=50000000
+ number_of_threads=20
+ number_of_records=50000000
+ output_file_suffix=.dat
+ experiment_list_file=/home/hadoop/git/physical_design/case170.list
+ clean=false
+ create=false
+ load=false
+ random_read=false
+ workloada=false
+ workloadb=false
+ workloadc=false
+ scan=false
+ all=false
+ for i in '$@'
+ '[' clean == all ']'
+ '[' clean == clean ']'
+ clean=true
+ for i in '$@'
+ '[' create == all ']'
+ '[' create == clean ']'
+ '[' create == create ']'
+ create=true
+ for i in '$@'
+ '[' load == all ']'
+ '[' load == clean ']'
+ '[' load == create ']'
+ '[' load == load ']'
+ load=true
+ let counter=1
+ cd /home/hadoop/ycsb-0.1.4
++ pwd
+ echo /home/hadoop/ycsb-0.1.4
/home/hadoop/ycsb-0.1.4
+ read line
+ false
+ true
+ echo 'sleeping for 60 ...'
sleeping for 60 ...
+ sleep 60
+ echo 'droping usertable...'
droping usertable...
+ ssh hadoop@master /home/hadoop/hbase/bin/hbase shell /home/hadoop/git/physical_design/delete_table
0 row(s) in 2.7010 seconds

0 row(s) in 1.2870 seconds

0 row(s) in 0.0650 seconds

+ echo 'sleeping for 300 ...'
sleeping for 300 ...
+ sleep 300
+ false
+ true
+ echo 'creating usertable...'
creating usertable...
+ create_statement='create '\''usertable'\'', { NAME=>'\''family'\'', CONFIGURATION => { '\''hbase.hregion.majorcompaction'\'' => '\''0'\'' } ,  COMPRESSION=>'\''GZ'\''}, SPLITS => ['\''user1'\'', '\''user2'\'', '\''user3'\'', '\''user4'\'', '\''user5'\'', '\''user6'\'', '\''user7'\'', '\''user8'\'', '\''user9'\'']'
+ echo create ''\''usertable'\'',' '{' 'NAME=>'\''family'\'',' CONFIGURATION '=>' '{' ''\''hbase.hregion.majorcompaction'\''' '=>' ''\''0'\''' '}' , 'COMPRESSION=>'\''GZ'\''},' SPLITS '=>' '['\''user1'\'',' ''\''user2'\'',' ''\''user3'\'',' ''\''user4'\'',' ''\''user5'\'',' ''\''user6'\'',' ''\''user7'\'',' ''\''user8'\'',' ''\''user9'\'']'
+ echo 'exit '
+ scp /home/hadoop/git/physical_design/caseresult/case170/create_1.script hadoop@master:/home/hadoop/git/physical_design/caseresult/case170/create_1.script
+ create_table /home/hadoop/git/physical_design/caseresult/case170/create_1.script
+ echo 'creating table...'
creating table...
+ echo /home/hadoop/git/physical_design/caseresult/case170/create_1.script
/home/hadoop/git/physical_design/caseresult/case170/create_1.script
+ ssh hadoop@master /home/hadoop/hbase/bin/hbase shell /home/hadoop/git/physical_design/caseresult/case170/create_1.script
0 row(s) in 1.7300 seconds

+ echo 'sleeping for 10 sec ...'
sleeping for 10 sec ...
+ sleep 10
+ false
+ true
+ echo 'loading data...'
loading data...
+ echo 'starting time: '
starting time: 
++ date +%s
+ echo 1405808955
1405808955
++ echo /home/hadoop/git/physical_design/caseresult/case170/load_1.dat
+ ./ld 50000000 20 /home/hadoop/git/physical_design/caseresult/case170/load_1.dat
Loading workload...
Starting test.
2014-07-19 15:29:15:952 0 sec: 0 operations; 
14/07/19 15:29:16 INFO zookeeper.ZooKeeper: Client environment:zookeeper.version=3.4.6-1569965, built on 02/20/2014 09:09 GMT
14/07/19 15:29:16 INFO zookeeper.ZooKeeper: Client environment:host.name=sceplus-vm43.almaden.ibm.com
14/07/19 15:29:16 INFO zookeeper.ZooKeeper: Client environment:java.version=1.6.0_31
14/07/19 15:29:16 INFO zookeeper.ZooKeeper: Client environment:java.vendor=Sun Microsystems Inc.
14/07/19 15:29:16 INFO zookeeper.ZooKeeper: Client environment:java.home=/usr/lib/jvm/java-6-openjdk-amd64/jre
14/07/19 15:29:16 INFO zookeeper.ZooKeeper: Client environment:java.class.path=/home/hadoop/ycsb-0.1.4/hbase-binding/lib/hbase-binding-0.1.4.jar:/home/hadoop/ycsb-0.1.4/hbase-binding/conf:/home/hadoop/ycsb-0.1.4/core/lib/core-0.1.4.jar:/home/hadoop/ycsb-0.1.4/jdbc-binding/conf
14/07/19 15:29:16 INFO zookeeper.ZooKeeper: Client environment:java.library.path=/usr/lib/jvm/java-6-openjdk-amd64/jre/lib/amd64/server:/usr/lib/jvm/java-6-openjdk-amd64/jre/lib/amd64:/usr/lib/jvm/java-6-openjdk-amd64/jre/../lib/amd64:/usr/java/packages/lib/amd64:/usr/lib/jni:/lib:/usr/lib
14/07/19 15:29:16 INFO zookeeper.ZooKeeper: Client environment:java.io.tmpdir=/tmp
14/07/19 15:29:16 INFO zookeeper.ZooKeeper: Client environment:java.compiler=<NA>
14/07/19 15:29:16 INFO zookeeper.ZooKeeper: Client environment:os.name=Linux
14/07/19 15:29:16 INFO zookeeper.ZooKeeper: Client environment:os.arch=amd64
14/07/19 15:29:16 INFO zookeeper.ZooKeeper: Client environment:os.version=3.13.0-24-generic
14/07/19 15:29:16 INFO zookeeper.ZooKeeper: Client environment:user.name=hadoop
14/07/19 15:29:16 INFO zookeeper.ZooKeeper: Client environment:user.home=/home/hadoop
14/07/19 15:29:16 INFO zookeeper.ZooKeeper: Client environment:user.dir=/home/hadoop/ycsb-0.1.4
14/07/19 15:29:16 INFO zookeeper.ZooKeeper: Initiating client connection, connectString=sceplus-vm49.almaden.ibm.com:2181,sceplus-vm48.almaden.ibm.com:2181 sessionTimeout=90000 watcher=hconnection-0x13f1d038, quorum=sceplus-vm49.almaden.ibm.com:2181,sceplus-vm48.almaden.ibm.com:2181, baseZNode=/hbase
14/07/19 15:29:16 INFO zookeeper.RecoverableZooKeeper: Process identifier=hconnection-0x13f1d038 connecting to ZooKeeper ensemble=sceplus-vm49.almaden.ibm.com:2181,sceplus-vm48.almaden.ibm.com:2181
14/07/19 15:29:16 INFO zookeeper.ClientCnxn: Opening socket connection to server master/9.1.143.58:2181. Will not attempt to authenticate using SASL (unknown error)
14/07/19 15:29:16 INFO zookeeper.ClientCnxn: Socket connection established to master/9.1.143.58:2181, initiating session
14/07/19 15:29:16 INFO zookeeper.ClientCnxn: Session establishment complete on server master/9.1.143.58:2181, sessionid = 0x47526a8b24000d, negotiated timeout = 90000
2014-07-19 15:29:25:986 10 sec: 300913 operations; 29989.34 current ops/sec; [INSERT AverageLatency(us)=598.81] 
2014-07-19 15:29:35:987 20 sec: 535324 operations; 23438.76 current ops/sec; [INSERT AverageLatency(us)=733] 
2014-07-19 15:29:45:988 30 sec: 802996 operations; 26767.2 current ops/sec; [INSERT AverageLatency(us)=687.71] 
2014-07-19 15:29:55:988 40 sec: 1073628 operations; 27060.49 current ops/sec; [INSERT AverageLatency(us)=869.17] 
2014-07-19 15:30:05:988 50 sec: 1305468 operations; 23184 current ops/sec; [INSERT AverageLatency(us)=777.25] 
2014-07-19 15:30:15:996 60 sec: 1502700 operations; 19707.43 current ops/sec; [INSERT AverageLatency(us)=818.75] 
2014-07-19 15:30:25:996 70 sec: 1718716 operations; 21601.6 current ops/sec; [INSERT AverageLatency(us)=914.78] 
2014-07-19 15:30:35:997 80 sec: 1718716 operations; 0 current ops/sec;  
2014-07-19 15:30:45:997 90 sec: 1817332 operations; 9861.6 current ops/sec; [INSERT AverageLatency(us)=3847.98] 
2014-07-19 15:30:56:007 100 sec: 2025218 operations; 20767.83 current ops/sec; [INSERT AverageLatency(us)=1215.12] 
2014-07-19 15:31:06:008 110 sec: 2141356 operations; 11612.64 current ops/sec; [INSERT AverageLatency(us)=628.92] 
2014-07-19 15:31:16:141 120 sec: 2273251 operations; 13016.38 current ops/sec; [INSERT AverageLatency(us)=2517.53] 
2014-07-19 15:31:26:141 130 sec: 2540516 operations; 26726.5 current ops/sec; [INSERT AverageLatency(us)=610.58] 
2014-07-19 15:31:36:142 140 sec: 2540516 operations; 0 current ops/sec;  
2014-07-19 15:31:46:142 150 sec: 2798796 operations; 25828 current ops/sec; [INSERT AverageLatency(us)=1634.21] 
2014-07-19 15:31:56:143 160 sec: 3014812 operations; 21599.44 current ops/sec; [INSERT AverageLatency(us)=676.65] 
2014-07-19 15:32:06:143 170 sec: 3141604 operations; 12679.2 current ops/sec; [INSERT AverageLatency(us)=2080.33] 
2014-07-19 15:32:16:144 180 sec: 3409276 operations; 26764.52 current ops/sec; [INSERT AverageLatency(us)=643.83] 
2014-07-19 15:32:26:144 190 sec: 3442148 operations; 3287.2 current ops/sec; [INSERT AverageLatency(us)=2678.96] 
2014-07-19 15:32:36:145 200 sec: 3742692 operations; 30051.39 current ops/sec; [INSERT AverageLatency(us)=1089.1] 
2014-07-19 15:32:46:145 210 sec: 3911748 operations; 16905.6 current ops/sec; [INSERT AverageLatency(us)=1140.51] 
2014-07-19 15:32:56:146 220 sec: 4038540 operations; 12677.93 current ops/sec; [INSERT AverageLatency(us)=1713.14] 
2014-07-19 15:33:06:146 230 sec: 4104284 operations; 6574.4 current ops/sec; [INSERT AverageLatency(us)=594.48] 
2014-07-19 15:33:16:147 240 sec: 4353172 operations; 24886.31 current ops/sec; [INSERT AverageLatency(us)=1290.92] 
2014-07-19 15:33:26:147 250 sec: 4559796 operations; 20662.4 current ops/sec; [INSERT AverageLatency(us)=871.89] 
2014-07-19 15:33:36:148 260 sec: 4612664 operations; 5286.27 current ops/sec; [INSERT AverageLatency(us)=3163.42] 
2014-07-19 15:33:46:148 270 sec: 4931038 operations; 31837.4 current ops/sec; [INSERT AverageLatency(us)=949.2] 
2014-07-19 15:33:56:149 280 sec: 5024700 operations; 9365.26 current ops/sec; [INSERT AverageLatency(us)=424.47] 
2014-07-19 15:34:06:149 290 sec: 5182854 operations; 15815.4 current ops/sec; [INSERT AverageLatency(us)=2078.79] 
2014-07-19 15:34:16:150 300 sec: 5470820 operations; 28793.72 current ops/sec; [INSERT AverageLatency(us)=668.51] 
2014-07-19 15:34:26:150 310 sec: 5470820 operations; 0 current ops/sec;  
2014-07-19 15:34:36:151 320 sec: 5719708 operations; 24886.31 current ops/sec; [INSERT AverageLatency(us)=1592.78] 
2014-07-19 15:34:46:152 330 sec: 5907548 operations; 18784 current ops/sec; [INSERT AverageLatency(us)=781] 
2014-07-19 15:34:56:152 340 sec: 6029644 operations; 12208.38 current ops/sec; [INSERT AverageLatency(us)=2223.06] 
2014-07-19 15:35:06:153 350 sec: 6306708 operations; 27703.63 current ops/sec; [INSERT AverageLatency(us)=666.6] 
2014-07-19 15:35:16:153 360 sec: 6306708 operations; 0 current ops/sec;  
2014-07-19 15:35:26:398 370 sec: 6596561 operations; 28292.14 current ops/sec; [INSERT AverageLatency(us)=1391.3] 
2014-07-19 15:35:36:399 380 sec: 6827964 operations; 23140.3 current ops/sec; [INSERT AverageLatency(us)=859.24] 
2014-07-19 15:35:46:399 390 sec: 6964148 operations; 13617.04 current ops/sec; [INSERT AverageLatency(us)=1631.48] 
2014-07-19 15:35:56:400 400 sec: 7039284 operations; 7513.6 current ops/sec; [INSERT AverageLatency(us)=494.52] 
2014-07-19 15:36:06:400 410 sec: 7274084 operations; 23477.65 current ops/sec; [INSERT AverageLatency(us)=1346.27] 
2014-07-19 15:36:16:401 420 sec: 7490100 operations; 21601.6 current ops/sec; [INSERT AverageLatency(us)=863.57] 
2014-07-19 15:36:26:401 430 sec: 7551148 operations; 6104.19 current ops/sec; [INSERT AverageLatency(us)=2791.77] 
2014-07-19 15:36:36:503 440 sec: 7822973 operations; 26910.7 current ops/sec; [INSERT AverageLatency(us)=1071.72] 
2014-07-19 15:36:46:503 450 sec: 7936220 operations; 11323.57 current ops/sec; [INSERT AverageLatency(us)=421.95] 
2014-07-19 15:36:56:504 460 sec: 8138148 operations; 20190.78 current ops/sec; [INSERT AverageLatency(us)=1642.86] 
2014-07-19 15:37:06:504 470 sec: 8368252 operations; 23010.4 current ops/sec; [INSERT AverageLatency(us)=751.49] 
2014-07-19 15:37:16:505 480 sec: 8368252 operations; 0 current ops/sec;  
2014-07-19 15:37:26:505 490 sec: 8673492 operations; 30520.95 current ops/sec; [INSERT AverageLatency(us)=1386.71] 
2014-07-19 15:37:36:506 500 sec: 8823764 operations; 15027.2 current ops/sec; [INSERT AverageLatency(us)=763.4] 
2014-07-19 15:37:46:506 510 sec: 8964644 operations; 14086.59 current ops/sec; [INSERT AverageLatency(us)=2000.2] 
2014-07-19 15:37:56:506 520 sec: 9194748 operations; 23010.4 current ops/sec; [INSERT AverageLatency(us)=822.16] 
2014-07-19 15:38:06:507 530 sec: 9251100 operations; 5634.64 current ops/sec; [INSERT AverageLatency(us)=796.64] 
2014-07-19 15:38:16:508 540 sec: 9476508 operations; 22538.55 current ops/sec; [INSERT AverageLatency(us)=1435.66] 
2014-07-19 15:38:26:508 550 sec: 9673740 operations; 19723.2 current ops/sec; [INSERT AverageLatency(us)=912.82] 
2014-07-19 15:38:36:509 560 sec: 9748876 operations; 7512.85 current ops/sec; [INSERT AverageLatency(us)=2665.89] 
2014-07-19 15:38:46:509 570 sec: 10021244 operations; 27236.8 current ops/sec; [INSERT AverageLatency(us)=1009.97] 
2014-07-19 15:38:56:510 580 sec: 10241956 operations; 22068.99 current ops/sec; [INSERT AverageLatency(us)=774.36] 
2014-07-19 15:39:06:510 590 sec: 10241956 operations; 0 current ops/sec;  
2014-07-19 15:39:16:511 600 sec: 10481452 operations; 23947.21 current ops/sec; [INSERT AverageLatency(us)=1667.11] 
2014-07-19 15:39:26:511 610 sec: 10692772 operations; 21132 current ops/sec; [INSERT AverageLatency(us)=745.18] 
2014-07-19 15:39:36:512 620 sec: 10744428 operations; 5165.08 current ops/sec; [INSERT AverageLatency(us)=3049.71] 
2014-07-19 15:39:46:512 630 sec: 11030884 operations; 28645.6 current ops/sec; [INSERT AverageLatency(us)=1060.21] 
2014-07-19 15:39:56:513 640 sec: 11124804 operations; 9391.06 current ops/sec; [INSERT AverageLatency(us)=653.01] 
2014-07-19 15:40:06:513 650 sec: 11303252 operations; 17844.8 current ops/sec; [INSERT AverageLatency(us)=1857.98] 
2014-07-19 15:40:16:514 660 sec: 11589708 operations; 28642.74 current ops/sec; [INSERT AverageLatency(us)=662.34] 
2014-07-19 15:40:26:514 670 sec: 11594404 operations; 469.6 current ops/sec; [INSERT AverageLatency(us)=625.03] 
2014-07-19 15:40:36:515 680 sec: 11832551 operations; 23812.32 current ops/sec; [INSERT AverageLatency(us)=1621.58] 
2014-07-19 15:40:46:515 690 sec: 12049916 operations; 21736.5 current ops/sec; [INSERT AverageLatency(us)=715.98] 
2014-07-19 15:40:56:516 700 sec: 12161009 operations; 11108.19 current ops/sec; [INSERT AverageLatency(us)=2434.19] 
2014-07-19 15:41:06:517 710 sec: 12420900 operations; 25989.1 current ops/sec; [INSERT AverageLatency(us)=675.63] 
2014-07-19 15:41:16:517 720 sec: 12463164 operations; 4225.98 current ops/sec; [INSERT AverageLatency(us)=711.62] 
2014-07-19 15:41:26:617 730 sec: 12714506 operations; 24885.35 current ops/sec; [INSERT AverageLatency(us)=1515.46] 
2014-07-19 15:41:36:617 740 sec: 12895196 operations; 18069 current ops/sec; [INSERT AverageLatency(us)=746.99] 
2014-07-19 15:41:46:618 750 sec: 12966701 operations; 7149.79 current ops/sec; [INSERT AverageLatency(us)=3129.42] 
2014-07-19 15:41:56:618 760 sec: 13284964 operations; 31826.3 current ops/sec; [INSERT AverageLatency(us)=682.61] 
2014-07-19 15:42:06:619 770 sec: 13439932 operations; 15495.25 current ops/sec; [INSERT AverageLatency(us)=1112.13] 
2014-07-19 15:42:16:619 780 sec: 13468108 operations; 2817.6 current ops/sec; [INSERT AverageLatency(us)=3109.42] 
2014-07-19 15:42:26:620 790 sec: 13684124 operations; 21599.44 current ops/sec; [INSERT AverageLatency(us)=1397.47] 
2014-07-19 15:42:36:620 800 sec: 13914228 operations; 23010.4 current ops/sec; [INSERT AverageLatency(us)=810.31] 
2014-07-19 15:42:46:621 810 sec: 14084674 operations; 17042.9 current ops/sec; [INSERT AverageLatency(us)=1564.09] 
2014-07-19 15:42:56:622 820 sec: 14311978 operations; 22730.4 current ops/sec; [INSERT AverageLatency(us)=896.65] 
2014-07-19 15:43:06:622 830 sec: 14355652 operations; 4366.96 current ops/sec; [INSERT AverageLatency(us)=623.8] 
2014-07-19 15:43:16:623 840 sec: 14566972 operations; 21129.89 current ops/sec; [INSERT AverageLatency(us)=1475.73] 
2014-07-19 15:43:26:623 850 sec: 14797076 operations; 23010.4 current ops/sec; [INSERT AverageLatency(us)=919.98] 
2014-07-19 15:43:36:624 860 sec: 14886300 operations; 8921.51 current ops/sec; [INSERT AverageLatency(us)=2602.84] 
2014-07-19 15:43:46:626 870 sec: 15122179 operations; 23583.18 current ops/sec; [INSERT AverageLatency(us)=949.5] 
2014-07-19 15:43:56:626 880 sec: 15271372 operations; 14919.3 current ops/sec; [INSERT AverageLatency(us)=604.88] 
2014-07-19 15:44:06:627 890 sec: 15454516 operations; 18312.57 current ops/sec; [INSERT AverageLatency(us)=1337] 
2014-07-19 15:44:16:627 900 sec: 15665836 operations; 21132 current ops/sec; [INSERT AverageLatency(us)=1076.62] 
2014-07-19 15:44:26:962 911 sec: 15745781 operations; 7736.11 current ops/sec; [INSERT AverageLatency(us)=2874.72] 
2014-07-19 15:44:36:962 921 sec: 16003948 operations; 25814.12 current ops/sec; [INSERT AverageLatency(us)=772.35] 
2014-07-19 15:44:46:963 931 sec: 16107260 operations; 10330.17 current ops/sec; [INSERT AverageLatency(us)=470.29] 
2014-07-19 15:44:56:963 941 sec: 16309188 operations; 20192.8 current ops/sec; [INSERT AverageLatency(us)=1476.77] 
2014-07-19 15:45:06:964 951 sec: 16586252 operations; 27703.63 current ops/sec; [INSERT AverageLatency(us)=833.61] 
2014-07-19 15:45:16:964 961 sec: 16633212 operations; 4696 current ops/sec; [INSERT AverageLatency(us)=688.22] 
2014-07-19 15:45:26:965 971 sec: 16769396 operations; 13617.04 current ops/sec; [INSERT AverageLatency(us)=2749] 
2014-07-19 15:45:36:965 981 sec: 17088724 operations; 31932.8 current ops/sec; [INSERT AverageLatency(us)=648.81] 
2014-07-19 15:45:46:966 991 sec: 17126292 operations; 3756.42 current ops/sec; [INSERT AverageLatency(us)=614.73] 
2014-07-19 15:45:56:966 1001 sec: 17314132 operations; 18784 current ops/sec; [INSERT AverageLatency(us)=1963.01] 
2014-07-19 15:46:06:967 1011 sec: 17558324 operations; 24416.76 current ops/sec; [INSERT AverageLatency(us)=656.67] 
2014-07-19 15:46:16:968 1021 sec: 17566607 operations; 828.22 current ops/sec; [INSERT AverageLatency(us)=3504.11] 
2014-07-19 15:46:26:968 1031 sec: 17863564 operations; 29695.7 current ops/sec; [INSERT AverageLatency(us)=1323.03] 
2014-07-19 15:46:36:969 1041 sec: 18004444 operations; 14086.59 current ops/sec; [INSERT AverageLatency(us)=833.29] 
2014-07-19 15:46:46:969 1051 sec: 18131592 operations; 12714.8 current ops/sec; [INSERT AverageLatency(us)=2400.23] 
2014-07-19 15:46:56:970 1061 sec: 18403604 operations; 27198.48 current ops/sec; [INSERT AverageLatency(us)=703.26] 
2014-07-19 15:47:06:970 1071 sec: 18450564 operations; 4696 current ops/sec; [INSERT AverageLatency(us)=655.63] 
2014-07-19 15:47:16:971 1081 sec: 18732324 operations; 28173.18 current ops/sec; [INSERT AverageLatency(us)=1277.22] 
2014-07-19 15:47:26:971 1091 sec: 18873204 operations; 14088 current ops/sec; [INSERT AverageLatency(us)=694.09] 
2014-07-19 15:47:37:014 1101 sec: 18938320 operations; 6483.72 current ops/sec; [INSERT AverageLatency(us)=4674.97] 
2014-07-19 15:47:47:014 1111 sec: 19225404 operations; 28708.4 current ops/sec; [INSERT AverageLatency(us)=627.18] 
2014-07-19 15:47:57:015 1121 sec: 19309932 operations; 8451.95 current ops/sec; [INSERT AverageLatency(us)=754.1] 
2014-07-19 15:48:07:015 1131 sec: 19554124 operations; 24419.2 current ops/sec; [INSERT AverageLatency(us)=1468.11] 
2014-07-19 15:48:17:016 1141 sec: 19709092 operations; 15495.25 current ops/sec; [INSERT AverageLatency(us)=790.22] 
2014-07-19 15:48:27:017 1151 sec: 19831188 operations; 12209.6 current ops/sec; [INSERT AverageLatency(us)=1308.87] 
2014-07-19 15:48:37:017 1161 sec: 20037812 operations; 20660.33 current ops/sec; [INSERT AverageLatency(us)=1301.38] 
2014-07-19 15:48:47:018 1171 sec: 20230775 operations; 19294.37 current ops/sec; [INSERT AverageLatency(us)=1342.9] 
2014-07-19 15:48:57:018 1181 sec: 20390012 operations; 15923.7 current ops/sec; [INSERT AverageLatency(us)=1205.39] 
2014-07-19 15:49:07:019 1191 sec: 20488628 operations; 9860.61 current ops/sec; [INSERT AverageLatency(us)=512.28] 
2014-07-19 15:49:17:019 1201 sec: 20723428 operations; 23480 current ops/sec; [INSERT AverageLatency(us)=1218.26] 
2014-07-19 15:49:27:020 1211 sec: 20944140 operations; 22068.99 current ops/sec; [INSERT AverageLatency(us)=1036.78] 
2014-07-19 15:49:37:020 1221 sec: 21056844 operations; 11270.4 current ops/sec; [INSERT AverageLatency(us)=2081.91] 
2014-07-19 15:49:47:021 1231 sec: 21225900 operations; 16903.91 current ops/sec; [INSERT AverageLatency(us)=838.67] 
2014-07-19 15:49:57:022 1241 sec: 21376172 operations; 15027.2 current ops/sec; [INSERT AverageLatency(us)=896.57] 
2014-07-19 15:50:07:022 1251 sec: 21593226 operations; 21703.23 current ops/sec; [INSERT AverageLatency(us)=1414.56] 
2014-07-19 15:50:17:023 1261 sec: 21836380 operations; 24312.97 current ops/sec; [INSERT AverageLatency(us)=754.01] 
2014-07-19 15:50:27:023 1271 sec: 21892732 operations; 5635.2 current ops/sec; [INSERT AverageLatency(us)=2614.47] 
2014-07-19 15:50:37:024 1281 sec: 22099356 operations; 20660.33 current ops/sec; [INSERT AverageLatency(us)=1145.43] 
2014-07-19 15:50:47:024 1291 sec: 22268412 operations; 16905.6 current ops/sec; [INSERT AverageLatency(us)=675.89] 
2014-07-19 15:50:57:025 1301 sec: 22460948 operations; 19251.67 current ops/sec; [INSERT AverageLatency(us)=1534.53] 
2014-07-19 15:51:07:025 1311 sec: 22691052 operations; 23010.4 current ops/sec; [INSERT AverageLatency(us)=885.62] 
2014-07-19 15:51:17:026 1321 sec: 22827236 operations; 13617.04 current ops/sec; [INSERT AverageLatency(us)=1674.12] 
2014-07-19 15:51:27:027 1331 sec: 23019772 operations; 19253.6 current ops/sec; [INSERT AverageLatency(us)=628.5] 
2014-07-19 15:51:37:027 1341 sec: 23019772 operations; 0 current ops/sec;  
2014-07-19 15:51:47:027 1351 sec: 23300644 operations; 28087.2 current ops/sec; [INSERT AverageLatency(us)=1632.83] 
2014-07-19 15:51:57:028 1361 sec: 23470588 operations; 16992.7 current ops/sec; [INSERT AverageLatency(us)=723.94] 
2014-07-19 15:52:07:029 1371 sec: 23625556 operations; 15495.25 current ops/sec; [INSERT AverageLatency(us)=1870.19] 
2014-07-19 15:52:17:029 1381 sec: 23888532 operations; 26297.6 current ops/sec; [INSERT AverageLatency(us)=689.36] 
2014-07-19 15:52:27:030 1391 sec: 23907316 operations; 1878.21 current ops/sec; [INSERT AverageLatency(us)=887.87] 
2014-07-19 15:52:37:030 1401 sec: 24193772 operations; 28645.6 current ops/sec; [INSERT AverageLatency(us)=1381.94] 
2014-07-19 15:52:47:031 1411 sec: 24348740 operations; 15495.25 current ops/sec; [INSERT AverageLatency(us)=704.42] 
2014-07-19 15:52:57:031 1421 sec: 24478171 operations; 12943.1 current ops/sec; [INSERT AverageLatency(us)=2236.69] 
2014-07-19 15:53:07:032 1431 sec: 24761988 operations; 28378.86 current ops/sec; [INSERT AverageLatency(us)=619.67] 
2014-07-19 15:53:17:033 1441 sec: 24825744 operations; 6375.6 current ops/sec; [INSERT AverageLatency(us)=2818.02] 
2014-07-19 15:53:27:033 1451 sec: 25104796 operations; 27902.41 current ops/sec; [INSERT AverageLatency(us)=805.72] 
2014-07-19 15:53:37:034 1461 sec: 25142364 operations; 3756.42 current ops/sec; [INSERT AverageLatency(us)=690.6] 
2014-07-19 15:53:47:034 1471 sec: 25377164 operations; 23480 current ops/sec; [INSERT AverageLatency(us)=1545.88] 
2014-07-19 15:53:57:035 1481 sec: 25583788 operations; 20660.33 current ops/sec; [INSERT AverageLatency(us)=895.13] 
2014-07-19 15:54:07:586 1491 sec: 25660990 operations; 7317.03 current ops/sec; [INSERT AverageLatency(us)=3226.88] 
2014-07-19 15:54:17:587 1501 sec: 25921900 operations; 26088.39 current ops/sec; [INSERT AverageLatency(us)=750.64] 
2014-07-19 15:54:27:587 1511 sec: 26114436 operations; 19253.6 current ops/sec; [INSERT AverageLatency(us)=743.36] 
2014-07-19 15:54:37:587 1521 sec: 26114436 operations; 0 current ops/sec;  
2014-07-19 15:54:47:588 1531 sec: 26349236 operations; 23477.65 current ops/sec; [INSERT AverageLatency(us)=1704.7] 
2014-07-19 15:54:57:588 1541 sec: 26593428 operations; 24419.2 current ops/sec; [INSERT AverageLatency(us)=822.53] 
2014-07-19 15:55:07:589 1551 sec: 26710080 operations; 11664.03 current ops/sec; [INSERT AverageLatency(us)=2074.62] 
2014-07-19 15:55:17:589 1561 sec: 26879884 operations; 16980.4 current ops/sec; [INSERT AverageLatency(us)=1072.79] 
2014-07-19 15:55:27:590 1571 sec: 27034852 operations; 15495.25 current ops/sec; [INSERT AverageLatency(us)=675.39] 
2014-07-19 15:55:37:590 1581 sec: 27264956 operations; 23010.4 current ops/sec; [INSERT AverageLatency(us)=1307.99] 
2014-07-19 15:55:47:591 1591 sec: 27495060 operations; 23008.1 current ops/sec; [INSERT AverageLatency(us)=874.86] 
2014-07-19 15:55:57:591 1601 sec: 27504452 operations; 939.2 current ops/sec; [INSERT AverageLatency(us)=2783.03] 
2014-07-19 15:56:07:592 1611 sec: 27715772 operations; 21129.89 current ops/sec; [INSERT AverageLatency(us)=1384.92] 
2014-07-19 15:56:17:592 1621 sec: 27950572 operations; 23480 current ops/sec; [INSERT AverageLatency(us)=938.26] 
2014-07-19 15:56:27:593 1631 sec: 28133716 operations; 18314.4 current ops/sec; [INSERT AverageLatency(us)=1371.31] 
2014-07-19 15:56:37:593 1641 sec: 28321556 operations; 18782.12 current ops/sec; [INSERT AverageLatency(us)=1112.88] 
2014-07-19 15:56:47:593 1651 sec: 28368516 operations; 4696 current ops/sec; [INSERT AverageLatency(us)=1077.87] 
2014-07-19 15:56:57:594 1661 sec: 28575140 operations; 20660.33 current ops/sec; [INSERT AverageLatency(us)=1295.11] 
2014-07-19 15:57:07:594 1671 sec: 28795852 operations; 22071.2 current ops/sec; [INSERT AverageLatency(us)=900.58] 
2014-07-19 15:57:17:595 1681 sec: 28955516 operations; 15964.8 current ops/sec; [INSERT AverageLatency(us)=1722.68] 
2014-07-19 15:57:27:595 1691 sec: 29204404 operations; 24888.8 current ops/sec; [INSERT AverageLatency(us)=784.05] 
2014-07-19 15:57:37:596 1701 sec: 29326500 operations; 12208.38 current ops/sec; [INSERT AverageLatency(us)=752.09] 
2014-07-19 15:57:47:596 1711 sec: 29335892 operations; 939.2 current ops/sec; [INSERT AverageLatency(us)=4003.21] 
2014-07-19 15:57:57:597 1721 sec: 29659916 operations; 32399.16 current ops/sec; [INSERT AverageLatency(us)=1452.27] 
2014-07-19 15:58:07:597 1731 sec: 29810188 operations; 15027.2 current ops/sec; [INSERT AverageLatency(us)=713.86] 
2014-07-19 15:58:17:598 1741 sec: 29918196 operations; 10799.72 current ops/sec; [INSERT AverageLatency(us)=2823.46] 
2014-07-19 15:58:27:598 1751 sec: 30204652 operations; 28645.6 current ops/sec; [INSERT AverageLatency(us)=685.68] 
2014-07-19 15:58:37:599 1761 sec: 30237524 operations; 3286.87 current ops/sec; [INSERT AverageLatency(us)=571.76] 
2014-07-19 15:58:47:599 1771 sec: 30477020 operations; 23949.6 current ops/sec; [INSERT AverageLatency(us)=1546.78] 
2014-07-19 15:58:57:600 1781 sec: 30688340 operations; 21129.89 current ops/sec; [INSERT AverageLatency(us)=661.16] 
2014-07-19 15:59:07:600 1791 sec: 30688340 operations; 0 current ops/sec; [INSERT AverageLatency(us)=4234998] 
2014-07-19 15:59:17:601 1801 sec: 31021756 operations; 33338.27 current ops/sec; [INSERT AverageLatency(us)=1275.16] 
2014-07-19 15:59:27:601 1811 sec: 31125068 operations; 10331.2 current ops/sec; [INSERT AverageLatency(us)=874.15] 
2014-07-19 15:59:37:602 1821 sec: 31336388 operations; 21129.89 current ops/sec; [INSERT AverageLatency(us)=1499.27] 
2014-07-19 15:59:47:602 1831 sec: 31528924 operations; 19253.6 current ops/sec; [INSERT AverageLatency(us)=696.34] 
2014-07-19 15:59:57:662 1841 sec: 31579804 operations; 5057.65 current ops/sec; [INSERT AverageLatency(us)=5001.3] 
2014-07-19 16:00:07:663 1851 sec: 31918692 operations; 33885.41 current ops/sec; [INSERT AverageLatency(us)=619.28] 
2014-07-19 16:00:17:663 1861 sec: 31928084 operations; 939.2 current ops/sec; [INSERT AverageLatency(us)=750.65] 
2014-07-19 16:00:27:913 1871 sec: 32201850 operations; 26708.88 current ops/sec; [INSERT AverageLatency(us)=1377.7] 
2014-07-19 16:00:37:913 1881 sec: 32454036 operations; 25218.6 current ops/sec; [INSERT AverageLatency(us)=922.74] 
2014-07-19 16:00:47:914 1891 sec: 32468124 operations; 1408.66 current ops/sec; [INSERT AverageLatency(us)=1825.34] 
2014-07-19 16:00:57:914 1901 sec: 32674748 operations; 20662.4 current ops/sec; [INSERT AverageLatency(us)=1350.77] 
2014-07-19 16:01:07:915 1911 sec: 32904852 operations; 23008.1 current ops/sec; [INSERT AverageLatency(us)=1151.51] 
2014-07-19 16:01:17:915 1921 sec: 33130260 operations; 22540.8 current ops/sec; [INSERT AverageLatency(us)=959.96] 
2014-07-19 16:01:27:928 1931 sec: 33233572 operations; 10317.79 current ops/sec; [INSERT AverageLatency(us)=2104.91] 
2014-07-19 16:01:37:928 1941 sec: 33408713 operations; 17514.1 current ops/sec; [INSERT AverageLatency(us)=879.47] 
2014-07-19 16:01:47:929 1951 sec: 33566988 operations; 15825.92 current ops/sec; [INSERT AverageLatency(us)=670.98] 
2014-07-19 16:01:57:929 1961 sec: 33773612 operations; 20662.4 current ops/sec; [INSERT AverageLatency(us)=1535.13] 
2014-07-19 16:02:07:930 1971 sec: 34027196 operations; 25355.86 current ops/sec; [INSERT AverageLatency(us)=757.06] 
2014-07-19 16:02:17:930 1981 sec: 34033060 operations; 586.4 current ops/sec; [INSERT AverageLatency(us)=4493.34] 
2014-07-19 16:02:27:931 1991 sec: 34304260 operations; 27117.29 current ops/sec; [INSERT AverageLatency(us)=1329.04] 
2014-07-19 16:02:37:931 2001 sec: 34473316 operations; 16905.6 current ops/sec; [INSERT AverageLatency(us)=743.52] 
2014-07-19 16:02:47:932 2011 sec: 34675244 operations; 20190.78 current ops/sec; [INSERT AverageLatency(us)=1473.65] 
2014-07-19 16:02:57:932 2021 sec: 34886564 operations; 21132 current ops/sec; [INSERT AverageLatency(us)=957.56] 
2014-07-19 16:03:07:933 2031 sec: 34908232 operations; 2166.58 current ops/sec; [INSERT AverageLatency(us)=2428.42] 
2014-07-19 16:03:17:933 2041 sec: 35154236 operations; 24600.4 current ops/sec; [INSERT AverageLatency(us)=1247.9] 
2014-07-19 16:03:27:934 2051 sec: 35313900 operations; 15964.8 current ops/sec; [INSERT AverageLatency(us)=618.57] 
2014-07-19 16:03:37:934 2061 sec: 35600356 operations; 28645.6 current ops/sec; [INSERT AverageLatency(us)=1180.89] 
2014-07-19 16:03:47:935 2071 sec: 35642620 operations; 4225.98 current ops/sec; [INSERT AverageLatency(us)=478.92] 
2014-07-19 16:03:57:935 2081 sec: 35800980 operations; 15836 current ops/sec; [INSERT AverageLatency(us)=2323.66] 
2014-07-19 16:04:07:936 2091 sec: 36069956 operations; 26894.91 current ops/sec; [INSERT AverageLatency(us)=744.23] 
2014-07-19 16:04:17:936 2101 sec: 36112220 operations; 4226.4 current ops/sec; [INSERT AverageLatency(us)=676.35] 
2014-07-19 16:04:27:937 2111 sec: 36379892 operations; 26764.52 current ops/sec; [INSERT AverageLatency(us)=1393.1] 
2014-07-19 16:04:37:937 2121 sec: 36544252 operations; 16436 current ops/sec; [INSERT AverageLatency(us)=770.72] 
2014-07-19 16:04:47:938 2131 sec: 36628780 operations; 8451.95 current ops/sec; [INSERT AverageLatency(us)=2894.19] 
2014-07-19 16:04:57:938 2141 sec: 36919932 operations; 29115.2 current ops/sec; [INSERT AverageLatency(us)=756.41] 
2014-07-19 16:05:07:939 2151 sec: 36971588 operations; 5165.08 current ops/sec; [INSERT AverageLatency(us)=661.03] 
2014-07-19 16:05:17:939 2161 sec: 37177394 operations; 20580.6 current ops/sec; [INSERT AverageLatency(us)=1726.72] 
2014-07-19 16:05:27:940 2171 sec: 37403620 operations; 22620.34 current ops/sec; [INSERT AverageLatency(us)=728.54] 
2014-07-19 16:05:37:940 2181 sec: 37549196 operations; 14557.6 current ops/sec; [INSERT AverageLatency(us)=1828.85] 
2014-07-19 16:05:47:941 2191 sec: 37788692 operations; 23947.21 current ops/sec; [INSERT AverageLatency(us)=648.01] 
2014-07-19 16:05:57:941 2201 sec: 37798084 operations; 939.2 current ops/sec; [INSERT AverageLatency(us)=2954.06] 
2014-07-19 16:06:07:942 2211 sec: 38122108 operations; 32399.16 current ops/sec; [INSERT AverageLatency(us)=1248.3] 
2014-07-19 16:06:17:942 2221 sec: 38187852 operations; 6574.4 current ops/sec; [INSERT AverageLatency(us)=667.91] 
2014-07-19 16:06:27:943 2231 sec: 38380388 operations; 19251.67 current ops/sec; [INSERT AverageLatency(us)=1831.82] 
2014-07-19 16:06:37:943 2241 sec: 38591708 operations; 21132 current ops/sec; [INSERT AverageLatency(us)=718.86] 
2014-07-19 16:06:47:944 2251 sec: 38709108 operations; 11738.83 current ops/sec; [INSERT AverageLatency(us)=1073.86] 
2014-07-19 16:06:57:944 2261 sec: 38920428 operations; 21132 current ops/sec; [INSERT AverageLatency(us)=1158.43] 
2014-07-19 16:07:07:945 2271 sec: 39084647 operations; 16420.26 current ops/sec; [INSERT AverageLatency(us)=1714.48] 
2014-07-19 16:07:17:945 2281 sec: 39333676 operations; 24902.9 current ops/sec; [INSERT AverageLatency(us)=755.6] 
2014-07-19 16:07:27:946 2291 sec: 39357156 operations; 2347.77 current ops/sec; [INSERT AverageLatency(us)=531.71] 
2014-07-19 16:07:37:946 2301 sec: 39610740 operations; 25358.4 current ops/sec; [INSERT AverageLatency(us)=1481.82] 
2014-07-19 16:07:47:947 2311 sec: 39803276 operations; 19251.67 current ops/sec; [INSERT AverageLatency(us)=729.01] 
2014-07-19 16:07:58:623 2322 sec: 39846259 operations; 4026.51 current ops/sec; [INSERT AverageLatency(us)=3659.14] 
2014-07-19 16:08:08:623 2332 sec: 40164868 operations; 31857.71 current ops/sec; [INSERT AverageLatency(us)=1022.82] 
2014-07-19 16:08:18:624 2342 sec: 40268180 operations; 10331.2 current ops/sec; [INSERT AverageLatency(us)=651.7] 
2014-07-19 16:08:28:624 2352 sec: 40371492 operations; 10330.17 current ops/sec; [INSERT AverageLatency(us)=3243.57] 
2014-07-19 16:08:38:625 2362 sec: 40676693 operations; 30517.05 current ops/sec; [INSERT AverageLatency(us)=620.77] 
2014-07-19 16:08:48:625 2372 sec: 40709604 operations; 3291.1 current ops/sec; [INSERT AverageLatency(us)=801.55] 
2014-07-19 16:08:58:626 2382 sec: 40991364 operations; 28173.18 current ops/sec; [INSERT AverageLatency(us)=1309.58] 
2014-07-19 16:09:08:626 2392 sec: 41099372 operations; 10800.8 current ops/sec; [INSERT AverageLatency(us)=812.23] 
2014-07-19 16:09:18:627 2402 sec: 41310692 operations; 21129.89 current ops/sec; [INSERT AverageLatency(us)=1566.5] 
2014-07-19 16:09:28:627 2412 sec: 41503228 operations; 19253.6 current ops/sec; [INSERT AverageLatency(us)=690.21] 
2014-07-19 16:09:38:628 2422 sec: 41611236 operations; 10799.72 current ops/sec; [INSERT AverageLatency(us)=1780.72] 
2014-07-19 16:09:48:628 2432 sec: 41817860 operations; 20662.4 current ops/sec; [INSERT AverageLatency(us)=980.05] 
2014-07-19 16:09:58:694 2442 sec: 41866925 operations; 4874.33 current ops/sec; [INSERT AverageLatency(us)=3141.87] 
2014-07-19 16:10:08:694 2452 sec: 42132492 operations; 26556.7 current ops/sec; [INSERT AverageLatency(us)=1033.39] 
2014-07-19 16:10:18:695 2462 sec: 42282764 operations; 15025.7 current ops/sec; [INSERT AverageLatency(us)=658.98] 
2014-07-19 16:10:28:695 2472 sec: 42444873 operations; 16210.9 current ops/sec; [INSERT AverageLatency(us)=2066.45] 
2014-07-19 16:10:38:696 2482 sec: 42691316 operations; 24641.84 current ops/sec; [INSERT AverageLatency(us)=746.88] 
2014-07-19 16:10:48:696 2492 sec: 42719492 operations; 2817.6 current ops/sec; [INSERT AverageLatency(us)=634.34] 
2014-07-19 16:10:58:697 2502 sec: 42944900 operations; 22538.55 current ops/sec; [INSERT AverageLatency(us)=1743.41] 
2014-07-19 16:11:08:698 2512 sec: 43165612 operations; 22071.2 current ops/sec; [INSERT AverageLatency(us)=735.67] 
2014-07-19 16:11:18:698 2522 sec: 43165612 operations; 0 current ops/sec;  
2014-07-19 16:11:28:699 2532 sec: 43456764 operations; 29115.2 current ops/sec; [INSERT AverageLatency(us)=1413.12] 
2014-07-19 16:11:38:699 2542 sec: 43611732 operations; 15495.25 current ops/sec; [INSERT AverageLatency(us)=804.5] 
2014-07-19 16:11:48:700 2552 sec: 43776092 operations; 16434.36 current ops/sec; [INSERT AverageLatency(us)=1858.48] 
2014-07-19 16:11:58:700 2562 sec: 44024980 operations; 24888.8 current ops/sec; [INSERT AverageLatency(us)=627.44] 
2014-07-19 16:12:08:701 2572 sec: 44024980 operations; 0 current ops/sec;  
2014-07-19 16:12:18:701 2582 sec: 44353700 operations; 32872 current ops/sec; [INSERT AverageLatency(us)=1321.41] 
2014-07-19 16:12:28:702 2592 sec: 44438228 operations; 8451.95 current ops/sec; [INSERT AverageLatency(us)=838] 
2014-07-19 16:12:38:702 2602 sec: 44644852 operations; 20662.4 current ops/sec; [INSERT AverageLatency(us)=1534.98] 
2014-07-19 16:12:48:703 2612 sec: 44832692 operations; 18782.12 current ops/sec; [INSERT AverageLatency(us)=686.36] 
2014-07-19 16:12:58:703 2622 sec: 44945396 operations; 11270.4 current ops/sec; [INSERT AverageLatency(us)=1202] 
2014-07-19 16:13:08:704 2632 sec: 45161412 operations; 21599.44 current ops/sec; [INSERT AverageLatency(us)=1333.07] 
2014-07-19 16:13:18:704 2642 sec: 45335164 operations; 17375.2 current ops/sec; [INSERT AverageLatency(us)=1493.11] 
2014-07-19 16:13:28:705 2652 sec: 45565268 operations; 23008.1 current ops/sec; [INSERT AverageLatency(us)=789.12] 
2014-07-19 16:13:38:705 2662 sec: 45638631 operations; 7336.3 current ops/sec; [INSERT AverageLatency(us)=1103.32] 
2014-07-19 16:13:48:836 2672 sec: 45877780 operations; 23605.67 current ops/sec; [INSERT AverageLatency(us)=1147.36] 
2014-07-19 16:13:58:836 2682 sec: 46063044 operations; 18526.4 current ops/sec; [INSERT AverageLatency(us)=849.49] 
2014-07-19 16:14:08:837 2692 sec: 46199228 operations; 13617.04 current ops/sec; [INSERT AverageLatency(us)=2187.82] 
2014-07-19 16:14:18:837 2702 sec: 46457508 operations; 25828 current ops/sec; [INSERT AverageLatency(us)=737.79] 
2014-07-19 16:14:28:838 2712 sec: 46495076 operations; 3756.42 current ops/sec; [INSERT AverageLatency(us)=680.51] 
2014-07-19 16:14:38:839 2722 sec: 46739268 operations; 24416.76 current ops/sec; [INSERT AverageLatency(us)=1573.08] 
2014-07-19 16:14:48:839 2732 sec: 46964676 operations; 22540.8 current ops/sec; [INSERT AverageLatency(us)=653.33] 
2014-07-19 16:14:58:840 2742 sec: 47105556 operations; 14086.59 current ops/sec; [INSERT AverageLatency(us)=1808.75] 
2014-07-19 16:15:08:840 2752 sec: 47335660 operations; 23010.4 current ops/sec; [INSERT AverageLatency(us)=681.46] 
2014-07-19 16:15:18:841 2762 sec: 47392012 operations; 5634.64 current ops/sec; [INSERT AverageLatency(us)=2762.21] 
2014-07-19 16:15:28:841 2772 sec: 47692556 operations; 30054.4 current ops/sec; [INSERT AverageLatency(us)=891.38] 
2014-07-19 16:15:38:842 2782 sec: 47809956 operations; 11738.83 current ops/sec; [INSERT AverageLatency(us)=1408.19] 
2014-07-19 16:15:48:842 2792 sec: 47809956 operations; 0 current ops/sec;  
2014-07-19 16:15:58:843 2802 sec: 48077628 operations; 26764.52 current ops/sec; [INSERT AverageLatency(us)=1637.78] 
2014-07-19 16:16:08:843 2812 sec: 48354692 operations; 27706.4 current ops/sec; [INSERT AverageLatency(us)=771.13] 
2014-07-19 16:16:18:844 2822 sec: 48368780 operations; 1408.66 current ops/sec; [INSERT AverageLatency(us)=2501.4] 
2014-07-19 16:16:28:845 2832 sec: 48683412 operations; 31460.05 current ops/sec; [INSERT AverageLatency(us)=1113.01] 
2014-07-19 16:16:38:845 2842 sec: 48744460 operations; 6104.8 current ops/sec; [INSERT AverageLatency(us)=682.36] 
2014-07-19 16:16:48:846 2852 sec: 48971597 operations; 22711.43 current ops/sec; [INSERT AverageLatency(us)=1438.82] 
2014-07-19 16:16:58:846 2862 sec: 49126565 operations; 15496.8 current ops/sec; [UPDATE AverageLatency(us)=5424337] [INSERT AverageLatency(us)=731.47] [CLEANUP AverageLatency(us)=5424472] 
2014-07-19 16:17:08:847 2872 sec: 49287958 operations; 16137.69 current ops/sec;  [INSERT AverageLatency(us)=1844.57]  
2014-07-19 16:17:18:847 2882 sec: 49490377 operations; 20241.9 current ops/sec; [UPDATE AverageLatency(us)=6279537.5] [INSERT AverageLatency(us)=667.04] [CLEANUP AverageLatency(us)=6279750.5] 
2014-07-19 16:17:28:848 2892 sec: 49490377 operations; 0 current ops/sec;    
2014-07-19 16:17:38:849 2902 sec: 49674012 operations; 18363.5 current ops/sec; [UPDATE AverageLatency(us)=17355162] [INSERT AverageLatency(us)=1549.26] [CLEANUP AverageLatency(us)=17355175] 
2014-07-19 16:17:48:849 2912 sec: 49898673 operations; 22463.85 current ops/sec; [UPDATE AverageLatency(us)=6711396.75] [INSERT AverageLatency(us)=678.14] [CLEANUP AverageLatency(us)=6711409.75] 
2014-07-19 16:17:58:850 2922 sec: 49998271 operations; 9958.8 current ops/sec; [UPDATE AverageLatency(us)=2159504.22] [INSERT AverageLatency(us)=554.3] [CLEANUP AverageLatency(us)=2166283.67] 
2014-07-19 16:18:00:419 2924 sec: 50000000 operations; 1101.98 current ops/sec; [UPDATE AverageLatency(us)=956238] [INSERT AverageLatency(us)=393.07] [CLEANUP AverageLatency(us)=956250.5] 
+ echo 'end time:'
end time:
++ date +%s
+ echo 1405811880
1405811880
+ echo 'sleeping for 10 sec ...'
sleeping for 10 sec ...
+ sleep 10
+ false
+ false
+ false
+ false
+ false
+ false
+ false
+ false
+ let counter=1+1
+ read line
+ set +x
