+ filename=case383
+ requestdistribution=
+ RESULT_DIR=/home/hadoop/git/physical_design/caseresult/case383
+ TEN=10
+ SIXTY=60
+ SLEEP_TIME=60
+ YCSB_DIR=/home/hadoop/ycsb-0.1.4
+ number_of_operations=25000000
+ number_of_threads=20
+ number_of_records=25000000
+ output_file_suffix=.dat
+ experiment_list_file=/home/hadoop/git/physical_design/case383.list
+ clean=false
+ create=false
+ load=false
+ random_read=false
+ workloada=false
+ workloadb=false
+ workloadc=false
+ workloadc1=false
+ scan=false
+ all=false
+ for i in '$@'
+ '[' case383 == all ']'
+ '[' case383 == clean ']'
+ '[' case383 == create ']'
+ '[' case383 == load ']'
+ '[' case383 == random_read ']'
+ '[' case383 == scan ']'
+ '[' case383 == workloada ']'
+ '[' case383 == workloadb ']'
+ '[' case383 == workloadc ']'
+ '[' case383 == workloadc1 ']'
+ '[' case383 == zipfian ']'
+ '[' case383 == uniform ']'
+ for i in '$@'
+ '[' clean == all ']'
+ '[' clean == clean ']'
+ clean=true
+ for i in '$@'
+ '[' create == all ']'
+ '[' create == clean ']'
+ '[' create == create ']'
+ create=true
+ for i in '$@'
+ '[' workloadb == all ']'
+ '[' workloadb == clean ']'
+ '[' workloadb == create ']'
+ '[' workloadb == load ']'
+ '[' workloadb == random_read ']'
+ '[' workloadb == scan ']'
+ '[' workloadb == workloada ']'
+ '[' workloadb == workloadb ']'
+ workloadb=true
+ for i in '$@'
+ '[' zipfian == all ']'
+ '[' zipfian == clean ']'
+ '[' zipfian == create ']'
+ '[' zipfian == load ']'
+ '[' zipfian == random_read ']'
+ '[' zipfian == scan ']'
+ '[' zipfian == workloada ']'
+ '[' zipfian == workloadb ']'
+ '[' zipfian == workloadc ']'
+ '[' zipfian == workloadc1 ']'
+ '[' zipfian == zipfian ']'
+ requestdistribution=zipfian
+ let counter=1
+ cd /home/hadoop/ycsb-0.1.4
++ pwd
+ echo /home/hadoop/ycsb-0.1.4
/home/hadoop/ycsb-0.1.4
+ read line
+ false
+ true
+ echo 'sleeping for 60 ...'
sleeping for 60 ...
+ sleep 60
+ echo 'droping usertable...'
droping usertable...
+ ssh hadoop@slave1 /home/hadoop/hbase/bin/hbase-daemon.sh start regionserver
starting regionserver, logging to /home/hadoop/hbase/bin/../logs/hbase-hadoop-regionserver-sceplus-vm49.out
+ ssh hadoop@master /home/hadoop/hbase/bin/hbase shell /home/hadoop/git/physical_design/delete_table
2014-08-12 21:32:27,287 WARN  [main] util.NativeCodeLoader: Unable to load native-hadoop library for your platform... using builtin-java classes where applicable
0 row(s) in 2.9990 seconds

0 row(s) in 2.3000 seconds

0 row(s) in 0.1020 seconds

+ echo 'sleeping for 60 ...'
sleeping for 60 ...
+ sleep 60
+ false
+ true
+ echo 'creating usertable...'
creating usertable...
+ create_statement='create '\''usertable'\'', { NAME=>'\''family'\'', COMPRESSION=>'\''GZ'\''}, SPLITS => ['\''user1'\'', '\''user2'\'', '\''user3'\'', '\''user4'\'', '\''user5'\'', '\''user6'\'', '\''user7'\'', '\''user8'\'', '\''user9'\'']'
+ echo create ''\''usertable'\'',' '{' 'NAME=>'\''family'\'',' 'COMPRESSION=>'\''GZ'\''},' SPLITS '=>' '['\''user1'\'',' ''\''user2'\'',' ''\''user3'\'',' ''\''user4'\'',' ''\''user5'\'',' ''\''user6'\'',' ''\''user7'\'',' ''\''user8'\'',' ''\''user9'\'']'
+ echo 'exit '
+ scp /home/hadoop/git/physical_design/caseresult/case383/create_1.script hadoop@master:/home/hadoop/git/physical_design/caseresult/case383/create_1.script
+ create_table /home/hadoop/git/physical_design/caseresult/case383/create_1.script
+ echo 'creating table...'
creating table...
+ echo /home/hadoop/git/physical_design/caseresult/case383/create_1.script
/home/hadoop/git/physical_design/caseresult/case383/create_1.script
+ ssh hadoop@master /home/hadoop/hbase/bin/hbase shell /home/hadoop/git/physical_design/caseresult/case383/create_1.script
2014-08-12 21:33:39,881 WARN  [main] util.NativeCodeLoader: Unable to load native-hadoop library for your platform... using builtin-java classes where applicable
0 row(s) in 2.4770 seconds

+ echo 'sleeping for 10 sec ...'
sleeping for 10 sec ...
+ sleep 10
+ false
+ false
+ false
+ false
+ false
+ false
+ false
+ false
+ false
+ true
+ echo workloadb...
workloadb...
+ echo 'start time: '
start time: 
++ date +%s
+ echo 1407875966
1407875966
++ echo /home/hadoop/git/physical_design/caseresult/case383/workloadb_1.dat
+ ./workloadb 25000000 20 /home/hadoop/git/physical_design/caseresult/case383/workloadb_1.dat
Loading workload...
Starting test.
2014-08-12 13:39:26:882 0 sec: 0 operations; 
14/08/12 13:39:27 INFO zookeeper.ZooKeeper: Client environment:zookeeper.version=3.4.6-1569965, built on 02/20/2014 09:09 GMT
14/08/12 13:39:27 INFO zookeeper.ZooKeeper: Client environment:host.name=sceplus-vm43.almaden.ibm.com
14/08/12 13:39:27 INFO zookeeper.ZooKeeper: Client environment:java.version=1.6.0_31
14/08/12 13:39:27 INFO zookeeper.ZooKeeper: Client environment:java.vendor=Sun Microsystems Inc.
14/08/12 13:39:27 INFO zookeeper.ZooKeeper: Client environment:java.home=/usr/lib/jvm/java-6-openjdk-amd64/jre
14/08/12 13:39:27 INFO zookeeper.ZooKeeper: Client environment:java.class.path=/home/hadoop/ycsb-0.1.4/hbase-binding/lib/hbase-binding-0.1.4.jar:/home/hadoop/ycsb-0.1.4/hbase-binding/conf:/home/hadoop/ycsb-0.1.4/core/lib/core-0.1.4.jar:/home/hadoop/ycsb-0.1.4/jdbc-binding/conf
14/08/12 13:39:27 INFO zookeeper.ZooKeeper: Client environment:java.library.path=/usr/lib/jvm/java-6-openjdk-amd64/jre/lib/amd64/server:/usr/lib/jvm/java-6-openjdk-amd64/jre/lib/amd64:/usr/lib/jvm/java-6-openjdk-amd64/jre/../lib/amd64:/usr/java/packages/lib/amd64:/usr/lib/jni:/lib:/usr/lib
14/08/12 13:39:27 INFO zookeeper.ZooKeeper: Client environment:java.io.tmpdir=/tmp
14/08/12 13:39:27 INFO zookeeper.ZooKeeper: Client environment:java.compiler=<NA>
14/08/12 13:39:27 INFO zookeeper.ZooKeeper: Client environment:os.name=Linux
14/08/12 13:39:27 INFO zookeeper.ZooKeeper: Client environment:os.arch=amd64
14/08/12 13:39:27 INFO zookeeper.ZooKeeper: Client environment:os.version=3.13.0-24-generic
14/08/12 13:39:27 INFO zookeeper.ZooKeeper: Client environment:user.name=hadoop
14/08/12 13:39:27 INFO zookeeper.ZooKeeper: Client environment:user.home=/home/hadoop
14/08/12 13:39:27 INFO zookeeper.ZooKeeper: Client environment:user.dir=/home/hadoop/ycsb-0.1.4
14/08/12 13:39:27 INFO zookeeper.ZooKeeper: Initiating client connection, connectString=sceplus-vm49.almaden.ibm.com:2181,sceplus-vm48.almaden.ibm.com:2181 sessionTimeout=90000 watcher=hconnection-0x4580deea, quorum=sceplus-vm49.almaden.ibm.com:2181,sceplus-vm48.almaden.ibm.com:2181, baseZNode=/hbase
14/08/12 13:39:27 INFO zookeeper.RecoverableZooKeeper: Process identifier=hconnection-0x4580deea connecting to ZooKeeper ensemble=sceplus-vm49.almaden.ibm.com:2181,sceplus-vm48.almaden.ibm.com:2181
14/08/12 13:39:27 INFO zookeeper.ClientCnxn: Opening socket connection to server master/9.1.143.58:2181. Will not attempt to authenticate using SASL (unknown error)
14/08/12 13:39:27 INFO zookeeper.ClientCnxn: Socket connection established to master/9.1.143.58:2181, initiating session
14/08/12 13:39:27 INFO zookeeper.ClientCnxn: Session establishment complete on server master/9.1.143.58:2181, sessionid = 0x47cda2524f0009, negotiated timeout = 90000
14/08/12 13:39:27 WARN util.DynamicClassLoader: Failed to identify the fs of dir hdfs://master:54310/hbase/lib, ignored
org.apache.hadoop.ipc.RemoteException: Server IPC version 9 cannot communicate with client version 4
	at org.apache.hadoop.ipc.Client.call(Client.java:1113)
	at org.apache.hadoop.ipc.RPC$Invoker.invoke(RPC.java:229)
	at com.sun.proxy.$Proxy5.getProtocolVersion(Unknown Source)
	at sun.reflect.NativeMethodAccessorImpl.invoke0(Native Method)
	at sun.reflect.NativeMethodAccessorImpl.invoke(NativeMethodAccessorImpl.java:57)
	at sun.reflect.DelegatingMethodAccessorImpl.invoke(DelegatingMethodAccessorImpl.java:43)
	at java.lang.reflect.Method.invoke(Method.java:622)
	at org.apache.hadoop.io.retry.RetryInvocationHandler.invokeMethod(RetryInvocationHandler.java:85)
	at org.apache.hadoop.io.retry.RetryInvocationHandler.invoke(RetryInvocationHandler.java:62)
	at com.sun.proxy.$Proxy5.getProtocolVersion(Unknown Source)
	at org.apache.hadoop.ipc.RPC.checkVersion(RPC.java:422)
	at org.apache.hadoop.hdfs.DFSClient.createNamenode(DFSClient.java:183)
	at org.apache.hadoop.hdfs.DFSClient.<init>(DFSClient.java:281)
	at org.apache.hadoop.hdfs.DFSClient.<init>(DFSClient.java:245)
	at org.apache.hadoop.hdfs.DistributedFileSystem.initialize(DistributedFileSystem.java:100)
	at org.apache.hadoop.fs.FileSystem.createFileSystem(FileSystem.java:1446)
	at org.apache.hadoop.fs.FileSystem.access$200(FileSystem.java:67)
	at org.apache.hadoop.fs.FileSystem$Cache.get(FileSystem.java:1464)
	at org.apache.hadoop.fs.FileSystem.get(FileSystem.java:263)
	at org.apache.hadoop.fs.Path.getFileSystem(Path.java:187)
	at org.apache.hadoop.hbase.util.DynamicClassLoader.<init>(DynamicClassLoader.java:104)
	at org.apache.hadoop.hbase.protobuf.ProtobufUtil.<clinit>(ProtobufUtil.java:202)
	at org.apache.hadoop.hbase.ClusterId.parseFrom(ClusterId.java:64)
	at org.apache.hadoop.hbase.zookeeper.ZKClusterId.readClusterIdZNode(ZKClusterId.java:69)
	at org.apache.hadoop.hbase.client.ZooKeeperRegistry.getClusterId(ZooKeeperRegistry.java:83)
	at org.apache.hadoop.hbase.client.HConnectionManager$HConnectionImplementation.retrieveClusterId(HConnectionManager.java:858)
	at org.apache.hadoop.hbase.client.HConnectionManager$HConnectionImplementation.<init>(HConnectionManager.java:663)
	at sun.reflect.NativeConstructorAccessorImpl.newInstance0(Native Method)
	at sun.reflect.NativeConstructorAccessorImpl.newInstance(NativeConstructorAccessorImpl.java:57)
	at sun.reflect.DelegatingConstructorAccessorImpl.newInstance(DelegatingConstructorAccessorImpl.java:45)
	at java.lang.reflect.Constructor.newInstance(Constructor.java:534)
	at org.apache.hadoop.hbase.client.HConnectionManager.createConnection(HConnectionManager.java:415)
	at org.apache.hadoop.hbase.client.HConnectionManager.createConnection(HConnectionManager.java:394)
	at org.apache.hadoop.hbase.client.HConnectionManager.getConnection(HConnectionManager.java:275)
	at org.apache.hadoop.hbase.client.HTable.<init>(HTable.java:197)
	at org.apache.hadoop.hbase.client.HTable.<init>(HTable.java:159)
	at com.yahoo.ycsb.db.HBaseClient.getHTable(HBaseClient.java:118)
	at com.yahoo.ycsb.db.HBaseClient.update(HBaseClient.java:302)
	at com.yahoo.ycsb.db.HBaseClient.insert(HBaseClient.java:357)
	at com.yahoo.ycsb.DBWrapper.insert(DBWrapper.java:148)
	at com.yahoo.ycsb.workloads.CoreWorkload.doTransactionInsert(CoreWorkload.java:639)
	at com.yahoo.ycsb.workloads.CoreWorkload.doTransaction(CoreWorkload.java:487)
	at com.yahoo.ycsb.ClientThread.run(Client.java:241)
2014-08-12 13:39:36:883 10 sec: 3906 operations; 390.52 current ops/sec; [INSERT AverageLatency(us)=2593.26] [READ AverageLatency(us)=19800.25] 
2014-08-12 13:39:46:884 20 sec: 29348 operations; 2543.95 current ops/sec; [INSERT AverageLatency(us)=21.98] [READ AverageLatency(us)=5665.66] 
2014-08-12 13:39:56:884 30 sec: 125163 operations; 9581.5 current ops/sec; [INSERT AverageLatency(us)=18.79] [READ AverageLatency(us)=2342.05] 
2014-08-12 13:40:06:885 40 sec: 237273 operations; 11209.88 current ops/sec; [INSERT AverageLatency(us)=19.01] [READ AverageLatency(us)=3081.03] 
2014-08-12 13:40:16:885 50 sec: 405900 operations; 16862.7 current ops/sec; [INSERT AverageLatency(us)=17.52] [READ AverageLatency(us)=2162.78] 
2014-08-12 13:40:26:886 60 sec: 584006 operations; 17808.82 current ops/sec; [INSERT AverageLatency(us)=14.51] [READ AverageLatency(us)=2122.59] 
2014-08-12 13:40:36:886 70 sec: 773183 operations; 18917.7 current ops/sec; [INSERT AverageLatency(us)=14.4] [READ AverageLatency(us)=2042.69] 
2014-08-12 13:40:46:887 80 sec: 959558 operations; 18635.64 current ops/sec; [INSERT AverageLatency(us)=12.24] [READ AverageLatency(us)=2097.77] 
2014-08-12 13:40:56:887 90 sec: 1146289 operations; 18673.1 current ops/sec; [INSERT AverageLatency(us)=10.83] [READ AverageLatency(us)=2108.99] 
2014-08-12 13:41:06:888 100 sec: 1333432 operations; 18712.43 current ops/sec; [INSERT AverageLatency(us)=13.45] [READ AverageLatency(us)=2093.64] 
2014-08-12 13:41:16:888 110 sec: 1517479 operations; 18404.7 current ops/sec; [INSERT AverageLatency(us)=14.03] [READ AverageLatency(us)=2135.66] 
2014-08-12 13:41:26:889 120 sec: 1699400 operations; 18190.28 current ops/sec; [INSERT AverageLatency(us)=11.16] [READ AverageLatency(us)=2142.31] 
2014-08-12 13:41:36:889 130 sec: 1870769 operations; 17136.9 current ops/sec; [INSERT AverageLatency(us)=11.06] [READ AverageLatency(us)=2287.45] 
2014-08-12 13:41:46:889 140 sec: 2034173 operations; 16340.4 current ops/sec; [INSERT AverageLatency(us)=11.37] [READ AverageLatency(us)=2410.94] 
2014-08-12 13:41:56:890 150 sec: 2174572 operations; 14038.5 current ops/sec; [INSERT AverageLatency(us)=13.2] [READ AverageLatency(us)=2849.98] 
2014-08-12 13:42:06:890 160 sec: 2302420 operations; 12784.8 current ops/sec; [INSERT AverageLatency(us)=11.72] [READ AverageLatency(us)=3087.79] 
2014-08-12 13:42:16:891 170 sec: 2464050 operations; 16161.38 current ops/sec; [INSERT AverageLatency(us)=10.78] [READ AverageLatency(us)=2448.68] 
2014-08-12 13:42:26:891 180 sec: 2636741 operations; 17269.1 current ops/sec; [INSERT AverageLatency(us)=11.14] [READ AverageLatency(us)=2288.85] 
2014-08-12 13:42:36:892 190 sec: 2812078 operations; 17531.95 current ops/sec; [INSERT AverageLatency(us)=10.73] [READ AverageLatency(us)=2248.46] 
2014-08-12 13:42:46:892 200 sec: 2997174 operations; 18509.6 current ops/sec; [INSERT AverageLatency(us)=11.24] [READ AverageLatency(us)=2133.44] 
2014-08-12 13:42:56:893 210 sec: 3177645 operations; 18045.3 current ops/sec; [INSERT AverageLatency(us)=11.48] [READ AverageLatency(us)=2185.78] 
2014-08-12 13:43:06:893 220 sec: 3347511 operations; 16986.6 current ops/sec; [INSERT AverageLatency(us)=10.59] [READ AverageLatency(us)=2303.39] 
2014-08-12 13:43:16:894 230 sec: 3482185 operations; 13466.05 current ops/sec; [INSERT AverageLatency(us)=11.16] [READ AverageLatency(us)=2957.02] 
2014-08-12 13:43:26:917 240 sec: 3612022 operations; 12953.91 current ops/sec; [INSERT AverageLatency(us)=12.03] [READ AverageLatency(us)=3055.02] 
2014-08-12 13:43:36:917 250 sec: 3774220 operations; 16219.8 current ops/sec; [INSERT AverageLatency(us)=10.99] [READ AverageLatency(us)=2429.37] 
2014-08-12 13:43:46:918 260 sec: 3933385 operations; 15914.91 current ops/sec; [INSERT AverageLatency(us)=10.7] [READ AverageLatency(us)=2488.65] 
2014-08-12 13:43:56:918 270 sec: 4106450 operations; 17306.5 current ops/sec; [INSERT AverageLatency(us)=11.38] [READ AverageLatency(us)=2289.76] 
2014-08-12 13:44:06:919 280 sec: 4275069 operations; 16860.21 current ops/sec; [INSERT AverageLatency(us)=11.58] [READ AverageLatency(us)=2342.17] 
2014-08-12 13:44:16:919 290 sec: 4414673 operations; 13960.4 current ops/sec; [INSERT AverageLatency(us)=13.75] [READ AverageLatency(us)=2832.78] 
2014-08-12 13:44:26:920 300 sec: 4575573 operations; 16088.39 current ops/sec; [INSERT AverageLatency(us)=10.89] [READ AverageLatency(us)=2466.75] 
2014-08-12 13:44:36:920 310 sec: 4744379 operations; 16880.6 current ops/sec; [INSERT AverageLatency(us)=11.51] [READ AverageLatency(us)=2343.56] 
2014-08-12 13:44:46:921 320 sec: 4900851 operations; 15645.64 current ops/sec; [INSERT AverageLatency(us)=10.92] [READ AverageLatency(us)=2529.47] 
2014-08-12 13:44:56:921 330 sec: 5060553 operations; 15970.2 current ops/sec; [INSERT AverageLatency(us)=12.13] [READ AverageLatency(us)=2470.33] 
2014-08-12 13:45:06:922 340 sec: 5207818 operations; 14725.03 current ops/sec; [INSERT AverageLatency(us)=11.69] [READ AverageLatency(us)=2701] 
2014-08-12 13:45:16:922 350 sec: 5315452 operations; 10763.4 current ops/sec; [INSERT AverageLatency(us)=11.92] [READ AverageLatency(us)=3697.93] 
2014-08-12 13:45:26:923 360 sec: 5460831 operations; 14536.45 current ops/sec; [INSERT AverageLatency(us)=11.62] [READ AverageLatency(us)=2734.92] 
2014-08-12 13:45:36:923 370 sec: 5615540 operations; 15470.9 current ops/sec; [INSERT AverageLatency(us)=10.64] [READ AverageLatency(us)=2547.92] 
2014-08-12 13:45:46:924 380 sec: 5762848 operations; 14729.33 current ops/sec; [INSERT AverageLatency(us)=10.89] [READ AverageLatency(us)=2718.34] 
2014-08-12 13:45:56:924 390 sec: 5886553 operations; 12370.5 current ops/sec; [INSERT AverageLatency(us)=11.23] [READ AverageLatency(us)=3213.62] 
2014-08-12 13:46:06:925 400 sec: 6035968 operations; 14940.01 current ops/sec; [INSERT AverageLatency(us)=10.89] [READ AverageLatency(us)=2650.42] 
2014-08-12 13:46:16:925 410 sec: 6198473 operations; 16250.5 current ops/sec; [INSERT AverageLatency(us)=11.43] [READ AverageLatency(us)=2433.94] 
2014-08-12 13:46:26:926 420 sec: 6355558 operations; 15708.5 current ops/sec; [INSERT AverageLatency(us)=12.66] [READ AverageLatency(us)=2498] 
2014-08-12 13:46:36:926 430 sec: 6469737 operations; 11416.76 current ops/sec; [INSERT AverageLatency(us)=12.11] [READ AverageLatency(us)=3519.76] 
2014-08-12 13:46:46:926 440 sec: 6602048 operations; 13231.1 current ops/sec; [INSERT AverageLatency(us)=11.82] [READ AverageLatency(us)=3010.47] 
2014-08-12 13:46:56:927 450 sec: 6746930 operations; 14486.75 current ops/sec; [INSERT AverageLatency(us)=10.54] [READ AverageLatency(us)=2736.23] 
2014-08-12 13:47:06:927 460 sec: 6884257 operations; 13732.7 current ops/sec; [INSERT AverageLatency(us)=11.53] [READ AverageLatency(us)=2888.71] 
2014-08-12 13:47:16:960 470 sec: 6987618 operations; 10302.1 current ops/sec; [INSERT AverageLatency(us)=12.43] [READ AverageLatency(us)=3831.98] 
2014-08-12 13:47:26:961 480 sec: 7132499 operations; 14486.65 current ops/sec; [INSERT AverageLatency(us)=10.73] [READ AverageLatency(us)=2711.95] 
2014-08-12 13:47:36:961 490 sec: 7292983 operations; 16048.4 current ops/sec; [INSERT AverageLatency(us)=10.52] [READ AverageLatency(us)=2515.07] 
2014-08-12 13:47:46:962 500 sec: 7424297 operations; 13130.09 current ops/sec; [INSERT AverageLatency(us)=11] [READ AverageLatency(us)=3025.68] 
2014-08-12 13:47:56:962 510 sec: 7557010 operations; 13271.3 current ops/sec; [INSERT AverageLatency(us)=11.91] [READ AverageLatency(us)=2988.4] 
2014-08-12 13:48:06:963 520 sec: 7706822 operations; 14979.7 current ops/sec; [INSERT AverageLatency(us)=10.99] [READ AverageLatency(us)=2642.54] 
2014-08-12 13:48:16:963 530 sec: 7849755 operations; 14293.3 current ops/sec; [INSERT AverageLatency(us)=11.64] [READ AverageLatency(us)=2765.51] 
2014-08-12 13:48:26:964 540 sec: 7967434 operations; 11766.72 current ops/sec; [INSERT AverageLatency(us)=11.66] [READ AverageLatency(us)=3401.96] 
2014-08-12 13:48:36:964 550 sec: 8099930 operations; 13249.6 current ops/sec; [INSERT AverageLatency(us)=11.6] [READ AverageLatency(us)=2997.9] 
2014-08-12 13:48:46:965 560 sec: 8241217 operations; 14127.29 current ops/sec; [INSERT AverageLatency(us)=10.73] [READ AverageLatency(us)=2772.33] 
2014-08-12 13:48:56:965 570 sec: 8353739 operations; 11252.2 current ops/sec; [INSERT AverageLatency(us)=11.99] [READ AverageLatency(us)=3557.58] 
2014-08-12 13:49:06:966 580 sec: 8473469 operations; 11971.8 current ops/sec; [INSERT AverageLatency(us)=13.42] [READ AverageLatency(us)=3217.35] 
2014-08-12 13:49:16:966 590 sec: 8625279 operations; 15181 current ops/sec; [INSERT AverageLatency(us)=11.12] [READ AverageLatency(us)=2700.28] 
2014-08-12 13:49:26:967 600 sec: 8770518 operations; 14522.45 current ops/sec; [INSERT AverageLatency(us)=11.45] [READ AverageLatency(us)=2722.96] 
2014-08-12 13:49:36:967 610 sec: 8896555 operations; 12603.7 current ops/sec; [INSERT AverageLatency(us)=11.17] [READ AverageLatency(us)=3146.47] 
2014-08-12 13:49:46:968 620 sec: 9040282 operations; 14371.26 current ops/sec; [INSERT AverageLatency(us)=11.1] [READ AverageLatency(us)=2758.82] 
2014-08-12 13:49:56:968 630 sec: 9188434 operations; 14815.2 current ops/sec; [INSERT AverageLatency(us)=10.59] [READ AverageLatency(us)=2668.68] 
2014-08-12 13:50:06:969 640 sec: 9332360 operations; 14391.16 current ops/sec; [INSERT AverageLatency(us)=11.42] [READ AverageLatency(us)=2778.55] 
2014-08-12 13:50:16:969 650 sec: 9431426 operations; 9906.6 current ops/sec; [INSERT AverageLatency(us)=11.5] [READ AverageLatency(us)=3975.36] 
2014-08-12 13:50:26:970 660 sec: 9566463 operations; 13502.35 current ops/sec; [INSERT AverageLatency(us)=10.72] [READ AverageLatency(us)=2931.68] 
2014-08-12 13:50:36:970 670 sec: 9695931 operations; 12946.8 current ops/sec; [INSERT AverageLatency(us)=10.79] [READ AverageLatency(us)=3069.76] 
2014-08-12 13:50:46:971 680 sec: 9809509 operations; 11356.66 current ops/sec; [INSERT AverageLatency(us)=11.27] [READ AverageLatency(us)=3489.69] 
2014-08-12 13:50:56:971 690 sec: 9950115 operations; 14060.6 current ops/sec; [INSERT AverageLatency(us)=10.71] [READ AverageLatency(us)=2811.24] 
2014-08-12 13:51:06:972 700 sec: 10092488 operations; 14235.88 current ops/sec; [INSERT AverageLatency(us)=11.45] [READ AverageLatency(us)=2754.56] 
2014-08-12 13:51:16:972 710 sec: 10205092 operations; 11260.4 current ops/sec; [INSERT AverageLatency(us)=12.31] [READ AverageLatency(us)=3561.43] 
2014-08-12 13:51:26:973 720 sec: 10334525 operations; 12943.3 current ops/sec; [INSERT AverageLatency(us)=12.71] [READ AverageLatency(us)=3074.09] 
2014-08-12 13:51:36:973 730 sec: 10458035 operations; 12349.77 current ops/sec; [INSERT AverageLatency(us)=11.02] [READ AverageLatency(us)=3215.2] 
2014-08-12 13:51:46:974 740 sec: 10575959 operations; 11791.22 current ops/sec; [INSERT AverageLatency(us)=12.01] [READ AverageLatency(us)=3374.43] 
2014-08-12 13:51:56:974 750 sec: 10701699 operations; 12574 current ops/sec; [INSERT AverageLatency(us)=10.81] [READ AverageLatency(us)=3110.97] 
2014-08-12 13:52:06:975 760 sec: 10844159 operations; 14244.58 current ops/sec; [INSERT AverageLatency(us)=10.58] [READ AverageLatency(us)=2837.37] 
2014-08-12 13:52:16:975 770 sec: 10941883 operations; 9772.4 current ops/sec; [INSERT AverageLatency(us)=12.37] [READ AverageLatency(us)=4080.12] 
2014-08-12 13:52:26:975 780 sec: 11070175 operations; 12829.2 current ops/sec; [INSERT AverageLatency(us)=14.66] [READ AverageLatency(us)=3072.06] 
2014-08-12 13:52:36:976 790 sec: 11178392 operations; 10820.62 current ops/sec; [INSERT AverageLatency(us)=11.53] [READ AverageLatency(us)=3713.51] 
2014-08-12 13:52:46:976 800 sec: 11289872 operations; 11148 current ops/sec; [INSERT AverageLatency(us)=11.12] [READ AverageLatency(us)=3572.23] 
2014-08-12 13:52:56:977 810 sec: 11426915 operations; 13702.93 current ops/sec; [INSERT AverageLatency(us)=10.8] [READ AverageLatency(us)=2904.79] 
2014-08-12 13:53:06:977 820 sec: 11527006 operations; 10009.1 current ops/sec; [INSERT AverageLatency(us)=11.1] [READ AverageLatency(us)=3947.4] 
2014-08-12 13:53:16:978 830 sec: 11647119 operations; 12010.1 current ops/sec; [INSERT AverageLatency(us)=10.81] [READ AverageLatency(us)=3239.29] 
2014-08-12 13:53:26:978 840 sec: 11771439 operations; 12432 current ops/sec; [INSERT AverageLatency(us)=10.67] [READ AverageLatency(us)=3264.61] 
2014-08-12 13:53:36:979 850 sec: 11881341 operations; 10989.1 current ops/sec; [INSERT AverageLatency(us)=10.99] [READ AverageLatency(us)=3634.99] 
2014-08-12 13:53:46:979 860 sec: 12007197 operations; 12585.6 current ops/sec; [INSERT AverageLatency(us)=10.52] [READ AverageLatency(us)=3152.55] 
2014-08-12 13:53:56:980 870 sec: 12122692 operations; 11548.35 current ops/sec; [INSERT AverageLatency(us)=11.45] [READ AverageLatency(us)=3446.95] 
2014-08-12 13:54:06:980 880 sec: 12234292 operations; 11160 current ops/sec; [INSERT AverageLatency(us)=11.89] [READ AverageLatency(us)=3571.52] 
2014-08-12 13:54:16:981 890 sec: 12371750 operations; 13744.43 current ops/sec; [INSERT AverageLatency(us)=10.69] [READ AverageLatency(us)=2870.67] 
2014-08-12 13:54:26:981 900 sec: 12486756 operations; 11500.6 current ops/sec; [INSERT AverageLatency(us)=11.16] [READ AverageLatency(us)=3484.85] 
2014-08-12 13:54:36:982 910 sec: 12603637 operations; 11686.93 current ops/sec; [INSERT AverageLatency(us)=11.33] [READ AverageLatency(us)=3414.75] 
2014-08-12 13:54:46:982 920 sec: 12740654 operations; 13701.7 current ops/sec; [INSERT AverageLatency(us)=10.45] [READ AverageLatency(us)=2897.23] 
2014-08-12 13:54:56:983 930 sec: 12831010 operations; 9034.7 current ops/sec; [INSERT AverageLatency(us)=11.27] [READ AverageLatency(us)=4407.85] 
2014-08-12 13:55:06:983 940 sec: 12944490 operations; 11348 current ops/sec; [INSERT AverageLatency(us)=11.63] [READ AverageLatency(us)=3495.39] 
2014-08-12 13:55:16:984 950 sec: 13059841 operations; 11535.1 current ops/sec; [INSERT AverageLatency(us)=10.68] [READ AverageLatency(us)=3462.85] 
2014-08-12 13:55:26:984 960 sec: 13167092 operations; 10724.03 current ops/sec; [INSERT AverageLatency(us)=11.94] [READ AverageLatency(us)=3680.54] 
2014-08-12 13:55:36:984 970 sec: 13292095 operations; 12500.3 current ops/sec; [INSERT AverageLatency(us)=10.46] [READ AverageLatency(us)=3168.19] 
2014-08-12 13:55:46:985 980 sec: 13388598 operations; 9649.34 current ops/sec; [INSERT AverageLatency(us)=12.28] [READ AverageLatency(us)=4169.35] 
2014-08-12 13:55:56:985 990 sec: 13513288 operations; 12469 current ops/sec; [INSERT AverageLatency(us)=10.88] [READ AverageLatency(us)=3164.26] 
2014-08-12 13:56:06:986 1000 sec: 13629362 operations; 11606.24 current ops/sec; [INSERT AverageLatency(us)=12.66] [READ AverageLatency(us)=3430.43] 
2014-08-12 13:56:16:987 1010 sec: 13675143 operations; 4578.1 current ops/sec; [INSERT AverageLatency(us)=10.31] [READ AverageLatency(us)=3950.76] 
2014-08-12 13:56:26:987 1020 sec: 13675143 operations; 0 current ops/sec;   
2014-08-12 13:56:36:988 1030 sec: 13697745 operations; 2260.2 current ops/sec; [INSERT AverageLatency(us)=18.38] [READ AverageLatency(us)=44732.9] 
2014-08-12 13:56:46:988 1040 sec: 13816516 operations; 11875.91 current ops/sec; [INSERT AverageLatency(us)=12.88] [READ AverageLatency(us)=3351.09] 
2014-08-12 13:56:56:989 1050 sec: 13954508 operations; 13799.2 current ops/sec; [INSERT AverageLatency(us)=11.67] [READ AverageLatency(us)=2863.36] 
2014-08-12 13:57:06:989 1060 sec: 14104236 operations; 14971.3 current ops/sec; [INSERT AverageLatency(us)=12.92] [READ AverageLatency(us)=2645.95] 
2014-08-12 13:57:16:989 1070 sec: 14260806 operations; 15657 current ops/sec; [INSERT AverageLatency(us)=12.63] [READ AverageLatency(us)=2510.27] 
2014-08-12 13:57:26:990 1080 sec: 14416628 operations; 15580.64 current ops/sec; [INSERT AverageLatency(us)=10.84] [READ AverageLatency(us)=2563.66] 
2014-08-12 13:57:36:990 1090 sec: 14548978 operations; 13235 current ops/sec; [INSERT AverageLatency(us)=11.75] [READ AverageLatency(us)=3006.7] 
2014-08-12 13:57:46:991 1100 sec: 14688926 operations; 13993.4 current ops/sec; [INSERT AverageLatency(us)=11.54] [READ AverageLatency(us)=2829.11] 
2014-08-12 13:57:57:112 1110 sec: 14822282 operations; 13176.17 current ops/sec; [INSERT AverageLatency(us)=11.23] [READ AverageLatency(us)=2991.92] 
2014-08-12 13:58:07:112 1120 sec: 14962605 operations; 14032.3 current ops/sec; [INSERT AverageLatency(us)=10.88] [READ AverageLatency(us)=2853.36] 
2014-08-12 13:58:17:113 1130 sec: 15097662 operations; 13504.35 current ops/sec; [INSERT AverageLatency(us)=10.91] [READ AverageLatency(us)=2939.74] 
2014-08-12 13:58:27:113 1140 sec: 15235234 operations; 13757.2 current ops/sec; [INSERT AverageLatency(us)=11.59] [READ AverageLatency(us)=2892.58] 
2014-08-12 13:58:37:114 1150 sec: 15386670 operations; 15142.09 current ops/sec; [INSERT AverageLatency(us)=11.19] [READ AverageLatency(us)=2627.9] 
2014-08-12 13:58:47:114 1160 sec: 15529496 operations; 14282.6 current ops/sec; [INSERT AverageLatency(us)=10.62] [READ AverageLatency(us)=2770.04] 
2014-08-12 13:58:57:122 1170 sec: 15658782 operations; 12918.27 current ops/sec; [INSERT AverageLatency(us)=14.16] [READ AverageLatency(us)=3033.38] 
2014-08-12 13:59:07:123 1180 sec: 15789160 operations; 13036.5 current ops/sec; [INSERT AverageLatency(us)=10.83] [READ AverageLatency(us)=3063.62] 
2014-08-12 13:59:17:123 1190 sec: 15791782 operations; 262.2 current ops/sec; [INSERT AverageLatency(us)=14.06] [READ AverageLatency(us)=6685.31] 
2014-08-12 13:59:27:126 1200 sec: 15904680 operations; 11286.41 current ops/sec; [INSERT AverageLatency(us)=11.8] [READ AverageLatency(us)=6912.81] 
2014-08-12 13:59:37:127 1210 sec: 16014731 operations; 11004 current ops/sec; [INSERT AverageLatency(us)=11.78] [READ AverageLatency(us)=3592.86] 
2014-08-12 13:59:47:128 1220 sec: 16140773 operations; 12602.94 current ops/sec; [INSERT AverageLatency(us)=11.12] [READ AverageLatency(us)=3126.31] 
2014-08-12 13:59:57:130 1230 sec: 16260611 operations; 11981.4 current ops/sec; [INSERT AverageLatency(us)=10.58] [READ AverageLatency(us)=3360.01] 
2014-08-12 14:00:07:131 1240 sec: 16394536 operations; 13391.16 current ops/sec; [INSERT AverageLatency(us)=10.63] [READ AverageLatency(us)=2964.92] 
2014-08-12 14:00:17:133 1250 sec: 16524325 operations; 12976.3 current ops/sec; [INSERT AverageLatency(us)=11.22] [READ AverageLatency(us)=3051.67] 
2014-08-12 14:00:27:134 1260 sec: 16660393 operations; 13605.44 current ops/sec; [INSERT AverageLatency(us)=11.5] [READ AverageLatency(us)=2906.88] 
2014-08-12 14:00:37:135 1270 sec: 16783038 operations; 12263.27 current ops/sec; [INSERT AverageLatency(us)=10.63] [READ AverageLatency(us)=3233.99] 
2014-08-12 14:00:47:136 1280 sec: 16910797 operations; 12774.62 current ops/sec; [INSERT AverageLatency(us)=10.44] [READ AverageLatency(us)=3123.08] 
2014-08-12 14:00:57:136 1290 sec: 17044622 operations; 13382.5 current ops/sec; [INSERT AverageLatency(us)=10.54] [READ AverageLatency(us)=2965.09] 
2014-08-12 14:01:07:137 1300 sec: 17157908 operations; 11327.47 current ops/sec; [INSERT AverageLatency(us)=10.76] [READ AverageLatency(us)=3064.93] 
2014-08-12 14:01:17:139 1310 sec: 17165164 operations; 725.53 current ops/sec; [INSERT AverageLatency(us)=12.95] [READ AverageLatency(us)=61881.05] 
2014-08-12 14:01:27:140 1320 sec: 17288337 operations; 12314.84 current ops/sec; [INSERT AverageLatency(us)=11.46] [READ AverageLatency(us)=3203.28] 
2014-08-12 14:01:37:140 1330 sec: 17411900 operations; 12356.3 current ops/sec; [INSERT AverageLatency(us)=10.47] [READ AverageLatency(us)=3243.9] 
2014-08-12 14:01:47:141 1340 sec: 17534263 operations; 12235.08 current ops/sec; [INSERT AverageLatency(us)=10.66] [READ AverageLatency(us)=3255.13] 
2014-08-12 14:01:57:141 1350 sec: 17653260 operations; 11899.7 current ops/sec; [INSERT AverageLatency(us)=11.32] [READ AverageLatency(us)=3344.15] 
2014-08-12 14:02:07:142 1360 sec: 17768758 operations; 11548.65 current ops/sec; [INSERT AverageLatency(us)=10.75] [READ AverageLatency(us)=3453.15] 
2014-08-12 14:02:17:143 1370 sec: 17883394 operations; 11463.6 current ops/sec; [INSERT AverageLatency(us)=11.64] [READ AverageLatency(us)=3474.46] 
2014-08-12 14:02:27:143 1380 sec: 18007296 operations; 12388.96 current ops/sec; [INSERT AverageLatency(us)=11.2] [READ AverageLatency(us)=3206.91] 
2014-08-12 14:02:37:144 1390 sec: 18118193 operations; 11088.59 current ops/sec; [INSERT AverageLatency(us)=11.71] [READ AverageLatency(us)=3578.39] 
2014-08-12 14:02:47:144 1400 sec: 18231892 operations; 11369.9 current ops/sec; [INSERT AverageLatency(us)=10.45] [READ AverageLatency(us)=3512.3] 
2014-08-12 14:02:57:145 1410 sec: 18347886 operations; 11598.24 current ops/sec; [INSERT AverageLatency(us)=13.99] [READ AverageLatency(us)=3437.24] 
2014-08-12 14:03:07:145 1420 sec: 18463206 operations; 11532 current ops/sec; [INSERT AverageLatency(us)=10.81] [READ AverageLatency(us)=3455.87] 
2014-08-12 14:03:17:146 1430 sec: 18584364 operations; 12114.59 current ops/sec; [INSERT AverageLatency(us)=11.19] [READ AverageLatency(us)=3278.47] 
2014-08-12 14:03:27:146 1440 sec: 18697325 operations; 11296.1 current ops/sec; [INSERT AverageLatency(us)=11.81] [READ AverageLatency(us)=3502.58] 
2014-08-12 14:03:37:147 1450 sec: 18813656 operations; 11631.94 current ops/sec; [INSERT AverageLatency(us)=10.75] [READ AverageLatency(us)=3421.6] 
2014-08-12 14:03:47:148 1460 sec: 18937440 operations; 12377.16 current ops/sec; [INSERT AverageLatency(us)=11.95] [READ AverageLatency(us)=3212.84] 
2014-08-12 14:03:57:148 1470 sec: 19043185 operations; 10574.5 current ops/sec; [INSERT AverageLatency(us)=10.69] [READ AverageLatency(us)=3749.48] 
2014-08-12 14:04:07:149 1480 sec: 19157643 operations; 11444.66 current ops/sec; [INSERT AverageLatency(us)=12.39] [READ AverageLatency(us)=3496.32] 
2014-08-12 14:04:17:149 1490 sec: 19164034 operations; 639.1 current ops/sec; [INSERT AverageLatency(us)=73.06] [READ AverageLatency(us)=5435.48] 
2014-08-12 14:04:27:150 1500 sec: 19268140 operations; 10409.56 current ops/sec; [INSERT AverageLatency(us)=11.1] [READ AverageLatency(us)=7392.53] 
2014-08-12 14:04:37:151 1510 sec: 19380652 operations; 11250.07 current ops/sec; [INSERT AverageLatency(us)=11.62] [READ AverageLatency(us)=3548.46] 
2014-08-12 14:04:47:151 1520 sec: 19507061 operations; 12640.9 current ops/sec; [INSERT AverageLatency(us)=11.76] [READ AverageLatency(us)=3113.98] 
2014-08-12 14:04:57:152 1530 sec: 19613472 operations; 10640.04 current ops/sec; [INSERT AverageLatency(us)=10.65] [READ AverageLatency(us)=3767.54] 
2014-08-12 14:05:07:152 1540 sec: 19717703 operations; 10423.1 current ops/sec; [INSERT AverageLatency(us)=11.45] [READ AverageLatency(us)=3809.26] 
2014-08-12 14:05:17:153 1550 sec: 19822051 operations; 10433.76 current ops/sec; [INSERT AverageLatency(us)=11.76] [READ AverageLatency(us)=3827.21] 
2014-08-12 14:05:27:153 1560 sec: 19929034 operations; 10698.3 current ops/sec; [INSERT AverageLatency(us)=11.7] [READ AverageLatency(us)=3653.81] 
2014-08-12 14:05:37:154 1570 sec: 20050069 operations; 12102.29 current ops/sec; [INSERT AverageLatency(us)=12.03] [READ AverageLatency(us)=3325.8] 
2014-08-12 14:05:47:155 1580 sec: 20145261 operations; 9518.25 current ops/sec; [INSERT AverageLatency(us)=11.45] [READ AverageLatency(us)=4175.84] 
2014-08-12 14:05:57:155 1590 sec: 20255554 operations; 11029.3 current ops/sec; [INSERT AverageLatency(us)=12.33] [READ AverageLatency(us)=3612.56] 
2014-08-12 14:06:07:156 1600 sec: 20347468 operations; 9190.48 current ops/sec; [INSERT AverageLatency(us)=10.74] [READ AverageLatency(us)=4318.75] 
2014-08-12 14:06:17:156 1610 sec: 20453904 operations; 10643.6 current ops/sec; [INSERT AverageLatency(us)=10.37] [READ AverageLatency(us)=3728.91] 
2014-08-12 14:06:27:157 1620 sec: 20548142 operations; 9422.86 current ops/sec; [INSERT AverageLatency(us)=10.93] [READ AverageLatency(us)=4236.27] 
2014-08-12 14:06:37:157 1630 sec: 20649617 operations; 10147.5 current ops/sec; [INSERT AverageLatency(us)=11.56] [READ AverageLatency(us)=3916.73] 
2014-08-12 14:06:47:158 1640 sec: 20747319 operations; 9769.22 current ops/sec; [INSERT AverageLatency(us)=11.77] [READ AverageLatency(us)=4074.74] 
2014-08-12 14:06:57:158 1650 sec: 20851948 operations; 10462.9 current ops/sec; [INSERT AverageLatency(us)=10.33] [READ AverageLatency(us)=3815.76] 
2014-08-12 14:07:07:159 1660 sec: 20951870 operations; 9991.2 current ops/sec; [INSERT AverageLatency(us)=11.57] [READ AverageLatency(us)=3995.63] 
2014-08-12 14:07:17:160 1670 sec: 21046620 operations; 9475 current ops/sec; [INSERT AverageLatency(us)=10.45] [READ AverageLatency(us)=4196.22] 
2014-08-12 14:07:27:161 1680 sec: 21148595 operations; 10195.46 current ops/sec; [INSERT AverageLatency(us)=10.45] [READ AverageLatency(us)=3867.86] 
2014-08-12 14:07:37:162 1690 sec: 21248717 operations; 10011.2 current ops/sec; [INSERT AverageLatency(us)=11.69] [READ AverageLatency(us)=4026.46] 
2014-08-12 14:07:47:164 1700 sec: 21354232 operations; 10549.39 current ops/sec; [INSERT AverageLatency(us)=10.3] [READ AverageLatency(us)=3773.7] 
2014-08-12 14:07:57:165 1710 sec: 21442093 operations; 8785.22 current ops/sec; [INSERT AverageLatency(us)=10.72] [READ AverageLatency(us)=4519.61] 
2014-08-12 14:08:07:167 1720 sec: 21544113 operations; 10199.96 current ops/sec; [INSERT AverageLatency(us)=10.2] [READ AverageLatency(us)=3908.37] 
2014-08-12 14:08:17:168 1730 sec: 21625213 operations; 8109.19 current ops/sec; [INSERT AverageLatency(us)=12.09] [READ AverageLatency(us)=4901.28] 
2014-08-12 14:08:27:169 1740 sec: 21725943 operations; 10071.99 current ops/sec; [INSERT AverageLatency(us)=11.32] [READ AverageLatency(us)=3956.16] 
2014-08-12 14:08:37:171 1750 sec: 21821501 operations; 9553.89 current ops/sec; [INSERT AverageLatency(us)=10.82] [READ AverageLatency(us)=4164.43] 
2014-08-12 14:08:47:172 1760 sec: 21926508 operations; 10499.65 current ops/sec; [INSERT AverageLatency(us)=11.25] [READ AverageLatency(us)=3765.49] 
2014-08-12 14:08:57:172 1770 sec: 22015686 operations; 8917.8 current ops/sec; [INSERT AverageLatency(us)=11.64] [READ AverageLatency(us)=4492.97] 
2014-08-12 14:09:07:173 1780 sec: 22102430 operations; 8673.53 current ops/sec; [INSERT AverageLatency(us)=10.29] [READ AverageLatency(us)=4611.61] 
2014-08-12 14:09:17:173 1790 sec: 22189082 operations; 8665.2 current ops/sec; [INSERT AverageLatency(us)=10.68] [READ AverageLatency(us)=4456.34] 
2014-08-12 14:09:27:174 1800 sec: 22294130 operations; 10503.75 current ops/sec; [INSERT AverageLatency(us)=11.18] [READ AverageLatency(us)=3876.35] 
2014-08-12 14:09:37:175 1810 sec: 22388665 operations; 9452.55 current ops/sec; [INSERT AverageLatency(us)=10.77] [READ AverageLatency(us)=4203.12] 
2014-08-12 14:09:47:175 1820 sec: 22487541 operations; 9887.6 current ops/sec; [INSERT AverageLatency(us)=10.43] [READ AverageLatency(us)=4016.35] 
2014-08-12 14:09:57:176 1830 sec: 22576014 operations; 8846.42 current ops/sec; [INSERT AverageLatency(us)=10.71] [READ AverageLatency(us)=4489.3] 
2014-08-12 14:10:07:176 1840 sec: 22672779 operations; 9676.5 current ops/sec; [INSERT AverageLatency(us)=11.28] [READ AverageLatency(us)=4110.5] 
2014-08-12 14:10:17:177 1850 sec: 22758941 operations; 8615.34 current ops/sec; [INSERT AverageLatency(us)=11.95] [READ AverageLatency(us)=4634.77] 
2014-08-12 14:10:27:178 1860 sec: 22861450 operations; 10249.88 current ops/sec; [INSERT AverageLatency(us)=10.5] [READ AverageLatency(us)=3871.68] 
2014-08-12 14:10:37:179 1870 sec: 22952723 operations; 9126.39 current ops/sec; [INSERT AverageLatency(us)=11.93] [READ AverageLatency(us)=4370.34] 
2014-08-12 14:10:47:179 1880 sec: 23047134 operations; 9441.1 current ops/sec; [INSERT AverageLatency(us)=10.16] [READ AverageLatency(us)=4208.37] 
2014-08-12 14:10:57:180 1890 sec: 23139656 operations; 9251.27 current ops/sec; [INSERT AverageLatency(us)=11.68] [READ AverageLatency(us)=4290.49] 
2014-08-12 14:11:07:180 1900 sec: 23224102 operations; 8444.6 current ops/sec; [INSERT AverageLatency(us)=10.34] [READ AverageLatency(us)=4710.12] 
2014-08-12 14:11:17:181 1910 sec: 23312017 operations; 8790.62 current ops/sec; [INSERT AverageLatency(us)=11.7] [READ AverageLatency(us)=4507.96] 
2014-08-12 14:11:27:182 1920 sec: 23394973 operations; 8295.6 current ops/sec; [INSERT AverageLatency(us)=10.42] [READ AverageLatency(us)=4797.77] 
2014-08-12 14:11:37:182 1930 sec: 23491288 operations; 9630.54 current ops/sec; [INSERT AverageLatency(us)=11.17] [READ AverageLatency(us)=4129.12] 
2014-08-12 14:11:47:183 1940 sec: 23584253 operations; 9295.57 current ops/sec; [INSERT AverageLatency(us)=11.12] [READ AverageLatency(us)=4286.04] 
2014-08-12 14:11:57:183 1950 sec: 23670031 operations; 8577.8 current ops/sec; [INSERT AverageLatency(us)=11.12] [READ AverageLatency(us)=4609.7] 
2014-08-12 14:12:07:184 1960 sec: 23756819 operations; 8677.93 current ops/sec; [INSERT AverageLatency(us)=11.41] [READ AverageLatency(us)=4609.19] 
2014-08-12 14:12:17:184 1970 sec: 23851641 operations; 9482.2 current ops/sec; [INSERT AverageLatency(us)=10.97] [READ AverageLatency(us)=4209.46] 
2014-08-12 14:12:27:185 1980 sec: 23930825 operations; 7917.61 current ops/sec; [INSERT AverageLatency(us)=14.56] [READ AverageLatency(us)=5019.4] 
2014-08-12 14:12:37:185 1990 sec: 24022217 operations; 9139.2 current ops/sec; [INSERT AverageLatency(us)=11.56] [READ AverageLatency(us)=4354.05] 
2014-08-12 14:12:47:186 2000 sec: 24063786 operations; 4156.48 current ops/sec; [INSERT AverageLatency(us)=11.17] [READ AverageLatency(us)=4591.26] 
2014-08-12 14:12:57:188 2010 sec: 24106178 operations; 4238.35 current ops/sec; [INSERT AverageLatency(us)=11.24] [READ AverageLatency(us)=14223.99] 
2014-08-12 14:13:07:188 2020 sec: 24196016 operations; 8983.8 current ops/sec; [INSERT AverageLatency(us)=11.94] [READ AverageLatency(us)=4445.27] 
2014-08-12 14:13:17:189 2030 sec: 24271976 operations; 7595.24 current ops/sec; [INSERT AverageLatency(us)=10.96] [READ AverageLatency(us)=5287.35] 
2014-08-12 14:13:27:190 2040 sec: 24358237 operations; 8625.24 current ops/sec; [INSERT AverageLatency(us)=11.47] [READ AverageLatency(us)=4637.2] 
2014-08-12 14:13:37:190 2050 sec: 24444042 operations; 8580.5 current ops/sec; [INSERT AverageLatency(us)=11.37] [READ AverageLatency(us)=4687.47] 
2014-08-12 14:13:47:212 2060 sec: 24537092 operations; 9284.57 current ops/sec; [INSERT AverageLatency(us)=10.94] [READ AverageLatency(us)=4289.97] 
2014-08-12 14:13:57:213 2070 sec: 24625116 operations; 8801.52 current ops/sec; [INSERT AverageLatency(us)=10.52] [READ AverageLatency(us)=4561.32] 
2014-08-12 14:14:07:214 2080 sec: 24706989 operations; 8186.48 current ops/sec; [INSERT AverageLatency(us)=10.48] [READ AverageLatency(us)=4879.53] 
2014-08-12 14:14:17:214 2090 sec: 24789102 operations; 8211.3 current ops/sec; [INSERT AverageLatency(us)=11.73] [READ AverageLatency(us)=4766.74] 
2014-08-12 14:14:27:215 2100 sec: 24866140 operations; 7703.03 current ops/sec; [INSERT AverageLatency(us)=10.85] [READ AverageLatency(us)=5241.93] 
2014-08-12 14:14:37:215 2110 sec: 24951202 operations; 8506.2 current ops/sec; [UPDATE AverageLatency(us)=308656] [INSERT AverageLatency(us)=11.35] [READ AverageLatency(us)=4606.85] [CLEANUP AverageLatency(us)=309564] 
2014-08-12 14:14:47:216 2120 sec: 24997096 operations; 4588.94 current ops/sec; [UPDATE AverageLatency(us)=260932.8] [INSERT AverageLatency(us)=10.95] [READ AverageLatency(us)=4631.35] [CLEANUP AverageLatency(us)=260939.27] 
2014-08-12 14:14:50:414 2123 sec: 25000000 operations; 908.07 current ops/sec; [UPDATE AverageLatency(us)=307175.67] [INSERT AverageLatency(us)=13.38] [READ AverageLatency(us)=3274.58] [CLEANUP AverageLatency(us)=307181] 
+ echo 'end time:'
end time:
++ date +%s
+ echo 1407878090
1407878090
+ echo 'sleeping for 10 sec ...'
sleeping for 10 sec ...
+ sleep 10
+ false
+ false
+ false
+ false
+ let counter=1+1
+ read line
+ set +x
