++ ls caseresult/ -ltr
++ wc -l
+ filename=case120
+ mkdir caseresult/case120
+ ssh hadoop@master mkdir /home/hadoop/git/physical_design/caseresult/case120
+ RESULT_DIR=/home/hadoop/git/physical_design/caseresult/case120
+ TEN=10
+ SIXTY=60
+ SLEEP_TIME=300
+ YCSB_DIR=/home/hadoop/ycsb-0.1.4
+ number_of_operations=50000000
+ number_of_threads=20
+ number_of_records=50000000
+ output_file_suffix=.dat
+ experiment_list_file=/home/hadoop/git/physical_design/case120.list
+ clean=false
+ create=false
+ load=false
+ random_read=false
+ workloada=false
+ workloadb=false
+ workloadc=false
+ scan=false
+ all=false
+ for i in '$@'
+ '[' clean == all ']'
+ '[' clean == clean ']'
+ clean=true
+ for i in '$@'
+ '[' create == all ']'
+ '[' create == clean ']'
+ '[' create == create ']'
+ create=true
+ for i in '$@'
+ '[' workloadc == all ']'
+ '[' workloadc == clean ']'
+ '[' workloadc == create ']'
+ '[' workloadc == load ']'
+ '[' workloadc == random_read ']'
+ '[' workloadc == scan ']'
+ '[' workloadc == workloada ']'
+ '[' workloadc == workloadb ']'
+ '[' workloadc == workloadc ']'
+ workloadc=true
+ let counter=1
+ cd /home/hadoop/ycsb-0.1.4
++ pwd
+ echo /home/hadoop/ycsb-0.1.4
/home/hadoop/ycsb-0.1.4
+ read line
+ false
+ true
+ echo 'sleeping for 60 ...'
sleeping for 60 ...
+ sleep 60
+ echo 'droping usertable...'
droping usertable...
+ ssh hadoop@master /home/hadoop/hbase/bin/hbase shell /home/hadoop/git/physical_design/delete_table
0 row(s) in 2.7240 seconds

0 row(s) in 0.7730 seconds

0 row(s) in 0.0640 seconds

+ echo 'sleeping for 300 ...'
sleeping for 300 ...
+ sleep 300
+ false
+ true
+ echo 'creating usertable...'
creating usertable...
+ create_statement='create '\''usertable'\'', { NAME=>'\''family'\'', COMPRESSION=>'\''GZ'\'', CONFIGURATION =>  { '\''hbase.hregion.majorcompaction'\'' => '\''0'\'', '\''hbase.hstore.compactionThreshold'\'' => '\''100000000000000'\'', '\''hbase.server.compactchecker.interval.multiplier'\'' => '\''100000000'\'', '\''hbase.hstore.compaction.max.size'\'' => '\''128'\'' } }, SPLITS => ['\''user1'\'', '\''user2'\'', '\''user3'\'', '\''user4'\'', '\''user5'\'', '\''user6'\'', '\''user7'\'', '\''user8'\'', '\''user9'\'']'
+ echo create ''\''usertable'\'',' '{' 'NAME=>'\''family'\'',' 'COMPRESSION=>'\''GZ'\'',' CONFIGURATION '=>' '{' ''\''hbase.hregion.majorcompaction'\''' '=>' ''\''0'\'',' ''\''hbase.hstore.compactionThreshold'\''' '=>' ''\''100000000000000'\'',' ''\''hbase.server.compactchecker.interval.multiplier'\''' '=>' ''\''100000000'\'',' ''\''hbase.hstore.compaction.max.size'\''' '=>' ''\''128'\''' '}' '},' SPLITS '=>' '['\''user1'\'',' ''\''user2'\'',' ''\''user3'\'',' ''\''user4'\'',' ''\''user5'\'',' ''\''user6'\'',' ''\''user7'\'',' ''\''user8'\'',' ''\''user9'\'']'
+ echo 'exit '
+ scp /home/hadoop/git/physical_design/caseresult/case120/create_1.script hadoop@master:/home/hadoop/git/physical_design/caseresult/case120/create_1.script
+ create_table /home/hadoop/git/physical_design/caseresult/case120/create_1.script
+ echo 'creating table...'
creating table...
+ echo /home/hadoop/git/physical_design/caseresult/case120/create_1.script
/home/hadoop/git/physical_design/caseresult/case120/create_1.script
+ ssh hadoop@master /home/hadoop/hbase/bin/hbase shell /home/hadoop/git/physical_design/caseresult/case120/create_1.script
0 row(s) in 1.5690 seconds

+ echo 'sleeping for 10 sec ...'
sleeping for 10 sec ...
+ sleep 10
+ false
+ false
+ false
+ false
+ false
+ false
+ false
+ false
+ false
+ true
+ echo workloadc...
workloadc...
+ echo 'start time: '
start time: 
++ date +%s
+ echo 1405236660
1405236660
++ echo /home/hadoop/git/physical_design/caseresult/case120/workloadc_1.dat
+ ./workloadc 50000000 20 /home/hadoop/git/physical_design/caseresult/case120/workloadc_1.dat
Loading workload...
Starting test.
2014-07-13 00:31:01:021 0 sec: 0 operations; 
14/07/13 00:31:01 INFO zookeeper.ZooKeeper: Client environment:zookeeper.version=3.4.6-1569965, built on 02/20/2014 09:09 GMT
14/07/13 00:31:01 INFO zookeeper.ZooKeeper: Client environment:host.name=sceplus-vm43.almaden.ibm.com
14/07/13 00:31:01 INFO zookeeper.ZooKeeper: Client environment:java.version=1.6.0_31
14/07/13 00:31:01 INFO zookeeper.ZooKeeper: Client environment:java.vendor=Sun Microsystems Inc.
14/07/13 00:31:01 INFO zookeeper.ZooKeeper: Client environment:java.home=/usr/lib/jvm/java-6-openjdk-amd64/jre
14/07/13 00:31:01 INFO zookeeper.ZooKeeper: Client environment:java.class.path=/home/hadoop/ycsb-0.1.4/hbase-binding/lib/hbase-binding-0.1.4.jar:/home/hadoop/ycsb-0.1.4/hbase-binding/conf:/home/hadoop/ycsb-0.1.4/core/lib/core-0.1.4.jar:/home/hadoop/ycsb-0.1.4/jdbc-binding/conf
14/07/13 00:31:01 INFO zookeeper.ZooKeeper: Client environment:java.library.path=/usr/lib/jvm/java-6-openjdk-amd64/jre/lib/amd64/server:/usr/lib/jvm/java-6-openjdk-amd64/jre/lib/amd64:/usr/lib/jvm/java-6-openjdk-amd64/jre/../lib/amd64:/usr/java/packages/lib/amd64:/usr/lib/jni:/lib:/usr/lib
14/07/13 00:31:01 INFO zookeeper.ZooKeeper: Client environment:java.io.tmpdir=/tmp
14/07/13 00:31:01 INFO zookeeper.ZooKeeper: Client environment:java.compiler=<NA>
14/07/13 00:31:01 INFO zookeeper.ZooKeeper: Client environment:os.name=Linux
14/07/13 00:31:01 INFO zookeeper.ZooKeeper: Client environment:os.arch=amd64
14/07/13 00:31:01 INFO zookeeper.ZooKeeper: Client environment:os.version=3.13.0-24-generic
14/07/13 00:31:01 INFO zookeeper.ZooKeeper: Client environment:user.name=hadoop
14/07/13 00:31:01 INFO zookeeper.ZooKeeper: Client environment:user.home=/home/hadoop
14/07/13 00:31:01 INFO zookeeper.ZooKeeper: Client environment:user.dir=/home/hadoop/ycsb-0.1.4
14/07/13 00:31:01 INFO zookeeper.ZooKeeper: Initiating client connection, connectString=sceplus-vm49.almaden.ibm.com:2181,sceplus-vm48.almaden.ibm.com:2181 sessionTimeout=90000 watcher=hconnection-0x13f1d038, quorum=sceplus-vm49.almaden.ibm.com:2181,sceplus-vm48.almaden.ibm.com:2181, baseZNode=/hbase
14/07/13 00:31:01 INFO zookeeper.RecoverableZooKeeper: Process identifier=hconnection-0x13f1d038 connecting to ZooKeeper ensemble=sceplus-vm49.almaden.ibm.com:2181,sceplus-vm48.almaden.ibm.com:2181
14/07/13 00:31:01 INFO zookeeper.ClientCnxn: Opening socket connection to server slave1/9.1.143.59:2181. Will not attempt to authenticate using SASL (unknown error)
14/07/13 00:31:01 INFO zookeeper.ClientCnxn: Socket connection established to slave1/9.1.143.59:2181, initiating session
14/07/13 00:31:01 INFO zookeeper.ClientCnxn: Session establishment complete on server slave1/9.1.143.59:2181, sessionid = 0x147304df4cc000a, negotiated timeout = 90000
2014-07-13 00:31:11:022 10 sec: 67206 operations; 6719.93 current ops/sec; [INSERT AverageLatency(us)=271.36] [READ AverageLatency(us)=7939] 
2014-07-13 00:31:21:023 20 sec: 216864 operations; 14964.3 current ops/sec; [INSERT AverageLatency(us)=34.26] [READ AverageLatency(us)=11828.04] 
2014-07-13 00:31:31:024 30 sec: 536201 operations; 31930.51 current ops/sec; [INSERT AverageLatency(us)=13.36] [READ AverageLatency(us)=5706.48] 
2014-07-13 00:31:41:024 40 sec: 892893 operations; 35669.2 current ops/sec; [INSERT AverageLatency(us)=11.51] [READ AverageLatency(us)=5363.26] 
2014-07-13 00:31:51:025 50 sec: 1240103 operations; 34717.53 current ops/sec; [INSERT AverageLatency(us)=11.74] [READ AverageLatency(us)=5545.76] 
2014-07-13 00:32:01:025 60 sec: 1548556 operations; 30845.3 current ops/sec; [INSERT AverageLatency(us)=12.09] [READ AverageLatency(us)=6272.01] 
2014-07-13 00:32:11:026 70 sec: 1861168 operations; 31258.07 current ops/sec; [INSERT AverageLatency(us)=11.56] [READ AverageLatency(us)=6255.38] 
2014-07-13 00:32:21:027 80 sec: 2104039 operations; 24284.67 current ops/sec; [INSERT AverageLatency(us)=11.24] [READ AverageLatency(us)=7746.13] 
2014-07-13 00:32:31:027 90 sec: 2346799 operations; 24276 current ops/sec; [INSERT AverageLatency(us)=12.51] [READ AverageLatency(us)=8267.47] 
2014-07-13 00:32:41:028 100 sec: 2639700 operations; 29287.17 current ops/sec; [INSERT AverageLatency(us)=11.68] [READ AverageLatency(us)=6560.5] 
2014-07-13 00:32:51:028 110 sec: 2941351 operations; 30165.1 current ops/sec; [INSERT AverageLatency(us)=11.18] [READ AverageLatency(us)=6574.93] 
2014-07-13 00:33:01:029 120 sec: 3240238 operations; 29885.71 current ops/sec; [INSERT AverageLatency(us)=11.4] [READ AverageLatency(us)=6536.72] 
2014-07-13 00:33:11:029 130 sec: 3533049 operations; 29281.1 current ops/sec; [INSERT AverageLatency(us)=11.1] [READ AverageLatency(us)=6650.84] 
2014-07-13 00:33:21:030 140 sec: 3835760 operations; 30268.07 current ops/sec; [INSERT AverageLatency(us)=12.22] [READ AverageLatency(us)=6444.1] 
2014-07-13 00:33:31:030 150 sec: 4131042 operations; 29528.2 current ops/sec; [INSERT AverageLatency(us)=11.02] [READ AverageLatency(us)=6586.84] 
2014-07-13 00:33:41:031 160 sec: 4415482 operations; 28441.16 current ops/sec; [INSERT AverageLatency(us)=11.52] [READ AverageLatency(us)=6878.54] 
2014-07-13 00:33:51:031 170 sec: 4715655 operations; 30017.3 current ops/sec; [INSERT AverageLatency(us)=11.38] [READ AverageLatency(us)=6471.81] 
2014-07-13 00:34:01:032 180 sec: 5004815 operations; 28913.11 current ops/sec; [INSERT AverageLatency(us)=10.83] [READ AverageLatency(us)=6808.04] 
2014-07-13 00:34:11:033 190 sec: 5288140 operations; 28329.67 current ops/sec; [INSERT AverageLatency(us)=11.21] [READ AverageLatency(us)=6877.38] 
2014-07-13 00:34:21:033 200 sec: 5578353 operations; 29021.3 current ops/sec; [INSERT AverageLatency(us)=11.29] [READ AverageLatency(us)=6762.14] 
2014-07-13 00:34:31:034 210 sec: 5867625 operations; 28927.2 current ops/sec; [INSERT AverageLatency(us)=11.59] [READ AverageLatency(us)=6693.3] 
2014-07-13 00:34:41:034 220 sec: 6143341 operations; 27568.84 current ops/sec; [INSERT AverageLatency(us)=11.29] [READ AverageLatency(us)=7165.04] 
2014-07-13 00:34:51:035 230 sec: 6422479 operations; 27911.01 current ops/sec; [INSERT AverageLatency(us)=11.01] [READ AverageLatency(us)=6945.5] 
2014-07-13 00:35:01:035 240 sec: 6684175 operations; 26169.6 current ops/sec; [INSERT AverageLatency(us)=12.15] [READ AverageLatency(us)=7507.18] 
2014-07-13 00:35:11:036 250 sec: 6928730 operations; 24453.05 current ops/sec; [INSERT AverageLatency(us)=11.96] [READ AverageLatency(us)=7903.73] 
2014-07-13 00:35:21:036 260 sec: 7216088 operations; 28735.8 current ops/sec; [INSERT AverageLatency(us)=10.82] [READ AverageLatency(us)=6793.61] 
2014-07-13 00:35:31:037 270 sec: 7488660 operations; 27254.47 current ops/sec; [INSERT AverageLatency(us)=11.03] [READ AverageLatency(us)=7229.22] 
2014-07-13 00:35:41:037 280 sec: 7771506 operations; 28284.6 current ops/sec; [INSERT AverageLatency(us)=11.11] [READ AverageLatency(us)=6951.16] 
2014-07-13 00:35:51:038 290 sec: 8033957 operations; 26242.48 current ops/sec; [INSERT AverageLatency(us)=11.34] [READ AverageLatency(us)=7405.42] 
2014-07-13 00:36:01:038 300 sec: 8293625 operations; 25966.8 current ops/sec; [INSERT AverageLatency(us)=11.19] [READ AverageLatency(us)=7540.32] 
2014-07-13 00:36:11:039 310 sec: 8546755 operations; 25310.47 current ops/sec; [INSERT AverageLatency(us)=11.69] [READ AverageLatency(us)=7780.07] 
2014-07-13 00:36:21:039 320 sec: 8834096 operations; 28734.1 current ops/sec; [INSERT AverageLatency(us)=10.97] [READ AverageLatency(us)=6783.18] 
2014-07-13 00:36:31:040 330 sec: 9086086 operations; 25196.48 current ops/sec; [INSERT AverageLatency(us)=11.19] [READ AverageLatency(us)=7700.99] 
2014-07-13 00:36:41:040 340 sec: 9348284 operations; 26219.8 current ops/sec; [INSERT AverageLatency(us)=10.69] [READ AverageLatency(us)=7410.13] 
2014-07-13 00:36:51:041 350 sec: 9616745 operations; 26843.42 current ops/sec; [INSERT AverageLatency(us)=11.01] [READ AverageLatency(us)=7228.29] 
2014-07-13 00:37:01:041 360 sec: 9851063 operations; 23431.8 current ops/sec; [INSERT AverageLatency(us)=11.72] [READ AverageLatency(us)=8346.63] 
2014-07-13 00:37:11:042 370 sec: 10088200 operations; 23711.33 current ops/sec; [INSERT AverageLatency(us)=11.21] [READ AverageLatency(us)=8231.9] 
2014-07-13 00:37:21:042 380 sec: 10318925 operations; 23072.5 current ops/sec; [INSERT AverageLatency(us)=10.92] [READ AverageLatency(us)=8581.17] 
2014-07-13 00:37:31:043 390 sec: 10512101 operations; 19315.67 current ops/sec; [INSERT AverageLatency(us)=11.05] [READ AverageLatency(us)=9506.59] 
2014-07-13 00:37:41:043 400 sec: 10737934 operations; 22583.3 current ops/sec; [INSERT AverageLatency(us)=11.49] [READ AverageLatency(us)=9248.49] 
2014-07-13 00:37:51:044 410 sec: 10910427 operations; 17247.58 current ops/sec; [INSERT AverageLatency(us)=10.97] [READ AverageLatency(us)=11344] 
2014-07-13 00:38:01:045 420 sec: 11143657 operations; 23323 current ops/sec; [INSERT AverageLatency(us)=11.37] [READ AverageLatency(us)=8546.25] 
2014-07-13 00:38:11:045 430 sec: 11367611 operations; 22393.16 current ops/sec; [INSERT AverageLatency(us)=10.67] [READ AverageLatency(us)=8800.75] 
2014-07-13 00:38:21:045 440 sec: 11587713 operations; 22010.2 current ops/sec; [INSERT AverageLatency(us)=10.72] [READ AverageLatency(us)=8965.55] 
2014-07-13 00:38:31:046 450 sec: 11767025 operations; 17929.41 current ops/sec; [INSERT AverageLatency(us)=10.52] [READ AverageLatency(us)=10846.04] 
2014-07-13 00:38:41:047 460 sec: 11962521 operations; 19549.6 current ops/sec; [INSERT AverageLatency(us)=11.56] [READ AverageLatency(us)=10099.16] 
2014-07-13 00:38:51:047 470 sec: 12175520 operations; 21297.77 current ops/sec; [INSERT AverageLatency(us)=11.15] [READ AverageLatency(us)=9310.61] 
2014-07-13 00:39:01:048 480 sec: 12397050 operations; 22150.78 current ops/sec; [INSERT AverageLatency(us)=10.59] [READ AverageLatency(us)=8868.94] 
2014-07-13 00:39:11:048 490 sec: 12615439 operations; 21838.9 current ops/sec; [INSERT AverageLatency(us)=10.59] [READ AverageLatency(us)=8929.27] 
2014-07-13 00:39:21:049 500 sec: 12826803 operations; 21134.29 current ops/sec; [INSERT AverageLatency(us)=10.32] [READ AverageLatency(us)=9290.16] 
2014-07-13 00:39:31:049 510 sec: 13032008 operations; 20520.5 current ops/sec; [INSERT AverageLatency(us)=11.15] [READ AverageLatency(us)=9669.21] 
2014-07-13 00:39:41:050 520 sec: 13236972 operations; 20494.35 current ops/sec; [INSERT AverageLatency(us)=10.49] [READ AverageLatency(us)=9768.64] 
2014-07-13 00:39:51:050 530 sec: 13446944 operations; 20997.2 current ops/sec; [INSERT AverageLatency(us)=10.73] [READ AverageLatency(us)=9430.93] 
2014-07-13 00:40:01:051 540 sec: 13649726 operations; 20276.17 current ops/sec; [INSERT AverageLatency(us)=11.01] [READ AverageLatency(us)=9703.6] 
2014-07-13 00:40:11:051 550 sec: 13846524 operations; 19679.8 current ops/sec; [INSERT AverageLatency(us)=9.73] [READ AverageLatency(us)=9980.26] 
2014-07-13 00:40:21:052 560 sec: 14038165 operations; 19162.18 current ops/sec; [INSERT AverageLatency(us)=10.59] [READ AverageLatency(us)=10287.11] 
2014-07-13 00:40:31:052 570 sec: 14238938 operations; 20077.3 current ops/sec; [INSERT AverageLatency(us)=10.28] [READ AverageLatency(us)=9790.97] 
2014-07-13 00:40:41:053 580 sec: 14426973 operations; 18803.5 current ops/sec; [INSERT AverageLatency(us)=10.76] [READ AverageLatency(us)=10415.9] 
2014-07-13 00:40:51:053 590 sec: 14619393 operations; 19240.08 current ops/sec; [INSERT AverageLatency(us)=11.25] [READ AverageLatency(us)=10392.33] 
2014-07-13 00:41:01:053 600 sec: 14809046 operations; 18965.3 current ops/sec; [INSERT AverageLatency(us)=10.59] [READ AverageLatency(us)=10528.05] 
2014-07-13 00:41:11:054 610 sec: 14998879 operations; 18981.4 current ops/sec; [INSERT AverageLatency(us)=10.22] [READ AverageLatency(us)=10635.14] 
2014-07-13 00:41:21:054 620 sec: 15183608 operations; 18472.9 current ops/sec; [INSERT AverageLatency(us)=10.57] [READ AverageLatency(us)=10617.15] 
2014-07-13 00:41:31:055 630 sec: 15375840 operations; 19221.28 current ops/sec; [INSERT AverageLatency(us)=10.8] [READ AverageLatency(us)=10394.8] 
2014-07-13 00:41:41:056 640 sec: 15571980 operations; 19612.04 current ops/sec; [INSERT AverageLatency(us)=10.5] [READ AverageLatency(us)=10044.08] 
2014-07-13 00:41:51:056 650 sec: 15766739 operations; 19475.9 current ops/sec; [INSERT AverageLatency(us)=10.39] [READ AverageLatency(us)=10181.76] 
2014-07-13 00:42:01:057 660 sec: 15961269 operations; 19451.05 current ops/sec; [INSERT AverageLatency(us)=10.41] [READ AverageLatency(us)=10233.63] 
2014-07-13 00:42:11:057 670 sec: 16149642 operations; 18837.3 current ops/sec; [INSERT AverageLatency(us)=10.08] [READ AverageLatency(us)=10525.95] 
2014-07-13 00:42:21:058 680 sec: 16339551 operations; 18989 current ops/sec; [INSERT AverageLatency(us)=11.01] [READ AverageLatency(us)=10402.65] 
2014-07-13 00:42:31:058 690 sec: 16528214 operations; 18866.3 current ops/sec; [INSERT AverageLatency(us)=10.44] [READ AverageLatency(us)=10306.03] 
2014-07-13 00:42:41:059 700 sec: 16724178 operations; 19594.44 current ops/sec; [INSERT AverageLatency(us)=10.27] [READ AverageLatency(us)=10051.77] 
2014-07-13 00:42:51:059 710 sec: 16879972 operations; 15579.4 current ops/sec; [INSERT AverageLatency(us)=10.16] [READ AverageLatency(us)=12881.97] 
2014-07-13 00:43:01:060 720 sec: 17063177 operations; 18318.67 current ops/sec; [INSERT AverageLatency(us)=10.82] [READ AverageLatency(us)=10863.78] 
2014-07-13 00:43:11:061 730 sec: 17249813 operations; 18661.73 current ops/sec; [INSERT AverageLatency(us)=10.24] [READ AverageLatency(us)=10550.79] 
2014-07-13 00:43:21:061 740 sec: 17454027 operations; 20421.4 current ops/sec; [INSERT AverageLatency(us)=10.02] [READ AverageLatency(us)=9678.03] 
2014-07-13 00:43:31:062 750 sec: 17623930 operations; 16988.6 current ops/sec; [INSERT AverageLatency(us)=9.78] [READ AverageLatency(us)=11594.2] 
2014-07-13 00:43:41:062 760 sec: 17802730 operations; 17880 current ops/sec; [INSERT AverageLatency(us)=10.46] [READ AverageLatency(us)=11115.08] 
2014-07-13 00:43:51:063 770 sec: 17977728 operations; 17498.05 current ops/sec; [INSERT AverageLatency(us)=10.01] [READ AverageLatency(us)=11208.12] 
2014-07-13 00:44:01:063 780 sec: 18159130 operations; 18140.2 current ops/sec; [INSERT AverageLatency(us)=10.44] [READ AverageLatency(us)=10949.45] 
2014-07-13 00:44:11:064 790 sec: 18337222 operations; 17807.42 current ops/sec; [INSERT AverageLatency(us)=10.56] [READ AverageLatency(us)=11141.56] 
2014-07-13 00:44:21:064 800 sec: 18510931 operations; 17370.9 current ops/sec; [INSERT AverageLatency(us)=10.16] [READ AverageLatency(us)=11389.48] 
2014-07-13 00:44:31:065 810 sec: 18689532 operations; 17858.31 current ops/sec; [INSERT AverageLatency(us)=10.38] [READ AverageLatency(us)=11148.42] 
2014-07-13 00:44:41:066 820 sec: 18868059 operations; 17852.7 current ops/sec; [INSERT AverageLatency(us)=10.53] [READ AverageLatency(us)=11108.58] 
2014-07-13 00:44:51:066 830 sec: 19039580 operations; 17150.38 current ops/sec; [INSERT AverageLatency(us)=10.94] [READ AverageLatency(us)=11685.08] 
2014-07-13 00:45:01:067 840 sec: 19225173 operations; 18559.3 current ops/sec; [INSERT AverageLatency(us)=10.9] [READ AverageLatency(us)=10529.72] 
2014-07-13 00:45:11:067 850 sec: 19418101 operations; 19290.87 current ops/sec; [INSERT AverageLatency(us)=10.53] [READ AverageLatency(us)=10249.03] 
2014-07-13 00:45:21:068 860 sec: 19608018 operations; 18989.8 current ops/sec; [INSERT AverageLatency(us)=11.1] [READ AverageLatency(us)=10502.92] 
2014-07-13 00:45:31:068 870 sec: 19793474 operations; 18545.6 current ops/sec; [INSERT AverageLatency(us)=9.96] [READ AverageLatency(us)=10685.44] 
2014-07-13 00:45:41:069 880 sec: 19971890 operations; 17841.6 current ops/sec; [INSERT AverageLatency(us)=9.89] [READ AverageLatency(us)=11054.22] 
2014-07-13 00:45:51:069 890 sec: 20164140 operations; 19223.08 current ops/sec; [INSERT AverageLatency(us)=10.12] [READ AverageLatency(us)=10327.38] 
2014-07-13 00:46:01:070 900 sec: 20329743 operations; 16558.64 current ops/sec; [INSERT AverageLatency(us)=11.3] [READ AverageLatency(us)=12004.66] 
2014-07-13 00:46:11:070 910 sec: 20525909 operations; 19616.6 current ops/sec; [INSERT AverageLatency(us)=10.28] [READ AverageLatency(us)=10006.49] 
2014-07-13 00:46:21:071 920 sec: 20709600 operations; 18367.26 current ops/sec; [INSERT AverageLatency(us)=9.94] [READ AverageLatency(us)=10792.29] 
2014-07-13 00:46:31:071 930 sec: 20865970 operations; 15637 current ops/sec; [INSERT AverageLatency(us)=11.24] [READ AverageLatency(us)=12711.97] 
2014-07-13 00:46:41:072 940 sec: 21038614 operations; 17262.67 current ops/sec; [INSERT AverageLatency(us)=10.74] [READ AverageLatency(us)=11435.7] 
2014-07-13 00:46:51:072 950 sec: 21164959 operations; 12634.5 current ops/sec; [INSERT AverageLatency(us)=10.89] [READ AverageLatency(us)=12491.59] 
2014-07-13 00:47:01:073 960 sec: 21164959 operations; 0 current ops/sec;   
2014-07-13 00:47:11:073 970 sec: 21271868 operations; 10690.9 current ops/sec; [INSERT AverageLatency(us)=12.07] [READ AverageLatency(us)=41320.22] 
2014-07-13 00:47:21:074 980 sec: 21445526 operations; 17365.8 current ops/sec; [INSERT AverageLatency(us)=10.47] [READ AverageLatency(us)=10843.24] 
2014-07-13 00:47:31:074 990 sec: 21515503 operations; 6997 current ops/sec; [INSERT AverageLatency(us)=10.38] [READ AverageLatency(us)=30370.18] 
2014-07-13 00:47:41:075 1000 sec: 21711480 operations; 19597.7 current ops/sec; [INSERT AverageLatency(us)=9.73] [READ AverageLatency(us)=10093.46] 
2014-07-13 00:47:51:075 1010 sec: 21900120 operations; 18862.11 current ops/sec; [INSERT AverageLatency(us)=10.19] [READ AverageLatency(us)=10465] 
2014-07-13 00:48:01:075 1020 sec: 22074393 operations; 17427.3 current ops/sec; [INSERT AverageLatency(us)=10.37] [READ AverageLatency(us)=11392.88] 
2014-07-13 00:48:11:076 1030 sec: 22273950 operations; 19953.7 current ops/sec; [INSERT AverageLatency(us)=10.16] [READ AverageLatency(us)=9315.42] 
2014-07-13 00:48:21:076 1040 sec: 22485928 operations; 21197.8 current ops/sec; [INSERT AverageLatency(us)=10.95] [READ AverageLatency(us)=9785.62] 
2014-07-13 00:48:31:077 1050 sec: 22686278 operations; 20033 current ops/sec; [INSERT AverageLatency(us)=10.38] [READ AverageLatency(us)=10006.73] 
2014-07-13 00:48:41:077 1060 sec: 22897142 operations; 21086.4 current ops/sec; [INSERT AverageLatency(us)=9.92] [READ AverageLatency(us)=9496.61] 
2014-07-13 00:48:51:078 1070 sec: 23113010 operations; 21584.64 current ops/sec; [INSERT AverageLatency(us)=9.54] [READ AverageLatency(us)=8997.08] 
2014-07-13 00:49:01:078 1080 sec: 23322100 operations; 20909 current ops/sec; [INSERT AverageLatency(us)=10.18] [READ AverageLatency(us)=9306.22] 
2014-07-13 00:49:11:079 1090 sec: 23496609 operations; 17449.16 current ops/sec; [INSERT AverageLatency(us)=9.75] [READ AverageLatency(us)=11528.74] 
2014-07-13 00:49:21:079 1100 sec: 23670927 operations; 17431.8 current ops/sec; [INSERT AverageLatency(us)=10.61] [READ AverageLatency(us)=11275.56] 
2014-07-13 00:49:31:080 1110 sec: 23840911 operations; 16996.7 current ops/sec; [INSERT AverageLatency(us)=10.23] [READ AverageLatency(us)=11469.12] 
2014-07-13 00:49:41:080 1120 sec: 23998452 operations; 15754.1 current ops/sec; [INSERT AverageLatency(us)=9.75] [READ AverageLatency(us)=12498.13] 
2014-07-13 00:49:51:081 1130 sec: 24163867 operations; 16539.85 current ops/sec; [INSERT AverageLatency(us)=10.72] [READ AverageLatency(us)=10879.76] 
2014-07-13 00:50:01:081 1140 sec: 24163867 operations; 0 current ops/sec;   
2014-07-13 00:50:11:082 1150 sec: 24163867 operations; 0 current ops/sec;   
2014-07-13 00:50:21:082 1160 sec: 24325838 operations; 16197.1 current ops/sec; [INSERT AverageLatency(us)=11.21] [READ AverageLatency(us)=36753.25] 
2014-07-13 00:50:31:083 1170 sec: 24325838 operations; 0 current ops/sec;   
2014-07-13 00:50:41:083 1180 sec: 24400681 operations; 7484.3 current ops/sec; [INSERT AverageLatency(us)=11.31] [READ AverageLatency(us)=55689.76] 
2014-07-13 00:50:51:084 1190 sec: 24596673 operations; 19597.24 current ops/sec; [INSERT AverageLatency(us)=10.45] [READ AverageLatency(us)=10112.12] 
2014-07-13 00:51:01:084 1200 sec: 24796221 operations; 19954.8 current ops/sec; [INSERT AverageLatency(us)=10.15] [READ AverageLatency(us)=9917.15] 
2014-07-13 00:51:11:085 1210 sec: 24973846 operations; 17760.72 current ops/sec; [INSERT AverageLatency(us)=10.11] [READ AverageLatency(us)=11186.57] 
2014-07-13 00:51:21:085 1220 sec: 25167527 operations; 19368.1 current ops/sec; [INSERT AverageLatency(us)=10.2] [READ AverageLatency(us)=10066.89] 
2014-07-13 00:51:31:086 1230 sec: 25350858 operations; 18331.27 current ops/sec; [INSERT AverageLatency(us)=10.05] [READ AverageLatency(us)=10829.44] 
2014-07-13 00:51:41:086 1240 sec: 25539705 operations; 18884.7 current ops/sec; [INSERT AverageLatency(us)=10.35] [READ AverageLatency(us)=10473.54] 
2014-07-13 00:51:51:087 1250 sec: 25737161 operations; 19743.63 current ops/sec; [INSERT AverageLatency(us)=9.96] [READ AverageLatency(us)=10045.56] 
2014-07-13 00:52:01:087 1260 sec: 25909713 operations; 17255.2 current ops/sec; [INSERT AverageLatency(us)=10.55] [READ AverageLatency(us)=11328.14] 
2014-07-13 00:52:11:088 1270 sec: 26084520 operations; 17478.95 current ops/sec; [INSERT AverageLatency(us)=9.53] [READ AverageLatency(us)=11251.24] 
2014-07-13 00:52:21:088 1280 sec: 26270085 operations; 18556.5 current ops/sec; [INSERT AverageLatency(us)=11.14] [READ AverageLatency(us)=10586.17] 
2014-07-13 00:52:31:089 1290 sec: 26448157 operations; 17805.42 current ops/sec; [INSERT AverageLatency(us)=10.37] [READ AverageLatency(us)=11277.77] 
2014-07-13 00:52:41:089 1300 sec: 26598969 operations; 15081.2 current ops/sec; [INSERT AverageLatency(us)=10.59] [READ AverageLatency(us)=13057.88] 
2014-07-13 00:52:51:090 1310 sec: 26764476 operations; 16549.05 current ops/sec; [INSERT AverageLatency(us)=9.64] [READ AverageLatency(us)=11902.69] 
2014-07-13 00:53:01:090 1320 sec: 26920859 operations; 15638.3 current ops/sec; [INSERT AverageLatency(us)=9.97] [READ AverageLatency(us)=12508.52] 
2014-07-13 00:53:11:091 1330 sec: 27092020 operations; 17114.39 current ops/sec; [INSERT AverageLatency(us)=10.02] [READ AverageLatency(us)=11380.24] 
2014-07-13 00:53:21:091 1340 sec: 27278838 operations; 18681.8 current ops/sec; [INSERT AverageLatency(us)=10.08] [READ AverageLatency(us)=10730.58] 
2014-07-13 00:53:31:092 1350 sec: 27463739 operations; 18488.25 current ops/sec; [INSERT AverageLatency(us)=10.88] [READ AverageLatency(us)=10795.66] 
2014-07-13 00:53:41:092 1360 sec: 27666612 operations; 20287.3 current ops/sec; [INSERT AverageLatency(us)=10.09] [READ AverageLatency(us)=9529.87] 
2014-07-13 00:53:51:093 1370 sec: 27833434 operations; 16680.53 current ops/sec; [INSERT AverageLatency(us)=9.41] [READ AverageLatency(us)=12021.75] 
2014-07-13 00:54:01:093 1380 sec: 28015634 operations; 18220 current ops/sec; [INSERT AverageLatency(us)=10.17] [READ AverageLatency(us)=10862.07] 
2014-07-13 00:54:11:094 1390 sec: 28205102 operations; 18944.91 current ops/sec; [INSERT AverageLatency(us)=9.8] [READ AverageLatency(us)=10515.54] 
2014-07-13 00:54:21:094 1400 sec: 28385277 operations; 18017.5 current ops/sec; [INSERT AverageLatency(us)=9.8] [READ AverageLatency(us)=10990.09] 
2014-07-13 00:54:31:095 1410 sec: 28557883 operations; 17258.87 current ops/sec; [INSERT AverageLatency(us)=10.92] [READ AverageLatency(us)=11544.03] 
2014-07-13 00:54:41:095 1420 sec: 28730611 operations; 17272.8 current ops/sec; [INSERT AverageLatency(us)=10.53] [READ AverageLatency(us)=11370.97] 
2014-07-13 00:54:51:096 1430 sec: 28915370 operations; 18474.05 current ops/sec; [INSERT AverageLatency(us)=10.1] [READ AverageLatency(us)=10608.05] 
2014-07-13 00:55:01:096 1440 sec: 29085630 operations; 17026 current ops/sec; [INSERT AverageLatency(us)=10.39] [READ AverageLatency(us)=11970.75] 
2014-07-13 00:55:11:097 1450 sec: 29247257 operations; 16161.08 current ops/sec; [INSERT AverageLatency(us)=10.09] [READ AverageLatency(us)=12174.42] 
2014-07-13 00:55:21:097 1460 sec: 29421747 operations; 17449 current ops/sec; [INSERT AverageLatency(us)=9.68] [READ AverageLatency(us)=11406.37] 
2014-07-13 00:55:31:098 1470 sec: 29592712 operations; 17094.79 current ops/sec; [INSERT AverageLatency(us)=9.73] [READ AverageLatency(us)=11684.17] 
2014-07-13 00:55:41:098 1480 sec: 29771005 operations; 17829.3 current ops/sec; [INSERT AverageLatency(us)=9.71] [READ AverageLatency(us)=11093.66] 
2014-07-13 00:55:51:099 1490 sec: 29958719 operations; 18769.52 current ops/sec; [INSERT AverageLatency(us)=9.69] [READ AverageLatency(us)=10536.51] 
2014-07-13 00:56:01:099 1500 sec: 30145153 operations; 18643.4 current ops/sec; [INSERT AverageLatency(us)=10.41] [READ AverageLatency(us)=10481.32] 
2014-07-13 00:56:11:100 1510 sec: 30318725 operations; 17355.46 current ops/sec; [INSERT AverageLatency(us)=9.71] [READ AverageLatency(us)=11573.03] 
2014-07-13 00:56:21:100 1520 sec: 30511087 operations; 19236.2 current ops/sec; [INSERT AverageLatency(us)=9.65] [READ AverageLatency(us)=10311.61] 
2014-07-13 00:56:31:101 1530 sec: 30689192 operations; 17808.72 current ops/sec; [INSERT AverageLatency(us)=10.21] [READ AverageLatency(us)=11247.16] 
2014-07-13 00:56:41:101 1540 sec: 30854622 operations; 16543 current ops/sec; [INSERT AverageLatency(us)=10.22] [READ AverageLatency(us)=11966.72] 
2014-07-13 00:56:51:102 1550 sec: 31027365 operations; 17272.57 current ops/sec; [INSERT AverageLatency(us)=10.56] [READ AverageLatency(us)=11150.04] 
2014-07-13 00:57:01:103 1560 sec: 31209472 operations; 18208.88 current ops/sec; [INSERT AverageLatency(us)=10.08] [READ AverageLatency(us)=11237.16] 
2014-07-13 00:57:11:104 1570 sec: 31393869 operations; 18437.86 current ops/sec; [INSERT AverageLatency(us)=10.35] [READ AverageLatency(us)=10696.01] 
2014-07-13 00:57:21:105 1580 sec: 31554732 operations; 16084.69 current ops/sec; [INSERT AverageLatency(us)=9.54] [READ AverageLatency(us)=12325.4] 
2014-07-13 00:57:31:105 1590 sec: 31702961 operations; 14822.9 current ops/sec; [INSERT AverageLatency(us)=10.03] [READ AverageLatency(us)=13142.69] 
2014-07-13 00:57:41:106 1600 sec: 31848600 operations; 14563.9 current ops/sec; [INSERT AverageLatency(us)=11.06] [READ AverageLatency(us)=13574.45] 
2014-07-13 00:57:51:106 1610 sec: 32017332 operations; 16871.51 current ops/sec; [INSERT AverageLatency(us)=11.16] [READ AverageLatency(us)=11849.04] 
2014-07-13 00:58:01:107 1620 sec: 32063939 operations; 4660.23 current ops/sec; [INSERT AverageLatency(us)=9.87] [READ AverageLatency(us)=10328.13] 
2014-07-13 00:58:11:107 1630 sec: 32128974 operations; 6503.5 current ops/sec; [INSERT AverageLatency(us)=11] [READ AverageLatency(us)=53514.45] 
2014-07-13 00:58:21:108 1640 sec: 32321672 operations; 19267.87 current ops/sec; [INSERT AverageLatency(us)=10.49] [READ AverageLatency(us)=10282.28] 
2014-07-13 00:58:31:108 1650 sec: 32502233 operations; 18056.1 current ops/sec; [INSERT AverageLatency(us)=9.88] [READ AverageLatency(us)=11119.27] 
2014-07-13 00:58:41:109 1660 sec: 32682752 operations; 18050.09 current ops/sec; [INSERT AverageLatency(us)=10.56] [READ AverageLatency(us)=11062.86] 
2014-07-13 00:58:51:110 1670 sec: 32855834 operations; 17306.47 current ops/sec; [INSERT AverageLatency(us)=10.52] [READ AverageLatency(us)=11524.1] 
2014-07-13 00:59:01:110 1680 sec: 33020168 operations; 16433.4 current ops/sec; [INSERT AverageLatency(us)=10.16] [READ AverageLatency(us)=12025.66] 
2014-07-13 00:59:11:111 1690 sec: 33192398 operations; 17221.28 current ops/sec; [INSERT AverageLatency(us)=10.89] [READ AverageLatency(us)=11376.31] 
2014-07-13 00:59:21:111 1700 sec: 33373148 operations; 18075 current ops/sec; [INSERT AverageLatency(us)=10.1] [READ AverageLatency(us)=10961.16] 
2014-07-13 00:59:31:112 1710 sec: 33554881 operations; 18171.48 current ops/sec; [INSERT AverageLatency(us)=10.02] [READ AverageLatency(us)=10791.32] 
2014-07-13 00:59:41:112 1720 sec: 33726263 operations; 17138.2 current ops/sec; [INSERT AverageLatency(us)=10.1] [READ AverageLatency(us)=11347.58] 
2014-07-13 00:59:51:113 1730 sec: 33895781 operations; 16950.1 current ops/sec; [INSERT AverageLatency(us)=10.34] [READ AverageLatency(us)=11121.14] 
2014-07-13 01:00:01:114 1740 sec: 34070212 operations; 17441.36 current ops/sec; [INSERT AverageLatency(us)=10.71] [READ AverageLatency(us)=11843.36] 
2014-07-13 01:00:11:114 1750 sec: 34215921 operations; 14570.9 current ops/sec; [INSERT AverageLatency(us)=10.57] [READ AverageLatency(us)=13734.4] 
2014-07-13 01:00:21:115 1760 sec: 34391567 operations; 17562.84 current ops/sec; [INSERT AverageLatency(us)=10.34] [READ AverageLatency(us)=11281.08] 
2014-07-13 01:00:31:115 1770 sec: 34564032 operations; 17246.5 current ops/sec; [INSERT AverageLatency(us)=9.79] [READ AverageLatency(us)=11450.28] 
2014-07-13 01:00:41:116 1780 sec: 34744985 operations; 18093.49 current ops/sec; [INSERT AverageLatency(us)=9.37] [READ AverageLatency(us)=10950.01] 
2014-07-13 01:00:51:116 1790 sec: 34920950 operations; 17596.5 current ops/sec; [INSERT AverageLatency(us)=10.21] [READ AverageLatency(us)=10987.77] 
2014-07-13 01:01:01:117 1800 sec: 35103433 operations; 18246.48 current ops/sec; [INSERT AverageLatency(us)=10.17] [READ AverageLatency(us)=11047.14] 
2014-07-13 01:01:11:117 1810 sec: 35265517 operations; 16208.4 current ops/sec; [INSERT AverageLatency(us)=10.72] [READ AverageLatency(us)=12226.53] 
2014-07-13 01:01:21:118 1820 sec: 35438462 operations; 17292.77 current ops/sec; [INSERT AverageLatency(us)=10.39] [READ AverageLatency(us)=11183.35] 
2014-07-13 01:01:31:127 1830 sec: 35614074 operations; 17545.41 current ops/sec; [INSERT AverageLatency(us)=10.24] [READ AverageLatency(us)=11501.69] 
2014-07-13 01:01:41:127 1840 sec: 35800357 operations; 18628.3 current ops/sec; [INSERT AverageLatency(us)=9.89] [READ AverageLatency(us)=10580.54] 
2014-07-13 01:01:51:128 1850 sec: 35976345 operations; 17597.04 current ops/sec; [INSERT AverageLatency(us)=10.46] [READ AverageLatency(us)=11286.44] 
2014-07-13 01:02:01:128 1860 sec: 36141068 operations; 16472.3 current ops/sec; [INSERT AverageLatency(us)=10.41] [READ AverageLatency(us)=12006.81] 
2014-07-13 01:02:11:129 1870 sec: 36311907 operations; 17082.19 current ops/sec; [INSERT AverageLatency(us)=10.67] [READ AverageLatency(us)=11345.23] 
2014-07-13 01:02:21:144 1880 sec: 36484063 operations; 17189.82 current ops/sec; [INSERT AverageLatency(us)=10.58] [READ AverageLatency(us)=11725.31] 
2014-07-13 01:02:31:145 1890 sec: 36655394 operations; 17131.39 current ops/sec; [INSERT AverageLatency(us)=10.42] [READ AverageLatency(us)=11464.82] 
2014-07-13 01:02:41:145 1900 sec: 36822896 operations; 16750.2 current ops/sec; [INSERT AverageLatency(us)=10.24] [READ AverageLatency(us)=11810.69] 
2014-07-13 01:02:51:146 1910 sec: 36995291 operations; 17237.78 current ops/sec; [INSERT AverageLatency(us)=10.35] [READ AverageLatency(us)=11296.03] 
2014-07-13 01:03:01:146 1920 sec: 37169218 operations; 17392.7 current ops/sec; [INSERT AverageLatency(us)=9.91] [READ AverageLatency(us)=11736.16] 
2014-07-13 01:03:11:147 1930 sec: 37342612 operations; 17337.67 current ops/sec; [INSERT AverageLatency(us)=9.75] [READ AverageLatency(us)=11288.88] 
2014-07-13 01:03:21:147 1940 sec: 37516111 operations; 17349.9 current ops/sec; [INSERT AverageLatency(us)=9.82] [READ AverageLatency(us)=11386.88] 
2014-07-13 01:03:31:148 1950 sec: 37693140 operations; 17701.13 current ops/sec; [INSERT AverageLatency(us)=9.55] [READ AverageLatency(us)=11160.98] 
2014-07-13 01:03:41:148 1960 sec: 37870310 operations; 17717 current ops/sec; [INSERT AverageLatency(us)=10.34] [READ AverageLatency(us)=11252.13] 
2014-07-13 01:03:51:149 1970 sec: 38032937 operations; 16261.07 current ops/sec; [INSERT AverageLatency(us)=10.95] [READ AverageLatency(us)=12098.97] 
2014-07-13 01:04:01:150 1980 sec: 38196554 operations; 16360.06 current ops/sec; [INSERT AverageLatency(us)=10.84] [READ AverageLatency(us)=12180.88] 
2014-07-13 01:04:11:150 1990 sec: 38372531 operations; 17597.7 current ops/sec; [INSERT AverageLatency(us)=10.35] [READ AverageLatency(us)=11227.12] 
2014-07-13 01:04:21:156 2000 sec: 38528495 operations; 15587.05 current ops/sec; [INSERT AverageLatency(us)=9.65] [READ AverageLatency(us)=12486.93] 
2014-07-13 01:04:31:157 2010 sec: 38697414 operations; 16890.21 current ops/sec; [INSERT AverageLatency(us)=9.91] [READ AverageLatency(us)=11842.37] 
2014-07-13 01:04:41:157 2020 sec: 38864786 operations; 16737.2 current ops/sec; [INSERT AverageLatency(us)=10.37] [READ AverageLatency(us)=11817.55] 
2014-07-13 01:04:51:158 2030 sec: 39028100 operations; 16329.77 current ops/sec; [INSERT AverageLatency(us)=9.57] [READ AverageLatency(us)=11965.02] 
2014-07-13 01:05:01:158 2040 sec: 39164565 operations; 13646.5 current ops/sec; [INSERT AverageLatency(us)=10.2] [READ AverageLatency(us)=14420.25] 
2014-07-13 01:05:11:159 2050 sec: 39315604 operations; 15102.39 current ops/sec; [INSERT AverageLatency(us)=10.38] [READ AverageLatency(us)=13083.3] 
2014-07-13 01:05:21:159 2060 sec: 39481357 operations; 16575.3 current ops/sec; [INSERT AverageLatency(us)=10.22] [READ AverageLatency(us)=11968.13] 
2014-07-13 01:05:31:172 2070 sec: 39649986 operations; 16841.01 current ops/sec; [INSERT AverageLatency(us)=9.69] [READ AverageLatency(us)=11382.85] 
2014-07-13 01:05:41:172 2080 sec: 39826824 operations; 17683.8 current ops/sec; [INSERT AverageLatency(us)=9.76] [READ AverageLatency(us)=11607.6] 
2014-07-13 01:05:51:173 2090 sec: 39994974 operations; 16813.32 current ops/sec; [INSERT AverageLatency(us)=10.2] [READ AverageLatency(us)=11723.93] 
2014-07-13 01:06:01:173 2100 sec: 40168472 operations; 17349.8 current ops/sec; [INSERT AverageLatency(us)=10.33] [READ AverageLatency(us)=11084.31] 
2014-07-13 01:06:11:174 2110 sec: 40316844 operations; 14835.72 current ops/sec; [INSERT AverageLatency(us)=9.86] [READ AverageLatency(us)=13682.23] 
2014-07-13 01:06:21:174 2120 sec: 40479269 operations; 16242.5 current ops/sec; [INSERT AverageLatency(us)=10.07] [READ AverageLatency(us)=12130.77] 
2014-07-13 01:06:31:175 2130 sec: 40651971 operations; 17268.47 current ops/sec; [INSERT AverageLatency(us)=10.2] [READ AverageLatency(us)=11389.17] 
2014-07-13 01:06:41:175 2140 sec: 40822692 operations; 17072.1 current ops/sec; [INSERT AverageLatency(us)=10.05] [READ AverageLatency(us)=11413.73] 
2014-07-13 01:06:51:176 2150 sec: 40994417 operations; 17170.78 current ops/sec; [INSERT AverageLatency(us)=9.83] [READ AverageLatency(us)=11452.41] 
2014-07-13 01:07:01:176 2160 sec: 41166130 operations; 17171.3 current ops/sec; [INSERT AverageLatency(us)=9.73] [READ AverageLatency(us)=11755.65] 
2014-07-13 01:07:11:177 2170 sec: 41338034 operations; 17188.68 current ops/sec; [INSERT AverageLatency(us)=10.29] [READ AverageLatency(us)=11587.09] 
2014-07-13 01:07:21:177 2180 sec: 41477408 operations; 13937.4 current ops/sec; [INSERT AverageLatency(us)=10.93] [READ AverageLatency(us)=14180.22] 
2014-07-13 01:07:31:178 2190 sec: 41624139 operations; 14671.63 current ops/sec; [INSERT AverageLatency(us)=9.94] [READ AverageLatency(us)=13572.26] 
2014-07-13 01:07:41:178 2200 sec: 41792157 operations; 16801.8 current ops/sec; [INSERT AverageLatency(us)=9.76] [READ AverageLatency(us)=11651.58] 
2014-07-13 01:07:51:179 2210 sec: 41961935 operations; 16976.1 current ops/sec; [INSERT AverageLatency(us)=10.04] [READ AverageLatency(us)=11630.15] 
2014-07-13 01:08:01:179 2220 sec: 42136721 operations; 17478.6 current ops/sec; [INSERT AverageLatency(us)=9.64] [READ AverageLatency(us)=11103.21] 
2014-07-13 01:08:11:180 2230 sec: 42315965 operations; 17922.61 current ops/sec; [INSERT AverageLatency(us)=9.84] [READ AverageLatency(us)=11154.88] 
2014-07-13 01:08:21:180 2240 sec: 42467614 operations; 15164.9 current ops/sec; [INSERT AverageLatency(us)=9.66] [READ AverageLatency(us)=12992.74] 
2014-07-13 01:08:31:181 2250 sec: 42623565 operations; 15593.54 current ops/sec; [INSERT AverageLatency(us)=9.74] [READ AverageLatency(us)=12705.63] 
2014-07-13 01:08:41:181 2260 sec: 42763791 operations; 14022.6 current ops/sec; [INSERT AverageLatency(us)=10.78] [READ AverageLatency(us)=14019.89] 
2014-07-13 01:08:51:182 2270 sec: 42952116 operations; 18830.62 current ops/sec; [INSERT AverageLatency(us)=10.4] [READ AverageLatency(us)=10530.31] 
2014-07-13 01:09:01:182 2280 sec: 43116329 operations; 16421.3 current ops/sec; [INSERT AverageLatency(us)=9.99] [READ AverageLatency(us)=12149.15] 
2014-07-13 01:09:11:183 2290 sec: 43267274 operations; 15092.99 current ops/sec; [INSERT AverageLatency(us)=10.01] [READ AverageLatency(us)=13038.15] 
2014-07-13 01:09:21:183 2300 sec: 43447970 operations; 18069.6 current ops/sec; [INSERT AverageLatency(us)=10.53] [READ AverageLatency(us)=10979.89] 
2014-07-13 01:09:31:184 2310 sec: 43487754 operations; 3978 current ops/sec; [INSERT AverageLatency(us)=9.35] [READ AverageLatency(us)=11594.17] 
2014-07-13 01:09:41:185 2320 sec: 43487754 operations; 0 current ops/sec;   
2014-07-13 01:09:51:185 2330 sec: 43519003 operations; 3124.9 current ops/sec; [INSERT AverageLatency(us)=12.86] [READ AverageLatency(us)=174492.84] 
2014-07-13 01:10:01:185 2340 sec: 43679815 operations; 16081.2 current ops/sec; [INSERT AverageLatency(us)=9.8] [READ AverageLatency(us)=12420.31] 
2014-07-13 01:10:11:186 2350 sec: 43832607 operations; 15277.67 current ops/sec; [INSERT AverageLatency(us)=10.51] [READ AverageLatency(us)=12888.87] 
2014-07-13 01:10:21:186 2360 sec: 44003143 operations; 17053.6 current ops/sec; [INSERT AverageLatency(us)=10.42] [READ AverageLatency(us)=11694.4] 
2014-07-13 01:10:31:187 2370 sec: 44165692 operations; 16253.27 current ops/sec; [INSERT AverageLatency(us)=10.77] [READ AverageLatency(us)=12302.56] 
2014-07-13 01:10:41:187 2380 sec: 44315795 operations; 15010.3 current ops/sec; [INSERT AverageLatency(us)=10.03] [READ AverageLatency(us)=13284.25] 
2014-07-13 01:10:51:188 2390 sec: 44463560 operations; 14775.02 current ops/sec; [INSERT AverageLatency(us)=10.95] [READ AverageLatency(us)=13484.23] 
2014-07-13 01:11:01:189 2400 sec: 44633439 operations; 16987.9 current ops/sec; [INSERT AverageLatency(us)=10.61] [READ AverageLatency(us)=11696.43] 
2014-07-13 01:11:11:189 2410 sec: 44801034 operations; 16757.82 current ops/sec; [INSERT AverageLatency(us)=10.33] [READ AverageLatency(us)=11811.65] 
2014-07-13 01:11:21:189 2420 sec: 44971639 operations; 17060.5 current ops/sec; [INSERT AverageLatency(us)=10] [READ AverageLatency(us)=11563.97] 
2014-07-13 01:11:31:190 2430 sec: 45140413 operations; 16875.71 current ops/sec; [INSERT AverageLatency(us)=9.91] [READ AverageLatency(us)=11698.4] 
2014-07-13 01:11:41:190 2440 sec: 45302221 operations; 16180.8 current ops/sec; [INSERT AverageLatency(us)=10.38] [READ AverageLatency(us)=12181.8] 
2014-07-13 01:11:51:191 2450 sec: 45472994 operations; 17075.59 current ops/sec; [INSERT AverageLatency(us)=9.71] [READ AverageLatency(us)=11618.47] 
2014-07-13 01:12:01:191 2460 sec: 45643416 operations; 17042.2 current ops/sec; [INSERT AverageLatency(us)=10.15] [READ AverageLatency(us)=11604.1] 
2014-07-13 01:12:11:192 2470 sec: 45813320 operations; 16988.7 current ops/sec; [INSERT AverageLatency(us)=9.96] [READ AverageLatency(us)=11671.72] 
2014-07-13 01:12:21:192 2480 sec: 45970363 operations; 15704.3 current ops/sec; [INSERT AverageLatency(us)=9.81] [READ AverageLatency(us)=12481.08] 
2014-07-13 01:12:31:193 2490 sec: 46111490 operations; 14111.29 current ops/sec; [INSERT AverageLatency(us)=10.84] [READ AverageLatency(us)=13969.2] 
2014-07-13 01:12:41:193 2500 sec: 46264540 operations; 15305 current ops/sec; [INSERT AverageLatency(us)=10.48] [READ AverageLatency(us)=13073.97] 
2014-07-13 01:12:51:194 2510 sec: 46407099 operations; 14254.47 current ops/sec; [INSERT AverageLatency(us)=11.25] [READ AverageLatency(us)=13908.23] 
2014-07-13 01:13:01:194 2520 sec: 46577481 operations; 17038.2 current ops/sec; [INSERT AverageLatency(us)=10.64] [READ AverageLatency(us)=11405.16] 
2014-07-13 01:13:11:194 2530 sec: 46725384 operations; 14790.3 current ops/sec; [INSERT AverageLatency(us)=10.83] [READ AverageLatency(us)=13454.46] 
2014-07-13 01:13:21:195 2540 sec: 46882932 operations; 15753.22 current ops/sec; [INSERT AverageLatency(us)=9.91] [READ AverageLatency(us)=12520.44] 
2014-07-13 01:13:31:195 2550 sec: 47043223 operations; 16029.1 current ops/sec; [INSERT AverageLatency(us)=10.13] [READ AverageLatency(us)=12560.89] 
2014-07-13 01:13:41:196 2560 sec: 47198316 operations; 15507.75 current ops/sec; [INSERT AverageLatency(us)=9.95] [READ AverageLatency(us)=12865.84] 
2014-07-13 01:13:51:196 2570 sec: 47366377 operations; 16806.1 current ops/sec; [INSERT AverageLatency(us)=9.8] [READ AverageLatency(us)=11699.28] 
2014-07-13 01:14:01:197 2580 sec: 47526374 operations; 15998.1 current ops/sec; [INSERT AverageLatency(us)=10.28] [READ AverageLatency(us)=12326.85] 
2014-07-13 01:14:11:197 2590 sec: 47675917 operations; 14954.3 current ops/sec; [INSERT AverageLatency(us)=10.38] [READ AverageLatency(us)=13111.06] 
2014-07-13 01:14:21:198 2600 sec: 47810275 operations; 13434.46 current ops/sec; [INSERT AverageLatency(us)=11.09] [READ AverageLatency(us)=15154.44] 
2014-07-13 01:14:31:198 2610 sec: 47962975 operations; 15270 current ops/sec; [INSERT AverageLatency(us)=10.43] [READ AverageLatency(us)=12910.31] 
2014-07-13 01:14:41:199 2620 sec: 48100296 operations; 13730.73 current ops/sec; [INSERT AverageLatency(us)=10.76] [READ AverageLatency(us)=14456.94] 
2014-07-13 01:14:51:199 2630 sec: 48246812 operations; 14651.6 current ops/sec; [INSERT AverageLatency(us)=10.49] [READ AverageLatency(us)=13544.14] 
2014-07-13 01:15:01:200 2640 sec: 48362187 operations; 11536.35 current ops/sec; [INSERT AverageLatency(us)=10.79] [READ AverageLatency(us)=17288.98] 
2014-07-13 01:15:11:200 2650 sec: 48509068 operations; 14688.1 current ops/sec; [INSERT AverageLatency(us)=10.61] [READ AverageLatency(us)=13405.46] 
2014-07-13 01:15:21:201 2660 sec: 48651372 operations; 14228.98 current ops/sec; [INSERT AverageLatency(us)=10.08] [READ AverageLatency(us)=14003.01] 
2014-07-13 01:15:31:201 2670 sec: 48778708 operations; 12733.6 current ops/sec; [INSERT AverageLatency(us)=11.28] [READ AverageLatency(us)=15602.13] 
2014-07-13 01:15:41:202 2680 sec: 48924018 operations; 14531 current ops/sec; [INSERT AverageLatency(us)=10.73] [READ AverageLatency(us)=13740.83] 
2014-07-13 01:15:51:202 2690 sec: 49074213 operations; 15018 current ops/sec; [INSERT AverageLatency(us)=10.23] [READ AverageLatency(us)=13243.45] 
2014-07-13 01:16:01:202 2700 sec: 49225315 operations; 15110.2 current ops/sec; [INSERT AverageLatency(us)=10.38] [READ AverageLatency(us)=13130.43] 
2014-07-13 01:16:11:203 2710 sec: 49385658 operations; 16032.7 current ops/sec; [INSERT AverageLatency(us)=10.93] [READ AverageLatency(us)=12170.58] 
2014-07-13 01:16:21:203 2720 sec: 49539312 operations; 15365.4 current ops/sec; [INSERT AverageLatency(us)=11.16] [READ AverageLatency(us)=12785.79] 
2014-07-13 01:16:31:204 2730 sec: 49704534 operations; 16520.55 current ops/sec; [INSERT AverageLatency(us)=10.34] [READ AverageLatency(us)=11868.35] 
2014-07-13 01:16:41:204 2740 sec: 49852625 operations; 14809.1 current ops/sec; [UPDATE AverageLatency(us)=117348.33] [INSERT AverageLatency(us)=10.48] [READ AverageLatency(us)=11889.06] [CLEANUP AverageLatency(us)=117801.67] 
2014-07-13 01:16:51:205 2750 sec: 49969916 operations; 11727.93 current ops/sec; [UPDATE AverageLatency(us)=217600.71] [INSERT AverageLatency(us)=10.84] [READ AverageLatency(us)=12002.28] [CLEANUP AverageLatency(us)=217606.57] 
2014-07-13 01:16:58:927 2757 sec: 50000000 operations; 3895.88 current ops/sec; [UPDATE AverageLatency(us)=108225.1] [INSERT AverageLatency(us)=10.82] [READ AverageLatency(us)=9343.51] [CLEANUP AverageLatency(us)=108231.5] 
+ echo 'end time:'
end time:
++ date +%s
+ echo 1405239419
1405239419
+ echo 'sleeping for 10 sec ...'
sleeping for 10 sec ...
+ sleep 10
+ let counter=1+1
+ read line
+ set +x
