++ ls caseresult/ -ltr
++ wc -l
+ filename=case321
+ requestdistribution=
+ mkdir caseresult/case321
+ ssh hadoop@master mkdir /home/hadoop/git/physical_design/caseresult/case321
+ RESULT_DIR=/home/hadoop/git/physical_design/caseresult/case321
+ TEN=10
+ SIXTY=6
+ SLEEP_TIME=20
+ YCSB_DIR=/home/hadoop/ycsb-0.1.4
+ number_of_operations=25000000
+ number_of_threads=20
+ number_of_records=25000000
+ output_file_suffix=.dat
+ experiment_list_file=/home/hadoop/git/physical_design/case321.list
+ clean=false
+ create=false
+ load=false
+ random_read=false
+ workloada=false
+ workloadb=false
+ workloadc=false
+ workloadc1=false
+ scan=false
+ all=false
+ for i in '$@'
+ '[' clean == all ']'
+ '[' clean == clean ']'
+ clean=true
+ for i in '$@'
+ '[' create == all ']'
+ '[' create == clean ']'
+ '[' create == create ']'
+ create=true
+ for i in '$@'
+ '[' workloadc1 == all ']'
+ '[' workloadc1 == clean ']'
+ '[' workloadc1 == create ']'
+ '[' workloadc1 == load ']'
+ '[' workloadc1 == random_read ']'
+ '[' workloadc1 == scan ']'
+ '[' workloadc1 == workloada ']'
+ '[' workloadc1 == workloadb ']'
+ '[' workloadc1 == workloadc ']'
+ '[' workloadc1 == workloadc1 ']'
+ workloadc1=true
+ for i in '$@'
+ '[' zipfian == all ']'
+ '[' zipfian == clean ']'
+ '[' zipfian == create ']'
+ '[' zipfian == load ']'
+ '[' zipfian == random_read ']'
+ '[' zipfian == scan ']'
+ '[' zipfian == workloada ']'
+ '[' zipfian == workloadb ']'
+ '[' zipfian == workloadc ']'
+ '[' zipfian == workloadc1 ']'
+ '[' zipfian == zipfian ']'
+ requestdistribution=zipfian
+ let counter=1
+ cd /home/hadoop/ycsb-0.1.4
++ pwd
+ echo /home/hadoop/ycsb-0.1.4
/home/hadoop/ycsb-0.1.4
+ read line
+ false
+ true
+ echo 'sleeping for 6 ...'
sleeping for 6 ...
+ sleep 6
+ echo 'droping usertable...'
droping usertable...
+ ssh hadoop@slave1 /home/hadoop/hbase/bin/hbase-daemon.sh start regionserver
regionserver running as process 29322. Stop it first.
+ ssh hadoop@master /home/hadoop/hbase/bin/hbase shell /home/hadoop/git/physical_design/delete_table
2014-08-06 17:43:02,351 WARN  [main] util.NativeCodeLoader: Unable to load native-hadoop library for your platform... using builtin-java classes where applicable
0 row(s) in 20.1980 seconds

0 row(s) in 1.2230 seconds

0 row(s) in 0.0610 seconds

+ echo 'sleeping for 20 ...'
sleeping for 20 ...
+ sleep 20
+ false
+ true
+ echo 'creating usertable...'
creating usertable...
+ create_statement='create '\''usertable'\'', { NAME=>'\''family'\'', COMPRESSION=>'\''GZ'\''}, SPLITS => ['\''user1'\'', '\''user2'\'', '\''user3'\'', '\''user4'\'', '\''user5'\'', '\''user6'\'', '\''user7'\'', '\''user8'\'', '\''user9'\'']'
+ echo create ''\''usertable'\'',' '{' 'NAME=>'\''family'\'',' 'COMPRESSION=>'\''GZ'\''},' SPLITS '=>' '['\''user1'\'',' ''\''user2'\'',' ''\''user3'\'',' ''\''user4'\'',' ''\''user5'\'',' ''\''user6'\'',' ''\''user7'\'',' ''\''user8'\'',' ''\''user9'\'']'
+ echo 'exit '
+ scp /home/hadoop/git/physical_design/caseresult/case321/create_1.script hadoop@master:/home/hadoop/git/physical_design/caseresult/case321/create_1.script
+ create_table /home/hadoop/git/physical_design/caseresult/case321/create_1.script
+ echo 'creating table...'
creating table...
+ echo /home/hadoop/git/physical_design/caseresult/case321/create_1.script
/home/hadoop/git/physical_design/caseresult/case321/create_1.script
+ ssh hadoop@master /home/hadoop/hbase/bin/hbase shell /home/hadoop/git/physical_design/caseresult/case321/create_1.script
2014-08-06 17:43:50,834 WARN  [main] util.NativeCodeLoader: Unable to load native-hadoop library for your platform... using builtin-java classes where applicable
0 row(s) in 2.4380 seconds

+ echo 'sleeping for 10 sec ...'
sleeping for 10 sec ...
+ sleep 10
+ false
+ false
+ false
+ false
+ false
+ false
+ false
+ false
+ false
+ false
+ false
+ false
+ false
+ true
+ echo workloadc1...
workloadc1...
+ echo 'start time: '
start time: 
++ date +%s
+ echo 1407343780
1407343780
++ echo /home/hadoop/git/physical_design/caseresult/case321/workloadc1_1.dat
+ ./workloadc1 25000000 20 /home/hadoop/git/physical_design/caseresult/case321/workloadc1_1.dat
Loading workload...
Starting test.
2014-08-06 09:49:41:139 0 sec: 0 operations; 
14/08/06 09:49:41 INFO zookeeper.ZooKeeper: Client environment:zookeeper.version=3.4.6-1569965, built on 02/20/2014 09:09 GMT
14/08/06 09:49:41 INFO zookeeper.ZooKeeper: Client environment:host.name=sceplus-vm43.almaden.ibm.com
14/08/06 09:49:41 INFO zookeeper.ZooKeeper: Client environment:java.version=1.6.0_31
14/08/06 09:49:41 INFO zookeeper.ZooKeeper: Client environment:java.vendor=Sun Microsystems Inc.
14/08/06 09:49:41 INFO zookeeper.ZooKeeper: Client environment:java.home=/usr/lib/jvm/java-6-openjdk-amd64/jre
14/08/06 09:49:41 INFO zookeeper.ZooKeeper: Client environment:java.class.path=/home/hadoop/ycsb-0.1.4/hbase-binding/lib/hbase-binding-0.1.4.jar:/home/hadoop/ycsb-0.1.4/hbase-binding/conf:/home/hadoop/ycsb-0.1.4/core/lib/core-0.1.4.jar:/home/hadoop/ycsb-0.1.4/jdbc-binding/conf
14/08/06 09:49:41 INFO zookeeper.ZooKeeper: Client environment:java.library.path=/usr/lib/jvm/java-6-openjdk-amd64/jre/lib/amd64/server:/usr/lib/jvm/java-6-openjdk-amd64/jre/lib/amd64:/usr/lib/jvm/java-6-openjdk-amd64/jre/../lib/amd64:/usr/java/packages/lib/amd64:/usr/lib/jni:/lib:/usr/lib
14/08/06 09:49:41 INFO zookeeper.ZooKeeper: Client environment:java.io.tmpdir=/tmp
14/08/06 09:49:41 INFO zookeeper.ZooKeeper: Client environment:java.compiler=<NA>
14/08/06 09:49:41 INFO zookeeper.ZooKeeper: Client environment:os.name=Linux
14/08/06 09:49:41 INFO zookeeper.ZooKeeper: Client environment:os.arch=amd64
14/08/06 09:49:41 INFO zookeeper.ZooKeeper: Client environment:os.version=3.13.0-24-generic
14/08/06 09:49:41 INFO zookeeper.ZooKeeper: Client environment:user.name=hadoop
14/08/06 09:49:41 INFO zookeeper.ZooKeeper: Client environment:user.home=/home/hadoop
14/08/06 09:49:41 INFO zookeeper.ZooKeeper: Client environment:user.dir=/home/hadoop/ycsb-0.1.4
14/08/06 09:49:41 INFO zookeeper.ZooKeeper: Initiating client connection, connectString=sceplus-vm49.almaden.ibm.com:2181,sceplus-vm48.almaden.ibm.com:2181 sessionTimeout=90000 watcher=hconnection-0x29ee65b1, quorum=sceplus-vm49.almaden.ibm.com:2181,sceplus-vm48.almaden.ibm.com:2181, baseZNode=/hbase
14/08/06 09:49:41 INFO zookeeper.ClientCnxn: Opening socket connection to server master/9.1.143.58:2181. Will not attempt to authenticate using SASL (unknown error)
14/08/06 09:49:41 INFO zookeeper.RecoverableZooKeeper: Process identifier=hconnection-0x29ee65b1 connecting to ZooKeeper ensemble=sceplus-vm49.almaden.ibm.com:2181,sceplus-vm48.almaden.ibm.com:2181
14/08/06 09:49:41 INFO zookeeper.ClientCnxn: Socket connection established to master/9.1.143.58:2181, initiating session
14/08/06 09:49:41 INFO zookeeper.ClientCnxn: Session establishment complete on server master/9.1.143.58:2181, sessionid = 0x47add14cee000e, negotiated timeout = 90000
14/08/06 09:49:41 WARN util.DynamicClassLoader: Failed to identify the fs of dir hdfs://master:54310/hbase/lib, ignored
org.apache.hadoop.ipc.RemoteException: Server IPC version 9 cannot communicate with client version 4
	at org.apache.hadoop.ipc.Client.call(Client.java:1113)
	at org.apache.hadoop.ipc.RPC$Invoker.invoke(RPC.java:229)
	at com.sun.proxy.$Proxy5.getProtocolVersion(Unknown Source)
	at sun.reflect.NativeMethodAccessorImpl.invoke0(Native Method)
	at sun.reflect.NativeMethodAccessorImpl.invoke(NativeMethodAccessorImpl.java:57)
	at sun.reflect.DelegatingMethodAccessorImpl.invoke(DelegatingMethodAccessorImpl.java:43)
	at java.lang.reflect.Method.invoke(Method.java:622)
	at org.apache.hadoop.io.retry.RetryInvocationHandler.invokeMethod(RetryInvocationHandler.java:85)
	at org.apache.hadoop.io.retry.RetryInvocationHandler.invoke(RetryInvocationHandler.java:62)
	at com.sun.proxy.$Proxy5.getProtocolVersion(Unknown Source)
	at org.apache.hadoop.ipc.RPC.checkVersion(RPC.java:422)
	at org.apache.hadoop.hdfs.DFSClient.createNamenode(DFSClient.java:183)
	at org.apache.hadoop.hdfs.DFSClient.<init>(DFSClient.java:281)
	at org.apache.hadoop.hdfs.DFSClient.<init>(DFSClient.java:245)
	at org.apache.hadoop.hdfs.DistributedFileSystem.initialize(DistributedFileSystem.java:100)
	at org.apache.hadoop.fs.FileSystem.createFileSystem(FileSystem.java:1446)
	at org.apache.hadoop.fs.FileSystem.access$200(FileSystem.java:67)
	at org.apache.hadoop.fs.FileSystem$Cache.get(FileSystem.java:1464)
	at org.apache.hadoop.fs.FileSystem.get(FileSystem.java:263)
	at org.apache.hadoop.fs.Path.getFileSystem(Path.java:187)
	at org.apache.hadoop.hbase.util.DynamicClassLoader.<init>(DynamicClassLoader.java:104)
	at org.apache.hadoop.hbase.protobuf.ProtobufUtil.<clinit>(ProtobufUtil.java:202)
	at org.apache.hadoop.hbase.ClusterId.parseFrom(ClusterId.java:64)
	at org.apache.hadoop.hbase.zookeeper.ZKClusterId.readClusterIdZNode(ZKClusterId.java:69)
	at org.apache.hadoop.hbase.client.ZooKeeperRegistry.getClusterId(ZooKeeperRegistry.java:83)
	at org.apache.hadoop.hbase.client.HConnectionManager$HConnectionImplementation.retrieveClusterId(HConnectionManager.java:858)
	at org.apache.hadoop.hbase.client.HConnectionManager$HConnectionImplementation.<init>(HConnectionManager.java:663)
	at sun.reflect.NativeConstructorAccessorImpl.newInstance0(Native Method)
	at sun.reflect.NativeConstructorAccessorImpl.newInstance(NativeConstructorAccessorImpl.java:57)
	at sun.reflect.DelegatingConstructorAccessorImpl.newInstance(DelegatingConstructorAccessorImpl.java:45)
	at java.lang.reflect.Constructor.newInstance(Constructor.java:534)
	at org.apache.hadoop.hbase.client.HConnectionManager.createConnection(HConnectionManager.java:415)
	at org.apache.hadoop.hbase.client.HConnectionManager.createConnection(HConnectionManager.java:394)
	at org.apache.hadoop.hbase.client.HConnectionManager.getConnection(HConnectionManager.java:275)
	at org.apache.hadoop.hbase.client.HTable.<init>(HTable.java:197)
	at org.apache.hadoop.hbase.client.HTable.<init>(HTable.java:159)
	at com.yahoo.ycsb.db.HBaseClient.getHTable(HBaseClient.java:118)
	at com.yahoo.ycsb.db.HBaseClient.update(HBaseClient.java:302)
	at com.yahoo.ycsb.db.HBaseClient.insert(HBaseClient.java:357)
	at com.yahoo.ycsb.DBWrapper.insert(DBWrapper.java:148)
	at com.yahoo.ycsb.workloads.CoreWorkload.doTransactionInsert(CoreWorkload.java:639)
	at com.yahoo.ycsb.workloads.CoreWorkload.doTransaction(CoreWorkload.java:487)
	at com.yahoo.ycsb.ClientThread.run(Client.java:241)
2014-08-06 09:49:51:168 10 sec: 221431 operations; 22079.07 current ops/sec; [INSERT AverageLatency(us)=346.49] [READ AverageLatency(us)=47702.94] 
2014-08-06 09:50:01:169 20 sec: 530104 operations; 30864.21 current ops/sec; [INSERT AverageLatency(us)=14.76] [READ AverageLatency(us)=62791.61] 
2014-08-06 09:50:11:169 30 sec: 793120 operations; 26301.6 current ops/sec; [INSERT AverageLatency(us)=15.28] [READ AverageLatency(us)=72513.04] 
2014-08-06 09:50:21:233 40 sec: 1059409 operations; 26459.56 current ops/sec; [INSERT AverageLatency(us)=16.17] [READ AverageLatency(us)=72673.05] 
2014-08-06 09:50:31:234 50 sec: 1306659 operations; 24722.53 current ops/sec; [INSERT AverageLatency(us)=50.6] [READ AverageLatency(us)=64957.41] 
2014-08-06 09:50:41:234 60 sec: 1484857 operations; 17819.8 current ops/sec; [INSERT AverageLatency(us)=17.7] [READ AverageLatency(us)=52784.29] 
2014-08-06 09:50:51:236 70 sec: 1515598 operations; 3073.49 current ops/sec; [INSERT AverageLatency(us)=6092.9] [READ AverageLatency(us)=100715.01] 
2014-08-06 09:51:01:238 80 sec: 1590832 operations; 7521.9 current ops/sec; [INSERT AverageLatency(us)=13.31] [READ AverageLatency(us)=391857.48] 
2014-08-06 09:51:11:238 90 sec: 1759959 operations; 16912.7 current ops/sec; [INSERT AverageLatency(us)=19] [READ AverageLatency(us)=56444.3] 
2014-08-06 09:51:21:253 100 sec: 1904026 operations; 14385.12 current ops/sec; [INSERT AverageLatency(us)=1290.65] [READ AverageLatency(us)=75907.04] 
2014-08-06 09:51:31:254 110 sec: 2072987 operations; 16894.41 current ops/sec; [INSERT AverageLatency(us)=19.82] [READ AverageLatency(us)=47177.66] 
2014-08-06 09:51:41:255 120 sec: 2206374 operations; 13337.37 current ops/sec; [INSERT AverageLatency(us)=1561.27] [READ AverageLatency(us)=81341.86] 
2014-08-06 09:51:51:256 130 sec: 2457202 operations; 25080.29 current ops/sec; [INSERT AverageLatency(us)=13.65] [READ AverageLatency(us)=58756.49] 
2014-08-06 09:52:01:258 140 sec: 2654573 operations; 19733.15 current ops/sec; [INSERT AverageLatency(us)=556.06] [READ AverageLatency(us)=64808.65] 
2014-08-06 09:52:11:258 150 sec: 2741875 operations; 8730.2 current ops/sec; [INSERT AverageLatency(us)=1250.21] [READ AverageLatency(us)=36642.58] 
2014-08-06 09:52:21:259 160 sec: 3002704 operations; 26080.29 current ops/sec; [INSERT AverageLatency(us)=232.9] [READ AverageLatency(us)=70134.66] 
2014-08-06 09:52:31:260 170 sec: 3110434 operations; 10771.92 current ops/sec; [INSERT AverageLatency(us)=1224.63] [READ AverageLatency(us)=72382.48] 
2014-08-06 09:52:41:260 180 sec: 3409297 operations; 29886.3 current ops/sec; [INSERT AverageLatency(us)=18.73] [READ AverageLatency(us)=66616.78] 
2014-08-06 09:52:51:325 190 sec: 3592139 operations; 18166.12 current ops/sec; [INSERT AverageLatency(us)=534.67] [READ AverageLatency(us)=58102.09] 
2014-08-06 09:53:01:327 200 sec: 3842248 operations; 25005.9 current ops/sec; [INSERT AverageLatency(us)=17.35] [READ AverageLatency(us)=51663.27] 
2014-08-06 09:53:11:328 210 sec: 3965530 operations; 12326.97 current ops/sec; [INSERT AverageLatency(us)=1221.89] [READ AverageLatency(us)=52953.87] 
2014-08-06 09:53:21:329 220 sec: 4136313 operations; 17076.59 current ops/sec; [INSERT AverageLatency(us)=639.67] [READ AverageLatency(us)=48180.26] 
2014-08-06 09:53:31:330 230 sec: 4174371 operations; 3805.8 current ops/sec; [INSERT AverageLatency(us)=5503.23] [READ AverageLatency(us)=97327.02] 
2014-08-06 09:53:41:430 240 sec: 4473446 operations; 29608.45 current ops/sec; [INSERT AverageLatency(us)=18.34] [READ AverageLatency(us)=66206.16] 
2014-08-06 09:53:51:432 250 sec: 4544237 operations; 7077.68 current ops/sec; [INSERT AverageLatency(us)=10.65] [READ AverageLatency(us)=18894.87] 
2014-08-06 09:54:01:434 260 sec: 4742577 operations; 19830.03 current ops/sec; [INSERT AverageLatency(us)=1141.27] [READ AverageLatency(us)=81380.4] 
2014-08-06 09:54:11:435 270 sec: 4923721 operations; 18112.59 current ops/sec; [INSERT AverageLatency(us)=27.67] [READ AverageLatency(us)=54321.84] 
2014-08-06 09:54:21:436 280 sec: 5039531 operations; 11579.84 current ops/sec; [INSERT AverageLatency(us)=1789.42] [READ AverageLatency(us)=76507.54] 
2014-08-06 09:54:31:438 290 sec: 5323896 operations; 28430.81 current ops/sec; [INSERT AverageLatency(us)=23.05] [READ AverageLatency(us)=65971.77] 
2014-08-06 09:54:41:480 300 sec: 5456663 operations; 13221.17 current ops/sec; [INSERT AverageLatency(us)=1121.34] [READ AverageLatency(us)=43317.64] 
2014-08-06 09:54:51:482 310 sec: 5699776 operations; 24306.44 current ops/sec; [INSERT AverageLatency(us)=278.18] [READ AverageLatency(us)=55648.69] 
2014-08-06 09:55:01:483 320 sec: 5777384 operations; 7760.02 current ops/sec; [INSERT AverageLatency(us)=1972.56] [READ AverageLatency(us)=50688.86] 
2014-08-06 09:55:11:487 330 sec: 5969521 operations; 19206.02 current ops/sec; [INSERT AverageLatency(us)=442.02] [READ AverageLatency(us)=64542.21] 
2014-08-06 09:55:21:489 340 sec: 6114189 operations; 14463.91 current ops/sec; [INSERT AverageLatency(us)=12.87] [READ AverageLatency(us)=56231.61] 
2014-08-06 09:55:31:490 350 sec: 6310406 operations; 19619.74 current ops/sec; [INSERT AverageLatency(us)=862.85] [READ AverageLatency(us)=58631.46] 
2014-08-06 09:55:41:492 360 sec: 6509378 operations; 19893.22 current ops/sec; [INSERT AverageLatency(us)=411.22] [READ AverageLatency(us)=55342.29] 
2014-08-06 09:55:51:494 370 sec: 6680269 operations; 17085.68 current ops/sec; [INSERT AverageLatency(us)=723.79] [READ AverageLatency(us)=69710.87] 
2014-08-06 09:56:01:495 380 sec: 6944148 operations; 26385.26 current ops/sec; [INSERT AverageLatency(us)=54.82] [READ AverageLatency(us)=57921.51] 
2014-08-06 09:56:11:496 390 sec: 7105400 operations; 16123.59 current ops/sec; [INSERT AverageLatency(us)=365.63] [READ AverageLatency(us)=64677.32] 
2014-08-06 09:56:21:497 400 sec: 7231430 operations; 12601.74 current ops/sec; [INSERT AverageLatency(us)=1402.98] [READ AverageLatency(us)=79746.18] 
2014-08-06 09:56:31:497 410 sec: 7346580 operations; 11515 current ops/sec; [INSERT AverageLatency(us)=974.99] [READ AverageLatency(us)=77503.41] 
2014-08-06 09:56:41:498 420 sec: 7611901 operations; 26529.45 current ops/sec; [INSERT AverageLatency(us)=15.8] [READ AverageLatency(us)=74822.67] 
2014-08-06 09:56:51:498 430 sec: 7679296 operations; 6739.5 current ops/sec; [INSERT AverageLatency(us)=20.45] [READ AverageLatency(us)=31318.47] 
2014-08-06 09:57:01:499 440 sec: 7809267 operations; 12995.8 current ops/sec; [INSERT AverageLatency(us)=2105.26] [READ AverageLatency(us)=80222.35] 
2014-08-06 09:57:11:500 450 sec: 8062087 operations; 25279.47 current ops/sec; [INSERT AverageLatency(us)=12.68] [READ AverageLatency(us)=75247.13] 
2014-08-06 09:57:21:500 460 sec: 8153603 operations; 9151.6 current ops/sec; [INSERT AverageLatency(us)=10.92] [READ AverageLatency(us)=45435.52] 
2014-08-06 09:57:31:502 470 sec: 8302022 operations; 14838.93 current ops/sec; [INSERT AverageLatency(us)=1669.19] [READ AverageLatency(us)=74939.12] 
2014-08-06 09:57:41:504 480 sec: 8566550 operations; 26447.51 current ops/sec; [INSERT AverageLatency(us)=12.73] [READ AverageLatency(us)=71891.49] 
2014-08-06 09:57:51:504 490 sec: 8613858 operations; 4730.8 current ops/sec; [INSERT AverageLatency(us)=13.76] [READ AverageLatency(us)=53309.92] 
2014-08-06 09:58:01:505 500 sec: 8791179 operations; 17730.33 current ops/sec; [INSERT AverageLatency(us)=1357.52] [READ AverageLatency(us)=75778.84] 
2014-08-06 09:58:11:506 510 sec: 9053207 operations; 26200.18 current ops/sec; [INSERT AverageLatency(us)=33.66] [READ AverageLatency(us)=71472.71] 
2014-08-06 09:58:21:507 520 sec: 9094309 operations; 4109.79 current ops/sec; [INSERT AverageLatency(us)=1220.54] [READ AverageLatency(us)=45458.72] 
2014-08-06 09:58:31:509 530 sec: 9313220 operations; 21886.72 current ops/sec; [INSERT AverageLatency(us)=804.93] [READ AverageLatency(us)=71928.54] 
2014-08-06 09:58:41:510 540 sec: 9538644 operations; 22540.15 current ops/sec; [INSERT AverageLatency(us)=12.91] [READ AverageLatency(us)=64440.35] 
2014-08-06 09:58:51:512 550 sec: 9722707 operations; 18402.62 current ops/sec; [INSERT AverageLatency(us)=835.02] [READ AverageLatency(us)=61196.16] 
2014-08-06 09:59:01:586 560 sec: 9982334 operations; 25771.99 current ops/sec; [INSERT AverageLatency(us)=14.5] [READ AverageLatency(us)=74979.58] 
2014-08-06 09:59:11:587 570 sec: 10179030 operations; 19667.63 current ops/sec; [INSERT AverageLatency(us)=12.99] [READ AverageLatency(us)=45768.55] 
2014-08-06 09:59:21:588 580 sec: 10267946 operations; 8890.71 current ops/sec; [INSERT AverageLatency(us)=2691.79] [READ AverageLatency(us)=75605.42] 
2014-08-06 09:59:31:588 590 sec: 10500664 operations; 23271.8 current ops/sec; [INSERT AverageLatency(us)=12.59] [READ AverageLatency(us)=81505.25] 
2014-08-06 09:59:41:590 600 sec: 10648727 operations; 14803.34 current ops/sec; [INSERT AverageLatency(us)=11.33] [READ AverageLatency(us)=57753.63] 
2014-08-06 09:59:51:590 610 sec: 10754948 operations; 10622.1 current ops/sec; [INSERT AverageLatency(us)=2250.99] [READ AverageLatency(us)=75059.67] 
2014-08-06 10:00:01:591 620 sec: 10988299 operations; 23332.77 current ops/sec; [INSERT AverageLatency(us)=12.96] [READ AverageLatency(us)=75021.66] 
2014-08-06 10:00:11:591 630 sec: 11132626 operations; 14432.7 current ops/sec; [INSERT AverageLatency(us)=14.69] [READ AverageLatency(us)=49362.95] 
2014-08-06 10:00:21:592 640 sec: 11265470 operations; 13283.07 current ops/sec; [INSERT AverageLatency(us)=1851.6] [READ AverageLatency(us)=58095.18] 
2014-08-06 10:00:31:593 650 sec: 11470168 operations; 20467.75 current ops/sec; [INSERT AverageLatency(us)=135.57] [READ AverageLatency(us)=81350.15] 
2014-08-06 10:00:41:595 660 sec: 11719598 operations; 24938.01 current ops/sec; [INSERT AverageLatency(us)=275.95] [READ AverageLatency(us)=58815.85] 
2014-08-06 10:00:51:596 670 sec: 11787662 operations; 6805.72 current ops/sec; [INSERT AverageLatency(us)=1268.25] [READ AverageLatency(us)=23688.24] 
2014-08-06 10:01:01:597 680 sec: 12010156 operations; 22247.18 current ops/sec; [INSERT AverageLatency(us)=490.65] [READ AverageLatency(us)=74528.66] 
2014-08-06 10:01:11:598 690 sec: 12033843 operations; 2368.46 current ops/sec; [INSERT AverageLatency(us)=2249.82] [READ AverageLatency(us)=15093] 
2014-08-06 10:01:21:600 700 sec: 12244212 operations; 21032.69 current ops/sec; [INSERT AverageLatency(us)=907.65] [READ AverageLatency(us)=91748.45] 
2014-08-06 10:01:31:601 710 sec: 12460339 operations; 21610.54 current ops/sec; [INSERT AverageLatency(us)=11.84] [READ AverageLatency(us)=93497.05] 
2014-08-06 10:01:41:603 720 sec: 12569737 operations; 10937.61 current ops/sec; [INSERT AverageLatency(us)=15.67] [READ AverageLatency(us)=28789.33] 
2014-08-06 10:01:51:730 730 sec: 12739663 operations; 16779.5 current ops/sec; [INSERT AverageLatency(us)=1327.59] [READ AverageLatency(us)=82661.76] 
2014-08-06 10:02:01:732 740 sec: 12992083 operations; 25236.95 current ops/sec; [INSERT AverageLatency(us)=41.91] [READ AverageLatency(us)=76043.62] 
2014-08-06 10:02:11:732 750 sec: 13231172 operations; 23908.9 current ops/sec; [INSERT AverageLatency(us)=13.11] [READ AverageLatency(us)=78502.34] 
2014-08-06 10:02:21:734 760 sec: 13231172 operations; 0 current ops/sec;   
2014-08-06 10:02:31:735 770 sec: 13231172 operations; 0 current ops/sec;   
2014-08-06 10:02:41:736 780 sec: 13309734 operations; 7855.41 current ops/sec; [INSERT AverageLatency(us)=12.04] [READ AverageLatency(us)=589141.05] 
2014-08-06 10:02:51:738 790 sec: 13384032 operations; 7428.31 current ops/sec; [INSERT AverageLatency(us)=3698.76] [READ AverageLatency(us)=76323.32] 
2014-08-06 10:03:01:740 800 sec: 13644334 operations; 26025 current ops/sec; [INSERT AverageLatency(us)=12.64] [READ AverageLatency(us)=71077.87] 
2014-08-06 10:03:11:742 810 sec: 13912282 operations; 26789.44 current ops/sec; [INSERT AverageLatency(us)=14.36] [READ AverageLatency(us)=65757.18] 
2014-08-06 10:03:21:743 820 sec: 13912282 operations; 0 current ops/sec;   
2014-08-06 10:03:31:745 830 sec: 14080483 operations; 16816.74 current ops/sec; [INSERT AverageLatency(us)=1648.38] [READ AverageLatency(us)=84523.13] 
2014-08-06 10:03:41:770 840 sec: 14309322 operations; 22826.83 current ops/sec; [INSERT AverageLatency(us)=12.08] [READ AverageLatency(us)=82446.01] 
2014-08-06 10:03:51:771 850 sec: 14495774 operations; 18643.34 current ops/sec; [INSERT AverageLatency(us)=10.5] [READ AverageLatency(us)=52411.53] 
2014-08-06 10:04:01:773 860 sec: 14550857 operations; 5507.2 current ops/sec; [INSERT AverageLatency(us)=4377.45] [READ AverageLatency(us)=137243.21] 
2014-08-06 10:04:11:775 870 sec: 14822085 operations; 27117.38 current ops/sec; [INSERT AverageLatency(us)=13.21] [READ AverageLatency(us)=72411.74] 
2014-08-06 10:04:21:777 880 sec: 15041204 operations; 21909.71 current ops/sec; [INSERT AverageLatency(us)=16.37] [READ AverageLatency(us)=56846.71] 
2014-08-06 10:04:31:778 890 sec: 15042100 operations; 89.58 current ops/sec; [INSERT AverageLatency(us)=15295.8] [READ AverageLatency(us)=39695.25] 
2014-08-06 10:04:41:780 900 sec: 15237090 operations; 19495.1 current ops/sec; [INSERT AverageLatency(us)=1460.21] [READ AverageLatency(us)=86828.8] 
2014-08-06 10:04:51:782 910 sec: 15466850 operations; 22971.41 current ops/sec; [INSERT AverageLatency(us)=12.66] [READ AverageLatency(us)=83391.64] 
2014-08-06 10:05:01:784 920 sec: 15560307 operations; 9343.83 current ops/sec; [INSERT AverageLatency(us)=12.45] [READ AverageLatency(us)=82527.05] 
2014-08-06 10:05:11:785 930 sec: 15560307 operations; 0 current ops/sec;   
2014-08-06 10:05:21:786 940 sec: 15560578 operations; 27.1 current ops/sec; [INSERT AverageLatency(us)=12.4] [READ AverageLatency(us)=26592093] 
2014-08-06 10:05:31:786 950 sec: 15842810 operations; 28220.38 current ops/sec; [INSERT AverageLatency(us)=13.38] [READ AverageLatency(us)=235488.67] 
2014-08-06 10:05:41:787 960 sec: 15969021 operations; 12619.84 current ops/sec; [INSERT AverageLatency(us)=1032.6] [READ AverageLatency(us)=79791.6] 
2014-08-06 10:05:51:788 970 sec: 16231464 operations; 26241.68 current ops/sec; [INSERT AverageLatency(us)=33.6] [READ AverageLatency(us)=66870.91] 
2014-08-06 10:06:01:789 980 sec: 16231464 operations; 0 current ops/sec;   
2014-08-06 10:06:11:791 990 sec: 16231464 operations; 0 current ops/sec;   
2014-08-06 10:06:21:792 1000 sec: 16414328 operations; 18284.57 current ops/sec; [INSERT AverageLatency(us)=566.4] [READ AverageLatency(us)=299157.01] 
2014-08-06 10:06:31:794 1010 sec: 16544709 operations; 13036.8 current ops/sec; [INSERT AverageLatency(us)=37.92] [READ AverageLatency(us)=50789.31] 
2014-08-06 10:06:41:795 1020 sec: 16575999 operations; 3128.37 current ops/sec; [INSERT AverageLatency(us)=9123.39] [READ AverageLatency(us)=67534.22] 
2014-08-06 10:06:51:797 1030 sec: 16872063 operations; 29600.48 current ops/sec; [INSERT AverageLatency(us)=13.62] [READ AverageLatency(us)=67210.11] 
2014-08-06 10:07:01:798 1040 sec: 16925353 operations; 5328.47 current ops/sec; [INSERT AverageLatency(us)=3168.65] [READ AverageLatency(us)=95504.72] 
2014-08-06 10:07:11:800 1050 sec: 17210618 operations; 28520.8 current ops/sec; [INSERT AverageLatency(us)=12.78] [READ AverageLatency(us)=67262.25] 
2014-08-06 10:07:21:800 1060 sec: 17260723 operations; 5010.5 current ops/sec; [INSERT AverageLatency(us)=2546.62] [READ AverageLatency(us)=123940.51] 
2014-08-06 10:07:31:802 1070 sec: 17536209 operations; 27543.09 current ops/sec; [INSERT AverageLatency(us)=11.66] [READ AverageLatency(us)=56852.01] 
2014-08-06 10:07:41:802 1080 sec: 17616891 operations; 8068.2 current ops/sec; [INSERT AverageLatency(us)=1686.73] [READ AverageLatency(us)=30721.92] 
2014-08-06 10:07:51:803 1090 sec: 17786500 operations; 16959.2 current ops/sec; [INSERT AverageLatency(us)=745.94] [READ AverageLatency(us)=91673.52] 
2014-08-06 10:08:01:803 1100 sec: 17810001 operations; 2350.1 current ops/sec; [INSERT AverageLatency(us)=11.43] [READ AverageLatency(us)=33032.72] 
2014-08-06 10:08:11:805 1110 sec: 17810001 operations; 0 current ops/sec;   
2014-08-06 10:08:21:807 1120 sec: 17933399 operations; 12337.33 current ops/sec; [INSERT AverageLatency(us)=14.64] [READ AverageLatency(us)=501077.98] 
2014-08-06 10:08:31:808 1130 sec: 18179386 operations; 24596.24 current ops/sec; [INSERT AverageLatency(us)=14.31] [READ AverageLatency(us)=70374.25] 
2014-08-06 10:08:41:810 1140 sec: 18268704 operations; 8930.01 current ops/sec; [INSERT AverageLatency(us)=11.78] [READ AverageLatency(us)=78156.81] 
2014-08-06 10:08:51:812 1150 sec: 18268704 operations; 0 current ops/sec;   
2014-08-06 10:09:01:813 1160 sec: 18330899 operations; 6218.88 current ops/sec; [INSERT AverageLatency(us)=13.69] [READ AverageLatency(us)=937706.08] 
2014-08-06 10:09:11:815 1170 sec: 18437532 operations; 10661.17 current ops/sec; [INSERT AverageLatency(us)=11.67] [READ AverageLatency(us)=38693.82] 
2014-08-06 10:09:21:816 1180 sec: 18549323 operations; 11177.98 current ops/sec; [INSERT AverageLatency(us)=2209.87] [READ AverageLatency(us)=96346.32] 
2014-08-06 10:09:31:817 1190 sec: 18724199 operations; 17487.6 current ops/sec; [INSERT AverageLatency(us)=11.52] [READ AverageLatency(us)=61881.07] 
2014-08-06 10:09:41:818 1200 sec: 18724199 operations; 0 current ops/sec;   
2014-08-06 10:09:51:819 1210 sec: 18802890 operations; 7868.31 current ops/sec; [INSERT AverageLatency(us)=11.88] [READ AverageLatency(us)=478772.43] 
2014-08-06 10:10:01:820 1220 sec: 18932334 operations; 12943.11 current ops/sec; [INSERT AverageLatency(us)=1367.06] [READ AverageLatency(us)=87140.89] 
2014-08-06 10:10:11:821 1230 sec: 19163439 operations; 23110.5 current ops/sec; [INSERT AverageLatency(us)=13.05] [READ AverageLatency(us)=55554.11] 
2014-08-06 10:10:21:822 1240 sec: 19163439 operations; 0 current ops/sec;   
2014-08-06 10:10:31:823 1250 sec: 19316420 operations; 15296.57 current ops/sec; [INSERT AverageLatency(us)=2374.03] [READ AverageLatency(us)=65906.44] 
2014-08-06 10:10:41:823 1260 sec: 19538504 operations; 22208.4 current ops/sec; [INSERT AverageLatency(us)=13.92] [READ AverageLatency(us)=82155.48] 
2014-08-06 10:10:51:825 1270 sec: 19623795 operations; 8527.39 current ops/sec; [INSERT AverageLatency(us)=16.84] [READ AverageLatency(us)=82810.79] 
2014-08-06 10:11:01:826 1280 sec: 19623795 operations; 0 current ops/sec;   
2014-08-06 10:11:11:826 1290 sec: 19718717 operations; 9492.2 current ops/sec; [INSERT AverageLatency(us)=13.32] [READ AverageLatency(us)=590211.51] 
2014-08-06 10:11:21:827 1300 sec: 19982327 operations; 26358.36 current ops/sec; [INSERT AverageLatency(us)=12.82] [READ AverageLatency(us)=75710.12] 
2014-08-06 10:11:31:828 1310 sec: 20117978 operations; 13563.74 current ops/sec; [INSERT AverageLatency(us)=182.7] [READ AverageLatency(us)=49789.23] 
2014-08-06 10:11:41:828 1320 sec: 20295682 operations; 17770.4 current ops/sec; [INSERT AverageLatency(us)=837.85] [READ AverageLatency(us)=86569.14] 
2014-08-06 10:11:51:829 1330 sec: 20319643 operations; 2395.86 current ops/sec; [INSERT AverageLatency(us)=9.98] [READ AverageLatency(us)=23371.73] 
2014-08-06 10:12:01:829 1340 sec: 20319643 operations; 0 current ops/sec;   
2014-08-06 10:12:11:985 1350 sec: 20439343 operations; 11787.3 current ops/sec; [INSERT AverageLatency(us)=17.53] [READ AverageLatency(us)=469636.32] 
2014-08-06 10:12:21:985 1360 sec: 20685947 operations; 24657.93 current ops/sec; [INSERT AverageLatency(us)=30.75] [READ AverageLatency(us)=75317.48] 
2014-08-06 10:12:31:986 1370 sec: 20809488 operations; 12352.86 current ops/sec; [INSERT AverageLatency(us)=12.84] [READ AverageLatency(us)=57385.88] 
2014-08-06 10:12:41:988 1380 sec: 20809488 operations; 0 current ops/sec;   
2014-08-06 10:12:51:989 1390 sec: 20809488 operations; 0 current ops/sec;   
2014-08-06 10:13:01:990 1400 sec: 20809488 operations; 0 current ops/sec;   
2014-08-06 10:13:11:991 1410 sec: 20843784 operations; 3429.26 current ops/sec; [INSERT AverageLatency(us)=26466.94] [READ AverageLatency(us)=100391.91] 
2014-08-06 10:13:21:992 1420 sec: 21109345 operations; 26553.44 current ops/sec; [INSERT AverageLatency(us)=13.99] [READ AverageLatency(us)=74635.81] 
2014-08-06 10:13:31:994 1430 sec: 21338470 operations; 22907.92 current ops/sec; [INSERT AverageLatency(us)=32.73] [READ AverageLatency(us)=75498.74] 
2014-08-06 10:13:41:995 1440 sec: 21338470 operations; 0 current ops/sec;   
2014-08-06 10:13:51:997 1450 sec: 21338470 operations; 0 current ops/sec;   
2014-08-06 10:14:01:997 1460 sec: 21465624 operations; 12714.13 current ops/sec; [INSERT AverageLatency(us)=14.21] [READ AverageLatency(us)=470681.64] 
2014-08-06 10:14:11:998 1470 sec: 21703050 operations; 23740.23 current ops/sec; [INSERT AverageLatency(us)=12.25] [READ AverageLatency(us)=88637.8] 
2014-08-06 10:14:21:999 1480 sec: 21835792 operations; 13272.87 current ops/sec; [INSERT AverageLatency(us)=13.07] [READ AverageLatency(us)=64846.99] 
2014-08-06 10:14:32:000 1490 sec: 21835792 operations; 0 current ops/sec;   
2014-08-06 10:14:42:002 1500 sec: 21835792 operations; 0 current ops/sec;   
2014-08-06 10:14:52:003 1510 sec: 21995329 operations; 15952.1 current ops/sec; [INSERT AverageLatency(us)=11.49] [READ AverageLatency(us)=365622.77] 
2014-08-06 10:15:02:005 1520 sec: 21995329 operations; 0 current ops/sec;   
2014-08-06 10:15:12:006 1530 sec: 22181061 operations; 18571.34 current ops/sec; [INSERT AverageLatency(us)=2065.81] [READ AverageLatency(us)=68539.71] 
2014-08-06 10:15:22:008 1540 sec: 22309626 operations; 12855.21 current ops/sec; [INSERT AverageLatency(us)=13.25] [READ AverageLatency(us)=84207.89] 
2014-08-06 10:15:32:009 1550 sec: 22309626 operations; 0 current ops/sec;   
2014-08-06 10:15:42:011 1560 sec: 22367765 operations; 5812.74 current ops/sec; [INSERT AverageLatency(us)=11.9] [READ AverageLatency(us)=794228.08] 
2014-08-06 10:15:52:012 1570 sec: 22620016 operations; 25222.58 current ops/sec; [INSERT AverageLatency(us)=14.41] [READ AverageLatency(us)=76282.5] 
2014-08-06 10:16:02:014 1580 sec: 22839833 operations; 21977.3 current ops/sec; [INSERT AverageLatency(us)=12.31] [READ AverageLatency(us)=61134.52] 
2014-08-06 10:16:12:016 1590 sec: 22839833 operations; 0 current ops/sec;   
2014-08-06 10:16:22:017 1600 sec: 22892494 operations; 5265.57 current ops/sec; [INSERT AverageLatency(us)=7556.03] [READ AverageLatency(us)=124533.68] 
2014-08-06 10:16:32:018 1610 sec: 23137771 operations; 24525.25 current ops/sec; [INSERT AverageLatency(us)=12.93] [READ AverageLatency(us)=72762.9] 
2014-08-06 10:16:42:019 1620 sec: 23266462 operations; 12867.81 current ops/sec; [INSERT AverageLatency(us)=15.39] [READ AverageLatency(us)=85611.46] 
2014-08-06 10:16:52:021 1630 sec: 23266462 operations; 0 current ops/sec;   
2014-08-06 10:17:02:022 1640 sec: 23266462 operations; 0 current ops/sec;   
2014-08-06 10:17:12:024 1650 sec: 23508147 operations; 24163.67 current ops/sec; [INSERT AverageLatency(us)=12.88] [READ AverageLatency(us)=294529.44] 
2014-08-06 10:17:22:025 1660 sec: 23772533 operations; 26435.96 current ops/sec; [INSERT AverageLatency(us)=12.87] [READ AverageLatency(us)=77458.88] 
2014-08-06 10:17:32:027 1670 sec: 23925960 operations; 15339.63 current ops/sec; [INSERT AverageLatency(us)=10.81] [READ AverageLatency(us)=49177.93] 
2014-08-06 10:17:42:029 1680 sec: 23925960 operations; 0 current ops/sec;   
2014-08-06 10:17:52:030 1690 sec: 23925960 operations; 0 current ops/sec;   
2014-08-06 10:18:02:031 1700 sec: 23925960 operations; 0 current ops/sec;   
2014-08-06 10:18:12:032 1710 sec: 24085907 operations; 15991.5 current ops/sec; [INSERT AverageLatency(us)=5078.1] [READ AverageLatency(us)=71399.67] 
2014-08-06 10:18:22:033 1720 sec: 24320912 operations; 23500.5 current ops/sec; [INSERT AverageLatency(us)=14.42] [READ AverageLatency(us)=79798.56] 
2014-08-06 10:18:32:062 1730 sec: 24365068 operations; 4402.39 current ops/sec; [INSERT AverageLatency(us)=11.64] [READ AverageLatency(us)=80240.79] 
2014-08-06 10:18:42:063 1740 sec: 24365068 operations; 0 current ops/sec;   
2014-08-06 10:18:52:065 1750 sec: 24488280 operations; 12318.74 current ops/sec; [UPDATE AverageLatency(us)=1135713.5] [INSERT AverageLatency(us)=13.49] [READ AverageLatency(us)=459572.3] [CLEANUP AverageLatency(us)=1136141.5] 
2014-08-06 10:19:02:065 1760 sec: 24773334 operations; 28505.4 current ops/sec; [UPDATE AverageLatency(us)=1236804] [INSERT AverageLatency(us)=12.88] [READ AverageLatency(us)=54686.48] [CLEANUP AverageLatency(us)=1236811] 
2014-08-06 10:19:12:067 1770 sec: 24773334 operations; 0 current ops/sec;     
2014-08-06 10:19:22:068 1780 sec: 24788377 operations; 1504.3 current ops/sec; [UPDATE AverageLatency(us)=20985964] [INSERT AverageLatency(us)=17295.27] [READ AverageLatency(us)=19959.49] [CLEANUP AverageLatency(us)=20986084] 
2014-08-06 10:19:32:068 1790 sec: 24973362 operations; 18496.65 current ops/sec; [UPDATE AverageLatency(us)=4229502.1] [INSERT AverageLatency(us)=326.09] [READ AverageLatency(us)=49332.37] [CLEANUP AverageLatency(us)=4229511.6] 
2014-08-06 10:19:34:788 1793 sec: 25000000 operations; 9796.98 current ops/sec; [UPDATE AverageLatency(us)=795860.33] [INSERT AverageLatency(us)=19.01] [READ AverageLatency(us)=18284.04] [CLEANUP AverageLatency(us)=795868.83] 
+ echo 'end time:'
end time:
++ date +%s
+ echo 1407345575
1407345575
+ echo 'sleeping for 10 sec ...'
sleeping for 10 sec ...
+ sleep 10
+ let counter=1+1
+ read line
+ set +x
