++ ls caseresult/ -ltr
++ wc -l
+ filename=case269
+ requestdistribution=
+ mkdir caseresult/case269
+ ssh hadoop@master mkdir /home/hadoop/git/physical_design/caseresult/case269
mkdir: cannot create directory ‘/home/hadoop/git/physical_design/caseresult/case269’: File exists
+ RESULT_DIR=/home/hadoop/git/physical_design/caseresult/case269
+ TEN=10
+ SIXTY=60
+ SLEEP_TIME=200
+ YCSB_DIR=/home/hadoop/ycsb-0.1.4
+ number_of_operations=50000000
+ number_of_threads=20
+ number_of_records=50000000
+ output_file_suffix=.dat
+ experiment_list_file=/home/hadoop/git/physical_design/case269.list
+ clean=false
+ create=false
+ load=false
+ random_read=false
+ workloada=false
+ workloadb=false
+ workloadc=false
+ scan=false
+ all=false
+ for i in '$@'
+ '[' clean == all ']'
+ '[' clean == clean ']'
+ clean=true
+ for i in '$@'
+ '[' create == all ']'
+ '[' create == clean ']'
+ '[' create == create ']'
+ create=true
+ for i in '$@'
+ '[' workloadb == all ']'
+ '[' workloadb == clean ']'
+ '[' workloadb == create ']'
+ '[' workloadb == load ']'
+ '[' workloadb == random_read ']'
+ '[' workloadb == scan ']'
+ '[' workloadb == workloada ']'
+ '[' workloadb == workloadb ']'
+ workloadb=true
+ for i in '$@'
+ '[' zipfian == all ']'
+ '[' zipfian == clean ']'
+ '[' zipfian == create ']'
+ '[' zipfian == load ']'
+ '[' zipfian == random_read ']'
+ '[' zipfian == scan ']'
+ '[' zipfian == workloada ']'
+ '[' zipfian == workloadb ']'
+ '[' zipfian == workloadc ']'
+ '[' zipfian == zipfian ']'
+ requestdistribution=zipfian
+ let counter=1
+ cd /home/hadoop/ycsb-0.1.4
++ pwd
+ echo /home/hadoop/ycsb-0.1.4
/home/hadoop/ycsb-0.1.4
+ read line
+ false
+ true
+ echo 'sleeping for 60 ...'
sleeping for 60 ...
+ sleep 60
+ echo 'droping usertable...'
droping usertable...
+ ssh hadoop@master /home/hadoop/hbase/bin/hbase shell /home/hadoop/git/physical_design/delete_table
0 row(s) in 2.7270 seconds

0 row(s) in 0.7670 seconds

0 row(s) in 0.0560 seconds

+ echo 'sleeping for 200 ...'
sleeping for 200 ...
+ sleep 200
+ false
+ true
+ echo 'creating usertable...'
creating usertable...
+ create_statement='create '\''usertable'\'', { NAME=>'\''family'\'', COMPRESSION=>'\''GZ'\''}, SPLITS => ['\''user1'\'', '\''user2'\'', '\''user3'\'', '\''user4'\'', '\''user5'\'', '\''user6'\'', '\''user7'\'', '\''user8'\'', '\''user9'\'']'
+ echo create ''\''usertable'\'',' '{' 'NAME=>'\''family'\'',' 'COMPRESSION=>'\''GZ'\''},' SPLITS '=>' '['\''user1'\'',' ''\''user2'\'',' ''\''user3'\'',' ''\''user4'\'',' ''\''user5'\'',' ''\''user6'\'',' ''\''user7'\'',' ''\''user8'\'',' ''\''user9'\'']'
+ echo 'exit '
+ scp /home/hadoop/git/physical_design/caseresult/case269/create_1.script hadoop@master:/home/hadoop/git/physical_design/caseresult/case269/create_1.script
+ create_table /home/hadoop/git/physical_design/caseresult/case269/create_1.script
+ echo 'creating table...'
creating table...
+ echo /home/hadoop/git/physical_design/caseresult/case269/create_1.script
/home/hadoop/git/physical_design/caseresult/case269/create_1.script
+ ssh hadoop@master /home/hadoop/hbase/bin/hbase shell /home/hadoop/git/physical_design/caseresult/case269/create_1.script
0 row(s) in 1.7310 seconds

+ echo 'sleeping for 10 sec ...'
sleeping for 10 sec ...
+ sleep 10
+ false
+ false
+ false
+ false
+ false
+ false
+ false
+ false
+ false
+ true
+ echo workloadb...
workloadb...
+ echo 'start time: '
start time: 
++ date +%s
+ echo 1406524270
1406524270
++ echo /home/hadoop/git/physical_design/caseresult/case269/workloadb_1.dat
+ ./workloadb 50000000 20 /home/hadoop/git/physical_design/caseresult/case269/workloadb_1.dat
Loading workload...
Starting test.
2014-07-27 22:11:10:471 0 sec: 0 operations; 
14/07/27 22:11:10 INFO zookeeper.ZooKeeper: Client environment:zookeeper.version=3.4.6-1569965, built on 02/20/2014 09:09 GMT
14/07/27 22:11:10 INFO zookeeper.ZooKeeper: Client environment:host.name=sceplus-vm43.almaden.ibm.com
14/07/27 22:11:10 INFO zookeeper.ZooKeeper: Client environment:java.version=1.6.0_31
14/07/27 22:11:10 INFO zookeeper.ZooKeeper: Client environment:java.vendor=Sun Microsystems Inc.
14/07/27 22:11:10 INFO zookeeper.ZooKeeper: Client environment:java.home=/usr/lib/jvm/java-6-openjdk-amd64/jre
14/07/27 22:11:10 INFO zookeeper.ZooKeeper: Client environment:java.class.path=/home/hadoop/ycsb-0.1.4/hbase-binding/lib/hbase-binding-0.1.4.jar:/home/hadoop/ycsb-0.1.4/hbase-binding/conf:/home/hadoop/ycsb-0.1.4/core/lib/core-0.1.4.jar:/home/hadoop/ycsb-0.1.4/jdbc-binding/conf
14/07/27 22:11:10 INFO zookeeper.ZooKeeper: Client environment:java.library.path=/usr/lib/jvm/java-6-openjdk-amd64/jre/lib/amd64/server:/usr/lib/jvm/java-6-openjdk-amd64/jre/lib/amd64:/usr/lib/jvm/java-6-openjdk-amd64/jre/../lib/amd64:/usr/java/packages/lib/amd64:/usr/lib/jni:/lib:/usr/lib
14/07/27 22:11:10 INFO zookeeper.ZooKeeper: Client environment:java.io.tmpdir=/tmp
14/07/27 22:11:10 INFO zookeeper.ZooKeeper: Client environment:java.compiler=<NA>
14/07/27 22:11:10 INFO zookeeper.ZooKeeper: Client environment:os.name=Linux
14/07/27 22:11:10 INFO zookeeper.ZooKeeper: Client environment:os.arch=amd64
14/07/27 22:11:10 INFO zookeeper.ZooKeeper: Client environment:os.version=3.13.0-24-generic
14/07/27 22:11:10 INFO zookeeper.ZooKeeper: Client environment:user.name=hadoop
14/07/27 22:11:10 INFO zookeeper.ZooKeeper: Client environment:user.home=/home/hadoop
14/07/27 22:11:10 INFO zookeeper.ZooKeeper: Client environment:user.dir=/home/hadoop/ycsb-0.1.4
14/07/27 22:11:10 INFO zookeeper.ZooKeeper: Initiating client connection, connectString=sceplus-vm49.almaden.ibm.com:2181,sceplus-vm48.almaden.ibm.com:2181 sessionTimeout=90000 watcher=hconnection-0x4580deea, quorum=sceplus-vm49.almaden.ibm.com:2181,sceplus-vm48.almaden.ibm.com:2181, baseZNode=/hbase
14/07/27 22:11:10 INFO zookeeper.RecoverableZooKeeper: Process identifier=hconnection-0x4580deea connecting to ZooKeeper ensemble=sceplus-vm49.almaden.ibm.com:2181,sceplus-vm48.almaden.ibm.com:2181
14/07/27 22:11:10 INFO zookeeper.ClientCnxn: Opening socket connection to server master/9.1.143.58:2181. Will not attempt to authenticate using SASL (unknown error)
14/07/27 22:11:10 INFO zookeeper.ClientCnxn: Socket connection established to master/9.1.143.58:2181, initiating session
14/07/27 22:11:10 INFO zookeeper.ClientCnxn: Session establishment complete on server master/9.1.143.58:2181, sessionid = 0x477d0f03760006, negotiated timeout = 90000
2014-07-27 22:11:20:473 10 sec: 16594 operations; 1658.57 current ops/sec; [INSERT AverageLatency(us)=657.54] [READ AverageLatency(us)=10209.27] 
2014-07-27 22:11:30:474 20 sec: 63905 operations; 4730.63 current ops/sec; [INSERT AverageLatency(us)=14.01] [READ AverageLatency(us)=4486.83] 
2014-07-27 22:11:40:474 30 sec: 160537 operations; 9663.2 current ops/sec; [INSERT AverageLatency(us)=12.63] [READ AverageLatency(us)=2590.49] 
2014-07-27 22:11:50:475 40 sec: 278098 operations; 11754.92 current ops/sec; [INSERT AverageLatency(us)=25.3] [READ AverageLatency(us)=2665.84] 
2014-07-27 22:12:00:475 50 sec: 472662 operations; 19456.4 current ops/sec; [INSERT AverageLatency(us)=13.33] [READ AverageLatency(us)=1717.75] 
2014-07-27 22:12:10:476 60 sec: 705712 operations; 23302.67 current ops/sec; [INSERT AverageLatency(us)=11.55] [READ AverageLatency(us)=1527.05] 
2014-07-27 22:12:20:476 70 sec: 937988 operations; 23227.6 current ops/sec; [INSERT AverageLatency(us)=12.67] [READ AverageLatency(us)=1575.03] 
2014-07-27 22:12:30:477 80 sec: 1137475 operations; 19948.7 current ops/sec; [INSERT AverageLatency(us)=12.55] [READ AverageLatency(us)=1895.77] 
2014-07-27 22:12:40:477 90 sec: 1391118 operations; 25361.76 current ops/sec; [INSERT AverageLatency(us)=11.15] [READ AverageLatency(us)=1481.36] 
2014-07-27 22:12:50:478 100 sec: 1624490 operations; 23337.2 current ops/sec; [INSERT AverageLatency(us)=11.09] [READ AverageLatency(us)=1632.44] 
2014-07-27 22:13:00:478 110 sec: 1861998 operations; 23748.43 current ops/sec; [INSERT AverageLatency(us)=11.91] [READ AverageLatency(us)=1618.69] 
2014-07-27 22:13:10:478 120 sec: 1967543 operations; 10554.5 current ops/sec; [INSERT AverageLatency(us)=12.66] [READ AverageLatency(us)=3777.09] 
2014-07-27 22:13:20:479 130 sec: 2119131 operations; 15157.28 current ops/sec; [INSERT AverageLatency(us)=11.24] [READ AverageLatency(us)=2591.92] 
2014-07-27 22:13:30:479 140 sec: 2347926 operations; 22879.5 current ops/sec; [INSERT AverageLatency(us)=12.09] [READ AverageLatency(us)=1699.08] 
2014-07-27 22:13:40:480 150 sec: 2561627 operations; 21367.96 current ops/sec; [INSERT AverageLatency(us)=12.97] [READ AverageLatency(us)=1830.42] 
2014-07-27 22:13:50:480 160 sec: 2792527 operations; 23090 current ops/sec; [INSERT AverageLatency(us)=12.58] [READ AverageLatency(us)=1682.57] 
2014-07-27 22:14:00:481 170 sec: 3003354 operations; 21080.59 current ops/sec; [INSERT AverageLatency(us)=11.9] [READ AverageLatency(us)=1854.87] 
2014-07-27 22:14:10:481 180 sec: 3211695 operations; 20834.1 current ops/sec; [INSERT AverageLatency(us)=12.29] [READ AverageLatency(us)=1871] 
2014-07-27 22:14:20:482 190 sec: 3407587 operations; 19587.24 current ops/sec; [INSERT AverageLatency(us)=11.17] [READ AverageLatency(us)=2006.09] 
2014-07-27 22:14:30:482 200 sec: 3568286 operations; 16069.9 current ops/sec; [INSERT AverageLatency(us)=11.76] [READ AverageLatency(us)=2440.73] 
2014-07-27 22:14:40:483 210 sec: 3746588 operations; 17828.42 current ops/sec; [INSERT AverageLatency(us)=11.52] [READ AverageLatency(us)=2135.29] 
2014-07-27 22:14:50:689 220 sec: 3937554 operations; 18711.15 current ops/sec; [INSERT AverageLatency(us)=13.16] [READ AverageLatency(us)=2162.06] 
2014-07-27 22:15:00:690 230 sec: 4153355 operations; 21580.1 current ops/sec; [INSERT AverageLatency(us)=13.59] [READ AverageLatency(us)=1836.38] 
2014-07-27 22:15:10:690 240 sec: 4386430 operations; 23305.17 current ops/sec; [INSERT AverageLatency(us)=12.78] [READ AverageLatency(us)=1680.94] 
2014-07-27 22:15:20:691 250 sec: 4642939 operations; 25648.34 current ops/sec; [INSERT AverageLatency(us)=11.76] [READ AverageLatency(us)=1520.46] 
2014-07-27 22:15:30:692 260 sec: 4854450 operations; 21148.99 current ops/sec; [INSERT AverageLatency(us)=11.68] [READ AverageLatency(us)=1842.36] 
2014-07-27 22:15:40:692 270 sec: 5029858 operations; 17540.8 current ops/sec; [INSERT AverageLatency(us)=11.17] [READ AverageLatency(us)=2278.44] 
2014-07-27 22:15:50:693 280 sec: 5163946 operations; 13407.46 current ops/sec; [INSERT AverageLatency(us)=11.78] [READ AverageLatency(us)=2944.92] 
2014-07-27 22:16:00:693 290 sec: 5308837 operations; 14489.1 current ops/sec; [INSERT AverageLatency(us)=12.24] [READ AverageLatency(us)=2728.78] 
2014-07-27 22:16:10:694 300 sec: 5483722 operations; 17486.75 current ops/sec; [INSERT AverageLatency(us)=11.54] [READ AverageLatency(us)=2252.77] 
2014-07-27 22:16:20:694 310 sec: 5679484 operations; 19576.2 current ops/sec; [INSERT AverageLatency(us)=12.43] [READ AverageLatency(us)=2013.18] 
2014-07-27 22:16:30:695 320 sec: 5869173 operations; 18967 current ops/sec; [INSERT AverageLatency(us)=11.32] [READ AverageLatency(us)=2078.67] 
2014-07-27 22:16:40:695 330 sec: 6075438 operations; 20626.5 current ops/sec; [INSERT AverageLatency(us)=11.21] [READ AverageLatency(us)=1909.45] 
2014-07-27 22:16:50:696 340 sec: 6288532 operations; 21307.27 current ops/sec; [INSERT AverageLatency(us)=11.63] [READ AverageLatency(us)=1843.46] 
2014-07-27 22:17:00:696 350 sec: 6467609 operations; 17907.7 current ops/sec; [INSERT AverageLatency(us)=12.37] [READ AverageLatency(us)=2209.42] 
2014-07-27 22:17:10:697 360 sec: 6628405 operations; 16077.99 current ops/sec; [INSERT AverageLatency(us)=11.34] [READ AverageLatency(us)=2462.96] 
2014-07-27 22:17:20:697 370 sec: 6820107 operations; 19170.2 current ops/sec; [INSERT AverageLatency(us)=12.6] [READ AverageLatency(us)=2056.68] 
2014-07-27 22:17:30:698 380 sec: 7013559 operations; 19343.27 current ops/sec; [INSERT AverageLatency(us)=11.66] [READ AverageLatency(us)=2043.17] 
2014-07-27 22:17:40:698 390 sec: 7220716 operations; 20715.7 current ops/sec; [INSERT AverageLatency(us)=11.84] [READ AverageLatency(us)=1900.2] 
2014-07-27 22:17:50:699 400 sec: 7429627 operations; 20889.01 current ops/sec; [INSERT AverageLatency(us)=12.74] [READ AverageLatency(us)=1884.86] 
2014-07-27 22:18:00:699 410 sec: 7642510 operations; 21288.3 current ops/sec; [INSERT AverageLatency(us)=12.02] [READ AverageLatency(us)=1850.94] 
2014-07-27 22:18:10:700 420 sec: 7868946 operations; 22641.34 current ops/sec; [INSERT AverageLatency(us)=11.63] [READ AverageLatency(us)=1739.89] 
2014-07-27 22:18:20:700 430 sec: 8058531 operations; 18958.5 current ops/sec; [INSERT AverageLatency(us)=12.98] [READ AverageLatency(us)=2086.28] 
2014-07-27 22:18:30:701 440 sec: 8230931 operations; 17238.28 current ops/sec; [INSERT AverageLatency(us)=11.73] [READ AverageLatency(us)=2215.54] 
2014-07-27 22:18:40:701 450 sec: 8403092 operations; 17216.1 current ops/sec; [INSERT AverageLatency(us)=12.67] [READ AverageLatency(us)=2376.59] 
2014-07-27 22:18:50:702 460 sec: 8610067 operations; 20695.43 current ops/sec; [INSERT AverageLatency(us)=13.37] [READ AverageLatency(us)=1893.9] 
2014-07-27 22:19:00:702 470 sec: 8826366 operations; 21629.9 current ops/sec; [INSERT AverageLatency(us)=11.34] [READ AverageLatency(us)=1828.22] 
2014-07-27 22:19:10:703 480 sec: 9037581 operations; 21119.39 current ops/sec; [INSERT AverageLatency(us)=12.22] [READ AverageLatency(us)=1858.3] 
2014-07-27 22:19:20:703 490 sec: 9275393 operations; 23781.2 current ops/sec; [INSERT AverageLatency(us)=11.78] [READ AverageLatency(us)=1668.53] 
2014-07-27 22:19:30:704 500 sec: 9514714 operations; 23929.71 current ops/sec; [INSERT AverageLatency(us)=12.02] [READ AverageLatency(us)=1647.48] 
2014-07-27 22:19:40:704 510 sec: 9671708 operations; 15699.4 current ops/sec; [INSERT AverageLatency(us)=11.85] [READ AverageLatency(us)=2516.81] 
2014-07-27 22:19:50:705 520 sec: 9821018 operations; 14929.51 current ops/sec; [INSERT AverageLatency(us)=14.65] [READ AverageLatency(us)=2656.58] 
2014-07-27 22:20:00:705 530 sec: 10000894 operations; 17987.6 current ops/sec; [INSERT AverageLatency(us)=12.26] [READ AverageLatency(us)=2193.87] 
2014-07-27 22:20:10:706 540 sec: 10194272 operations; 19335.87 current ops/sec; [INSERT AverageLatency(us)=11.87] [READ AverageLatency(us)=2026.72] 
2014-07-27 22:20:20:706 550 sec: 10359300 operations; 16502.8 current ops/sec; [INSERT AverageLatency(us)=11.19] [READ AverageLatency(us)=2396.73] 
2014-07-27 22:20:30:707 560 sec: 10539684 operations; 18036.6 current ops/sec; [INSERT AverageLatency(us)=11.1] [READ AverageLatency(us)=2206.41] 
2014-07-27 22:20:40:707 570 sec: 10696015 operations; 15633.1 current ops/sec; [INSERT AverageLatency(us)=10.97] [READ AverageLatency(us)=2519.27] 
2014-07-27 22:20:50:708 580 sec: 10871342 operations; 17530.95 current ops/sec; [INSERT AverageLatency(us)=11.67] [READ AverageLatency(us)=2261.59] 
2014-07-27 22:21:00:708 590 sec: 11038831 operations; 16748.9 current ops/sec; [INSERT AverageLatency(us)=10.94] [READ AverageLatency(us)=2353.34] 
2014-07-27 22:21:10:709 600 sec: 11213393 operations; 17454.45 current ops/sec; [INSERT AverageLatency(us)=12.72] [READ AverageLatency(us)=2269.63] 
2014-07-27 22:21:20:709 610 sec: 11403401 operations; 19000.8 current ops/sec; [INSERT AverageLatency(us)=12.22] [READ AverageLatency(us)=2074.94] 
2014-07-27 22:21:30:710 620 sec: 11548325 operations; 14490.95 current ops/sec; [INSERT AverageLatency(us)=12.03] [READ AverageLatency(us)=2751.27] 
2014-07-27 22:21:40:710 630 sec: 11709859 operations; 16153.4 current ops/sec; [INSERT AverageLatency(us)=11.09] [READ AverageLatency(us)=2446.54] 
2014-07-27 22:21:50:711 640 sec: 11894304 operations; 18444.5 current ops/sec; [INSERT AverageLatency(us)=11.23] [READ AverageLatency(us)=2141.71] 
2014-07-27 22:22:00:711 650 sec: 12083967 operations; 18964.4 current ops/sec; [INSERT AverageLatency(us)=11] [READ AverageLatency(us)=2083.24] 
2014-07-27 22:22:10:712 660 sec: 12290611 operations; 20664.4 current ops/sec; [INSERT AverageLatency(us)=11.7] [READ AverageLatency(us)=1912.26] 
2014-07-27 22:22:20:712 670 sec: 12461263 operations; 17063.49 current ops/sec; [INSERT AverageLatency(us)=13.48] [READ AverageLatency(us)=2323.36] 
2014-07-27 22:22:30:713 680 sec: 12635590 operations; 17432.7 current ops/sec; [INSERT AverageLatency(us)=12.38] [READ AverageLatency(us)=2275.29] 
2014-07-27 22:22:40:713 690 sec: 12785112 operations; 14950.7 current ops/sec; [INSERT AverageLatency(us)=12.39] [READ AverageLatency(us)=2634.49] 
2014-07-27 22:22:50:714 700 sec: 12955506 operations; 17039.4 current ops/sec; [INSERT AverageLatency(us)=11] [READ AverageLatency(us)=2315.8] 
2014-07-27 22:23:00:714 710 sec: 13123080 operations; 16755.72 current ops/sec; [INSERT AverageLatency(us)=11.01] [READ AverageLatency(us)=2381.42] 
2014-07-27 22:23:10:714 720 sec: 13293185 operations; 17010.5 current ops/sec; [INSERT AverageLatency(us)=12.7] [READ AverageLatency(us)=2334.83] 
2014-07-27 22:23:20:715 730 sec: 13452793 operations; 15959.2 current ops/sec; [INSERT AverageLatency(us)=11.93] [READ AverageLatency(us)=2484.09] 
2014-07-27 22:23:30:715 740 sec: 13624096 operations; 17130.3 current ops/sec; [INSERT AverageLatency(us)=11.08] [READ AverageLatency(us)=2299.01] 
2014-07-27 22:23:40:716 750 sec: 13782701 operations; 15858.91 current ops/sec; [INSERT AverageLatency(us)=11.4] [READ AverageLatency(us)=2496.75] 
2014-07-27 22:23:50:716 760 sec: 13955531 operations; 17283 current ops/sec; [INSERT AverageLatency(us)=13.24] [READ AverageLatency(us)=2287.69] 
2014-07-27 22:24:00:717 770 sec: 14146451 operations; 19090.09 current ops/sec; [INSERT AverageLatency(us)=11.83] [READ AverageLatency(us)=2076.56] 
2014-07-27 22:24:10:717 780 sec: 14311125 operations; 16467.4 current ops/sec; [INSERT AverageLatency(us)=11.14] [READ AverageLatency(us)=2389.71] 
2014-07-27 22:24:20:718 790 sec: 14471153 operations; 16001.2 current ops/sec; [INSERT AverageLatency(us)=12.29] [READ AverageLatency(us)=2359.56] 
2014-07-27 22:24:30:718 800 sec: 14639933 operations; 16878 current ops/sec; [INSERT AverageLatency(us)=10.9] [READ AverageLatency(us)=2467.97] 
2014-07-27 22:24:40:719 810 sec: 14811277 operations; 17132.69 current ops/sec; [INSERT AverageLatency(us)=12.35] [READ AverageLatency(us)=2321.83] 
2014-07-27 22:24:50:719 820 sec: 14950529 operations; 13925.2 current ops/sec; [INSERT AverageLatency(us)=12.03] [READ AverageLatency(us)=2840.33] 
2014-07-27 22:25:00:720 830 sec: 15120946 operations; 17040 current ops/sec; [INSERT AverageLatency(us)=12.86] [READ AverageLatency(us)=2342.88] 
2014-07-27 22:25:10:720 840 sec: 15268169 operations; 14722.3 current ops/sec; [INSERT AverageLatency(us)=12.88] [READ AverageLatency(us)=2689.03] 
2014-07-27 22:25:20:721 850 sec: 15449954 operations; 18176.68 current ops/sec; [INSERT AverageLatency(us)=11.36] [READ AverageLatency(us)=2180.2] 
2014-07-27 22:25:30:721 860 sec: 15652520 operations; 20256.6 current ops/sec; [INSERT AverageLatency(us)=12.24] [READ AverageLatency(us)=1956.39] 
2014-07-27 22:25:40:722 870 sec: 15802994 operations; 15045.9 current ops/sec; [INSERT AverageLatency(us)=12.62] [READ AverageLatency(us)=2622.11] 
2014-07-27 22:25:50:722 880 sec: 15973449 operations; 17045.5 current ops/sec; [INSERT AverageLatency(us)=11.59] [READ AverageLatency(us)=2331.51] 
2014-07-27 22:26:00:723 890 sec: 16127018 operations; 15355.36 current ops/sec; [INSERT AverageLatency(us)=11.03] [READ AverageLatency(us)=2566.66] 
2014-07-27 22:26:10:723 900 sec: 16290128 operations; 16311 current ops/sec; [INSERT AverageLatency(us)=11.66] [READ AverageLatency(us)=2422.34] 
2014-07-27 22:26:20:724 910 sec: 16442482 operations; 15233.88 current ops/sec; [INSERT AverageLatency(us)=12.41] [READ AverageLatency(us)=2627.98] 
2014-07-27 22:26:30:724 920 sec: 16604962 operations; 16248 current ops/sec; [INSERT AverageLatency(us)=11.5] [READ AverageLatency(us)=2431.49] 
2014-07-27 22:26:40:725 930 sec: 16758509 operations; 15353.16 current ops/sec; [INSERT AverageLatency(us)=11.12] [READ AverageLatency(us)=2364.4] 
2014-07-27 22:26:50:726 940 sec: 16921399 operations; 16287.37 current ops/sec; [INSERT AverageLatency(us)=13.42] [READ AverageLatency(us)=2588.91] 
2014-07-27 22:27:00:726 950 sec: 17089954 operations; 16855.5 current ops/sec; [INSERT AverageLatency(us)=11.33] [READ AverageLatency(us)=2401.9] 
2014-07-27 22:27:10:727 960 sec: 17270798 operations; 18084.4 current ops/sec; [INSERT AverageLatency(us)=11.8] [READ AverageLatency(us)=2185.57] 
2014-07-27 22:27:20:727 970 sec: 17415241 operations; 14442.86 current ops/sec; [INSERT AverageLatency(us)=11.41] [READ AverageLatency(us)=2635.68] 
2014-07-27 22:27:30:728 980 sec: 17556831 operations; 14157.58 current ops/sec; [INSERT AverageLatency(us)=11.94] [READ AverageLatency(us)=2913.52] 
2014-07-27 22:27:40:728 990 sec: 17710331 operations; 15350 current ops/sec; [INSERT AverageLatency(us)=11.12] [READ AverageLatency(us)=2583.98] 
2014-07-27 22:27:50:729 1000 sec: 17895897 operations; 18556.6 current ops/sec; [INSERT AverageLatency(us)=12.7] [READ AverageLatency(us)=2127.09] 
2014-07-27 22:28:00:729 1010 sec: 18072084 operations; 17616.94 current ops/sec; [INSERT AverageLatency(us)=11.2] [READ AverageLatency(us)=2250.99] 
2014-07-27 22:28:10:730 1020 sec: 18246853 operations; 17476.9 current ops/sec; [INSERT AverageLatency(us)=11.67] [READ AverageLatency(us)=2274.49] 
2014-07-27 22:28:20:730 1030 sec: 18424244 operations; 17737.33 current ops/sec; [INSERT AverageLatency(us)=11.64] [READ AverageLatency(us)=2149.24] 
2014-07-27 22:28:30:731 1040 sec: 18580617 operations; 15635.74 current ops/sec; [INSERT AverageLatency(us)=12.47] [READ AverageLatency(us)=2624.34] 
2014-07-27 22:28:40:731 1050 sec: 18735723 operations; 15510.6 current ops/sec; [INSERT AverageLatency(us)=11.83] [READ AverageLatency(us)=2556.89] 
2014-07-27 22:28:50:732 1060 sec: 18868307 operations; 13257.07 current ops/sec; [INSERT AverageLatency(us)=11.3] [READ AverageLatency(us)=2997.65] 
2014-07-27 22:29:00:732 1070 sec: 18986261 operations; 11795.4 current ops/sec; [INSERT AverageLatency(us)=11.88] [READ AverageLatency(us)=3355.39] 
2014-07-27 22:29:10:733 1080 sec: 19107111 operations; 12085 current ops/sec; [INSERT AverageLatency(us)=11.02] [READ AverageLatency(us)=3265.43] 
2014-07-27 22:29:20:733 1090 sec: 19233721 operations; 12659.73 current ops/sec; [INSERT AverageLatency(us)=11.1] [READ AverageLatency(us)=3161.82] 
2014-07-27 22:29:30:733 1100 sec: 19354457 operations; 12073.6 current ops/sec; [INSERT AverageLatency(us)=10.95] [READ AverageLatency(us)=3279.88] 
2014-07-27 22:29:40:768 1110 sec: 19486628 operations; 13171 current ops/sec; [INSERT AverageLatency(us)=11.81] [READ AverageLatency(us)=2963.21] 
2014-07-27 22:29:50:768 1120 sec: 19632021 operations; 14539.3 current ops/sec; [INSERT AverageLatency(us)=10.92] [READ AverageLatency(us)=2764.16] 
2014-07-27 22:30:00:769 1130 sec: 19756040 operations; 12400.66 current ops/sec; [INSERT AverageLatency(us)=12.42] [READ AverageLatency(us)=3192.86] 
2014-07-27 22:30:10:769 1140 sec: 19910915 operations; 15487.5 current ops/sec; [INSERT AverageLatency(us)=10.85] [READ AverageLatency(us)=2569.39] 
2014-07-27 22:30:20:770 1150 sec: 20050889 operations; 13996 current ops/sec; [INSERT AverageLatency(us)=11.72] [READ AverageLatency(us)=2829.09] 
2014-07-27 22:30:30:770 1160 sec: 20172152 operations; 12126.3 current ops/sec; [INSERT AverageLatency(us)=11.23] [READ AverageLatency(us)=3291.79] 
2014-07-27 22:30:40:771 1170 sec: 20296430 operations; 12426.56 current ops/sec; [INSERT AverageLatency(us)=11.69] [READ AverageLatency(us)=3193.75] 
2014-07-27 22:30:50:771 1180 sec: 20410396 operations; 11396.6 current ops/sec; [INSERT AverageLatency(us)=10.61] [READ AverageLatency(us)=3469.36] 
2014-07-27 22:31:00:772 1190 sec: 20499719 operations; 8931.41 current ops/sec; [INSERT AverageLatency(us)=11.82] [READ AverageLatency(us)=4457.8] 
2014-07-27 22:31:10:772 1200 sec: 20600765 operations; 10104.6 current ops/sec; [INSERT AverageLatency(us)=11.66] [READ AverageLatency(us)=3929.27] 
2014-07-27 22:31:20:773 1210 sec: 20693328 operations; 9255.37 current ops/sec; [INSERT AverageLatency(us)=12.55] [READ AverageLatency(us)=4340.86] 
2014-07-27 22:31:30:773 1220 sec: 20819643 operations; 12631.5 current ops/sec; [INSERT AverageLatency(us)=11.34] [READ AverageLatency(us)=3140.56] 
2014-07-27 22:31:40:774 1230 sec: 20929707 operations; 11005.3 current ops/sec; [INSERT AverageLatency(us)=10.96] [READ AverageLatency(us)=3611.88] 
2014-07-27 22:31:50:774 1240 sec: 21045689 operations; 11598.2 current ops/sec; [INSERT AverageLatency(us)=11.93] [READ AverageLatency(us)=3421.56] 
2014-07-27 22:32:00:775 1250 sec: 21180712 operations; 13500.95 current ops/sec; [INSERT AverageLatency(us)=11.38] [READ AverageLatency(us)=2934.01] 
2014-07-27 22:32:10:775 1260 sec: 21293618 operations; 11290.6 current ops/sec; [INSERT AverageLatency(us)=13.73] [READ AverageLatency(us)=3523.49] 
2014-07-27 22:32:20:776 1270 sec: 21411868 operations; 11823.82 current ops/sec; [INSERT AverageLatency(us)=10.92] [READ AverageLatency(us)=3357.59] 
2014-07-27 22:32:30:776 1280 sec: 21541080 operations; 12921.2 current ops/sec; [INSERT AverageLatency(us)=11.62] [READ AverageLatency(us)=3075.82] 
2014-07-27 22:32:40:777 1290 sec: 21648942 operations; 10785.12 current ops/sec; [INSERT AverageLatency(us)=11] [READ AverageLatency(us)=3699.22] 
2014-07-27 22:32:50:777 1300 sec: 21772741 operations; 12379.9 current ops/sec; [INSERT AverageLatency(us)=10.63] [READ AverageLatency(us)=3208.4] 
2014-07-27 22:33:00:778 1310 sec: 21885331 operations; 11257.87 current ops/sec; [INSERT AverageLatency(us)=10.98] [READ AverageLatency(us)=3513.54] 
2014-07-27 22:33:10:778 1320 sec: 21977392 operations; 9206.1 current ops/sec; [INSERT AverageLatency(us)=11.17] [READ AverageLatency(us)=4275.92] 
2014-07-27 22:33:20:779 1330 sec: 22056161 operations; 7876.11 current ops/sec; [INSERT AverageLatency(us)=10.53] [READ AverageLatency(us)=5060.74] 
2014-07-27 22:33:30:779 1340 sec: 22142007 operations; 8584.6 current ops/sec; [INSERT AverageLatency(us)=13.22] [READ AverageLatency(us)=4629.85] 
2014-07-27 22:33:40:780 1350 sec: 22226610 operations; 8459.45 current ops/sec; [INSERT AverageLatency(us)=11.02] [READ AverageLatency(us)=4723.71] 
2014-07-27 22:33:50:780 1360 sec: 22332058 operations; 10544.8 current ops/sec; [INSERT AverageLatency(us)=10.98] [READ AverageLatency(us)=3798.19] 
2014-07-27 22:34:00:781 1370 sec: 22434489 operations; 10242.08 current ops/sec; [INSERT AverageLatency(us)=11.75] [READ AverageLatency(us)=3880.14] 
2014-07-27 22:34:10:781 1380 sec: 22537279 operations; 10279 current ops/sec; [INSERT AverageLatency(us)=10.76] [READ AverageLatency(us)=3874.08] 
2014-07-27 22:34:20:782 1390 sec: 22654513 operations; 11722.23 current ops/sec; [INSERT AverageLatency(us)=11.28] [READ AverageLatency(us)=3361.13] 
2014-07-27 22:34:30:782 1400 sec: 22757383 operations; 10287 current ops/sec; [INSERT AverageLatency(us)=13.29] [READ AverageLatency(us)=3900.77] 
2014-07-27 22:34:40:783 1410 sec: 22874899 operations; 11750.42 current ops/sec; [INSERT AverageLatency(us)=10.67] [READ AverageLatency(us)=3388.17] 
2014-07-27 22:34:50:783 1420 sec: 22983185 operations; 10828.6 current ops/sec; [INSERT AverageLatency(us)=13.29] [READ AverageLatency(us)=3668.56] 
2014-07-27 22:35:00:784 1430 sec: 23096963 operations; 11376.66 current ops/sec; [INSERT AverageLatency(us)=11.69] [READ AverageLatency(us)=3493.66] 
2014-07-27 22:35:10:784 1440 sec: 23198694 operations; 10173.1 current ops/sec; [INSERT AverageLatency(us)=10.61] [READ AverageLatency(us)=3886.39] 
2014-07-27 22:35:20:785 1450 sec: 23285181 operations; 8647.84 current ops/sec; [INSERT AverageLatency(us)=12.31] [READ AverageLatency(us)=4631.63] 
2014-07-27 22:35:30:785 1460 sec: 23361283 operations; 7610.2 current ops/sec; [INSERT AverageLatency(us)=10.35] [READ AverageLatency(us)=5244.03] 
2014-07-27 22:35:40:786 1470 sec: 23444303 operations; 8302 current ops/sec; [INSERT AverageLatency(us)=10.88] [READ AverageLatency(us)=4821.84] 
2014-07-27 22:35:50:786 1480 sec: 23534980 operations; 9066.79 current ops/sec; [INSERT AverageLatency(us)=10.96] [READ AverageLatency(us)=4369.67] 
2014-07-27 22:36:00:787 1490 sec: 23626288 operations; 9130.8 current ops/sec; [INSERT AverageLatency(us)=10.56] [READ AverageLatency(us)=4353.44] 
2014-07-27 22:36:10:787 1500 sec: 23714791 operations; 8849.42 current ops/sec; [INSERT AverageLatency(us)=12.29] [READ AverageLatency(us)=4487] 
2014-07-27 22:36:20:788 1510 sec: 23826891 operations; 11208.88 current ops/sec; [INSERT AverageLatency(us)=12.02] [READ AverageLatency(us)=3580.03] 
2014-07-27 22:36:30:788 1520 sec: 23932062 operations; 10517.1 current ops/sec; [INSERT AverageLatency(us)=11.63] [READ AverageLatency(us)=3771.55] 
2014-07-27 22:36:40:789 1530 sec: 24038197 operations; 10613.5 current ops/sec; [INSERT AverageLatency(us)=11.81] [READ AverageLatency(us)=3744.41] 
2014-07-27 22:36:50:789 1540 sec: 24150965 operations; 11275.67 current ops/sec; [INSERT AverageLatency(us)=11.48] [READ AverageLatency(us)=3502.51] 
2014-07-27 22:37:00:789 1550 sec: 24243365 operations; 9240 current ops/sec; [INSERT AverageLatency(us)=12.48] [READ AverageLatency(us)=4327.37] 
2014-07-27 22:37:10:790 1560 sec: 24345841 operations; 10246.58 current ops/sec; [INSERT AverageLatency(us)=11.63] [READ AverageLatency(us)=3888.23] 
2014-07-27 22:37:20:791 1570 sec: 24415431 operations; 6958.3 current ops/sec; [INSERT AverageLatency(us)=11.52] [READ AverageLatency(us)=4738.16] 
2014-07-27 22:37:30:791 1580 sec: 24415431 operations; 0 current ops/sec;   
2014-07-27 22:37:40:792 1590 sec: 24415769 operations; 33.8 current ops/sec; [INSERT AverageLatency(us)=20.06] [READ AverageLatency(us)=1021405.59] 
2014-07-27 22:37:50:792 1600 sec: 24476220 operations; 6045.1 current ops/sec; [INSERT AverageLatency(us)=11.2] [READ AverageLatency(us)=15047.92] 
2014-07-27 22:38:00:793 1610 sec: 24548865 operations; 7263.77 current ops/sec; [INSERT AverageLatency(us)=10.74] [READ AverageLatency(us)=5525.11] 
2014-07-27 22:38:10:793 1620 sec: 24617941 operations; 6907.6 current ops/sec; [INSERT AverageLatency(us)=12.69] [READ AverageLatency(us)=5761.38] 
2014-07-27 22:38:20:794 1630 sec: 24680783 operations; 6283.57 current ops/sec; [INSERT AverageLatency(us)=11.74] [READ AverageLatency(us)=6327.8] 
2014-07-27 22:38:30:794 1640 sec: 24775260 operations; 9447.7 current ops/sec; [INSERT AverageLatency(us)=11.76] [READ AverageLatency(us)=4183.35] 
2014-07-27 22:38:40:795 1650 sec: 24858629 operations; 8336.07 current ops/sec; [INSERT AverageLatency(us)=11.16] [READ AverageLatency(us)=4543.64] 
2014-07-27 22:38:50:795 1660 sec: 24952315 operations; 9368.6 current ops/sec; [INSERT AverageLatency(us)=10.71] [READ AverageLatency(us)=4509.14] 
2014-07-27 22:39:00:796 1670 sec: 25032266 operations; 7994.3 current ops/sec; [INSERT AverageLatency(us)=12.56] [READ AverageLatency(us)=4940.03] 
2014-07-27 22:39:10:796 1680 sec: 25127932 operations; 9566.6 current ops/sec; [INSERT AverageLatency(us)=11.7] [READ AverageLatency(us)=4034.93] 
2014-07-27 22:39:20:797 1690 sec: 25191107 operations; 6316.87 current ops/sec; [INSERT AverageLatency(us)=11.87] [READ AverageLatency(us)=6483.54] 
2014-07-27 22:39:30:797 1700 sec: 25286287 operations; 9518 current ops/sec; [INSERT AverageLatency(us)=10.36] [READ AverageLatency(us)=4189.99] 
2014-07-27 22:39:40:798 1710 sec: 25353527 operations; 6723.33 current ops/sec; [INSERT AverageLatency(us)=11.97] [READ AverageLatency(us)=5925.52] 
2014-07-27 22:39:50:798 1720 sec: 25420378 operations; 6685.1 current ops/sec; [INSERT AverageLatency(us)=10.73] [READ AverageLatency(us)=5963] 
2014-07-27 22:40:00:799 1730 sec: 25503284 operations; 8289.77 current ops/sec; [INSERT AverageLatency(us)=10.55] [READ AverageLatency(us)=4635.09] 
2014-07-27 22:40:10:799 1740 sec: 25557091 operations; 5380.7 current ops/sec; [INSERT AverageLatency(us)=11.13] [READ AverageLatency(us)=7451.4] 
2014-07-27 22:40:20:800 1750 sec: 25633290 operations; 7619.14 current ops/sec; [INSERT AverageLatency(us)=10.48] [READ AverageLatency(us)=5277.11] 
2014-07-27 22:40:30:800 1760 sec: 25716640 operations; 8335 current ops/sec; [INSERT AverageLatency(us)=11.46] [READ AverageLatency(us)=4616.97] 
2014-07-27 22:40:40:801 1770 sec: 25791506 operations; 7485.85 current ops/sec; [INSERT AverageLatency(us)=12.54] [READ AverageLatency(us)=5567.98] 
2014-07-27 22:40:50:801 1780 sec: 25865912 operations; 7440.6 current ops/sec; [INSERT AverageLatency(us)=11.57] [READ AverageLatency(us)=5354.25] 
2014-07-27 22:41:00:802 1790 sec: 25936033 operations; 7011.4 current ops/sec; [INSERT AverageLatency(us)=10.99] [READ AverageLatency(us)=5698.66] 
2014-07-27 22:41:10:803 1800 sec: 26025432 operations; 8939.9 current ops/sec; [INSERT AverageLatency(us)=10.79] [READ AverageLatency(us)=4451.48] 
2014-07-27 22:41:20:803 1810 sec: 26098755 operations; 7331.57 current ops/sec; [INSERT AverageLatency(us)=11.81] [READ AverageLatency(us)=4861.86] 
2014-07-27 22:41:30:803 1820 sec: 26190526 operations; 9177.1 current ops/sec; [INSERT AverageLatency(us)=11.4] [READ AverageLatency(us)=4788.81] 
2014-07-27 22:41:40:804 1830 sec: 26274816 operations; 8428.16 current ops/sec; [INSERT AverageLatency(us)=11.46] [READ AverageLatency(us)=4363.51] 
2014-07-27 22:41:50:804 1840 sec: 26361410 operations; 8659.4 current ops/sec; [INSERT AverageLatency(us)=10.87] [READ AverageLatency(us)=4920.82] 
2014-07-27 22:42:00:805 1850 sec: 26405376 operations; 4396.16 current ops/sec; [INSERT AverageLatency(us)=12.46] [READ AverageLatency(us)=9124.86] 
2014-07-27 22:42:10:805 1860 sec: 26486527 operations; 8115.1 current ops/sec; [INSERT AverageLatency(us)=12.73] [READ AverageLatency(us)=4860.17] 
2014-07-27 22:42:20:806 1870 sec: 26561493 operations; 7495.85 current ops/sec; [INSERT AverageLatency(us)=11.64] [READ AverageLatency(us)=5394.99] 
2014-07-27 22:42:30:806 1880 sec: 26639314 operations; 7782.1 current ops/sec; [INSERT AverageLatency(us)=11.8] [READ AverageLatency(us)=5052.72] 
2014-07-27 22:42:40:807 1890 sec: 26703863 operations; 6454.25 current ops/sec; [INSERT AverageLatency(us)=12.57] [READ AverageLatency(us)=6102.91] 
2014-07-27 22:42:50:807 1900 sec: 26777611 operations; 7374.8 current ops/sec; [INSERT AverageLatency(us)=10.42] [READ AverageLatency(us)=5424.06] 
2014-07-27 22:43:00:808 1910 sec: 26833668 operations; 5605.14 current ops/sec; [INSERT AverageLatency(us)=11.38] [READ AverageLatency(us)=7135] 
2014-07-27 22:43:10:808 1920 sec: 26909092 operations; 7542.4 current ops/sec; [INSERT AverageLatency(us)=11.14] [READ AverageLatency(us)=5294.13] 
2014-07-27 22:43:20:809 1930 sec: 26986538 operations; 7743.83 current ops/sec; [INSERT AverageLatency(us)=10.62] [READ AverageLatency(us)=4850.05] 
2014-07-27 22:43:30:809 1940 sec: 27052841 operations; 6630.3 current ops/sec; [INSERT AverageLatency(us)=12.53] [READ AverageLatency(us)=6282.8] 
2014-07-27 22:43:40:810 1950 sec: 27133677 operations; 8082.79 current ops/sec; [INSERT AverageLatency(us)=11.19] [READ AverageLatency(us)=4962.8] 
2014-07-27 22:43:50:810 1960 sec: 27201972 operations; 6829.5 current ops/sec; [INSERT AverageLatency(us)=11.54] [READ AverageLatency(us)=5807.46] 
2014-07-27 22:44:00:811 1970 sec: 27262334 operations; 6035.6 current ops/sec; [INSERT AverageLatency(us)=13.12] [READ AverageLatency(us)=6639.81] 
2014-07-27 22:44:10:811 1980 sec: 27350109 operations; 8777.5 current ops/sec; [INSERT AverageLatency(us)=10.61] [READ AverageLatency(us)=4502.74] 
2014-07-27 22:44:20:812 1990 sec: 27409624 operations; 5950.9 current ops/sec; [INSERT AverageLatency(us)=11.47] [READ AverageLatency(us)=6766.91] 
2014-07-27 22:44:30:812 2000 sec: 27478135 operations; 6851.1 current ops/sec; [INSERT AverageLatency(us)=11.75] [READ AverageLatency(us)=5811.87] 
2014-07-27 22:44:40:813 2010 sec: 27563081 operations; 8493.75 current ops/sec; [INSERT AverageLatency(us)=10.96] [READ AverageLatency(us)=4654.06] 
2014-07-27 22:44:50:813 2020 sec: 27630441 operations; 6736 current ops/sec; [INSERT AverageLatency(us)=11.16] [READ AverageLatency(us)=5910.64] 
2014-07-27 22:45:00:814 2030 sec: 27714435 operations; 8398.56 current ops/sec; [INSERT AverageLatency(us)=10.6] [READ AverageLatency(us)=4726.94] 
2014-07-27 22:45:10:814 2040 sec: 27792163 operations; 7772.8 current ops/sec; [INSERT AverageLatency(us)=10.97] [READ AverageLatency(us)=5115.09] 
2014-07-27 22:45:20:815 2050 sec: 27803724 operations; 1155.98 current ops/sec; [INSERT AverageLatency(us)=11.57] [READ AverageLatency(us)=5207.38] 
2014-07-27 22:45:30:815 2060 sec: 27803724 operations; 0 current ops/sec;   
2014-07-27 22:45:40:816 2070 sec: 27803724 operations; 0 current ops/sec;   
2014-07-27 22:45:50:816 2080 sec: 27821870 operations; 1814.6 current ops/sec; [INSERT AverageLatency(us)=13.6] [READ AverageLatency(us)=84293.46] 
2014-07-27 22:46:00:817 2090 sec: 27885579 operations; 6370.26 current ops/sec; [INSERT AverageLatency(us)=11.64] [READ AverageLatency(us)=6269.74] 
2014-07-27 22:46:10:817 2100 sec: 27959811 operations; 7423.2 current ops/sec; [INSERT AverageLatency(us)=11.57] [READ AverageLatency(us)=5338.76] 
2014-07-27 22:46:20:818 2110 sec: 28035417 operations; 7559.84 current ops/sec; [INSERT AverageLatency(us)=11.12] [READ AverageLatency(us)=5265.43] 
2014-07-27 22:46:30:818 2120 sec: 28098566 operations; 6314.9 current ops/sec; [INSERT AverageLatency(us)=11.88] [READ AverageLatency(us)=6296.91] 
2014-07-27 22:46:40:819 2130 sec: 28165383 operations; 6681.03 current ops/sec; [INSERT AverageLatency(us)=11.88] [READ AverageLatency(us)=5974.73] 
2014-07-27 22:46:50:819 2140 sec: 28229108 operations; 6372.5 current ops/sec; [INSERT AverageLatency(us)=12.84] [READ AverageLatency(us)=6230.16] 
2014-07-27 22:47:00:820 2150 sec: 28305972 operations; 7685.63 current ops/sec; [INSERT AverageLatency(us)=11.45] [READ AverageLatency(us)=4841.95] 
2014-07-27 22:47:10:820 2160 sec: 28362476 operations; 5650.4 current ops/sec; [INSERT AverageLatency(us)=10.76] [READ AverageLatency(us)=7541.07] 
2014-07-27 22:47:20:821 2170 sec: 28432876 operations; 7039.3 current ops/sec; [INSERT AverageLatency(us)=16.03] [READ AverageLatency(us)=5632.08] 
2014-07-27 22:47:30:821 2180 sec: 28510411 operations; 7753.5 current ops/sec; [INSERT AverageLatency(us)=10.94] [READ AverageLatency(us)=5154.61] 
2014-07-27 22:47:40:822 2190 sec: 28574170 operations; 6375.26 current ops/sec; [INSERT AverageLatency(us)=13.41] [READ AverageLatency(us)=6288.1] 
2014-07-27 22:47:50:822 2200 sec: 28662218 operations; 8804.8 current ops/sec; [INSERT AverageLatency(us)=11.12] [READ AverageLatency(us)=4549.25] 
2014-07-27 22:48:00:823 2210 sec: 28727351 operations; 6512.65 current ops/sec; [INSERT AverageLatency(us)=10.75] [READ AverageLatency(us)=6095.68] 
2014-07-27 22:48:10:823 2220 sec: 28780689 operations; 5333.8 current ops/sec; [INSERT AverageLatency(us)=11.37] [READ AverageLatency(us)=7483.97] 
2014-07-27 22:48:20:824 2230 sec: 28855363 operations; 7466.65 current ops/sec; [INSERT AverageLatency(us)=11.48] [READ AverageLatency(us)=5322.89] 
2014-07-27 22:48:30:824 2240 sec: 28920983 operations; 6562 current ops/sec; [INSERT AverageLatency(us)=11.3] [READ AverageLatency(us)=6067.64] 
2014-07-27 22:48:40:825 2250 sec: 28974548 operations; 5355.96 current ops/sec; [INSERT AverageLatency(us)=11.54] [READ AverageLatency(us)=7403.93] 
2014-07-27 22:48:50:825 2260 sec: 29044303 operations; 6975.5 current ops/sec; [INSERT AverageLatency(us)=11.93] [READ AverageLatency(us)=5737.36] 
2014-07-27 22:49:00:826 2270 sec: 29109431 operations; 6512.15 current ops/sec; [INSERT AverageLatency(us)=11.56] [READ AverageLatency(us)=6080.18] 
2014-07-27 22:49:10:826 2280 sec: 29170576 operations; 6114.5 current ops/sec; [INSERT AverageLatency(us)=11.25] [READ AverageLatency(us)=6572.03] 
2014-07-27 22:49:20:827 2290 sec: 29244801 operations; 7421.76 current ops/sec; [INSERT AverageLatency(us)=10.81] [READ AverageLatency(us)=5142.23] 
2014-07-27 22:49:30:827 2300 sec: 29301594 operations; 5679.3 current ops/sec; [INSERT AverageLatency(us)=11.66] [READ AverageLatency(us)=7344.04] 
2014-07-27 22:49:40:838 2310 sec: 29368621 operations; 6695.34 current ops/sec; [INSERT AverageLatency(us)=10.83] [READ AverageLatency(us)=5582.71] 
2014-07-27 22:49:50:838 2320 sec: 29433797 operations; 6517.6 current ops/sec; [INSERT AverageLatency(us)=12.37] [READ AverageLatency(us)=5490.02] 
2014-07-27 22:50:00:848 2330 sec: 29504581 operations; 7071.33 current ops/sec; [INSERT AverageLatency(us)=12.14] [READ AverageLatency(us)=6399.63] 
2014-07-27 22:50:10:849 2340 sec: 29570018 operations; 6543.05 current ops/sec; [INSERT AverageLatency(us)=11.31] [READ AverageLatency(us)=6294] 
2014-07-27 22:50:20:849 2350 sec: 29641790 operations; 7177.2 current ops/sec; [INSERT AverageLatency(us)=10.91] [READ AverageLatency(us)=5569.95] 
2014-07-27 22:50:30:850 2360 sec: 29687837 operations; 4604.24 current ops/sec; [INSERT AverageLatency(us)=12.92] [READ AverageLatency(us)=8637.04] 
2014-07-27 22:50:40:850 2370 sec: 29754652 operations; 6681.5 current ops/sec; [INSERT AverageLatency(us)=11.03] [READ AverageLatency(us)=5839.55] 
2014-07-27 22:50:50:851 2380 sec: 29807778 operations; 5312.07 current ops/sec; [INSERT AverageLatency(us)=11.18] [READ AverageLatency(us)=7301.82] 
2014-07-27 22:51:00:851 2390 sec: 29857836 operations; 5005.8 current ops/sec; [INSERT AverageLatency(us)=11.88] [READ AverageLatency(us)=7234.06] 
2014-07-27 22:51:10:852 2400 sec: 29921182 operations; 6333.97 current ops/sec; [INSERT AverageLatency(us)=11.17] [READ AverageLatency(us)=7244.47] 
2014-07-27 22:51:20:852 2410 sec: 29980171 operations; 5898.9 current ops/sec; [INSERT AverageLatency(us)=12.04] [READ AverageLatency(us)=6785.95] 
2014-07-27 22:51:30:853 2420 sec: 30039910 operations; 5973.3 current ops/sec; [INSERT AverageLatency(us)=11.56] [READ AverageLatency(us)=6649.6] 
2014-07-27 22:51:40:853 2430 sec: 30100614 operations; 6070.4 current ops/sec; [INSERT AverageLatency(us)=11.57] [READ AverageLatency(us)=6616.37] 
2014-07-27 22:51:50:854 2440 sec: 30170760 operations; 7013.9 current ops/sec; [INSERT AverageLatency(us)=11.71] [READ AverageLatency(us)=5688.03] 
2014-07-27 22:52:00:854 2450 sec: 30238700 operations; 6794 current ops/sec; [INSERT AverageLatency(us)=12.1] [READ AverageLatency(us)=5827.53] 
2014-07-27 22:52:10:855 2460 sec: 30302333 operations; 6362.66 current ops/sec; [INSERT AverageLatency(us)=12.8] [READ AverageLatency(us)=6252.97] 
2014-07-27 22:52:20:855 2470 sec: 30368381 operations; 6604.8 current ops/sec; [INSERT AverageLatency(us)=12.46] [READ AverageLatency(us)=5984.97] 
2014-07-27 22:52:30:856 2480 sec: 30427329 operations; 5894.21 current ops/sec; [INSERT AverageLatency(us)=11.61] [READ AverageLatency(us)=6846.27] 
2014-07-27 22:52:40:856 2490 sec: 30489676 operations; 6234.7 current ops/sec; [INSERT AverageLatency(us)=11.68] [READ AverageLatency(us)=6313.24] 
2014-07-27 22:52:50:856 2500 sec: 30556331 operations; 6665.5 current ops/sec; [INSERT AverageLatency(us)=11.49] [READ AverageLatency(us)=5995.37] 
2014-07-27 22:53:00:857 2510 sec: 30618667 operations; 6232.98 current ops/sec; [INSERT AverageLatency(us)=11.35] [READ AverageLatency(us)=6386.22] 
2014-07-27 22:53:10:857 2520 sec: 30673897 operations; 5523 current ops/sec; [INSERT AverageLatency(us)=11.59] [READ AverageLatency(us)=7219.02] 
2014-07-27 22:53:20:858 2530 sec: 30734391 operations; 6048.8 current ops/sec; [INSERT AverageLatency(us)=11.17] [READ AverageLatency(us)=4463.39] 
2014-07-27 22:53:30:858 2540 sec: 30793951 operations; 5956 current ops/sec; [INSERT AverageLatency(us)=12.13] [READ AverageLatency(us)=8881.22] 
2014-07-27 22:53:40:859 2550 sec: 30860537 operations; 6657.93 current ops/sec; [INSERT AverageLatency(us)=11.21] [READ AverageLatency(us)=5976.95] 
2014-07-27 22:53:50:859 2560 sec: 30919640 operations; 5910.3 current ops/sec; [INSERT AverageLatency(us)=13.3] [READ AverageLatency(us)=6759.07] 
2014-07-27 22:54:00:860 2570 sec: 30987170 operations; 6752.32 current ops/sec; [INSERT AverageLatency(us)=10.94] [READ AverageLatency(us)=5881.38] 
2014-07-27 22:54:10:860 2580 sec: 31068311 operations; 8114.1 current ops/sec; [INSERT AverageLatency(us)=11.69] [READ AverageLatency(us)=4945.04] 
2014-07-27 22:54:20:861 2590 sec: 31129019 operations; 6070.19 current ops/sec; [INSERT AverageLatency(us)=12.91] [READ AverageLatency(us)=5784.62] 
2014-07-27 22:54:30:861 2600 sec: 31202075 operations; 7305.6 current ops/sec; [INSERT AverageLatency(us)=13.33] [READ AverageLatency(us)=6128.69] 
2014-07-27 22:54:40:862 2610 sec: 31253861 operations; 5178.08 current ops/sec; [INSERT AverageLatency(us)=10.86] [READ AverageLatency(us)=7720.8] 
2014-07-27 22:54:50:862 2620 sec: 31326634 operations; 7277.3 current ops/sec; [INSERT AverageLatency(us)=10.49] [READ AverageLatency(us)=5527.62] 
2014-07-27 22:55:00:863 2630 sec: 31371657 operations; 4501.85 current ops/sec; [INSERT AverageLatency(us)=10.91] [READ AverageLatency(us)=8842.96] 
2014-07-27 22:55:10:863 2640 sec: 31429992 operations; 5833.5 current ops/sec; [INSERT AverageLatency(us)=11.07] [READ AverageLatency(us)=6807.24] 
2014-07-27 22:55:20:864 2650 sec: 31492579 operations; 6258.07 current ops/sec; [INSERT AverageLatency(us)=11.32] [READ AverageLatency(us)=6367.91] 
2014-07-27 22:55:30:864 2660 sec: 31544511 operations; 5193.2 current ops/sec; [INSERT AverageLatency(us)=13.1] [READ AverageLatency(us)=7634.76] 
2014-07-27 22:55:40:864 2670 sec: 31608212 operations; 6370.1 current ops/sec; [INSERT AverageLatency(us)=10.83] [READ AverageLatency(us)=6240.98] 
2014-07-27 22:55:50:865 2680 sec: 31648675 operations; 4045.9 current ops/sec; [INSERT AverageLatency(us)=12.01] [READ AverageLatency(us)=9909.23] 
2014-07-27 22:56:00:865 2690 sec: 31703759 operations; 5508.4 current ops/sec; [INSERT AverageLatency(us)=12.53] [READ AverageLatency(us)=7254.67] 
2014-07-27 22:56:10:866 2700 sec: 31765057 operations; 6129.19 current ops/sec; [INSERT AverageLatency(us)=11.75] [READ AverageLatency(us)=6169.98] 
2014-07-27 22:56:20:866 2710 sec: 31835117 operations; 7006 current ops/sec; [INSERT AverageLatency(us)=12.27] [READ AverageLatency(us)=5959.52] 
2014-07-27 22:56:30:867 2720 sec: 31904170 operations; 6904.61 current ops/sec; [INSERT AverageLatency(us)=11.4] [READ AverageLatency(us)=5245.31] 
2014-07-27 22:56:40:867 2730 sec: 31982556 operations; 7838.6 current ops/sec; [INSERT AverageLatency(us)=11.34] [READ AverageLatency(us)=5572.86] 
2014-07-27 22:56:50:868 2740 sec: 32068213 operations; 8564.84 current ops/sec; [INSERT AverageLatency(us)=11.04] [READ AverageLatency(us)=4520.04] 
2014-07-27 22:57:00:868 2750 sec: 32124089 operations; 5587.6 current ops/sec; [INSERT AverageLatency(us)=13.53] [READ AverageLatency(us)=7390.7] 
2014-07-27 22:57:10:869 2760 sec: 32200635 operations; 7653.83 current ops/sec; [INSERT AverageLatency(us)=11.4] [READ AverageLatency(us)=5185.97] 
2014-07-27 22:57:20:869 2770 sec: 32277564 operations; 7692.9 current ops/sec; [INSERT AverageLatency(us)=12.56] [READ AverageLatency(us)=5153.13] 
2014-07-27 22:57:30:870 2780 sec: 32342415 operations; 6484.45 current ops/sec; [INSERT AverageLatency(us)=11.84] [READ AverageLatency(us)=6199.74] 
2014-07-27 22:57:40:870 2790 sec: 32412971 operations; 7055.6 current ops/sec; [INSERT AverageLatency(us)=11.66] [READ AverageLatency(us)=5642.06] 
2014-07-27 22:57:50:871 2800 sec: 32483256 operations; 7027.8 current ops/sec; [INSERT AverageLatency(us)=12.69] [READ AverageLatency(us)=5654.06] 
2014-07-27 22:58:00:871 2810 sec: 32550658 operations; 6740.2 current ops/sec; [INSERT AverageLatency(us)=11.68] [READ AverageLatency(us)=5326.54] 
2014-07-27 22:58:10:872 2820 sec: 32550658 operations; 0 current ops/sec;   
2014-07-27 22:58:20:872 2830 sec: 32550658 operations; 0 current ops/sec;   
2014-07-27 22:58:30:872 2840 sec: 32550658 operations; 0 current ops/sec;   
2014-07-27 22:58:40:873 2850 sec: 32550658 operations; 0 current ops/sec;   
2014-07-27 22:58:50:873 2860 sec: 32559804 operations; 914.6 current ops/sec; [INSERT AverageLatency(us)=14.88] [READ AverageLatency(us)=222058.51] 
2014-07-27 22:59:00:874 2870 sec: 32629735 operations; 6992.4 current ops/sec; [INSERT AverageLatency(us)=11.99] [READ AverageLatency(us)=5698] 
2014-07-27 22:59:10:874 2880 sec: 32695723 operations; 6598.8 current ops/sec; [INSERT AverageLatency(us)=11.69] [READ AverageLatency(us)=6026.29] 
2014-07-27 22:59:20:875 2890 sec: 32749594 operations; 5386.56 current ops/sec; [INSERT AverageLatency(us)=11.14] [READ AverageLatency(us)=7400.34] 
2014-07-27 22:59:30:875 2900 sec: 32814499 operations; 6490.5 current ops/sec; [INSERT AverageLatency(us)=11.84] [READ AverageLatency(us)=6108.24] 
2014-07-27 22:59:40:875 2910 sec: 32874461 operations; 5996.2 current ops/sec; [INSERT AverageLatency(us)=11.49] [READ AverageLatency(us)=6637.43] 
2014-07-27 22:59:50:876 2920 sec: 32931751 operations; 5728.43 current ops/sec; [INSERT AverageLatency(us)=11.99] [READ AverageLatency(us)=6838.46] 
2014-07-27 23:00:00:876 2930 sec: 32977796 operations; 4604.5 current ops/sec; [INSERT AverageLatency(us)=12.48] [READ AverageLatency(us)=8899.32] 
2014-07-27 23:00:10:877 2940 sec: 33029271 operations; 5146.99 current ops/sec; [INSERT AverageLatency(us)=11.36] [READ AverageLatency(us)=6051.27] 
2014-07-27 23:00:20:877 2950 sec: 33076317 operations; 4704.6 current ops/sec; [INSERT AverageLatency(us)=11.79] [READ AverageLatency(us)=7889.56] 
2014-07-27 23:00:30:878 2960 sec: 33127110 operations; 5078.79 current ops/sec; [INSERT AverageLatency(us)=10.93] [READ AverageLatency(us)=7477.87] 
2014-07-27 23:00:40:878 2970 sec: 33127110 operations; 0 current ops/sec;   
2014-07-27 23:00:50:879 2980 sec: 33127110 operations; 0 current ops/sec;   
2014-07-27 23:01:00:879 2990 sec: 33127110 operations; 0 current ops/sec;   
2014-07-27 23:01:10:880 3000 sec: 33127110 operations; 0 current ops/sec;   
2014-07-27 23:01:20:880 3010 sec: 33127110 operations; 0 current ops/sec;   
2014-07-27 23:01:30:880 3020 sec: 33127110 operations; 0 current ops/sec;   
2014-07-27 23:01:40:881 3030 sec: 33127110 operations; 0 current ops/sec;   
2014-07-27 23:01:50:881 3040 sec: 33127110 operations; 0 current ops/sec;   
2014-07-27 23:02:00:882 3050 sec: 33127110 operations; 0 current ops/sec;   
2014-07-27 23:02:10:882 3060 sec: 33127110 operations; 0 current ops/sec;   
2014-07-27 23:02:20:883 3070 sec: 33127110 operations; 0 current ops/sec;   
2014-07-27 23:02:30:883 3080 sec: 33127110 operations; 0 current ops/sec;   
2014-07-27 23:02:40:883 3090 sec: 33127110 operations; 0 current ops/sec;   
2014-07-27 23:02:50:884 3100 sec: 33127110 operations; 0 current ops/sec;   
2014-07-27 23:03:00:884 3110 sec: 33127110 operations; 0 current ops/sec;   
2014-07-27 23:03:10:885 3120 sec: 33127110 operations; 0 current ops/sec;   
2014-07-27 23:03:20:885 3130 sec: 33127110 operations; 0 current ops/sec;   
2014-07-27 23:03:30:885 3140 sec: 33134768 operations; 765.8 current ops/sec; [INSERT AverageLatency(us)=20.6] [READ AverageLatency(us)=861481.67] 
2014-07-27 23:03:40:984 3150 sec: 33170627 operations; 3550.75 current ops/sec; [INSERT AverageLatency(us)=12.7] [READ AverageLatency(us)=10058.64] 
2014-07-27 23:03:50:985 3160 sec: 33219066 operations; 4843.42 current ops/sec; [INSERT AverageLatency(us)=12.85] [READ AverageLatency(us)=7474.72] 
2014-07-27 23:04:00:985 3170 sec: 33269987 operations; 5092.1 current ops/sec; [INSERT AverageLatency(us)=11.45] [READ AverageLatency(us)=7085.04] 
2014-07-27 23:04:10:986 3180 sec: 33311382 operations; 4139.09 current ops/sec; [INSERT AverageLatency(us)=13.2] [READ AverageLatency(us)=8734.28] 
2014-07-27 23:04:20:986 3190 sec: 33360296 operations; 4891.4 current ops/sec; [INSERT AverageLatency(us)=11.88] [READ AverageLatency(us)=7281.69] 
2014-07-27 23:04:30:987 3200 sec: 33406902 operations; 4660.6 current ops/sec; [INSERT AverageLatency(us)=12.84] [READ AverageLatency(us)=28749.54] 
2014-07-27 23:04:40:987 3210 sec: 33453022 operations; 4611.54 current ops/sec; [INSERT AverageLatency(us)=12.18] [READ AverageLatency(us)=8639.96] 
2014-07-27 23:04:50:988 3220 sec: 33498842 operations; 4581.54 current ops/sec; [INSERT AverageLatency(us)=12.98] [READ AverageLatency(us)=8665.97] 
2014-07-27 23:05:00:988 3230 sec: 33558916 operations; 6007.4 current ops/sec; [INSERT AverageLatency(us)=12.1] [READ AverageLatency(us)=6631.57] 
2014-07-27 23:05:10:989 3240 sec: 33608009 operations; 4908.81 current ops/sec; [INSERT AverageLatency(us)=12.55] [READ AverageLatency(us)=7820.19] 
2014-07-27 23:05:20:989 3250 sec: 33608101 operations; 9.2 current ops/sec; [INSERT AverageLatency(us)=14.53] [READ AverageLatency(us)=2647956.83] 
2014-07-27 23:05:30:990 3260 sec: 33611890 operations; 378.86 current ops/sec; [INSERT AverageLatency(us)=11.86] [READ AverageLatency(us)=75465.35] 
2014-07-27 23:05:40:990 3270 sec: 33637332 operations; 2544.2 current ops/sec; [INSERT AverageLatency(us)=12.69] [READ AverageLatency(us)=26874.29] 
2014-07-27 23:05:50:991 3280 sec: 33671530 operations; 3419.46 current ops/sec; [INSERT AverageLatency(us)=12.42] [READ AverageLatency(us)=11765.98] 
2014-07-27 23:06:00:991 3290 sec: 33706159 operations; 3462.9 current ops/sec; [INSERT AverageLatency(us)=12.82] [READ AverageLatency(us)=11319.28] 
2014-07-27 23:06:10:992 3300 sec: 33753635 operations; 4747.13 current ops/sec; [INSERT AverageLatency(us)=13.23] [READ AverageLatency(us)=8548.62] 
2014-07-27 23:06:20:992 3310 sec: 33791358 operations; 3772.3 current ops/sec; [INSERT AverageLatency(us)=13.88] [READ AverageLatency(us)=10628.08] 
2014-07-27 23:06:30:993 3320 sec: 33844835 operations; 5347.17 current ops/sec; [INSERT AverageLatency(us)=12.63] [READ AverageLatency(us)=7463.19] 
2014-07-27 23:06:40:993 3330 sec: 33884514 operations; 3967.9 current ops/sec; [INSERT AverageLatency(us)=14.69] [READ AverageLatency(us)=10150.16] 
2014-07-27 23:06:50:994 3340 sec: 33929946 operations; 4542.75 current ops/sec; [INSERT AverageLatency(us)=13.14] [READ AverageLatency(us)=8740.34] 
2014-07-27 23:07:00:994 3350 sec: 33992245 operations; 6229.9 current ops/sec; [INSERT AverageLatency(us)=13.1] [READ AverageLatency(us)=6354.3] 
2014-07-27 23:07:10:995 3360 sec: 34054066 operations; 6181.48 current ops/sec; [INSERT AverageLatency(us)=11.29] [READ AverageLatency(us)=6450.8] 
2014-07-27 23:07:20:995 3370 sec: 34109167 operations; 5510.1 current ops/sec; [INSERT AverageLatency(us)=13.55] [READ AverageLatency(us)=7163.73] 
2014-07-27 23:07:30:996 3380 sec: 34168313 operations; 5914.01 current ops/sec; [INSERT AverageLatency(us)=12.36] [READ AverageLatency(us)=6835.3] 
2014-07-27 23:07:40:996 3390 sec: 34232664 operations; 6435.1 current ops/sec; [INSERT AverageLatency(us)=11.34] [READ AverageLatency(us)=6206.49] 
2014-07-27 23:07:50:997 3400 sec: 34243135 operations; 1047 current ops/sec; [INSERT AverageLatency(us)=10.36] [READ AverageLatency(us)=5009.32] 
2014-07-27 23:08:00:998 3410 sec: 34244829 operations; 169.4 current ops/sec; [INSERT AverageLatency(us)=14.14] [READ AverageLatency(us)=446568.84] 
2014-07-27 23:08:10:998 3420 sec: 34302291 operations; 5745.63 current ops/sec; [INSERT AverageLatency(us)=14.29] [READ AverageLatency(us)=6900.89] 
2014-07-27 23:08:20:999 3430 sec: 34357113 operations; 5481.65 current ops/sec; [INSERT AverageLatency(us)=12.24] [READ AverageLatency(us)=7270.76] 
2014-07-27 23:08:30:999 3440 sec: 34417264 operations; 6015.1 current ops/sec; [INSERT AverageLatency(us)=11.8] [READ AverageLatency(us)=6599.18] 
2014-07-27 23:08:41:000 3450 sec: 34480763 operations; 6349.27 current ops/sec; [INSERT AverageLatency(us)=11.85] [READ AverageLatency(us)=6291.15] 
2014-07-27 23:08:51:000 3460 sec: 34537871 operations; 5710.8 current ops/sec; [INSERT AverageLatency(us)=11.68] [READ AverageLatency(us)=6978.02] 
2014-07-27 23:09:01:000 3470 sec: 34598518 operations; 6064.7 current ops/sec; [INSERT AverageLatency(us)=11.51] [READ AverageLatency(us)=6651.09] 
2014-07-27 23:09:11:001 3480 sec: 34658956 operations; 6043.2 current ops/sec; [INSERT AverageLatency(us)=10.76] [READ AverageLatency(us)=6593.47] 
2014-07-27 23:09:21:001 3490 sec: 34714412 operations; 5545.6 current ops/sec; [INSERT AverageLatency(us)=13.37] [READ AverageLatency(us)=7209.91] 
2014-07-27 23:09:31:002 3500 sec: 34771518 operations; 5710.03 current ops/sec; [INSERT AverageLatency(us)=11.7] [READ AverageLatency(us)=7014.63] 
2014-07-27 23:09:41:002 3510 sec: 34826956 operations; 5543.8 current ops/sec; [INSERT AverageLatency(us)=11.54] [READ AverageLatency(us)=7218.73] 
2014-07-27 23:09:51:003 3520 sec: 34877427 operations; 5046.6 current ops/sec; [INSERT AverageLatency(us)=11.12] [READ AverageLatency(us)=7902.39] 
2014-07-27 23:10:01:003 3530 sec: 34935301 operations; 5787.4 current ops/sec; [INSERT AverageLatency(us)=11.65] [READ AverageLatency(us)=6905.69] 
2014-07-27 23:10:11:004 3540 sec: 34997129 operations; 6182.18 current ops/sec; [INSERT AverageLatency(us)=11.25] [READ AverageLatency(us)=6447.43] 
2014-07-27 23:10:21:004 3550 sec: 35060554 operations; 6342.5 current ops/sec; [INSERT AverageLatency(us)=11.57] [READ AverageLatency(us)=6246.49] 
2014-07-27 23:10:31:005 3560 sec: 35118407 operations; 5784.72 current ops/sec; [INSERT AverageLatency(us)=10.87] [READ AverageLatency(us)=6949.85] 
2014-07-27 23:10:41:005 3570 sec: 35179681 operations; 6127.4 current ops/sec; [INSERT AverageLatency(us)=11.77] [READ AverageLatency(us)=6533.1] 
2014-07-27 23:10:51:006 3580 sec: 35233977 operations; 5429.06 current ops/sec; [INSERT AverageLatency(us)=12.55] [READ AverageLatency(us)=7348.13] 
2014-07-27 23:11:01:006 3590 sec: 35286501 operations; 5252.4 current ops/sec; [INSERT AverageLatency(us)=13.46] [READ AverageLatency(us)=7634.2] 
2014-07-27 23:11:11:007 3600 sec: 35347027 operations; 6051.99 current ops/sec; [INSERT AverageLatency(us)=12.24] [READ AverageLatency(us)=6590.71] 
2014-07-27 23:11:21:007 3610 sec: 35409687 operations; 6266 current ops/sec; [INSERT AverageLatency(us)=11.82] [READ AverageLatency(us)=6307.28] 
2014-07-27 23:11:31:008 3620 sec: 35472835 operations; 6314.17 current ops/sec; [INSERT AverageLatency(us)=12.38] [READ AverageLatency(us)=6410.37] 
2014-07-27 23:11:41:008 3630 sec: 35537451 operations; 6461.6 current ops/sec; [INSERT AverageLatency(us)=11.57] [READ AverageLatency(us)=6151.03] 
2014-07-27 23:11:51:009 3640 sec: 35598495 operations; 6103.79 current ops/sec; [INSERT AverageLatency(us)=12.14] [READ AverageLatency(us)=6518.78] 
2014-07-27 23:12:01:009 3650 sec: 35666297 operations; 6780.2 current ops/sec; [INSERT AverageLatency(us)=11.08] [READ AverageLatency(us)=5872.97] 
2014-07-27 23:12:11:009 3660 sec: 35731258 operations; 6496.1 current ops/sec; [INSERT AverageLatency(us)=11.77] [READ AverageLatency(us)=6132.43] 
2014-07-27 23:12:21:010 3670 sec: 35789807 operations; 5854.31 current ops/sec; [INSERT AverageLatency(us)=12.64] [READ AverageLatency(us)=6756.75] 
2014-07-27 23:12:31:010 3680 sec: 35814786 operations; 2497.9 current ops/sec; [INSERT AverageLatency(us)=11.51] [READ AverageLatency(us)=5691.52] 
2014-07-27 23:12:41:011 3690 sec: 35814786 operations; 0 current ops/sec;   
2014-07-27 23:12:51:011 3700 sec: 35867701 operations; 5291.5 current ops/sec; [INSERT AverageLatency(us)=14.08] [READ AverageLatency(us)=20066.77] 
2014-07-27 23:13:01:012 3710 sec: 35929904 operations; 6219.68 current ops/sec; [INSERT AverageLatency(us)=11.64] [READ AverageLatency(us)=6413.54] 
2014-07-27 23:13:11:012 3720 sec: 35991978 operations; 6207.4 current ops/sec; [INSERT AverageLatency(us)=11.61] [READ AverageLatency(us)=6420.9] 
2014-07-27 23:13:21:013 3730 sec: 36060276 operations; 6829.12 current ops/sec; [INSERT AverageLatency(us)=11.98] [READ AverageLatency(us)=5841.65] 
2014-07-27 23:13:31:013 3740 sec: 36124806 operations; 6453 current ops/sec; [INSERT AverageLatency(us)=11.18] [READ AverageLatency(us)=6143.49] 
2014-07-27 23:13:41:014 3750 sec: 36191657 operations; 6685.1 current ops/sec; [INSERT AverageLatency(us)=11.85] [READ AverageLatency(us)=5982.49] 
2014-07-27 23:13:51:014 3760 sec: 36260018 operations; 6835.42 current ops/sec; [INSERT AverageLatency(us)=12.19] [READ AverageLatency(us)=5817.24] 
2014-07-27 23:14:01:014 3770 sec: 36327553 operations; 6753.5 current ops/sec; [INSERT AverageLatency(us)=12.98] [READ AverageLatency(us)=5963.88] 
2014-07-27 23:14:11:015 3780 sec: 36389580 operations; 6202.08 current ops/sec; [INSERT AverageLatency(us)=11.19] [READ AverageLatency(us)=6432.85] 
2014-07-27 23:14:21:015 3790 sec: 36462233 operations; 7265.3 current ops/sec; [INSERT AverageLatency(us)=11.56] [READ AverageLatency(us)=5492.58] 
2014-07-27 23:14:31:016 3800 sec: 36529538 operations; 6729.83 current ops/sec; [INSERT AverageLatency(us)=15.14] [READ AverageLatency(us)=5912.26] 
2014-07-27 23:14:41:016 3810 sec: 36600918 operations; 7138 current ops/sec; [INSERT AverageLatency(us)=12.21] [READ AverageLatency(us)=5625.78] 
2014-07-27 23:14:51:017 3820 sec: 36674859 operations; 7393.36 current ops/sec; [INSERT AverageLatency(us)=10.64] [READ AverageLatency(us)=5382.11] 
2014-07-27 23:15:01:017 3830 sec: 36744207 operations; 6934.8 current ops/sec; [INSERT AverageLatency(us)=11.94] [READ AverageLatency(us)=5772.94] 
2014-07-27 23:15:11:017 3840 sec: 36818183 operations; 7397.6 current ops/sec; [INSERT AverageLatency(us)=10.75] [READ AverageLatency(us)=5390.6] 
2014-07-27 23:15:21:018 3850 sec: 36893193 operations; 7500.25 current ops/sec; [INSERT AverageLatency(us)=11.11] [READ AverageLatency(us)=5284.23] 
2014-07-27 23:15:31:018 3860 sec: 36969590 operations; 7639.7 current ops/sec; [INSERT AverageLatency(us)=11.55] [READ AverageLatency(us)=5245.15] 
2014-07-27 23:15:41:019 3870 sec: 37043170 operations; 7357.26 current ops/sec; [INSERT AverageLatency(us)=10.63] [READ AverageLatency(us)=5430.48] 
2014-07-27 23:15:51:019 3880 sec: 37110707 operations; 6753.7 current ops/sec; [INSERT AverageLatency(us)=15.03] [READ AverageLatency(us)=5879.46] 
2014-07-27 23:16:01:020 3890 sec: 37182687 operations; 7197.28 current ops/sec; [INSERT AverageLatency(us)=12.28] [READ AverageLatency(us)=5518.96] 
2014-07-27 23:16:11:020 3900 sec: 37256623 operations; 7393.6 current ops/sec; [INSERT AverageLatency(us)=10.37] [READ AverageLatency(us)=5399.48] 
2014-07-27 23:16:21:021 3910 sec: 37327134 operations; 7050.39 current ops/sec; [INSERT AverageLatency(us)=12.61] [READ AverageLatency(us)=5646.71] 
2014-07-27 23:16:31:021 3920 sec: 37403953 operations; 7681.9 current ops/sec; [INSERT AverageLatency(us)=10.37] [READ AverageLatency(us)=5190.26] 
2014-07-27 23:16:41:021 3930 sec: 37473442 operations; 6948.9 current ops/sec; [INSERT AverageLatency(us)=10.67] [READ AverageLatency(us)=5462.15] 
2014-07-27 23:16:51:022 3940 sec: 37473442 operations; 0 current ops/sec;   
2014-07-27 23:17:01:022 3950 sec: 37535999 operations; 6255.7 current ops/sec; [INSERT AverageLatency(us)=11.78] [READ AverageLatency(us)=13021.3] 
2014-07-27 23:17:11:023 3960 sec: 37607103 operations; 7109.69 current ops/sec; [INSERT AverageLatency(us)=10.57] [READ AverageLatency(us)=5567.1] 
2014-07-27 23:17:21:023 3970 sec: 37668129 operations; 6102.6 current ops/sec; [INSERT AverageLatency(us)=10.88] [READ AverageLatency(us)=6561.74] 
2014-07-27 23:17:31:024 3980 sec: 37738537 operations; 7040.1 current ops/sec; [INSERT AverageLatency(us)=10.76] [READ AverageLatency(us)=5643.32] 
2014-07-27 23:17:41:024 3990 sec: 37814645 operations; 7610.8 current ops/sec; [INSERT AverageLatency(us)=10.41] [READ AverageLatency(us)=5222.19] 
2014-07-27 23:17:51:025 4000 sec: 37876605 operations; 6196 current ops/sec; [INSERT AverageLatency(us)=11.05] [READ AverageLatency(us)=6394.57] 
2014-07-27 23:18:01:025 4010 sec: 37944393 operations; 6778.12 current ops/sec; [INSERT AverageLatency(us)=12.52] [READ AverageLatency(us)=5748.57] 
2014-07-27 23:18:11:025 4020 sec: 38010043 operations; 6565 current ops/sec; [INSERT AverageLatency(us)=11.53] [READ AverageLatency(us)=6115.88] 
2014-07-27 23:18:21:026 4030 sec: 38071678 operations; 6162.88 current ops/sec; [INSERT AverageLatency(us)=11.1] [READ AverageLatency(us)=6524.77] 
2014-07-27 23:18:31:026 4040 sec: 38141706 operations; 7002.8 current ops/sec; [INSERT AverageLatency(us)=11.33] [READ AverageLatency(us)=5690.19] 
2014-07-27 23:18:41:027 4050 sec: 38216675 operations; 7496.15 current ops/sec; [INSERT AverageLatency(us)=11.17] [READ AverageLatency(us)=5241.11] 
2014-07-27 23:18:51:027 4060 sec: 38290952 operations; 7427.7 current ops/sec; [INSERT AverageLatency(us)=10.56] [READ AverageLatency(us)=5445.14] 
2014-07-27 23:19:01:028 4070 sec: 38365547 operations; 7458.75 current ops/sec; [INSERT AverageLatency(us)=11.12] [READ AverageLatency(us)=5323.8] 
2014-07-27 23:19:11:028 4080 sec: 38435167 operations; 6962 current ops/sec; [INSERT AverageLatency(us)=11.54] [READ AverageLatency(us)=5732.97] 
2014-07-27 23:19:21:029 4090 sec: 38508031 operations; 7285.67 current ops/sec; [INSERT AverageLatency(us)=11.65] [READ AverageLatency(us)=5415.55] 
2014-07-27 23:19:31:029 4100 sec: 38578328 operations; 7029.7 current ops/sec; [INSERT AverageLatency(us)=15.2] [READ AverageLatency(us)=5734.97] 
2014-07-27 23:19:41:029 4110 sec: 38649712 operations; 7138.4 current ops/sec; [INSERT AverageLatency(us)=10.79] [READ AverageLatency(us)=5587.52] 
2014-07-27 23:19:51:030 4120 sec: 38726100 operations; 7638.04 current ops/sec; [INSERT AverageLatency(us)=12.03] [READ AverageLatency(us)=5205.62] 
2014-07-27 23:20:01:030 4130 sec: 38791666 operations; 6556.6 current ops/sec; [INSERT AverageLatency(us)=11.43] [READ AverageLatency(us)=6076.53] 
2014-07-27 23:20:11:031 4140 sec: 38867544 operations; 7587.04 current ops/sec; [INSERT AverageLatency(us)=11.89] [READ AverageLatency(us)=5175] 
2014-07-27 23:20:21:031 4150 sec: 38938681 operations; 7113.7 current ops/sec; [INSERT AverageLatency(us)=10.85] [READ AverageLatency(us)=5656.67] 
2014-07-27 23:20:31:032 4160 sec: 38973346 operations; 3466.15 current ops/sec; [INSERT AverageLatency(us)=12.93] [READ AverageLatency(us)=5856.33] 
2014-07-27 23:20:41:032 4170 sec: 38973346 operations; 0 current ops/sec;   
2014-07-27 23:20:51:033 4180 sec: 38973346 operations; 0 current ops/sec;   
2014-07-27 23:21:01:033 4190 sec: 39006523 operations; 3317.7 current ops/sec; [INSERT AverageLatency(us)=11.31] [READ AverageLatency(us)=42132.67] 
2014-07-27 23:21:11:043 4200 sec: 39078753 operations; 7215.78 current ops/sec; [INSERT AverageLatency(us)=11.61] [READ AverageLatency(us)=5474.17] 
2014-07-27 23:21:21:043 4210 sec: 39145613 operations; 6686 current ops/sec; [INSERT AverageLatency(us)=11.15] [READ AverageLatency(us)=5997.36] 
2014-07-27 23:21:31:044 4220 sec: 39212444 operations; 6682.43 current ops/sec; [INSERT AverageLatency(us)=14.03] [READ AverageLatency(us)=5949.99] 
2014-07-27 23:21:41:044 4230 sec: 39283654 operations; 7121 current ops/sec; [INSERT AverageLatency(us)=13.39] [READ AverageLatency(us)=5599.43] 
2014-07-27 23:21:51:044 4240 sec: 39351090 operations; 6743.6 current ops/sec; [INSERT AverageLatency(us)=11.63] [READ AverageLatency(us)=5945.56] 
2014-07-27 23:22:01:045 4250 sec: 39422298 operations; 7120.09 current ops/sec; [INSERT AverageLatency(us)=10.92] [READ AverageLatency(us)=5626.78] 
2014-07-27 23:22:11:045 4260 sec: 39492146 operations; 6984.8 current ops/sec; [INSERT AverageLatency(us)=11.36] [READ AverageLatency(us)=5691.54] 
2014-07-27 23:22:21:046 4270 sec: 39559999 operations; 6784.62 current ops/sec; [INSERT AverageLatency(us)=11.35] [READ AverageLatency(us)=5860.3] 
2014-07-27 23:22:31:046 4280 sec: 39631451 operations; 7145.2 current ops/sec; [INSERT AverageLatency(us)=11.59] [READ AverageLatency(us)=5588.45] 
2014-07-27 23:22:41:047 4290 sec: 39707087 operations; 7562.84 current ops/sec; [INSERT AverageLatency(us)=11.39] [READ AverageLatency(us)=5258.48] 
2014-07-27 23:22:51:047 4300 sec: 39777568 operations; 7048.1 current ops/sec; [INSERT AverageLatency(us)=11.87] [READ AverageLatency(us)=5671.18] 
2014-07-27 23:23:01:048 4310 sec: 39851830 operations; 7426.2 current ops/sec; [INSERT AverageLatency(us)=10.33] [READ AverageLatency(us)=5401.16] 
2014-07-27 23:23:11:048 4320 sec: 39918637 operations; 6680.03 current ops/sec; [INSERT AverageLatency(us)=10.76] [READ AverageLatency(us)=5959.7] 
2014-07-27 23:23:21:048 4330 sec: 39990826 operations; 7218.9 current ops/sec; [INSERT AverageLatency(us)=11.22] [READ AverageLatency(us)=5533.29] 
2014-07-27 23:23:31:049 4340 sec: 40057298 operations; 6646.54 current ops/sec; [INSERT AverageLatency(us)=10.5] [READ AverageLatency(us)=5953.03] 
2014-07-27 23:23:41:049 4350 sec: 40123231 operations; 6593.3 current ops/sec; [INSERT AverageLatency(us)=11.03] [READ AverageLatency(us)=6008.96] 
2014-07-27 23:23:51:050 4360 sec: 40192146 operations; 6890.81 current ops/sec; [INSERT AverageLatency(us)=10.56] [READ AverageLatency(us)=5786.09] 
2014-07-27 23:24:01:050 4370 sec: 40255022 operations; 6287.6 current ops/sec; [INSERT AverageLatency(us)=12.05] [READ AverageLatency(us)=6319.95] 
2014-07-27 23:24:11:051 4380 sec: 40320688 operations; 6565.94 current ops/sec; [INSERT AverageLatency(us)=11.42] [READ AverageLatency(us)=6041.62] 
2014-07-27 23:24:21:051 4390 sec: 40389741 operations; 6905.3 current ops/sec; [INSERT AverageLatency(us)=11.06] [READ AverageLatency(us)=5730.18] 
2014-07-27 23:24:31:051 4400 sec: 40458189 operations; 6844.8 current ops/sec; [INSERT AverageLatency(us)=10.41] [READ AverageLatency(us)=5828.16] 
2014-07-27 23:24:41:052 4410 sec: 40519160 operations; 6096.49 current ops/sec; [INSERT AverageLatency(us)=11.13] [READ AverageLatency(us)=6566.94] 
2014-07-27 23:24:51:052 4420 sec: 40589593 operations; 7043.3 current ops/sec; [INSERT AverageLatency(us)=11.17] [READ AverageLatency(us)=5651.39] 
2014-07-27 23:25:01:053 4430 sec: 40654880 operations; 6528.05 current ops/sec; [INSERT AverageLatency(us)=11.25] [READ AverageLatency(us)=6027.7] 
2014-07-27 23:25:11:053 4440 sec: 40717180 operations; 6230 current ops/sec; [INSERT AverageLatency(us)=10.81] [READ AverageLatency(us)=6524.72] 
2014-07-27 23:25:21:054 4450 sec: 40781886 operations; 6469.95 current ops/sec; [INSERT AverageLatency(us)=11.53] [READ AverageLatency(us)=6151.91] 
2014-07-27 23:25:31:054 4460 sec: 40845607 operations; 6372.1 current ops/sec; [INSERT AverageLatency(us)=11.47] [READ AverageLatency(us)=6260.73] 
2014-07-27 23:25:41:055 4470 sec: 40908304 operations; 6269.07 current ops/sec; [INSERT AverageLatency(us)=12.92] [READ AverageLatency(us)=6357.07] 
2014-07-27 23:25:51:055 4480 sec: 40973849 operations; 6554.5 current ops/sec; [INSERT AverageLatency(us)=11.01] [READ AverageLatency(us)=6083.98] 
2014-07-27 23:26:01:055 4490 sec: 41038235 operations; 6438.6 current ops/sec; [INSERT AverageLatency(us)=11.91] [READ AverageLatency(us)=6201.22] 
2014-07-27 23:26:11:056 4500 sec: 41101229 operations; 6298.77 current ops/sec; [INSERT AverageLatency(us)=11.22] [READ AverageLatency(us)=6299.71] 
2014-07-27 23:26:21:056 4510 sec: 41169071 operations; 6784.2 current ops/sec; [INSERT AverageLatency(us)=12.1] [READ AverageLatency(us)=5831.82] 
2014-07-27 23:26:31:057 4520 sec: 41230826 operations; 6174.88 current ops/sec; [INSERT AverageLatency(us)=10.67] [READ AverageLatency(us)=6478.3] 
2014-07-27 23:26:41:057 4530 sec: 41296679 operations; 6585.3 current ops/sec; [INSERT AverageLatency(us)=11.71] [READ AverageLatency(us)=6063.84] 
2014-07-27 23:26:51:058 4540 sec: 41368987 operations; 7230.08 current ops/sec; [INSERT AverageLatency(us)=11.03] [READ AverageLatency(us)=5495.6] 
2014-07-27 23:27:01:058 4550 sec: 41434335 operations; 6534.8 current ops/sec; [INSERT AverageLatency(us)=10.59] [READ AverageLatency(us)=6050.38] 
2014-07-27 23:27:11:059 4560 sec: 41504436 operations; 7010.1 current ops/sec; [INSERT AverageLatency(us)=10.73] [READ AverageLatency(us)=5703.59] 
2014-07-27 23:27:21:059 4570 sec: 41575649 operations; 7120.59 current ops/sec; [INSERT AverageLatency(us)=12.17] [READ AverageLatency(us)=5613.71] 
2014-07-27 23:27:31:059 4580 sec: 41637689 operations; 6204 current ops/sec; [INSERT AverageLatency(us)=10.91] [READ AverageLatency(us)=6415.47] 
2014-07-27 23:27:41:060 4590 sec: 41705396 operations; 6770.02 current ops/sec; [INSERT AverageLatency(us)=11.34] [READ AverageLatency(us)=5937.38] 
2014-07-27 23:27:51:060 4600 sec: 41776295 operations; 7089.9 current ops/sec; [INSERT AverageLatency(us)=10.65] [READ AverageLatency(us)=5636.51] 
2014-07-27 23:28:01:061 4610 sec: 41846300 operations; 6999.8 current ops/sec; [INSERT AverageLatency(us)=10.72] [READ AverageLatency(us)=5686.62] 
2014-07-27 23:28:11:061 4620 sec: 41914269 operations; 6796.9 current ops/sec; [INSERT AverageLatency(us)=12.53] [READ AverageLatency(us)=5786.45] 
2014-07-27 23:28:21:062 4630 sec: 41987218 operations; 7294.17 current ops/sec; [INSERT AverageLatency(us)=10.61] [READ AverageLatency(us)=5568.28] 
2014-07-27 23:28:31:062 4640 sec: 42014111 operations; 2689.3 current ops/sec; [INSERT AverageLatency(us)=12.63] [READ AverageLatency(us)=6217.61] 
2014-07-27 23:28:41:063 4650 sec: 42026990 operations; 1287.77 current ops/sec; [INSERT AverageLatency(us)=10.89] [READ AverageLatency(us)=48600.96] 
2014-07-27 23:28:51:063 4660 sec: 42100341 operations; 7335.1 current ops/sec; [INSERT AverageLatency(us)=15.19] [READ AverageLatency(us)=5439.96] 
2014-07-27 23:29:01:064 4670 sec: 42169408 operations; 6906.01 current ops/sec; [INSERT AverageLatency(us)=11.35] [READ AverageLatency(us)=5721.43] 
2014-07-27 23:29:11:064 4680 sec: 42235102 operations; 6569.4 current ops/sec; [INSERT AverageLatency(us)=12.32] [READ AverageLatency(us)=6120.52] 
2014-07-27 23:29:21:065 4690 sec: 42304819 operations; 6971.7 current ops/sec; [INSERT AverageLatency(us)=11.32] [READ AverageLatency(us)=5765.93] 
2014-07-27 23:29:31:065 4700 sec: 42370746 operations; 6592.04 current ops/sec; [INSERT AverageLatency(us)=12.05] [READ AverageLatency(us)=6055.24] 
2014-07-27 23:29:41:065 4710 sec: 42439518 operations; 6877.2 current ops/sec; [INSERT AverageLatency(us)=11.75] [READ AverageLatency(us)=5788.64] 
2014-07-27 23:29:51:066 4720 sec: 42503426 operations; 6390.16 current ops/sec; [INSERT AverageLatency(us)=11.11] [READ AverageLatency(us)=6248.87] 
2014-07-27 23:30:01:066 4730 sec: 42568206 operations; 6478 current ops/sec; [INSERT AverageLatency(us)=11.79] [READ AverageLatency(us)=6119.12] 
2014-07-27 23:30:11:067 4740 sec: 42636659 operations; 6844.62 current ops/sec; [INSERT AverageLatency(us)=11.51] [READ AverageLatency(us)=5812.35] 
2014-07-27 23:30:21:067 4750 sec: 42701308 operations; 6464.9 current ops/sec; [INSERT AverageLatency(us)=12.31] [READ AverageLatency(us)=6153.14] 
2014-07-27 23:30:31:068 4760 sec: 42761408 operations; 6009.4 current ops/sec; [INSERT AverageLatency(us)=11.51] [READ AverageLatency(us)=6654.81] 
2014-07-27 23:30:41:068 4770 sec: 42825802 operations; 6439.4 current ops/sec; [INSERT AverageLatency(us)=10.49] [READ AverageLatency(us)=6238.55] 
2014-07-27 23:30:51:068 4780 sec: 42892735 operations; 6693.3 current ops/sec; [INSERT AverageLatency(us)=10.43] [READ AverageLatency(us)=5952.62] 
2014-07-27 23:31:01:069 4790 sec: 42957842 operations; 6510.05 current ops/sec; [INSERT AverageLatency(us)=12.06] [READ AverageLatency(us)=6139.09] 
2014-07-27 23:31:11:069 4800 sec: 43027882 operations; 7004 current ops/sec; [INSERT AverageLatency(us)=11.26] [READ AverageLatency(us)=5681.19] 
2014-07-27 23:31:21:070 4810 sec: 43093768 operations; 6587.94 current ops/sec; [INSERT AverageLatency(us)=10.59] [READ AverageLatency(us)=6049.23] 
2014-07-27 23:31:31:070 4820 sec: 43159404 operations; 6563.6 current ops/sec; [INSERT AverageLatency(us)=10.89] [READ AverageLatency(us)=6059.12] 
2014-07-27 23:31:41:071 4830 sec: 43224414 operations; 6500.35 current ops/sec; [INSERT AverageLatency(us)=10.98] [READ AverageLatency(us)=6135.53] 
2014-07-27 23:31:51:071 4840 sec: 43284420 operations; 6000.6 current ops/sec; [INSERT AverageLatency(us)=16.96] [READ AverageLatency(us)=6663.19] 
2014-07-27 23:32:01:072 4850 sec: 43349263 operations; 6483.65 current ops/sec; [INSERT AverageLatency(us)=11.96] [READ AverageLatency(us)=6120.41] 
2014-07-27 23:32:11:072 4860 sec: 43420632 operations; 7136.9 current ops/sec; [INSERT AverageLatency(us)=11.02] [READ AverageLatency(us)=5595.58] 
2014-07-27 23:32:21:072 4870 sec: 43479627 operations; 5899.5 current ops/sec; [INSERT AverageLatency(us)=11.75] [READ AverageLatency(us)=6795.29] 
2014-07-27 23:32:31:073 4880 sec: 43524679 operations; 4504.75 current ops/sec; [INSERT AverageLatency(us)=11.69] [READ AverageLatency(us)=5957.38] 
2014-07-27 23:32:41:073 4890 sec: 43534806 operations; 1012.7 current ops/sec; [INSERT AverageLatency(us)=13.79] [READ AverageLatency(us)=51650.41] 
2014-07-27 23:32:51:074 4900 sec: 43597939 operations; 6312.67 current ops/sec; [INSERT AverageLatency(us)=11.88] [READ AverageLatency(us)=6315.31] 
2014-07-27 23:33:01:074 4910 sec: 43658806 operations; 6086.7 current ops/sec; [INSERT AverageLatency(us)=15.97] [READ AverageLatency(us)=6452.31] 
2014-07-27 23:33:11:075 4920 sec: 43719717 operations; 6090.49 current ops/sec; [INSERT AverageLatency(us)=11.97] [READ AverageLatency(us)=6547.42] 
2014-07-27 23:33:21:075 4930 sec: 43786628 operations; 6691.1 current ops/sec; [INSERT AverageLatency(us)=11.18] [READ AverageLatency(us)=5999.65] 
2014-07-27 23:33:31:076 4940 sec: 43850948 operations; 6431.36 current ops/sec; [INSERT AverageLatency(us)=11.83] [READ AverageLatency(us)=6188.82] 
2014-07-27 23:33:41:076 4950 sec: 43912322 operations; 6137.4 current ops/sec; [INSERT AverageLatency(us)=11.21] [READ AverageLatency(us)=6506.49] 
2014-07-27 23:33:51:077 4960 sec: 43978766 operations; 6643.74 current ops/sec; [INSERT AverageLatency(us)=12.24] [READ AverageLatency(us)=6006.83] 
2014-07-27 23:34:01:077 4970 sec: 44045564 operations; 6679.8 current ops/sec; [INSERT AverageLatency(us)=15.7] [READ AverageLatency(us)=5962.12] 
2014-07-27 23:34:11:077 4980 sec: 44108548 operations; 6298.4 current ops/sec; [INSERT AverageLatency(us)=11.9] [READ AverageLatency(us)=6373.37] 
2014-07-27 23:34:21:078 4990 sec: 44174618 operations; 6606.34 current ops/sec; [INSERT AverageLatency(us)=11.36] [READ AverageLatency(us)=6007.49] 
2014-07-27 23:34:31:078 5000 sec: 44236751 operations; 6213.3 current ops/sec; [INSERT AverageLatency(us)=11.37] [READ AverageLatency(us)=6408.87] 
2014-07-27 23:34:41:079 5010 sec: 44303169 operations; 6641.14 current ops/sec; [INSERT AverageLatency(us)=11.11] [READ AverageLatency(us)=5984.14] 
2014-07-27 23:34:51:079 5020 sec: 44365810 operations; 6264.1 current ops/sec; [INSERT AverageLatency(us)=11.14] [READ AverageLatency(us)=6411.18] 
2014-07-27 23:35:01:080 5030 sec: 44429189 operations; 6337.27 current ops/sec; [INSERT AverageLatency(us)=12] [READ AverageLatency(us)=6288.06] 
2014-07-27 23:35:11:080 5040 sec: 44495856 operations; 6666.7 current ops/sec; [INSERT AverageLatency(us)=12.2] [READ AverageLatency(us)=6041.4] 
2014-07-27 23:35:21:081 5050 sec: 44563898 operations; 6803.52 current ops/sec; [INSERT AverageLatency(us)=12.19] [READ AverageLatency(us)=5834.96] 
2014-07-27 23:35:31:081 5060 sec: 44624668 operations; 6077 current ops/sec; [INSERT AverageLatency(us)=12.41] [READ AverageLatency(us)=6394.05] 
2014-07-27 23:35:41:082 5070 sec: 44687297 operations; 6262.27 current ops/sec; [INSERT AverageLatency(us)=11.58] [READ AverageLatency(us)=6523.8] 
2014-07-27 23:35:51:082 5080 sec: 44752446 operations; 6514.9 current ops/sec; [INSERT AverageLatency(us)=11.4] [READ AverageLatency(us)=6099.21] 
2014-07-27 23:36:01:083 5090 sec: 44815203 operations; 6275.07 current ops/sec; [INSERT AverageLatency(us)=11.64] [READ AverageLatency(us)=6339.3] 
2014-07-27 23:36:11:083 5100 sec: 44880571 operations; 6536.8 current ops/sec; [INSERT AverageLatency(us)=12.02] [READ AverageLatency(us)=6122.56] 
2014-07-27 23:36:21:083 5110 sec: 44948701 operations; 6813 current ops/sec; [INSERT AverageLatency(us)=12.26] [READ AverageLatency(us)=5847.56] 
2014-07-27 23:36:31:084 5120 sec: 45014829 operations; 6612.14 current ops/sec; [INSERT AverageLatency(us)=12.63] [READ AverageLatency(us)=5974.18] 
2014-07-27 23:36:41:084 5130 sec: 45029604 operations; 1477.5 current ops/sec; [INSERT AverageLatency(us)=10.68] [READ AverageLatency(us)=5741.17] 
2014-07-27 23:36:51:085 5140 sec: 45050072 operations; 2046.6 current ops/sec; [INSERT AverageLatency(us)=12.47] [READ AverageLatency(us)=35289.11] 
2014-07-27 23:37:01:085 5150 sec: 45116071 operations; 6599.9 current ops/sec; [INSERT AverageLatency(us)=11.76] [READ AverageLatency(us)=6018.06] 
2014-07-27 23:37:11:086 5160 sec: 45178467 operations; 6238.98 current ops/sec; [INSERT AverageLatency(us)=11.06] [READ AverageLatency(us)=6447.76] 
2014-07-27 23:37:21:086 5170 sec: 45241835 operations; 6336.8 current ops/sec; [INSERT AverageLatency(us)=11.43] [READ AverageLatency(us)=6316.69] 
2014-07-27 23:37:31:087 5180 sec: 45305708 operations; 6386.66 current ops/sec; [INSERT AverageLatency(us)=13.03] [READ AverageLatency(us)=6171.52] 
2014-07-27 23:37:41:087 5190 sec: 45364608 operations; 5890 current ops/sec; [INSERT AverageLatency(us)=11.68] [READ AverageLatency(us)=6817.15] 
2014-07-27 23:37:51:088 5200 sec: 45423077 operations; 5846.32 current ops/sec; [INSERT AverageLatency(us)=12.12] [READ AverageLatency(us)=6801.8] 
2014-07-27 23:38:01:088 5210 sec: 45481870 operations; 5879.3 current ops/sec; [INSERT AverageLatency(us)=12.5] [READ AverageLatency(us)=6745.15] 
2014-07-27 23:38:11:089 5220 sec: 45548232 operations; 6635.54 current ops/sec; [INSERT AverageLatency(us)=12.19] [READ AverageLatency(us)=6026.77] 
2014-07-27 23:38:21:089 5230 sec: 45610329 operations; 6209.7 current ops/sec; [INSERT AverageLatency(us)=11.49] [READ AverageLatency(us)=6436.24] 
2014-07-27 23:38:31:090 5240 sec: 45676845 operations; 6650.93 current ops/sec; [INSERT AverageLatency(us)=11.59] [READ AverageLatency(us)=5971.47] 
2014-07-27 23:38:41:090 5250 sec: 45733570 operations; 5672.5 current ops/sec; [INSERT AverageLatency(us)=16.28] [READ AverageLatency(us)=6955.89] 
2014-07-27 23:38:51:091 5260 sec: 45795538 operations; 6196.8 current ops/sec; [INSERT AverageLatency(us)=11.64] [READ AverageLatency(us)=6409.34] 
2014-07-27 23:39:01:091 5270 sec: 45859461 operations; 6391.66 current ops/sec; [INSERT AverageLatency(us)=11.22] [READ AverageLatency(us)=6205.67] 
2014-07-27 23:39:11:092 5280 sec: 45923173 operations; 6370.56 current ops/sec; [INSERT AverageLatency(us)=10.6] [READ AverageLatency(us)=6280.26] 
2014-07-27 23:39:21:092 5290 sec: 45986499 operations; 6332.6 current ops/sec; [INSERT AverageLatency(us)=11.63] [READ AverageLatency(us)=6282.09] 
2014-07-27 23:39:31:093 5300 sec: 46048609 operations; 6211 current ops/sec; [INSERT AverageLatency(us)=12.13] [READ AverageLatency(us)=6369.64] 
2014-07-27 23:39:41:093 5310 sec: 46108426 operations; 5981.1 current ops/sec; [INSERT AverageLatency(us)=11.47] [READ AverageLatency(us)=6696.5] 
2014-07-27 23:39:51:093 5320 sec: 46167766 operations; 5934 current ops/sec; [INSERT AverageLatency(us)=11.49] [READ AverageLatency(us)=6701.99] 
2014-07-27 23:40:01:094 5330 sec: 46233498 operations; 6572.54 current ops/sec; [INSERT AverageLatency(us)=12.75] [READ AverageLatency(us)=6078.4] 
2014-07-27 23:40:11:094 5340 sec: 46294850 operations; 6135.2 current ops/sec; [INSERT AverageLatency(us)=10.93] [READ AverageLatency(us)=6478.26] 
2014-07-27 23:40:21:095 5350 sec: 46358552 operations; 6369.56 current ops/sec; [INSERT AverageLatency(us)=12.14] [READ AverageLatency(us)=6288.73] 
2014-07-27 23:40:31:095 5360 sec: 46413986 operations; 5543.4 current ops/sec; [INSERT AverageLatency(us)=15.29] [READ AverageLatency(us)=5883.82] 
2014-07-27 23:40:41:096 5370 sec: 46413986 operations; 0 current ops/sec;   
2014-07-27 23:40:51:096 5380 sec: 46456227 operations; 4224.1 current ops/sec; [INSERT AverageLatency(us)=13.4] [READ AverageLatency(us)=20678.86] 
2014-07-27 23:41:01:097 5390 sec: 46513228 operations; 5699.53 current ops/sec; [INSERT AverageLatency(us)=12.19] [READ AverageLatency(us)=6948.44] 
2014-07-27 23:41:11:097 5400 sec: 46568517 operations; 5528.9 current ops/sec; [INSERT AverageLatency(us)=12.67] [READ AverageLatency(us)=7301.18] 
2014-07-27 23:41:21:098 5410 sec: 46639744 operations; 7121.99 current ops/sec; [INSERT AverageLatency(us)=11.45] [READ AverageLatency(us)=5581.98] 
2014-07-27 23:41:31:098 5420 sec: 46704440 operations; 6469.6 current ops/sec; [INSERT AverageLatency(us)=11.1] [READ AverageLatency(us)=6205.28] 
2014-07-27 23:41:41:099 5430 sec: 46763692 operations; 5924.61 current ops/sec; [INSERT AverageLatency(us)=11.89] [READ AverageLatency(us)=6703.26] 
2014-07-27 23:41:51:099 5440 sec: 46825663 operations; 6197.1 current ops/sec; [INSERT AverageLatency(us)=11.24] [READ AverageLatency(us)=6424.29] 
2014-07-27 23:42:01:100 5450 sec: 46880640 operations; 5497.15 current ops/sec; [INSERT AverageLatency(us)=12.19] [READ AverageLatency(us)=7253.16] 
2014-07-27 23:42:11:100 5460 sec: 46938974 operations; 5833.4 current ops/sec; [INSERT AverageLatency(us)=11.4] [READ AverageLatency(us)=6861.57] 
2014-07-27 23:42:21:100 5470 sec: 47006686 operations; 6771.2 current ops/sec; [INSERT AverageLatency(us)=11.53] [READ AverageLatency(us)=5844.14] 
2014-07-27 23:42:31:101 5480 sec: 47066672 operations; 5998 current ops/sec; [INSERT AverageLatency(us)=10.95] [READ AverageLatency(us)=6609.7] 
2014-07-27 23:42:41:101 5490 sec: 47127572 operations; 6090 current ops/sec; [INSERT AverageLatency(us)=10.84] [READ AverageLatency(us)=6669.19] 
2014-07-27 23:42:51:102 5500 sec: 47191524 operations; 6394.56 current ops/sec; [INSERT AverageLatency(us)=11.76] [READ AverageLatency(us)=6233.1] 
2014-07-27 23:43:01:102 5510 sec: 47250996 operations; 5947.2 current ops/sec; [INSERT AverageLatency(us)=12.7] [READ AverageLatency(us)=6731.9] 
2014-07-27 23:43:11:103 5520 sec: 47306370 operations; 5536.85 current ops/sec; [INSERT AverageLatency(us)=10.76] [READ AverageLatency(us)=7172.22] 
2014-07-27 23:43:21:103 5530 sec: 47369851 operations; 6348.1 current ops/sec; [INSERT AverageLatency(us)=11.3] [READ AverageLatency(us)=6346.17] 
2014-07-27 23:43:31:104 5540 sec: 47427973 operations; 5811.62 current ops/sec; [INSERT AverageLatency(us)=11.81] [READ AverageLatency(us)=6864.66] 
2014-07-27 23:43:41:104 5550 sec: 47492437 operations; 6446.4 current ops/sec; [INSERT AverageLatency(us)=11.5] [READ AverageLatency(us)=6180.02] 
2014-07-27 23:43:51:105 5560 sec: 47553363 operations; 6091.99 current ops/sec; [INSERT AverageLatency(us)=11.58] [READ AverageLatency(us)=6479.3] 
2014-07-27 23:44:01:105 5570 sec: 47618740 operations; 6537.7 current ops/sec; [INSERT AverageLatency(us)=11.36] [READ AverageLatency(us)=6149.35] 
2014-07-27 23:44:11:105 5580 sec: 47678193 operations; 5945.3 current ops/sec; [INSERT AverageLatency(us)=11.87] [READ AverageLatency(us)=6698.23] 
2014-07-27 23:44:21:106 5590 sec: 47744457 operations; 6625.74 current ops/sec; [INSERT AverageLatency(us)=11.56] [READ AverageLatency(us)=6013.74] 
2014-07-27 23:44:31:106 5600 sec: 47808351 operations; 6389.4 current ops/sec; [INSERT AverageLatency(us)=12.3] [READ AverageLatency(us)=6242.79] 
2014-07-27 23:44:41:107 5610 sec: 47867588 operations; 5923.11 current ops/sec; [INSERT AverageLatency(us)=10.83] [READ AverageLatency(us)=6717.11] 
2014-07-27 23:44:51:107 5620 sec: 47930313 operations; 6272.5 current ops/sec; [INSERT AverageLatency(us)=11.94] [READ AverageLatency(us)=6378.54] 
2014-07-27 23:45:01:108 5630 sec: 47993982 operations; 6366.26 current ops/sec; [INSERT AverageLatency(us)=11.75] [READ AverageLatency(us)=6270.55] 
2014-07-27 23:45:11:108 5640 sec: 48054572 operations; 6059 current ops/sec; [INSERT AverageLatency(us)=11.81] [READ AverageLatency(us)=6594.16] 
2014-07-27 23:45:21:109 5650 sec: 48061836 operations; 726.33 current ops/sec; [INSERT AverageLatency(us)=10.15] [READ AverageLatency(us)=4924.19] 
2014-07-27 23:45:31:109 5660 sec: 48097229 operations; 3539.3 current ops/sec; [INSERT AverageLatency(us)=12.11] [READ AverageLatency(us)=21563.37] 
2014-07-27 23:45:41:110 5670 sec: 48160034 operations; 6279.87 current ops/sec; [INSERT AverageLatency(us)=11.4] [READ AverageLatency(us)=6344.54] 
2014-07-27 23:45:51:110 5680 sec: 48219643 operations; 5960.9 current ops/sec; [INSERT AverageLatency(us)=13.11] [READ AverageLatency(us)=6682.72] 
2014-07-27 23:46:01:111 5690 sec: 48281639 operations; 6198.98 current ops/sec; [INSERT AverageLatency(us)=11.91] [READ AverageLatency(us)=6456.9] 
2014-07-27 23:46:11:111 5700 sec: 48339600 operations; 5796.1 current ops/sec; [INSERT AverageLatency(us)=12.66] [READ AverageLatency(us)=6901.55] 
2014-07-27 23:46:21:112 5710 sec: 48399686 operations; 6008 current ops/sec; [INSERT AverageLatency(us)=11.9] [READ AverageLatency(us)=6536.41] 
2014-07-27 23:46:31:112 5720 sec: 48460240 operations; 6055.4 current ops/sec; [INSERT AverageLatency(us)=10.77] [READ AverageLatency(us)=6678.7] 
2014-07-27 23:46:41:113 5730 sec: 48524317 operations; 6407.06 current ops/sec; [INSERT AverageLatency(us)=11.75] [READ AverageLatency(us)=6223.86] 
2014-07-27 23:46:51:113 5740 sec: 48587534 operations; 6321.7 current ops/sec; [INSERT AverageLatency(us)=11.05] [READ AverageLatency(us)=6321.29] 
2014-07-27 23:47:01:113 5750 sec: 48646481 operations; 5894.7 current ops/sec; [INSERT AverageLatency(us)=12.09] [READ AverageLatency(us)=6764.1] 
2014-07-27 23:47:11:114 5760 sec: 48708673 operations; 6218.58 current ops/sec; [INSERT AverageLatency(us)=11.83] [READ AverageLatency(us)=6423.39] 
2014-07-27 23:47:21:114 5770 sec: 48769508 operations; 6083.5 current ops/sec; [INSERT AverageLatency(us)=15.85] [READ AverageLatency(us)=6540.34] 
2014-07-27 23:47:31:115 5780 sec: 48829258 operations; 5974.4 current ops/sec; [INSERT AverageLatency(us)=11.24] [READ AverageLatency(us)=6701.41] 
2014-07-27 23:47:41:115 5790 sec: 48890442 operations; 6118.4 current ops/sec; [INSERT AverageLatency(us)=11.79] [READ AverageLatency(us)=6494.04] 
2014-07-27 23:47:51:116 5800 sec: 48952276 operations; 6182.78 current ops/sec; [INSERT AverageLatency(us)=12.59] [READ AverageLatency(us)=6451.76] 
2014-07-27 23:48:01:116 5810 sec: 49010309 operations; 5803.3 current ops/sec; [INSERT AverageLatency(us)=12.93] [READ AverageLatency(us)=6869.94] 
2014-07-27 23:48:11:116 5820 sec: 49075653 operations; 6534.4 current ops/sec; [INSERT AverageLatency(us)=11.85] [READ AverageLatency(us)=6152.96] 
2014-07-27 23:48:21:117 5830 sec: 49139067 operations; 6340.77 current ops/sec; [INSERT AverageLatency(us)=11.1] [READ AverageLatency(us)=6317.36] 
2014-07-27 23:48:31:117 5840 sec: 49198526 operations; 5945.9 current ops/sec; [INSERT AverageLatency(us)=12.96] [READ AverageLatency(us)=6694.82] 
2014-07-27 23:48:41:118 5850 sec: 49263030 operations; 6449.76 current ops/sec; [INSERT AverageLatency(us)=10.67] [READ AverageLatency(us)=6240.84] 
2014-07-27 23:48:51:118 5860 sec: 49325763 operations; 6273.3 current ops/sec; [INSERT AverageLatency(us)=12.79] [READ AverageLatency(us)=6342.47] 
2014-07-27 23:49:01:140 5870 sec: 49381908 operations; 5602.18 current ops/sec; [INSERT AverageLatency(us)=16.17] [READ AverageLatency(us)=7074.87] 
2014-07-27 23:49:11:141 5880 sec: 49444172 operations; 6225.78 current ops/sec; [INSERT AverageLatency(us)=11.68] [READ AverageLatency(us)=6436.4] 
2014-07-27 23:49:21:141 5890 sec: 49505980 operations; 6180.8 current ops/sec; [INSERT AverageLatency(us)=11] [READ AverageLatency(us)=6416.05] 
2014-07-27 23:49:31:142 5900 sec: 49565528 operations; 5954.2 current ops/sec; [INSERT AverageLatency(us)=12.41] [READ AverageLatency(us)=6679.9] 
2014-07-27 23:49:41:143 5910 sec: 49625476 operations; 5994.2 current ops/sec; [INSERT AverageLatency(us)=11.66] [READ AverageLatency(us)=6616.1] 
2014-07-27 23:49:51:143 5920 sec: 49690503 operations; 6502.7 current ops/sec; [INSERT AverageLatency(us)=11.49] [READ AverageLatency(us)=6118.72] 
2014-07-27 23:50:01:144 5930 sec: 49749113 operations; 5860.41 current ops/sec; [INSERT AverageLatency(us)=11.68] [READ AverageLatency(us)=6885.52] 
2014-07-27 23:50:11:144 5940 sec: 49758477 operations; 936.4 current ops/sec; [INSERT AverageLatency(us)=9.96] [READ AverageLatency(us)=5800.87] 
2014-07-27 23:50:21:145 5950 sec: 49793542 operations; 3506.15 current ops/sec; [INSERT AverageLatency(us)=12.25] [READ AverageLatency(us)=21313.67] 
2014-07-27 23:50:31:145 5960 sec: 49847525 operations; 5398.3 current ops/sec; [UPDATE AverageLatency(us)=340525.5] [INSERT AverageLatency(us)=12.06] [READ AverageLatency(us)=7168.85] [CLEANUP AverageLatency(us)=341378] 
2014-07-27 23:50:41:146 5970 sec: 49900514 operations; 5298.37 current ops/sec; [UPDATE AverageLatency(us)=165788] [INSERT AverageLatency(us)=12.59] [READ AverageLatency(us)=6448.36] [CLEANUP AverageLatency(us)=165794.5] 
2014-07-27 23:50:51:146 5980 sec: 49944252 operations; 4373.8 current ops/sec; [UPDATE AverageLatency(us)=264081] [INSERT AverageLatency(us)=11.38] [READ AverageLatency(us)=6335.15] [CLEANUP AverageLatency(us)=264088] 
2014-07-27 23:51:01:147 5990 sec: 49969585 operations; 2533.05 current ops/sec; [UPDATE AverageLatency(us)=125947] [INSERT AverageLatency(us)=11.85] [READ AverageLatency(us)=5594.09] [CLEANUP AverageLatency(us)=125953.4] 
2014-07-27 23:51:11:147 6000 sec: 49981715 operations; 1213 current ops/sec; [UPDATE AverageLatency(us)=394914.33] [INSERT AverageLatency(us)=10.89] [READ AverageLatency(us)=5627.46] [CLEANUP AverageLatency(us)=394921.33] 
2014-07-27 23:51:21:148 6010 sec: 49988701 operations; 698.53 current ops/sec;  [INSERT AverageLatency(us)=11.75] [READ AverageLatency(us)=5642.32]  
2014-07-27 23:51:31:149 6020 sec: 49995546 operations; 684.5 current ops/sec;  [INSERT AverageLatency(us)=10.58] [READ AverageLatency(us)=5850.96]  
2014-07-27 23:51:41:149 6030 sec: 49999136 operations; 358.96 current ops/sec; [UPDATE AverageLatency(us)=605730] [INSERT AverageLatency(us)=9.96] [READ AverageLatency(us)=5678.73] [CLEANUP AverageLatency(us)=605737] 
2014-07-27 23:51:43:899 6033 sec: 50000000 operations; 314.18 current ops/sec; [UPDATE AverageLatency(us)=43026] [INSERT AverageLatency(us)=19.81] [READ AverageLatency(us)=6124.39] [CLEANUP AverageLatency(us)=43032] 
+ echo 'end time:'
end time:
++ date +%s
+ echo 1406530304
1406530304
+ echo 'sleeping for 10 sec ...'
sleeping for 10 sec ...
+ sleep 10
+ false
+ false
+ let counter=1+1
+ read line
+ set +x
