++ ls caseresult/ -ltr
++ wc -l
+ filename=case168
+ mkdir caseresult/case168
+ ssh hadoop@master mkdir /home/hadoop/git/physical_design/caseresult/case168
+ RESULT_DIR=/home/hadoop/git/physical_design/caseresult/case168
+ TEN=10
+ SIXTY=60
+ SLEEP_TIME=300
+ YCSB_DIR=/home/hadoop/ycsb-0.1.4
+ number_of_operations=100000000
+ number_of_threads=20
+ number_of_records=100000000
+ output_file_suffix=.dat
+ experiment_list_file=/home/hadoop/git/physical_design/case168.list
+ clean=false
+ create=false
+ load=false
+ random_read=false
+ workloada=false
+ workloadb=false
+ workloadc=false
+ scan=false
+ all=false
+ for i in '$@'
+ '[' clean == all ']'
+ '[' clean == clean ']'
+ clean=true
+ for i in '$@'
+ '[' create == all ']'
+ '[' create == clean ']'
+ '[' create == create ']'
+ create=true
+ for i in '$@'
+ '[' workloadc == all ']'
+ '[' workloadc == clean ']'
+ '[' workloadc == create ']'
+ '[' workloadc == load ']'
+ '[' workloadc == random_read ']'
+ '[' workloadc == scan ']'
+ '[' workloadc == workloada ']'
+ '[' workloadc == workloadb ']'
+ '[' workloadc == workloadc ']'
+ workloadc=true
+ let counter=1
+ cd /home/hadoop/ycsb-0.1.4
++ pwd
+ echo /home/hadoop/ycsb-0.1.4
/home/hadoop/ycsb-0.1.4
+ read line
+ false
+ true
+ echo 'sleeping for 60 ...'
sleeping for 60 ...
+ sleep 60
+ echo 'droping usertable...'
droping usertable...
+ ssh hadoop@master /home/hadoop/hbase/bin/hbase shell /home/hadoop/git/physical_design/delete_table
0 row(s) in 2.6720 seconds

0 row(s) in 2.3170 seconds

0 row(s) in 0.0730 seconds

+ echo 'sleeping for 300 ...'
sleeping for 300 ...
+ sleep 300
+ false
+ true
+ echo 'creating usertable...'
creating usertable...
+ create_statement='create '\''usertable'\'', { NAME=>'\''family'\'', COMPRESSION=>'\''GZ'\'', CONFIGURATION =>  { '\''hbase.hregion.majorcompaction'\'' => '\''0'\'', '\''hbase.hstore.compactionThreshold'\'' => '\''100000000000000'\'', '\''hbase.server.compactchecker.interval.multiplier'\'' => '\''100000000'\'', '\''hbase.hstore.compaction.max.size'\'' => '\''128'\'' } }, SPLITS => ['\''user1'\'', '\''user2'\'', '\''user3'\'', '\''user4'\'', '\''user5'\'', '\''user6'\'', '\''user7'\'', '\''user8'\'', '\''user9'\'']'
+ echo create ''\''usertable'\'',' '{' 'NAME=>'\''family'\'',' 'COMPRESSION=>'\''GZ'\'',' CONFIGURATION '=>' '{' ''\''hbase.hregion.majorcompaction'\''' '=>' ''\''0'\'',' ''\''hbase.hstore.compactionThreshold'\''' '=>' ''\''100000000000000'\'',' ''\''hbase.server.compactchecker.interval.multiplier'\''' '=>' ''\''100000000'\'',' ''\''hbase.hstore.compaction.max.size'\''' '=>' ''\''128'\''' '}' '},' SPLITS '=>' '['\''user1'\'',' ''\''user2'\'',' ''\''user3'\'',' ''\''user4'\'',' ''\''user5'\'',' ''\''user6'\'',' ''\''user7'\'',' ''\''user8'\'',' ''\''user9'\'']'
+ echo 'exit '
+ scp /home/hadoop/git/physical_design/caseresult/case168/create_1.script hadoop@master:/home/hadoop/git/physical_design/caseresult/case168/create_1.script
+ create_table /home/hadoop/git/physical_design/caseresult/case168/create_1.script
+ echo 'creating table...'
creating table...
+ echo /home/hadoop/git/physical_design/caseresult/case168/create_1.script
/home/hadoop/git/physical_design/caseresult/case168/create_1.script
+ ssh hadoop@master /home/hadoop/hbase/bin/hbase shell /home/hadoop/git/physical_design/caseresult/case168/create_1.script
0 row(s) in 1.7110 seconds

+ echo 'sleeping for 10 sec ...'
sleeping for 10 sec ...
+ sleep 10
+ false
+ false
+ false
+ false
+ false
+ false
+ false
+ false
+ false
+ true
+ echo workloadc...
workloadc...
+ echo 'start time: '
start time: 
++ date +%s
+ echo 1405726335
1405726335
++ echo /home/hadoop/git/physical_design/caseresult/case168/workloadc_1.dat
+ ./workloadc 100000000 20 /home/hadoop/git/physical_design/caseresult/case168/workloadc_1.dat
Loading workload...
Starting test.
2014-07-18 16:32:16:221 0 sec: 0 operations; 
14/07/18 16:32:16 INFO zookeeper.ZooKeeper: Client environment:zookeeper.version=3.4.6-1569965, built on 02/20/2014 09:09 GMT
14/07/18 16:32:16 INFO zookeeper.ZooKeeper: Client environment:host.name=sceplus-vm43.almaden.ibm.com
14/07/18 16:32:16 INFO zookeeper.ZooKeeper: Client environment:java.version=1.6.0_31
14/07/18 16:32:16 INFO zookeeper.ZooKeeper: Client environment:java.vendor=Sun Microsystems Inc.
14/07/18 16:32:16 INFO zookeeper.ZooKeeper: Client environment:java.home=/usr/lib/jvm/java-6-openjdk-amd64/jre
14/07/18 16:32:16 INFO zookeeper.ZooKeeper: Client environment:java.class.path=/home/hadoop/ycsb-0.1.4/hbase-binding/lib/hbase-binding-0.1.4.jar:/home/hadoop/ycsb-0.1.4/hbase-binding/conf:/home/hadoop/ycsb-0.1.4/core/lib/core-0.1.4.jar:/home/hadoop/ycsb-0.1.4/jdbc-binding/conf
14/07/18 16:32:16 INFO zookeeper.ZooKeeper: Client environment:java.library.path=/usr/lib/jvm/java-6-openjdk-amd64/jre/lib/amd64/server:/usr/lib/jvm/java-6-openjdk-amd64/jre/lib/amd64:/usr/lib/jvm/java-6-openjdk-amd64/jre/../lib/amd64:/usr/java/packages/lib/amd64:/usr/lib/jni:/lib:/usr/lib
14/07/18 16:32:16 INFO zookeeper.ZooKeeper: Client environment:java.io.tmpdir=/tmp
14/07/18 16:32:16 INFO zookeeper.ZooKeeper: Client environment:java.compiler=<NA>
14/07/18 16:32:16 INFO zookeeper.ZooKeeper: Client environment:os.name=Linux
14/07/18 16:32:16 INFO zookeeper.ZooKeeper: Client environment:os.arch=amd64
14/07/18 16:32:16 INFO zookeeper.ZooKeeper: Client environment:os.version=3.13.0-24-generic
14/07/18 16:32:16 INFO zookeeper.ZooKeeper: Client environment:user.name=hadoop
14/07/18 16:32:16 INFO zookeeper.ZooKeeper: Client environment:user.home=/home/hadoop
14/07/18 16:32:16 INFO zookeeper.ZooKeeper: Client environment:user.dir=/home/hadoop/ycsb-0.1.4
14/07/18 16:32:16 INFO zookeeper.ZooKeeper: Initiating client connection, connectString=sceplus-vm49.almaden.ibm.com:2181,sceplus-vm48.almaden.ibm.com:2181 sessionTimeout=90000 watcher=hconnection-0x29ee65b1, quorum=sceplus-vm49.almaden.ibm.com:2181,sceplus-vm48.almaden.ibm.com:2181, baseZNode=/hbase
14/07/18 16:32:16 INFO zookeeper.ClientCnxn: Opening socket connection to server slave1/9.1.143.59:2181. Will not attempt to authenticate using SASL (unknown error)
14/07/18 16:32:16 INFO zookeeper.RecoverableZooKeeper: Process identifier=hconnection-0x29ee65b1 connecting to ZooKeeper ensemble=sceplus-vm49.almaden.ibm.com:2181,sceplus-vm48.almaden.ibm.com:2181
14/07/18 16:32:16 INFO zookeeper.ClientCnxn: Socket connection established to slave1/9.1.143.59:2181, initiating session
14/07/18 16:32:16 INFO zookeeper.ClientCnxn: Session establishment complete on server slave1/9.1.143.59:2181, sessionid = 0x1474d7ddacc000d, negotiated timeout = 90000
2014-07-18 16:32:26:222 10 sec: 200722 operations; 20070.19 current ops/sec; [INSERT AverageLatency(us)=115.07] [READ AverageLatency(us)=8572.45] 
2014-07-18 16:32:36:223 20 sec: 419494 operations; 21875.01 current ops/sec; [INSERT AverageLatency(us)=18.39] [READ AverageLatency(us)=8798.77] 
2014-07-18 16:32:46:224 30 sec: 690445 operations; 27092.39 current ops/sec; [INSERT AverageLatency(us)=14.87] [READ AverageLatency(us)=7376.92] 
2014-07-18 16:32:56:224 40 sec: 931016 operations; 24057.1 current ops/sec; [INSERT AverageLatency(us)=14.15] [READ AverageLatency(us)=8081.68] 
2014-07-18 16:33:06:225 50 sec: 1165741 operations; 23470.15 current ops/sec; [INSERT AverageLatency(us)=15.67] [READ AverageLatency(us)=8353.35] 
2014-07-18 16:33:16:226 60 sec: 1420759 operations; 25499.25 current ops/sec; [INSERT AverageLatency(us)=12.99] [READ AverageLatency(us)=7728.17] 
2014-07-18 16:33:26:226 70 sec: 1643978 operations; 22321.9 current ops/sec; [INSERT AverageLatency(us)=13.34] [READ AverageLatency(us)=8786.22] 
2014-07-18 16:33:36:227 80 sec: 1886874 operations; 24287.17 current ops/sec; [INSERT AverageLatency(us)=13.14] [READ AverageLatency(us)=8056.88] 
2014-07-18 16:33:46:228 90 sec: 2115328 operations; 22845.4 current ops/sec; [INSERT AverageLatency(us)=15.44] [READ AverageLatency(us)=8548.56] 
2014-07-18 16:33:56:228 100 sec: 2328259 operations; 21290.97 current ops/sec; [INSERT AverageLatency(us)=13.93] [READ AverageLatency(us)=9202.11] 
2014-07-18 16:34:06:229 110 sec: 2568726 operations; 24044.3 current ops/sec; [INSERT AverageLatency(us)=13.13] [READ AverageLatency(us)=8103.72] 
2014-07-18 16:34:16:229 120 sec: 2709055 operations; 14032.9 current ops/sec; [INSERT AverageLatency(us)=107.24] [READ AverageLatency(us)=5735.6] 
2014-07-18 16:34:26:230 130 sec: 2914052 operations; 20497.65 current ops/sec; [INSERT AverageLatency(us)=631.54] [READ AverageLatency(us)=9140.34] 
2014-07-18 16:34:36:230 140 sec: 3118944 operations; 20489.2 current ops/sec; [INSERT AverageLatency(us)=14.49] [READ AverageLatency(us)=9460.54] 
2014-07-18 16:34:46:231 150 sec: 3295665 operations; 17670.33 current ops/sec; [INSERT AverageLatency(us)=430.14] [READ AverageLatency(us)=6653.43] 
2014-07-18 16:34:56:231 160 sec: 3501781 operations; 20611.6 current ops/sec; [INSERT AverageLatency(us)=14.78] [READ AverageLatency(us)=8609.87] 
2014-07-18 16:35:06:232 170 sec: 3619034 operations; 11724.13 current ops/sec; [INSERT AverageLatency(us)=686.24] [READ AverageLatency(us)=13537.73] 
2014-07-18 16:35:16:233 180 sec: 3752017 operations; 13296.97 current ops/sec; [INSERT AverageLatency(us)=904.3] [READ AverageLatency(us)=5166.11] 
2014-07-18 16:35:26:233 190 sec: 3966158 operations; 21414.1 current ops/sec; [INSERT AverageLatency(us)=38.03] [READ AverageLatency(us)=7290.51] 
2014-07-18 16:35:36:234 200 sec: 4088779 operations; 12260.87 current ops/sec; [INSERT AverageLatency(us)=952.65] [READ AverageLatency(us)=12600.14] 
2014-07-18 16:35:46:234 210 sec: 4279739 operations; 19096 current ops/sec; [INSERT AverageLatency(us)=159.77] [READ AverageLatency(us)=9078.8] 
2014-07-18 16:35:56:235 220 sec: 4456356 operations; 17659.93 current ops/sec; [INSERT AverageLatency(us)=14.96] [READ AverageLatency(us)=6189.06] 
2014-07-18 16:36:06:235 230 sec: 4592612 operations; 13625.6 current ops/sec; [INSERT AverageLatency(us)=1176.34] [READ AverageLatency(us)=10437.13] 
2014-07-18 16:36:16:236 240 sec: 4801358 operations; 20872.51 current ops/sec; [INSERT AverageLatency(us)=15.58] [READ AverageLatency(us)=9219.96] 
2014-07-18 16:36:26:237 250 sec: 4967609 operations; 16625.1 current ops/sec; [INSERT AverageLatency(us)=15.53] [READ AverageLatency(us)=5720.89] 
2014-07-18 16:36:36:237 260 sec: 5087718 operations; 12009.7 current ops/sec; [INSERT AverageLatency(us)=1703.4] [READ AverageLatency(us)=10136.64] 
2014-07-18 16:36:46:238 270 sec: 5295944 operations; 20820.52 current ops/sec; [INSERT AverageLatency(us)=19.01] [READ AverageLatency(us)=9282.36] 
2014-07-18 16:36:56:238 280 sec: 5465341 operations; 16939.7 current ops/sec; [INSERT AverageLatency(us)=79.82] [READ AverageLatency(us)=6607.8] 
2014-07-18 16:37:06:260 290 sec: 5592955 operations; 12733.39 current ops/sec; [INSERT AverageLatency(us)=967.2] [READ AverageLatency(us)=13058.99] 
2014-07-18 16:37:16:261 300 sec: 5829541 operations; 23656.23 current ops/sec; [INSERT AverageLatency(us)=15.61] [READ AverageLatency(us)=8269.72] 
2014-07-18 16:37:26:261 310 sec: 5933105 operations; 10356.4 current ops/sec; [INSERT AverageLatency(us)=404.04] [READ AverageLatency(us)=3650.08] 
2014-07-18 16:37:36:262 320 sec: 6109876 operations; 17675.33 current ops/sec; [INSERT AverageLatency(us)=862.28] [READ AverageLatency(us)=10458.37] 
2014-07-18 16:37:46:263 330 sec: 6362769 operations; 25286.77 current ops/sec; [INSERT AverageLatency(us)=14.29] [READ AverageLatency(us)=7745.75] 
2014-07-18 16:37:56:263 340 sec: 6528483 operations; 16571.4 current ops/sec; [INSERT AverageLatency(us)=444.53] [READ AverageLatency(us)=6458.3] 
2014-07-18 16:38:06:337 350 sec: 6666399 operations; 13690.29 current ops/sec; [INSERT AverageLatency(us)=555.82] [READ AverageLatency(us)=11387.45] 
2014-07-18 16:38:16:958 360 sec: 6758628 operations; 8683.65 current ops/sec; [INSERT AverageLatency(us)=213.92] [READ AverageLatency(us)=3160.25] 
2014-07-18 16:38:26:958 370 sec: 6906125 operations; 14749.7 current ops/sec; [INSERT AverageLatency(us)=1425.3] [READ AverageLatency(us)=11913.71] 
2014-07-18 16:38:36:959 380 sec: 7096977 operations; 19083.29 current ops/sec; [INSERT AverageLatency(us)=13.87] [READ AverageLatency(us)=10342.37] 
2014-07-18 16:38:46:960 390 sec: 7278734 operations; 18173.88 current ops/sec; [INSERT AverageLatency(us)=44.2] [READ AverageLatency(us)=6072.74] 
2014-07-18 16:38:56:960 400 sec: 7398158 operations; 11942.4 current ops/sec; [INSERT AverageLatency(us)=1220.63] [READ AverageLatency(us)=12462.96] 
2014-07-18 16:39:06:961 410 sec: 7608130 operations; 20995.1 current ops/sec; [INSERT AverageLatency(us)=14.21] [READ AverageLatency(us)=9186.97] 
2014-07-18 16:39:16:962 420 sec: 7748225 operations; 14009.5 current ops/sec; [INSERT AverageLatency(us)=82.53] [READ AverageLatency(us)=4857.21] 
2014-07-18 16:39:26:962 430 sec: 7874652 operations; 12641.44 current ops/sec; [INSERT AverageLatency(us)=1525.89] [READ AverageLatency(us)=10844.32] 
2014-07-18 16:39:36:963 440 sec: 8084963 operations; 21029 current ops/sec; [INSERT AverageLatency(us)=13.94] [READ AverageLatency(us)=9953.06] 
2014-07-18 16:39:46:963 450 sec: 8249257 operations; 16429.4 current ops/sec; [INSERT AverageLatency(us)=12.34] [READ AverageLatency(us)=5682.42] 
2014-07-18 16:39:56:964 460 sec: 8369269 operations; 12000 current ops/sec; [INSERT AverageLatency(us)=1626.75] [READ AverageLatency(us)=10164.27] 
2014-07-18 16:40:06:964 470 sec: 8576363 operations; 20709.4 current ops/sec; [INSERT AverageLatency(us)=15.31] [READ AverageLatency(us)=9642.56] 
2014-07-18 16:40:16:965 480 sec: 8750611 operations; 17423.06 current ops/sec; [INSERT AverageLatency(us)=71.82] [READ AverageLatency(us)=6398.89] 
2014-07-18 16:40:26:965 490 sec: 8893222 operations; 14261.1 current ops/sec; [INSERT AverageLatency(us)=887.74] [READ AverageLatency(us)=11843.77] 
2014-07-18 16:40:36:966 500 sec: 9138929 operations; 24568.24 current ops/sec; [INSERT AverageLatency(us)=14.14] [READ AverageLatency(us)=7876.57] 
2014-07-18 16:40:46:967 510 sec: 9210163 operations; 7122.69 current ops/sec; [INSERT AverageLatency(us)=1136.81] [READ AverageLatency(us)=3912.82] 
2014-07-18 16:40:56:967 520 sec: 9406308 operations; 19614.5 current ops/sec; [INSERT AverageLatency(us)=619.05] [READ AverageLatency(us)=9716.3] 
2014-07-18 16:41:06:968 530 sec: 9618479 operations; 21214.98 current ops/sec; [INSERT AverageLatency(us)=13.58] [READ AverageLatency(us)=9096.06] 
2014-07-18 16:41:16:968 540 sec: 9678724 operations; 6024.5 current ops/sec; [INSERT AverageLatency(us)=3018.45] [READ AverageLatency(us)=5481.23] 
2014-07-18 16:41:26:969 550 sec: 9885812 operations; 20706.73 current ops/sec; [INSERT AverageLatency(us)=13.19] [READ AverageLatency(us)=9604.77] 
2014-07-18 16:41:36:969 560 sec: 10042140 operations; 15632.8 current ops/sec; [INSERT AverageLatency(us)=13.26] [READ AverageLatency(us)=13091.23] 
2014-07-18 16:41:46:970 570 sec: 10262152 operations; 21999 current ops/sec; [INSERT AverageLatency(us)=14.72] [READ AverageLatency(us)=8203.67] 
2014-07-18 16:41:56:971 580 sec: 10275523 operations; 1336.97 current ops/sec; [INSERT AverageLatency(us)=15578.18] [READ AverageLatency(us)=17388.19] 
2014-07-18 16:42:06:971 590 sec: 10469099 operations; 19357.6 current ops/sec; [INSERT AverageLatency(us)=16.9] [READ AverageLatency(us)=10353.21] 
2014-07-18 16:42:16:972 600 sec: 10634185 operations; 16506.95 current ops/sec; [INSERT AverageLatency(us)=380.8] [READ AverageLatency(us)=8616.39] 
2014-07-18 16:42:26:972 610 sec: 10789649 operations; 15546.4 current ops/sec; [INSERT AverageLatency(us)=119.91] [READ AverageLatency(us)=5849.53] 
2014-07-18 16:42:37:016 620 sec: 10964377 operations; 17396.26 current ops/sec; [INSERT AverageLatency(us)=732.23] [READ AverageLatency(us)=10037.45] 
2014-07-18 16:42:47:017 630 sec: 11061215 operations; 9682.83 current ops/sec; [INSERT AverageLatency(us)=1205.6] [READ AverageLatency(us)=9760.68] 
2014-07-18 16:42:57:017 640 sec: 11271105 operations; 20989 current ops/sec; [INSERT AverageLatency(us)=28.83] [READ AverageLatency(us)=6355.28] 
2014-07-18 16:43:07:018 650 sec: 11395647 operations; 12452.95 current ops/sec; [INSERT AverageLatency(us)=870.7] [READ AverageLatency(us)=12874.55] 
2014-07-18 16:43:17:019 660 sec: 11532328 operations; 13668.1 current ops/sec; [INSERT AverageLatency(us)=805.3] [READ AverageLatency(us)=6073.29] 
2014-07-18 16:43:27:019 670 sec: 11770673 operations; 23832.12 current ops/sec; [INSERT AverageLatency(us)=14.28] [READ AverageLatency(us)=7849.21] 
2014-07-18 16:43:37:020 680 sec: 11882410 operations; 11172.58 current ops/sec; [INSERT AverageLatency(us)=1074.46] [READ AverageLatency(us)=9607.29] 
2014-07-18 16:43:47:020 690 sec: 12026870 operations; 14446 current ops/sec; [INSERT AverageLatency(us)=228.62] [READ AverageLatency(us)=6644.51] 
2014-07-18 16:43:57:021 700 sec: 12233165 operations; 20627.44 current ops/sec; [INSERT AverageLatency(us)=484.38] [READ AverageLatency(us)=9229.12] 
2014-07-18 16:44:07:021 710 sec: 12399141 operations; 16597.6 current ops/sec; [INSERT AverageLatency(us)=157.97] [READ AverageLatency(us)=10446.46] 
2014-07-18 16:44:17:022 720 sec: 12526087 operations; 12693.33 current ops/sec; [INSERT AverageLatency(us)=1232.01] [READ AverageLatency(us)=4308.15] 
2014-07-18 16:44:27:023 730 sec: 12741373 operations; 21526.45 current ops/sec; [INSERT AverageLatency(us)=12.87] [READ AverageLatency(us)=7546.46] 
2014-07-18 16:44:37:023 740 sec: 12866665 operations; 12529.2 current ops/sec; [INSERT AverageLatency(us)=849] [READ AverageLatency(us)=11220.51] 
2014-07-18 16:44:47:024 750 sec: 12996065 operations; 12938.71 current ops/sec; [INSERT AverageLatency(us)=866.97] [READ AverageLatency(us)=6103.64] 
2014-07-18 16:44:57:024 760 sec: 13221380 operations; 22531.5 current ops/sec; [INSERT AverageLatency(us)=60.19] [READ AverageLatency(us)=7224.79] 
2014-07-18 16:45:07:025 770 sec: 13363732 operations; 14233.78 current ops/sec; [INSERT AverageLatency(us)=534.79] [READ AverageLatency(us)=12312.62] 
2014-07-18 16:45:17:026 780 sec: 13492127 operations; 12839.5 current ops/sec; [INSERT AverageLatency(us)=780.83] [READ AverageLatency(us)=8579.23] 
2014-07-18 16:45:27:026 790 sec: 13692231 operations; 20008.4 current ops/sec; [INSERT AverageLatency(us)=14.57] [READ AverageLatency(us)=9690] 
2014-07-18 16:45:37:027 800 sec: 13816462 operations; 12421.86 current ops/sec; [INSERT AverageLatency(us)=18.88] [READ AverageLatency(us)=4300.35] 
2014-07-18 16:45:47:027 810 sec: 13937578 operations; 12111.6 current ops/sec; [INSERT AverageLatency(us)=1964.99] [READ AverageLatency(us)=10351.53] 
2014-07-18 16:45:57:028 820 sec: 14135785 operations; 19818.72 current ops/sec; [INSERT AverageLatency(us)=14.17] [READ AverageLatency(us)=9962.96] 
2014-07-18 16:46:07:029 830 sec: 14307138 operations; 17135.3 current ops/sec; [INSERT AverageLatency(us)=14.9] [READ AverageLatency(us)=7537.44] 
2014-07-18 16:46:17:029 840 sec: 14416803 operations; 10965.4 current ops/sec; [INSERT AverageLatency(us)=1580.9] [READ AverageLatency(us)=10280.79] 
2014-07-18 16:46:27:030 850 sec: 14568724 operations; 15190.58 current ops/sec; [INSERT AverageLatency(us)=11.81] [READ AverageLatency(us)=13156] 
2014-07-18 16:46:37:030 860 sec: 14797543 operations; 22881.9 current ops/sec; [INSERT AverageLatency(us)=15.24] [READ AverageLatency(us)=6099.98] 
2014-07-18 16:46:47:031 870 sec: 14875719 operations; 7816.82 current ops/sec; [INSERT AverageLatency(us)=2275.71] [READ AverageLatency(us)=11941.14] 
2014-07-18 16:46:57:031 880 sec: 15062464 operations; 18674.5 current ops/sec; [INSERT AverageLatency(us)=14.73] [READ AverageLatency(us)=10554.47] 
2014-07-18 16:47:07:032 890 sec: 15267162 operations; 20467.75 current ops/sec; [INSERT AverageLatency(us)=16.18] [READ AverageLatency(us)=6073.95] 
2014-07-18 16:47:17:033 900 sec: 15378066 operations; 11089.29 current ops/sec; [INSERT AverageLatency(us)=1488.61] [READ AverageLatency(us)=10894.77] 
2014-07-18 16:47:27:033 910 sec: 15583812 operations; 20574.6 current ops/sec; [INSERT AverageLatency(us)=13.29] [READ AverageLatency(us)=9649.24] 
2014-07-18 16:47:37:034 920 sec: 15731573 operations; 14774.62 current ops/sec; [INSERT AverageLatency(us)=12.76] [READ AverageLatency(us)=6899.74] 
2014-07-18 16:47:47:035 930 sec: 15841882 operations; 11030.9 current ops/sec; [INSERT AverageLatency(us)=1447.6] [READ AverageLatency(us)=12940.69] 
2014-07-18 16:47:57:035 940 sec: 15941493 operations; 9960.1 current ops/sec; [INSERT AverageLatency(us)=12.66] [READ AverageLatency(us)=8799.74] 
2014-07-18 16:48:07:036 950 sec: 15946756 operations; 526.25 current ops/sec; [INSERT AverageLatency(us)=18.89] [READ AverageLatency(us)=569531.03] 
2014-07-18 16:48:17:036 960 sec: 16190948 operations; 24419.2 current ops/sec; [INSERT AverageLatency(us)=13.73] [READ AverageLatency(us)=7325.5] 
2014-07-18 16:48:27:037 970 sec: 16303116 operations; 11215.68 current ops/sec; [INSERT AverageLatency(us)=1262.38] [READ AverageLatency(us)=8575.99] 
2014-07-18 16:48:37:053 980 sec: 16540748 operations; 23725.24 current ops/sec; [INSERT AverageLatency(us)=14.58] [READ AverageLatency(us)=8268.44] 
2014-07-18 16:48:47:053 990 sec: 16679180 operations; 13843.2 current ops/sec; [INSERT AverageLatency(us)=706.91] [READ AverageLatency(us)=6586.03] 
2014-07-18 16:48:57:054 1000 sec: 16965126 operations; 28591.74 current ops/sec; [INSERT AverageLatency(us)=15.65] [READ AverageLatency(us)=7570.14] 
2014-07-18 16:49:07:054 1010 sec: 17244811 operations; 27968.5 current ops/sec; [INSERT AverageLatency(us)=14.41] [READ AverageLatency(us)=6245.45] 
2014-07-18 16:49:17:055 1020 sec: 17355025 operations; 11020.3 current ops/sec; [INSERT AverageLatency(us)=1428.45] [READ AverageLatency(us)=7174.1] 
2014-07-18 16:49:27:056 1030 sec: 17564141 operations; 20911.6 current ops/sec; [INSERT AverageLatency(us)=362.84] [READ AverageLatency(us)=5828.74] 
2014-07-18 16:49:37:056 1040 sec: 17777458 operations; 21329.57 current ops/sec; [INSERT AverageLatency(us)=121.81] [READ AverageLatency(us)=6287.64] 
2014-07-18 16:49:47:057 1050 sec: 18006612 operations; 22913.11 current ops/sec; [INSERT AverageLatency(us)=347.86] [READ AverageLatency(us)=7090.23] 
2014-07-18 16:49:57:057 1060 sec: 18148517 operations; 14190.5 current ops/sec; [INSERT AverageLatency(us)=707.09] [READ AverageLatency(us)=8213.94] 
2014-07-18 16:50:07:058 1070 sec: 18346065 operations; 19752.82 current ops/sec; [INSERT AverageLatency(us)=387.6] [READ AverageLatency(us)=6954.22] 
2014-07-18 16:50:17:069 1080 sec: 18525766 operations; 17950.35 current ops/sec; [INSERT AverageLatency(us)=136.76] [READ AverageLatency(us)=5751.4] 
2014-07-18 16:50:27:070 1090 sec: 18767408 operations; 24161.78 current ops/sec; [INSERT AverageLatency(us)=406.15] [READ AverageLatency(us)=5784.88] 
2014-07-18 16:50:37:070 1100 sec: 18998972 operations; 23156.4 current ops/sec; [INSERT AverageLatency(us)=415.7] [READ AverageLatency(us)=6012.72] 
2014-07-18 16:50:47:071 1110 sec: 19116798 operations; 11781.42 current ops/sec; [INSERT AverageLatency(us)=1136.09] [READ AverageLatency(us)=7960.96] 
2014-07-18 16:50:57:071 1120 sec: 19403045 operations; 28624.7 current ops/sec; [INSERT AverageLatency(us)=15.02] [READ AverageLatency(us)=6860.08] 
2014-07-18 16:51:07:072 1130 sec: 19536627 operations; 13356.86 current ops/sec; [INSERT AverageLatency(us)=913.11] [READ AverageLatency(us)=6752.19] 
2014-07-18 16:51:17:072 1140 sec: 19813774 operations; 27714.7 current ops/sec; [INSERT AverageLatency(us)=26.97] [READ AverageLatency(us)=6887.22] 
2014-07-18 16:51:27:073 1150 sec: 19971124 operations; 15733.43 current ops/sec; [INSERT AverageLatency(us)=810.07] [READ AverageLatency(us)=5165.59] 
2014-07-18 16:51:37:074 1160 sec: 20178373 operations; 20722.83 current ops/sec; [INSERT AverageLatency(us)=19.93] [READ AverageLatency(us)=9637.09] 
2014-07-18 16:51:47:074 1170 sec: 20433111 operations; 25473.8 current ops/sec; [INSERT AverageLatency(us)=27.37] [READ AverageLatency(us)=6193.62] 
2014-07-18 16:51:57:075 1180 sec: 20652084 operations; 21895.11 current ops/sec; [INSERT AverageLatency(us)=344.75] [READ AverageLatency(us)=7659.92] 
2014-07-18 16:52:07:075 1190 sec: 20803529 operations; 15144.5 current ops/sec; [INSERT AverageLatency(us)=14.79] [READ AverageLatency(us)=5434.88] 
2014-07-18 16:52:17:076 1200 sec: 20924703 operations; 12116.19 current ops/sec; [INSERT AverageLatency(us)=1790.7] [READ AverageLatency(us)=9588.31] 
2014-07-18 16:52:27:077 1210 sec: 21227153 operations; 30241.98 current ops/sec; [INSERT AverageLatency(us)=13.02] [READ AverageLatency(us)=6331.56] 
2014-07-18 16:52:37:077 1220 sec: 21327457 operations; 10030.4 current ops/sec; [INSERT AverageLatency(us)=1568.33] [READ AverageLatency(us)=4478.71] 
2014-07-18 16:52:47:078 1230 sec: 21632221 operations; 30473.35 current ops/sec; [INSERT AverageLatency(us)=14.24] [READ AverageLatency(us)=7040.12] 
2014-07-18 16:52:57:078 1240 sec: 21781442 operations; 14922.1 current ops/sec; [INSERT AverageLatency(us)=100.13] [READ AverageLatency(us)=6362.57] 
2014-07-18 16:53:07:079 1250 sec: 22012239 operations; 23077.39 current ops/sec; [INSERT AverageLatency(us)=574.76] [READ AverageLatency(us)=7358.02] 
2014-07-18 16:53:17:079 1260 sec: 22256611 operations; 24437.2 current ops/sec; [INSERT AverageLatency(us)=14.77] [READ AverageLatency(us)=7745.37] 
2014-07-18 16:53:27:080 1270 sec: 22369650 operations; 11302.77 current ops/sec; [INSERT AverageLatency(us)=1148.48] [READ AverageLatency(us)=8175.87] 
2014-07-18 16:53:37:081 1280 sec: 22637635 operations; 26795.82 current ops/sec; [INSERT AverageLatency(us)=14.33] [READ AverageLatency(us)=7300.47] 
2014-07-18 16:53:47:081 1290 sec: 22750591 operations; 11295.6 current ops/sec; [INSERT AverageLatency(us)=1183.86] [READ AverageLatency(us)=5104.49] 
2014-07-18 16:53:57:082 1300 sec: 23056330 operations; 30570.84 current ops/sec; [INSERT AverageLatency(us)=12.84] [READ AverageLatency(us)=7028.55] 
2014-07-18 16:54:07:082 1310 sec: 23196470 operations; 14014 current ops/sec; [INSERT AverageLatency(us)=983.99] [READ AverageLatency(us)=4884.37] 
2014-07-18 16:54:17:083 1320 sec: 23438901 operations; 24240.68 current ops/sec; [INSERT AverageLatency(us)=13.27] [READ AverageLatency(us)=8273.61] 
2014-07-18 16:54:27:083 1330 sec: 23637349 operations; 19844.8 current ops/sec; [INSERT AverageLatency(us)=144.08] [READ AverageLatency(us)=4958.19] 
2014-07-18 16:54:37:084 1340 sec: 23870971 operations; 23359.86 current ops/sec; [INSERT AverageLatency(us)=491.7] [READ AverageLatency(us)=6902.48] 
2014-07-18 16:54:47:085 1350 sec: 24172600 operations; 30159.88 current ops/sec; [INSERT AverageLatency(us)=14] [READ AverageLatency(us)=6744.14] 
2014-07-18 16:54:57:085 1360 sec: 24287426 operations; 11482.6 current ops/sec; [INSERT AverageLatency(us)=1061.36] [READ AverageLatency(us)=7520.07] 
2014-07-18 16:55:07:086 1370 sec: 24467204 operations; 17976 current ops/sec; [INSERT AverageLatency(us)=137] [READ AverageLatency(us)=4774.77] 
2014-07-18 16:55:17:086 1380 sec: 24665538 operations; 19833.4 current ops/sec; [INSERT AverageLatency(us)=606.54] [READ AverageLatency(us)=9359.75] 
2014-07-18 16:55:27:197 1390 sec: 24933802 operations; 26531.9 current ops/sec; [INSERT AverageLatency(us)=15.73] [READ AverageLatency(us)=7226.4] 
2014-07-18 16:55:37:197 1400 sec: 25038046 operations; 10424.4 current ops/sec; [INSERT AverageLatency(us)=1281.22] [READ AverageLatency(us)=7929.8] 
2014-07-18 16:55:47:198 1410 sec: 25287738 operations; 24966.7 current ops/sec; [INSERT AverageLatency(us)=13.28] [READ AverageLatency(us)=7777.89] 
2014-07-18 16:55:57:199 1420 sec: 25458403 operations; 17066.5 current ops/sec; [INSERT AverageLatency(us)=87.48] [READ AverageLatency(us)=5030.55] 
2014-07-18 16:56:07:199 1430 sec: 25655377 operations; 19695.43 current ops/sec; [INSERT AverageLatency(us)=700.06] [READ AverageLatency(us)=8930.88] 
2014-07-18 16:56:17:200 1440 sec: 25933261 operations; 27785.62 current ops/sec; [INSERT AverageLatency(us)=14.42] [READ AverageLatency(us)=6919.35] 
2014-07-18 16:56:27:200 1450 sec: 26006183 operations; 7292.2 current ops/sec; [INSERT AverageLatency(us)=2308.08] [READ AverageLatency(us)=7219.76] 
2014-07-18 16:56:37:201 1460 sec: 26275473 operations; 26926.31 current ops/sec; [INSERT AverageLatency(us)=14.25] [READ AverageLatency(us)=6979.85] 
2014-07-18 16:56:47:201 1470 sec: 26461633 operations; 18616 current ops/sec; [INSERT AverageLatency(us)=450.66] [READ AverageLatency(us)=5228.83] 
2014-07-18 16:56:57:202 1480 sec: 26678287 operations; 21663.23 current ops/sec; [INSERT AverageLatency(us)=187.26] [READ AverageLatency(us)=8777.05] 
2014-07-18 16:57:07:202 1490 sec: 26903799 operations; 22551.2 current ops/sec; [INSERT AverageLatency(us)=29.26] [READ AverageLatency(us)=5759.27] 
2014-07-18 16:57:17:203 1500 sec: 27119197 operations; 21537.65 current ops/sec; [INSERT AverageLatency(us)=699.4] [READ AverageLatency(us)=6228.18] 
2014-07-18 16:57:27:203 1510 sec: 27351162 operations; 23196.5 current ops/sec; [INSERT AverageLatency(us)=14.21] [READ AverageLatency(us)=8509.94] 
2014-07-18 16:57:37:204 1520 sec: 27536215 operations; 18503.45 current ops/sec; [INSERT AverageLatency(us)=613.63] [READ AverageLatency(us)=4911.58] 
2014-07-18 16:57:47:205 1530 sec: 27733256 operations; 19702.13 current ops/sec; [INSERT AverageLatency(us)=15.67] [READ AverageLatency(us)=6236.56] 
2014-07-18 16:57:57:205 1540 sec: 27897064 operations; 16380.8 current ops/sec; [INSERT AverageLatency(us)=1048.63] [READ AverageLatency(us)=7569.71] 
2014-07-18 16:58:07:206 1550 sec: 28162022 operations; 26493.15 current ops/sec; [INSERT AverageLatency(us)=99.85] [READ AverageLatency(us)=6579.38] 
2014-07-18 16:58:17:206 1560 sec: 28248327 operations; 8630.5 current ops/sec; [INSERT AverageLatency(us)=1913.74] [READ AverageLatency(us)=3505.93] 
2014-07-18 16:58:27:207 1570 sec: 28497069 operations; 24871.71 current ops/sec; [INSERT AverageLatency(us)=167.57] [READ AverageLatency(us)=6642.29] 
2014-07-18 16:58:37:208 1580 sec: 28735517 operations; 23844.8 current ops/sec; [INSERT AverageLatency(us)=13.85] [READ AverageLatency(us)=6618.94] 
2014-07-18 16:58:47:208 1590 sec: 28863097 operations; 12756.72 current ops/sec; [INSERT AverageLatency(us)=1298.88] [READ AverageLatency(us)=8157.73] 
2014-07-18 16:58:57:209 1600 sec: 29128934 operations; 26581.04 current ops/sec; [INSERT AverageLatency(us)=15.12] [READ AverageLatency(us)=7342.65] 
2014-07-18 16:59:07:209 1610 sec: 29241002 operations; 11206.8 current ops/sec; [INSERT AverageLatency(us)=1401.4] [READ AverageLatency(us)=3791.3] 
2014-07-18 16:59:17:210 1620 sec: 29454083 operations; 21305.97 current ops/sec; [INSERT AverageLatency(us)=13.33] [READ AverageLatency(us)=10022.24] 
2014-07-18 16:59:27:210 1630 sec: 29683396 operations; 22931.3 current ops/sec; [INSERT AverageLatency(us)=13.89] [READ AverageLatency(us)=8720.96] 
2014-07-18 16:59:37:211 1640 sec: 29860011 operations; 17659.73 current ops/sec; [INSERT AverageLatency(us)=253.97] [READ AverageLatency(us)=9019.16] 
2014-07-18 16:59:47:212 1650 sec: 30072749 operations; 21271.67 current ops/sec; [INSERT AverageLatency(us)=40.27] [READ AverageLatency(us)=9003] 
2014-07-18 16:59:57:212 1660 sec: 30216490 operations; 14374.1 current ops/sec; [INSERT AverageLatency(us)=833.14] [READ AverageLatency(us)=5991.38] 
2014-07-18 17:00:07:213 1670 sec: 30445021 operations; 22850.81 current ops/sec; [INSERT AverageLatency(us)=174.77] [READ AverageLatency(us)=7133.06] 
2014-07-18 17:00:17:214 1680 sec: 30670680 operations; 22563.64 current ops/sec; [INSERT AverageLatency(us)=14.39] [READ AverageLatency(us)=5735.14] 
2014-07-18 17:00:27:214 1690 sec: 30895393 operations; 22471.3 current ops/sec; [INSERT AverageLatency(us)=567.83] [READ AverageLatency(us)=6679.45] 
2014-07-18 17:00:37:215 1700 sec: 31109606 operations; 21419.16 current ops/sec; [INSERT AverageLatency(us)=292.13] [READ AverageLatency(us)=6725.93] 
2014-07-18 17:00:47:215 1710 sec: 31276375 operations; 16676.9 current ops/sec; [INSERT AverageLatency(us)=12.42] [READ AverageLatency(us)=6683.56] 
2014-07-18 17:00:57:216 1720 sec: 31335324 operations; 5894.31 current ops/sec; [INSERT AverageLatency(us)=4489.58] [READ AverageLatency(us)=8639.22] 
2014-07-18 17:01:07:217 1730 sec: 31597955 operations; 26263.1 current ops/sec; [INSERT AverageLatency(us)=14.51] [READ AverageLatency(us)=7272.86] 
2014-07-18 17:01:17:217 1741 sec: 31801927 operations; 20395.16 current ops/sec; [INSERT AverageLatency(us)=57.06] [READ AverageLatency(us)=5724.79] 
2014-07-18 17:01:27:218 1751 sec: 32023693 operations; 22174.38 current ops/sec; [INSERT AverageLatency(us)=501.72] [READ AverageLatency(us)=7787.06] 
2014-07-18 17:01:37:218 1761 sec: 32262667 operations; 23897.4 current ops/sec; [INSERT AverageLatency(us)=17.45] [READ AverageLatency(us)=5885.84] 
2014-07-18 17:01:47:219 1771 sec: 32388942 operations; 12626.24 current ops/sec; [INSERT AverageLatency(us)=1217.91] [READ AverageLatency(us)=9054.42] 
2014-07-18 17:01:57:220 1781 sec: 32708687 operations; 31971.3 current ops/sec; [INSERT AverageLatency(us)=13.41] [READ AverageLatency(us)=6234.26] 
2014-07-18 17:02:07:220 1791 sec: 32852668 operations; 14398.1 current ops/sec; [INSERT AverageLatency(us)=845.01] [READ AverageLatency(us)=6093.49] 
2014-07-18 17:02:17:221 1801 sec: 33103190 operations; 25049.7 current ops/sec; [INSERT AverageLatency(us)=13.83] [READ AverageLatency(us)=8063.64] 
2014-07-18 17:02:27:221 1811 sec: 33266765 operations; 16357.5 current ops/sec; [INSERT AverageLatency(us)=665.56] [READ AverageLatency(us)=6143.68] 
2014-07-18 17:02:37:222 1821 sec: 33532860 operations; 26606.84 current ops/sec; [INSERT AverageLatency(us)=13.58] [READ AverageLatency(us)=7280.61] 
2014-07-18 17:02:47:222 1831 sec: 33660272 operations; 12741.2 current ops/sec; [INSERT AverageLatency(us)=1165.62] [READ AverageLatency(us)=3953.21] 
2014-07-18 17:02:57:223 1841 sec: 33947145 operations; 28684.43 current ops/sec; [INSERT AverageLatency(us)=16.24] [READ AverageLatency(us)=7379.39] 
2014-07-18 17:03:07:224 1851 sec: 34124732 operations; 17756.92 current ops/sec; [INSERT AverageLatency(us)=174.34] [READ AverageLatency(us)=5088.41] 
2014-07-18 17:03:17:224 1861 sec: 34346867 operations; 22213.5 current ops/sec; [INSERT AverageLatency(us)=448.04] [READ AverageLatency(us)=8537.19] 
2014-07-18 17:03:27:225 1871 sec: 34656611 operations; 30971.3 current ops/sec; [INSERT AverageLatency(us)=14.3] [READ AverageLatency(us)=6106.64] 
2014-07-18 17:03:37:225 1881 sec: 34800133 operations; 14352.2 current ops/sec; [INSERT AverageLatency(us)=814.24] [READ AverageLatency(us)=6707.97] 
2014-07-18 17:03:47:226 1891 sec: 34944927 operations; 14477.95 current ops/sec; [INSERT AverageLatency(us)=789.61] [READ AverageLatency(us)=6405.96] 
2014-07-18 17:03:57:227 1901 sec: 35194582 operations; 24965.5 current ops/sec; [INSERT AverageLatency(us)=192.76] [READ AverageLatency(us)=6254.7] 
2014-07-18 17:04:07:227 1911 sec: 35434464 operations; 23985.8 current ops/sec; [INSERT AverageLatency(us)=14.72] [READ AverageLatency(us)=7362.44] 
2014-07-18 17:04:17:313 1921 sec: 35596293 operations; 16044.91 current ops/sec; [INSERT AverageLatency(us)=547.66] [READ AverageLatency(us)=9140.15] 
2014-07-18 17:04:27:314 1931 sec: 35830657 operations; 23434.06 current ops/sec; [INSERT AverageLatency(us)=241.66] [READ AverageLatency(us)=6013.49] 
2014-07-18 17:04:37:314 1941 sec: 35944070 operations; 11341.3 current ops/sec; [INSERT AverageLatency(us)=1221.37] [READ AverageLatency(us)=5174.44] 
2014-07-18 17:04:47:315 1951 sec: 36174431 operations; 23033.8 current ops/sec; [INSERT AverageLatency(us)=15.19] [READ AverageLatency(us)=9480.67] 
2014-07-18 17:04:57:315 1961 sec: 36420966 operations; 24653.5 current ops/sec; [INSERT AverageLatency(us)=13.44] [READ AverageLatency(us)=5548.3] 
2014-07-18 17:05:07:316 1971 sec: 36546901 operations; 12592.24 current ops/sec; [INSERT AverageLatency(us)=1412.48] [READ AverageLatency(us)=7720.64] 
2014-07-18 17:05:17:316 1981 sec: 36761270 operations; 21436.9 current ops/sec; [INSERT AverageLatency(us)=16.53] [READ AverageLatency(us)=9136.39] 
2014-07-18 17:05:27:317 1991 sec: 36930005 operations; 16871.81 current ops/sec; [INSERT AverageLatency(us)=571.83] [READ AverageLatency(us)=5729.11] 
2014-07-18 17:05:37:318 2001 sec: 37231199 operations; 30116.39 current ops/sec; [INSERT AverageLatency(us)=13.82] [READ AverageLatency(us)=6905.08] 
2014-07-18 17:05:47:318 2011 sec: 37389619 operations; 15842 current ops/sec; [INSERT AverageLatency(us)=137.16] [READ AverageLatency(us)=5130.61] 
2014-07-18 17:05:57:319 2021 sec: 37608504 operations; 21886.31 current ops/sec; [INSERT AverageLatency(us)=579.44] [READ AverageLatency(us)=8194.31] 
2014-07-18 17:06:07:388 2031 sec: 37880313 operations; 26994.64 current ops/sec; [INSERT AverageLatency(us)=78.79] [READ AverageLatency(us)=5472.97] 
2014-07-18 17:06:17:388 2041 sec: 38110557 operations; 23024.4 current ops/sec; [INSERT AverageLatency(us)=353.07] [READ AverageLatency(us)=7156.71] 
2014-07-18 17:06:27:389 2051 sec: 38221030 operations; 11046.2 current ops/sec; [INSERT AverageLatency(us)=18.3] [READ AverageLatency(us)=5410.87] 
2014-07-18 17:06:37:390 2061 sec: 38376582 operations; 15553.64 current ops/sec; [INSERT AverageLatency(us)=1501.58] [READ AverageLatency(us)=8286.26] 
2014-07-18 17:06:47:390 2071 sec: 38648126 operations; 27154.4 current ops/sec; [INSERT AverageLatency(us)=14.72] [READ AverageLatency(us)=7151.08] 
2014-07-18 17:06:57:391 2081 sec: 38751820 operations; 10368.36 current ops/sec; [INSERT AverageLatency(us)=1142.67] [READ AverageLatency(us)=7303.48] 
2014-07-18 17:07:07:391 2091 sec: 39058602 operations; 30678.2 current ops/sec; [INSERT AverageLatency(us)=13.22] [READ AverageLatency(us)=6869.05] 
2014-07-18 17:07:17:392 2101 sec: 39217689 operations; 15907.11 current ops/sec; [INSERT AverageLatency(us)=53.71] [READ AverageLatency(us)=5470.77] 
2014-07-18 17:07:27:393 2111 sec: 39444316 operations; 22662.7 current ops/sec; [INSERT AverageLatency(us)=681.28] [READ AverageLatency(us)=7323.77] 
2014-07-18 17:07:37:393 2121 sec: 39708360 operations; 26401.76 current ops/sec; [INSERT AverageLatency(us)=13.3] [READ AverageLatency(us)=5176.12] 
2014-07-18 17:07:47:394 2131 sec: 39828795 operations; 12042.3 current ops/sec; [INSERT AverageLatency(us)=1480.81] [READ AverageLatency(us)=7863.92] 
2014-07-18 17:07:57:487 2141 sec: 40126298 operations; 29476.17 current ops/sec; [INSERT AverageLatency(us)=13.83] [READ AverageLatency(us)=6658.5] 
2014-07-18 17:08:07:488 2151 sec: 40316717 operations; 19040 current ops/sec; [INSERT AverageLatency(us)=423.48] [READ AverageLatency(us)=6642.11] 
2014-07-18 17:08:17:488 2161 sec: 40603737 operations; 28702 current ops/sec; [INSERT AverageLatency(us)=13.28] [READ AverageLatency(us)=6850.94] 
2014-07-18 17:08:27:489 2171 sec: 40677350 operations; 7360.56 current ops/sec; [INSERT AverageLatency(us)=2032.73] [READ AverageLatency(us)=8749.02] 
2014-07-18 17:08:37:490 2181 sec: 41000650 operations; 32326.77 current ops/sec; [INSERT AverageLatency(us)=14.23] [READ AverageLatency(us)=6079.86] 
2014-07-18 17:08:47:490 2191 sec: 41091004 operations; 9035.4 current ops/sec; [INSERT AverageLatency(us)=1530.59] [READ AverageLatency(us)=6410.48] 
2014-07-18 17:08:57:491 2201 sec: 41401909 operations; 31087.39 current ops/sec; [INSERT AverageLatency(us)=14.84] [READ AverageLatency(us)=6650.43] 
2014-07-18 17:09:07:509 2211 sec: 41654505 operations; 25214.21 current ops/sec; [INSERT AverageLatency(us)=39.74] [READ AverageLatency(us)=5992.34] 
2014-07-18 17:09:17:510 2221 sec: 41878682 operations; 22415.46 current ops/sec; [INSERT AverageLatency(us)=226.49] [READ AverageLatency(us)=6321.31] 
2014-07-18 17:09:27:510 2231 sec: 42003225 operations; 12454.3 current ops/sec; [INSERT AverageLatency(us)=1301.03] [READ AverageLatency(us)=8520.94] 
2014-07-18 17:09:37:511 2241 sec: 42308061 operations; 30480.55 current ops/sec; [INSERT AverageLatency(us)=12.46] [READ AverageLatency(us)=6500.5] 
2014-07-18 17:09:47:511 2251 sec: 42384315 operations; 7625.4 current ops/sec; [INSERT AverageLatency(us)=2143.5] [READ AverageLatency(us)=5382.4] 
2014-07-18 17:09:57:512 2261 sec: 42691063 operations; 30671.73 current ops/sec; [INSERT AverageLatency(us)=14.79] [READ AverageLatency(us)=6686.95] 
2014-07-18 17:10:07:512 2271 sec: 42864535 operations; 17347.2 current ops/sec; [INSERT AverageLatency(us)=13.65] [READ AverageLatency(us)=6294.58] 
2014-07-18 17:10:17:513 2281 sec: 43063535 operations; 19898.01 current ops/sec; [INSERT AverageLatency(us)=771.2] [READ AverageLatency(us)=7652.92] 
2014-07-18 17:10:27:513 2291 sec: 43225725 operations; 16219 current ops/sec; [INSERT AverageLatency(us)=462.75] [READ AverageLatency(us)=7576.25] 
2014-07-18 17:10:37:514 2301 sec: 43375737 operations; 14999.7 current ops/sec; [INSERT AverageLatency(us)=13.89] [READ AverageLatency(us)=5977.17] 
2014-07-18 17:10:47:515 2311 sec: 43569551 operations; 19379.46 current ops/sec; [INSERT AverageLatency(us)=1020.94] [READ AverageLatency(us)=7096] 
2014-07-18 17:10:57:515 2321 sec: 43859098 operations; 28954.7 current ops/sec; [INSERT AverageLatency(us)=13.29] [READ AverageLatency(us)=6755.99] 
2014-07-18 17:11:07:516 2331 sec: 44106632 operations; 24750.92 current ops/sec; [INSERT AverageLatency(us)=47.12] [READ AverageLatency(us)=5675.16] 
2014-07-18 17:11:17:516 2341 sec: 44276002 operations; 16937 current ops/sec; [INSERT AverageLatency(us)=685.1] [READ AverageLatency(us)=8345.06] 
2014-07-18 17:11:27:517 2351 sec: 44542818 operations; 26678.93 current ops/sec; [INSERT AverageLatency(us)=155.81] [READ AverageLatency(us)=5845.39] 
2014-07-18 17:11:37:517 2361 sec: 44646042 operations; 10322.4 current ops/sec; [INSERT AverageLatency(us)=1482.74] [READ AverageLatency(us)=6374.81] 
2014-07-18 17:11:47:518 2371 sec: 44837651 operations; 19158.98 current ops/sec; [INSERT AverageLatency(us)=14.69] [READ AverageLatency(us)=6087.61] 
2014-07-18 17:11:57:519 2381 sec: 44959631 operations; 12198 current ops/sec; [INSERT AverageLatency(us)=1687.12] [READ AverageLatency(us)=7201.43] 
2014-07-18 17:12:07:519 2391 sec: 45150814 operations; 19116.39 current ops/sec; [INSERT AverageLatency(us)=15.12] [READ AverageLatency(us)=7706.98] 
2014-07-18 17:12:17:520 2401 sec: 45363068 operations; 21223.28 current ops/sec; [INSERT AverageLatency(us)=619.14] [READ AverageLatency(us)=6406.44] 
2014-07-18 17:12:27:520 2411 sec: 45478996 operations; 11592.8 current ops/sec; [INSERT AverageLatency(us)=1066.07] [READ AverageLatency(us)=7230.24] 
2014-07-18 17:12:37:521 2421 sec: 45750751 operations; 27172.78 current ops/sec; [INSERT AverageLatency(us)=13.2] [READ AverageLatency(us)=5679.09] 
2014-07-18 17:12:47:521 2431 sec: 45944871 operations; 19412 current ops/sec; [INSERT AverageLatency(us)=531.38] [READ AverageLatency(us)=7834.63] 
2014-07-18 17:12:57:522 2441 sec: 46192155 operations; 24725.93 current ops/sec; [INSERT AverageLatency(us)=20.99] [READ AverageLatency(us)=7498.53] 
2014-07-18 17:13:07:522 2451 sec: 46230060 operations; 3790.5 current ops/sec; [INSERT AverageLatency(us)=886.12] [READ AverageLatency(us)=4094.31] 
2014-07-18 17:13:17:523 2461 sec: 46444103 operations; 21402.16 current ops/sec; [INSERT AverageLatency(us)=933.54] [READ AverageLatency(us)=7877.47] 
2014-07-18 17:13:27:523 2471 sec: 46695577 operations; 25147.4 current ops/sec; [INSERT AverageLatency(us)=14.13] [READ AverageLatency(us)=8264.8] 
2014-07-18 17:13:37:524 2481 sec: 46757988 operations; 6240.48 current ops/sec; [INSERT AverageLatency(us)=10.91] [READ AverageLatency(us)=1556.93] 
2014-07-18 17:13:47:525 2491 sec: 46899193 operations; 14119.09 current ops/sec; [INSERT AverageLatency(us)=1866.62] [READ AverageLatency(us)=10824.06] 
2014-07-18 17:13:57:525 2501 sec: 47179631 operations; 28043.8 current ops/sec; [INSERT AverageLatency(us)=15.64] [READ AverageLatency(us)=6864.18] 
2014-07-18 17:14:07:526 2511 sec: 47436374 operations; 25671.73 current ops/sec; [INSERT AverageLatency(us)=16.84] [READ AverageLatency(us)=6165.83] 
2014-07-18 17:14:17:526 2521 sec: 47436374 operations; 0 current ops/sec;   
2014-07-18 17:14:27:527 2531 sec: 47499223 operations; 6284.27 current ops/sec; [INSERT AverageLatency(us)=6707.48] [READ AverageLatency(us)=9161.54] 
2014-07-18 17:14:37:527 2541 sec: 47754043 operations; 25482 current ops/sec; [INSERT AverageLatency(us)=15.23] [READ AverageLatency(us)=7363.85] 
2014-07-18 17:14:47:528 2551 sec: 48037409 operations; 28333.77 current ops/sec; [INSERT AverageLatency(us)=13.26] [READ AverageLatency(us)=7052.65] 
2014-07-18 17:14:57:528 2561 sec: 48046802 operations; 939.3 current ops/sec; [INSERT AverageLatency(us)=10.12] [READ AverageLatency(us)=1889.19] 
2014-07-18 17:15:07:529 2571 sec: 48147045 operations; 10023.3 current ops/sec; [INSERT AverageLatency(us)=3593.48] [READ AverageLatency(us)=7693.27] 
2014-07-18 17:15:17:529 2581 sec: 48372896 operations; 22585.1 current ops/sec; [INSERT AverageLatency(us)=13.79] [READ AverageLatency(us)=8669.43] 
2014-07-18 17:15:27:530 2591 sec: 48585642 operations; 21272.47 current ops/sec; [INSERT AverageLatency(us)=13.92] [READ AverageLatency(us)=9143.71] 
2014-07-18 17:15:37:530 2601 sec: 48646896 operations; 6125.4 current ops/sec; [INSERT AverageLatency(us)=2018.07] [READ AverageLatency(us)=2691.75] 
2014-07-18 17:15:47:531 2611 sec: 48943767 operations; 29684.13 current ops/sec; [INSERT AverageLatency(us)=301.82] [READ AverageLatency(us)=6443.34] 
2014-07-18 17:15:57:531 2621 sec: 49199978 operations; 25621.1 current ops/sec; [INSERT AverageLatency(us)=13.96] [READ AverageLatency(us)=5822.74] 
2014-07-18 17:16:07:532 2631 sec: 49233437 operations; 3345.57 current ops/sec; [INSERT AverageLatency(us)=6469] [READ AverageLatency(us)=15737.55] 
2014-07-18 17:16:17:533 2641 sec: 49514989 operations; 28155.2 current ops/sec; [INSERT AverageLatency(us)=53.39] [READ AverageLatency(us)=5259.72] 
2014-07-18 17:16:27:533 2651 sec: 49728914 operations; 21390.36 current ops/sec; [INSERT AverageLatency(us)=272.32] [READ AverageLatency(us)=7957.56] 
2014-07-18 17:16:37:534 2661 sec: 49906253 operations; 17732.13 current ops/sec; [INSERT AverageLatency(us)=564.74] [READ AverageLatency(us)=6579.19] 
2014-07-18 17:16:47:534 2671 sec: 50210467 operations; 30421.4 current ops/sec; [INSERT AverageLatency(us)=16.39] [READ AverageLatency(us)=6416.79] 
2014-07-18 17:16:57:535 2681 sec: 50221002 operations; 1053.5 current ops/sec; [INSERT AverageLatency(us)=3230.1] [READ AverageLatency(us)=2446.56] 
2014-07-18 17:17:07:535 2691 sec: 50464809 operations; 24378.26 current ops/sec; [INSERT AverageLatency(us)=883.75] [READ AverageLatency(us)=7204] 
2014-07-18 17:17:17:536 2701 sec: 50719161 operations; 25432.66 current ops/sec; [INSERT AverageLatency(us)=87.19] [READ AverageLatency(us)=6827.78] 
2014-07-18 17:17:27:536 2711 sec: 50775211 operations; 5605 current ops/sec; [INSERT AverageLatency(us)=12.68] [READ AverageLatency(us)=5042.33] 
2014-07-18 17:17:37:537 2721 sec: 50906549 operations; 13132.49 current ops/sec; [INSERT AverageLatency(us)=2102.34] [READ AverageLatency(us)=9934.62] 
2014-07-18 17:17:47:537 2731 sec: 51189549 operations; 28300 current ops/sec; [INSERT AverageLatency(us)=13.73] [READ AverageLatency(us)=6911.16] 
2014-07-18 17:17:57:538 2741 sec: 51359935 operations; 17036.9 current ops/sec; [INSERT AverageLatency(us)=16.13] [READ AverageLatency(us)=5719.52] 
2014-07-18 17:18:07:539 2751 sec: 51380305 operations; 2037 current ops/sec; [INSERT AverageLatency(us)=13965.18] [READ AverageLatency(us)=6015.12] 
2014-07-18 17:18:17:539 2761 sec: 51629128 operations; 24879.81 current ops/sec; [INSERT AverageLatency(us)=14.87] [READ AverageLatency(us)=9100.58] 
2014-07-18 17:18:27:540 2771 sec: 51927707 operations; 29854.91 current ops/sec; [INSERT AverageLatency(us)=14] [READ AverageLatency(us)=6070.4] 
2014-07-18 17:18:37:540 2781 sec: 51936786 operations; 907.9 current ops/sec; [INSERT AverageLatency(us)=24463.23] [READ AverageLatency(us)=5321.92] 
2014-07-18 17:18:47:541 2791 sec: 52219846 operations; 28303.17 current ops/sec; [INSERT AverageLatency(us)=14.11] [READ AverageLatency(us)=7218.78] 
2014-07-18 17:18:57:541 2801 sec: 52523599 operations; 30375.3 current ops/sec; [INSERT AverageLatency(us)=13] [READ AverageLatency(us)=6249.06] 
2014-07-18 17:19:07:542 2811 sec: 52528364 operations; 476.45 current ops/sec; [INSERT AverageLatency(us)=8.97] [READ AverageLatency(us)=2087.17] 
2014-07-18 17:19:17:542 2821 sec: 52641713 operations; 11334.9 current ops/sec; [INSERT AverageLatency(us)=2819.43] [READ AverageLatency(us)=10047.14] 
2014-07-18 17:19:27:543 2831 sec: 52904593 operations; 26285.37 current ops/sec; [INSERT AverageLatency(us)=14.19] [READ AverageLatency(us)=7443.22] 
2014-07-18 17:19:37:543 2841 sec: 53092383 operations; 18779 current ops/sec; [INSERT AverageLatency(us)=15.72] [READ AverageLatency(us)=5530.5] 
2014-07-18 17:19:47:544 2851 sec: 53214027 operations; 12163.18 current ops/sec; [INSERT AverageLatency(us)=1855.06] [READ AverageLatency(us)=6966.25] 
2014-07-18 17:19:57:544 2861 sec: 53440546 operations; 22651.9 current ops/sec; [INSERT AverageLatency(us)=248.43] [READ AverageLatency(us)=6662.83] 
2014-07-18 17:20:07:545 2871 sec: 53650997 operations; 21043 current ops/sec; [INSERT AverageLatency(us)=12.2] [READ AverageLatency(us)=5662.91] 
2014-07-18 17:20:17:546 2881 sec: 53715703 operations; 6470.6 current ops/sec; [INSERT AverageLatency(us)=3714.65] [READ AverageLatency(us)=8498.32] 
2014-07-18 17:20:27:546 2891 sec: 53952437 operations; 23671.03 current ops/sec; [INSERT AverageLatency(us)=62] [READ AverageLatency(us)=6259.81] 
2014-07-18 17:20:37:547 2901 sec: 54208908 operations; 25644.54 current ops/sec; [INSERT AverageLatency(us)=206.18] [READ AverageLatency(us)=7079.69] 
2014-07-18 17:20:47:559 2911 sec: 54231460 operations; 2252.5 current ops/sec; [INSERT AverageLatency(us)=9607.47] [READ AverageLatency(us)=5247.03] 
2014-07-18 17:20:57:560 2921 sec: 54473704 operations; 24221.98 current ops/sec; [INSERT AverageLatency(us)=65.87] [READ AverageLatency(us)=7569.83] 
2014-07-18 17:21:07:691 2931 sec: 54721352 operations; 24444.58 current ops/sec; [INSERT AverageLatency(us)=73.37] [READ AverageLatency(us)=7672.19] 
2014-07-18 17:21:17:691 2941 sec: 54846431 operations; 12507.9 current ops/sec; [INSERT AverageLatency(us)=880.76] [READ AverageLatency(us)=8321.79] 
2014-07-18 17:21:27:692 2951 sec: 55116867 operations; 27040.9 current ops/sec; [INSERT AverageLatency(us)=14.9] [READ AverageLatency(us)=5802.93] 
2014-07-18 17:21:37:692 2961 sec: 55130410 operations; 1354.3 current ops/sec; [INSERT AverageLatency(us)=15465.33] [READ AverageLatency(us)=15858.02] 
2014-07-18 17:21:47:693 2971 sec: 55396996 operations; 26655.93 current ops/sec; [INSERT AverageLatency(us)=21.76] [READ AverageLatency(us)=8043.99] 
2014-07-18 17:21:57:693 2981 sec: 55632673 operations; 23567.7 current ops/sec; [INSERT AverageLatency(us)=33.96] [READ AverageLatency(us)=8414.35] 
2014-07-18 17:22:07:694 2991 sec: 55696839 operations; 6415.96 current ops/sec; [INSERT AverageLatency(us)=2678.67] [READ AverageLatency(us)=2855.92] 
2014-07-18 17:22:17:694 3001 sec: 55946874 operations; 25003.5 current ops/sec; [INSERT AverageLatency(us)=22.85] [READ AverageLatency(us)=7083.31] 
2014-07-18 17:22:27:695 3011 sec: 56163254 operations; 21635.84 current ops/sec; [INSERT AverageLatency(us)=401.83] [READ AverageLatency(us)=7441.28] 
2014-07-18 17:22:37:695 3021 sec: 56234632 operations; 7137.8 current ops/sec; [INSERT AverageLatency(us)=532.36] [READ AverageLatency(us)=3290.06] 
2014-07-18 17:22:47:706 3031 sec: 56456131 operations; 22125.56 current ops/sec; [INSERT AverageLatency(us)=775.05] [READ AverageLatency(us)=8259.87] 
2014-07-18 17:22:57:706 3041 sec: 56617766 operations; 16163.5 current ops/sec; [INSERT AverageLatency(us)=511.19] [READ AverageLatency(us)=7767.1] 
2014-07-18 17:23:07:707 3051 sec: 56786990 operations; 16920.71 current ops/sec; [INSERT AverageLatency(us)=14.51] [READ AverageLatency(us)=5853.91] 
2014-07-18 17:23:17:707 3061 sec: 56942524 operations; 15553.4 current ops/sec; [INSERT AverageLatency(us)=1243.09] [READ AverageLatency(us)=8104.61] 
2014-07-18 17:23:27:708 3071 sec: 57156607 operations; 21406.16 current ops/sec; [INSERT AverageLatency(us)=349.02] [READ AverageLatency(us)=6179.11] 
2014-07-18 17:23:37:708 3081 sec: 57392245 operations; 23563.8 current ops/sec; [INSERT AverageLatency(us)=26.28] [READ AverageLatency(us)=7154.1] 
2014-07-18 17:23:47:709 3091 sec: 57512939 operations; 12068.19 current ops/sec; [INSERT AverageLatency(us)=800.74] [READ AverageLatency(us)=11321.63] 
2014-07-18 17:23:57:709 3101 sec: 57694825 operations; 18188.6 current ops/sec; [INSERT AverageLatency(us)=13.61] [READ AverageLatency(us)=3689.28] 
2014-07-18 17:24:07:710 3111 sec: 57912115 operations; 21726.83 current ops/sec; [INSERT AverageLatency(us)=1019.28] [READ AverageLatency(us)=6052.8] 
2014-07-18 17:24:17:710 3121 sec: 58101355 operations; 18924 current ops/sec; [INSERT AverageLatency(us)=334.65] [READ AverageLatency(us)=7235.18] 
2014-07-18 17:24:27:711 3131 sec: 58247665 operations; 14629.54 current ops/sec; [INSERT AverageLatency(us)=14.3] [READ AverageLatency(us)=4156.51] 
2014-07-18 17:24:37:712 3141 sec: 58407663 operations; 15998.2 current ops/sec; [INSERT AverageLatency(us)=1410.95] [READ AverageLatency(us)=8692.33] 
2014-07-18 17:24:47:712 3151 sec: 58620671 operations; 21300.8 current ops/sec; [INSERT AverageLatency(us)=354.97] [READ AverageLatency(us)=6100.43] 
2014-07-18 17:24:57:713 3161 sec: 58805914 operations; 18522.45 current ops/sec; [INSERT AverageLatency(us)=14.23] [READ AverageLatency(us)=6499.79] 
2014-07-18 17:25:07:713 3171 sec: 58933253 operations; 12733.9 current ops/sec; [INSERT AverageLatency(us)=1542.05] [READ AverageLatency(us)=7172.74] 
2014-07-18 17:25:17:714 3181 sec: 59138327 operations; 20505.35 current ops/sec; [INSERT AverageLatency(us)=369.45] [READ AverageLatency(us)=6807.01] 
2014-07-18 17:25:27:714 3191 sec: 59359233 operations; 22090.6 current ops/sec; [INSERT AverageLatency(us)=14.59] [READ AverageLatency(us)=5105.65] 
2014-07-18 17:25:37:715 3201 sec: 59479656 operations; 12041.1 current ops/sec; [INSERT AverageLatency(us)=1537.41] [READ AverageLatency(us)=9239.54] 
2014-07-18 17:25:47:715 3211 sec: 59663966 operations; 18431 current ops/sec; [INSERT AverageLatency(us)=454.47] [READ AverageLatency(us)=6915.35] 
2014-07-18 17:25:57:716 3221 sec: 59920163 operations; 25617.14 current ops/sec; [INSERT AverageLatency(us)=102.38] [READ AverageLatency(us)=6139.61] 
2014-07-18 17:26:07:716 3231 sec: 60091403 operations; 17124 current ops/sec; [INSERT AverageLatency(us)=655.52] [READ AverageLatency(us)=6962.59] 
2014-07-18 17:26:17:717 3241 sec: 60266883 operations; 17546.25 current ops/sec; [INSERT AverageLatency(us)=15.42] [READ AverageLatency(us)=5554.74] 
2014-07-18 17:26:27:717 3251 sec: 60380626 operations; 11374.3 current ops/sec; [INSERT AverageLatency(us)=2107.28] [READ AverageLatency(us)=7262.6] 
2014-07-18 17:26:37:718 3261 sec: 60589800 operations; 20915.31 current ops/sec; [INSERT AverageLatency(us)=143.21] [READ AverageLatency(us)=7810.98] 
2014-07-18 17:26:47:718 3271 sec: 60825528 operations; 23572.8 current ops/sec; [INSERT AverageLatency(us)=15.25] [READ AverageLatency(us)=5169.24] 
2014-07-18 17:26:57:719 3281 sec: 60937688 operations; 11214.88 current ops/sec; [INSERT AverageLatency(us)=1884.93] [READ AverageLatency(us)=7094.21] 
2014-07-18 17:27:07:719 3291 sec: 61178921 operations; 24123.3 current ops/sec; [INSERT AverageLatency(us)=255.31] [READ AverageLatency(us)=6343.64] 
2014-07-18 17:27:17:720 3301 sec: 61378607 operations; 19966.6 current ops/sec; [INSERT AverageLatency(us)=19.21] [READ AverageLatency(us)=6066.16] 
2014-07-18 17:27:27:720 3311 sec: 61460953 operations; 8234.6 current ops/sec; [INSERT AverageLatency(us)=2527.61] [READ AverageLatency(us)=10806.95] 
2014-07-18 17:27:37:721 3321 sec: 61672632 operations; 21165.78 current ops/sec; [INSERT AverageLatency(us)=137.47] [READ AverageLatency(us)=8207.65] 
2014-07-18 17:27:47:721 3331 sec: 61926231 operations; 25359.9 current ops/sec; [INSERT AverageLatency(us)=14.99] [READ AverageLatency(us)=5751.39] 
2014-07-18 17:27:57:722 3341 sec: 61991217 operations; 6497.95 current ops/sec; [INSERT AverageLatency(us)=3305.06] [READ AverageLatency(us)=8660.13] 
2014-07-18 17:28:07:723 3351 sec: 62233966 operations; 24274.9 current ops/sec; [INSERT AverageLatency(us)=125] [READ AverageLatency(us)=6747.93] 
2014-07-18 17:28:17:723 3361 sec: 62497087 operations; 26309.47 current ops/sec; [INSERT AverageLatency(us)=18.16] [READ AverageLatency(us)=7343.4] 
2014-07-18 17:28:27:724 3371 sec: 62633484 operations; 13638.34 current ops/sec; [INSERT AverageLatency(us)=976.41] [READ AverageLatency(us)=6300.62] 
2014-07-18 17:28:37:724 3381 sec: 62833945 operations; 20046.1 current ops/sec; [INSERT AverageLatency(us)=16.35] [READ AverageLatency(us)=6225.66] 
2014-07-18 17:28:47:725 3391 sec: 63015383 operations; 18141.99 current ops/sec; [INSERT AverageLatency(us)=858.75] [READ AverageLatency(us)=7321.31] 
2014-07-18 17:28:57:725 3401 sec: 63256051 operations; 24066.8 current ops/sec; [INSERT AverageLatency(us)=309.66] [READ AverageLatency(us)=5438.77] 
2014-07-18 17:29:07:726 3411 sec: 63428863 operations; 17279.47 current ops/sec; [INSERT AverageLatency(us)=15.99] [READ AverageLatency(us)=6734.73] 
2014-07-18 17:29:17:726 3421 sec: 63509026 operations; 8016.3 current ops/sec; [INSERT AverageLatency(us)=2763.71] [READ AverageLatency(us)=10183.26] 
2014-07-18 17:29:27:727 3431 sec: 63736361 operations; 22731.23 current ops/sec; [INSERT AverageLatency(us)=312.09] [READ AverageLatency(us)=5609.03] 
2014-07-18 17:29:37:727 3441 sec: 63986741 operations; 25038 current ops/sec; [INSERT AverageLatency(us)=16.75] [READ AverageLatency(us)=6246.22] 
2014-07-18 17:29:47:761 3451 sec: 64028456 operations; 4157.36 current ops/sec; [INSERT AverageLatency(us)=4934.19] [READ AverageLatency(us)=14838.18] 
2014-07-18 17:29:57:762 3461 sec: 64305824 operations; 27734.03 current ops/sec; [INSERT AverageLatency(us)=15.22] [READ AverageLatency(us)=6782.6] 
2014-07-18 17:30:07:762 3471 sec: 64537264 operations; 23144 current ops/sec; [INSERT AverageLatency(us)=22.97] [READ AverageLatency(us)=8732.99] 
2014-07-18 17:30:17:763 3481 sec: 64598794 operations; 6152.38 current ops/sec; [INSERT AverageLatency(us)=540.26] [READ AverageLatency(us)=3346.87] 
2014-07-18 17:30:27:763 3491 sec: 64819017 operations; 22022.3 current ops/sec; [INSERT AverageLatency(us)=941.06] [READ AverageLatency(us)=7369.71] 
2014-07-18 17:30:37:764 3501 sec: 65047273 operations; 22823.32 current ops/sec; [INSERT AverageLatency(us)=111.29] [READ AverageLatency(us)=7635.96] 
2014-07-18 17:30:48:514 3512 sec: 65181121 operations; 12450.98 current ops/sec; [INSERT AverageLatency(us)=314.52] [READ AverageLatency(us)=4061.81] 
2014-07-18 17:30:58:515 3522 sec: 65420661 operations; 23951.6 current ops/sec; [INSERT AverageLatency(us)=581.65] [READ AverageLatency(us)=7808] 
2014-07-18 17:31:08:515 3532 sec: 65554009 operations; 13334.8 current ops/sec; [INSERT AverageLatency(us)=734.69] [READ AverageLatency(us)=9085.38] 
2014-07-18 17:31:18:516 3542 sec: 65697380 operations; 14335.67 current ops/sec; [INSERT AverageLatency(us)=339.44] [READ AverageLatency(us)=4448.35] 
2014-07-18 17:31:28:516 3552 sec: 65969171 operations; 27179.1 current ops/sec; [INSERT AverageLatency(us)=405.64] [READ AverageLatency(us)=6397.75] 
2014-07-18 17:31:38:517 3562 sec: 66096184 operations; 12700.03 current ops/sec; [INSERT AverageLatency(us)=922.94] [READ AverageLatency(us)=8842.21] 
2014-07-18 17:31:48:517 3572 sec: 66261587 operations; 16540.3 current ops/sec; [INSERT AverageLatency(us)=679.11] [READ AverageLatency(us)=5092.51] 
2014-07-18 17:31:58:518 3582 sec: 66480418 operations; 21880.91 current ops/sec; [INSERT AverageLatency(us)=16.72] [READ AverageLatency(us)=7149.71] 
2014-07-18 17:32:08:519 3592 sec: 66620391 operations; 13997.3 current ops/sec; [INSERT AverageLatency(us)=1054.48] [READ AverageLatency(us)=8739.8] 
2014-07-18 17:32:18:519 3602 sec: 66829213 operations; 20880.11 current ops/sec; [INSERT AverageLatency(us)=329.32] [READ AverageLatency(us)=5823.64] 
2014-07-18 17:32:28:520 3612 sec: 67075332 operations; 24609.44 current ops/sec; [INSERT AverageLatency(us)=13.82] [READ AverageLatency(us)=5165.57] 
2014-07-18 17:32:38:520 3622 sec: 67168649 operations; 9331.7 current ops/sec; [INSERT AverageLatency(us)=2497.49] [READ AverageLatency(us)=7889.42] 
2014-07-18 17:32:48:521 3632 sec: 67399060 operations; 23038.8 current ops/sec; [INSERT AverageLatency(us)=30.58] [READ AverageLatency(us)=8311.21] 
2014-07-18 17:32:58:521 3642 sec: 67649199 operations; 25013.9 current ops/sec; [INSERT AverageLatency(us)=14.17] [READ AverageLatency(us)=5721.08] 
2014-07-18 17:33:08:522 3652 sec: 67766779 operations; 11756.82 current ops/sec; [INSERT AverageLatency(us)=1528.43] [READ AverageLatency(us)=7709.01] 
2014-07-18 17:33:18:522 3662 sec: 67942737 operations; 17595.8 current ops/sec; [INSERT AverageLatency(us)=519.77] [READ AverageLatency(us)=6730.67] 
2014-07-18 17:33:28:523 3672 sec: 68228480 operations; 28571.44 current ops/sec; [INSERT AverageLatency(us)=14.13] [READ AverageLatency(us)=5406.22] 
2014-07-18 17:33:38:523 3682 sec: 68340246 operations; 11176.6 current ops/sec; [INSERT AverageLatency(us)=1327.41] [READ AverageLatency(us)=9077.39] 
2014-07-18 17:33:48:524 3692 sec: 68547304 operations; 20703.73 current ops/sec; [INSERT AverageLatency(us)=127.31] [READ AverageLatency(us)=8156.33] 
2014-07-18 17:33:58:524 3702 sec: 68771080 operations; 22377.6 current ops/sec; [INSERT AverageLatency(us)=13.04] [READ AverageLatency(us)=5965.49] 
2014-07-18 17:34:08:525 3712 sec: 68899321 operations; 12822.82 current ops/sec; [INSERT AverageLatency(us)=1442.08] [READ AverageLatency(us)=8295.09] 
2014-07-18 17:34:18:525 3722 sec: 69022718 operations; 12339.7 current ops/sec; [INSERT AverageLatency(us)=1102.44] [READ AverageLatency(us)=6020.29] 
2014-07-18 17:34:28:526 3732 sec: 69287329 operations; 26458.45 current ops/sec; [INSERT AverageLatency(us)=19.14] [READ AverageLatency(us)=6156.73] 
2014-07-18 17:34:38:526 3742 sec: 69426940 operations; 13961.1 current ops/sec; [INSERT AverageLatency(us)=777.15] [READ AverageLatency(us)=8929.75] 
2014-07-18 17:34:48:527 3752 sec: 69610983 operations; 18402.46 current ops/sec; [INSERT AverageLatency(us)=470.3] [READ AverageLatency(us)=5393.87] 
2014-07-18 17:34:58:527 3762 sec: 69845752 operations; 23476.9 current ops/sec; [INSERT AverageLatency(us)=12.53] [READ AverageLatency(us)=6160.66] 
2014-07-18 17:35:08:528 3772 sec: 70005412 operations; 15964.4 current ops/sec; [INSERT AverageLatency(us)=1105.89] [READ AverageLatency(us)=7961.53] 
2014-07-18 17:35:18:528 3782 sec: 70139437 operations; 13402.5 current ops/sec; [INSERT AverageLatency(us)=1061.21] [READ AverageLatency(us)=4861.21] 
2014-07-18 17:35:28:529 3792 sec: 70408973 operations; 26950.9 current ops/sec; [INSERT AverageLatency(us)=13.54] [READ AverageLatency(us)=5815.29] 
2014-07-18 17:35:38:529 3802 sec: 70598346 operations; 18937.3 current ops/sec; [INSERT AverageLatency(us)=585.91] [READ AverageLatency(us)=7607.9] 
2014-07-18 17:35:48:530 3812 sec: 70728128 operations; 12976.9 current ops/sec; [INSERT AverageLatency(us)=972.73] [READ AverageLatency(us)=6102.25] 
2014-07-18 17:35:58:530 3822 sec: 71024599 operations; 29647.1 current ops/sec; [INSERT AverageLatency(us)=12.55] [READ AverageLatency(us)=5882.06] 
2014-07-18 17:36:08:531 3832 sec: 71120481 operations; 9587.24 current ops/sec; [INSERT AverageLatency(us)=1730.98] [READ AverageLatency(us)=8343.35] 
2014-07-18 17:36:18:531 3842 sec: 71306141 operations; 18566 current ops/sec; [INSERT AverageLatency(us)=17.2] [READ AverageLatency(us)=6310.3] 
2014-07-18 17:36:28:532 3852 sec: 71439846 operations; 13369.16 current ops/sec; [INSERT AverageLatency(us)=1197.32] [READ AverageLatency(us)=9368.62] 
2014-07-18 17:36:38:748 3862 sec: 71621853 operations; 17815.88 current ops/sec; [INSERT AverageLatency(us)=48.45] [READ AverageLatency(us)=5059.09] 
2014-07-18 17:36:48:748 3872 sec: 71850862 operations; 22900.9 current ops/sec; [INSERT AverageLatency(us)=617.56] [READ AverageLatency(us)=7844.87] 
2014-07-18 17:36:58:749 3882 sec: 72035261 operations; 18438.06 current ops/sec; [INSERT AverageLatency(us)=623.66] [READ AverageLatency(us)=5440.98] 
2014-07-18 17:37:08:749 3892 sec: 72177451 operations; 14219 current ops/sec; [INSERT AverageLatency(us)=17.97] [READ AverageLatency(us)=5754.91] 
2014-07-18 17:37:18:750 3902 sec: 72372735 operations; 19526.45 current ops/sec; [INSERT AverageLatency(us)=911.85] [READ AverageLatency(us)=8018.97] 
2014-07-18 17:37:28:750 3912 sec: 72503512 operations; 13077.7 current ops/sec; [INSERT AverageLatency(us)=792.8] [READ AverageLatency(us)=8189.17] 
2014-07-18 17:37:38:751 3922 sec: 72759748 operations; 25621.04 current ops/sec; [INSERT AverageLatency(us)=93.38] [READ AverageLatency(us)=4939.37] 
2014-07-18 17:37:48:751 3932 sec: 72986177 operations; 22642.9 current ops/sec; [INSERT AverageLatency(us)=322.92] [READ AverageLatency(us)=5762.19] 
2014-07-18 17:37:58:752 3942 sec: 73102918 operations; 11672.93 current ops/sec; [INSERT AverageLatency(us)=1328.6] [READ AverageLatency(us)=9597.79] 
2014-07-18 17:38:08:752 3952 sec: 73254380 operations; 15146.2 current ops/sec; [INSERT AverageLatency(us)=669.52] [READ AverageLatency(us)=7131.16] 
2014-07-18 17:38:18:753 3962 sec: 73558688 operations; 30427.76 current ops/sec; [INSERT AverageLatency(us)=20.25] [READ AverageLatency(us)=5952.16] 
2014-07-18 17:38:28:753 3972 sec: 73788551 operations; 22986.3 current ops/sec; [INSERT AverageLatency(us)=326.75] [READ AverageLatency(us)=6234.87] 
2014-07-18 17:38:38:754 3982 sec: 73899382 operations; 11081.99 current ops/sec; [INSERT AverageLatency(us)=14.8] [READ AverageLatency(us)=5808.37] 
2014-07-18 17:38:48:754 3992 sec: 73995108 operations; 9572.6 current ops/sec; [INSERT AverageLatency(us)=3062.05] [READ AverageLatency(us)=7217.45] 
2014-07-18 17:38:58:755 4002 sec: 74235281 operations; 24014.9 current ops/sec; [INSERT AverageLatency(us)=15.05] [READ AverageLatency(us)=7981.43] 
2014-07-18 17:39:08:755 4012 sec: 74494258 operations; 25897.7 current ops/sec; [INSERT AverageLatency(us)=15.48] [READ AverageLatency(us)=6554.27] 
2014-07-18 17:39:18:756 4022 sec: 74512164 operations; 1790.42 current ops/sec; [INSERT AverageLatency(us)=5170.94] [READ AverageLatency(us)=5824.39] 
2014-07-18 17:39:28:756 4032 sec: 74759379 operations; 24721.5 current ops/sec; [INSERT AverageLatency(us)=630.09] [READ AverageLatency(us)=7757.33] 
2014-07-18 17:39:38:757 4042 sec: 75039287 operations; 27988 current ops/sec; [INSERT AverageLatency(us)=13.28] [READ AverageLatency(us)=6667.46] 
2014-07-18 17:39:48:757 4052 sec: 75093774 operations; 5448.7 current ops/sec; [INSERT AverageLatency(us)=642.07] [READ AverageLatency(us)=4060.25] 
2014-07-18 17:39:58:758 4062 sec: 75311410 operations; 21761.42 current ops/sec; [INSERT AverageLatency(us)=950.72] [READ AverageLatency(us)=7870.59] 
2014-07-18 17:40:08:758 4072 sec: 75597404 operations; 28599.4 current ops/sec; [INSERT AverageLatency(us)=15.11] [READ AverageLatency(us)=6949.14] 
2014-07-18 17:40:18:759 4082 sec: 75641146 operations; 4373.76 current ops/sec; [INSERT AverageLatency(us)=15.11] [READ AverageLatency(us)=5936.89] 
2014-07-18 17:40:28:759 4092 sec: 75658276 operations; 1713 current ops/sec; [INSERT AverageLatency(us)=21206.63] [READ AverageLatency(us)=26764.48] 
2014-07-18 17:40:38:760 4102 sec: 75963733 operations; 30542.65 current ops/sec; [INSERT AverageLatency(us)=14.55] [READ AverageLatency(us)=6365.66] 
2014-07-18 17:40:48:760 4112 sec: 76183815 operations; 22008.2 current ops/sec; [INSERT AverageLatency(us)=14.25] [READ AverageLatency(us)=6309.26] 
2014-07-18 17:40:58:761 4122 sec: 76183815 operations; 0 current ops/sec;   
2014-07-18 17:41:08:761 4132 sec: 76302174 operations; 11835.9 current ops/sec; [INSERT AverageLatency(us)=3191.2] [READ AverageLatency(us)=9875.86] 
2014-07-18 17:41:18:762 4142 sec: 76605586 operations; 30338.17 current ops/sec; [INSERT AverageLatency(us)=13.69] [READ AverageLatency(us)=6272.06] 
2014-07-18 17:41:28:762 4152 sec: 76731586 operations; 12600 current ops/sec; [INSERT AverageLatency(us)=14.97] [READ AverageLatency(us)=4323.3] 
2014-07-18 17:41:38:763 4162 sec: 76733699 operations; 211.28 current ops/sec; [INSERT AverageLatency(us)=62673.44] [READ AverageLatency(us)=23440.61] 
2014-07-18 17:41:48:763 4172 sec: 76968552 operations; 23485.3 current ops/sec; [INSERT AverageLatency(us)=1096.27] [READ AverageLatency(us)=8138.77] 
2014-07-18 17:41:58:764 4182 sec: 77248143 operations; 27956.3 current ops/sec; [INSERT AverageLatency(us)=13.83] [READ AverageLatency(us)=6959.62] 
2014-07-18 17:42:08:764 4192 sec: 77284490 operations; 3634.7 current ops/sec; [INSERT AverageLatency(us)=9.46] [READ AverageLatency(us)=1776.44] 
2014-07-18 17:42:18:765 4202 sec: 77304243 operations; 1975.1 current ops/sec; [INSERT AverageLatency(us)=19952.93] [READ AverageLatency(us)=5183.93] 
2014-07-18 17:42:28:765 4212 sec: 77522889 operations; 21864.6 current ops/sec; [INSERT AverageLatency(us)=13.65] [READ AverageLatency(us)=9617.07] 
2014-07-18 17:42:38:766 4222 sec: 77831181 operations; 30826.12 current ops/sec; [INSERT AverageLatency(us)=13.43] [READ AverageLatency(us)=6611.45] 
2014-07-18 17:42:48:766 4232 sec: 78023817 operations; 19263.6 current ops/sec; [INSERT AverageLatency(us)=527.55] [READ AverageLatency(us)=5730.52] 
2014-07-18 17:42:58:767 4242 sec: 78176935 operations; 15310.27 current ops/sec; [INSERT AverageLatency(us)=18.55] [READ AverageLatency(us)=5672.23] 
2014-07-18 17:43:08:767 4252 sec: 78399335 operations; 22240 current ops/sec; [INSERT AverageLatency(us)=756.42] [READ AverageLatency(us)=6836.64] 
2014-07-18 17:43:18:768 4262 sec: 78496277 operations; 9693.23 current ops/sec; [INSERT AverageLatency(us)=1495.32] [READ AverageLatency(us)=7829.68] 
2014-07-18 17:43:28:768 4272 sec: 78756855 operations; 26057.8 current ops/sec; [INSERT AverageLatency(us)=42.06] [READ AverageLatency(us)=5799.44] 
2014-07-18 17:43:38:769 4282 sec: 79020125 operations; 26324.37 current ops/sec; [INSERT AverageLatency(us)=271.09] [READ AverageLatency(us)=6004.27] 
2014-07-18 17:43:48:769 4292 sec: 79034946 operations; 1482.1 current ops/sec; [INSERT AverageLatency(us)=14135.26] [READ AverageLatency(us)=8360.44] 
2014-07-18 17:43:58:770 4302 sec: 79303844 operations; 26887.11 current ops/sec; [INSERT AverageLatency(us)=41.47] [READ AverageLatency(us)=7408.89] 
2014-07-18 17:44:08:770 4312 sec: 79565352 operations; 26150.8 current ops/sec; [INSERT AverageLatency(us)=50.02] [READ AverageLatency(us)=7274.78] 
2014-07-18 17:44:18:771 4322 sec: 79602543 operations; 3718.73 current ops/sec; [INSERT AverageLatency(us)=5168.1] [READ AverageLatency(us)=4419.67] 
2014-07-18 17:44:28:771 4332 sec: 79825482 operations; 22293.9 current ops/sec; [INSERT AverageLatency(us)=12.75] [READ AverageLatency(us)=6882.73] 
2014-07-18 17:44:38:772 4342 sec: 80043767 operations; 21826.32 current ops/sec; [INSERT AverageLatency(us)=510.23] [READ AverageLatency(us)=6867.78] 
2014-07-18 17:44:48:772 4352 sec: 80156842 operations; 11307.5 current ops/sec; [INSERT AverageLatency(us)=1263.59] [READ AverageLatency(us)=5890.07] 
2014-07-18 17:44:58:773 4362 sec: 80399256 operations; 24238.98 current ops/sec; [INSERT AverageLatency(us)=14.26] [READ AverageLatency(us)=6457.19] 
2014-07-18 17:45:08:773 4372 sec: 80570219 operations; 17096.3 current ops/sec; [INSERT AverageLatency(us)=722.51] [READ AverageLatency(us)=7960.86] 
2014-07-18 17:45:18:774 4382 sec: 80736425 operations; 16618.94 current ops/sec; [INSERT AverageLatency(us)=634.79] [READ AverageLatency(us)=5518.44] 
2014-07-18 17:45:28:775 4392 sec: 80978612 operations; 24216.28 current ops/sec; [INSERT AverageLatency(us)=17.46] [READ AverageLatency(us)=6199.77] 
2014-07-18 17:45:38:775 4402 sec: 81144794 operations; 16618.2 current ops/sec; [INSERT AverageLatency(us)=917.91] [READ AverageLatency(us)=7014.67] 
2014-07-18 17:45:48:776 4412 sec: 81311885 operations; 16707.43 current ops/sec; [INSERT AverageLatency(us)=615.61] [READ AverageLatency(us)=6224.12] 
2014-07-18 17:45:58:776 4422 sec: 81526472 operations; 21458.7 current ops/sec; [INSERT AverageLatency(us)=13.32] [READ AverageLatency(us)=5541.8] 
2014-07-18 17:46:08:777 4432 sec: 81732101 operations; 20560.84 current ops/sec; [INSERT AverageLatency(us)=648.93] [READ AverageLatency(us)=7813.15] 
2014-07-18 17:46:18:777 4442 sec: 81900638 operations; 16853.7 current ops/sec; [INSERT AverageLatency(us)=617.81] [READ AverageLatency(us)=6253.88] 
2014-07-18 17:46:28:778 4452 sec: 82059509 operations; 15885.51 current ops/sec; [INSERT AverageLatency(us)=604.23] [READ AverageLatency(us)=6921.92] 
2014-07-18 17:46:38:778 4462 sec: 82293878 operations; 23436.9 current ops/sec; [INSERT AverageLatency(us)=12.04] [READ AverageLatency(us)=6196.56] 
2014-07-18 17:46:48:779 4472 sec: 82416281 operations; 12239.08 current ops/sec; [INSERT AverageLatency(us)=1352.48] [READ AverageLatency(us)=7937.31] 
2014-07-18 17:46:58:779 4482 sec: 82689619 operations; 27333.8 current ops/sec; [INSERT AverageLatency(us)=14.04] [READ AverageLatency(us)=7409.7] 
2014-07-18 17:47:08:780 4492 sec: 82857403 operations; 16776.72 current ops/sec; [INSERT AverageLatency(us)=15.68] [READ AverageLatency(us)=6435.69] 
2014-07-18 17:47:18:780 4502 sec: 82972642 operations; 11523.9 current ops/sec; [INSERT AverageLatency(us)=1992.56] [READ AverageLatency(us)=6755.86] 
2014-07-18 17:47:28:781 4512 sec: 83248291 operations; 27562.14 current ops/sec; [INSERT AverageLatency(us)=13.85] [READ AverageLatency(us)=7265.32] 
2014-07-18 17:47:38:781 4522 sec: 83425798 operations; 17750.7 current ops/sec; [INSERT AverageLatency(us)=15.95] [READ AverageLatency(us)=5523.08] 
2014-07-18 17:47:48:782 4532 sec: 83544299 operations; 11848.92 current ops/sec; [INSERT AverageLatency(us)=1930.27] [READ AverageLatency(us)=7797.82] 
2014-07-18 17:47:58:782 4542 sec: 83836632 operations; 29233.3 current ops/sec; [INSERT AverageLatency(us)=13.74] [READ AverageLatency(us)=6705.65] 
2014-07-18 17:48:08:783 4552 sec: 83952850 operations; 11620.64 current ops/sec; [INSERT AverageLatency(us)=15.36] [READ AverageLatency(us)=6027.17] 
2014-07-18 17:48:18:869 4562 sec: 84117840 operations; 16358.32 current ops/sec; [INSERT AverageLatency(us)=1201.75] [READ AverageLatency(us)=8779.17] 
2014-07-18 17:48:28:869 4572 sec: 84385688 operations; 26784.8 current ops/sec; [INSERT AverageLatency(us)=17.72] [READ AverageLatency(us)=7463.88] 
2014-07-18 17:48:38:870 4582 sec: 84531829 operations; 14614.1 current ops/sec; [INSERT AverageLatency(us)=12.41] [READ AverageLatency(us)=4686.14] 
2014-07-18 17:48:48:870 4592 sec: 84665651 operations; 13380.86 current ops/sec; [INSERT AverageLatency(us)=1812.12] [READ AverageLatency(us)=8247.69] 
2014-07-18 17:48:58:870 4602 sec: 84918994 operations; 25334.3 current ops/sec; [INSERT AverageLatency(us)=28.43] [READ AverageLatency(us)=7671.35] 
2014-07-18 17:49:08:871 4612 sec: 85105675 operations; 18666.23 current ops/sec; [INSERT AverageLatency(us)=14.48] [READ AverageLatency(us)=4995.8] 
2014-07-18 17:49:18:871 4622 sec: 85226484 operations; 12080.9 current ops/sec; [INSERT AverageLatency(us)=1922.09] [READ AverageLatency(us)=7783] 
2014-07-18 17:49:28:897 4632 sec: 85496266 operations; 26908.24 current ops/sec; [INSERT AverageLatency(us)=14] [READ AverageLatency(us)=7295.39] 
2014-07-18 17:49:38:898 4642 sec: 85710603 operations; 21431.56 current ops/sec; [INSERT AverageLatency(us)=12.87] [READ AverageLatency(us)=5923.59] 
2014-07-18 17:49:48:898 4652 sec: 85820608 operations; 11000.5 current ops/sec; [INSERT AverageLatency(us)=1960.58] [READ AverageLatency(us)=6598.6] 
2014-07-18 17:49:58:899 4662 sec: 86001533 operations; 18090.69 current ops/sec; [INSERT AverageLatency(us)=176.54] [READ AverageLatency(us)=6953.71] 
2014-07-18 17:50:08:899 4672 sec: 86251719 operations; 25018.6 current ops/sec; [INSERT AverageLatency(us)=238.67] [READ AverageLatency(us)=7416.83] 
2014-07-18 17:50:18:900 4682 sec: 86313484 operations; 6175.88 current ops/sec; [INSERT AverageLatency(us)=2912.47] [READ AverageLatency(us)=6162.81] 
2014-07-18 17:50:28:900 4692 sec: 86559879 operations; 24639.5 current ops/sec; [INSERT AverageLatency(us)=25.65] [READ AverageLatency(us)=8045.75] 
2014-07-18 17:50:38:901 4702 sec: 86784808 operations; 22490.65 current ops/sec; [INSERT AverageLatency(us)=23.96] [READ AverageLatency(us)=8707.15] 
2014-07-18 17:50:48:901 4712 sec: 86864361 operations; 7955.3 current ops/sec; [INSERT AverageLatency(us)=198.2] [READ AverageLatency(us)=4575.28] 
2014-07-18 17:50:58:902 4722 sec: 87088852 operations; 22446.86 current ops/sec; [INSERT AverageLatency(us)=920.06] [READ AverageLatency(us)=7346.66] 
2014-07-18 17:51:09:175 4732 sec: 87394045 operations; 29708.26 current ops/sec; [INSERT AverageLatency(us)=15.15] [READ AverageLatency(us)=6164.39] 
2014-07-18 17:51:19:176 4742 sec: 87452915 operations; 5886.41 current ops/sec; [INSERT AverageLatency(us)=3293.02] [READ AverageLatency(us)=5849.73] 
2014-07-18 17:51:29:176 4752 sec: 87675321 operations; 22240.6 current ops/sec; [INSERT AverageLatency(us)=15.2] [READ AverageLatency(us)=8841] 
2014-07-18 17:51:39:177 4762 sec: 87960000 operations; 28465.05 current ops/sec; [INSERT AverageLatency(us)=12.65] [READ AverageLatency(us)=6486.09] 
2014-07-18 17:51:49:177 4772 sec: 87971876 operations; 1187.6 current ops/sec; [INSERT AverageLatency(us)=18498.91] [READ AverageLatency(us)=10960.26] 
2014-07-18 17:51:59:178 4782 sec: 88246202 operations; 27429.86 current ops/sec; [INSERT AverageLatency(us)=30.37] [READ AverageLatency(us)=7085.7] 
2014-07-18 17:52:09:178 4792 sec: 88477647 operations; 23144.5 current ops/sec; [INSERT AverageLatency(us)=26.61] [READ AverageLatency(us)=8219.3] 
2014-07-18 17:52:19:179 4802 sec: 88701012 operations; 22334.27 current ops/sec; [INSERT AverageLatency(us)=13.94] [READ AverageLatency(us)=6389.83] 
2014-07-18 17:52:29:179 4812 sec: 88701012 operations; 0 current ops/sec;   
2014-07-18 17:52:39:180 4822 sec: 88818923 operations; 11789.92 current ops/sec; [INSERT AverageLatency(us)=2970.86] [READ AverageLatency(us)=11972.64] 
2014-07-18 17:52:49:180 4832 sec: 89106250 operations; 28732.7 current ops/sec; [INSERT AverageLatency(us)=13.9] [READ AverageLatency(us)=6826.5] 
2014-07-18 17:52:59:181 4842 sec: 89285353 operations; 17908.51 current ops/sec; [INSERT AverageLatency(us)=13.67] [READ AverageLatency(us)=6166.46] 
2014-07-18 17:53:09:181 4852 sec: 89404481 operations; 11912.8 current ops/sec; [INSERT AverageLatency(us)=1666.67] [READ AverageLatency(us)=8139.55] 
2014-07-18 17:53:19:199 4862 sec: 89632083 operations; 22719.31 current ops/sec; [INSERT AverageLatency(us)=34.41] [READ AverageLatency(us)=8746.88] 
2014-07-18 17:53:29:199 4872 sec: 89838828 operations; 20674.5 current ops/sec; [INSERT AverageLatency(us)=12.76] [READ AverageLatency(us)=4644.31] 
2014-07-18 17:53:39:200 4882 sec: 89883789 operations; 4495.65 current ops/sec; [INSERT AverageLatency(us)=5696.3] [READ AverageLatency(us)=15661.53] 
2014-07-18 17:53:49:200 4892 sec: 90103902 operations; 22011.3 current ops/sec; [INSERT AverageLatency(us)=87.54] [READ AverageLatency(us)=6551.6] 
2014-07-18 17:53:59:201 4902 sec: 90347995 operations; 24406.86 current ops/sec; [INSERT AverageLatency(us)=264.96] [READ AverageLatency(us)=7317.21] 
2014-07-18 17:54:09:201 4912 sec: 90429751 operations; 8175.6 current ops/sec; [INSERT AverageLatency(us)=1745.33] [READ AverageLatency(us)=8748.21] 
2014-07-18 17:54:19:202 4922 sec: 90647796 operations; 21802.32 current ops/sec; [INSERT AverageLatency(us)=13.88] [READ AverageLatency(us)=4493.95] 
2014-07-18 17:54:29:263 4933 sec: 90858503 operations; 20942.95 current ops/sec; [INSERT AverageLatency(us)=720.35] [READ AverageLatency(us)=7639.12] 
2014-07-18 17:54:39:264 4943 sec: 90988865 operations; 13034.9 current ops/sec; [INSERT AverageLatency(us)=781.3] [READ AverageLatency(us)=8074.3] 
2014-07-18 17:54:49:264 4953 sec: 91247493 operations; 25862.8 current ops/sec; [INSERT AverageLatency(us)=14.23] [READ AverageLatency(us)=6481.05] 
2014-07-18 17:54:59:265 4963 sec: 91394816 operations; 14730.83 current ops/sec; [INSERT AverageLatency(us)=830.55] [READ AverageLatency(us)=8260.21] 
2014-07-18 17:55:09:265 4973 sec: 91531455 operations; 13663.9 current ops/sec; [INSERT AverageLatency(us)=958.23] [READ AverageLatency(us)=4933.86] 
2014-07-18 17:55:19:266 4983 sec: 91785193 operations; 25371.26 current ops/sec; [INSERT AverageLatency(us)=20.85] [READ AverageLatency(us)=6663.2] 
2014-07-18 17:55:29:266 4993 sec: 91999957 operations; 21476.4 current ops/sec; [INSERT AverageLatency(us)=508.99] [READ AverageLatency(us)=6416.56] 
2014-07-18 17:55:39:267 5003 sec: 92106247 operations; 10627.94 current ops/sec; [INSERT AverageLatency(us)=1181.81] [READ AverageLatency(us)=8305.72] 
2014-07-18 17:55:49:268 5013 sec: 92322523 operations; 21625.44 current ops/sec; [INSERT AverageLatency(us)=14.61] [READ AverageLatency(us)=5657.6] 
2014-07-18 17:55:59:268 5023 sec: 92534025 operations; 21150.2 current ops/sec; [INSERT AverageLatency(us)=671.62] [READ AverageLatency(us)=6716.16] 
2014-07-18 17:56:09:268 5033 sec: 92742484 operations; 20845.9 current ops/sec; [INSERT AverageLatency(us)=351.58] [READ AverageLatency(us)=6363.75] 
2014-07-18 17:56:19:269 5043 sec: 93041402 operations; 29888.81 current ops/sec; [INSERT AverageLatency(us)=14.24] [READ AverageLatency(us)=6645.16] 
2014-07-18 17:56:29:269 5053 sec: 93063489 operations; 2208.7 current ops/sec; [INSERT AverageLatency(us)=9.75] [READ AverageLatency(us)=1765.03] 
2014-07-18 17:56:39:270 5063 sec: 93169429 operations; 10592.94 current ops/sec; [INSERT AverageLatency(us)=3285.01] [READ AverageLatency(us)=7753.24] 
2014-07-18 17:56:49:270 5073 sec: 93384410 operations; 21498.1 current ops/sec; [INSERT AverageLatency(us)=13.89] [READ AverageLatency(us)=8665.4] 
2014-07-18 17:56:59:271 5083 sec: 93616298 operations; 23186.48 current ops/sec; [INSERT AverageLatency(us)=12.92] [READ AverageLatency(us)=6767.24] 
2014-07-18 17:57:09:271 5093 sec: 93616298 operations; 0 current ops/sec;   
2014-07-18 17:57:19:272 5103 sec: 93647875 operations; 3157.38 current ops/sec; [INSERT AverageLatency(us)=13879.74] [READ AverageLatency(us)=17611.57] 
2014-07-18 17:57:29:272 5113 sec: 93942034 operations; 29415.9 current ops/sec; [INSERT AverageLatency(us)=13.32] [READ AverageLatency(us)=6578.18] 
2014-07-18 17:57:39:273 5123 sec: 94221807 operations; 27974.5 current ops/sec; [INSERT AverageLatency(us)=15.08] [READ AverageLatency(us)=6347.3] 
2014-07-18 17:57:49:273 5133 sec: 94221807 operations; 0 current ops/sec;   
2014-07-18 17:57:59:274 5143 sec: 94237146 operations; 1533.75 current ops/sec; [INSERT AverageLatency(us)=28304.09] [READ AverageLatency(us)=11266.1] 
2014-07-18 17:58:09:274 5153 sec: 94472861 operations; 23571.5 current ops/sec; [INSERT AverageLatency(us)=13.56] [READ AverageLatency(us)=8681.88] 
2014-07-18 17:58:19:275 5163 sec: 94666270 operations; 19338.97 current ops/sec; [INSERT AverageLatency(us)=12.95] [READ AverageLatency(us)=9787.97] 
2014-07-18 17:58:29:275 5173 sec: 94847926 operations; 18165.6 current ops/sec; [INSERT AverageLatency(us)=14.33] [READ AverageLatency(us)=5717.95] 
2014-07-18 17:58:39:276 5183 sec: 94960512 operations; 11257.47 current ops/sec; [INSERT AverageLatency(us)=2080.33] [READ AverageLatency(us)=7717.2] 
2014-07-18 17:58:49:276 5193 sec: 95136413 operations; 17590.1 current ops/sec; [INSERT AverageLatency(us)=475.59] [READ AverageLatency(us)=5496.08] 
2014-07-18 17:58:59:278 5203 sec: 95406689 operations; 27022.2 current ops/sec; [INSERT AverageLatency(us)=15.42] [READ AverageLatency(us)=6809.19] 
2014-07-18 17:59:09:278 5213 sec: 95536992 operations; 13030.3 current ops/sec; [INSERT AverageLatency(us)=1150.78] [READ AverageLatency(us)=7965.95] 
2014-07-18 17:59:19:279 5223 sec: 95693085 operations; 15607.74 current ops/sec; [INSERT AverageLatency(us)=683.43] [READ AverageLatency(us)=6308.42] 
2014-07-18 17:59:29:279 5233 sec: 95954538 operations; 26145.3 current ops/sec; [INSERT AverageLatency(us)=14.24] [READ AverageLatency(us)=6665.4] 
2014-07-18 17:59:39:280 5243 sec: 96140326 operations; 18576.94 current ops/sec; [INSERT AverageLatency(us)=508.83] [READ AverageLatency(us)=7762.89] 
2014-07-18 17:59:49:280 5253 sec: 96268524 operations; 12819.8 current ops/sec; [INSERT AverageLatency(us)=1189.65] [READ AverageLatency(us)=4385.22] 
2014-07-18 17:59:59:281 5263 sec: 96523186 operations; 25463.65 current ops/sec; [INSERT AverageLatency(us)=14.92] [READ AverageLatency(us)=6871.47] 
2014-07-18 18:00:09:281 5273 sec: 96720132 operations; 19694.6 current ops/sec; [INSERT AverageLatency(us)=447.46] [READ AverageLatency(us)=6700.66] 
2014-07-18 18:00:19:282 5283 sec: 96772870 operations; 5273.27 current ops/sec; [INSERT AverageLatency(us)=827.49] [READ AverageLatency(us)=7465.88] 
2014-07-18 18:00:29:282 5293 sec: 96996165 operations; 22329.5 current ops/sec; [INSERT AverageLatency(us)=711] [READ AverageLatency(us)=8169.75] 
2014-07-18 18:00:39:283 5303 sec: 97307734 operations; 31153.78 current ops/sec; [INSERT AverageLatency(us)=16.25] [READ AverageLatency(us)=6248.04] 
2014-07-18 18:00:49:283 5313 sec: 97546324 operations; 23859 current ops/sec; [INSERT AverageLatency(us)=125.77] [READ AverageLatency(us)=5653.4] 
2014-07-18 18:00:59:284 5323 sec: 97546324 operations; 0 current ops/sec;   
2014-07-18 18:01:09:284 5333 sec: 97670385 operations; 12406.1 current ops/sec; [INSERT AverageLatency(us)=2739.45] [READ AverageLatency(us)=10622.95] 
2014-07-18 18:01:19:285 5343 sec: 97918017 operations; 24760.72 current ops/sec; [INSERT AverageLatency(us)=13.43] [READ AverageLatency(us)=8139.53] 
2014-07-18 18:01:29:285 5353 sec: 98151398 operations; 23338.1 current ops/sec; [INSERT AverageLatency(us)=17.03] [READ AverageLatency(us)=7081.85] 
2014-07-18 18:01:39:286 5363 sec: 98177429 operations; 2602.84 current ops/sec; [INSERT AverageLatency(us)=7744.23] [READ AverageLatency(us)=18590.58] 
2014-07-18 18:01:49:286 5373 sec: 98472825 operations; 29539.6 current ops/sec; [INSERT AverageLatency(us)=14.63] [READ AverageLatency(us)=6613.23] 
2014-07-18 18:01:59:287 5383 sec: 98701495 operations; 22864.71 current ops/sec; [INSERT AverageLatency(us)=13.69] [READ AverageLatency(us)=6762.17] 
2014-07-18 18:02:09:287 5393 sec: 98713706 operations; 1221.1 current ops/sec; [UPDATE AverageLatency(us)=11206844] [INSERT AverageLatency(us)=19241.97] [READ AverageLatency(us)=12969.54] [CLEANUP AverageLatency(us)=11206994] 
2014-07-18 18:02:19:288 5403 sec: 98918249 operations; 20452.25 current ops/sec;  [INSERT AverageLatency(us)=12.99] [READ AverageLatency(us)=9265.04]  
2014-07-18 18:02:29:288 5413 sec: 99170320 operations; 25207.1 current ops/sec; [UPDATE AverageLatency(us)=623721.5] [INSERT AverageLatency(us)=13.51] [READ AverageLatency(us)=6826.92] [CLEANUP AverageLatency(us)=624282.5] 
2014-07-18 18:02:39:289 5423 sec: 99230861 operations; 6053.49 current ops/sec; [UPDATE AverageLatency(us)=10743033] [INSERT AverageLatency(us)=2378.43] [READ AverageLatency(us)=4406.06] [CLEANUP AverageLatency(us)=10743040] 
2014-07-18 18:02:49:289 5433 sec: 99484440 operations; 25357.9 current ops/sec;  [INSERT AverageLatency(us)=13.17] [READ AverageLatency(us)=4950.27]  
2014-07-18 18:02:59:290 5443 sec: 99648944 operations; 16448.76 current ops/sec; [UPDATE AverageLatency(us)=1367874.71] [INSERT AverageLatency(us)=398.82] [READ AverageLatency(us)=5335.56] [CLEANUP AverageLatency(us)=1367881.57] 
2014-07-18 18:03:09:290 5453 sec: 99720955 operations; 7201.1 current ops/sec; [UPDATE AverageLatency(us)=3082780.4] [INSERT AverageLatency(us)=559.33] [READ AverageLatency(us)=3951.58] [CLEANUP AverageLatency(us)=3082787.8] 
2014-07-18 18:03:19:291 5463 sec: 99790729 operations; 6976.7 current ops/sec; [UPDATE AverageLatency(us)=667070.33] [INSERT AverageLatency(us)=12.22] [READ AverageLatency(us)=2061.96] [CLEANUP AverageLatency(us)=667077.33] 
2014-07-18 18:03:29:291 5473 sec: 99851150 operations; 6042.1 current ops/sec;  [INSERT AverageLatency(us)=14.07] [READ AverageLatency(us)=1492.67]  
2014-07-18 18:03:39:292 5483 sec: 99911985 operations; 6082.89 current ops/sec;  [INSERT AverageLatency(us)=9.89] [READ AverageLatency(us)=1527.56]  
2014-07-18 18:03:49:292 5493 sec: 99975405 operations; 6342 current ops/sec;  [INSERT AverageLatency(us)=10.53] [READ AverageLatency(us)=1448.69]  
2014-07-18 18:03:53:959 5497 sec: 100000000 operations; 5269.98 current ops/sec; [UPDATE AverageLatency(us)=561797] [INSERT AverageLatency(us)=19.31] [READ AverageLatency(us)=1447.61] [CLEANUP AverageLatency(us)=561805] 
+ echo 'end time:'
end time:
++ date +%s
+ echo 1405731834
1405731834
+ echo 'sleeping for 10 sec ...'
sleeping for 10 sec ...
+ sleep 10
+ let counter=1+1
+ read line
+ set +x
