++ ls caseresult/ -ltr
++ wc -l
+ filename=case94
+ mkdir caseresult/case94
+ ssh hadoop@master mkdir /home/hadoop/git/physical_design/caseresult/case94
+ RESULT_DIR=/home/hadoop/git/physical_design/caseresult/case94
+ TEN=10
+ SIXTY=60
+ SLEEP_TIME=300
+ YCSB_DIR=/home/hadoop/ycsb-0.1.4
+ number_of_operations=10000000
+ number_of_threads=20
+ number_of_records=10000000
+ output_file_suffix=.dat
+ experiment_list_file=/home/hadoop/git/physical_design/case94.list
+ clean=false
+ create=false
+ load=false
+ random_read=false
+ workloada=false
+ workloadb=false
+ workloadc=false
+ scan=false
+ all=false
+ for i in '$@'
+ '[' clean == all ']'
+ '[' clean == clean ']'
+ clean=true
+ for i in '$@'
+ '[' create == all ']'
+ '[' create == clean ']'
+ '[' create == create ']'
+ create=true
+ for i in '$@'
+ '[' workloadc == all ']'
+ '[' workloadc == clean ']'
+ '[' workloadc == create ']'
+ '[' workloadc == load ']'
+ '[' workloadc == random_read ']'
+ '[' workloadc == scan ']'
+ '[' workloadc == workloada ']'
+ '[' workloadc == workloadb ']'
+ '[' workloadc == workloadc ']'
+ workloadc=true
+ let counter=1
+ cd /home/hadoop/ycsb-0.1.4
++ pwd
+ echo /home/hadoop/ycsb-0.1.4
/home/hadoop/ycsb-0.1.4
+ read line
+ false
+ true
+ echo 'sleeping for 60 ...'
sleeping for 60 ...
+ sleep 60
+ echo 'droping usertable...'
droping usertable...
+ ssh hadoop@master /home/hadoop/hbase/bin/hbase shell /home/hadoop/git/physical_design/delete_table
0 row(s) in 2.7510 seconds

0 row(s) in 1.3310 seconds

0 row(s) in 0.0690 seconds

+ echo 'sleeping for 300 ...'
sleeping for 300 ...
+ sleep 300
+ false
+ true
+ echo 'creating usertable...'
creating usertable...
+ create_statement='create '\''usertable'\'', { NAME=>'\''family'\'', COMPRESSION=>'\''GZ'\''}, SPLITS => ['\''user1'\'', '\''user2'\'', '\''user3'\'', '\''user4'\'', '\''user5'\'', '\''user6'\'', '\''user7'\'', '\''user8'\'', '\''user9'\'']'
+ echo create ''\''usertable'\'',' '{' 'NAME=>'\''family'\'',' 'COMPRESSION=>'\''GZ'\''},' SPLITS '=>' '['\''user1'\'',' ''\''user2'\'',' ''\''user3'\'',' ''\''user4'\'',' ''\''user5'\'',' ''\''user6'\'',' ''\''user7'\'',' ''\''user8'\'',' ''\''user9'\'']'
+ echo 'exit '
+ scp /home/hadoop/git/physical_design/caseresult/case94/create_1.script hadoop@master:/home/hadoop/git/physical_design/caseresult/case94/create_1.script
+ create_table /home/hadoop/git/physical_design/caseresult/case94/create_1.script
+ echo 'creating table...'
creating table...
+ echo /home/hadoop/git/physical_design/caseresult/case94/create_1.script
/home/hadoop/git/physical_design/caseresult/case94/create_1.script
+ ssh hadoop@master /home/hadoop/hbase/bin/hbase shell /home/hadoop/git/physical_design/caseresult/case94/create_1.script
0 row(s) in 1.7290 seconds

+ echo 'sleeping for 10 sec ...'
sleeping for 10 sec ...
+ sleep 10
+ false
+ false
+ false
+ false
+ false
+ false
+ false
+ false
+ false
+ true
+ echo workloadc...
workloadc...
+ echo 'start time: '
start time: 
++ date +%s
+ echo 1405111678
1405111678
++ echo /home/hadoop/git/physical_design/caseresult/case94/workloadc_1.dat
+ ./workloadc 10000000 20 /home/hadoop/git/physical_design/caseresult/case94/workloadc_1.dat
Loading workload...
Starting test.
2014-07-11 13:47:58:419 0 sec: 0 operations; 
14/07/11 13:47:58 INFO zookeeper.ZooKeeper: Client environment:zookeeper.version=3.4.6-1569965, built on 02/20/2014 09:09 GMT
14/07/11 13:47:58 INFO zookeeper.ZooKeeper: Client environment:host.name=sceplus-vm43.almaden.ibm.com
14/07/11 13:47:58 INFO zookeeper.ZooKeeper: Client environment:java.version=1.6.0_31
14/07/11 13:47:58 INFO zookeeper.ZooKeeper: Client environment:java.vendor=Sun Microsystems Inc.
14/07/11 13:47:58 INFO zookeeper.ZooKeeper: Client environment:java.home=/usr/lib/jvm/java-6-openjdk-amd64/jre
14/07/11 13:47:58 INFO zookeeper.ZooKeeper: Client environment:java.class.path=/home/hadoop/ycsb-0.1.4/hbase-binding/lib/hbase-binding-0.1.4.jar:/home/hadoop/ycsb-0.1.4/hbase-binding/conf:/home/hadoop/ycsb-0.1.4/core/lib/core-0.1.4.jar:/home/hadoop/ycsb-0.1.4/jdbc-binding/conf
14/07/11 13:47:58 INFO zookeeper.ZooKeeper: Client environment:java.library.path=/usr/lib/jvm/java-6-openjdk-amd64/jre/lib/amd64/server:/usr/lib/jvm/java-6-openjdk-amd64/jre/lib/amd64:/usr/lib/jvm/java-6-openjdk-amd64/jre/../lib/amd64:/usr/java/packages/lib/amd64:/usr/lib/jni:/lib:/usr/lib
14/07/11 13:47:58 INFO zookeeper.ZooKeeper: Client environment:java.io.tmpdir=/tmp
14/07/11 13:47:58 INFO zookeeper.ZooKeeper: Client environment:java.compiler=<NA>
14/07/11 13:47:58 INFO zookeeper.ZooKeeper: Client environment:os.name=Linux
14/07/11 13:47:58 INFO zookeeper.ZooKeeper: Client environment:os.arch=amd64
14/07/11 13:47:58 INFO zookeeper.ZooKeeper: Client environment:os.version=3.13.0-24-generic
14/07/11 13:47:58 INFO zookeeper.ZooKeeper: Client environment:user.name=hadoop
14/07/11 13:47:58 INFO zookeeper.ZooKeeper: Client environment:user.home=/home/hadoop
14/07/11 13:47:58 INFO zookeeper.ZooKeeper: Client environment:user.dir=/home/hadoop/ycsb-0.1.4
14/07/11 13:47:58 INFO zookeeper.ZooKeeper: Initiating client connection, connectString=sceplus-vm49.almaden.ibm.com:2181,sceplus-vm48.almaden.ibm.com:2181 sessionTimeout=90000 watcher=hconnection-0x62565cf8, quorum=sceplus-vm49.almaden.ibm.com:2181,sceplus-vm48.almaden.ibm.com:2181, baseZNode=/hbase
14/07/11 13:47:58 INFO zookeeper.RecoverableZooKeeper: Process identifier=hconnection-0x62565cf8 connecting to ZooKeeper ensemble=sceplus-vm49.almaden.ibm.com:2181,sceplus-vm48.almaden.ibm.com:2181
14/07/11 13:47:58 INFO zookeeper.ClientCnxn: Opening socket connection to server slave1/9.1.143.59:2181. Will not attempt to authenticate using SASL (unknown error)
14/07/11 13:47:58 INFO zookeeper.ClientCnxn: Socket connection established to slave1/9.1.143.59:2181, initiating session
14/07/11 13:47:58 INFO zookeeper.ClientCnxn: Session establishment complete on server slave1/9.1.143.59:2181, sessionid = 0x14728dad74e000e, negotiated timeout = 90000
2014-07-11 13:48:08:420 10 sec: 167314 operations; 16729.73 current ops/sec; [INSERT AverageLatency(us)=150.31] [READ AverageLatency(us)=8766.01] 
2014-07-11 13:48:18:421 20 sec: 485369 operations; 31802.32 current ops/sec; [INSERT AverageLatency(us)=19.48] [READ AverageLatency(us)=5950.2] 
2014-07-11 13:48:28:422 30 sec: 842823 operations; 35741.83 current ops/sec; [INSERT AverageLatency(us)=13.26] [READ AverageLatency(us)=5414.15] 
2014-07-11 13:48:38:422 40 sec: 1201779 operations; 35895.6 current ops/sec; [INSERT AverageLatency(us)=12.18] [READ AverageLatency(us)=5413.34] 
2014-07-11 13:48:48:423 50 sec: 1510276 operations; 30846.62 current ops/sec; [INSERT AverageLatency(us)=12.75] [READ AverageLatency(us)=6290.39] 
2014-07-11 13:48:58:423 60 sec: 1807918 operations; 29764.2 current ops/sec; [INSERT AverageLatency(us)=11.79] [READ AverageLatency(us)=6653.91] 
2014-07-11 13:49:08:424 70 sec: 2107481 operations; 29953.3 current ops/sec; [INSERT AverageLatency(us)=13.51] [READ AverageLatency(us)=6491.44] 
2014-07-11 13:49:18:424 80 sec: 2374307 operations; 26682.6 current ops/sec; [INSERT AverageLatency(us)=12.28] [READ AverageLatency(us)=7300.88] 
2014-07-11 13:49:28:425 90 sec: 2672546 operations; 29820.92 current ops/sec; [INSERT AverageLatency(us)=12.2] [READ AverageLatency(us)=6518.34] 
2014-07-11 13:49:38:425 100 sec: 2944821 operations; 27227.5 current ops/sec; [INSERT AverageLatency(us)=12.34] [READ AverageLatency(us)=7098.68] 
2014-07-11 13:49:48:426 110 sec: 3262772 operations; 31791.92 current ops/sec; [INSERT AverageLatency(us)=12.08] [READ AverageLatency(us)=6089.75] 
2014-07-11 13:49:58:426 120 sec: 3544583 operations; 28181.1 current ops/sec; [INSERT AverageLatency(us)=12.05] [READ AverageLatency(us)=7034.8] 
2014-07-11 13:50:08:427 130 sec: 3857244 operations; 31266.1 current ops/sec; [INSERT AverageLatency(us)=12.12] [READ AverageLatency(us)=6191.07] 
2014-07-11 13:50:18:427 140 sec: 4121708 operations; 26443.76 current ops/sec; [INSERT AverageLatency(us)=11.93] [READ AverageLatency(us)=7414.08] 
2014-07-11 13:50:28:427 150 sec: 4400706 operations; 27899.8 current ops/sec; [INSERT AverageLatency(us)=11.97] [READ AverageLatency(us)=6978.01] 
2014-07-11 13:50:38:428 160 sec: 4699707 operations; 29897.11 current ops/sec; [INSERT AverageLatency(us)=12.27] [READ AverageLatency(us)=6615.68] 
2014-07-11 13:50:48:428 170 sec: 4972454 operations; 27274.7 current ops/sec; [INSERT AverageLatency(us)=11.65] [READ AverageLatency(us)=7191.9] 
2014-07-11 13:50:58:429 180 sec: 5254162 operations; 28167.98 current ops/sec; [INSERT AverageLatency(us)=11.64] [READ AverageLatency(us)=6926.73] 
2014-07-11 13:51:08:429 190 sec: 5544111 operations; 28994.9 current ops/sec; [INSERT AverageLatency(us)=11.63] [READ AverageLatency(us)=6686.21] 
2014-07-11 13:51:18:430 200 sec: 5816151 operations; 27201.28 current ops/sec; [INSERT AverageLatency(us)=12.03] [READ AverageLatency(us)=7145.92] 
2014-07-11 13:51:28:430 210 sec: 6089381 operations; 27323 current ops/sec; [INSERT AverageLatency(us)=11.57] [READ AverageLatency(us)=7199.66] 
2014-07-11 13:51:38:430 220 sec: 6356276 operations; 26689.5 current ops/sec; [INSERT AverageLatency(us)=11.65] [READ AverageLatency(us)=7363.63] 
2014-07-11 13:51:48:431 230 sec: 6603724 operations; 24742.33 current ops/sec; [INSERT AverageLatency(us)=10.78] [READ AverageLatency(us)=7930.34] 
2014-07-11 13:51:58:431 240 sec: 6887067 operations; 28334.3 current ops/sec; [INSERT AverageLatency(us)=11.2] [READ AverageLatency(us)=6835.38] 
2014-07-11 13:52:08:432 250 sec: 7178310 operations; 29121.39 current ops/sec; [INSERT AverageLatency(us)=11.61] [READ AverageLatency(us)=6763.88] 
2014-07-11 13:52:18:432 260 sec: 7424088 operations; 24577.8 current ops/sec; [INSERT AverageLatency(us)=10.96] [READ AverageLatency(us)=7983.85] 
2014-07-11 13:52:28:433 270 sec: 7680657 operations; 25654.33 current ops/sec; [INSERT AverageLatency(us)=11.4] [READ AverageLatency(us)=7614.2] 
2014-07-11 13:52:38:433 280 sec: 7951053 operations; 27039.6 current ops/sec; [INSERT AverageLatency(us)=11.67] [READ AverageLatency(us)=7324.77] 
2014-07-11 13:52:48:434 290 sec: 8204356 operations; 25327.77 current ops/sec; [INSERT AverageLatency(us)=11.27] [READ AverageLatency(us)=7799.21] 
2014-07-11 13:52:58:434 300 sec: 8481695 operations; 27733.9 current ops/sec; [INSERT AverageLatency(us)=11.25] [READ AverageLatency(us)=7126.91] 
2014-07-11 13:53:08:435 310 sec: 8732007 operations; 25031.2 current ops/sec; [INSERT AverageLatency(us)=11.06] [READ AverageLatency(us)=7841.47] 
2014-07-11 13:53:18:435 320 sec: 8944417 operations; 21238.88 current ops/sec; [INSERT AverageLatency(us)=10.94] [READ AverageLatency(us)=9323.35] 
2014-07-11 13:53:28:435 330 sec: 9173002 operations; 22858.5 current ops/sec; [INSERT AverageLatency(us)=11.47] [READ AverageLatency(us)=8672.78] 
2014-07-11 13:53:38:436 340 sec: 9395471 operations; 22244.68 current ops/sec; [INSERT AverageLatency(us)=11.91] [READ AverageLatency(us)=8791.12] 
2014-07-11 13:53:48:436 350 sec: 9619622 operations; 22415.1 current ops/sec; [INSERT AverageLatency(us)=11.74] [READ AverageLatency(us)=8838.4] 
2014-07-11 13:53:58:437 360 sec: 9843194 operations; 22354.96 current ops/sec; [INSERT AverageLatency(us)=10.87] [READ AverageLatency(us)=8829.54] 
2014-07-11 13:54:08:437 370 sec: 9991435 operations; 14824.1 current ops/sec; [UPDATE AverageLatency(us)=319203.47] [INSERT AverageLatency(us)=10.29] [READ AverageLatency(us)=7415.82] [CLEANUP AverageLatency(us)=319247.74] 
2014-07-11 13:54:12:399 373 sec: 10000000 operations; 2161.79 current ops/sec; [UPDATE AverageLatency(us)=275787] [INSERT AverageLatency(us)=8.74] [READ AverageLatency(us)=4242.48] [CLEANUP AverageLatency(us)=275794] 
+ echo 'end time:'
end time:
++ date +%s
+ echo 1405112052
1405112052
+ echo 'sleeping for 10 sec ...'
sleeping for 10 sec ...
+ sleep 10
+ let counter=1+1
+ read line
+ set +x
