+ filename=case384
+ requestdistribution=
+ RESULT_DIR=/home/hadoop/git/physical_design/caseresult/case384
+ TEN=10
+ SIXTY=60
+ SLEEP_TIME=60
+ YCSB_DIR=/home/hadoop/ycsb-0.1.4
+ number_of_operations=25000000
+ number_of_threads=20
+ number_of_records=25000000
+ output_file_suffix=.dat
+ experiment_list_file=/home/hadoop/git/physical_design/case384.list
+ clean=false
+ create=false
+ load=false
+ random_read=false
+ workloada=false
+ workloadb=false
+ workloadc=false
+ workloadc1=false
+ scan=false
+ all=false
+ for i in '$@'
+ '[' case384 == all ']'
+ '[' case384 == clean ']'
+ '[' case384 == create ']'
+ '[' case384 == load ']'
+ '[' case384 == random_read ']'
+ '[' case384 == scan ']'
+ '[' case384 == workloada ']'
+ '[' case384 == workloadb ']'
+ '[' case384 == workloadc ']'
+ '[' case384 == workloadc1 ']'
+ '[' case384 == zipfian ']'
+ '[' case384 == uniform ']'
+ for i in '$@'
+ '[' clean == all ']'
+ '[' clean == clean ']'
+ clean=true
+ for i in '$@'
+ '[' create == all ']'
+ '[' create == clean ']'
+ '[' create == create ']'
+ create=true
+ for i in '$@'
+ '[' workloada == all ']'
+ '[' workloada == clean ']'
+ '[' workloada == create ']'
+ '[' workloada == load ']'
+ '[' workloada == random_read ']'
+ '[' workloada == scan ']'
+ '[' workloada == workloada ']'
+ workloada=true
+ for i in '$@'
+ '[' zipfian == all ']'
+ '[' zipfian == clean ']'
+ '[' zipfian == create ']'
+ '[' zipfian == load ']'
+ '[' zipfian == random_read ']'
+ '[' zipfian == scan ']'
+ '[' zipfian == workloada ']'
+ '[' zipfian == workloadb ']'
+ '[' zipfian == workloadc ']'
+ '[' zipfian == workloadc1 ']'
+ '[' zipfian == zipfian ']'
+ requestdistribution=zipfian
+ let counter=1
+ cd /home/hadoop/ycsb-0.1.4
++ pwd
+ echo /home/hadoop/ycsb-0.1.4
/home/hadoop/ycsb-0.1.4
+ read line
+ false
+ true
+ echo 'sleeping for 60 ...'
sleeping for 60 ...
+ sleep 60
+ echo 'droping usertable...'
droping usertable...
+ ssh hadoop@slave1 /home/hadoop/hbase/bin/hbase-daemon.sh start regionserver
starting regionserver, logging to /home/hadoop/hbase/bin/../logs/hbase-hadoop-regionserver-sceplus-vm49.out
+ ssh hadoop@master /home/hadoop/hbase/bin/hbase shell /home/hadoop/git/physical_design/delete_table
2014-08-12 22:12:24,125 WARN  [main] util.NativeCodeLoader: Unable to load native-hadoop library for your platform... using builtin-java classes where applicable
0 row(s) in 3.0540 seconds

0 row(s) in 1.3180 seconds

0 row(s) in 0.0930 seconds

+ echo 'sleeping for 60 ...'
sleeping for 60 ...
+ sleep 60
+ false
+ true
+ echo 'creating usertable...'
creating usertable...
+ create_statement='create '\''usertable'\'', { NAME=>'\''family'\'', COMPRESSION=>'\''GZ'\''}, SPLITS => ['\''user1'\'', '\''user2'\'', '\''user3'\'', '\''user4'\'', '\''user5'\'', '\''user6'\'', '\''user7'\'', '\''user8'\'', '\''user9'\'']'
+ echo create ''\''usertable'\'',' '{' 'NAME=>'\''family'\'',' 'COMPRESSION=>'\''GZ'\''},' SPLITS '=>' '['\''user1'\'',' ''\''user2'\'',' ''\''user3'\'',' ''\''user4'\'',' ''\''user5'\'',' ''\''user6'\'',' ''\''user7'\'',' ''\''user8'\'',' ''\''user9'\'']'
+ echo 'exit '
+ scp /home/hadoop/git/physical_design/caseresult/case384/create_1.script hadoop@master:/home/hadoop/git/physical_design/caseresult/case384/create_1.script
+ create_table /home/hadoop/git/physical_design/caseresult/case384/create_1.script
+ echo 'creating table...'
creating table...
+ echo /home/hadoop/git/physical_design/caseresult/case384/create_1.script
/home/hadoop/git/physical_design/caseresult/case384/create_1.script
+ ssh hadoop@master /home/hadoop/hbase/bin/hbase shell /home/hadoop/git/physical_design/caseresult/case384/create_1.script
2014-08-12 22:13:35,694 WARN  [main] util.NativeCodeLoader: Unable to load native-hadoop library for your platform... using builtin-java classes where applicable
0 row(s) in 2.5000 seconds

+ echo 'sleeping for 10 sec ...'
sleeping for 10 sec ...
+ sleep 10
+ false
+ false
+ false
+ false
+ false
+ false
+ false
+ true
+ echo workloada...
workloada...
+ echo 'start time: '
start time: 
++ date +%s
+ echo 1407878362
1407878362
++ echo /home/hadoop/git/physical_design/caseresult/case384/workloada_1.dat
+ ./workloada 25000000 20 /home/hadoop/git/physical_design/caseresult/case384/workloada_1.dat zipfian
Loading workload...
Starting test.
2014-08-12 14:19:22:683 0 sec: 0 operations; 
14/08/12 14:19:23 INFO zookeeper.ZooKeeper: Client environment:zookeeper.version=3.4.6-1569965, built on 02/20/2014 09:09 GMT
14/08/12 14:19:23 INFO zookeeper.ZooKeeper: Client environment:host.name=sceplus-vm43.almaden.ibm.com
14/08/12 14:19:23 INFO zookeeper.ZooKeeper: Client environment:java.version=1.6.0_31
14/08/12 14:19:23 INFO zookeeper.ZooKeeper: Client environment:java.vendor=Sun Microsystems Inc.
14/08/12 14:19:23 INFO zookeeper.ZooKeeper: Client environment:java.home=/usr/lib/jvm/java-6-openjdk-amd64/jre
14/08/12 14:19:23 INFO zookeeper.ZooKeeper: Client environment:java.class.path=/home/hadoop/ycsb-0.1.4/hbase-binding/lib/hbase-binding-0.1.4.jar:/home/hadoop/ycsb-0.1.4/hbase-binding/conf:/home/hadoop/ycsb-0.1.4/core/lib/core-0.1.4.jar:/home/hadoop/ycsb-0.1.4/jdbc-binding/conf
14/08/12 14:19:23 INFO zookeeper.ZooKeeper: Client environment:java.library.path=/usr/lib/jvm/java-6-openjdk-amd64/jre/lib/amd64/server:/usr/lib/jvm/java-6-openjdk-amd64/jre/lib/amd64:/usr/lib/jvm/java-6-openjdk-amd64/jre/../lib/amd64:/usr/java/packages/lib/amd64:/usr/lib/jni:/lib:/usr/lib
14/08/12 14:19:23 INFO zookeeper.ZooKeeper: Client environment:java.io.tmpdir=/tmp
14/08/12 14:19:23 INFO zookeeper.ZooKeeper: Client environment:java.compiler=<NA>
14/08/12 14:19:23 INFO zookeeper.ZooKeeper: Client environment:os.name=Linux
14/08/12 14:19:23 INFO zookeeper.ZooKeeper: Client environment:os.arch=amd64
14/08/12 14:19:23 INFO zookeeper.ZooKeeper: Client environment:os.version=3.13.0-24-generic
14/08/12 14:19:23 INFO zookeeper.ZooKeeper: Client environment:user.name=hadoop
14/08/12 14:19:23 INFO zookeeper.ZooKeeper: Client environment:user.home=/home/hadoop
14/08/12 14:19:23 INFO zookeeper.ZooKeeper: Client environment:user.dir=/home/hadoop/ycsb-0.1.4
14/08/12 14:19:23 INFO zookeeper.ZooKeeper: Initiating client connection, connectString=sceplus-vm49.almaden.ibm.com:2181,sceplus-vm48.almaden.ibm.com:2181 sessionTimeout=90000 watcher=hconnection-0x4dcc8fa3, quorum=sceplus-vm49.almaden.ibm.com:2181,sceplus-vm48.almaden.ibm.com:2181, baseZNode=/hbase
14/08/12 14:19:23 INFO zookeeper.RecoverableZooKeeper: Process identifier=hconnection-0x4dcc8fa3 connecting to ZooKeeper ensemble=sceplus-vm49.almaden.ibm.com:2181,sceplus-vm48.almaden.ibm.com:2181
14/08/12 14:19:23 INFO zookeeper.ClientCnxn: Opening socket connection to server master/9.1.143.58:2181. Will not attempt to authenticate using SASL (unknown error)
14/08/12 14:19:23 INFO zookeeper.ClientCnxn: Socket connection established to master/9.1.143.58:2181, initiating session
14/08/12 14:19:23 INFO zookeeper.ClientCnxn: Session establishment complete on server master/9.1.143.58:2181, sessionid = 0x47cdc6dfce0008, negotiated timeout = 90000
14/08/12 14:19:23 WARN util.DynamicClassLoader: Failed to identify the fs of dir hdfs://master:54310/hbase/lib, ignored
org.apache.hadoop.ipc.RemoteException: Server IPC version 9 cannot communicate with client version 4
	at org.apache.hadoop.ipc.Client.call(Client.java:1113)
	at org.apache.hadoop.ipc.RPC$Invoker.invoke(RPC.java:229)
	at com.sun.proxy.$Proxy5.getProtocolVersion(Unknown Source)
	at sun.reflect.NativeMethodAccessorImpl.invoke0(Native Method)
	at sun.reflect.NativeMethodAccessorImpl.invoke(NativeMethodAccessorImpl.java:57)
	at sun.reflect.DelegatingMethodAccessorImpl.invoke(DelegatingMethodAccessorImpl.java:43)
	at java.lang.reflect.Method.invoke(Method.java:622)
	at org.apache.hadoop.io.retry.RetryInvocationHandler.invokeMethod(RetryInvocationHandler.java:85)
	at org.apache.hadoop.io.retry.RetryInvocationHandler.invoke(RetryInvocationHandler.java:62)
	at com.sun.proxy.$Proxy5.getProtocolVersion(Unknown Source)
	at org.apache.hadoop.ipc.RPC.checkVersion(RPC.java:422)
	at org.apache.hadoop.hdfs.DFSClient.createNamenode(DFSClient.java:183)
	at org.apache.hadoop.hdfs.DFSClient.<init>(DFSClient.java:281)
	at org.apache.hadoop.hdfs.DFSClient.<init>(DFSClient.java:245)
	at org.apache.hadoop.hdfs.DistributedFileSystem.initialize(DistributedFileSystem.java:100)
	at org.apache.hadoop.fs.FileSystem.createFileSystem(FileSystem.java:1446)
	at org.apache.hadoop.fs.FileSystem.access$200(FileSystem.java:67)
	at org.apache.hadoop.fs.FileSystem$Cache.get(FileSystem.java:1464)
	at org.apache.hadoop.fs.FileSystem.get(FileSystem.java:263)
	at org.apache.hadoop.fs.Path.getFileSystem(Path.java:187)
	at org.apache.hadoop.hbase.util.DynamicClassLoader.<init>(DynamicClassLoader.java:104)
	at org.apache.hadoop.hbase.protobuf.ProtobufUtil.<clinit>(ProtobufUtil.java:202)
	at org.apache.hadoop.hbase.ClusterId.parseFrom(ClusterId.java:64)
	at org.apache.hadoop.hbase.zookeeper.ZKClusterId.readClusterIdZNode(ZKClusterId.java:69)
	at org.apache.hadoop.hbase.client.ZooKeeperRegistry.getClusterId(ZooKeeperRegistry.java:83)
	at org.apache.hadoop.hbase.client.HConnectionManager$HConnectionImplementation.retrieveClusterId(HConnectionManager.java:858)
	at org.apache.hadoop.hbase.client.HConnectionManager$HConnectionImplementation.<init>(HConnectionManager.java:663)
	at sun.reflect.NativeConstructorAccessorImpl.newInstance0(Native Method)
	at sun.reflect.NativeConstructorAccessorImpl.newInstance(NativeConstructorAccessorImpl.java:57)
	at sun.reflect.DelegatingConstructorAccessorImpl.newInstance(DelegatingConstructorAccessorImpl.java:45)
	at java.lang.reflect.Constructor.newInstance(Constructor.java:534)
	at org.apache.hadoop.hbase.client.HConnectionManager.createConnection(HConnectionManager.java:415)
	at org.apache.hadoop.hbase.client.HConnectionManager.createConnection(HConnectionManager.java:394)
	at org.apache.hadoop.hbase.client.HConnectionManager.getConnection(HConnectionManager.java:275)
	at org.apache.hadoop.hbase.client.HTable.<init>(HTable.java:197)
	at org.apache.hadoop.hbase.client.HTable.<init>(HTable.java:159)
	at com.yahoo.ycsb.db.HBaseClient.getHTable(HBaseClient.java:118)
	at com.yahoo.ycsb.db.HBaseClient.read(HBaseClient.java:143)
	at com.yahoo.ycsb.DBWrapper.read(DBWrapper.java:90)
	at com.yahoo.ycsb.workloads.CoreWorkload.doTransactionRead(CoreWorkload.java:537)
	at com.yahoo.ycsb.workloads.CoreWorkload.doTransaction(CoreWorkload.java:479)
	at com.yahoo.ycsb.ClientThread.run(Client.java:241)
2014-08-12 14:19:32:684 10 sec: 17436 operations; 1743.43 current ops/sec; [INSERT AverageLatency(us)=618.99] [READ AverageLatency(us)=6595.92] 
2014-08-12 14:19:42:685 20 sec: 68848 operations; 5140.69 current ops/sec; [INSERT AverageLatency(us)=27.3] [READ AverageLatency(us)=2417.01] 
2014-08-12 14:19:52:685 30 sec: 180406 operations; 11155.8 current ops/sec; [INSERT AverageLatency(us)=21.53] [READ AverageLatency(us)=1469.57] 
2014-08-12 14:20:02:686 40 sec: 340991 operations; 16056.89 current ops/sec; [INSERT AverageLatency(us)=16.06] [READ AverageLatency(us)=1172.94] 
2014-08-12 14:20:12:686 50 sec: 518892 operations; 17790.1 current ops/sec; [INSERT AverageLatency(us)=15.94] [READ AverageLatency(us)=1127.29] 
2014-08-12 14:20:22:687 60 sec: 700229 operations; 18131.89 current ops/sec; [INSERT AverageLatency(us)=25.42] [READ AverageLatency(us)=1151.23] 
2014-08-12 14:20:32:687 70 sec: 885863 operations; 18563.4 current ops/sec; [INSERT AverageLatency(us)=13.49] [READ AverageLatency(us)=1138.47] 
2014-08-12 14:20:42:688 80 sec: 979569 operations; 9369.66 current ops/sec; [INSERT AverageLatency(us)=35.88] [READ AverageLatency(us)=2318.29] 
2014-08-12 14:20:52:688 90 sec: 1141247 operations; 16167.8 current ops/sec; [INSERT AverageLatency(us)=11.86] [READ AverageLatency(us)=1330.29] 
2014-08-12 14:21:02:689 100 sec: 1309072 operations; 16780.82 current ops/sec; [INSERT AverageLatency(us)=11.7] [READ AverageLatency(us)=1287.16] 
2014-08-12 14:21:12:689 110 sec: 1471902 operations; 16283 current ops/sec; [INSERT AverageLatency(us)=11.9] [READ AverageLatency(us)=1330.11] 
2014-08-12 14:21:22:690 120 sec: 1644269 operations; 17234.98 current ops/sec; [INSERT AverageLatency(us)=11.65] [READ AverageLatency(us)=1257.76] 
2014-08-12 14:21:32:690 130 sec: 1814571 operations; 17030.2 current ops/sec; [INSERT AverageLatency(us)=11.61] [READ AverageLatency(us)=1275.59] 
2014-08-12 14:21:42:691 140 sec: 1917559 operations; 10297.77 current ops/sec; [INSERT AverageLatency(us)=16.76] [READ AverageLatency(us)=2133.56] 
2014-08-12 14:21:52:691 150 sec: 2073214 operations; 15565.5 current ops/sec; [INSERT AverageLatency(us)=11.4] [READ AverageLatency(us)=1403.44] 
2014-08-12 14:22:02:692 160 sec: 2237526 operations; 16429.56 current ops/sec; [INSERT AverageLatency(us)=11.42] [READ AverageLatency(us)=1329.92] 
2014-08-12 14:22:12:692 170 sec: 2398325 operations; 16079.9 current ops/sec; [INSERT AverageLatency(us)=14.36] [READ AverageLatency(us)=1358.62] 
2014-08-12 14:22:22:693 180 sec: 2558347 operations; 16000.6 current ops/sec; [INSERT AverageLatency(us)=18.05] [READ AverageLatency(us)=1366.71] 
2014-08-12 14:22:32:693 190 sec: 2719422 operations; 16107.5 current ops/sec; [INSERT AverageLatency(us)=11.46] [READ AverageLatency(us)=1362.04] 
2014-08-12 14:22:42:694 200 sec: 2829448 operations; 11001.5 current ops/sec; [INSERT AverageLatency(us)=15.69] [READ AverageLatency(us)=1996.78] 
2014-08-12 14:22:52:694 210 sec: 2977006 operations; 14755.8 current ops/sec; [INSERT AverageLatency(us)=11.59] [READ AverageLatency(us)=1492.13] 
2014-08-12 14:23:02:695 220 sec: 3143395 operations; 16637.24 current ops/sec; [INSERT AverageLatency(us)=11.35] [READ AverageLatency(us)=1319.49] 
2014-08-12 14:23:12:695 230 sec: 3300901 operations; 15750.6 current ops/sec; [INSERT AverageLatency(us)=11.33] [READ AverageLatency(us)=1397.14] 
2014-08-12 14:23:22:696 240 sec: 3461464 operations; 16054.69 current ops/sec; [INSERT AverageLatency(us)=11.58] [READ AverageLatency(us)=1370.03] 
2014-08-12 14:23:32:696 250 sec: 3629788 operations; 16832.4 current ops/sec; [INSERT AverageLatency(us)=11.39] [READ AverageLatency(us)=1303.78] 
2014-08-12 14:23:42:697 260 sec: 3757771 operations; 12797.02 current ops/sec; [INSERT AverageLatency(us)=14.92] [READ AverageLatency(us)=1721.1] 
2014-08-12 14:23:52:697 270 sec: 3895901 operations; 13813 current ops/sec; [INSERT AverageLatency(us)=12.5] [READ AverageLatency(us)=1593.59] 
2014-08-12 14:24:02:698 280 sec: 4057754 operations; 16183.68 current ops/sec; [INSERT AverageLatency(us)=11.23] [READ AverageLatency(us)=1360.61] 
2014-08-12 14:24:12:698 290 sec: 4217858 operations; 16010.4 current ops/sec; [INSERT AverageLatency(us)=11.31] [READ AverageLatency(us)=1374.1] 
2014-08-12 14:24:22:699 300 sec: 4376993 operations; 15911.91 current ops/sec; [INSERT AverageLatency(us)=11.29] [READ AverageLatency(us)=1383.22] 
2014-08-12 14:24:32:699 310 sec: 4541134 operations; 16414.1 current ops/sec; [INSERT AverageLatency(us)=11.46] [READ AverageLatency(us)=1340.02] 
2014-08-12 14:24:42:700 320 sec: 4680803 operations; 13965.5 current ops/sec; [INSERT AverageLatency(us)=12.97] [READ AverageLatency(us)=1566.12] 
2014-08-12 14:24:52:700 330 sec: 4800763 operations; 11996 current ops/sec; [INSERT AverageLatency(us)=14.07] [READ AverageLatency(us)=1849.74] 
2014-08-12 14:25:02:701 340 sec: 4960559 operations; 15978 current ops/sec; [INSERT AverageLatency(us)=11.35] [READ AverageLatency(us)=1376.86] 
2014-08-12 14:25:12:701 350 sec: 5123333 operations; 16277.4 current ops/sec; [INSERT AverageLatency(us)=11.4] [READ AverageLatency(us)=1354.27] 
2014-08-12 14:25:22:702 360 sec: 5271512 operations; 14816.42 current ops/sec; [INSERT AverageLatency(us)=11.45] [READ AverageLatency(us)=1487.63] 
2014-08-12 14:25:32:702 370 sec: 5432541 operations; 16102.9 current ops/sec; [INSERT AverageLatency(us)=11.3] [READ AverageLatency(us)=1369.31] 
2014-08-12 14:25:42:703 380 sec: 5582470 operations; 14991.4 current ops/sec; [INSERT AverageLatency(us)=11.67] [READ AverageLatency(us)=1466.92] 
2014-08-12 14:25:52:703 390 sec: 5687842 operations; 10537.2 current ops/sec; [INSERT AverageLatency(us)=15.26] [READ AverageLatency(us)=2107.69] 
2014-08-12 14:26:02:704 400 sec: 5843228 operations; 15537.05 current ops/sec; [INSERT AverageLatency(us)=17.06] [READ AverageLatency(us)=1417.38] 
2014-08-12 14:26:12:704 410 sec: 6006814 operations; 16358.6 current ops/sec; [INSERT AverageLatency(us)=11.2] [READ AverageLatency(us)=1346.16] 
2014-08-12 14:26:22:705 420 sec: 6168775 operations; 16194.48 current ops/sec; [INSERT AverageLatency(us)=11.24] [READ AverageLatency(us)=1363.09] 
2014-08-12 14:26:32:705 430 sec: 6331999 operations; 16322.4 current ops/sec; [INSERT AverageLatency(us)=11.42] [READ AverageLatency(us)=1350.43] 
2014-08-12 14:26:42:706 440 sec: 6490468 operations; 15845.32 current ops/sec; [INSERT AverageLatency(us)=11.52] [READ AverageLatency(us)=1390.65] 
2014-08-12 14:26:52:706 450 sec: 6594886 operations; 10441.8 current ops/sec; [INSERT AverageLatency(us)=15.84] [READ AverageLatency(us)=2084.63] 
2014-08-12 14:27:02:707 460 sec: 6737804 operations; 14290.37 current ops/sec; [INSERT AverageLatency(us)=11.99] [READ AverageLatency(us)=1564.8] 
2014-08-12 14:27:12:707 470 sec: 6897388 operations; 15958.4 current ops/sec; [INSERT AverageLatency(us)=11.25] [READ AverageLatency(us)=1384.08] 
2014-08-12 14:27:22:708 480 sec: 7053713 operations; 15630.94 current ops/sec; [INSERT AverageLatency(us)=11.2] [READ AverageLatency(us)=1410.99] 
2014-08-12 14:27:32:708 490 sec: 7211683 operations; 15797 current ops/sec; [INSERT AverageLatency(us)=11.25] [READ AverageLatency(us)=1396.46] 
2014-08-12 14:27:42:709 500 sec: 7367885 operations; 15618.64 current ops/sec; [INSERT AverageLatency(us)=11.29] [READ AverageLatency(us)=1416.83] 
2014-08-12 14:27:52:709 510 sec: 7497542 operations; 12965.7 current ops/sec; [INSERT AverageLatency(us)=13.29] [READ AverageLatency(us)=1701.43] 
2014-08-12 14:28:02:710 520 sec: 7613767 operations; 11621.34 current ops/sec; [INSERT AverageLatency(us)=13.93] [READ AverageLatency(us)=1903.32] 
2014-08-12 14:28:12:710 530 sec: 7762576 operations; 14880.9 current ops/sec; [INSERT AverageLatency(us)=11.27] [READ AverageLatency(us)=1482.55] 
2014-08-12 14:28:22:711 540 sec: 7915197 operations; 15260.57 current ops/sec; [INSERT AverageLatency(us)=11.54] [READ AverageLatency(us)=1446.62] 
2014-08-12 14:28:32:711 550 sec: 8072380 operations; 15718.3 current ops/sec; [INSERT AverageLatency(us)=11.34] [READ AverageLatency(us)=1402.84] 
2014-08-12 14:28:42:712 560 sec: 8236818 operations; 16442.16 current ops/sec; [INSERT AverageLatency(us)=11.28] [READ AverageLatency(us)=1338.91] 
2014-08-12 14:28:52:712 570 sec: 8391278 operations; 15446 current ops/sec; [INSERT AverageLatency(us)=11.68] [READ AverageLatency(us)=1426.47] 
2014-08-12 14:29:02:713 580 sec: 8494515 operations; 10322.67 current ops/sec; [INSERT AverageLatency(us)=15.19] [READ AverageLatency(us)=2142.2] 
2014-08-12 14:29:12:713 590 sec: 8609138 operations; 11462.3 current ops/sec; [INSERT AverageLatency(us)=11.81] [READ AverageLatency(us)=1931.84] 
2014-08-12 14:29:22:714 600 sec: 8736810 operations; 12765.92 current ops/sec; [INSERT AverageLatency(us)=11.12] [READ AverageLatency(us)=1725.73] 
2014-08-12 14:29:32:714 610 sec: 8865408 operations; 12859.8 current ops/sec; [INSERT AverageLatency(us)=11.25] [READ AverageLatency(us)=1723.94] 
2014-08-12 14:29:42:715 620 sec: 9016119 operations; 15069.59 current ops/sec; [INSERT AverageLatency(us)=11.14] [READ AverageLatency(us)=1464.53] 
2014-08-12 14:29:52:715 630 sec: 9173244 operations; 15712.5 current ops/sec; [INSERT AverageLatency(us)=11.33] [READ AverageLatency(us)=1404.89] 
2014-08-12 14:30:02:716 640 sec: 9316989 operations; 14373.06 current ops/sec; [INSERT AverageLatency(us)=14.61] [READ AverageLatency(us)=1535.83] 
2014-08-12 14:30:12:716 650 sec: 9428248 operations; 11125.9 current ops/sec; [INSERT AverageLatency(us)=15] [READ AverageLatency(us)=1971.27] 
2014-08-12 14:30:22:717 660 sec: 9573441 operations; 14517.85 current ops/sec; [INSERT AverageLatency(us)=11.6] [READ AverageLatency(us)=1534.26] 
2014-08-12 14:30:32:717 670 sec: 9725959 operations; 15251.8 current ops/sec; [INSERT AverageLatency(us)=11.41] [READ AverageLatency(us)=1448.93] 
2014-08-12 14:30:42:718 680 sec: 9879502 operations; 15352.76 current ops/sec; [INSERT AverageLatency(us)=11.55] [READ AverageLatency(us)=1440.65] 
2014-08-12 14:30:52:718 690 sec: 10034149 operations; 15464.7 current ops/sec; [INSERT AverageLatency(us)=11.24] [READ AverageLatency(us)=1427.67] 
2014-08-12 14:31:02:719 700 sec: 10186948 operations; 15278.37 current ops/sec; [INSERT AverageLatency(us)=11.27] [READ AverageLatency(us)=1445.16] 
2014-08-12 14:31:12:719 710 sec: 10312167 operations; 12521.9 current ops/sec; [INSERT AverageLatency(us)=13.17] [READ AverageLatency(us)=1766.06] 
2014-08-12 14:31:22:720 720 sec: 10426660 operations; 11448.16 current ops/sec; [INSERT AverageLatency(us)=16.11] [READ AverageLatency(us)=1931.36] 
2014-08-12 14:31:32:720 730 sec: 10575504 operations; 14884.4 current ops/sec; [INSERT AverageLatency(us)=11.4] [READ AverageLatency(us)=1483.72] 
2014-08-12 14:31:42:721 740 sec: 10725880 operations; 15036.1 current ops/sec; [INSERT AverageLatency(us)=11.28] [READ AverageLatency(us)=1470.45] 
2014-08-12 14:31:52:721 750 sec: 10877982 operations; 15210.2 current ops/sec; [INSERT AverageLatency(us)=11.33] [READ AverageLatency(us)=1450.16] 
2014-08-12 14:32:02:722 760 sec: 11027753 operations; 14975.6 current ops/sec; [INSERT AverageLatency(us)=11.32] [READ AverageLatency(us)=1475] 
2014-08-12 14:32:12:723 770 sec: 11175953 operations; 14818.52 current ops/sec; [INSERT AverageLatency(us)=11.44] [READ AverageLatency(us)=1491.22] 
2014-08-12 14:32:22:750 780 sec: 11292622 operations; 11635.48 current ops/sec; [INSERT AverageLatency(us)=20.79] [READ AverageLatency(us)=1871.21] 
2014-08-12 14:32:32:750 790 sec: 11417224 operations; 12460.2 current ops/sec; [INSERT AverageLatency(us)=13.15] [READ AverageLatency(us)=1803.55] 
2014-08-12 14:32:42:751 800 sec: 11571236 operations; 15399.66 current ops/sec; [INSERT AverageLatency(us)=11.48] [READ AverageLatency(us)=1433.65] 
2014-08-12 14:32:52:751 810 sec: 11723595 operations; 15235.9 current ops/sec; [INSERT AverageLatency(us)=11.41] [READ AverageLatency(us)=1448.12] 
2014-08-12 14:33:02:752 820 sec: 11874817 operations; 15120.69 current ops/sec; [INSERT AverageLatency(us)=11.53] [READ AverageLatency(us)=1459.69] 
2014-08-12 14:33:12:752 830 sec: 12024364 operations; 14954.7 current ops/sec; [INSERT AverageLatency(us)=16.48] [READ AverageLatency(us)=1480.01] 
2014-08-12 14:33:22:753 840 sec: 12155223 operations; 13084.59 current ops/sec; [INSERT AverageLatency(us)=12.5] [READ AverageLatency(us)=1655.97] 
2014-08-12 14:33:32:753 850 sec: 12267887 operations; 11266.4 current ops/sec; [INSERT AverageLatency(us)=14.18] [READ AverageLatency(us)=2001.75] 
2014-08-12 14:33:42:754 860 sec: 12414314 operations; 14641.24 current ops/sec; [INSERT AverageLatency(us)=11.76] [READ AverageLatency(us)=1508.71] 
2014-08-12 14:33:52:754 870 sec: 12571389 operations; 15707.5 current ops/sec; [INSERT AverageLatency(us)=11.4] [READ AverageLatency(us)=1406] 
2014-08-12 14:34:02:878 880 sec: 12727973 operations; 15466.61 current ops/sec; [INSERT AverageLatency(us)=23.57] [READ AverageLatency(us)=1410.33] 
2014-08-12 14:34:12:879 890 sec: 12886070 operations; 15808.12 current ops/sec; [INSERT AverageLatency(us)=11.35] [READ AverageLatency(us)=1415.27] 
2014-08-12 14:34:22:880 900 sec: 13038633 operations; 15254.77 current ops/sec; [INSERT AverageLatency(us)=11.6] [READ AverageLatency(us)=1446.71] 
2014-08-12 14:34:32:880 910 sec: 13161631 operations; 12299.8 current ops/sec; [INSERT AverageLatency(us)=13.94] [READ AverageLatency(us)=1797.04] 
2014-08-12 14:34:42:881 920 sec: 13288113 operations; 12646.94 current ops/sec; [INSERT AverageLatency(us)=13.27] [READ AverageLatency(us)=1749.51] 
2014-08-12 14:34:52:881 930 sec: 13440908 operations; 15279.5 current ops/sec; [INSERT AverageLatency(us)=11.26] [READ AverageLatency(us)=1448.71] 
2014-08-12 14:35:02:882 940 sec: 13596886 operations; 15596.24 current ops/sec; [INSERT AverageLatency(us)=11.22] [READ AverageLatency(us)=1417.36] 
2014-08-12 14:35:12:883 950 sec: 13754979 operations; 15807.72 current ops/sec; [INSERT AverageLatency(us)=11.14] [READ AverageLatency(us)=1400.04] 
2014-08-12 14:35:22:884 960 sec: 13911881 operations; 15688.63 current ops/sec; [INSERT AverageLatency(us)=11.36] [READ AverageLatency(us)=1409.83] 
2014-08-12 14:35:32:885 970 sec: 14052033 operations; 14013.8 current ops/sec; [INSERT AverageLatency(us)=12.38] [READ AverageLatency(us)=1579.39] 
2014-08-12 14:35:42:886 980 sec: 14167723 operations; 11567.84 current ops/sec; [INSERT AverageLatency(us)=14.06] [READ AverageLatency(us)=1911.55] 
2014-08-12 14:35:52:886 990 sec: 14312840 operations; 14511.7 current ops/sec; [INSERT AverageLatency(us)=11.63] [READ AverageLatency(us)=1524.11] 
2014-08-12 14:36:02:887 1000 sec: 14463087 operations; 15023.2 current ops/sec; [INSERT AverageLatency(us)=11.51] [READ AverageLatency(us)=1470.33] 
2014-08-12 14:36:12:888 1010 sec: 14613939 operations; 15083.69 current ops/sec; [INSERT AverageLatency(us)=11.41] [READ AverageLatency(us)=1465.11] 
2014-08-12 14:36:22:888 1020 sec: 14764023 operations; 15008.4 current ops/sec; [INSERT AverageLatency(us)=11.31] [READ AverageLatency(us)=1473.57] 
2014-08-12 14:36:32:980 1030 sec: 14911324 operations; 14595.82 current ops/sec; [INSERT AverageLatency(us)=11.45] [READ AverageLatency(us)=1505.56] 
2014-08-12 14:36:42:981 1040 sec: 15029610 operations; 11827.42 current ops/sec; [INSERT AverageLatency(us)=13.79] [READ AverageLatency(us)=1881.55] 
2014-08-12 14:36:52:981 1050 sec: 15157217 operations; 12760.7 current ops/sec; [INSERT AverageLatency(us)=12.9] [READ AverageLatency(us)=1736.6] 
2014-08-12 14:37:02:982 1060 sec: 15304567 operations; 14733.53 current ops/sec; [INSERT AverageLatency(us)=17.64] [READ AverageLatency(us)=1501.3] 
2014-08-12 14:37:12:983 1070 sec: 15460510 operations; 15592.74 current ops/sec; [INSERT AverageLatency(us)=11.19] [READ AverageLatency(us)=1416.66] 
2014-08-12 14:37:22:983 1080 sec: 15614433 operations; 15392.3 current ops/sec; [INSERT AverageLatency(us)=15.48] [READ AverageLatency(us)=1437.45] 
2014-08-12 14:37:32:984 1090 sec: 15762215 operations; 14776.72 current ops/sec; [INSERT AverageLatency(us)=11.31] [READ AverageLatency(us)=1492.56] 
2014-08-12 14:37:42:984 1100 sec: 15902946 operations; 14073.1 current ops/sec; [INSERT AverageLatency(us)=12.37] [READ AverageLatency(us)=1570.29] 
2014-08-12 14:37:52:985 1110 sec: 16011937 operations; 10898.01 current ops/sec; [INSERT AverageLatency(us)=17.94] [READ AverageLatency(us)=2032.27] 
2014-08-12 14:38:02:986 1120 sec: 16135910 operations; 12396.06 current ops/sec; [INSERT AverageLatency(us)=12.4] [READ AverageLatency(us)=1781.15] 
2014-08-12 14:38:12:986 1130 sec: 16282817 operations; 14690.7 current ops/sec; [INSERT AverageLatency(us)=11.25] [READ AverageLatency(us)=1506.87] 
2014-08-12 14:38:22:987 1140 sec: 16431134 operations; 14830.22 current ops/sec; [INSERT AverageLatency(us)=21.36] [READ AverageLatency(us)=1492.1] 
2014-08-12 14:38:32:987 1150 sec: 16580469 operations; 14933.5 current ops/sec; [INSERT AverageLatency(us)=11.22] [READ AverageLatency(us)=1483.2] 
2014-08-12 14:38:42:988 1160 sec: 16731051 operations; 15056.69 current ops/sec; [INSERT AverageLatency(us)=11.46] [READ AverageLatency(us)=1468.24] 
2014-08-12 14:38:52:988 1170 sec: 16861440 operations; 13038.9 current ops/sec; [INSERT AverageLatency(us)=12.35] [READ AverageLatency(us)=1691.58] 
2014-08-12 14:39:02:989 1180 sec: 16961851 operations; 10040.1 current ops/sec; [INSERT AverageLatency(us)=16.17] [READ AverageLatency(us)=2210.45] 
2014-08-12 14:39:12:990 1190 sec: 17081129 operations; 11926.61 current ops/sec; [INSERT AverageLatency(us)=12.28] [READ AverageLatency(us)=1851.19] 
2014-08-12 14:39:22:990 1200 sec: 17217494 operations; 13636.5 current ops/sec; [INSERT AverageLatency(us)=11.29] [READ AverageLatency(us)=1627.93] 
2014-08-12 14:39:32:991 1210 sec: 17362523 operations; 14501.45 current ops/sec; [INSERT AverageLatency(us)=11.22] [READ AverageLatency(us)=1527.91] 
2014-08-12 14:39:42:991 1220 sec: 17509499 operations; 14697.6 current ops/sec; [INSERT AverageLatency(us)=11.23] [READ AverageLatency(us)=1507.12] 
2014-08-12 14:39:52:992 1230 sec: 17661467 operations; 15195.28 current ops/sec; [INSERT AverageLatency(us)=11.16] [READ AverageLatency(us)=1454.18] 
2014-08-12 14:40:02:992 1240 sec: 17798005 operations; 13653.8 current ops/sec; [INSERT AverageLatency(us)=12.78] [READ AverageLatency(us)=1620.64] 
2014-08-12 14:40:12:993 1250 sec: 17907232 operations; 10921.61 current ops/sec; [INSERT AverageLatency(us)=14.51] [READ AverageLatency(us)=2027.19] 
2014-08-12 14:40:22:994 1260 sec: 18047476 operations; 14023 current ops/sec; [INSERT AverageLatency(us)=11.79] [READ AverageLatency(us)=1576.86] 
2014-08-12 14:40:32:994 1270 sec: 18198282 operations; 15080.6 current ops/sec; [INSERT AverageLatency(us)=11.12] [READ AverageLatency(us)=1465.12] 
2014-08-12 14:40:42:995 1280 sec: 18346241 operations; 14794.42 current ops/sec; [INSERT AverageLatency(us)=11.65] [READ AverageLatency(us)=1494.82] 
2014-08-12 14:40:52:995 1290 sec: 18498911 operations; 15267 current ops/sec; [INSERT AverageLatency(us)=11.49] [READ AverageLatency(us)=1449.91] 
2014-08-12 14:41:02:996 1300 sec: 18646872 operations; 14794.62 current ops/sec; [INSERT AverageLatency(us)=11.38] [READ AverageLatency(us)=1496.77] 
2014-08-12 14:41:12:996 1310 sec: 18770376 operations; 12350.4 current ops/sec; [INSERT AverageLatency(us)=13.34] [READ AverageLatency(us)=1785.31] 
2014-08-12 14:41:22:997 1320 sec: 18897290 operations; 12690.13 current ops/sec; [INSERT AverageLatency(us)=13.06] [READ AverageLatency(us)=1749.75] 
2014-08-12 14:41:32:998 1330 sec: 19044675 operations; 14737.03 current ops/sec; [INSERT AverageLatency(us)=11.37] [READ AverageLatency(us)=1501.61] 
2014-08-12 14:41:43:015 1340 sec: 19197853 operations; 15291.8 current ops/sec; [INSERT AverageLatency(us)=11.13] [READ AverageLatency(us)=1437.47] 
2014-08-12 14:41:53:016 1350 sec: 19350038 operations; 15216.98 current ops/sec; [INSERT AverageLatency(us)=11.1] [READ AverageLatency(us)=1461.73] 
2014-08-12 14:42:03:017 1360 sec: 19501004 operations; 15096.6 current ops/sec; [INSERT AverageLatency(us)=11.08] [READ AverageLatency(us)=1466.77] 
2014-08-12 14:42:13:017 1370 sec: 19645567 operations; 14454.85 current ops/sec; [INSERT AverageLatency(us)=11.87] [READ AverageLatency(us)=1525.12] 
2014-08-12 14:42:23:018 1380 sec: 19756337 operations; 11075.89 current ops/sec; [INSERT AverageLatency(us)=14.2] [READ AverageLatency(us)=2005.78] 
2014-08-12 14:42:33:018 1390 sec: 19888069 operations; 13173.2 current ops/sec; [INSERT AverageLatency(us)=12.53] [READ AverageLatency(us)=1677.44] 
2014-08-12 14:42:43:094 1400 sec: 20040794 operations; 15158.81 current ops/sec; [INSERT AverageLatency(us)=11.29] [READ AverageLatency(us)=1457.5] 
2014-08-12 14:42:53:094 1410 sec: 20191628 operations; 15081.89 current ops/sec; [INSERT AverageLatency(us)=11.26] [READ AverageLatency(us)=1471.87] 
2014-08-12 14:43:03:095 1420 sec: 20340365 operations; 14872.21 current ops/sec; [INSERT AverageLatency(us)=11.18] [READ AverageLatency(us)=1489.68] 
2014-08-12 14:43:13:095 1430 sec: 20489856 operations; 14949.1 current ops/sec; [INSERT AverageLatency(us)=17.88] [READ AverageLatency(us)=1477.51] 
2014-08-12 14:43:23:096 1440 sec: 20615609 operations; 12574.04 current ops/sec; [INSERT AverageLatency(us)=12.79] [READ AverageLatency(us)=1761.13] 
2014-08-12 14:43:33:096 1450 sec: 20729321 operations; 11371.2 current ops/sec; [INSERT AverageLatency(us)=13.6] [READ AverageLatency(us)=1945.71] 
2014-08-12 14:43:43:097 1460 sec: 20867533 operations; 13819.82 current ops/sec; [INSERT AverageLatency(us)=11.95] [READ AverageLatency(us)=1600.59] 
2014-08-12 14:43:53:098 1470 sec: 21016610 operations; 14906.21 current ops/sec; [INSERT AverageLatency(us)=11.41] [READ AverageLatency(us)=1484.62] 
2014-08-12 14:44:03:098 1480 sec: 21164173 operations; 14756.3 current ops/sec; [INSERT AverageLatency(us)=11.18] [READ AverageLatency(us)=1500.01] 
2014-08-12 14:44:13:099 1490 sec: 21311836 operations; 14764.82 current ops/sec; [INSERT AverageLatency(us)=17.47] [READ AverageLatency(us)=1496.44] 
2014-08-12 14:44:23:099 1500 sec: 21454895 operations; 14305.9 current ops/sec; [INSERT AverageLatency(us)=11.19] [READ AverageLatency(us)=1547.94] 
2014-08-12 14:44:33:100 1510 sec: 21574977 operations; 12007 current ops/sec; [INSERT AverageLatency(us)=13.3] [READ AverageLatency(us)=1845.31] 
2014-08-12 14:44:43:100 1520 sec: 21691896 operations; 11691.9 current ops/sec; [INSERT AverageLatency(us)=13.79] [READ AverageLatency(us)=1891.78] 
2014-08-12 14:44:53:101 1530 sec: 21839484 operations; 14757.32 current ops/sec; [INSERT AverageLatency(us)=11.49] [READ AverageLatency(us)=1498.27] 
2014-08-12 14:45:03:102 1540 sec: 21988830 operations; 14933.11 current ops/sec; [INSERT AverageLatency(us)=11.24] [READ AverageLatency(us)=1481.64] 
2014-08-12 14:45:13:102 1550 sec: 22137480 operations; 14865 current ops/sec; [INSERT AverageLatency(us)=11.31] [READ AverageLatency(us)=1487.99] 
2014-08-12 14:45:23:103 1560 sec: 22288834 operations; 15133.89 current ops/sec; [INSERT AverageLatency(us)=11.47] [READ AverageLatency(us)=1460.38] 
2014-08-12 14:45:33:103 1570 sec: 22430897 operations; 14206.3 current ops/sec; [INSERT AverageLatency(us)=12.08] [READ AverageLatency(us)=1556.11] 
2014-08-12 14:45:43:104 1580 sec: 22545110 operations; 11420.16 current ops/sec; [INSERT AverageLatency(us)=13.54] [READ AverageLatency(us)=1940.65] 
2014-08-12 14:45:53:105 1590 sec: 22670300 operations; 12519 current ops/sec; [INSERT AverageLatency(us)=12.76] [READ AverageLatency(us)=1770.42] 
2014-08-12 14:46:03:105 1600 sec: 22816171 operations; 14585.64 current ops/sec; [INSERT AverageLatency(us)=15.72] [READ AverageLatency(us)=1515.21] 
2014-08-12 14:46:13:106 1610 sec: 22963778 operations; 14759.22 current ops/sec; [INSERT AverageLatency(us)=11.21] [READ AverageLatency(us)=1501.1] 
2014-08-12 14:46:23:106 1620 sec: 23113971 operations; 15019.3 current ops/sec; [INSERT AverageLatency(us)=11.25] [READ AverageLatency(us)=1472.39] 
2014-08-12 14:46:33:107 1630 sec: 23262429 operations; 14844.32 current ops/sec; [INSERT AverageLatency(us)=18.78] [READ AverageLatency(us)=1489.24] 
2014-08-12 14:46:43:107 1640 sec: 23399375 operations; 13694.6 current ops/sec; [INSERT AverageLatency(us)=12.27] [READ AverageLatency(us)=1615.19] 
2014-08-12 14:46:53:108 1650 sec: 23515860 operations; 11647.34 current ops/sec; [INSERT AverageLatency(us)=19.91] [READ AverageLatency(us)=1901.97] 
2014-08-12 14:47:03:109 1660 sec: 23635023 operations; 11916.3 current ops/sec; [INSERT AverageLatency(us)=12.76] [READ AverageLatency(us)=1858.36] 
2014-08-12 14:47:13:109 1670 sec: 23766446 operations; 13140.99 current ops/sec; [INSERT AverageLatency(us)=11.19] [READ AverageLatency(us)=1678.86] 
2014-08-12 14:47:23:110 1680 sec: 23904555 operations; 13809.52 current ops/sec; [INSERT AverageLatency(us)=11.21] [READ AverageLatency(us)=1605.46] 
2014-08-12 14:47:33:110 1690 sec: 24039326 operations; 13477.1 current ops/sec; [INSERT AverageLatency(us)=11.22] [READ AverageLatency(us)=1642.24] 
2014-08-12 14:47:43:111 1700 sec: 24178323 operations; 13898.31 current ops/sec; [INSERT AverageLatency(us)=11.22] [READ AverageLatency(us)=1593.9] 
2014-08-12 14:47:53:111 1710 sec: 24309940 operations; 13161.7 current ops/sec; [INSERT AverageLatency(us)=11.77] [READ AverageLatency(us)=1680.88] 
2014-08-12 14:48:03:112 1720 sec: 24420819 operations; 11086.79 current ops/sec; [INSERT AverageLatency(us)=13.42] [READ AverageLatency(us)=2000.83] 
2014-08-12 14:48:13:113 1730 sec: 24521409 operations; 10057.99 current ops/sec; [INSERT AverageLatency(us)=13.45] [READ AverageLatency(us)=2203.33] 
2014-08-12 14:48:23:113 1740 sec: 24642047 operations; 12063.8 current ops/sec; [INSERT AverageLatency(us)=11.55] [READ AverageLatency(us)=1834.87] 
2014-08-12 14:48:33:114 1750 sec: 24770338 operations; 12827.82 current ops/sec; [INSERT AverageLatency(us)=11.44] [READ AverageLatency(us)=1723.88] 
2014-08-12 14:48:43:114 1760 sec: 24902600 operations; 13226.2 current ops/sec; [INSERT AverageLatency(us)=11.28] [READ AverageLatency(us)=1677.78] 
2014-08-12 14:48:53:115 1770 sec: 24999978 operations; 9736.83 current ops/sec; [UPDATE AverageLatency(us)=571374.47] [INSERT AverageLatency(us)=11.29] [READ AverageLatency(us)=1845.93] [CLEANUP AverageLatency(us)=571584.94] 
2014-08-12 14:48:53:711 1771 sec: 25000000 operations; 36.91 current ops/sec; [UPDATE AverageLatency(us)=483040.67] [INSERT AverageLatency(us)=15] [READ AverageLatency(us)=6634.95] [CLEANUP AverageLatency(us)=483048.33] 
+ echo 'end time:'
end time:
++ date +%s
+ echo 1407880134
1407880134
+ echo 'sleeping for 10 sec ...'
sleeping for 10 sec ...
+ sleep 10
+ false
+ false
+ false
+ false
+ false
+ false
+ let counter=1+1
+ read line
+ set +x
