++ seq 151 153
+ for i in '`seq $2 $3`'
+ ./deleteoldlogs.sh
+ ssh hadoop@master /home/hadoop/hadoop/bin/start-dfs.sh
starting namenode, logging to /home/hadoop/hadoop-1.2.1/libexec/../logs/hadoop-hadoop-namenode-sceplus-vm48.out
master: starting datanode, logging to /home/hadoop/hadoop-1.2.1/libexec/../logs/hadoop-hadoop-datanode-sceplus-vm48.out
slave1: starting datanode, logging to /home/hadoop/hadoop-1.2.1/libexec/../logs/hadoop-hadoop-datanode-sceplus-vm49.out
localhost: starting secondarynamenode, logging to /home/hadoop/hadoop-1.2.1/libexec/../logs/hadoop-hadoop-secondarynamenode-sceplus-vm48.out
+ ssh hadoop@master /home/hadoop/hbase/bin/start-hbase.sh
sceplus-vm48.almaden.ibm.com: starting zookeeper, logging to /home/hadoop/hbase/bin/../logs/hbase-hadoop-zookeeper-sceplus-vm48.out
sceplus-vm49.almaden.ibm.com: starting zookeeper, logging to /home/hadoop/hbase/bin/../logs/hbase-hadoop-zookeeper-sceplus-vm49.out
starting master, logging to /home/hadoop/hbase/bin/../logs/hbase-hadoop-master-sceplus-vm48.out
master: starting regionserver, logging to /home/hadoop/hbase/bin/../logs/hbase-hadoop-regionserver-sceplus-vm48.out
slave1: starting regionserver, logging to /home/hadoop/hbase/bin/../logs/hbase-hadoop-regionserver-sceplus-vm49.out
+ ./RunACase.sh clean create workloadb
++ echo 151
++ echo 151
+ ./collectcasetrace.sh case151
mkdir: cannot create directory ‘caseresult/case151’: File exists
+ ssh hadoop@master /home/hadoop/hbase/bin/stop-hbase.sh
stopping hbase...................
sceplus-vm48.almaden.ibm.com: stopping zookeeper.
sceplus-vm49.almaden.ibm.com: stopping zookeeper.
+ ssh hadoop@master /home/hadoop/hadoop/bin/stop-dfs.sh
stopping namenode
master: stopping datanode
slave1: stopping datanode
localhost: stopping secondarynamenode
+ for i in '`seq $2 $3`'
+ ./deleteoldlogs.sh
+ ssh hadoop@master /home/hadoop/hadoop/bin/start-dfs.sh
starting namenode, logging to /home/hadoop/hadoop-1.2.1/libexec/../logs/hadoop-hadoop-namenode-sceplus-vm48.out
master: starting datanode, logging to /home/hadoop/hadoop-1.2.1/libexec/../logs/hadoop-hadoop-datanode-sceplus-vm48.out
slave1: starting datanode, logging to /home/hadoop/hadoop-1.2.1/libexec/../logs/hadoop-hadoop-datanode-sceplus-vm49.out
localhost: starting secondarynamenode, logging to /home/hadoop/hadoop-1.2.1/libexec/../logs/hadoop-hadoop-secondarynamenode-sceplus-vm48.out
+ ssh hadoop@master /home/hadoop/hbase/bin/start-hbase.sh
sceplus-vm48.almaden.ibm.com: starting zookeeper, logging to /home/hadoop/hbase/bin/../logs/hbase-hadoop-zookeeper-sceplus-vm48.out
sceplus-vm49.almaden.ibm.com: starting zookeeper, logging to /home/hadoop/hbase/bin/../logs/hbase-hadoop-zookeeper-sceplus-vm49.out
starting master, logging to /home/hadoop/hbase/bin/../logs/hbase-hadoop-master-sceplus-vm48.out
master: starting regionserver, logging to /home/hadoop/hbase/bin/../logs/hbase-hadoop-regionserver-sceplus-vm48.out
slave1: starting regionserver, logging to /home/hadoop/hbase/bin/../logs/hbase-hadoop-regionserver-sceplus-vm49.out
+ ./RunACase.sh clean create workloadb
++ echo 152
++ echo 152
+ ./collectcasetrace.sh case152
mkdir: cannot create directory ‘caseresult/case152’: File exists
+ ssh hadoop@master /home/hadoop/hbase/bin/stop-hbase.sh
stopping hbase........................
sceplus-vm48.almaden.ibm.com: stopping zookeeper.
sceplus-vm49.almaden.ibm.com: stopping zookeeper.
+ ssh hadoop@master /home/hadoop/hadoop/bin/stop-dfs.sh
stopping namenode
master: stopping datanode
slave1: stopping datanode
localhost: stopping secondarynamenode
+ for i in '`seq $2 $3`'
+ ./deleteoldlogs.sh
+ ssh hadoop@master /home/hadoop/hadoop/bin/start-dfs.sh
starting namenode, logging to /home/hadoop/hadoop-1.2.1/libexec/../logs/hadoop-hadoop-namenode-sceplus-vm48.out
master: starting datanode, logging to /home/hadoop/hadoop-1.2.1/libexec/../logs/hadoop-hadoop-datanode-sceplus-vm48.out
slave1: starting datanode, logging to /home/hadoop/hadoop-1.2.1/libexec/../logs/hadoop-hadoop-datanode-sceplus-vm49.out
localhost: starting secondarynamenode, logging to /home/hadoop/hadoop-1.2.1/libexec/../logs/hadoop-hadoop-secondarynamenode-sceplus-vm48.out
+ ssh hadoop@master /home/hadoop/hbase/bin/start-hbase.sh
sceplus-vm48.almaden.ibm.com: starting zookeeper, logging to /home/hadoop/hbase/bin/../logs/hbase-hadoop-zookeeper-sceplus-vm48.out
sceplus-vm49.almaden.ibm.com: starting zookeeper, logging to /home/hadoop/hbase/bin/../logs/hbase-hadoop-zookeeper-sceplus-vm49.out
starting master, logging to /home/hadoop/hbase/bin/../logs/hbase-hadoop-master-sceplus-vm48.out
master: starting regionserver, logging to /home/hadoop/hbase/bin/../logs/hbase-hadoop-regionserver-sceplus-vm48.out
slave1: starting regionserver, logging to /home/hadoop/hbase/bin/../logs/hbase-hadoop-regionserver-sceplus-vm49.out
+ ./RunACase.sh clean create workloadb
++ echo 153
++ echo 153
+ ./collectcasetrace.sh case153
mkdir: cannot create directory ‘caseresult/case153’: File exists
+ ssh hadoop@master /home/hadoop/hbase/bin/stop-hbase.sh
stopping hbase..............................
sceplus-vm48.almaden.ibm.com: stopping zookeeper.
sceplus-vm49.almaden.ibm.com: stopping zookeeper.
+ ssh hadoop@master /home/hadoop/hadoop/bin/stop-dfs.sh
stopping namenode
master: stopping datanode
slave1: stopping datanode
localhost: stopping secondarynamenode
+ set +x
