++ seq 279 279
+ for i in '`seq $2 $3`'
+ ./deleteoldlogs.sh
++ echo 8gb
+ scp hadoop@master:/home/hadoop/hbase/conf/hbase-site.xml.8gb hadoop@master:/home/hadoop/hbase/conf/hbase-site.xml
++ echo 8gb
+ scp hadoop@master:/home/hadoop/hbase/conf/hbase-site.xml.8gb hadoop@slave1:/home/hadoop/hbase/conf/hbase-site.xml
+ ssh hadoop@master /home/hadoop/hadoop/bin/start-dfs.sh
starting namenode, logging to /home/hadoop/hadoop-1.2.1/libexec/../logs/hadoop-hadoop-namenode-sceplus-vm48.out
slave1: starting datanode, logging to /home/hadoop/hadoop-1.2.1/libexec/../logs/hadoop-hadoop-datanode-sceplus-vm49.out
master: starting datanode, logging to /home/hadoop/hadoop-1.2.1/libexec/../logs/hadoop-hadoop-datanode-sceplus-vm48.out
localhost: starting secondarynamenode, logging to /home/hadoop/hadoop-1.2.1/libexec/../logs/hadoop-hadoop-secondarynamenode-sceplus-vm48.out
+ ssh hadoop@master /home/hadoop/hbase/bin/start-hbase.sh
sceplus-vm49.almaden.ibm.com: starting zookeeper, logging to /home/hadoop/hbase/bin/../logs/hbase-hadoop-zookeeper-sceplus-vm49.out
sceplus-vm48.almaden.ibm.com: starting zookeeper, logging to /home/hadoop/hbase/bin/../logs/hbase-hadoop-zookeeper-sceplus-vm48.out
starting master, logging to /home/hadoop/hbase/bin/../logs/hbase-hadoop-master-sceplus-vm48.out
master: starting regionserver, logging to /home/hadoop/hbase/bin/../logs/hbase-hadoop-regionserver-sceplus-vm48.out
slave1: starting regionserver, logging to /home/hadoop/hbase/bin/../logs/hbase-hadoop-regionserver-sceplus-vm49.out
+ ./RunACase.sh clean create workloadb zipfian
++ echo 279
++ echo 279
+ ./collectcasetrace.sh case279
mkdir: cannot create directory ‘caseresult/case279’: File exists
+ ssh hadoop@master /home/hadoop/hbase/bin/stop-hbase.sh
stopping hbase................................
sceplus-vm49.almaden.ibm.com: stopping zookeeper.
sceplus-vm48.almaden.ibm.com: stopping zookeeper.
+ ssh hadoop@master /home/hadoop/hadoop/bin/stop-dfs.sh
stopping namenode
master: stopping datanode
slave1: stopping datanode
localhost: stopping secondarynamenode
+ set +x
