++ seq 49 63
+ for i in '`seq 49 63`'
+ ./deleteoldlogs.sh
+ start-dfs.sh
Warning: $HADOOP_HOME is deprecated.

starting namenode, logging to /home/hadoop/hadoop-1.2.1/libexec/../logs/hadoop-hadoop-namenode-sceplus-vm48.out
master: starting datanode, logging to /home/hadoop/hadoop-1.2.1/libexec/../logs/hadoop-hadoop-datanode-sceplus-vm48.out
slave1: starting datanode, logging to /home/hadoop/hadoop-1.2.1/libexec/../logs/hadoop-hadoop-datanode-sceplus-vm49.out
localhost: starting secondarynamenode, logging to /home/hadoop/hadoop-1.2.1/libexec/../logs/hadoop-hadoop-secondarynamenode-sceplus-vm48.out
+ start-hbase.sh
sceplus-vm48.almaden.ibm.com: starting zookeeper, logging to /home/hadoop/hbase/bin/../logs/hbase-hadoop-zookeeper-sceplus-vm48.out
sceplus-vm49.almaden.ibm.com: starting zookeeper, logging to /home/hadoop/hbase/bin/../logs/hbase-hadoop-zookeeper-sceplus-vm49.out
starting master, logging to /home/hadoop/hbase/logs/hbase-hadoop-master-sceplus-vm48.out
slave1: starting regionserver, logging to /home/hadoop/hbase/bin/../logs/hbase-hadoop-regionserver-sceplus-vm49.out
master: starting regionserver, logging to /home/hadoop/hbase/bin/../logs/hbase-hadoop-regionserver-sceplus-vm48.out
+ ./RunACase.sh clean create workloadc
++ echo 49
++ echo 49
+ ./collectcasetrace.sh case49
mkdir: cannot create directory ‘caseresult/case49’: File exists
+ stop-hbase.sh
stopping hbase............................
sceplus-vm49.almaden.ibm.com: stopping zookeeper.
sceplus-vm48.almaden.ibm.com: stopping zookeeper.
+ stop-dfs.sh
Warning: $HADOOP_HOME is deprecated.

stopping namenode
master: stopping datanode
slave1: stopping datanode
localhost: stopping secondarynamenode
+ for i in '`seq 49 63`'
+ ./deleteoldlogs.sh
+ start-dfs.sh
Warning: $HADOOP_HOME is deprecated.

starting namenode, logging to /home/hadoop/hadoop-1.2.1/libexec/../logs/hadoop-hadoop-namenode-sceplus-vm48.out
master: starting datanode, logging to /home/hadoop/hadoop-1.2.1/libexec/../logs/hadoop-hadoop-datanode-sceplus-vm48.out
slave1: starting datanode, logging to /home/hadoop/hadoop-1.2.1/libexec/../logs/hadoop-hadoop-datanode-sceplus-vm49.out
localhost: starting secondarynamenode, logging to /home/hadoop/hadoop-1.2.1/libexec/../logs/hadoop-hadoop-secondarynamenode-sceplus-vm48.out
+ start-hbase.sh
sceplus-vm48.almaden.ibm.com: starting zookeeper, logging to /home/hadoop/hbase/bin/../logs/hbase-hadoop-zookeeper-sceplus-vm48.out
sceplus-vm49.almaden.ibm.com: starting zookeeper, logging to /home/hadoop/hbase/bin/../logs/hbase-hadoop-zookeeper-sceplus-vm49.out
starting master, logging to /home/hadoop/hbase/logs/hbase-hadoop-master-sceplus-vm48.out
slave1: starting regionserver, logging to /home/hadoop/hbase/bin/../logs/hbase-hadoop-regionserver-sceplus-vm49.out
master: starting regionserver, logging to /home/hadoop/hbase/bin/../logs/hbase-hadoop-regionserver-sceplus-vm48.out
+ ./RunACase.sh clean create workloadc
++ echo 50
++ echo 50
+ ./collectcasetrace.sh case50
mkdir: cannot create directory ‘caseresult/case50’: File exists
+ stop-hbase.sh
stopping hbase........................
sceplus-vm49.almaden.ibm.com: stopping zookeeper.
sceplus-vm48.almaden.ibm.com: stopping zookeeper.
+ stop-dfs.sh
Warning: $HADOOP_HOME is deprecated.

stopping namenode
master: stopping datanode
slave1: stopping datanode
localhost: stopping secondarynamenode
+ for i in '`seq 49 63`'
+ ./deleteoldlogs.sh
+ start-dfs.sh
Warning: $HADOOP_HOME is deprecated.

starting namenode, logging to /home/hadoop/hadoop-1.2.1/libexec/../logs/hadoop-hadoop-namenode-sceplus-vm48.out
master: starting datanode, logging to /home/hadoop/hadoop-1.2.1/libexec/../logs/hadoop-hadoop-datanode-sceplus-vm48.out
slave1: starting datanode, logging to /home/hadoop/hadoop-1.2.1/libexec/../logs/hadoop-hadoop-datanode-sceplus-vm49.out
localhost: starting secondarynamenode, logging to /home/hadoop/hadoop-1.2.1/libexec/../logs/hadoop-hadoop-secondarynamenode-sceplus-vm48.out
+ start-hbase.sh
sceplus-vm48.almaden.ibm.com: starting zookeeper, logging to /home/hadoop/hbase/bin/../logs/hbase-hadoop-zookeeper-sceplus-vm48.out
sceplus-vm49.almaden.ibm.com: starting zookeeper, logging to /home/hadoop/hbase/bin/../logs/hbase-hadoop-zookeeper-sceplus-vm49.out
starting master, logging to /home/hadoop/hbase/logs/hbase-hadoop-master-sceplus-vm48.out
master: starting regionserver, logging to /home/hadoop/hbase/bin/../logs/hbase-hadoop-regionserver-sceplus-vm48.out
slave1: starting regionserver, logging to /home/hadoop/hbase/bin/../logs/hbase-hadoop-regionserver-sceplus-vm49.out
+ ./RunACase.sh clean create workloadc
++ echo 51
++ echo 51
+ ./collectcasetrace.sh case51
mkdir: cannot create directory ‘caseresult/case51’: File exists
+ stop-hbase.sh
stopping hbase.....................
sceplus-vm49.almaden.ibm.com: stopping zookeeper.
sceplus-vm48.almaden.ibm.com: stopping zookeeper.
+ stop-dfs.sh
Warning: $HADOOP_HOME is deprecated.

stopping namenode
master: stopping datanode
slave1: stopping datanode
localhost: stopping secondarynamenode
+ for i in '`seq 49 63`'
+ ./deleteoldlogs.sh
+ start-dfs.sh
Warning: $HADOOP_HOME is deprecated.

starting namenode, logging to /home/hadoop/hadoop-1.2.1/libexec/../logs/hadoop-hadoop-namenode-sceplus-vm48.out
master: starting datanode, logging to /home/hadoop/hadoop-1.2.1/libexec/../logs/hadoop-hadoop-datanode-sceplus-vm48.out
slave1: starting datanode, logging to /home/hadoop/hadoop-1.2.1/libexec/../logs/hadoop-hadoop-datanode-sceplus-vm49.out
localhost: starting secondarynamenode, logging to /home/hadoop/hadoop-1.2.1/libexec/../logs/hadoop-hadoop-secondarynamenode-sceplus-vm48.out
+ start-hbase.sh
sceplus-vm49.almaden.ibm.com: starting zookeeper, logging to /home/hadoop/hbase/bin/../logs/hbase-hadoop-zookeeper-sceplus-vm49.out
sceplus-vm48.almaden.ibm.com: starting zookeeper, logging to /home/hadoop/hbase/bin/../logs/hbase-hadoop-zookeeper-sceplus-vm48.out
starting master, logging to /home/hadoop/hbase/logs/hbase-hadoop-master-sceplus-vm48.out
slave1: starting regionserver, logging to /home/hadoop/hbase/bin/../logs/hbase-hadoop-regionserver-sceplus-vm49.out
master: starting regionserver, logging to /home/hadoop/hbase/bin/../logs/hbase-hadoop-regionserver-sceplus-vm48.out
+ ./RunACase.sh clean create workloadc
++ echo 52
++ echo 52
+ ./collectcasetrace.sh case52
mkdir: cannot create directory ‘caseresult/case52’: File exists
+ stop-hbase.sh
stopping hbase................
sceplus-vm49.almaden.ibm.com: stopping zookeeper.
sceplus-vm48.almaden.ibm.com: stopping zookeeper.
+ stop-dfs.sh
Warning: $HADOOP_HOME is deprecated.

stopping namenode
master: stopping datanode
slave1: stopping datanode
localhost: stopping secondarynamenode
+ for i in '`seq 49 63`'
+ ./deleteoldlogs.sh
+ start-dfs.sh
Warning: $HADOOP_HOME is deprecated.

starting namenode, logging to /home/hadoop/hadoop-1.2.1/libexec/../logs/hadoop-hadoop-namenode-sceplus-vm48.out
master: starting datanode, logging to /home/hadoop/hadoop-1.2.1/libexec/../logs/hadoop-hadoop-datanode-sceplus-vm48.out
slave1: starting datanode, logging to /home/hadoop/hadoop-1.2.1/libexec/../logs/hadoop-hadoop-datanode-sceplus-vm49.out
localhost: starting secondarynamenode, logging to /home/hadoop/hadoop-1.2.1/libexec/../logs/hadoop-hadoop-secondarynamenode-sceplus-vm48.out
+ start-hbase.sh
sceplus-vm48.almaden.ibm.com: starting zookeeper, logging to /home/hadoop/hbase/bin/../logs/hbase-hadoop-zookeeper-sceplus-vm48.out
sceplus-vm49.almaden.ibm.com: starting zookeeper, logging to /home/hadoop/hbase/bin/../logs/hbase-hadoop-zookeeper-sceplus-vm49.out
starting master, logging to /home/hadoop/hbase/logs/hbase-hadoop-master-sceplus-vm48.out
master: starting regionserver, logging to /home/hadoop/hbase/bin/../logs/hbase-hadoop-regionserver-sceplus-vm48.out
slave1: starting regionserver, logging to /home/hadoop/hbase/bin/../logs/hbase-hadoop-regionserver-sceplus-vm49.out
+ ./RunACase.sh clean create workloadc
++ echo 53
++ echo 53
+ ./collectcasetrace.sh case53
mkdir: cannot create directory ‘caseresult/case53’: File exists
+ stop-hbase.sh
stopping hbase........................
sceplus-vm49.almaden.ibm.com: stopping zookeeper.
sceplus-vm48.almaden.ibm.com: stopping zookeeper.
+ stop-dfs.sh
Warning: $HADOOP_HOME is deprecated.

stopping namenode
slave1: stopping datanode
master: stopping datanode
localhost: stopping secondarynamenode
+ for i in '`seq 49 63`'
+ ./deleteoldlogs.sh
+ start-dfs.sh
Warning: $HADOOP_HOME is deprecated.

starting namenode, logging to /home/hadoop/hadoop-1.2.1/libexec/../logs/hadoop-hadoop-namenode-sceplus-vm48.out
master: starting datanode, logging to /home/hadoop/hadoop-1.2.1/libexec/../logs/hadoop-hadoop-datanode-sceplus-vm48.out
slave1: starting datanode, logging to /home/hadoop/hadoop-1.2.1/libexec/../logs/hadoop-hadoop-datanode-sceplus-vm49.out
localhost: starting secondarynamenode, logging to /home/hadoop/hadoop-1.2.1/libexec/../logs/hadoop-hadoop-secondarynamenode-sceplus-vm48.out
+ start-hbase.sh
sceplus-vm48.almaden.ibm.com: starting zookeeper, logging to /home/hadoop/hbase/bin/../logs/hbase-hadoop-zookeeper-sceplus-vm48.out
sceplus-vm49.almaden.ibm.com: starting zookeeper, logging to /home/hadoop/hbase/bin/../logs/hbase-hadoop-zookeeper-sceplus-vm49.out
starting master, logging to /home/hadoop/hbase/logs/hbase-hadoop-master-sceplus-vm48.out
master: starting regionserver, logging to /home/hadoop/hbase/bin/../logs/hbase-hadoop-regionserver-sceplus-vm48.out
slave1: starting regionserver, logging to /home/hadoop/hbase/bin/../logs/hbase-hadoop-regionserver-sceplus-vm49.out
+ ./RunACase.sh clean create workloadc
++ echo 54
++ echo 54
+ ./collectcasetrace.sh case54
mkdir: cannot create directory ‘caseresult/case54’: File exists
+ stop-hbase.sh
stopping hbase.....................
sceplus-vm49.almaden.ibm.com: stopping zookeeper.
sceplus-vm48.almaden.ibm.com: stopping zookeeper.
+ stop-dfs.sh
Warning: $HADOOP_HOME is deprecated.

stopping namenode
master: stopping datanode
slave1: stopping datanode
localhost: stopping secondarynamenode
+ for i in '`seq 49 63`'
+ ./deleteoldlogs.sh
+ start-dfs.sh
Warning: $HADOOP_HOME is deprecated.

starting namenode, logging to /home/hadoop/hadoop-1.2.1/libexec/../logs/hadoop-hadoop-namenode-sceplus-vm48.out
master: starting datanode, logging to /home/hadoop/hadoop-1.2.1/libexec/../logs/hadoop-hadoop-datanode-sceplus-vm48.out
slave1: starting datanode, logging to /home/hadoop/hadoop-1.2.1/libexec/../logs/hadoop-hadoop-datanode-sceplus-vm49.out
localhost: starting secondarynamenode, logging to /home/hadoop/hadoop-1.2.1/libexec/../logs/hadoop-hadoop-secondarynamenode-sceplus-vm48.out
+ start-hbase.sh
sceplus-vm48.almaden.ibm.com: starting zookeeper, logging to /home/hadoop/hbase/bin/../logs/hbase-hadoop-zookeeper-sceplus-vm48.out
sceplus-vm49.almaden.ibm.com: starting zookeeper, logging to /home/hadoop/hbase/bin/../logs/hbase-hadoop-zookeeper-sceplus-vm49.out
starting master, logging to /home/hadoop/hbase/logs/hbase-hadoop-master-sceplus-vm48.out
master: starting regionserver, logging to /home/hadoop/hbase/bin/../logs/hbase-hadoop-regionserver-sceplus-vm48.out
slave1: starting regionserver, logging to /home/hadoop/hbase/bin/../logs/hbase-hadoop-regionserver-sceplus-vm49.out
+ ./RunACase.sh clean create workloadc
++ echo 55
++ echo 55
+ ./collectcasetrace.sh case55
mkdir: cannot create directory ‘caseresult/case55’: File exists
+ stop-hbase.sh
stopping hbase....................
sceplus-vm49.almaden.ibm.com: stopping zookeeper.
sceplus-vm48.almaden.ibm.com: stopping zookeeper.
+ stop-dfs.sh
Warning: $HADOOP_HOME is deprecated.

stopping namenode
slave1: stopping datanode
master: stopping datanode
localhost: stopping secondarynamenode
+ for i in '`seq 49 63`'
+ ./deleteoldlogs.sh
+ start-dfs.sh
Warning: $HADOOP_HOME is deprecated.

starting namenode, logging to /home/hadoop/hadoop-1.2.1/libexec/../logs/hadoop-hadoop-namenode-sceplus-vm48.out
master: starting datanode, logging to /home/hadoop/hadoop-1.2.1/libexec/../logs/hadoop-hadoop-datanode-sceplus-vm48.out
slave1: starting datanode, logging to /home/hadoop/hadoop-1.2.1/libexec/../logs/hadoop-hadoop-datanode-sceplus-vm49.out
localhost: starting secondarynamenode, logging to /home/hadoop/hadoop-1.2.1/libexec/../logs/hadoop-hadoop-secondarynamenode-sceplus-vm48.out
+ start-hbase.sh
sceplus-vm49.almaden.ibm.com: starting zookeeper, logging to /home/hadoop/hbase/bin/../logs/hbase-hadoop-zookeeper-sceplus-vm49.out
sceplus-vm48.almaden.ibm.com: starting zookeeper, logging to /home/hadoop/hbase/bin/../logs/hbase-hadoop-zookeeper-sceplus-vm48.out
starting master, logging to /home/hadoop/hbase/logs/hbase-hadoop-master-sceplus-vm48.out
master: starting regionserver, logging to /home/hadoop/hbase/bin/../logs/hbase-hadoop-regionserver-sceplus-vm48.out
slave1: starting regionserver, logging to /home/hadoop/hbase/bin/../logs/hbase-hadoop-regionserver-sceplus-vm49.out
+ ./RunACase.sh clean create workloadc
++ echo 56
++ echo 56
+ ./collectcasetrace.sh case56
mkdir: cannot create directory ‘caseresult/case56’: File exists
+ stop-hbase.sh
stopping hbase...................
sceplus-vm49.almaden.ibm.com: stopping zookeeper.
sceplus-vm48.almaden.ibm.com: stopping zookeeper.
+ stop-dfs.sh
Warning: $HADOOP_HOME is deprecated.

stopping namenode
master: stopping datanode
slave1: stopping datanode
localhost: stopping secondarynamenode
+ for i in '`seq 49 63`'
+ ./deleteoldlogs.sh
+ start-dfs.sh
Warning: $HADOOP_HOME is deprecated.

starting namenode, logging to /home/hadoop/hadoop-1.2.1/libexec/../logs/hadoop-hadoop-namenode-sceplus-vm48.out
master: starting datanode, logging to /home/hadoop/hadoop-1.2.1/libexec/../logs/hadoop-hadoop-datanode-sceplus-vm48.out
slave1: starting datanode, logging to /home/hadoop/hadoop-1.2.1/libexec/../logs/hadoop-hadoop-datanode-sceplus-vm49.out
localhost: starting secondarynamenode, logging to /home/hadoop/hadoop-1.2.1/libexec/../logs/hadoop-hadoop-secondarynamenode-sceplus-vm48.out
+ start-hbase.sh
sceplus-vm48.almaden.ibm.com: starting zookeeper, logging to /home/hadoop/hbase/bin/../logs/hbase-hadoop-zookeeper-sceplus-vm48.out
sceplus-vm49.almaden.ibm.com: starting zookeeper, logging to /home/hadoop/hbase/bin/../logs/hbase-hadoop-zookeeper-sceplus-vm49.out
starting master, logging to /home/hadoop/hbase/logs/hbase-hadoop-master-sceplus-vm48.out
master: starting regionserver, logging to /home/hadoop/hbase/bin/../logs/hbase-hadoop-regionserver-sceplus-vm48.out
slave1: starting regionserver, logging to /home/hadoop/hbase/bin/../logs/hbase-hadoop-regionserver-sceplus-vm49.out
+ ./RunACase.sh clean create workloadc
++ echo 57
++ echo 57
+ ./collectcasetrace.sh case57
mkdir: cannot create directory ‘caseresult/case57’: File exists
+ stop-hbase.sh
stopping hbase.....................
sceplus-vm49.almaden.ibm.com: stopping zookeeper.
sceplus-vm48.almaden.ibm.com: stopping zookeeper.
+ stop-dfs.sh
Warning: $HADOOP_HOME is deprecated.

stopping namenode
master: stopping datanode
slave1: stopping datanode
localhost: stopping secondarynamenode
+ for i in '`seq 49 63`'
+ ./deleteoldlogs.sh
+ start-dfs.sh
Warning: $HADOOP_HOME is deprecated.

starting namenode, logging to /home/hadoop/hadoop-1.2.1/libexec/../logs/hadoop-hadoop-namenode-sceplus-vm48.out
master: starting datanode, logging to /home/hadoop/hadoop-1.2.1/libexec/../logs/hadoop-hadoop-datanode-sceplus-vm48.out
slave1: starting datanode, logging to /home/hadoop/hadoop-1.2.1/libexec/../logs/hadoop-hadoop-datanode-sceplus-vm49.out
localhost: starting secondarynamenode, logging to /home/hadoop/hadoop-1.2.1/libexec/../logs/hadoop-hadoop-secondarynamenode-sceplus-vm48.out
+ start-hbase.sh
sceplus-vm48.almaden.ibm.com: starting zookeeper, logging to /home/hadoop/hbase/bin/../logs/hbase-hadoop-zookeeper-sceplus-vm48.out
sceplus-vm49.almaden.ibm.com: starting zookeeper, logging to /home/hadoop/hbase/bin/../logs/hbase-hadoop-zookeeper-sceplus-vm49.out
starting master, logging to /home/hadoop/hbase/logs/hbase-hadoop-master-sceplus-vm48.out
master: starting regionserver, logging to /home/hadoop/hbase/bin/../logs/hbase-hadoop-regionserver-sceplus-vm48.out
slave1: starting regionserver, logging to /home/hadoop/hbase/bin/../logs/hbase-hadoop-regionserver-sceplus-vm49.out
+ ./RunACase.sh clean create workloadc
++ echo 58
++ echo 58
+ ./collectcasetrace.sh case58
mkdir: cannot create directory ‘caseresult/case58’: File exists
+ stop-hbase.sh
stopping hbase...........................
sceplus-vm49.almaden.ibm.com: stopping zookeeper.
sceplus-vm48.almaden.ibm.com: stopping zookeeper.
+ stop-dfs.sh
Warning: $HADOOP_HOME is deprecated.

stopping namenode
master: stopping datanode
slave1: stopping datanode
localhost: stopping secondarynamenode
+ for i in '`seq 49 63`'
+ ./deleteoldlogs.sh
+ start-dfs.sh
Warning: $HADOOP_HOME is deprecated.

starting namenode, logging to /home/hadoop/hadoop-1.2.1/libexec/../logs/hadoop-hadoop-namenode-sceplus-vm48.out
master: starting datanode, logging to /home/hadoop/hadoop-1.2.1/libexec/../logs/hadoop-hadoop-datanode-sceplus-vm48.out
slave1: starting datanode, logging to /home/hadoop/hadoop-1.2.1/libexec/../logs/hadoop-hadoop-datanode-sceplus-vm49.out
localhost: starting secondarynamenode, logging to /home/hadoop/hadoop-1.2.1/libexec/../logs/hadoop-hadoop-secondarynamenode-sceplus-vm48.out
+ start-hbase.sh
sceplus-vm48.almaden.ibm.com: starting zookeeper, logging to /home/hadoop/hbase/bin/../logs/hbase-hadoop-zookeeper-sceplus-vm48.out
sceplus-vm49.almaden.ibm.com: starting zookeeper, logging to /home/hadoop/hbase/bin/../logs/hbase-hadoop-zookeeper-sceplus-vm49.out
starting master, logging to /home/hadoop/hbase/logs/hbase-hadoop-master-sceplus-vm48.out
master: starting regionserver, logging to /home/hadoop/hbase/bin/../logs/hbase-hadoop-regionserver-sceplus-vm48.out
slave1: starting regionserver, logging to /home/hadoop/hbase/bin/../logs/hbase-hadoop-regionserver-sceplus-vm49.out
+ ./RunACase.sh clean create workloadc
++ echo 59
++ echo 59
+ ./collectcasetrace.sh case59
mkdir: cannot create directory ‘caseresult/case59’: File exists
+ stop-hbase.sh
stopping hbase....................
sceplus-vm49.almaden.ibm.com: stopping zookeeper.
sceplus-vm48.almaden.ibm.com: stopping zookeeper.
+ stop-dfs.sh
Warning: $HADOOP_HOME is deprecated.

stopping namenode
master: stopping datanode
slave1: stopping datanode
localhost: stopping secondarynamenode
+ for i in '`seq 49 63`'
+ ./deleteoldlogs.sh
+ start-dfs.sh
Warning: $HADOOP_HOME is deprecated.

starting namenode, logging to /home/hadoop/hadoop-1.2.1/libexec/../logs/hadoop-hadoop-namenode-sceplus-vm48.out
master: starting datanode, logging to /home/hadoop/hadoop-1.2.1/libexec/../logs/hadoop-hadoop-datanode-sceplus-vm48.out
slave1: starting datanode, logging to /home/hadoop/hadoop-1.2.1/libexec/../logs/hadoop-hadoop-datanode-sceplus-vm49.out
localhost: starting secondarynamenode, logging to /home/hadoop/hadoop-1.2.1/libexec/../logs/hadoop-hadoop-secondarynamenode-sceplus-vm48.out
+ start-hbase.sh
sceplus-vm48.almaden.ibm.com: starting zookeeper, logging to /home/hadoop/hbase/bin/../logs/hbase-hadoop-zookeeper-sceplus-vm48.out
sceplus-vm49.almaden.ibm.com: starting zookeeper, logging to /home/hadoop/hbase/bin/../logs/hbase-hadoop-zookeeper-sceplus-vm49.out
starting master, logging to /home/hadoop/hbase/logs/hbase-hadoop-master-sceplus-vm48.out
master: starting regionserver, logging to /home/hadoop/hbase/bin/../logs/hbase-hadoop-regionserver-sceplus-vm48.out
slave1: starting regionserver, logging to /home/hadoop/hbase/bin/../logs/hbase-hadoop-regionserver-sceplus-vm49.out
+ ./RunACase.sh clean create workloadc
++ echo 60
++ echo 60
+ ./collectcasetrace.sh case60
mkdir: cannot create directory ‘caseresult/case60’: File exists
+ stop-hbase.sh
stopping hbase...........................
sceplus-vm49.almaden.ibm.com: stopping zookeeper.
sceplus-vm48.almaden.ibm.com: stopping zookeeper.
+ stop-dfs.sh
Warning: $HADOOP_HOME is deprecated.

stopping namenode
master: stopping datanode
slave1: stopping datanode
localhost: stopping secondarynamenode
+ for i in '`seq 49 63`'
+ ./deleteoldlogs.sh
+ start-dfs.sh
Warning: $HADOOP_HOME is deprecated.

starting namenode, logging to /home/hadoop/hadoop-1.2.1/libexec/../logs/hadoop-hadoop-namenode-sceplus-vm48.out
master: starting datanode, logging to /home/hadoop/hadoop-1.2.1/libexec/../logs/hadoop-hadoop-datanode-sceplus-vm48.out
slave1: starting datanode, logging to /home/hadoop/hadoop-1.2.1/libexec/../logs/hadoop-hadoop-datanode-sceplus-vm49.out
localhost: starting secondarynamenode, logging to /home/hadoop/hadoop-1.2.1/libexec/../logs/hadoop-hadoop-secondarynamenode-sceplus-vm48.out
+ start-hbase.sh
sceplus-vm48.almaden.ibm.com: starting zookeeper, logging to /home/hadoop/hbase/bin/../logs/hbase-hadoop-zookeeper-sceplus-vm48.out
sceplus-vm49.almaden.ibm.com: starting zookeeper, logging to /home/hadoop/hbase/bin/../logs/hbase-hadoop-zookeeper-sceplus-vm49.out
starting master, logging to /home/hadoop/hbase/logs/hbase-hadoop-master-sceplus-vm48.out
master: starting regionserver, logging to /home/hadoop/hbase/bin/../logs/hbase-hadoop-regionserver-sceplus-vm48.out
slave1: starting regionserver, logging to /home/hadoop/hbase/bin/../logs/hbase-hadoop-regionserver-sceplus-vm49.out
+ ./RunACase.sh clean create workloadc
++ echo 61
++ echo 61
+ ./collectcasetrace.sh case61
mkdir: cannot create directory ‘caseresult/case61’: File exists
+ stop-hbase.sh
stopping hbase......................
sceplus-vm49.almaden.ibm.com: stopping zookeeper.
sceplus-vm48.almaden.ibm.com: stopping zookeeper.
+ stop-dfs.sh
Warning: $HADOOP_HOME is deprecated.

stopping namenode
slave1: stopping datanode
master: stopping datanode
localhost: stopping secondarynamenode
+ for i in '`seq 49 63`'
+ ./deleteoldlogs.sh
+ start-dfs.sh
Warning: $HADOOP_HOME is deprecated.

starting namenode, logging to /home/hadoop/hadoop-1.2.1/libexec/../logs/hadoop-hadoop-namenode-sceplus-vm48.out
slave1: starting datanode, logging to /home/hadoop/hadoop-1.2.1/libexec/../logs/hadoop-hadoop-datanode-sceplus-vm49.out
master: starting datanode, logging to /home/hadoop/hadoop-1.2.1/libexec/../logs/hadoop-hadoop-datanode-sceplus-vm48.out
localhost: starting secondarynamenode, logging to /home/hadoop/hadoop-1.2.1/libexec/../logs/hadoop-hadoop-secondarynamenode-sceplus-vm48.out
+ start-hbase.sh
sceplus-vm49.almaden.ibm.com: starting zookeeper, logging to /home/hadoop/hbase/bin/../logs/hbase-hadoop-zookeeper-sceplus-vm49.out
sceplus-vm48.almaden.ibm.com: starting zookeeper, logging to /home/hadoop/hbase/bin/../logs/hbase-hadoop-zookeeper-sceplus-vm48.out
starting master, logging to /home/hadoop/hbase/logs/hbase-hadoop-master-sceplus-vm48.out
master: starting regionserver, logging to /home/hadoop/hbase/bin/../logs/hbase-hadoop-regionserver-sceplus-vm48.out
slave1: starting regionserver, logging to /home/hadoop/hbase/bin/../logs/hbase-hadoop-regionserver-sceplus-vm49.out
+ ./RunACase.sh clean create workloadc
++ echo 62
++ echo 62
+ ./collectcasetrace.sh case62
mkdir: cannot create directory ‘caseresult/case62’: File exists
+ stop-hbase.sh
stopping hbase.....................
sceplus-vm49.almaden.ibm.com: stopping zookeeper.
sceplus-vm48.almaden.ibm.com: stopping zookeeper.
+ stop-dfs.sh
Warning: $HADOOP_HOME is deprecated.

stopping namenode
master: stopping datanode
slave1: stopping datanode
localhost: stopping secondarynamenode
+ for i in '`seq 49 63`'
+ ./deleteoldlogs.sh
+ start-dfs.sh
Warning: $HADOOP_HOME is deprecated.

starting namenode, logging to /home/hadoop/hadoop-1.2.1/libexec/../logs/hadoop-hadoop-namenode-sceplus-vm48.out
master: starting datanode, logging to /home/hadoop/hadoop-1.2.1/libexec/../logs/hadoop-hadoop-datanode-sceplus-vm48.out
slave1: starting datanode, logging to /home/hadoop/hadoop-1.2.1/libexec/../logs/hadoop-hadoop-datanode-sceplus-vm49.out
localhost: starting secondarynamenode, logging to /home/hadoop/hadoop-1.2.1/libexec/../logs/hadoop-hadoop-secondarynamenode-sceplus-vm48.out
+ start-hbase.sh
sceplus-vm48.almaden.ibm.com: starting zookeeper, logging to /home/hadoop/hbase/bin/../logs/hbase-hadoop-zookeeper-sceplus-vm48.out
sceplus-vm49.almaden.ibm.com: starting zookeeper, logging to /home/hadoop/hbase/bin/../logs/hbase-hadoop-zookeeper-sceplus-vm49.out
starting master, logging to /home/hadoop/hbase/logs/hbase-hadoop-master-sceplus-vm48.out
master: starting regionserver, logging to /home/hadoop/hbase/bin/../logs/hbase-hadoop-regionserver-sceplus-vm48.out
slave1: starting regionserver, logging to /home/hadoop/hbase/bin/../logs/hbase-hadoop-regionserver-sceplus-vm49.out
+ ./RunACase.sh clean create workloadc
++ echo 63
++ echo 63
+ ./collectcasetrace.sh case63
mkdir: cannot create directory ‘caseresult/case63’: File exists
+ stop-hbase.sh
stopping hbase.....................
sceplus-vm49.almaden.ibm.com: stopping zookeeper.
sceplus-vm48.almaden.ibm.com: stopping zookeeper.
+ stop-dfs.sh
Warning: $HADOOP_HOME is deprecated.

stopping namenode
slave1: stopping datanode
master: stopping datanode
localhost: stopping secondarynamenode
+ set +x
