memstore flush threshold: 120.0
----------------------------------------------------------
selfdapql AM_FILE_POINTER in begining: 0
selfdapql filelengh: 403786
log_evicted_initial: 0
log_evicted_last: 0
log_evicted_count: 0
storeFileSize: 0.3268073
selfdapql AM_FILE_POINTER in end: 403786
selfdapql RS_FILE_POINTER in begining: 0
selfdapql rs_filelengh: 408811
selfdapql blocking update blocking_updates_count: 0
selfdapql blocking update avg total_blocking_time: 0.0
selfdapql RS_FILE_POINTER in end: 408811
selfdapql DN_FILE_POINTER in begining: 0
selfdapql dn_filelength: 80264
selfdapql total operation time: 22710.0
selfdapql total # operations: 621
selfdapql dfs avg read time: 36.57005
selfdapql DN_FILE_POINTER in end: 80264
memstore flush threshold: 120.0
----------------------------------------------------------
selfdapql AM_FILE_POINTER in begining: 403786
selfdapql filelengh: 1066835
log_evicted_initial: 0
log_evicted_last: 0
log_evicted_count: 0
storeFileSize: 1.78554
selfdapql AM_FILE_POINTER in end: 1066835
selfdapql RS_FILE_POINTER in begining: 408811
selfdapql rs_filelengh: 1340087
selfdapql blocking update blocking_updates_count: 120
selfdapql blocking update avg total_blocking_time: 24300.334
selfdapql RS_FILE_POINTER in end: 1340087
selfdapql DN_FILE_POINTER in begining: 80264
selfdapql dn_filelength: 135760
selfdapql total operation time: 112942.0
selfdapql total # operations: 5916
selfdapql dfs avg read time: 19.09094
selfdapql DN_FILE_POINTER in end: 135760
selfdapql newBlockCacheSize: 0.35
selfdapql newMemstoreSize: 0.45000002
memstore flush threshold: 120.0
----------------------------------------------------------
selfdapql AM_FILE_POINTER in begining: 1066835
selfdapql filelengh: 1664713
log_evicted_initial: 0
log_evicted_last: 1946
log_evicted_count: 1946
storeFileSize: 3.5710924
selfdapql AM_FILE_POINTER in end: 1664713
selfdapql RS_FILE_POINTER in begining: 1340087
selfdapql rs_filelengh: 5411523
selfdapql blocking update blocking_updates_count: 152
selfdapql blocking update avg total_blocking_time: 17197.191
selfdapql RS_FILE_POINTER in end: 5411523
selfdapql DN_FILE_POINTER in begining: 135760
selfdapql dn_filelength: 188490
selfdapql total operation time: 434777.0
selfdapql total # operations: 8646
selfdapql dfs avg read time: 50.28649
selfdapql DN_FILE_POINTER in end: 188490
selfdapql newBlockCacheSize: 0.29999998
selfdapql newMemstoreSize: 0.5
memstore flush threshold: 120.0
----------------------------------------------------------
selfdapql AM_FILE_POINTER in begining: 1664713
selfdapql filelengh: 2263702
log_evicted_initial: 1946
log_evicted_last: 4405
log_evicted_count: 2459
storeFileSize: 5.35653
selfdapql AM_FILE_POINTER in end: 2263702
selfdapql RS_FILE_POINTER in begining: 5411523
selfdapql rs_filelengh: 11818415
selfdapql blocking update blocking_updates_count: 140
selfdapql blocking update avg total_blocking_time: 20112.05
selfdapql RS_FILE_POINTER in end: 11818415
selfdapql DN_FILE_POINTER in begining: 188490
selfdapql dn_filelength: 244367
selfdapql total operation time: 805014.0
selfdapql total # operations: 12789
selfdapql dfs avg read time: 62.945812
selfdapql DN_FILE_POINTER in end: 244367
selfdapql newBlockCacheSize: 0.24999999
selfdapql newMemstoreSize: 0.55
memstore flush threshold: 120.0
----------------------------------------------------------
selfdapql AM_FILE_POINTER in begining: 2263702
selfdapql filelengh: 2863132
log_evicted_initial: 4405
log_evicted_last: 7738
log_evicted_count: 3333
storeFileSize: 7.033811
selfdapql AM_FILE_POINTER in end: 2863132
selfdapql RS_FILE_POINTER in begining: 11818415
selfdapql rs_filelengh: 17439474
selfdapql blocking update blocking_updates_count: 140
selfdapql blocking update avg total_blocking_time: 15545.843
selfdapql RS_FILE_POINTER in end: 17439474
selfdapql DN_FILE_POINTER in begining: 244367
selfdapql dn_filelength: 294401
selfdapql total operation time: 827061.0
selfdapql total # operations: 10060
selfdapql dfs avg read time: 82.21282
selfdapql DN_FILE_POINTER in end: 294401
selfdapql newBlockCacheSize: 0.19999999
selfdapql newMemstoreSize: 0.6
memstore flush threshold: 120.0
----------------------------------------------------------
selfdapql AM_FILE_POINTER in begining: 2863132
selfdapql filelengh: 3462669
log_evicted_initial: 12444
log_evicted_last: 12444
log_evicted_count: 0
storeFileSize: 8.472637
selfdapql AM_FILE_POINTER in end: 3462669
selfdapql RS_FILE_POINTER in begining: 17439474
selfdapql rs_filelengh: 22262863
selfdapql blocking update blocking_updates_count: 60
selfdapql blocking update avg total_blocking_time: 73373.3
selfdapql RS_FILE_POINTER in end: 22262863
selfdapql DN_FILE_POINTER in begining: 294401
selfdapql dn_filelength: 356117
selfdapql total operation time: 1410245.0
selfdapql total # operations: 10884
selfdapql dfs avg read time: 129.57047
selfdapql DN_FILE_POINTER in end: 356117
selfdapql newBlockCacheSize: 0.14999999
selfdapql newMemstoreSize: 0.65000004
memstore flush threshold: 120.0
----------------------------------------------------------
selfdapql AM_FILE_POINTER in begining: 3462669
selfdapql filelengh: 4062459
log_evicted_initial: 12444
log_evicted_last: 33625
log_evicted_count: 21181
storeFileSize: 9.574481
selfdapql AM_FILE_POINTER in end: 4062459
selfdapql RS_FILE_POINTER in begining: 22262863
selfdapql rs_filelengh: 27484086
selfdapql blocking update blocking_updates_count: 80
selfdapql blocking update avg total_blocking_time: 42042.574
selfdapql RS_FILE_POINTER in end: 27484086
selfdapql DN_FILE_POINTER in begining: 356117
selfdapql dn_filelength: 400199
selfdapql total operation time: 968446.0
selfdapql total # operations: 9341
selfdapql dfs avg read time: 103.67691
selfdapql DN_FILE_POINTER in end: 400199
memstore flush threshold: 120.0
----------------------------------------------------------
selfdapql AM_FILE_POINTER in begining: 4062459
selfdapql filelengh: 4629119
log_evicted_initial: 33625
log_evicted_last: 41730
log_evicted_count: 8105
storeFileSize: 11.250317
selfdapql AM_FILE_POINTER in end: 4629119
selfdapql RS_FILE_POINTER in begining: 27484086
selfdapql rs_filelengh: 32325292
selfdapql blocking update blocking_updates_count: 40
selfdapql blocking update avg total_blocking_time: 77893.55
selfdapql RS_FILE_POINTER in end: 32325292
selfdapql DN_FILE_POINTER in begining: 400199
selfdapql dn_filelength: 459060
selfdapql total operation time: 1419952.0
selfdapql total # operations: 10351
selfdapql dfs avg read time: 137.18018
selfdapql DN_FILE_POINTER in end: 459060
memstore flush threshold: 120.0
----------------------------------------------------------
selfdapql AM_FILE_POINTER in begining: 4629119
selfdapql filelengh: 5295696
log_evicted_initial: 41730
log_evicted_last: 53038
log_evicted_count: 11308
storeFileSize: 12.263819
selfdapql AM_FILE_POINTER in end: 5295696
selfdapql RS_FILE_POINTER in begining: 32325292
selfdapql rs_filelengh: 37593361
selfdapql blocking update blocking_updates_count: 80
selfdapql blocking update avg total_blocking_time: 31463.012
selfdapql RS_FILE_POINTER in end: 37593361
selfdapql DN_FILE_POINTER in begining: 459060
selfdapql dn_filelength: 509131
selfdapql total operation time: 891684.0
selfdapql total # operations: 8318
selfdapql dfs avg read time: 107.199326
selfdapql DN_FILE_POINTER in end: 509131
memstore flush threshold: 120.0
----------------------------------------------------------
selfdapql AM_FILE_POINTER in begining: 5295696
selfdapql filelengh: 5895765
log_evicted_initial: 53038
log_evicted_last: 63458
log_evicted_count: 10420
storeFileSize: 13.4675865
selfdapql AM_FILE_POINTER in end: 5895765
selfdapql RS_FILE_POINTER in begining: 37593361
selfdapql rs_filelengh: 43167345
selfdapql blocking update blocking_updates_count: 40
selfdapql blocking update avg total_blocking_time: 93551.85
selfdapql RS_FILE_POINTER in end: 43167345
selfdapql DN_FILE_POINTER in begining: 509131
selfdapql dn_filelength: 570975
selfdapql total operation time: 1602417.0
selfdapql total # operations: 12586
selfdapql dfs avg read time: 127.31741
selfdapql DN_FILE_POINTER in end: 570975
memstore flush threshold: 120.0
----------------------------------------------------------
selfdapql AM_FILE_POINTER in begining: 5895765
selfdapql filelengh: 6495848
log_evicted_initial: 69353
log_evicted_last: 75143
log_evicted_count: 5790
storeFileSize: 15.317186
selfdapql AM_FILE_POINTER in end: 6495848
selfdapql RS_FILE_POINTER in begining: 43167345
selfdapql rs_filelengh: 48628922
selfdapql blocking update blocking_updates_count: 71
selfdapql blocking update avg total_blocking_time: 28870.127
selfdapql RS_FILE_POINTER in end: 48628922
selfdapql DN_FILE_POINTER in begining: 570975
selfdapql dn_filelength: 615198
selfdapql total operation time: 1223672.0
selfdapql total # operations: 7984
selfdapql dfs avg read time: 153.26553
selfdapql DN_FILE_POINTER in end: 615198
