memstore flush threshold: 80.0
----------------------------------------------------------
selfdapql AM_FILE_POINTER in begining: 0
selfdapql filelengh: 226397
log_evicted_initial: 0
log_evicted_last: 5
log_evicted_count: 5
storeFileSize: 2.8184615E-5
selfdapql AM_FILE_POINTER in end: 226397
selfdapql RS_FILE_POINTER in begining: 0
selfdapql rs_filelengh: 257769
selfdapql blocking update blocking_updates_count: 0
selfdapql blocking update avg total_blocking_time: 0.0
selfdapql RS_FILE_POINTER in end: 257769
selfdapql DN_FILE_POINTER in begining: 0
selfdapql dn_filelength: 62647
selfdapql total operation time: 128.0
selfdapql total # operations: 25
selfdapql dfs avg read time: 5.12
selfdapql DN_FILE_POINTER in end: 62647
selfdapql newBlockCacheSize: 0.45000002
selfdapql newMemstoreSize: 0.35
memstore flush threshold: 80.0
----------------------------------------------------------
selfdapql AM_FILE_POINTER in begining: 226397
selfdapql filelengh: 447504
log_evicted_initial: 5
log_evicted_last: 7
log_evicted_count: 2
storeFileSize: 2.8184615E-5
selfdapql AM_FILE_POINTER in end: 447504
selfdapql RS_FILE_POINTER in begining: 257769
selfdapql rs_filelengh: 262876
selfdapql blocking update blocking_updates_count: 0
selfdapql blocking update avg total_blocking_time: 0.0
selfdapql RS_FILE_POINTER in end: 262876
selfdapql DN_FILE_POINTER in begining: 62647
selfdapql dn_filelength: 114103
selfdapql total operation time: 2.0
selfdapql total # operations: 2
selfdapql dfs avg read time: 1.0
selfdapql DN_FILE_POINTER in end: 114103
selfdapql newBlockCacheSize: 0.5
selfdapql newMemstoreSize: 0.29999998
memstore flush threshold: 80.0
----------------------------------------------------------
selfdapql AM_FILE_POINTER in begining: 447504
selfdapql filelengh: 668768
log_evicted_initial: 7
log_evicted_last: 7
log_evicted_count: 0
storeFileSize: 2.8184615E-5
selfdapql AM_FILE_POINTER in end: 668768
selfdapql RS_FILE_POINTER in begining: 262876
selfdapql rs_filelengh: 263091
selfdapql blocking update blocking_updates_count: 0
selfdapql blocking update avg total_blocking_time: 0.0
selfdapql RS_FILE_POINTER in end: 263091
selfdapql DN_FILE_POINTER in begining: 114103
selfdapql dn_filelength: 165596
selfdapql total operation time: 0.0
selfdapql total # operations: 0
selfdapql dfs avg read time: 0.0
selfdapql DN_FILE_POINTER in end: 165596
memstore flush threshold: 80.0
----------------------------------------------------------
selfdapql AM_FILE_POINTER in begining: 668768
selfdapql filelengh: 889997
log_evicted_initial: 7
log_evicted_last: 7
log_evicted_count: 0
storeFileSize: 2.8184615E-5
selfdapql AM_FILE_POINTER in end: 889997
selfdapql RS_FILE_POINTER in begining: 263091
selfdapql rs_filelengh: 267983
selfdapql blocking update blocking_updates_count: 0
selfdapql blocking update avg total_blocking_time: 0.0
selfdapql RS_FILE_POINTER in end: 267983
selfdapql DN_FILE_POINTER in begining: 165596
selfdapql dn_filelength: 217069
selfdapql total operation time: 5.0
selfdapql total # operations: 2
selfdapql dfs avg read time: 2.5
selfdapql DN_FILE_POINTER in end: 217069
memstore flush threshold: 80.0
----------------------------------------------------------
selfdapql AM_FILE_POINTER in begining: 889997
selfdapql filelengh: 1111159
log_evicted_initial: 7
log_evicted_last: 7
log_evicted_count: 0
storeFileSize: 2.8184615E-5
selfdapql AM_FILE_POINTER in end: 1111159
selfdapql RS_FILE_POINTER in begining: 267983
selfdapql rs_filelengh: 268266
selfdapql blocking update blocking_updates_count: 0
selfdapql blocking update avg total_blocking_time: 0.0
selfdapql RS_FILE_POINTER in end: 268266
selfdapql DN_FILE_POINTER in begining: 217069
selfdapql dn_filelength: 268625
selfdapql total operation time: 0.0
selfdapql total # operations: 0
selfdapql dfs avg read time: 0.0
selfdapql DN_FILE_POINTER in end: 268625
memstore flush threshold: 80.0
----------------------------------------------------------
selfdapql AM_FILE_POINTER in begining: 1111159
selfdapql filelengh: 1331479
log_evicted_initial: 7
log_evicted_last: 7
log_evicted_count: 0
storeFileSize: 2.8184615E-5
selfdapql AM_FILE_POINTER in end: 1331479
selfdapql RS_FILE_POINTER in begining: 268266
selfdapql rs_filelengh: 272875
selfdapql blocking update blocking_updates_count: 0
selfdapql blocking update avg total_blocking_time: 0.0
selfdapql RS_FILE_POINTER in end: 272875
selfdapql DN_FILE_POINTER in begining: 268625
selfdapql dn_filelength: 320280
selfdapql total operation time: 0.0
selfdapql total # operations: 0
selfdapql dfs avg read time: 0.0
selfdapql DN_FILE_POINTER in end: 320280
memstore flush threshold: 80.0
----------------------------------------------------------
selfdapql AM_FILE_POINTER in begining: 1331479
selfdapql filelengh: 1551779
log_evicted_initial: 7
log_evicted_last: 7
log_evicted_count: 0
storeFileSize: 2.8184615E-5
selfdapql AM_FILE_POINTER in end: 1551779
selfdapql RS_FILE_POINTER in begining: 272875
selfdapql rs_filelengh: 277767
selfdapql blocking update blocking_updates_count: 0
selfdapql blocking update avg total_blocking_time: 0.0
selfdapql RS_FILE_POINTER in end: 277767
selfdapql DN_FILE_POINTER in begining: 320280
selfdapql dn_filelength: 371934
selfdapql total operation time: 4.0
selfdapql total # operations: 2
selfdapql dfs avg read time: 2.0
selfdapql DN_FILE_POINTER in end: 371934
memstore flush threshold: 80.0
----------------------------------------------------------
selfdapql AM_FILE_POINTER in begining: 1551779
selfdapql filelengh: 1772662
log_evicted_initial: 7
log_evicted_last: 7
log_evicted_count: 0
storeFileSize: 2.8184615E-5
selfdapql AM_FILE_POINTER in end: 1772662
selfdapql RS_FILE_POINTER in begining: 277767
selfdapql rs_filelengh: 277767
selfdapql blocking update blocking_updates_count: 0
selfdapql blocking update avg total_blocking_time: 0.0
selfdapql RS_FILE_POINTER in end: 277767
selfdapql DN_FILE_POINTER in begining: 371934
selfdapql dn_filelength: 423508
selfdapql total operation time: 0.0
selfdapql total # operations: 0
selfdapql dfs avg read time: 0.0
selfdapql DN_FILE_POINTER in end: 423508
memstore flush threshold: 80.0
----------------------------------------------------------
selfdapql AM_FILE_POINTER in begining: 1772662
selfdapql filelengh: 1993968
log_evicted_initial: 7
log_evicted_last: 7
log_evicted_count: 0
storeFileSize: 2.8184615E-5
selfdapql AM_FILE_POINTER in end: 1993968
selfdapql RS_FILE_POINTER in begining: 277767
selfdapql rs_filelengh: 282663
selfdapql blocking update blocking_updates_count: 0
selfdapql blocking update avg total_blocking_time: 0.0
selfdapql RS_FILE_POINTER in end: 282663
selfdapql DN_FILE_POINTER in begining: 423508
selfdapql dn_filelength: 475374
selfdapql total operation time: 264.0
selfdapql total # operations: 90
selfdapql dfs avg read time: 2.9333334
selfdapql DN_FILE_POINTER in end: 475374
memstore flush threshold: 80.0
----------------------------------------------------------
selfdapql AM_FILE_POINTER in begining: 1993968
selfdapql filelengh: 2215323
log_evicted_initial: 7
log_evicted_last: 7
log_evicted_count: 0
storeFileSize: 2.8184615E-5
selfdapql AM_FILE_POINTER in end: 2215323
selfdapql RS_FILE_POINTER in begining: 282663
selfdapql rs_filelengh: 282946
selfdapql blocking update blocking_updates_count: 0
selfdapql blocking update avg total_blocking_time: 0.0
selfdapql RS_FILE_POINTER in end: 282946
selfdapql DN_FILE_POINTER in begining: 475374
selfdapql dn_filelength: 527599
selfdapql total operation time: 2929.0
selfdapql total # operations: 128
selfdapql dfs avg read time: 22.882812
selfdapql DN_FILE_POINTER in end: 527599
memstore flush threshold: 80.0
----------------------------------------------------------
selfdapql AM_FILE_POINTER in begining: 2215323
selfdapql filelengh: 2437119
log_evicted_initial: 7
log_evicted_last: 7
log_evicted_count: 0
storeFileSize: 2.8184615E-5
selfdapql AM_FILE_POINTER in end: 2437119
selfdapql RS_FILE_POINTER in begining: 282946
selfdapql rs_filelengh: 287559
selfdapql blocking update blocking_updates_count: 0
selfdapql blocking update avg total_blocking_time: 0.0
selfdapql RS_FILE_POINTER in end: 287559
selfdapql DN_FILE_POINTER in begining: 527599
selfdapql dn_filelength: 579765
selfdapql total operation time: 1397.0
selfdapql total # operations: 108
selfdapql dfs avg read time: 12.935185
selfdapql DN_FILE_POINTER in end: 579765
memstore flush threshold: 80.0
----------------------------------------------------------
selfdapql AM_FILE_POINTER in begining: 2437119
selfdapql filelengh: 2658550
log_evicted_initial: 7
log_evicted_last: 7
log_evicted_count: 0
storeFileSize: 2.8184615E-5
selfdapql AM_FILE_POINTER in end: 2658550
selfdapql RS_FILE_POINTER in begining: 287559
selfdapql rs_filelengh: 292455
selfdapql blocking update blocking_updates_count: 0
selfdapql blocking update avg total_blocking_time: 0.0
selfdapql RS_FILE_POINTER in end: 292455
selfdapql DN_FILE_POINTER in begining: 579765
selfdapql dn_filelength: 632066
selfdapql total operation time: 51992.0
selfdapql total # operations: 51
selfdapql dfs avg read time: 1019.451
selfdapql DN_FILE_POINTER in end: 632066
memstore flush threshold: 80.0
----------------------------------------------------------
selfdapql AM_FILE_POINTER in begining: 2658550
selfdapql filelengh: 2879769
log_evicted_initial: 7
log_evicted_last: 7
log_evicted_count: 0
storeFileSize: 2.8184615E-5
selfdapql AM_FILE_POINTER in end: 2879769
selfdapql RS_FILE_POINTER in begining: 292455
selfdapql rs_filelengh: 292455
selfdapql blocking update blocking_updates_count: 0
selfdapql blocking update avg total_blocking_time: 0.0
selfdapql RS_FILE_POINTER in end: 292455
selfdapql DN_FILE_POINTER in begining: 632066
selfdapql dn_filelength: 684230
selfdapql total operation time: 206652.0
selfdapql total # operations: 122
selfdapql dfs avg read time: 1693.8689
selfdapql DN_FILE_POINTER in end: 684230
memstore flush threshold: 80.0
----------------------------------------------------------
selfdapql AM_FILE_POINTER in begining: 2879769
selfdapql filelengh: 3101344
log_evicted_initial: 7
log_evicted_last: 7
log_evicted_count: 0
storeFileSize: 2.8184615E-5
selfdapql AM_FILE_POINTER in end: 3101344
selfdapql RS_FILE_POINTER in begining: 292455
selfdapql rs_filelengh: 297355
selfdapql blocking update blocking_updates_count: 0
selfdapql blocking update avg total_blocking_time: 0.0
selfdapql RS_FILE_POINTER in end: 297355
selfdapql DN_FILE_POINTER in begining: 684230
selfdapql dn_filelength: 736583
selfdapql total operation time: 3100.0
selfdapql total # operations: 158
selfdapql dfs avg read time: 19.620253
selfdapql DN_FILE_POINTER in end: 736583
memstore flush threshold: 80.0
----------------------------------------------------------
selfdapql AM_FILE_POINTER in begining: 3101344
selfdapql filelengh: 3323107
log_evicted_initial: 7
log_evicted_last: 7
log_evicted_count: 0
storeFileSize: 2.8184615E-5
selfdapql AM_FILE_POINTER in end: 3323107
selfdapql RS_FILE_POINTER in begining: 297355
selfdapql rs_filelengh: 297642
selfdapql blocking update blocking_updates_count: 0
selfdapql blocking update avg total_blocking_time: 0.0
selfdapql RS_FILE_POINTER in end: 297642
selfdapql DN_FILE_POINTER in begining: 736583
selfdapql dn_filelength: 788998
selfdapql total operation time: 1140.0
selfdapql total # operations: 100
selfdapql dfs avg read time: 11.4
selfdapql DN_FILE_POINTER in end: 788998
memstore flush threshold: 80.0
----------------------------------------------------------
selfdapql AM_FILE_POINTER in begining: 3323107
selfdapql filelengh: 3543969
log_evicted_initial: 7
log_evicted_last: 7
log_evicted_count: 0
storeFileSize: 2.8184615E-5
selfdapql AM_FILE_POINTER in end: 3543969
selfdapql RS_FILE_POINTER in begining: 297642
selfdapql rs_filelengh: 302255
selfdapql blocking update blocking_updates_count: 0
selfdapql blocking update avg total_blocking_time: 0.0
selfdapql RS_FILE_POINTER in end: 302255
selfdapql DN_FILE_POINTER in begining: 788998
selfdapql dn_filelength: 841225
selfdapql total operation time: 197.0
selfdapql total # operations: 17
selfdapql dfs avg read time: 11.588235
selfdapql DN_FILE_POINTER in end: 841225
