+ filename=case387
+ requestdistribution=
+ RESULT_DIR=/home/hadoop/git/physical_design/caseresult/case387
+ TEN=10
+ SIXTY=60
+ SLEEP_TIME=60
+ YCSB_DIR=/home/hadoop/ycsb-0.1.4
+ number_of_operations=25000000
+ number_of_threads=20
+ number_of_records=25000000
+ output_file_suffix=.dat
+ experiment_list_file=/home/hadoop/git/physical_design/case387.list
+ clean=false
+ create=false
+ load=false
+ random_read=false
+ workloada=false
+ workloadb=false
+ workloadc=false
+ workloadc1=false
+ scan=false
+ all=false
+ for i in '$@'
+ '[' case387 == all ']'
+ '[' case387 == clean ']'
+ '[' case387 == create ']'
+ '[' case387 == load ']'
+ '[' case387 == random_read ']'
+ '[' case387 == scan ']'
+ '[' case387 == workloada ']'
+ '[' case387 == workloadb ']'
+ '[' case387 == workloadc ']'
+ '[' case387 == workloadc1 ']'
+ '[' case387 == zipfian ']'
+ '[' case387 == uniform ']'
+ for i in '$@'
+ '[' clean == all ']'
+ '[' clean == clean ']'
+ clean=true
+ for i in '$@'
+ '[' create == all ']'
+ '[' create == clean ']'
+ '[' create == create ']'
+ create=true
+ for i in '$@'
+ '[' workloada == all ']'
+ '[' workloada == clean ']'
+ '[' workloada == create ']'
+ '[' workloada == load ']'
+ '[' workloada == random_read ']'
+ '[' workloada == scan ']'
+ '[' workloada == workloada ']'
+ workloada=true
+ for i in '$@'
+ '[' zipfian == all ']'
+ '[' zipfian == clean ']'
+ '[' zipfian == create ']'
+ '[' zipfian == load ']'
+ '[' zipfian == random_read ']'
+ '[' zipfian == scan ']'
+ '[' zipfian == workloada ']'
+ '[' zipfian == workloadb ']'
+ '[' zipfian == workloadc ']'
+ '[' zipfian == workloadc1 ']'
+ '[' zipfian == zipfian ']'
+ requestdistribution=zipfian
+ let counter=1
+ cd /home/hadoop/ycsb-0.1.4
++ pwd
+ echo /home/hadoop/ycsb-0.1.4
/home/hadoop/ycsb-0.1.4
+ read line
+ false
+ true
+ echo 'sleeping for 60 ...'
sleeping for 60 ...
+ sleep 60
+ echo 'droping usertable...'
droping usertable...
+ ssh hadoop@slave1 /home/hadoop/hbase/bin/hbase-daemon.sh start regionserver
starting regionserver, logging to /home/hadoop/hbase/bin/../logs/hbase-hadoop-regionserver-sceplus-vm49.out
+ ssh hadoop@master /home/hadoop/hbase/bin/hbase shell /home/hadoop/git/physical_design/delete_table
2014-08-12 23:55:14,711 WARN  [main] util.NativeCodeLoader: Unable to load native-hadoop library for your platform... using builtin-java classes where applicable
0 row(s) in 3.0970 seconds

0 row(s) in 1.2890 seconds

0 row(s) in 0.1080 seconds

+ echo 'sleeping for 60 ...'
sleeping for 60 ...
+ sleep 60
+ false
+ true
+ echo 'creating usertable...'
creating usertable...
+ create_statement='create '\''usertable'\'', { NAME=>'\''family'\'', COMPRESSION=>'\''GZ'\''}, SPLITS => ['\''user1'\'', '\''user2'\'', '\''user3'\'', '\''user4'\'', '\''user5'\'', '\''user6'\'', '\''user7'\'', '\''user8'\'', '\''user9'\'']'
+ echo create ''\''usertable'\'',' '{' 'NAME=>'\''family'\'',' 'COMPRESSION=>'\''GZ'\''},' SPLITS '=>' '['\''user1'\'',' ''\''user2'\'',' ''\''user3'\'',' ''\''user4'\'',' ''\''user5'\'',' ''\''user6'\'',' ''\''user7'\'',' ''\''user8'\'',' ''\''user9'\'']'
+ echo 'exit '
+ scp /home/hadoop/git/physical_design/caseresult/case387/create_1.script hadoop@master:/home/hadoop/git/physical_design/caseresult/case387/create_1.script
+ create_table /home/hadoop/git/physical_design/caseresult/case387/create_1.script
+ echo 'creating table...'
creating table...
+ echo /home/hadoop/git/physical_design/caseresult/case387/create_1.script
/home/hadoop/git/physical_design/caseresult/case387/create_1.script
+ ssh hadoop@master /home/hadoop/hbase/bin/hbase shell /home/hadoop/git/physical_design/caseresult/case387/create_1.script
2014-08-12 23:56:26,366 WARN  [main] util.NativeCodeLoader: Unable to load native-hadoop library for your platform... using builtin-java classes where applicable
0 row(s) in 2.4460 seconds

+ echo 'sleeping for 10 sec ...'
sleeping for 10 sec ...
+ sleep 10
+ false
+ false
+ false
+ false
+ false
+ false
+ false
+ true
+ echo workloada...
workloada...
+ echo 'start time: '
start time: 
++ date +%s
+ echo 1407884532
1407884532
++ echo /home/hadoop/git/physical_design/caseresult/case387/workloada_1.dat
+ ./workloada 25000000 20 /home/hadoop/git/physical_design/caseresult/case387/workloada_1.dat zipfian
Loading workload...
Starting test.
2014-08-12 16:02:13:304 0 sec: 0 operations; 
14/08/12 16:02:13 INFO zookeeper.ZooKeeper: Client environment:zookeeper.version=3.4.6-1569965, built on 02/20/2014 09:09 GMT
14/08/12 16:02:13 INFO zookeeper.ZooKeeper: Client environment:host.name=sceplus-vm43.almaden.ibm.com
14/08/12 16:02:13 INFO zookeeper.ZooKeeper: Client environment:java.version=1.6.0_31
14/08/12 16:02:13 INFO zookeeper.ZooKeeper: Client environment:java.vendor=Sun Microsystems Inc.
14/08/12 16:02:13 INFO zookeeper.ZooKeeper: Client environment:java.home=/usr/lib/jvm/java-6-openjdk-amd64/jre
14/08/12 16:02:13 INFO zookeeper.ZooKeeper: Client environment:java.class.path=/home/hadoop/ycsb-0.1.4/hbase-binding/lib/hbase-binding-0.1.4.jar:/home/hadoop/ycsb-0.1.4/hbase-binding/conf:/home/hadoop/ycsb-0.1.4/core/lib/core-0.1.4.jar:/home/hadoop/ycsb-0.1.4/jdbc-binding/conf
14/08/12 16:02:13 INFO zookeeper.ZooKeeper: Client environment:java.library.path=/usr/lib/jvm/java-6-openjdk-amd64/jre/lib/amd64/server:/usr/lib/jvm/java-6-openjdk-amd64/jre/lib/amd64:/usr/lib/jvm/java-6-openjdk-amd64/jre/../lib/amd64:/usr/java/packages/lib/amd64:/usr/lib/jni:/lib:/usr/lib
14/08/12 16:02:13 INFO zookeeper.ZooKeeper: Client environment:java.io.tmpdir=/tmp
14/08/12 16:02:13 INFO zookeeper.ZooKeeper: Client environment:java.compiler=<NA>
14/08/12 16:02:13 INFO zookeeper.ZooKeeper: Client environment:os.name=Linux
14/08/12 16:02:13 INFO zookeeper.ZooKeeper: Client environment:os.arch=amd64
14/08/12 16:02:13 INFO zookeeper.ZooKeeper: Client environment:os.version=3.13.0-24-generic
14/08/12 16:02:13 INFO zookeeper.ZooKeeper: Client environment:user.name=hadoop
14/08/12 16:02:13 INFO zookeeper.ZooKeeper: Client environment:user.home=/home/hadoop
14/08/12 16:02:13 INFO zookeeper.ZooKeeper: Client environment:user.dir=/home/hadoop/ycsb-0.1.4
14/08/12 16:02:13 INFO zookeeper.ZooKeeper: Initiating client connection, connectString=sceplus-vm49.almaden.ibm.com:2181,sceplus-vm48.almaden.ibm.com:2181 sessionTimeout=90000 watcher=hconnection-0x46f91a48, quorum=sceplus-vm49.almaden.ibm.com:2181,sceplus-vm48.almaden.ibm.com:2181, baseZNode=/hbase
14/08/12 16:02:13 INFO zookeeper.RecoverableZooKeeper: Process identifier=hconnection-0x46f91a48 connecting to ZooKeeper ensemble=sceplus-vm49.almaden.ibm.com:2181,sceplus-vm48.almaden.ibm.com:2181
14/08/12 16:02:13 INFO zookeeper.ClientCnxn: Opening socket connection to server slave1/9.1.143.59:2181. Will not attempt to authenticate using SASL (unknown error)
14/08/12 16:02:13 INFO zookeeper.ClientCnxn: Socket connection established to slave1/9.1.143.59:2181, initiating session
14/08/12 16:02:13 INFO zookeeper.ClientCnxn: Session establishment complete on server slave1/9.1.143.59:2181, sessionid = 0x147ce2506e00007, negotiated timeout = 90000
14/08/12 16:02:13 WARN util.DynamicClassLoader: Failed to identify the fs of dir hdfs://master:54310/hbase/lib, ignored
org.apache.hadoop.ipc.RemoteException: Server IPC version 9 cannot communicate with client version 4
	at org.apache.hadoop.ipc.Client.call(Client.java:1113)
	at org.apache.hadoop.ipc.RPC$Invoker.invoke(RPC.java:229)
	at com.sun.proxy.$Proxy5.getProtocolVersion(Unknown Source)
	at sun.reflect.NativeMethodAccessorImpl.invoke0(Native Method)
	at sun.reflect.NativeMethodAccessorImpl.invoke(NativeMethodAccessorImpl.java:57)
	at sun.reflect.DelegatingMethodAccessorImpl.invoke(DelegatingMethodAccessorImpl.java:43)
	at java.lang.reflect.Method.invoke(Method.java:622)
	at org.apache.hadoop.io.retry.RetryInvocationHandler.invokeMethod(RetryInvocationHandler.java:85)
	at org.apache.hadoop.io.retry.RetryInvocationHandler.invoke(RetryInvocationHandler.java:62)
	at com.sun.proxy.$Proxy5.getProtocolVersion(Unknown Source)
	at org.apache.hadoop.ipc.RPC.checkVersion(RPC.java:422)
	at org.apache.hadoop.hdfs.DFSClient.createNamenode(DFSClient.java:183)
	at org.apache.hadoop.hdfs.DFSClient.<init>(DFSClient.java:281)
	at org.apache.hadoop.hdfs.DFSClient.<init>(DFSClient.java:245)
	at org.apache.hadoop.hdfs.DistributedFileSystem.initialize(DistributedFileSystem.java:100)
	at org.apache.hadoop.fs.FileSystem.createFileSystem(FileSystem.java:1446)
	at org.apache.hadoop.fs.FileSystem.access$200(FileSystem.java:67)
	at org.apache.hadoop.fs.FileSystem$Cache.get(FileSystem.java:1464)
	at org.apache.hadoop.fs.FileSystem.get(FileSystem.java:263)
	at org.apache.hadoop.fs.Path.getFileSystem(Path.java:187)
	at org.apache.hadoop.hbase.util.DynamicClassLoader.<init>(DynamicClassLoader.java:104)
	at org.apache.hadoop.hbase.protobuf.ProtobufUtil.<clinit>(ProtobufUtil.java:202)
	at org.apache.hadoop.hbase.ClusterId.parseFrom(ClusterId.java:64)
	at org.apache.hadoop.hbase.zookeeper.ZKClusterId.readClusterIdZNode(ZKClusterId.java:69)
	at org.apache.hadoop.hbase.client.ZooKeeperRegistry.getClusterId(ZooKeeperRegistry.java:83)
	at org.apache.hadoop.hbase.client.HConnectionManager$HConnectionImplementation.retrieveClusterId(HConnectionManager.java:858)
	at org.apache.hadoop.hbase.client.HConnectionManager$HConnectionImplementation.<init>(HConnectionManager.java:663)
	at sun.reflect.NativeConstructorAccessorImpl.newInstance0(Native Method)
	at sun.reflect.NativeConstructorAccessorImpl.newInstance(NativeConstructorAccessorImpl.java:57)
	at sun.reflect.DelegatingConstructorAccessorImpl.newInstance(DelegatingConstructorAccessorImpl.java:45)
	at java.lang.reflect.Constructor.newInstance(Constructor.java:534)
	at org.apache.hadoop.hbase.client.HConnectionManager.createConnection(HConnectionManager.java:415)
	at org.apache.hadoop.hbase.client.HConnectionManager.createConnection(HConnectionManager.java:394)
	at org.apache.hadoop.hbase.client.HConnectionManager.getConnection(HConnectionManager.java:275)
	at org.apache.hadoop.hbase.client.HTable.<init>(HTable.java:197)
	at org.apache.hadoop.hbase.client.HTable.<init>(HTable.java:159)
	at com.yahoo.ycsb.db.HBaseClient.getHTable(HBaseClient.java:118)
	at com.yahoo.ycsb.db.HBaseClient.read(HBaseClient.java:143)
	at com.yahoo.ycsb.DBWrapper.read(DBWrapper.java:90)
	at com.yahoo.ycsb.workloads.CoreWorkload.doTransactionRead(CoreWorkload.java:537)
	at com.yahoo.ycsb.workloads.CoreWorkload.doTransaction(CoreWorkload.java:479)
	at com.yahoo.ycsb.ClientThread.run(Client.java:241)
2014-08-12 16:02:23:305 10 sec: 15058 operations; 1505.65 current ops/sec; [INSERT AverageLatency(us)=1910.76] [READ AverageLatency(us)=7027.1] 
2014-08-12 16:02:33:306 20 sec: 51589 operations; 3652.73 current ops/sec; [INSERT AverageLatency(us)=24.92] [READ AverageLatency(us)=3101.06] 
2014-08-12 16:02:43:306 30 sec: 124348 operations; 7275.9 current ops/sec; [INSERT AverageLatency(us)=23.85] [READ AverageLatency(us)=1882.17] 
2014-08-12 16:02:53:307 40 sec: 247608 operations; 12324.77 current ops/sec; [INSERT AverageLatency(us)=19.73] [READ AverageLatency(us)=1345.76] 
2014-08-12 16:03:03:307 50 sec: 407474 operations; 15986.6 current ops/sec; [INSERT AverageLatency(us)=16.74] [READ AverageLatency(us)=1185.88] 
2014-08-12 16:03:13:308 60 sec: 587043 operations; 17955.1 current ops/sec; [INSERT AverageLatency(us)=13.56] [READ AverageLatency(us)=1116.02] 
2014-08-12 16:03:23:308 70 sec: 767431 operations; 18038.8 current ops/sec; [INSERT AverageLatency(us)=12.25] [READ AverageLatency(us)=1160.52] 
2014-08-12 16:03:33:309 80 sec: 928825 operations; 16137.79 current ops/sec; [INSERT AverageLatency(us)=21.74] [READ AverageLatency(us)=1310.15] 
2014-08-12 16:03:43:309 90 sec: 1030493 operations; 10166.8 current ops/sec; [INSERT AverageLatency(us)=17.54] [READ AverageLatency(us)=2140.99] 
2014-08-12 16:03:53:310 100 sec: 1188338 operations; 15782.92 current ops/sec; [INSERT AverageLatency(us)=15.25] [READ AverageLatency(us)=1366.52] 
2014-08-12 16:04:03:464 110 sec: 1350716 operations; 15991.53 current ops/sec; [INSERT AverageLatency(us)=11.93] [READ AverageLatency(us)=1333.08] 
2014-08-12 16:04:13:465 120 sec: 1522357 operations; 17162.38 current ops/sec; [INSERT AverageLatency(us)=12.09] [READ AverageLatency(us)=1280.14] 
2014-08-12 16:04:23:465 130 sec: 1678247 operations; 15589 current ops/sec; [INSERT AverageLatency(us)=21.91] [READ AverageLatency(us)=1393.39] 
2014-08-12 16:04:33:466 140 sec: 1836086 operations; 15782.32 current ops/sec; [INSERT AverageLatency(us)=12.17] [READ AverageLatency(us)=1381.61] 
2014-08-12 16:04:43:466 150 sec: 1936841 operations; 10075.5 current ops/sec; [INSERT AverageLatency(us)=16.87] [READ AverageLatency(us)=2178.8] 
2014-08-12 16:04:53:467 160 sec: 2085428 operations; 14857.21 current ops/sec; [INSERT AverageLatency(us)=11.59] [READ AverageLatency(us)=1471.11] 
2014-08-12 16:05:03:467 170 sec: 2232838 operations; 14741 current ops/sec; [INSERT AverageLatency(us)=11.59] [READ AverageLatency(us)=1483.59] 
2014-08-12 16:05:13:468 180 sec: 2387989 operations; 15513.55 current ops/sec; [INSERT AverageLatency(us)=11.64] [READ AverageLatency(us)=1411.4] 
2014-08-12 16:05:23:468 190 sec: 2542060 operations; 15407.1 current ops/sec; [INSERT AverageLatency(us)=16.67] [READ AverageLatency(us)=1421.8] 
2014-08-12 16:05:33:469 200 sec: 2696626 operations; 15455.05 current ops/sec; [INSERT AverageLatency(us)=11.65] [READ AverageLatency(us)=1416.88] 
2014-08-12 16:05:43:469 210 sec: 2815951 operations; 11932.5 current ops/sec; [INSERT AverageLatency(us)=23.08] [READ AverageLatency(us)=1822.28] 
2014-08-12 16:05:53:470 220 sec: 2943820 operations; 12785.62 current ops/sec; [INSERT AverageLatency(us)=13.51] [READ AverageLatency(us)=1735.15] 
2014-08-12 16:06:03:470 230 sec: 3113753 operations; 16993.3 current ops/sec; [INSERT AverageLatency(us)=11.76] [READ AverageLatency(us)=1290.43] 
2014-08-12 16:06:13:471 240 sec: 3273235 operations; 15948.2 current ops/sec; [INSERT AverageLatency(us)=11.73] [READ AverageLatency(us)=1379.17] 
2014-08-12 16:06:23:471 250 sec: 3433302 operations; 16005.1 current ops/sec; [INSERT AverageLatency(us)=11.69] [READ AverageLatency(us)=1368.73] 
2014-08-12 16:06:33:472 260 sec: 3591305 operations; 15800.3 current ops/sec; [INSERT AverageLatency(us)=11.72] [READ AverageLatency(us)=1392.53] 
2014-08-12 16:06:43:472 270 sec: 3735786 operations; 14446.66 current ops/sec; [INSERT AverageLatency(us)=12.86] [READ AverageLatency(us)=1509.6] 
2014-08-12 16:06:53:473 280 sec: 3849102 operations; 11331.6 current ops/sec; [INSERT AverageLatency(us)=14.67] [READ AverageLatency(us)=1958.93] 
2014-08-12 16:07:03:473 290 sec: 4008718 operations; 15960 current ops/sec; [INSERT AverageLatency(us)=11.5] [READ AverageLatency(us)=1378.67] 
2014-08-12 16:07:13:474 300 sec: 4158967 operations; 15024.9 current ops/sec; [INSERT AverageLatency(us)=11.76] [READ AverageLatency(us)=1467.05] 
2014-08-12 16:07:23:474 310 sec: 4314422 operations; 15543.95 current ops/sec; [INSERT AverageLatency(us)=16.6] [READ AverageLatency(us)=1414.78] 
2014-08-12 16:07:33:475 320 sec: 4480927 operations; 16648.84 current ops/sec; [INSERT AverageLatency(us)=11.49] [READ AverageLatency(us)=1320.95] 
2014-08-12 16:07:43:475 330 sec: 4639492 operations; 15856.5 current ops/sec; [INSERT AverageLatency(us)=11.72] [READ AverageLatency(us)=1387.67] 
2014-08-12 16:07:53:476 340 sec: 4744087 operations; 10458.45 current ops/sec; [INSERT AverageLatency(us)=16.12] [READ AverageLatency(us)=2108.87] 
2014-08-12 16:08:03:476 350 sec: 4890387 operations; 14630 current ops/sec; [INSERT AverageLatency(us)=11.68] [READ AverageLatency(us)=1507.39] 
2014-08-12 16:08:13:477 360 sec: 5044287 operations; 15388.46 current ops/sec; [INSERT AverageLatency(us)=11.53] [READ AverageLatency(us)=1432.51] 
2014-08-12 16:08:23:477 370 sec: 5201180 operations; 15689.3 current ops/sec; [INSERT AverageLatency(us)=13] [READ AverageLatency(us)=1404.27] 
2014-08-12 16:08:33:478 380 sec: 5358817 operations; 15763.7 current ops/sec; [INSERT AverageLatency(us)=20.91] [READ AverageLatency(us)=1398.21] 
2014-08-12 16:08:43:478 390 sec: 5524473 operations; 16563.94 current ops/sec; [INSERT AverageLatency(us)=11.78] [READ AverageLatency(us)=1328.65] 
2014-08-12 16:08:53:479 400 sec: 5642585 operations; 11810.02 current ops/sec; [INSERT AverageLatency(us)=14.94] [READ AverageLatency(us)=1861.68] 
2014-08-12 16:09:03:479 410 sec: 5774056 operations; 13147.1 current ops/sec; [INSERT AverageLatency(us)=12.75] [READ AverageLatency(us)=1686.65] 
2014-08-12 16:09:13:480 420 sec: 5927741 operations; 15366.96 current ops/sec; [INSERT AverageLatency(us)=11.49] [READ AverageLatency(us)=1434.64] 
2014-08-12 16:09:23:480 430 sec: 6083917 operations; 15617.6 current ops/sec; [INSERT AverageLatency(us)=11.71] [READ AverageLatency(us)=1412.41] 
2014-08-12 16:09:33:481 440 sec: 6230796 operations; 14686.43 current ops/sec; [INSERT AverageLatency(us)=11.55] [READ AverageLatency(us)=1501.94] 
2014-08-12 16:09:43:481 450 sec: 6382986 operations; 15219 current ops/sec; [INSERT AverageLatency(us)=11.37] [READ AverageLatency(us)=1449.23] 
2014-08-12 16:09:53:482 460 sec: 6525920 operations; 14291.97 current ops/sec; [INSERT AverageLatency(us)=12.31] [READ AverageLatency(us)=1541.58] 
2014-08-12 16:10:03:482 470 sec: 6631977 operations; 10605.7 current ops/sec; [INSERT AverageLatency(us)=15.45] [READ AverageLatency(us)=2080.81] 
2014-08-12 16:10:13:483 480 sec: 6764073 operations; 13208.28 current ops/sec; [INSERT AverageLatency(us)=11.68] [READ AverageLatency(us)=1672.24] 
2014-08-12 16:10:23:483 490 sec: 6912921 operations; 14884.8 current ops/sec; [INSERT AverageLatency(us)=17.32] [READ AverageLatency(us)=1481.48] 
2014-08-12 16:10:33:484 500 sec: 7067147 operations; 15421.06 current ops/sec; [INSERT AverageLatency(us)=11.59] [READ AverageLatency(us)=1431.16] 
2014-08-12 16:10:43:484 510 sec: 7220416 operations; 15326.9 current ops/sec; [INSERT AverageLatency(us)=11.51] [READ AverageLatency(us)=1439.6] 
2014-08-12 16:10:53:485 520 sec: 7364622 operations; 14419.16 current ops/sec; [INSERT AverageLatency(us)=17.35] [READ AverageLatency(us)=1530.13] 
2014-08-12 16:11:03:485 530 sec: 7491479 operations; 12685.7 current ops/sec; [INSERT AverageLatency(us)=13.28] [READ AverageLatency(us)=1742.86] 
2014-08-12 16:11:13:532 540 sec: 7603938 operations; 11193.29 current ops/sec; [INSERT AverageLatency(us)=19.93] [READ AverageLatency(us)=1966.18] 
2014-08-12 16:11:23:532 550 sec: 7754938 operations; 15100 current ops/sec; [INSERT AverageLatency(us)=11.64] [READ AverageLatency(us)=1468.62] 
2014-08-12 16:11:33:533 560 sec: 7900404 operations; 14545.15 current ops/sec; [INSERT AverageLatency(us)=11.7] [READ AverageLatency(us)=1513.95] 
2014-08-12 16:11:43:533 570 sec: 8054346 operations; 15394.2 current ops/sec; [INSERT AverageLatency(us)=11.45] [READ AverageLatency(us)=1431.83] 
2014-08-12 16:11:53:534 580 sec: 8201458 operations; 14709.73 current ops/sec; [INSERT AverageLatency(us)=11.6] [READ AverageLatency(us)=1501.69] 
2014-08-12 16:12:03:534 590 sec: 8348385 operations; 14692.7 current ops/sec; [INSERT AverageLatency(us)=15.94] [READ AverageLatency(us)=1501.66] 
2014-08-12 16:12:13:535 600 sec: 8465120 operations; 11672.33 current ops/sec; [INSERT AverageLatency(us)=14.5] [READ AverageLatency(us)=1893.03] 
2014-08-12 16:12:23:535 610 sec: 8572725 operations; 10760.5 current ops/sec; [INSERT AverageLatency(us)=13.43] [READ AverageLatency(us)=2054.55] 
2014-08-12 16:12:33:536 620 sec: 8701947 operations; 12920.91 current ops/sec; [INSERT AverageLatency(us)=11.39] [READ AverageLatency(us)=1710.85] 
2014-08-12 16:12:43:536 630 sec: 8830977 operations; 12903 current ops/sec; [INSERT AverageLatency(us)=11.45] [READ AverageLatency(us)=1712.16] 
2014-08-12 16:12:53:537 640 sec: 8974410 operations; 14341.87 current ops/sec; [INSERT AverageLatency(us)=11.41] [READ AverageLatency(us)=1538.84] 
2014-08-12 16:13:03:537 650 sec: 9126940 operations; 15253 current ops/sec; [INSERT AverageLatency(us)=17.21] [READ AverageLatency(us)=1447.61] 
2014-08-12 16:13:13:538 660 sec: 9274783 operations; 14782.82 current ops/sec; [INSERT AverageLatency(us)=11.69] [READ AverageLatency(us)=1485.22] 
2014-08-12 16:13:23:538 670 sec: 9391888 operations; 11710.5 current ops/sec; [INSERT AverageLatency(us)=14.23] [READ AverageLatency(us)=1894.69] 
2014-08-12 16:13:33:539 680 sec: 9522525 operations; 13062.39 current ops/sec; [INSERT AverageLatency(us)=13.56] [READ AverageLatency(us)=1689.97] 
2014-08-12 16:13:43:539 690 sec: 9677864 operations; 15533.9 current ops/sec; [INSERT AverageLatency(us)=11.4] [READ AverageLatency(us)=1418.79] 
2014-08-12 16:13:53:540 700 sec: 9833400 operations; 15552.04 current ops/sec; [INSERT AverageLatency(us)=11.46] [READ AverageLatency(us)=1418.66] 
2014-08-12 16:14:03:540 710 sec: 9980392 operations; 14699.2 current ops/sec; [INSERT AverageLatency(us)=17.45] [READ AverageLatency(us)=1502.9] 
2014-08-12 16:14:13:541 720 sec: 10128299 operations; 14789.22 current ops/sec; [INSERT AverageLatency(us)=11.51] [READ AverageLatency(us)=1493.41] 
2014-08-12 16:14:23:541 730 sec: 10274961 operations; 14666.2 current ops/sec; [INSERT AverageLatency(us)=11.9] [READ AverageLatency(us)=1505.98] 
2014-08-12 16:14:33:542 740 sec: 10386441 operations; 11146.89 current ops/sec; [INSERT AverageLatency(us)=16.78] [READ AverageLatency(us)=1980.83] 
2014-08-12 16:14:43:542 750 sec: 10530886 operations; 14444.5 current ops/sec; [INSERT AverageLatency(us)=14.05] [READ AverageLatency(us)=1531.47] 
2014-08-12 16:14:53:543 760 sec: 10687803 operations; 15690.13 current ops/sec; [INSERT AverageLatency(us)=11.5] [READ AverageLatency(us)=1406.76] 
2014-08-12 16:15:03:543 770 sec: 10840965 operations; 15316.2 current ops/sec; [INSERT AverageLatency(us)=11.49] [READ AverageLatency(us)=1442.82] 
2014-08-12 16:15:13:544 780 sec: 10992925 operations; 15194.48 current ops/sec; [INSERT AverageLatency(us)=11.33] [READ AverageLatency(us)=1456.23] 
2014-08-12 16:15:23:544 790 sec: 11148075 operations; 15515 current ops/sec; [INSERT AverageLatency(us)=11.42] [READ AverageLatency(us)=1422.57] 
2014-08-12 16:15:33:545 800 sec: 11266016 operations; 11792.92 current ops/sec; [INSERT AverageLatency(us)=14.12] [READ AverageLatency(us)=1874.87] 
2014-08-12 16:15:43:545 810 sec: 11395485 operations; 12946.9 current ops/sec; [INSERT AverageLatency(us)=13.07] [READ AverageLatency(us)=1706.03] 
2014-08-12 16:15:53:546 820 sec: 11547595 operations; 15209.48 current ops/sec; [INSERT AverageLatency(us)=11.49] [READ AverageLatency(us)=1453.11] 
2014-08-12 16:16:03:546 830 sec: 11707511 operations; 15991.6 current ops/sec; [INSERT AverageLatency(us)=16.65] [READ AverageLatency(us)=1379.13] 
2014-08-12 16:16:13:547 840 sec: 11862542 operations; 15501.55 current ops/sec; [INSERT AverageLatency(us)=11.25] [READ AverageLatency(us)=1425.17] 
2014-08-12 16:16:23:547 850 sec: 12018928 operations; 15638.6 current ops/sec; [INSERT AverageLatency(us)=11.46] [READ AverageLatency(us)=1412.98] 
2014-08-12 16:16:33:548 860 sec: 12159435 operations; 14049.3 current ops/sec; [INSERT AverageLatency(us)=12.42] [READ AverageLatency(us)=1570.09] 
2014-08-12 16:16:43:548 870 sec: 12277715 operations; 11828 current ops/sec; [INSERT AverageLatency(us)=14.1] [READ AverageLatency(us)=1867.07] 
2014-08-12 16:16:53:549 880 sec: 12424352 operations; 14662.23 current ops/sec; [INSERT AverageLatency(us)=11.93] [READ AverageLatency(us)=1509.05] 
2014-08-12 16:17:03:549 890 sec: 12580923 operations; 15657.1 current ops/sec; [INSERT AverageLatency(us)=11.42] [READ AverageLatency(us)=1412.84] 
2014-08-12 16:17:13:550 900 sec: 12739631 operations; 15869.21 current ops/sec; [INSERT AverageLatency(us)=11.44] [READ AverageLatency(us)=1391.38] 
2014-08-12 16:17:23:551 910 sec: 12897071 operations; 15742.43 current ops/sec; [INSERT AverageLatency(us)=11.61] [READ AverageLatency(us)=1402.86] 
2014-08-12 16:17:33:551 920 sec: 13051683 operations; 15461.2 current ops/sec; [INSERT AverageLatency(us)=11.91] [READ AverageLatency(us)=1429.28] 
2014-08-12 16:17:43:552 930 sec: 13174553 operations; 12285.77 current ops/sec; [INSERT AverageLatency(us)=13.75] [READ AverageLatency(us)=1797.46] 
2014-08-12 16:17:53:552 940 sec: 13305216 operations; 13066.3 current ops/sec; [INSERT AverageLatency(us)=13.07] [READ AverageLatency(us)=1693.01] 
2014-08-12 16:18:03:553 950 sec: 13457493 operations; 15226.18 current ops/sec; [INSERT AverageLatency(us)=11.74] [READ AverageLatency(us)=1453.39] 
2014-08-12 16:18:13:553 960 sec: 13610524 operations; 15303.1 current ops/sec; [INSERT AverageLatency(us)=11.25] [READ AverageLatency(us)=1443.08] 
2014-08-12 16:18:23:554 970 sec: 13764483 operations; 15394.36 current ops/sec; [INSERT AverageLatency(us)=11.29] [READ AverageLatency(us)=1437.26] 
2014-08-12 16:18:33:554 980 sec: 13917769 operations; 15328.6 current ops/sec; [INSERT AverageLatency(us)=11.39] [READ AverageLatency(us)=1440.87] 
2014-08-12 16:18:43:555 990 sec: 14059651 operations; 14186.78 current ops/sec; [INSERT AverageLatency(us)=12.35] [READ AverageLatency(us)=1558.13] 
2014-08-12 16:18:53:555 1000 sec: 14175267 operations; 11561.6 current ops/sec; [INSERT AverageLatency(us)=14.48] [READ AverageLatency(us)=1917.5] 
2014-08-12 16:19:03:556 1010 sec: 14319952 operations; 14467.05 current ops/sec; [INSERT AverageLatency(us)=14.25] [READ AverageLatency(us)=1527.63] 
2014-08-12 16:19:13:556 1020 sec: 14471627 operations; 15167.5 current ops/sec; [INSERT AverageLatency(us)=16.84] [READ AverageLatency(us)=1457.24] 
2014-08-12 16:19:23:557 1030 sec: 14627360 operations; 15573.3 current ops/sec; [INSERT AverageLatency(us)=11.44] [READ AverageLatency(us)=1420.91] 
2014-08-12 16:19:33:557 1040 sec: 14780527 operations; 15315.17 current ops/sec; [INSERT AverageLatency(us)=11.73] [READ AverageLatency(us)=1443.62] 
2014-08-12 16:19:43:557 1050 sec: 14929382 operations; 14885.5 current ops/sec; [INSERT AverageLatency(us)=11.86] [READ AverageLatency(us)=1485.93] 
2014-08-12 16:19:53:558 1060 sec: 15051420 operations; 12202.58 current ops/sec; [INSERT AverageLatency(us)=13.53] [READ AverageLatency(us)=1813.23] 
2014-08-12 16:20:03:558 1070 sec: 15184572 operations; 13315.2 current ops/sec; [INSERT AverageLatency(us)=12.97] [READ AverageLatency(us)=1661.22] 
2014-08-12 16:20:13:559 1080 sec: 15331050 operations; 14646.34 current ops/sec; [INSERT AverageLatency(us)=11.69] [READ AverageLatency(us)=1506.33] 
2014-08-12 16:20:23:559 1090 sec: 15477268 operations; 14621.8 current ops/sec; [INSERT AverageLatency(us)=11.51] [READ AverageLatency(us)=1509.87] 
2014-08-12 16:20:33:560 1100 sec: 15624687 operations; 14740.43 current ops/sec; [INSERT AverageLatency(us)=11.4] [READ AverageLatency(us)=1497.66] 
2014-08-12 16:20:43:560 1110 sec: 15776935 operations; 15224.8 current ops/sec; [INSERT AverageLatency(us)=11.3] [READ AverageLatency(us)=1453.88] 
2014-08-12 16:20:53:561 1120 sec: 15915714 operations; 13876.51 current ops/sec; [INSERT AverageLatency(us)=12.45] [READ AverageLatency(us)=1593.82] 
2014-08-12 16:21:03:561 1130 sec: 16030026 operations; 11431.2 current ops/sec; [INSERT AverageLatency(us)=16.56] [READ AverageLatency(us)=1937.61] 
2014-08-12 16:21:13:562 1140 sec: 16162486 operations; 13244.68 current ops/sec; [INSERT AverageLatency(us)=12.33] [READ AverageLatency(us)=1672.53] 
2014-08-12 16:21:23:562 1150 sec: 16306780 operations; 14429.4 current ops/sec; [INSERT AverageLatency(us)=11.52] [READ AverageLatency(us)=1532.6] 
2014-08-12 16:21:33:563 1160 sec: 16452996 operations; 14620.14 current ops/sec; [INSERT AverageLatency(us)=11.54] [READ AverageLatency(us)=1511.96] 
2014-08-12 16:21:43:563 1170 sec: 16599254 operations; 14625.8 current ops/sec; [INSERT AverageLatency(us)=11.77] [READ AverageLatency(us)=1510.95] 
2014-08-12 16:21:53:564 1180 sec: 16747459 operations; 14820.5 current ops/sec; [INSERT AverageLatency(us)=11.44] [READ AverageLatency(us)=1492.87] 
2014-08-12 16:22:03:564 1190 sec: 16876486 operations; 12901.41 current ops/sec; [INSERT AverageLatency(us)=12.86] [READ AverageLatency(us)=1698.3] 
2014-08-12 16:22:13:564 1200 sec: 16973979 operations; 9749.3 current ops/sec; [INSERT AverageLatency(us)=14.58] [READ AverageLatency(us)=2296.36] 
2014-08-12 16:22:23:565 1210 sec: 17096552 operations; 12256.07 current ops/sec; [INSERT AverageLatency(us)=12.18] [READ AverageLatency(us)=1806.34] 
2014-08-12 16:22:33:565 1220 sec: 17234081 operations; 13752.9 current ops/sec; [INSERT AverageLatency(us)=11.37] [READ AverageLatency(us)=1610.09] 
2014-08-12 16:22:43:566 1230 sec: 17383335 operations; 14923.91 current ops/sec; [INSERT AverageLatency(us)=18.12] [READ AverageLatency(us)=1480.02] 
2014-08-12 16:22:53:566 1240 sec: 17534923 operations; 15158.8 current ops/sec; [INSERT AverageLatency(us)=18.2] [READ AverageLatency(us)=1457.74] 
2014-08-12 16:23:03:567 1250 sec: 17685057 operations; 15011.9 current ops/sec; [INSERT AverageLatency(us)=11.3] [READ AverageLatency(us)=1471.81] 
2014-08-12 16:23:13:569 1260 sec: 17820343 operations; 13525.89 current ops/sec; [INSERT AverageLatency(us)=12.51] [READ AverageLatency(us)=1635.4] 
2014-08-12 16:23:23:569 1270 sec: 17935599 operations; 11525.6 current ops/sec; [INSERT AverageLatency(us)=19.22] [READ AverageLatency(us)=1923.12] 
2014-08-12 16:23:33:570 1280 sec: 18080875 operations; 14526.15 current ops/sec; [INSERT AverageLatency(us)=14.81] [READ AverageLatency(us)=1522.33] 
2014-08-12 16:23:43:570 1290 sec: 18229192 operations; 14831.7 current ops/sec; [INSERT AverageLatency(us)=17.95] [READ AverageLatency(us)=1487.42] 
2014-08-12 16:23:53:571 1300 sec: 18382830 operations; 15362.26 current ops/sec; [INSERT AverageLatency(us)=11.4] [READ AverageLatency(us)=1438.42] 
2014-08-12 16:24:03:571 1310 sec: 18534504 operations; 15167.4 current ops/sec; [INSERT AverageLatency(us)=16.95] [READ AverageLatency(us)=1458.19] 
2014-08-12 16:24:13:572 1320 sec: 18681546 operations; 14702.73 current ops/sec; [INSERT AverageLatency(us)=11.79] [READ AverageLatency(us)=1503.55] 
2014-08-12 16:24:23:572 1330 sec: 18802571 operations; 12102.5 current ops/sec; [INSERT AverageLatency(us)=13.64] [READ AverageLatency(us)=1827.65] 
2014-08-12 16:24:33:573 1340 sec: 18930662 operations; 12807.82 current ops/sec; [INSERT AverageLatency(us)=13.12] [READ AverageLatency(us)=1726.67] 
2014-08-12 16:24:43:573 1350 sec: 19076230 operations; 14556.8 current ops/sec; [INSERT AverageLatency(us)=11.61] [READ AverageLatency(us)=1519.37] 
2014-08-12 16:24:53:574 1360 sec: 19231313 operations; 15506.75 current ops/sec; [INSERT AverageLatency(us)=11.42] [READ AverageLatency(us)=1426.06] 
2014-08-12 16:25:03:574 1370 sec: 19385873 operations; 15456 current ops/sec; [INSERT AverageLatency(us)=11.46] [READ AverageLatency(us)=1433.66] 
2014-08-12 16:25:13:575 1380 sec: 19539600 operations; 15371.16 current ops/sec; [INSERT AverageLatency(us)=11.44] [READ AverageLatency(us)=1436.27] 
2014-08-12 16:25:23:575 1390 sec: 19677516 operations; 13791.6 current ops/sec; [INSERT AverageLatency(us)=12.48] [READ AverageLatency(us)=1601.97] 
2014-08-12 16:25:33:576 1400 sec: 19797629 operations; 12010.1 current ops/sec; [INSERT AverageLatency(us)=14.49] [READ AverageLatency(us)=1843.25] 
2014-08-12 16:25:43:577 1410 sec: 19939344 operations; 14170.08 current ops/sec; [INSERT AverageLatency(us)=12.46] [READ AverageLatency(us)=1560.74] 
2014-08-12 16:25:53:578 1420 sec: 20089209 operations; 14985 current ops/sec; [INSERT AverageLatency(us)=11.48] [READ AverageLatency(us)=1478.1] 
2014-08-12 16:26:03:579 1430 sec: 20236494 operations; 14727.03 current ops/sec; [INSERT AverageLatency(us)=11.34] [READ AverageLatency(us)=1503.29] 
2014-08-12 16:26:13:580 1440 sec: 20382475 operations; 14596.64 current ops/sec; [INSERT AverageLatency(us)=11.39] [READ AverageLatency(us)=1516.17] 
2014-08-12 16:26:23:581 1450 sec: 20529441 operations; 14695.13 current ops/sec; [INSERT AverageLatency(us)=11.48] [READ AverageLatency(us)=1501.21] 
2014-08-12 16:26:33:581 1460 sec: 20659419 operations; 12997.8 current ops/sec; [INSERT AverageLatency(us)=13.38] [READ AverageLatency(us)=1706.45] 
2014-08-12 16:26:43:582 1470 sec: 20777081 operations; 11765.02 current ops/sec; [INSERT AverageLatency(us)=13.73] [READ AverageLatency(us)=1880.5] 
2014-08-12 16:26:53:582 1480 sec: 20922604 operations; 14552.3 current ops/sec; [INSERT AverageLatency(us)=11.77] [READ AverageLatency(us)=1521.58] 
2014-08-12 16:27:03:583 1490 sec: 21074904 operations; 15228.48 current ops/sec; [INSERT AverageLatency(us)=11.32] [READ AverageLatency(us)=1454.15] 
2014-08-12 16:27:13:584 1500 sec: 21227064 operations; 15214.48 current ops/sec; [INSERT AverageLatency(us)=16.78] [READ AverageLatency(us)=1453.07] 
2014-08-12 16:27:23:584 1510 sec: 21380439 operations; 15337.5 current ops/sec; [INSERT AverageLatency(us)=11.72] [READ AverageLatency(us)=1440.01] 
2014-08-12 16:27:33:585 1520 sec: 21522583 operations; 14212.98 current ops/sec; [INSERT AverageLatency(us)=12.03] [READ AverageLatency(us)=1554.41] 
2014-08-12 16:27:43:585 1530 sec: 21650044 operations; 12746.1 current ops/sec; [INSERT AverageLatency(us)=13.6] [READ AverageLatency(us)=1734.46] 
2014-08-12 16:27:53:586 1540 sec: 21779476 operations; 12941.91 current ops/sec; [INSERT AverageLatency(us)=12.73] [READ AverageLatency(us)=1710.38] 
2014-08-12 16:28:03:586 1550 sec: 21923321 operations; 14384.5 current ops/sec; [INSERT AverageLatency(us)=11.64] [READ AverageLatency(us)=1537.71] 
2014-08-12 16:28:13:587 1560 sec: 22070130 operations; 14679.43 current ops/sec; [INSERT AverageLatency(us)=11.52] [READ AverageLatency(us)=1507.52] 
2014-08-12 16:28:23:588 1570 sec: 22230111 operations; 15996.5 current ops/sec; [INSERT AverageLatency(us)=11.45] [READ AverageLatency(us)=1381.9] 
2014-08-12 16:28:33:588 1580 sec: 22386998 operations; 15688.7 current ops/sec; [INSERT AverageLatency(us)=11.54] [READ AverageLatency(us)=1409.34] 
2014-08-12 16:28:43:589 1590 sec: 22522362 operations; 13535.05 current ops/sec; [INSERT AverageLatency(us)=12.62] [READ AverageLatency(us)=1636.32] 
2014-08-12 16:28:53:589 1600 sec: 22636147 operations; 11378.5 current ops/sec; [INSERT AverageLatency(us)=14.61] [READ AverageLatency(us)=1946.9] 
2014-08-12 16:29:03:590 1610 sec: 22784958 operations; 14879.61 current ops/sec; [INSERT AverageLatency(us)=11.87] [READ AverageLatency(us)=1485.41] 
2014-08-12 16:29:13:590 1620 sec: 22934930 operations; 14997.2 current ops/sec; [INSERT AverageLatency(us)=23.8] [READ AverageLatency(us)=1473.96] 
2014-08-12 16:29:23:591 1630 sec: 23084894 operations; 14994.9 current ops/sec; [INSERT AverageLatency(us)=11.33] [READ AverageLatency(us)=1473.06] 
2014-08-12 16:29:33:592 1640 sec: 23235738 operations; 15082.89 current ops/sec; [INSERT AverageLatency(us)=11.58] [READ AverageLatency(us)=1469.4] 
2014-08-12 16:29:43:592 1650 sec: 23375175 operations; 13943.7 current ops/sec; [INSERT AverageLatency(us)=11.83] [READ AverageLatency(us)=1587.96] 
2014-08-12 16:29:53:593 1660 sec: 23505095 operations; 12990.7 current ops/sec; [INSERT AverageLatency(us)=16.31] [READ AverageLatency(us)=1703.01] 
2014-08-12 16:30:03:609 1670 sec: 23622863 operations; 11757.99 current ops/sec; [INSERT AverageLatency(us)=13.44] [READ AverageLatency(us)=1876.99] 
2014-08-12 16:30:13:610 1680 sec: 23751491 operations; 12862.8 current ops/sec; [INSERT AverageLatency(us)=11.93] [READ AverageLatency(us)=1722.7] 
2014-08-12 16:30:23:610 1690 sec: 23892073 operations; 14056.79 current ops/sec; [INSERT AverageLatency(us)=11.57] [READ AverageLatency(us)=1572.99] 
2014-08-12 16:30:33:611 1700 sec: 24032770 operations; 14068.29 current ops/sec; [INSERT AverageLatency(us)=11.48] [READ AverageLatency(us)=1574.66] 
2014-08-12 16:30:43:611 1710 sec: 24174542 operations; 14177.2 current ops/sec; [INSERT AverageLatency(us)=11.44] [READ AverageLatency(us)=1561.7] 
2014-08-12 16:30:53:612 1720 sec: 24311826 operations; 13727.03 current ops/sec; [INSERT AverageLatency(us)=11.72] [READ AverageLatency(us)=1610.04] 
2014-08-12 16:31:03:612 1730 sec: 24430882 operations; 11905.6 current ops/sec; [INSERT AverageLatency(us)=13.07] [READ AverageLatency(us)=1861.26] 
2014-08-12 16:31:13:613 1740 sec: 24538620 operations; 10772.72 current ops/sec; [INSERT AverageLatency(us)=13.78] [READ AverageLatency(us)=2052.95] 
2014-08-12 16:31:23:613 1750 sec: 24659845 operations; 12122.5 current ops/sec; [INSERT AverageLatency(us)=12.07] [READ AverageLatency(us)=1822.23] 
2014-08-12 16:31:33:614 1760 sec: 24799129 operations; 13927.01 current ops/sec; [INSERT AverageLatency(us)=11.6] [READ AverageLatency(us)=1592.15] 
2014-08-12 16:31:43:614 1770 sec: 24934365 operations; 13523.6 current ops/sec; [INSERT AverageLatency(us)=11.68] [READ AverageLatency(us)=1638.07] 
2014-08-12 16:31:51:579 1778 sec: 25000000 operations; 8240.43 current ops/sec; [UPDATE AverageLatency(us)=462810.5] [INSERT AverageLatency(us)=11.53] [READ AverageLatency(us)=1879.98] [CLEANUP AverageLatency(us)=462939.95] 
+ echo 'end time:'
end time:
++ date +%s
+ echo 1407886311
1407886311
+ echo 'sleeping for 10 sec ...'
sleeping for 10 sec ...
+ sleep 10
+ false
+ false
+ false
+ false
+ false
+ false
+ let counter=1+1
+ read line
+ set +x
