++ ls caseresult/ -ltr
++ wc -l
+ filename=case80
+ mkdir caseresult/case80
+ ssh hadoop@master mkdir /home/hadoop/git/physical_design/caseresult/case80
+ RESULT_DIR=/home/hadoop/git/physical_design/caseresult/case80
+ TEN=10
+ SIXTY=60
+ SLEEP_TIME=300
+ YCSB_DIR=/home/hadoop/ycsb-0.1.4
+ number_of_operations=50000000
+ number_of_threads=20
+ number_of_records=50000000
+ output_file_suffix=.dat
+ experiment_list_file=/home/hadoop/git/physical_design/case80.list
+ clean=false
+ create=false
+ load=false
+ random_read=false
+ workloada=false
+ workloadb=false
+ workloadc=false
+ scan=false
+ all=false
+ for i in '$@'
+ '[' clean == all ']'
+ '[' clean == clean ']'
+ clean=true
+ for i in '$@'
+ '[' create == all ']'
+ '[' create == clean ']'
+ '[' create == create ']'
+ create=true
+ for i in '$@'
+ '[' workloada == all ']'
+ '[' workloada == clean ']'
+ '[' workloada == create ']'
+ '[' workloada == load ']'
+ '[' workloada == random_read ']'
+ '[' workloada == scan ']'
+ '[' workloada == workloada ']'
+ workloada=true
+ let counter=1
+ cd /home/hadoop/ycsb-0.1.4
++ pwd
+ echo /home/hadoop/ycsb-0.1.4
/home/hadoop/ycsb-0.1.4
+ read line
+ false
+ true
+ echo 'sleeping for 60 ...'
sleeping for 60 ...
+ sleep 60
+ echo 'droping usertable...'
droping usertable...
+ ssh hadoop@master /home/hadoop/hbase/bin/hbase shell /home/hadoop/git/physical_design/delete_table
0 row(s) in 2.7570 seconds

0 row(s) in 0.8550 seconds

0 row(s) in 0.0840 seconds

+ echo 'sleeping for 300 ...'
sleeping for 300 ...
+ sleep 300
+ false
+ true
+ echo 'creating usertable...'
creating usertable...
+ create_statement='create '\''usertable'\'', { NAME=>'\''family'\'', CONFIGURATION => { '\''hbase.hregion.majorcompaction'\'' => '\''0'\'' } ,  COMPRESSION=>'\''GZ'\''}, SPLITS => ['\''user1'\'', '\''user2'\'', '\''user3'\'', '\''user4'\'', '\''user5'\'', '\''user6'\'', '\''user7'\'', '\''user8'\'', '\''user9'\'']'
+ echo create ''\''usertable'\'',' '{' 'NAME=>'\''family'\'',' CONFIGURATION '=>' '{' ''\''hbase.hregion.majorcompaction'\''' '=>' ''\''0'\''' '}' , 'COMPRESSION=>'\''GZ'\''},' SPLITS '=>' '['\''user1'\'',' ''\''user2'\'',' ''\''user3'\'',' ''\''user4'\'',' ''\''user5'\'',' ''\''user6'\'',' ''\''user7'\'',' ''\''user8'\'',' ''\''user9'\'']'
+ echo 'exit '
+ scp /home/hadoop/git/physical_design/caseresult/case80/create_1.script hadoop@master:/home/hadoop/git/physical_design/caseresult/case80/create_1.script
+ create_table /home/hadoop/git/physical_design/caseresult/case80/create_1.script
+ echo 'creating table...'
creating table...
+ echo /home/hadoop/git/physical_design/caseresult/case80/create_1.script
/home/hadoop/git/physical_design/caseresult/case80/create_1.script
+ ssh hadoop@master /home/hadoop/hbase/bin/hbase shell /home/hadoop/git/physical_design/caseresult/case80/create_1.script
0 row(s) in 1.7170 seconds

+ echo 'sleeping for 10 sec ...'
sleeping for 10 sec ...
+ sleep 10
+ false
+ false
+ false
+ false
+ false
+ true
+ echo workloada...
workloada...
+ echo 'start time: '
start time: 
++ date +%s
+ echo 1405061361
1405061361
++ echo /home/hadoop/git/physical_design/caseresult/case80/workloada_1.dat
+ ./workloada 50000000 20 /home/hadoop/git/physical_design/caseresult/case80/workloada_1.dat
Loading workload...
Starting test.
2014-07-10 23:49:21:700 0 sec: 0 operations; 
14/07/10 23:49:22 INFO zookeeper.ZooKeeper: Client environment:zookeeper.version=3.4.6-1569965, built on 02/20/2014 09:09 GMT
14/07/10 23:49:22 INFO zookeeper.ZooKeeper: Client environment:host.name=sceplus-vm43.almaden.ibm.com
14/07/10 23:49:22 INFO zookeeper.ZooKeeper: Client environment:java.version=1.6.0_31
14/07/10 23:49:22 INFO zookeeper.ZooKeeper: Client environment:java.vendor=Sun Microsystems Inc.
14/07/10 23:49:22 INFO zookeeper.ZooKeeper: Client environment:java.home=/usr/lib/jvm/java-6-openjdk-amd64/jre
14/07/10 23:49:22 INFO zookeeper.ZooKeeper: Client environment:java.class.path=/home/hadoop/ycsb-0.1.4/hbase-binding/lib/hbase-binding-0.1.4.jar:/home/hadoop/ycsb-0.1.4/hbase-binding/conf:/home/hadoop/ycsb-0.1.4/core/lib/core-0.1.4.jar:/home/hadoop/ycsb-0.1.4/jdbc-binding/conf
14/07/10 23:49:22 INFO zookeeper.ZooKeeper: Client environment:java.library.path=/usr/lib/jvm/java-6-openjdk-amd64/jre/lib/amd64/server:/usr/lib/jvm/java-6-openjdk-amd64/jre/lib/amd64:/usr/lib/jvm/java-6-openjdk-amd64/jre/../lib/amd64:/usr/java/packages/lib/amd64:/usr/lib/jni:/lib:/usr/lib
14/07/10 23:49:22 INFO zookeeper.ZooKeeper: Client environment:java.io.tmpdir=/tmp
14/07/10 23:49:22 INFO zookeeper.ZooKeeper: Client environment:java.compiler=<NA>
14/07/10 23:49:22 INFO zookeeper.ZooKeeper: Client environment:os.name=Linux
14/07/10 23:49:22 INFO zookeeper.ZooKeeper: Client environment:os.arch=amd64
14/07/10 23:49:22 INFO zookeeper.ZooKeeper: Client environment:os.version=3.13.0-24-generic
14/07/10 23:49:22 INFO zookeeper.ZooKeeper: Client environment:user.name=hadoop
14/07/10 23:49:22 INFO zookeeper.ZooKeeper: Client environment:user.home=/home/hadoop
14/07/10 23:49:22 INFO zookeeper.ZooKeeper: Client environment:user.dir=/home/hadoop/ycsb-0.1.4
14/07/10 23:49:22 INFO zookeeper.ZooKeeper: Initiating client connection, connectString=sceplus-vm49.almaden.ibm.com:2181,sceplus-vm48.almaden.ibm.com:2181 sessionTimeout=90000 watcher=hconnection-0x21934d9d, quorum=sceplus-vm49.almaden.ibm.com:2181,sceplus-vm48.almaden.ibm.com:2181, baseZNode=/hbase
14/07/10 23:49:22 INFO zookeeper.ClientCnxn: Opening socket connection to server slave1/9.1.143.59:2181. Will not attempt to authenticate using SASL (unknown error)
14/07/10 23:49:22 INFO zookeeper.RecoverableZooKeeper: Process identifier=hconnection-0x21934d9d connecting to ZooKeeper ensemble=sceplus-vm49.almaden.ibm.com:2181,sceplus-vm48.almaden.ibm.com:2181
14/07/10 23:49:22 INFO zookeeper.ClientCnxn: Socket connection established to slave1/9.1.143.59:2181, initiating session
14/07/10 23:49:22 INFO zookeeper.ClientCnxn: Session establishment complete on server slave1/9.1.143.59:2181, sessionid = 0x14725db1a77000d, negotiated timeout = 90000
2014-07-10 23:49:31:703 10 sec: 5502 operations; 550.03 current ops/sec; [INSERT AverageLatency(us)=3414.86] [READ AverageLatency(us)=14386.96] 
2014-07-10 23:49:41:704 20 sec: 13981 operations; 847.82 current ops/sec; [INSERT AverageLatency(us)=78.18] [READ AverageLatency(us)=8275.16] 
2014-07-10 23:49:51:704 30 sec: 25880 operations; 1189.9 current ops/sec; [INSERT AverageLatency(us)=23.88] [READ AverageLatency(us)=7428.22] 
2014-07-10 23:50:01:704 40 sec: 40725 operations; 1484.5 current ops/sec; [INSERT AverageLatency(us)=28.26] [READ AverageLatency(us)=7868.83] 
2014-07-10 23:50:11:705 50 sec: 60362 operations; 1963.5 current ops/sec; [INSERT AverageLatency(us)=25.61] [READ AverageLatency(us)=6343.34] 
2014-07-10 23:50:21:705 60 sec: 93023 operations; 3266.1 current ops/sec; [INSERT AverageLatency(us)=25.55] [READ AverageLatency(us)=4126.25] 
2014-07-10 23:50:31:706 70 sec: 143520 operations; 5049.2 current ops/sec; [INSERT AverageLatency(us)=26.77] [READ AverageLatency(us)=2716.6] 
2014-07-10 23:50:41:706 80 sec: 232307 operations; 8878.7 current ops/sec; [INSERT AverageLatency(us)=21.33] [READ AverageLatency(us)=1769.82] 
2014-07-10 23:50:51:707 90 sec: 374005 operations; 14168.38 current ops/sec; [INSERT AverageLatency(us)=14.93] [READ AverageLatency(us)=1206.17] 
2014-07-10 23:51:01:707 100 sec: 543879 operations; 16987.4 current ops/sec; [INSERT AverageLatency(us)=15.68] [READ AverageLatency(us)=1064.91] 
2014-07-10 23:51:11:708 110 sec: 726351 operations; 18245.38 current ops/sec; [INSERT AverageLatency(us)=14.43] [READ AverageLatency(us)=1038.21] 
2014-07-10 23:51:21:708 120 sec: 915759 operations; 18940.8 current ops/sec; [INSERT AverageLatency(us)=18.81] [READ AverageLatency(us)=1043.91] 
2014-07-10 23:51:31:709 130 sec: 1044530 operations; 12877.1 current ops/sec; [INSERT AverageLatency(us)=27.27] [READ AverageLatency(us)=1627.32] 
2014-07-10 23:51:41:709 140 sec: 1238299 operations; 19374.96 current ops/sec; [INSERT AverageLatency(us)=13.24] [READ AverageLatency(us)=1065.28] 
2014-07-10 23:51:51:709 150 sec: 1438668 operations; 20036.9 current ops/sec; [INSERT AverageLatency(us)=12.18] [READ AverageLatency(us)=1034.75] 
2014-07-10 23:52:01:710 160 sec: 1647162 operations; 20847.32 current ops/sec; [INSERT AverageLatency(us)=12.82] [READ AverageLatency(us)=999.02] 
2014-07-10 23:52:11:710 170 sec: 1848998 operations; 20183.6 current ops/sec; [INSERT AverageLatency(us)=14.16] [READ AverageLatency(us)=1048.78] 
2014-07-10 23:52:21:711 180 sec: 1996618 operations; 14760.52 current ops/sec; [INSERT AverageLatency(us)=17.02] [READ AverageLatency(us)=1454.95] 
2014-07-10 23:52:31:711 190 sec: 2199178 operations; 20256 current ops/sec; [INSERT AverageLatency(us)=12.05] [READ AverageLatency(us)=1051.72] 
2014-07-10 23:52:41:712 200 sec: 2403630 operations; 20443.16 current ops/sec; [INSERT AverageLatency(us)=12.21] [READ AverageLatency(us)=1045.45] 
2014-07-10 23:52:51:712 210 sec: 2609310 operations; 20568 current ops/sec; [INSERT AverageLatency(us)=11.97] [READ AverageLatency(us)=1038.52] 
2014-07-10 23:53:01:713 220 sec: 2801742 operations; 19241.28 current ops/sec; [INSERT AverageLatency(us)=13.18] [READ AverageLatency(us)=1117.41] 
2014-07-10 23:53:11:713 230 sec: 2953673 operations; 15193.1 current ops/sec; [INSERT AverageLatency(us)=15.31] [READ AverageLatency(us)=1432.53] 
2014-07-10 23:53:21:714 240 sec: 3161841 operations; 20814.72 current ops/sec; [INSERT AverageLatency(us)=12.29] [READ AverageLatency(us)=1035.97] 
2014-07-10 23:53:31:714 250 sec: 3366250 operations; 20440.9 current ops/sec; [INSERT AverageLatency(us)=12.43] [READ AverageLatency(us)=1055.93] 
2014-07-10 23:53:41:715 260 sec: 3573964 operations; 20769.32 current ops/sec; [INSERT AverageLatency(us)=12.28] [READ AverageLatency(us)=1041.59] 
2014-07-10 23:53:51:715 270 sec: 3758638 operations; 18467.4 current ops/sec; [INSERT AverageLatency(us)=14.17] [READ AverageLatency(us)=1171.47] 
2014-07-10 23:54:01:716 280 sec: 3940706 operations; 18204.98 current ops/sec; [INSERT AverageLatency(us)=14.54] [READ AverageLatency(us)=1197.05] 
2014-07-10 23:54:11:716 290 sec: 4147126 operations; 20642 current ops/sec; [INSERT AverageLatency(us)=12.25] [READ AverageLatency(us)=1052.01] 
2014-07-10 23:54:21:717 300 sec: 4352185 operations; 20503.85 current ops/sec; [INSERT AverageLatency(us)=12.96] [READ AverageLatency(us)=1059.02] 
2014-07-10 23:54:31:717 310 sec: 4562402 operations; 21021.7 current ops/sec; [INSERT AverageLatency(us)=12.2] [READ AverageLatency(us)=1033.5] 
2014-07-10 23:54:41:718 320 sec: 4732549 operations; 17013 current ops/sec; [INSERT AverageLatency(us)=15.15] [READ AverageLatency(us)=1284.29] 
2014-07-10 23:54:51:718 330 sec: 4927447 operations; 19489.8 current ops/sec; [INSERT AverageLatency(us)=13.46] [READ AverageLatency(us)=1116.97] 
2014-07-10 23:55:01:719 340 sec: 5133116 operations; 20566.9 current ops/sec; [INSERT AverageLatency(us)=12.17] [READ AverageLatency(us)=1059.15] 
2014-07-10 23:55:11:719 350 sec: 5338847 operations; 20571.04 current ops/sec; [INSERT AverageLatency(us)=12.43] [READ AverageLatency(us)=1059.5] 
2014-07-10 23:55:21:720 360 sec: 5548258 operations; 20941.1 current ops/sec; [INSERT AverageLatency(us)=12.88] [READ AverageLatency(us)=1040.12] 
2014-07-10 23:55:31:720 370 sec: 5704683 operations; 15640.94 current ops/sec; [INSERT AverageLatency(us)=16.68] [READ AverageLatency(us)=1401.18] 
2014-07-10 23:55:41:720 380 sec: 5914624 operations; 20994.1 current ops/sec; [INSERT AverageLatency(us)=13.06] [READ AverageLatency(us)=1038.7] 
2014-07-10 23:55:51:721 390 sec: 6125724 operations; 21107.89 current ops/sec; [INSERT AverageLatency(us)=13] [READ AverageLatency(us)=1033.11] 
2014-07-10 23:56:01:721 400 sec: 6339182 operations; 21345.8 current ops/sec; [INSERT AverageLatency(us)=12.4] [READ AverageLatency(us)=1023.49] 
2014-07-10 23:56:11:722 410 sec: 6540108 operations; 20090.59 current ops/sec; [INSERT AverageLatency(us)=12.98] [READ AverageLatency(us)=1087.38] 
2014-07-10 23:56:21:722 420 sec: 6700731 operations; 16062.3 current ops/sec; [INSERT AverageLatency(us)=16.58] [READ AverageLatency(us)=1367.01] 
2014-07-10 23:56:31:723 430 sec: 6902852 operations; 20210.08 current ops/sec; [INSERT AverageLatency(us)=12.49] [READ AverageLatency(us)=1082.97] 
2014-07-10 23:56:41:723 440 sec: 7118556 operations; 21570.4 current ops/sec; [INSERT AverageLatency(us)=13.32] [READ AverageLatency(us)=1015.15] 
2014-07-10 23:56:51:724 450 sec: 7338453 operations; 21987.5 current ops/sec; [INSERT AverageLatency(us)=12.51] [READ AverageLatency(us)=996.34] 
2014-07-10 23:57:01:724 460 sec: 7522744 operations; 18429.1 current ops/sec; [INSERT AverageLatency(us)=15.38] [READ AverageLatency(us)=1190.05] 
2014-07-10 23:57:11:725 470 sec: 7704977 operations; 18221.48 current ops/sec; [INSERT AverageLatency(us)=14.15] [READ AverageLatency(us)=1206.43] 
2014-07-10 23:57:21:725 480 sec: 7909997 operations; 20502 current ops/sec; [INSERT AverageLatency(us)=12.33] [READ AverageLatency(us)=1070.39] 
2014-07-10 23:57:31:726 490 sec: 8117353 operations; 20733.53 current ops/sec; [INSERT AverageLatency(us)=12.62] [READ AverageLatency(us)=1058.4] 
2014-07-10 23:57:41:726 500 sec: 8325599 operations; 20824.6 current ops/sec; [INSERT AverageLatency(us)=12.89] [READ AverageLatency(us)=1053.61] 
2014-07-10 23:57:51:737 510 sec: 8482450 operations; 15667.87 current ops/sec; [INSERT AverageLatency(us)=15.87] [READ AverageLatency(us)=1403.9] 
2014-07-10 23:58:01:738 520 sec: 8633980 operations; 15151.48 current ops/sec; [INSERT AverageLatency(us)=13.2] [READ AverageLatency(us)=1455.58] 
2014-07-10 23:58:11:738 530 sec: 8813307 operations; 17932.7 current ops/sec; [INSERT AverageLatency(us)=12.4] [READ AverageLatency(us)=1225.47] 
2014-07-10 23:58:21:739 540 sec: 9017976 operations; 20464.85 current ops/sec; [INSERT AverageLatency(us)=12.87] [READ AverageLatency(us)=1073.08] 
2014-07-10 23:58:31:739 550 sec: 9223103 operations; 20512.7 current ops/sec; [INSERT AverageLatency(us)=12.43] [READ AverageLatency(us)=1070.06] 
2014-07-10 23:58:41:740 560 sec: 9397215 operations; 17409.46 current ops/sec; [INSERT AverageLatency(us)=15.29] [READ AverageLatency(us)=1263.89] 
2014-07-10 23:58:51:740 570 sec: 9572914 operations; 17569.9 current ops/sec; [INSERT AverageLatency(us)=13.73] [READ AverageLatency(us)=1253.08] 
2014-07-10 23:59:01:741 580 sec: 9773907 operations; 20097.29 current ops/sec; [INSERT AverageLatency(us)=12.21] [READ AverageLatency(us)=1094.68] 
2014-07-10 23:59:11:741 590 sec: 9975882 operations; 20197.5 current ops/sec; [INSERT AverageLatency(us)=12.71] [READ AverageLatency(us)=1089.62] 
2014-07-10 23:59:21:742 600 sec: 10178015 operations; 20211.28 current ops/sec; [INSERT AverageLatency(us)=12.98] [READ AverageLatency(us)=1086.86] 
2014-07-10 23:59:31:742 610 sec: 10351524 operations; 17350.9 current ops/sec; [INSERT AverageLatency(us)=16.87] [READ AverageLatency(us)=1266.24] 
2014-07-10 23:59:41:743 620 sec: 10531068 operations; 17952.6 current ops/sec; [INSERT AverageLatency(us)=13.21] [READ AverageLatency(us)=1224.39] 
2014-07-10 23:59:51:753 630 sec: 10737258 operations; 20598.4 current ops/sec; [INSERT AverageLatency(us)=12.36] [READ AverageLatency(us)=1069.76] 
2014-07-11 00:00:01:753 640 sec: 10934770 operations; 19751.2 current ops/sec; [INSERT AverageLatency(us)=12.35] [READ AverageLatency(us)=1114.67] 
2014-07-11 00:00:11:754 650 sec: 11138174 operations; 20338.37 current ops/sec; [INSERT AverageLatency(us)=12.64] [READ AverageLatency(us)=1081.24] 
2014-07-11 00:00:21:754 660 sec: 11287469 operations; 14929.5 current ops/sec; [INSERT AverageLatency(us)=15.61] [READ AverageLatency(us)=1477.74] 
2014-07-11 00:00:31:755 670 sec: 11470847 operations; 18337.8 current ops/sec; [INSERT AverageLatency(us)=13.78] [READ AverageLatency(us)=1199.66] 
2014-07-11 00:00:41:755 680 sec: 11667439 operations; 19657.23 current ops/sec; [INSERT AverageLatency(us)=12.2] [READ AverageLatency(us)=1119.88] 
2014-07-11 00:00:51:755 690 sec: 11870988 operations; 20354.9 current ops/sec; [INSERT AverageLatency(us)=13.1] [READ AverageLatency(us)=1080.74] 
2014-07-11 00:01:01:756 700 sec: 12073788 operations; 20277.97 current ops/sec; [INSERT AverageLatency(us)=12.46] [READ AverageLatency(us)=1084.81] 
2014-07-11 00:01:11:756 710 sec: 12240122 operations; 16633.4 current ops/sec; [INSERT AverageLatency(us)=16.3] [READ AverageLatency(us)=1320.38] 
2014-07-11 00:01:21:757 720 sec: 12431477 operations; 19133.59 current ops/sec; [INSERT AverageLatency(us)=12.87] [READ AverageLatency(us)=1152.3] 
2014-07-11 00:01:31:758 730 sec: 12636165 operations; 20466.75 current ops/sec; [INSERT AverageLatency(us)=12.26] [READ AverageLatency(us)=1076.91] 
2014-07-11 00:01:41:758 740 sec: 12841492 operations; 20532.7 current ops/sec; [INSERT AverageLatency(us)=13.25] [READ AverageLatency(us)=1071.76] 
2014-07-11 00:01:51:759 750 sec: 13044733 operations; 20322.07 current ops/sec; [INSERT AverageLatency(us)=12.41] [READ AverageLatency(us)=1082.35] 
2014-07-11 00:02:01:759 760 sec: 13207028 operations; 16229.5 current ops/sec; [INSERT AverageLatency(us)=16.09] [READ AverageLatency(us)=1358.14] 
2014-07-11 00:02:11:760 770 sec: 13407831 operations; 20078.29 current ops/sec; [INSERT AverageLatency(us)=12.4] [READ AverageLatency(us)=1095.67] 
2014-07-11 00:02:21:760 780 sec: 13608868 operations; 20103.7 current ops/sec; [INSERT AverageLatency(us)=12.36] [READ AverageLatency(us)=1095.54] 
2014-07-11 00:02:31:761 790 sec: 13811337 operations; 20244.88 current ops/sec; [INSERT AverageLatency(us)=12.99] [READ AverageLatency(us)=1088.01] 
2014-07-11 00:02:41:761 800 sec: 14011589 operations; 20025.2 current ops/sec; [INSERT AverageLatency(us)=13.23] [READ AverageLatency(us)=1099.83] 
2014-07-11 00:02:51:762 810 sec: 14179527 operations; 16792.12 current ops/sec; [INSERT AverageLatency(us)=15.27] [READ AverageLatency(us)=1312.25] 
2014-07-11 00:03:01:762 820 sec: 14379699 operations; 20017.2 current ops/sec; [INSERT AverageLatency(us)=13] [READ AverageLatency(us)=1100.7] 
2014-07-11 00:03:11:763 830 sec: 14586200 operations; 20648.04 current ops/sec; [INSERT AverageLatency(us)=12.22] [READ AverageLatency(us)=1065.48] 
2014-07-11 00:03:21:763 840 sec: 14786010 operations; 19981 current ops/sec; [INSERT AverageLatency(us)=12.49] [READ AverageLatency(us)=1103.7] 
2014-07-11 00:03:31:764 850 sec: 14966018 operations; 17999 current ops/sec; [INSERT AverageLatency(us)=13.01] [READ AverageLatency(us)=1224.97] 
2014-07-11 00:03:41:764 860 sec: 15128212 operations; 16219.4 current ops/sec; [INSERT AverageLatency(us)=15.24] [READ AverageLatency(us)=1360.44] 
2014-07-11 00:03:51:765 870 sec: 15333741 operations; 20550.84 current ops/sec; [INSERT AverageLatency(us)=13.16] [READ AverageLatency(us)=1071.07] 
2014-07-11 00:04:01:765 880 sec: 15538294 operations; 20455.3 current ops/sec; [INSERT AverageLatency(us)=13.21] [READ AverageLatency(us)=1077.64] 
2014-07-11 00:04:11:766 890 sec: 15747017 operations; 20870.21 current ops/sec; [INSERT AverageLatency(us)=13.27] [READ AverageLatency(us)=1054.58] 
2014-07-11 00:04:21:778 900 sec: 15933231 operations; 18600.94 current ops/sec; [INSERT AverageLatency(us)=14.05] [READ AverageLatency(us)=1184.32] 
2014-07-11 00:04:31:778 910 sec: 16089281 operations; 15603.44 current ops/sec; [INSERT AverageLatency(us)=15.84] [READ AverageLatency(us)=1415.73] 
2014-07-11 00:04:41:779 920 sec: 16278567 operations; 18926.71 current ops/sec; [INSERT AverageLatency(us)=12.49] [READ AverageLatency(us)=1163.4] 
2014-07-11 00:04:51:779 930 sec: 16478163 operations; 19959.6 current ops/sec; [INSERT AverageLatency(us)=12.75] [READ AverageLatency(us)=1103.94] 
2014-07-11 00:05:01:780 940 sec: 16681956 operations; 20377.26 current ops/sec; [INSERT AverageLatency(us)=12.64] [READ AverageLatency(us)=1080.28] 
2014-07-11 00:05:11:780 950 sec: 16861548 operations; 17959.2 current ops/sec; [INSERT AverageLatency(us)=15.64] [READ AverageLatency(us)=1227.34] 
2014-07-11 00:05:21:781 960 sec: 17013033 operations; 15146.99 current ops/sec; [INSERT AverageLatency(us)=15.35] [READ AverageLatency(us)=1454.7] 
2014-07-11 00:05:31:781 970 sec: 17205266 operations; 19223.3 current ops/sec; [INSERT AverageLatency(us)=13.65] [READ AverageLatency(us)=1144.98] 
2014-07-11 00:05:41:782 980 sec: 17408057 operations; 20277.07 current ops/sec; [INSERT AverageLatency(us)=14.32] [READ AverageLatency(us)=1086.06] 
2014-07-11 00:05:51:782 990 sec: 17608608 operations; 20055.1 current ops/sec; [INSERT AverageLatency(us)=12.37] [READ AverageLatency(us)=1099.41] 
2014-07-11 00:06:01:783 1000 sec: 17792282 operations; 18365.56 current ops/sec; [INSERT AverageLatency(us)=13.64] [READ AverageLatency(us)=1199.4] 
2014-07-11 00:06:11:783 1010 sec: 17922991 operations; 13070.9 current ops/sec; [INSERT AverageLatency(us)=15.03] [READ AverageLatency(us)=1692.93] 
2014-07-11 00:06:21:784 1020 sec: 18108303 operations; 18529.35 current ops/sec; [INSERT AverageLatency(us)=13.17] [READ AverageLatency(us)=1189.89] 
2014-07-11 00:06:31:784 1030 sec: 18314382 operations; 20607.9 current ops/sec; [INSERT AverageLatency(us)=13.1] [READ AverageLatency(us)=1068.4] 
2014-07-11 00:06:41:785 1040 sec: 18521366 operations; 20696.33 current ops/sec; [INSERT AverageLatency(us)=12.34] [READ AverageLatency(us)=1064.22] 
2014-07-11 00:06:51:785 1050 sec: 18718320 operations; 19695.4 current ops/sec; [INSERT AverageLatency(us)=21.27] [READ AverageLatency(us)=1116.9] 
2014-07-11 00:07:01:786 1060 sec: 18894400 operations; 17608 current ops/sec; [INSERT AverageLatency(us)=17.01] [READ AverageLatency(us)=1250.72] 
2014-07-11 00:07:11:786 1070 sec: 19097745 operations; 20332.47 current ops/sec; [INSERT AverageLatency(us)=12.94] [READ AverageLatency(us)=1083.09] 
2014-07-11 00:07:21:786 1080 sec: 19287451 operations; 18970.6 current ops/sec; [INSERT AverageLatency(us)=12.77] [READ AverageLatency(us)=1161.1] 
2014-07-11 00:07:31:787 1090 sec: 19494350 operations; 20687.83 current ops/sec; [INSERT AverageLatency(us)=12.4] [READ AverageLatency(us)=1064.4] 
2014-07-11 00:07:41:787 1100 sec: 19682449 operations; 18809.9 current ops/sec; [INSERT AverageLatency(us)=14.65] [READ AverageLatency(us)=1171.43] 
2014-07-11 00:07:51:788 1110 sec: 19854382 operations; 17191.58 current ops/sec; [INSERT AverageLatency(us)=15.59] [READ AverageLatency(us)=1282.49] 
2014-07-11 00:08:01:789 1120 sec: 20039940 operations; 18553.94 current ops/sec; [INSERT AverageLatency(us)=12.3] [READ AverageLatency(us)=1190.28] 
2014-07-11 00:08:11:789 1130 sec: 20233900 operations; 19396 current ops/sec; [INSERT AverageLatency(us)=12.2] [READ AverageLatency(us)=1135.29] 
2014-07-11 00:08:21:790 1140 sec: 20442277 operations; 20835.62 current ops/sec; [INSERT AverageLatency(us)=12.89] [READ AverageLatency(us)=1057.83] 
2014-07-11 00:08:31:790 1150 sec: 20624282 operations; 18200.5 current ops/sec; [INSERT AverageLatency(us)=14.73] [READ AverageLatency(us)=1212.85] 
2014-07-11 00:08:41:791 1160 sec: 20795605 operations; 17130.59 current ops/sec; [INSERT AverageLatency(us)=14.36] [READ AverageLatency(us)=1288.88] 
2014-07-11 00:08:51:792 1170 sec: 21000634 operations; 20500.85 current ops/sec; [INSERT AverageLatency(us)=12.85] [READ AverageLatency(us)=1073.84] 
2014-07-11 00:09:01:792 1180 sec: 21210242 operations; 20960.8 current ops/sec; [INSERT AverageLatency(us)=13.08] [READ AverageLatency(us)=1050.26] 
2014-07-11 00:09:11:793 1190 sec: 21417822 operations; 20758 current ops/sec; [INSERT AverageLatency(us)=12.47] [READ AverageLatency(us)=1061.6] 
2014-07-11 00:09:21:793 1200 sec: 21600527 operations; 18268.67 current ops/sec; [INSERT AverageLatency(us)=13.86] [READ AverageLatency(us)=1207.15] 
2014-07-11 00:09:31:793 1210 sec: 21778654 operations; 17812.7 current ops/sec; [INSERT AverageLatency(us)=15.48] [READ AverageLatency(us)=1238.11] 
2014-07-11 00:09:41:794 1220 sec: 21984319 operations; 20564.44 current ops/sec; [INSERT AverageLatency(us)=13.07] [READ AverageLatency(us)=1071.03] 
2014-07-11 00:09:51:794 1230 sec: 22191731 operations; 20741.2 current ops/sec; [INSERT AverageLatency(us)=12.58] [READ AverageLatency(us)=1059.86] 
2014-07-11 00:10:01:795 1240 sec: 22399417 operations; 20766.52 current ops/sec; [INSERT AverageLatency(us)=12.84] [READ AverageLatency(us)=1064.45] 
2014-07-11 00:10:11:795 1250 sec: 22562299 operations; 16288.2 current ops/sec; [INSERT AverageLatency(us)=15.16] [READ AverageLatency(us)=1355.8] 
2014-07-11 00:10:21:796 1260 sec: 22753059 operations; 19074.09 current ops/sec; [INSERT AverageLatency(us)=13] [READ AverageLatency(us)=1155.89] 
2014-07-11 00:10:31:796 1270 sec: 22961497 operations; 20843.8 current ops/sec; [INSERT AverageLatency(us)=12.35] [READ AverageLatency(us)=1058.65] 
2014-07-11 00:10:41:797 1280 sec: 23165995 operations; 20447.76 current ops/sec; [INSERT AverageLatency(us)=12.71] [READ AverageLatency(us)=1077.94] 
2014-07-11 00:10:51:797 1290 sec: 23367647 operations; 20165.2 current ops/sec; [INSERT AverageLatency(us)=12.34] [READ AverageLatency(us)=1092.21] 
2014-07-11 00:11:01:798 1300 sec: 23530270 operations; 16260.67 current ops/sec; [INSERT AverageLatency(us)=15.67] [READ AverageLatency(us)=1357.18] 
2014-07-11 00:11:11:798 1310 sec: 23674626 operations; 14435.6 current ops/sec; [INSERT AverageLatency(us)=14.01] [READ AverageLatency(us)=1530.05] 
2014-07-11 00:11:21:799 1320 sec: 23818158 operations; 14351.76 current ops/sec; [INSERT AverageLatency(us)=12.26] [READ AverageLatency(us)=1540.54] 
2014-07-11 00:11:31:799 1330 sec: 24012762 operations; 19460.4 current ops/sec; [INSERT AverageLatency(us)=12.94] [READ AverageLatency(us)=1135.06] 
2014-07-11 00:11:41:800 1340 sec: 24179687 operations; 16690.83 current ops/sec; [INSERT AverageLatency(us)=12.92] [READ AverageLatency(us)=1319.91] 
2014-07-11 00:11:51:800 1350 sec: 24359184 operations; 17949.7 current ops/sec; [INSERT AverageLatency(us)=15.39] [READ AverageLatency(us)=1228.6] 
2014-07-11 00:12:01:801 1360 sec: 24506332 operations; 14713.33 current ops/sec; [INSERT AverageLatency(us)=15.63] [READ AverageLatency(us)=1500.98] 
2014-07-11 00:12:11:801 1370 sec: 24670920 operations; 16458.8 current ops/sec; [INSERT AverageLatency(us)=13.15] [READ AverageLatency(us)=1341.78] 
2014-07-11 00:12:21:802 1380 sec: 24852153 operations; 18121.49 current ops/sec; [INSERT AverageLatency(us)=13.28] [READ AverageLatency(us)=1219.54] 
2014-07-11 00:12:31:802 1390 sec: 25030586 operations; 17843.3 current ops/sec; [INSERT AverageLatency(us)=13.32] [READ AverageLatency(us)=1234.87] 
2014-07-11 00:12:41:803 1400 sec: 25225704 operations; 19509.85 current ops/sec; [INSERT AverageLatency(us)=12.39] [READ AverageLatency(us)=1130.8] 
2014-07-11 00:12:51:803 1410 sec: 25378068 operations; 15236.4 current ops/sec; [INSERT AverageLatency(us)=14.86] [READ AverageLatency(us)=1442.72] 
2014-07-11 00:13:01:804 1420 sec: 25552312 operations; 17422.66 current ops/sec; [INSERT AverageLatency(us)=14.36] [READ AverageLatency(us)=1274.41] 
2014-07-11 00:13:11:804 1430 sec: 25752017 operations; 19970.5 current ops/sec; [INSERT AverageLatency(us)=13.33] [READ AverageLatency(us)=1104.46] 
2014-07-11 00:13:21:805 1440 sec: 25949364 operations; 19732.73 current ops/sec; [INSERT AverageLatency(us)=13.59] [READ AverageLatency(us)=1117.92] 
2014-07-11 00:13:31:805 1450 sec: 26148910 operations; 19954.6 current ops/sec; [INSERT AverageLatency(us)=12.85] [READ AverageLatency(us)=1104.47] 
2014-07-11 00:13:41:806 1460 sec: 26316422 operations; 16749.53 current ops/sec; [INSERT AverageLatency(us)=15.49] [READ AverageLatency(us)=1314.19] 
2014-07-11 00:13:51:806 1470 sec: 26497812 operations; 18139 current ops/sec; [INSERT AverageLatency(us)=14.21] [READ AverageLatency(us)=1220.24] 
2014-07-11 00:14:01:807 1480 sec: 26700378 operations; 20254.57 current ops/sec; [INSERT AverageLatency(us)=12.27] [READ AverageLatency(us)=1090.01] 
2014-07-11 00:14:11:807 1490 sec: 26896966 operations; 19658.8 current ops/sec; [INSERT AverageLatency(us)=13.05] [READ AverageLatency(us)=1122.02] 
2014-07-11 00:14:21:808 1500 sec: 27086303 operations; 18931.81 current ops/sec; [INSERT AverageLatency(us)=14.12] [READ AverageLatency(us)=1165.05] 
2014-07-11 00:14:31:808 1510 sec: 27253943 operations; 16764 current ops/sec; [INSERT AverageLatency(us)=15.93] [READ AverageLatency(us)=1317.73] 
2014-07-11 00:14:41:809 1520 sec: 27438299 operations; 18435.6 current ops/sec; [INSERT AverageLatency(us)=13.69] [READ AverageLatency(us)=1197.71] 
2014-07-11 00:14:51:809 1530 sec: 27649304 operations; 21098.39 current ops/sec; [INSERT AverageLatency(us)=12.57] [READ AverageLatency(us)=1043.54] 
2014-07-11 00:15:01:810 1540 sec: 27858291 operations; 20898.7 current ops/sec; [INSERT AverageLatency(us)=12.21] [READ AverageLatency(us)=1053.8] 
2014-07-11 00:15:11:810 1550 sec: 28067770 operations; 20945.81 current ops/sec; [INSERT AverageLatency(us)=12.33] [READ AverageLatency(us)=1053.24] 
2014-07-11 00:15:21:811 1560 sec: 28239181 operations; 17141.1 current ops/sec; [INSERT AverageLatency(us)=16.79] [READ AverageLatency(us)=1286.5] 
2014-07-11 00:15:31:811 1570 sec: 28437207 operations; 19800.62 current ops/sec; [INSERT AverageLatency(us)=17.73] [READ AverageLatency(us)=1114.42] 
2014-07-11 00:15:41:812 1580 sec: 28648133 operations; 21090.49 current ops/sec; [INSERT AverageLatency(us)=12.99] [READ AverageLatency(us)=1047.45] 
2014-07-11 00:15:51:812 1590 sec: 28858208 operations; 21007.5 current ops/sec; [INSERT AverageLatency(us)=12.39] [READ AverageLatency(us)=1050.44] 
2014-07-11 00:16:01:813 1600 sec: 29044253 operations; 18604.5 current ops/sec; [INSERT AverageLatency(us)=14.56] [READ AverageLatency(us)=1186.31] 
2014-07-11 00:16:11:813 1610 sec: 29218202 operations; 17393.16 current ops/sec; [INSERT AverageLatency(us)=15.24] [READ AverageLatency(us)=1260.76] 
2014-07-11 00:16:21:813 1620 sec: 29413359 operations; 19515.7 current ops/sec; [INSERT AverageLatency(us)=13.47] [READ AverageLatency(us)=1138.93] 
2014-07-11 00:16:31:814 1630 sec: 29614281 operations; 20090.19 current ops/sec; [INSERT AverageLatency(us)=13.14] [READ AverageLatency(us)=1097.65] 
2014-07-11 00:16:41:814 1640 sec: 29815519 operations; 20123.8 current ops/sec; [INSERT AverageLatency(us)=12.43] [READ AverageLatency(us)=1099.43] 
2014-07-11 00:16:51:815 1650 sec: 30001926 operations; 18638.84 current ops/sec; [INSERT AverageLatency(us)=13.93] [READ AverageLatency(us)=1182.86] 
2014-07-11 00:17:01:815 1660 sec: 30165544 operations; 16361.8 current ops/sec; [INSERT AverageLatency(us)=14.96] [READ AverageLatency(us)=1351.11] 
2014-07-11 00:17:11:820 1670 sec: 30363881 operations; 19823.79 current ops/sec; [INSERT AverageLatency(us)=13.08] [READ AverageLatency(us)=1112.6] 
2014-07-11 00:17:21:821 1680 sec: 30566960 operations; 20305.87 current ops/sec; [INSERT AverageLatency(us)=12.33] [READ AverageLatency(us)=1088] 
2014-07-11 00:17:31:821 1690 sec: 30769889 operations; 20292.9 current ops/sec; [INSERT AverageLatency(us)=13.62] [READ AverageLatency(us)=1086.44] 
2014-07-11 00:17:41:822 1700 sec: 30948853 operations; 17894.61 current ops/sec; [INSERT AverageLatency(us)=14.5] [READ AverageLatency(us)=1233.75] 
2014-07-11 00:17:51:822 1710 sec: 31116470 operations; 16761.7 current ops/sec; [INSERT AverageLatency(us)=14.63] [READ AverageLatency(us)=1316.04] 
2014-07-11 00:18:01:823 1720 sec: 31309905 operations; 19341.57 current ops/sec; [INSERT AverageLatency(us)=12.92] [READ AverageLatency(us)=1140.92] 
2014-07-11 00:18:11:823 1730 sec: 31490592 operations; 18068.7 current ops/sec; [INSERT AverageLatency(us)=13.23] [READ AverageLatency(us)=1220.56] 
2014-07-11 00:18:21:824 1740 sec: 31686782 operations; 19617.04 current ops/sec; [INSERT AverageLatency(us)=13.19] [READ AverageLatency(us)=1125.34] 
2014-07-11 00:18:31:824 1750 sec: 31864920 operations; 17813.8 current ops/sec; [INSERT AverageLatency(us)=14.26] [READ AverageLatency(us)=1238.29] 
2014-07-11 00:18:41:825 1760 sec: 32017194 operations; 15225.88 current ops/sec; [INSERT AverageLatency(us)=14.83] [READ AverageLatency(us)=1448.37] 
2014-07-11 00:18:51:825 1770 sec: 32183607 operations; 16641.3 current ops/sec; [INSERT AverageLatency(us)=14.12] [READ AverageLatency(us)=1328.23] 
2014-07-11 00:19:01:826 1780 sec: 32370846 operations; 18722.03 current ops/sec; [INSERT AverageLatency(us)=13.27] [READ AverageLatency(us)=1183.05] 
2014-07-11 00:19:11:826 1790 sec: 32560864 operations; 19001.8 current ops/sec; [INSERT AverageLatency(us)=13.27] [READ AverageLatency(us)=1162.73] 
2014-07-11 00:19:21:827 1800 sec: 32737301 operations; 17641.94 current ops/sec; [INSERT AverageLatency(us)=13.88] [READ AverageLatency(us)=1251.78] 
2014-07-11 00:19:31:828 1810 sec: 32906103 operations; 16878.51 current ops/sec; [INSERT AverageLatency(us)=15.26] [READ AverageLatency(us)=1307.58] 
2014-07-11 00:19:41:828 1820 sec: 33087645 operations; 18154.2 current ops/sec; [INSERT AverageLatency(us)=13.2] [READ AverageLatency(us)=1217.23] 
2014-07-11 00:19:51:829 1830 sec: 33288113 operations; 20044.8 current ops/sec; [INSERT AverageLatency(us)=12.31] [READ AverageLatency(us)=1101.29] 
2014-07-11 00:20:01:829 1840 sec: 33492268 operations; 20415.5 current ops/sec; [INSERT AverageLatency(us)=12.81] [READ AverageLatency(us)=1080.15] 
2014-07-11 00:20:11:830 1850 sec: 33687242 operations; 19495.45 current ops/sec; [INSERT AverageLatency(us)=13.9] [READ AverageLatency(us)=1131.55] 
2014-07-11 00:20:21:830 1860 sec: 33854449 operations; 16720.7 current ops/sec; [INSERT AverageLatency(us)=15.23] [READ AverageLatency(us)=1313.64] 
2014-07-11 00:20:31:831 1870 sec: 34038206 operations; 18373.86 current ops/sec; [INSERT AverageLatency(us)=14.3] [READ AverageLatency(us)=1207.57] 
2014-07-11 00:20:41:831 1880 sec: 34235907 operations; 19770.1 current ops/sec; [INSERT AverageLatency(us)=13.08] [READ AverageLatency(us)=1116.95] 
2014-07-11 00:20:51:832 1890 sec: 34432941 operations; 19701.43 current ops/sec; [INSERT AverageLatency(us)=12.41] [READ AverageLatency(us)=1122.11] 
2014-07-11 00:21:01:832 1900 sec: 34619293 operations; 18635.2 current ops/sec; [INSERT AverageLatency(us)=13.32] [READ AverageLatency(us)=1184.37] 
2014-07-11 00:21:11:833 1910 sec: 34780486 operations; 16117.69 current ops/sec; [INSERT AverageLatency(us)=14.21] [READ AverageLatency(us)=1369.99] 
2014-07-11 00:21:21:833 1920 sec: 34964325 operations; 18383.9 current ops/sec; [INSERT AverageLatency(us)=13.14] [READ AverageLatency(us)=1201.58] 
2014-07-11 00:21:31:834 1930 sec: 35156984 operations; 19263.97 current ops/sec; [INSERT AverageLatency(us)=12.15] [READ AverageLatency(us)=1145.1] 
2014-07-11 00:21:41:834 1940 sec: 35357649 operations; 20066.5 current ops/sec; [INSERT AverageLatency(us)=13.55] [READ AverageLatency(us)=1099.52] 
2014-07-11 00:21:51:835 1950 sec: 35552765 operations; 19509.65 current ops/sec; [INSERT AverageLatency(us)=12.92] [READ AverageLatency(us)=1131.9] 
2014-07-11 00:22:01:835 1960 sec: 35725109 operations; 17234.4 current ops/sec; [INSERT AverageLatency(us)=15.35] [READ AverageLatency(us)=1278.44] 
2014-07-11 00:22:11:836 1970 sec: 35915017 operations; 18988.9 current ops/sec; [INSERT AverageLatency(us)=13.71] [READ AverageLatency(us)=1161.52] 
2014-07-11 00:22:21:836 1980 sec: 36115590 operations; 20057.3 current ops/sec; [INSERT AverageLatency(us)=13.02] [READ AverageLatency(us)=1100.19] 
2014-07-11 00:22:31:837 1990 sec: 36315917 operations; 20030.7 current ops/sec; [INSERT AverageLatency(us)=12.5] [READ AverageLatency(us)=1102.99] 
2014-07-11 00:22:41:837 2000 sec: 36515787 operations; 19987 current ops/sec; [INSERT AverageLatency(us)=13.07] [READ AverageLatency(us)=1103.51] 
2014-07-11 00:22:51:838 2010 sec: 36684843 operations; 16903.91 current ops/sec; [INSERT AverageLatency(us)=14.33] [READ AverageLatency(us)=1307.57] 
2014-07-11 00:23:01:838 2020 sec: 36878785 operations; 19394.2 current ops/sec; [INSERT AverageLatency(us)=13.53] [READ AverageLatency(us)=1140.12] 
2014-07-11 00:23:11:839 2030 sec: 37079299 operations; 20049.4 current ops/sec; [INSERT AverageLatency(us)=12.07] [READ AverageLatency(us)=1101.68] 
2014-07-11 00:23:21:839 2040 sec: 37280927 operations; 20162.8 current ops/sec; [INSERT AverageLatency(us)=12.13] [READ AverageLatency(us)=1094.29] 
2014-07-11 00:23:31:840 2050 sec: 37471314 operations; 19036.8 current ops/sec; [INSERT AverageLatency(us)=12.98] [READ AverageLatency(us)=1158.55] 
2014-07-11 00:23:41:840 2060 sec: 37636066 operations; 16475.2 current ops/sec; [INSERT AverageLatency(us)=14.46] [READ AverageLatency(us)=1341.13] 
2014-07-11 00:23:51:841 2070 sec: 37836131 operations; 20004.5 current ops/sec; [INSERT AverageLatency(us)=13.26] [READ AverageLatency(us)=1102.34] 
2014-07-11 00:24:01:841 2080 sec: 38042430 operations; 20629.9 current ops/sec; [INSERT AverageLatency(us)=12.74] [READ AverageLatency(us)=1069.51] 
2014-07-11 00:24:11:842 2090 sec: 38243335 operations; 20088.49 current ops/sec; [INSERT AverageLatency(us)=13.06] [READ AverageLatency(us)=1097.64] 
2014-07-11 00:24:21:842 2100 sec: 38436530 operations; 19319.5 current ops/sec; [INSERT AverageLatency(us)=12.98] [READ AverageLatency(us)=1140.75] 
2014-07-11 00:24:31:843 2110 sec: 38605455 operations; 16890.81 current ops/sec; [INSERT AverageLatency(us)=17.55] [READ AverageLatency(us)=1309.19] 
2014-07-11 00:24:41:843 2120 sec: 38802899 operations; 19744.4 current ops/sec; [INSERT AverageLatency(us)=12.47] [READ AverageLatency(us)=1119.47] 
2014-07-11 00:24:51:844 2130 sec: 39007202 operations; 20428.26 current ops/sec; [INSERT AverageLatency(us)=13.01] [READ AverageLatency(us)=1079.49] 
2014-07-11 00:25:01:844 2140 sec: 39211392 operations; 20419 current ops/sec; [INSERT AverageLatency(us)=13.48] [READ AverageLatency(us)=1080.72] 
2014-07-11 00:25:11:845 2150 sec: 39403996 operations; 19258.47 current ops/sec; [INSERT AverageLatency(us)=13.14] [READ AverageLatency(us)=1146.42] 
2014-07-11 00:25:21:845 2160 sec: 39553908 operations; 14991.2 current ops/sec; [INSERT AverageLatency(us)=15.81] [READ AverageLatency(us)=1477.04] 
2014-07-11 00:25:31:846 2170 sec: 39699316 operations; 14539.35 current ops/sec; [INSERT AverageLatency(us)=13.33] [READ AverageLatency(us)=1520.83] 
2014-07-11 00:25:41:846 2180 sec: 39865506 operations; 16619 current ops/sec; [INSERT AverageLatency(us)=12.95] [READ AverageLatency(us)=1329.52] 
2014-07-11 00:25:51:847 2190 sec: 40053394 operations; 18786.92 current ops/sec; [INSERT AverageLatency(us)=12.66] [READ AverageLatency(us)=1176.93] 
2014-07-11 00:26:01:847 2200 sec: 40243643 operations; 19024.9 current ops/sec; [INSERT AverageLatency(us)=13.61] [READ AverageLatency(us)=1159.69] 
2014-07-11 00:26:11:848 2210 sec: 40412140 operations; 16848.02 current ops/sec; [INSERT AverageLatency(us)=15.48] [READ AverageLatency(us)=1310.04] 
2014-07-11 00:26:21:848 2220 sec: 40596192 operations; 18405.2 current ops/sec; [INSERT AverageLatency(us)=14.63] [READ AverageLatency(us)=1197.68] 
2014-07-11 00:26:31:849 2230 sec: 40792956 operations; 19674.43 current ops/sec; [INSERT AverageLatency(us)=12.35] [READ AverageLatency(us)=1123.18] 
2014-07-11 00:26:41:849 2240 sec: 40988099 operations; 19514.3 current ops/sec; [INSERT AverageLatency(us)=12.41] [READ AverageLatency(us)=1130.87] 
2014-07-11 00:26:51:850 2250 sec: 41185607 operations; 19748.83 current ops/sec; [INSERT AverageLatency(us)=13.26] [READ AverageLatency(us)=1117.53] 
2014-07-11 00:27:01:850 2260 sec: 41358931 operations; 17332.4 current ops/sec; [INSERT AverageLatency(us)=15.19] [READ AverageLatency(us)=1267.48] 
2014-07-11 00:27:11:851 2270 sec: 41538128 operations; 17917.91 current ops/sec; [INSERT AverageLatency(us)=13.67] [READ AverageLatency(us)=1238.62] 
2014-07-11 00:27:21:851 2280 sec: 41735856 operations; 19772.8 current ops/sec; [INSERT AverageLatency(us)=12.35] [READ AverageLatency(us)=1116.58] 
2014-07-11 00:27:31:852 2290 sec: 41934559 operations; 19868.31 current ops/sec; [INSERT AverageLatency(us)=12.78] [READ AverageLatency(us)=1109.84] 
2014-07-11 00:27:41:852 2300 sec: 42131886 operations; 19732.7 current ops/sec; [INSERT AverageLatency(us)=12.86] [READ AverageLatency(us)=1117.32] 
2014-07-11 00:27:51:853 2310 sec: 42303182 operations; 17129.6 current ops/sec; [INSERT AverageLatency(us)=15.85] [READ AverageLatency(us)=1290] 
2014-07-11 00:28:01:853 2320 sec: 42485460 operations; 18225.98 current ops/sec; [INSERT AverageLatency(us)=14.94] [READ AverageLatency(us)=1211.6] 
2014-07-11 00:28:11:853 2330 sec: 42685007 operations; 19954.7 current ops/sec; [INSERT AverageLatency(us)=12.7] [READ AverageLatency(us)=1106.26] 
2014-07-11 00:28:21:854 2340 sec: 42888634 operations; 20360.66 current ops/sec; [INSERT AverageLatency(us)=12.4] [READ AverageLatency(us)=1085.02] 
2014-07-11 00:28:31:854 2350 sec: 43086865 operations; 19823.1 current ops/sec; [INSERT AverageLatency(us)=12.93] [READ AverageLatency(us)=1113.73] 
2014-07-11 00:28:41:855 2360 sec: 43261637 operations; 17475.45 current ops/sec; [INSERT AverageLatency(us)=15.04] [READ AverageLatency(us)=1262.44] 
2014-07-11 00:28:51:856 2370 sec: 43441894 operations; 18023.9 current ops/sec; [INSERT AverageLatency(us)=13.67] [READ AverageLatency(us)=1225.79] 
2014-07-11 00:29:01:856 2380 sec: 43644627 operations; 20273.3 current ops/sec; [INSERT AverageLatency(us)=13.37] [READ AverageLatency(us)=1089.33] 
2014-07-11 00:29:11:856 2390 sec: 43845846 operations; 20121.9 current ops/sec; [INSERT AverageLatency(us)=13.06] [READ AverageLatency(us)=1097.34] 
2014-07-11 00:29:21:857 2400 sec: 44038457 operations; 19259.17 current ops/sec; [INSERT AverageLatency(us)=14.12] [READ AverageLatency(us)=1146.07] 
2014-07-11 00:29:31:857 2410 sec: 44213815 operations; 17535.8 current ops/sec; [INSERT AverageLatency(us)=13.95] [READ AverageLatency(us)=1257.41] 
2014-07-11 00:29:41:858 2420 sec: 44390498 operations; 17666.53 current ops/sec; [INSERT AverageLatency(us)=13.28] [READ AverageLatency(us)=1249.16] 
2014-07-11 00:29:51:858 2430 sec: 44593568 operations; 20307 current ops/sec; [INSERT AverageLatency(us)=12.71] [READ AverageLatency(us)=1089.25] 
2014-07-11 00:30:01:859 2440 sec: 44795960 operations; 20237.18 current ops/sec; [INSERT AverageLatency(us)=12.25] [READ AverageLatency(us)=1091.8] 
2014-07-11 00:30:11:859 2450 sec: 44985910 operations; 18995 current ops/sec; [INSERT AverageLatency(us)=13.49] [READ AverageLatency(us)=1163.99] 
2014-07-11 00:30:21:860 2460 sec: 45160808 operations; 17488.05 current ops/sec; [INSERT AverageLatency(us)=14.6] [READ AverageLatency(us)=1259.12] 
2014-07-11 00:30:31:860 2470 sec: 45349758 operations; 18895 current ops/sec; [INSERT AverageLatency(us)=13.44] [READ AverageLatency(us)=1173.09] 
2014-07-11 00:30:41:861 2480 sec: 45549711 operations; 19993.3 current ops/sec; [INSERT AverageLatency(us)=12.72] [READ AverageLatency(us)=1103.35] 
2014-07-11 00:30:51:861 2490 sec: 45752982 operations; 20327.1 current ops/sec; [INSERT AverageLatency(us)=13.35] [READ AverageLatency(us)=1085.59] 
2014-07-11 00:31:01:862 2500 sec: 45942893 operations; 18989.2 current ops/sec; [INSERT AverageLatency(us)=13.43] [READ AverageLatency(us)=1162.43] 
2014-07-11 00:31:11:862 2510 sec: 46118060 operations; 17516.7 current ops/sec; [INSERT AverageLatency(us)=14.2] [READ AverageLatency(us)=1254.91] 
2014-07-11 00:31:21:863 2520 sec: 46305487 operations; 18740.83 current ops/sec; [INSERT AverageLatency(us)=13.44] [READ AverageLatency(us)=1185.15] 
2014-07-11 00:31:31:863 2530 sec: 46507708 operations; 20222.1 current ops/sec; [INSERT AverageLatency(us)=12.11] [READ AverageLatency(us)=1092.62] 
2014-07-11 00:31:41:864 2540 sec: 46710179 operations; 20245.08 current ops/sec; [INSERT AverageLatency(us)=12.63] [READ AverageLatency(us)=1091.27] 
2014-07-11 00:31:51:864 2550 sec: 46893242 operations; 18306.3 current ops/sec; [INSERT AverageLatency(us)=14.09] [READ AverageLatency(us)=1205.99] 
2014-07-11 00:32:01:864 2560 sec: 47054716 operations; 16147.4 current ops/sec; [INSERT AverageLatency(us)=15.76] [READ AverageLatency(us)=1369.27] 
2014-07-11 00:32:11:865 2570 sec: 47212101 operations; 15736.93 current ops/sec; [INSERT AverageLatency(us)=13.19] [READ AverageLatency(us)=1405.79] 
2014-07-11 00:32:21:865 2580 sec: 47399525 operations; 18742.4 current ops/sec; [INSERT AverageLatency(us)=12.26] [READ AverageLatency(us)=1179.44] 
2014-07-11 00:32:31:866 2590 sec: 47573806 operations; 17426.36 current ops/sec; [INSERT AverageLatency(us)=13.04] [READ AverageLatency(us)=1268.24] 
2014-07-11 00:32:41:866 2600 sec: 47756453 operations; 18264.7 current ops/sec; [INSERT AverageLatency(us)=13.31] [READ AverageLatency(us)=1209.9] 
2014-07-11 00:32:51:867 2610 sec: 47913590 operations; 15712.13 current ops/sec; [INSERT AverageLatency(us)=15.04] [READ AverageLatency(us)=1405.03] 
2014-07-11 00:33:01:867 2620 sec: 48012994 operations; 9940.4 current ops/sec; [INSERT AverageLatency(us)=15.12] [READ AverageLatency(us)=2225.46] 
2014-07-11 00:33:11:868 2630 sec: 48157647 operations; 14463.85 current ops/sec; [INSERT AverageLatency(us)=12.79] [READ AverageLatency(us)=1528.71] 
2014-07-11 00:33:21:868 2640 sec: 48326538 operations; 16889.1 current ops/sec; [INSERT AverageLatency(us)=12.92] [READ AverageLatency(us)=1309.68] 
2014-07-11 00:33:31:869 2650 sec: 48489045 operations; 16249.08 current ops/sec; [INSERT AverageLatency(us)=13.77] [READ AverageLatency(us)=1358.96] 
2014-07-11 00:33:41:869 2660 sec: 48650513 operations; 16146.8 current ops/sec; [INSERT AverageLatency(us)=12.6] [READ AverageLatency(us)=1369.57] 
2014-07-11 00:33:51:870 2670 sec: 48797124 operations; 14659.63 current ops/sec; [INSERT AverageLatency(us)=15.85] [READ AverageLatency(us)=1508.66] 
2014-07-11 00:34:01:870 2680 sec: 48946980 operations; 14985.6 current ops/sec; [INSERT AverageLatency(us)=14.52] [READ AverageLatency(us)=1476.74] 
2014-07-11 00:34:11:871 2690 sec: 49121688 operations; 17470.8 current ops/sec; [INSERT AverageLatency(us)=13.17] [READ AverageLatency(us)=1265.53] 
2014-07-11 00:34:21:871 2700 sec: 49301625 operations; 17991.9 current ops/sec; [INSERT AverageLatency(us)=12.97] [READ AverageLatency(us)=1227.28] 
2014-07-11 00:34:31:871 2710 sec: 49455666 operations; 15404.1 current ops/sec; [INSERT AverageLatency(us)=12.65] [READ AverageLatency(us)=1435.31] 
2014-07-11 00:34:41:872 2720 sec: 49619053 operations; 16337.07 current ops/sec; [INSERT AverageLatency(us)=12.95] [READ AverageLatency(us)=1351.37] 
2014-07-11 00:34:51:872 2730 sec: 49772280 operations; 15322.7 current ops/sec; [INSERT AverageLatency(us)=15.24] [READ AverageLatency(us)=1433.96] 
2014-07-11 00:35:01:873 2740 sec: 49919812 operations; 14751.72 current ops/sec; [INSERT AverageLatency(us)=15.67] [READ AverageLatency(us)=1507.34] 
2014-07-11 00:35:09:075 2747 sec: 50000000 operations; 11134.13 current ops/sec; [UPDATE AverageLatency(us)=90226.15] [INSERT AverageLatency(us)=22.29] [READ AverageLatency(us)=1304.7] [CLEANUP AverageLatency(us)=90341.05] 
+ echo 'end time:'
end time:
++ date +%s
+ echo 1405064109
1405064109
+ echo 'sleeping for 10 sec ...'
sleeping for 10 sec ...
+ sleep 10
+ false
+ false
+ false
+ false
+ let counter=1+1
+ read line
+ set +x
