----------------------------------------------------------
selfdapql AM_FILE_POINTER in begining: 0
selfdapql filelengh: 370421
log_evicted_initial: 0
log_evicted_last: 0
log_evicted_count: 0
storeFileSize: 0.12836686
selfdapql AM_FILE_POINTER in end: 370421
selfdapql RS_FILE_POINTER in begining: 0
selfdapql rs_filelengh: 474590
selfdapql blocking update blocking_updates_count: 0
selfdapql blocking update avg total_blocking_time: 0.0
selfdapql RS_FILE_POINTER in end: 474590
selfdapql DN_FILE_POINTER in begining: 0
selfdapql dn_filelength: 92083
selfdapql total operation time: 29427.0
selfdapql total # operations: 650
selfdapql dfs avg read time: 45.27231
selfdapql DN_FILE_POINTER in end: 92083
read proportion = 0.01
write_proportion = 0.99
selfdapql blockedFlushCount: 0
selfdapql unblockedFlushCount: 0
selfdapql evictCount: 0
selfdapql No Tuning
----------------------------------------------------------
selfdapql AM_FILE_POINTER in begining: 370421
selfdapql filelengh: 1165557
log_evicted_initial: 0
log_evicted_last: 0
log_evicted_count: 0
storeFileSize: 1.3361899
selfdapql AM_FILE_POINTER in end: 1165557
selfdapql RS_FILE_POINTER in begining: 474590
selfdapql rs_filelengh: 1153810
selfdapql blocking update blocking_updates_count: 94
selfdapql blocking update avg total_blocking_time: 32523.33
selfdapql RS_FILE_POINTER in end: 1153810
selfdapql DN_FILE_POINTER in begining: 92083
selfdapql dn_filelength: 144568
selfdapql total operation time: 47014.0
selfdapql total # operations: 3402
selfdapql dfs avg read time: 13.819518
selfdapql DN_FILE_POINTER in end: 144568
read proportion = 0.01
write_proportion = 0.99
selfdapql blockedFlushCount: 0
selfdapql unblockedFlushCount: 0
selfdapql evictCount: 0
selfdapql current cache size: 4.8
selfdapql data size: 1.3361899
selfdapql cache-data ratio: 0.898076
selfdapql probability ratio: 0.999892079021657
selfdapql pc by pm ratio: 4.291566076992382E-6
selfdapql pc_by_pm * am_blockCacheEvictionCount: 0.0
selfdapql rslog_blocking_updates_count: 94
selfdapql newBlockCacheSize: 0.35
selfdapql newMemstoreSize: 0.45000002
----------------------------------------------------------
selfdapql AM_FILE_POINTER in begining: 1165557
selfdapql filelengh: 1762966
log_evicted_initial: 0
log_evicted_last: 0
log_evicted_count: 0
storeFileSize: 2.3303144
selfdapql AM_FILE_POINTER in end: 1762966
selfdapql RS_FILE_POINTER in begining: 1153810
selfdapql rs_filelengh: 1786279
selfdapql blocking update blocking_updates_count: 60
selfdapql blocking update avg total_blocking_time: 16032.866
selfdapql RS_FILE_POINTER in end: 1786279
selfdapql DN_FILE_POINTER in begining: 144568
selfdapql dn_filelength: 197303
selfdapql total operation time: 81842.0
selfdapql total # operations: 3459
selfdapql dfs avg read time: 23.660595
selfdapql DN_FILE_POINTER in end: 197303
read proportion = 0.01
write_proportion = 0.99
selfdapql blockedFlushCount: 0
selfdapql unblockedFlushCount: 0
selfdapql evictCount: 0
selfdapql current cache size: 4.2
selfdapql data size: 2.3303144
selfdapql cache-data ratio: 0.45058295
selfdapql probability ratio: 0.9088811075056772
selfdapql pc by pm ratio: 1.3548348182490516E-5
selfdapql pc_by_pm * am_blockCacheEvictionCount: 0.0
selfdapql rslog_blocking_updates_count: 60
selfdapql newBlockCacheSize: 0.29999998
selfdapql newMemstoreSize: 0.5
----------------------------------------------------------
selfdapql AM_FILE_POINTER in begining: 1762966
selfdapql filelengh: 2360972
log_evicted_initial: 0
log_evicted_last: 1885
log_evicted_count: 1885
storeFileSize: 4.017119
selfdapql AM_FILE_POINTER in end: 2360972
selfdapql RS_FILE_POINTER in begining: 1786279
selfdapql rs_filelengh: 6942579
selfdapql blocking update blocking_updates_count: 80
selfdapql blocking update avg total_blocking_time: 42757.676
selfdapql RS_FILE_POINTER in end: 6942579
selfdapql DN_FILE_POINTER in begining: 197303
selfdapql dn_filelength: 264711
selfdapql total operation time: 888057.0
selfdapql total # operations: 9710
selfdapql dfs avg read time: 91.457985
selfdapql DN_FILE_POINTER in end: 264711
read proportion = 0.01
write_proportion = 0.99
selfdapql blockedFlushCount: 0
selfdapql unblockedFlushCount: 0
selfdapql evictCount: 1885
selfdapql current cache size: 3.6
selfdapql data size: 4.017119
selfdapql cache-data ratio: 0.22404116
selfdapql probability ratio: 0.6374610006227797
selfdapql pc by pm ratio: 1.3772918209429908E-5
selfdapql pc_by_pm * am_blockCacheEvictionCount: 0.025961950824775377
selfdapql rslog_blocking_updates_count: 80
selfdapql newBlockCacheSize: 0.24999999
selfdapql newMemstoreSize: 0.55
----------------------------------------------------------
selfdapql AM_FILE_POINTER in begining: 2360972
selfdapql filelengh: 2960014
log_evicted_initial: 1885
log_evicted_last: 4560
log_evicted_count: 2675
storeFileSize: 5.2951446
selfdapql AM_FILE_POINTER in end: 2960014
selfdapql RS_FILE_POINTER in begining: 6942579
selfdapql rs_filelengh: 11982830
selfdapql blocking update blocking_updates_count: 140
selfdapql blocking update avg total_blocking_time: 16607.986
selfdapql RS_FILE_POINTER in end: 11982830
selfdapql DN_FILE_POINTER in begining: 264711
selfdapql dn_filelength: 305828
selfdapql total operation time: 495845.0
selfdapql total # operations: 7624
selfdapql dfs avg read time: 65.037384
selfdapql DN_FILE_POINTER in end: 305828
read proportion = 0.01
write_proportion = 0.99
selfdapql blockedFlushCount: 0
selfdapql unblockedFlushCount: 0
selfdapql evictCount: 2675
selfdapql current cache size: 2.9999998
selfdapql data size: 5.2951446
selfdapql cache-data ratio: 0.14163919
selfdapql probability ratio: 0.45715035517354774
selfdapql pc by pm ratio: 1.8082977784755527E-5
selfdapql pc_by_pm * am_blockCacheEvictionCount: 0.048371965574221035
selfdapql rslog_blocking_updates_count: 140
selfdapql newBlockCacheSize: 0.19999999
selfdapql newMemstoreSize: 0.6
----------------------------------------------------------
selfdapql AM_FILE_POINTER in begining: 2960014
selfdapql filelengh: 3493092
log_evicted_initial: 7851
log_evicted_last: 7851
log_evicted_count: 0
storeFileSize: 6.3405304
selfdapql AM_FILE_POINTER in end: 3493092
selfdapql RS_FILE_POINTER in begining: 11982830
selfdapql rs_filelengh: 15970797
selfdapql blocking update blocking_updates_count: 80
selfdapql blocking update avg total_blocking_time: 26695.8
selfdapql RS_FILE_POINTER in end: 15970797
selfdapql DN_FILE_POINTER in begining: 305828
selfdapql dn_filelength: 355855
selfdapql total operation time: 606929.0
selfdapql total # operations: 6991
selfdapql dfs avg read time: 86.815765
selfdapql DN_FILE_POINTER in end: 355855
read proportion = 0.01
write_proportion = 0.99
selfdapql blockedFlushCount: 0
selfdapql unblockedFlushCount: 0
selfdapql evictCount: 5176
selfdapql current cache size: 2.3999999
selfdapql data size: 6.3405304
selfdapql cache-data ratio: 0.0946293
selfdapql probability ratio: 0.32809825994697106
selfdapql pc by pm ratio: 1.077765686240253E-5
selfdapql pc_by_pm * am_blockCacheEvictionCount: 0.0
selfdapql rslog_blocking_updates_count: 80
selfdapql newBlockCacheSize: 0.14999999
selfdapql newMemstoreSize: 0.65000004
----------------------------------------------------------
selfdapql AM_FILE_POINTER in begining: 3493092
selfdapql filelengh: 4092689
log_evicted_initial: 7851
log_evicted_last: 15847
log_evicted_count: 7996
storeFileSize: 7.452369
selfdapql AM_FILE_POINTER in end: 4092689
selfdapql RS_FILE_POINTER in begining: 15970797
selfdapql rs_filelengh: 19635715
selfdapql blocking update blocking_updates_count: 40
selfdapql blocking update avg total_blocking_time: 137268.95
selfdapql RS_FILE_POINTER in end: 19635715
selfdapql DN_FILE_POINTER in begining: 355855
selfdapql dn_filelength: 499932
selfdapql total operation time: 1191957.0
selfdapql total # operations: 7645
selfdapql dfs avg read time: 155.91327
selfdapql DN_FILE_POINTER in end: 499932
read proportion = 0.01
write_proportion = 0.99
selfdapql blockedFlushCount: 0
selfdapql unblockedFlushCount: 0
selfdapql evictCount: 10671
selfdapql current cache size: 1.8
selfdapql data size: 7.452369
selfdapql cache-data ratio: 0.06038348
selfdapql probability ratio: 0.22052437193209806
selfdapql pc by pm ratio: 2.530067681031483E-6
selfdapql pc_by_pm * am_blockCacheEvictionCount: 0.020230421177527737
selfdapql rslog_blocking_updates_count: 40
selfdapql newBlockCacheSize: 0.099999994
selfdapql newMemstoreSize: 0.70000005
----------------------------------------------------------
selfdapql AM_FILE_POINTER in begining: 4092689
selfdapql filelengh: 5494191
log_evicted_initial: 15847
log_evicted_last: 28611
log_evicted_count: 12764
storeFileSize: 7.741749
selfdapql AM_FILE_POINTER in end: 5494191
selfdapql RS_FILE_POINTER in begining: 19635715
selfdapql rs_filelengh: 22610020
selfdapql blocking update blocking_updates_count: 40
selfdapql blocking update avg total_blocking_time: 74283.65
selfdapql RS_FILE_POINTER in end: 22610020
selfdapql DN_FILE_POINTER in begining: 499932
selfdapql dn_filelength: 561687
selfdapql total operation time: 1199952.0
selfdapql total # operations: 4057
selfdapql dfs avg read time: 295.77322
selfdapql DN_FILE_POINTER in end: 561687
read proportion = 0.01
write_proportion = 0.99
selfdapql blockedFlushCount: 0
selfdapql unblockedFlushCount: 0
selfdapql evictCount: 17940
selfdapql current cache size: 1.1999999
selfdapql data size: 7.741749
selfdapql cache-data ratio: 0.03875093
selfdapql probability ratio: 0.14622447528185323
selfdapql pc by pm ratio: 5.880990708000777E-6
selfdapql pc_by_pm * am_blockCacheEvictionCount: 0.07506496539692191
selfdapql rslog_blocking_updates_count: 40
selfdapql newBlockCacheSize: 0.049999993
selfdapql newMemstoreSize: 0.75000006
----------------------------------------------------------
selfdapql AM_FILE_POINTER in begining: 5494191
selfdapql filelengh: 6461094
log_evicted_initial: 28611
log_evicted_last: 43403
log_evicted_count: 14792
storeFileSize: 8.18021
selfdapql AM_FILE_POINTER in end: 6461094
selfdapql RS_FILE_POINTER in begining: 22610020
selfdapql rs_filelengh: 26335582
selfdapql blocking update blocking_updates_count: 20
selfdapql blocking update avg total_blocking_time: 324567.44
selfdapql RS_FILE_POINTER in end: 26335582
selfdapql DN_FILE_POINTER in begining: 561687
selfdapql dn_filelength: 611814
selfdapql total operation time: 682227.0
selfdapql total # operations: 2007
selfdapql dfs avg read time: 339.92377
selfdapql DN_FILE_POINTER in end: 611814
read proportion = 0.01
write_proportion = 0.99
selfdapql blockedFlushCount: 0
selfdapql unblockedFlushCount: 0
selfdapql evictCount: 25463
selfdapql current cache size: 0.5999999
selfdapql data size: 8.18021
selfdapql cache-data ratio: 0.018336935
selfdapql probability ratio: 0.07135489382281901
selfdapql pc by pm ratio: 7.548577526255684E-7
selfdapql pc_by_pm * am_blockCacheEvictionCount: 0.011165855876837407
selfdapql rslog_blocking_updates_count: 20
selfdapql newBlockCacheSize: 0.0
selfdapql newMemstoreSize: 0.8
----------------------------------------------------------
selfdapql AM_FILE_POINTER in begining: 6461094
selfdapql filelengh: 7061119
log_evicted_initial: 43403
log_evicted_last: 114466
log_evicted_count: 71063
storeFileSize: 9.189099
selfdapql AM_FILE_POINTER in end: 7061119
selfdapql RS_FILE_POINTER in begining: 26335582
selfdapql rs_filelengh: 38731098
selfdapql blocking update blocking_updates_count: 20
selfdapql blocking update avg total_blocking_time: 177266.05
selfdapql RS_FILE_POINTER in end: 38731098
selfdapql DN_FILE_POINTER in begining: 611814
selfdapql dn_filelength: 688440
selfdapql total operation time: 1741169.0
selfdapql total # operations: 98195
selfdapql dfs avg read time: 17.731749
selfdapql DN_FILE_POINTER in end: 688440
read proportion = 0.01
write_proportion = 0.99
selfdapql blockedFlushCount: 0
selfdapql unblockedFlushCount: 0
selfdapql evictCount: 94475
selfdapql current cache size: 0.0
selfdapql data size: 9.189099
selfdapql cache-data ratio: 0.0
selfdapql probability ratio: 0.0
selfdapql pc by pm ratio: 0.0
selfdapql pc_by_pm * am_blockCacheEvictionCount: 0.0
selfdapql rslog_blocking_updates_count: 20
selfdapql newBlockCacheSize: 0.0
selfdapql newMemstoreSize: 0.8
----------------------------------------------------------
selfdapql AM_FILE_POINTER in begining: 7061119
selfdapql filelengh: 7661642
log_evicted_initial: 123998
log_evicted_last: 168216
log_evicted_count: 44218
storeFileSize: 9.887184
selfdapql AM_FILE_POINTER in end: 7661642
selfdapql RS_FILE_POINTER in begining: 38731098
selfdapql rs_filelengh: 47792571
selfdapql blocking update blocking_updates_count: 34
selfdapql blocking update avg total_blocking_time: 44711.883
selfdapql RS_FILE_POINTER in end: 47792571
selfdapql DN_FILE_POINTER in begining: 688440
selfdapql dn_filelength: 723881
selfdapql total operation time: 517388.0
selfdapql total # operations: 31723
selfdapql dfs avg read time: 16.309555
selfdapql DN_FILE_POINTER in end: 723881
read proportion = 0.01
write_proportion = 0.99
selfdapql blockedFlushCount: 0
selfdapql unblockedFlushCount: 0
selfdapql evictCount: 77035
selfdapql current cache size: 0.0
selfdapql data size: 9.887184
selfdapql cache-data ratio: 0.0
selfdapql probability ratio: 0.0
selfdapql pc by pm ratio: 0.0
selfdapql pc_by_pm * am_blockCacheEvictionCount: 0.0
selfdapql rslog_blocking_updates_count: 34
selfdapql newBlockCacheSize: 0.0
selfdapql newMemstoreSize: 0.8
----------------------------------------------------------
selfdapql AM_FILE_POINTER in begining: 7661642
selfdapql filelengh: 8261998
log_evicted_initial: 174984
log_evicted_last: 228310
log_evicted_count: 53326
storeFileSize: 10.963836
selfdapql AM_FILE_POINTER in end: 8261998
selfdapql RS_FILE_POINTER in begining: 47792571
selfdapql rs_filelengh: 59559163
selfdapql blocking update blocking_updates_count: 27
selfdapql blocking update avg total_blocking_time: 107852.3
selfdapql RS_FILE_POINTER in end: 59559163
selfdapql DN_FILE_POINTER in begining: 723881
selfdapql dn_filelength: 779858
selfdapql total operation time: 1569580.0
selfdapql total # operations: 61390
selfdapql dfs avg read time: 25.567356
selfdapql DN_FILE_POINTER in end: 779858
read proportion = 0.01
write_proportion = 0.99
selfdapql blockedFlushCount: 0
selfdapql unblockedFlushCount: 0
selfdapql evictCount: 159361
selfdapql current cache size: 0.0
selfdapql data size: 10.963836
selfdapql cache-data ratio: 0.0
selfdapql probability ratio: 0.0
selfdapql pc by pm ratio: 0.0
selfdapql pc_by_pm * am_blockCacheEvictionCount: 0.0
selfdapql rslog_blocking_updates_count: 27
selfdapql newBlockCacheSize: 0.0
selfdapql newMemstoreSize: 0.8
----------------------------------------------------------
selfdapql AM_FILE_POINTER in begining: 8261998
selfdapql filelengh: 8862442
log_evicted_initial: 238937
log_evicted_last: 330405
log_evicted_count: 91468
storeFileSize: 12.137736
selfdapql AM_FILE_POINTER in end: 8862442
selfdapql RS_FILE_POINTER in begining: 59559163
selfdapql rs_filelengh: 76817997
selfdapql blocking update blocking_updates_count: 81
selfdapql blocking update avg total_blocking_time: 27101.654
selfdapql RS_FILE_POINTER in end: 76817997
selfdapql DN_FILE_POINTER in begining: 779858
selfdapql dn_filelength: 844653
selfdapql total operation time: 1108168.0
selfdapql total # operations: 85964
selfdapql dfs avg read time: 12.89107
selfdapql DN_FILE_POINTER in end: 844653
read proportion = 0.01
write_proportion = 0.99
selfdapql blockedFlushCount: 0
selfdapql unblockedFlushCount: 0
selfdapql evictCount: 177557
selfdapql current cache size: 0.0
selfdapql data size: 12.137736
selfdapql cache-data ratio: 0.0
selfdapql probability ratio: 0.0
selfdapql pc by pm ratio: 0.0
selfdapql pc_by_pm * am_blockCacheEvictionCount: 0.0
selfdapql rslog_blocking_updates_count: 81
selfdapql newBlockCacheSize: 0.0
selfdapql newMemstoreSize: 0.8
----------------------------------------------------------
selfdapql AM_FILE_POINTER in begining: 8862442
selfdapql filelengh: 9462955
log_evicted_initial: 338520
log_evicted_last: 402665
log_evicted_count: 64145
storeFileSize: 12.890421
selfdapql AM_FILE_POINTER in end: 9462955
selfdapql RS_FILE_POINTER in begining: 76817997
selfdapql rs_filelengh: 88943899
selfdapql blocking update blocking_updates_count: 41
selfdapql blocking update avg total_blocking_time: 74204.29
selfdapql RS_FILE_POINTER in end: 88943899
selfdapql DN_FILE_POINTER in begining: 844653
selfdapql dn_filelength: 883018
selfdapql total operation time: 957307.0
selfdapql total # operations: 56439
selfdapql dfs avg read time: 16.9618
selfdapql DN_FILE_POINTER in end: 883018
read proportion = 0.01
write_proportion = 0.99
selfdapql blockedFlushCount: 0
selfdapql unblockedFlushCount: 0
selfdapql evictCount: 227546
selfdapql current cache size: 0.0
selfdapql data size: 12.890421
selfdapql cache-data ratio: 0.0
selfdapql probability ratio: 0.0
selfdapql pc by pm ratio: 0.0
selfdapql pc_by_pm * am_blockCacheEvictionCount: 0.0
selfdapql rslog_blocking_updates_count: 41
selfdapql newBlockCacheSize: 0.0
selfdapql newMemstoreSize: 0.8
----------------------------------------------------------
selfdapql AM_FILE_POINTER in begining: 9462955
selfdapql filelengh: 9696595
log_evicted_initial: 405103
log_evicted_last: 450880
log_evicted_count: 45777
storeFileSize: 13.598997
selfdapql AM_FILE_POINTER in end: 9696595
selfdapql RS_FILE_POINTER in begining: 88943899
selfdapql rs_filelengh: 97556810
selfdapql blocking update blocking_updates_count: 0
selfdapql blocking update avg total_blocking_time: 0.0
selfdapql RS_FILE_POINTER in end: 97556810
selfdapql DN_FILE_POINTER in begining: 883018
selfdapql dn_filelength: 936039
selfdapql total operation time: 1617407.0
selfdapql total # operations: 42108
selfdapql dfs avg read time: 38.41092
selfdapql DN_FILE_POINTER in end: 936039
read proportion = 0.01
write_proportion = 0.99
selfdapql blockedFlushCount: 0
selfdapql unblockedFlushCount: 0
selfdapql evictCount: 228151
selfdapql current cache size: 0.0
selfdapql data size: 13.598997
selfdapql cache-data ratio: 0.0
selfdapql probability ratio: 0.0
selfdapql pc by pm ratio: NaN
selfdapql pc_by_pm * am_blockCacheEvictionCount: NaN
selfdapql rslog_blocking_updates_count: 0
selfdapql newBlockCacheSize: 0.0
selfdapql newMemstoreSize: 0.8
----------------------------------------------------------
selfdapql AM_FILE_POINTER in begining: 9696595
selfdapql filelengh: 10697626
log_evicted_initial: 455775
log_evicted_last: 516357
log_evicted_count: 60582
storeFileSize: 14.310823
selfdapql AM_FILE_POINTER in end: 10697626
selfdapql RS_FILE_POINTER in begining: 97556810
selfdapql rs_filelengh: 110753138
selfdapql blocking update blocking_updates_count: 18
selfdapql blocking update avg total_blocking_time: 10457.723
selfdapql RS_FILE_POINTER in end: 110753138
selfdapql DN_FILE_POINTER in begining: 936039
selfdapql dn_filelength: 1006872
selfdapql total operation time: 1659997.0
selfdapql total # operations: 79727
selfdapql dfs avg read time: 20.821014
selfdapql DN_FILE_POINTER in end: 1006872
read proportion = 0.01
write_proportion = 0.99
selfdapql blockedFlushCount: 0
selfdapql unblockedFlushCount: 0
selfdapql evictCount: 289114
selfdapql current cache size: 0.0
selfdapql data size: 14.310823
selfdapql cache-data ratio: 0.0
selfdapql probability ratio: 0.0
selfdapql pc by pm ratio: 0.0
selfdapql pc_by_pm * am_blockCacheEvictionCount: 0.0
selfdapql rslog_blocking_updates_count: 18
selfdapql newBlockCacheSize: 0.0
selfdapql newMemstoreSize: 0.8
