memstore flush threshold: 60.0
----------------------------------------------------------
selfdapql AM_FILE_POINTER in begining: 0
selfdapql filelengh: 226712
log_evicted_initial: 0
log_evicted_last: 4
log_evicted_count: 4
storeFileSize: 3.0060299E-5
selfdapql AM_FILE_POINTER in end: 226712
selfdapql RS_FILE_POINTER in begining: 0
selfdapql rs_filelengh: 278406
selfdapql blocking update blocking_updates_count: 0
selfdapql blocking update avg total_blocking_time: 0.0
selfdapql RS_FILE_POINTER in end: 278406
selfdapql DN_FILE_POINTER in begining: 0
selfdapql dn_filelength: 62529
selfdapql total operation time: 156.0
selfdapql total # operations: 26
selfdapql dfs avg read time: 6.0
selfdapql DN_FILE_POINTER in end: 62529
selfdapql newBlockCacheSize: 0.45000002
selfdapql newMemstoreSize: 0.35
memstore flush threshold: 60.0
----------------------------------------------------------
selfdapql AM_FILE_POINTER in begining: 226712
selfdapql filelengh: 447422
log_evicted_initial: 4
log_evicted_last: 6
log_evicted_count: 2
storeFileSize: 3.0060299E-5
selfdapql AM_FILE_POINTER in end: 447422
selfdapql RS_FILE_POINTER in begining: 278406
selfdapql rs_filelengh: 283512
selfdapql blocking update blocking_updates_count: 0
selfdapql blocking update avg total_blocking_time: 0.0
selfdapql RS_FILE_POINTER in end: 283512
selfdapql DN_FILE_POINTER in begining: 62529
selfdapql dn_filelength: 113995
selfdapql total operation time: 3.0
selfdapql total # operations: 2
selfdapql dfs avg read time: 1.5
selfdapql DN_FILE_POINTER in end: 113995
selfdapql newBlockCacheSize: 0.5
selfdapql newMemstoreSize: 0.29999998
memstore flush threshold: 60.0
----------------------------------------------------------
selfdapql AM_FILE_POINTER in begining: 447422
selfdapql filelengh: 667857
log_evicted_initial: 6
log_evicted_last: 6
log_evicted_count: 0
storeFileSize: 3.0060299E-5
selfdapql AM_FILE_POINTER in end: 667857
selfdapql RS_FILE_POINTER in begining: 283512
selfdapql rs_filelengh: 283727
selfdapql blocking update blocking_updates_count: 0
selfdapql blocking update avg total_blocking_time: 0.0
selfdapql RS_FILE_POINTER in end: 283727
selfdapql DN_FILE_POINTER in begining: 113995
selfdapql dn_filelength: 165547
selfdapql total operation time: 0.0
selfdapql total # operations: 0
selfdapql dfs avg read time: 0.0
selfdapql DN_FILE_POINTER in end: 165547
memstore flush threshold: 60.0
----------------------------------------------------------
selfdapql AM_FILE_POINTER in begining: 667857
selfdapql filelengh: 888660
log_evicted_initial: 6
log_evicted_last: 6
log_evicted_count: 0
storeFileSize: 3.0060299E-5
selfdapql AM_FILE_POINTER in end: 888660
selfdapql RS_FILE_POINTER in begining: 283727
selfdapql rs_filelengh: 288618
selfdapql blocking update blocking_updates_count: 0
selfdapql blocking update avg total_blocking_time: 0.0
selfdapql RS_FILE_POINTER in end: 288618
selfdapql DN_FILE_POINTER in begining: 165547
selfdapql dn_filelength: 217155
selfdapql total operation time: 5.0
selfdapql total # operations: 2
selfdapql dfs avg read time: 2.5
selfdapql DN_FILE_POINTER in end: 217155
memstore flush threshold: 60.0
----------------------------------------------------------
selfdapql AM_FILE_POINTER in begining: 888660
selfdapql filelengh: 1109330
log_evicted_initial: 6
log_evicted_last: 6
log_evicted_count: 0
storeFileSize: 3.0060299E-5
selfdapql AM_FILE_POINTER in end: 1109330
selfdapql RS_FILE_POINTER in begining: 288618
selfdapql rs_filelengh: 288901
selfdapql blocking update blocking_updates_count: 0
selfdapql blocking update avg total_blocking_time: 0.0
selfdapql RS_FILE_POINTER in end: 288901
selfdapql DN_FILE_POINTER in begining: 217155
selfdapql dn_filelength: 268739
selfdapql total operation time: 0.0
selfdapql total # operations: 0
selfdapql dfs avg read time: 0.0
selfdapql DN_FILE_POINTER in end: 268739
memstore flush threshold: 60.0
----------------------------------------------------------
selfdapql AM_FILE_POINTER in begining: 1109330
selfdapql filelengh: 1330241
log_evicted_initial: 6
log_evicted_last: 6
log_evicted_count: 0
storeFileSize: 3.0060299E-5
selfdapql AM_FILE_POINTER in end: 1330241
selfdapql RS_FILE_POINTER in begining: 288901
selfdapql rs_filelengh: 293509
selfdapql blocking update blocking_updates_count: 0
selfdapql blocking update avg total_blocking_time: 0.0
selfdapql RS_FILE_POINTER in end: 293509
selfdapql DN_FILE_POINTER in begining: 268739
selfdapql dn_filelength: 320440
selfdapql total operation time: 0.0
selfdapql total # operations: 0
selfdapql dfs avg read time: 0.0
selfdapql DN_FILE_POINTER in end: 320440
memstore flush threshold: 60.0
----------------------------------------------------------
selfdapql AM_FILE_POINTER in begining: 1330241
selfdapql filelengh: 1551036
log_evicted_initial: 6
log_evicted_last: 6
log_evicted_count: 0
storeFileSize: 3.0060299E-5
selfdapql AM_FILE_POINTER in end: 1551036
selfdapql RS_FILE_POINTER in begining: 293509
selfdapql rs_filelengh: 298404
selfdapql blocking update blocking_updates_count: 0
selfdapql blocking update avg total_blocking_time: 0.0
selfdapql RS_FILE_POINTER in end: 298404
selfdapql DN_FILE_POINTER in begining: 320440
selfdapql dn_filelength: 372121
selfdapql total operation time: 5.0
selfdapql total # operations: 2
selfdapql dfs avg read time: 2.5
selfdapql DN_FILE_POINTER in end: 372121
memstore flush threshold: 60.0
----------------------------------------------------------
selfdapql AM_FILE_POINTER in begining: 1551036
selfdapql filelengh: 1771797
log_evicted_initial: 6
log_evicted_last: 6
log_evicted_count: 0
storeFileSize: 3.0060299E-5
selfdapql AM_FILE_POINTER in end: 1771797
selfdapql RS_FILE_POINTER in begining: 298404
selfdapql rs_filelengh: 298404
selfdapql blocking update blocking_updates_count: 0
selfdapql blocking update avg total_blocking_time: 0.0
selfdapql RS_FILE_POINTER in end: 298404
selfdapql DN_FILE_POINTER in begining: 372121
selfdapql dn_filelength: 423751
selfdapql total operation time: 0.0
selfdapql total # operations: 0
selfdapql dfs avg read time: 0.0
selfdapql DN_FILE_POINTER in end: 423751
memstore flush threshold: 60.0
----------------------------------------------------------
selfdapql AM_FILE_POINTER in begining: 1771797
selfdapql filelengh: 1992296
log_evicted_initial: 6
log_evicted_last: 6
log_evicted_count: 0
storeFileSize: 3.0060299E-5
selfdapql AM_FILE_POINTER in end: 1992296
selfdapql RS_FILE_POINTER in begining: 298404
selfdapql rs_filelengh: 303299
selfdapql blocking update blocking_updates_count: 0
selfdapql blocking update avg total_blocking_time: 0.0
selfdapql RS_FILE_POINTER in end: 303299
selfdapql DN_FILE_POINTER in begining: 423751
selfdapql dn_filelength: 475471
selfdapql total operation time: 2.0
selfdapql total # operations: 2
selfdapql dfs avg read time: 1.0
selfdapql DN_FILE_POINTER in end: 475471
memstore flush threshold: 60.0
----------------------------------------------------------
selfdapql AM_FILE_POINTER in begining: 1992296
selfdapql filelengh: 2212754
log_evicted_initial: 6
log_evicted_last: 6
log_evicted_count: 0
storeFileSize: 3.0060299E-5
selfdapql AM_FILE_POINTER in end: 2212754
selfdapql RS_FILE_POINTER in begining: 303299
selfdapql rs_filelengh: 303582
selfdapql blocking update blocking_updates_count: 0
selfdapql blocking update avg total_blocking_time: 0.0
selfdapql RS_FILE_POINTER in end: 303582
selfdapql DN_FILE_POINTER in begining: 475471
selfdapql dn_filelength: 527186
selfdapql total operation time: 0.0
selfdapql total # operations: 0
selfdapql dfs avg read time: 0.0
selfdapql DN_FILE_POINTER in end: 527186
memstore flush threshold: 60.0
----------------------------------------------------------
selfdapql AM_FILE_POINTER in begining: 2212754
selfdapql filelengh: 2433572
log_evicted_initial: 6
log_evicted_last: 6
log_evicted_count: 0
storeFileSize: 3.0060299E-5
selfdapql AM_FILE_POINTER in end: 2433572
selfdapql RS_FILE_POINTER in begining: 303582
selfdapql rs_filelengh: 308194
selfdapql blocking update blocking_updates_count: 0
selfdapql blocking update avg total_blocking_time: 0.0
selfdapql RS_FILE_POINTER in end: 308194
selfdapql DN_FILE_POINTER in begining: 527186
selfdapql dn_filelength: 578816
selfdapql total operation time: 0.0
selfdapql total # operations: 0
selfdapql dfs avg read time: 0.0
selfdapql DN_FILE_POINTER in end: 578816
memstore flush threshold: 60.0
----------------------------------------------------------
selfdapql AM_FILE_POINTER in begining: 2433572
selfdapql filelengh: 2654276
log_evicted_initial: 6
log_evicted_last: 6
log_evicted_count: 0
storeFileSize: 3.0060299E-5
selfdapql AM_FILE_POINTER in end: 2654276
selfdapql RS_FILE_POINTER in begining: 308194
selfdapql rs_filelengh: 313089
selfdapql blocking update blocking_updates_count: 0
selfdapql blocking update avg total_blocking_time: 0.0
selfdapql RS_FILE_POINTER in end: 313089
selfdapql DN_FILE_POINTER in begining: 578816
selfdapql dn_filelength: 630422
selfdapql total operation time: 5.0
selfdapql total # operations: 2
selfdapql dfs avg read time: 2.5
selfdapql DN_FILE_POINTER in end: 630422
