threshold: 0.4
threshold: 500.0
----------------------------------------------------------
selfdapql AM_FILE_POINTER in begining: 0
selfdapql filelengh: 226681
log_evicted_initial: 0
log_evicted_last: 4
log_evicted_count: 4
storeFileSize: 2.2080727E-5
selfdapql AM_FILE_POINTER in end: 226681
selfdapql RS_FILE_POINTER in begining: 0
selfdapql rs_filelengh: 255443
selfdapql blocking update blocking_updates_count: 0
selfdapql blocking update avg total_blocking_time: 0.0
selfdapql RS_FILE_POINTER in end: 255443
selfdapql DN_FILE_POINTER in begining: 0
selfdapql dn_filelength: 62676
selfdapql total operation time: 125.0
selfdapql total # operations: 23
selfdapql dfs avg read time: 5.4347825
selfdapql DN_FILE_POINTER in end: 62676
selfdapql newBlockCacheSize: 0.4
selfdapql newMemstoreSize: 0.4
threshold: 0.4
threshold: 500.0
----------------------------------------------------------
selfdapql AM_FILE_POINTER in begining: 226681
selfdapql filelengh: 447147
log_evicted_initial: 4
log_evicted_last: 6
log_evicted_count: 2
storeFileSize: 2.2080727E-5
selfdapql AM_FILE_POINTER in end: 447147
selfdapql RS_FILE_POINTER in begining: 255443
selfdapql rs_filelengh: 260550
selfdapql blocking update blocking_updates_count: 0
selfdapql blocking update avg total_blocking_time: 0.0
selfdapql RS_FILE_POINTER in end: 260550
selfdapql DN_FILE_POINTER in begining: 62676
selfdapql dn_filelength: 114012
selfdapql total operation time: 4.0
selfdapql total # operations: 2
selfdapql dfs avg read time: 2.0
selfdapql DN_FILE_POINTER in end: 114012
selfdapql newBlockCacheSize: 0.4
selfdapql newMemstoreSize: 0.4
threshold: 0.4
threshold: 500.0
----------------------------------------------------------
selfdapql AM_FILE_POINTER in begining: 447147
selfdapql filelengh: 667500
log_evicted_initial: 6
log_evicted_last: 6
log_evicted_count: 0
storeFileSize: 2.2080727E-5
selfdapql AM_FILE_POINTER in end: 667500
selfdapql RS_FILE_POINTER in begining: 260550
selfdapql rs_filelengh: 260765
selfdapql blocking update blocking_updates_count: 0
selfdapql blocking update avg total_blocking_time: 0.0
selfdapql RS_FILE_POINTER in end: 260765
selfdapql DN_FILE_POINTER in begining: 114012
selfdapql dn_filelength: 165405
selfdapql total operation time: 0.0
selfdapql total # operations: 0
selfdapql dfs avg read time: 0.0
selfdapql DN_FILE_POINTER in end: 165405
selfdapql newBlockCacheSize: 0.4
selfdapql newMemstoreSize: 0.4
threshold: 0.4
threshold: 500.0
----------------------------------------------------------
selfdapql AM_FILE_POINTER in begining: 667500
selfdapql filelengh: 887838
log_evicted_initial: 6
log_evicted_last: 6
log_evicted_count: 0
storeFileSize: 2.2080727E-5
selfdapql AM_FILE_POINTER in end: 887838
selfdapql RS_FILE_POINTER in begining: 260765
selfdapql rs_filelengh: 265872
selfdapql blocking update blocking_updates_count: 0
selfdapql blocking update avg total_blocking_time: 0.0
selfdapql RS_FILE_POINTER in end: 265872
selfdapql DN_FILE_POINTER in begining: 165405
selfdapql dn_filelength: 216751
selfdapql total operation time: 4.0
selfdapql total # operations: 2
selfdapql dfs avg read time: 2.0
selfdapql DN_FILE_POINTER in end: 216751
selfdapql newBlockCacheSize: 0.4
selfdapql newMemstoreSize: 0.4
threshold: 0.4
threshold: 500.0
----------------------------------------------------------
selfdapql AM_FILE_POINTER in begining: 887838
selfdapql filelengh: 1108228
log_evicted_initial: 6
log_evicted_last: 6
log_evicted_count: 0
storeFileSize: 2.2080727E-5
selfdapql AM_FILE_POINTER in end: 1108228
selfdapql RS_FILE_POINTER in begining: 265872
selfdapql rs_filelengh: 266370
selfdapql blocking update blocking_updates_count: 0
selfdapql blocking update avg total_blocking_time: 0.0
selfdapql RS_FILE_POINTER in end: 266370
selfdapql DN_FILE_POINTER in begining: 216751
selfdapql dn_filelength: 268077
selfdapql total operation time: 0.0
selfdapql total # operations: 0
selfdapql dfs avg read time: 0.0
selfdapql DN_FILE_POINTER in end: 268077
selfdapql newBlockCacheSize: 0.4
selfdapql newMemstoreSize: 0.4
threshold: 0.4
threshold: 500.0
----------------------------------------------------------
selfdapql AM_FILE_POINTER in begining: 1108228
selfdapql filelengh: 1328629
log_evicted_initial: 6
log_evicted_last: 6
log_evicted_count: 0
storeFileSize: 2.2080727E-5
selfdapql AM_FILE_POINTER in end: 1328629
selfdapql RS_FILE_POINTER in begining: 266370
selfdapql rs_filelengh: 271194
selfdapql blocking update blocking_updates_count: 0
selfdapql blocking update avg total_blocking_time: 0.0
selfdapql RS_FILE_POINTER in end: 271194
selfdapql DN_FILE_POINTER in begining: 268077
selfdapql dn_filelength: 319528
selfdapql total operation time: 0.0
selfdapql total # operations: 0
selfdapql dfs avg read time: 0.0
selfdapql DN_FILE_POINTER in end: 319528
selfdapql newBlockCacheSize: 0.4
selfdapql newMemstoreSize: 0.4
threshold: 0.4
threshold: 500.0
----------------------------------------------------------
selfdapql AM_FILE_POINTER in begining: 1328629
selfdapql filelengh: 1548771
log_evicted_initial: 6
log_evicted_last: 6
log_evicted_count: 0
storeFileSize: 2.2080727E-5
selfdapql AM_FILE_POINTER in end: 1548771
selfdapql RS_FILE_POINTER in begining: 271194
selfdapql rs_filelengh: 276301
selfdapql blocking update blocking_updates_count: 0
selfdapql blocking update avg total_blocking_time: 0.0
selfdapql RS_FILE_POINTER in end: 276301
selfdapql DN_FILE_POINTER in begining: 319528
selfdapql dn_filelength: 371003
selfdapql total operation time: 3.0
selfdapql total # operations: 2
selfdapql dfs avg read time: 1.5
selfdapql DN_FILE_POINTER in end: 371003
selfdapql newBlockCacheSize: 0.4
selfdapql newMemstoreSize: 0.4
threshold: 0.4
threshold: 500.0
----------------------------------------------------------
selfdapql AM_FILE_POINTER in begining: 1548771
selfdapql filelengh: 1768861
log_evicted_initial: 6
log_evicted_last: 6
log_evicted_count: 0
storeFileSize: 2.2080727E-5
selfdapql AM_FILE_POINTER in end: 1768861
selfdapql RS_FILE_POINTER in begining: 276301
selfdapql rs_filelengh: 276516
selfdapql blocking update blocking_updates_count: 0
selfdapql blocking update avg total_blocking_time: 0.0
selfdapql RS_FILE_POINTER in end: 276516
selfdapql DN_FILE_POINTER in begining: 371003
selfdapql dn_filelength: 422550
selfdapql total operation time: 0.0
selfdapql total # operations: 0
selfdapql dfs avg read time: 0.0
selfdapql DN_FILE_POINTER in end: 422550
selfdapql newBlockCacheSize: 0.4
selfdapql newMemstoreSize: 0.4
threshold: 0.4
threshold: 500.0
----------------------------------------------------------
selfdapql AM_FILE_POINTER in begining: 1768861
selfdapql filelengh: 1989165
log_evicted_initial: 6
log_evicted_last: 6
log_evicted_count: 0
storeFileSize: 2.2080727E-5
selfdapql AM_FILE_POINTER in end: 1989165
selfdapql RS_FILE_POINTER in begining: 276516
selfdapql rs_filelengh: 281627
selfdapql blocking update blocking_updates_count: 0
selfdapql blocking update avg total_blocking_time: 0.0
selfdapql RS_FILE_POINTER in end: 281627
selfdapql DN_FILE_POINTER in begining: 422550
selfdapql dn_filelength: 473962
selfdapql total operation time: 4.0
selfdapql total # operations: 2
selfdapql dfs avg read time: 2.0
selfdapql DN_FILE_POINTER in end: 473962
selfdapql newBlockCacheSize: 0.4
selfdapql newMemstoreSize: 0.4
threshold: 0.4
threshold: 500.0
----------------------------------------------------------
selfdapql AM_FILE_POINTER in begining: 1989165
selfdapql filelengh: 2209331
log_evicted_initial: 6
log_evicted_last: 6
log_evicted_count: 0
storeFileSize: 2.2080727E-5
selfdapql AM_FILE_POINTER in end: 2209331
selfdapql RS_FILE_POINTER in begining: 281627
selfdapql rs_filelengh: 282125
selfdapql blocking update blocking_updates_count: 0
selfdapql blocking update avg total_blocking_time: 0.0
selfdapql RS_FILE_POINTER in end: 282125
selfdapql DN_FILE_POINTER in begining: 473962
selfdapql dn_filelength: 525487
selfdapql total operation time: 0.0
selfdapql total # operations: 0
selfdapql dfs avg read time: 0.0
selfdapql DN_FILE_POINTER in end: 525487
selfdapql newBlockCacheSize: 0.4
selfdapql newMemstoreSize: 0.4
