selfdapql FILE_POINTER in begining: 0
selfdapql filelengh: 43212
selfdapql FILE_POINTER in end: 43212
selfdapql blockedFlushCount: 0
selfdapql unblockedFlushCount: 0
selfdapql evictCount: 0
selfdapql No Tuning
selfdapql FILE_POINTER in begining: 43212
selfdapql filelengh: 79731
selfdapql FILE_POINTER in end: 79731
selfdapql blockedFlushCount: 0
selfdapql unblockedFlushCount: 0
selfdapql evictCount: 0
selfdapql No Tuning
selfdapql FILE_POINTER in begining: 79731
selfdapql filelengh: 116264
selfdapql FILE_POINTER in end: 116264
selfdapql blockedFlushCount: 0
selfdapql unblockedFlushCount: 0
selfdapql evictCount: 0
selfdapql No Tuning
selfdapql FILE_POINTER in begining: 116264
selfdapql filelengh: 152804
selfdapql FILE_POINTER in end: 152804
selfdapql blockedFlushCount: 0
selfdapql unblockedFlushCount: 0
selfdapql evictCount: 0
selfdapql No Tuning
selfdapql FILE_POINTER in begining: 152804
selfdapql filelengh: 189371
selfdapql FILE_POINTER in end: 189371
selfdapql blockedFlushCount: 0
selfdapql unblockedFlushCount: 0
selfdapql evictCount: 0
selfdapql No Tuning
selfdapql FILE_POINTER in begining: 189371
selfdapql filelengh: 226038
selfdapql FILE_POINTER in end: 226038
selfdapql blockedFlushCount: 0
selfdapql unblockedFlushCount: 0
selfdapql evictCount: 0
selfdapql No Tuning
selfdapql FILE_POINTER in begining: 226038
selfdapql filelengh: 262690
selfdapql FILE_POINTER in end: 262690
selfdapql blockedFlushCount: 0
selfdapql unblockedFlushCount: 0
selfdapql evictCount: 0
selfdapql No Tuning
selfdapql FILE_POINTER in begining: 262690
selfdapql filelengh: 299336
selfdapql FILE_POINTER in end: 299336
selfdapql blockedFlushCount: 0
selfdapql unblockedFlushCount: 0
selfdapql evictCount: 0
selfdapql No Tuning
selfdapql FILE_POINTER in begining: 299336
selfdapql filelengh: 335987
selfdapql FILE_POINTER in end: 335987
selfdapql blockedFlushCount: 0
selfdapql unblockedFlushCount: 0
selfdapql evictCount: 0
selfdapql No Tuning
selfdapql FILE_POINTER in begining: 335987
selfdapql filelengh: 372645
selfdapql FILE_POINTER in end: 372645
selfdapql blockedFlushCount: 0
selfdapql unblockedFlushCount: 0
selfdapql evictCount: 0
selfdapql No Tuning
selfdapql FILE_POINTER in begining: 372645
selfdapql filelengh: 409303
selfdapql FILE_POINTER in end: 409303
selfdapql blockedFlushCount: 0
selfdapql unblockedFlushCount: 0
selfdapql evictCount: 0
selfdapql No Tuning
selfdapql FILE_POINTER in begining: 409303
selfdapql filelengh: 445941
selfdapql FILE_POINTER in end: 445941
selfdapql blockedFlushCount: 0
selfdapql unblockedFlushCount: 0
selfdapql evictCount: 4
selfdapql newBlockCacheSize: 0.42000002
selfdapql newMemstoreSize: 0.38
selfdapql FILE_POINTER in begining: 445941
selfdapql filelengh: 482541
selfdapql FILE_POINTER in end: 482541
selfdapql blockedFlushCount: 0
selfdapql unblockedFlushCount: 0
selfdapql evictCount: 0
selfdapql No Tuning
selfdapql FILE_POINTER in begining: 482541
selfdapql filelengh: 519198
selfdapql FILE_POINTER in end: 519198
selfdapql blockedFlushCount: 0
selfdapql unblockedFlushCount: 0
selfdapql evictCount: 4
selfdapql newBlockCacheSize: 0.44000003
selfdapql newMemstoreSize: 0.35999998
selfdapql FILE_POINTER in begining: 519198
selfdapql filelengh: 555844
selfdapql FILE_POINTER in end: 555844
selfdapql blockedFlushCount: 0
selfdapql unblockedFlushCount: 0
selfdapql evictCount: 0
selfdapql No Tuning
selfdapql FILE_POINTER in begining: 555844
selfdapql filelengh: 592552
selfdapql FILE_POINTER in end: 592552
selfdapql blockedFlushCount: 0
selfdapql unblockedFlushCount: 0
selfdapql evictCount: 4
selfdapql newBlockCacheSize: 0.46000004
selfdapql newMemstoreSize: 0.33999997
selfdapql FILE_POINTER in begining: 592552
selfdapql filelengh: 629259
selfdapql FILE_POINTER in end: 629259
selfdapql blockedFlushCount: 0
selfdapql unblockedFlushCount: 0
selfdapql evictCount: 0
selfdapql No Tuning
selfdapql FILE_POINTER in begining: 629259
selfdapql filelengh: 665964
selfdapql FILE_POINTER in end: 665964
selfdapql blockedFlushCount: 0
selfdapql unblockedFlushCount: 0
selfdapql evictCount: 4
selfdapql newBlockCacheSize: 0.48000005
selfdapql newMemstoreSize: 0.31999996
selfdapql FILE_POINTER in begining: 665964
selfdapql filelengh: 702682
selfdapql FILE_POINTER in end: 702682
selfdapql blockedFlushCount: 0
selfdapql unblockedFlushCount: 0
selfdapql evictCount: 0
selfdapql No Tuning
selfdapql FILE_POINTER in begining: 702682
selfdapql filelengh: 739355
selfdapql FILE_POINTER in end: 739355
selfdapql blockedFlushCount: 0
selfdapql unblockedFlushCount: 0
selfdapql evictCount: 4
selfdapql newBlockCacheSize: 0.50000006
selfdapql newMemstoreSize: 0.29999995
selfdapql FILE_POINTER in begining: 739355
selfdapql filelengh: 776062
selfdapql FILE_POINTER in end: 776062
selfdapql blockedFlushCount: 0
selfdapql unblockedFlushCount: 0
selfdapql evictCount: 2
selfdapql newBlockCacheSize: 0.52000004
selfdapql newMemstoreSize: 0.27999994
selfdapql FILE_POINTER in begining: 776062
selfdapql filelengh: 812738
selfdapql FILE_POINTER in end: 812738
selfdapql blockedFlushCount: 0
selfdapql unblockedFlushCount: 0
selfdapql evictCount: 4
selfdapql newBlockCacheSize: 0.54
selfdapql newMemstoreSize: 0.25999993
selfdapql FILE_POINTER in begining: 812738
selfdapql filelengh: 849480
selfdapql FILE_POINTER in end: 849480
selfdapql blockedFlushCount: 0
selfdapql unblockedFlushCount: 0
selfdapql evictCount: 2
selfdapql newBlockCacheSize: 0.56
selfdapql newMemstoreSize: 0.23999994
selfdapql FILE_POINTER in begining: 849480
selfdapql filelengh: 886232
selfdapql FILE_POINTER in end: 886232
selfdapql blockedFlushCount: 0
selfdapql unblockedFlushCount: 0
selfdapql evictCount: 4
selfdapql newBlockCacheSize: 0.58
selfdapql newMemstoreSize: 0.21999994
selfdapql FILE_POINTER in begining: 886232
selfdapql filelengh: 922942
selfdapql FILE_POINTER in end: 922942
selfdapql blockedFlushCount: 0
selfdapql unblockedFlushCount: 0
selfdapql evictCount: 2
selfdapql newBlockCacheSize: 0.59999996
selfdapql newMemstoreSize: 0.19999994
selfdapql FILE_POINTER in begining: 922942
selfdapql filelengh: 959667
selfdapql FILE_POINTER in end: 959667
selfdapql blockedFlushCount: 0
selfdapql unblockedFlushCount: 0
selfdapql evictCount: 4
selfdapql newBlockCacheSize: 0.61999995
selfdapql newMemstoreSize: 0.17999995
selfdapql FILE_POINTER in begining: 959667
selfdapql filelengh: 996393
selfdapql FILE_POINTER in end: 996393
selfdapql blockedFlushCount: 0
selfdapql unblockedFlushCount: 0
selfdapql evictCount: 2
selfdapql newBlockCacheSize: 0.6399999
selfdapql newMemstoreSize: 0.15999995
selfdapql FILE_POINTER in begining: 996393
selfdapql filelengh: 1033122
selfdapql FILE_POINTER in end: 1033122
selfdapql blockedFlushCount: 0
selfdapql unblockedFlushCount: 0
selfdapql evictCount: 4
selfdapql newBlockCacheSize: 0.6599999
selfdapql newMemstoreSize: 0.13999996
selfdapql FILE_POINTER in begining: 1033122
selfdapql filelengh: 1069849
selfdapql FILE_POINTER in end: 1069849
selfdapql blockedFlushCount: 0
selfdapql unblockedFlushCount: 0
selfdapql evictCount: 2
selfdapql newBlockCacheSize: 0.6799999
selfdapql newMemstoreSize: 0.11999996
selfdapql FILE_POINTER in begining: 1069849
selfdapql filelengh: 1106570
selfdapql FILE_POINTER in end: 1106570
selfdapql blockedFlushCount: 0
selfdapql unblockedFlushCount: 0
selfdapql evictCount: 4
selfdapql newBlockCacheSize: 0.69999987
selfdapql newMemstoreSize: 0.099999964
selfdapql FILE_POINTER in begining: 1106570
selfdapql filelengh: 1143226
selfdapql FILE_POINTER in end: 1143226
selfdapql blockedFlushCount: 0
selfdapql unblockedFlushCount: 0
selfdapql evictCount: 2
selfdapql newBlockCacheSize: 0.71999985
selfdapql newMemstoreSize: 0.07999997
selfdapql FILE_POINTER in begining: 1143226
selfdapql filelengh: 1179902
selfdapql FILE_POINTER in end: 1179902
selfdapql blockedFlushCount: 0
selfdapql unblockedFlushCount: 0
selfdapql evictCount: 4
selfdapql newBlockCacheSize: 0.73999983
selfdapql newMemstoreSize: 0.05999997
selfdapql FILE_POINTER in begining: 1179902
selfdapql filelengh: 1216593
selfdapql FILE_POINTER in end: 1216593
selfdapql blockedFlushCount: 0
selfdapql unblockedFlushCount: 0
selfdapql evictCount: 2
selfdapql newBlockCacheSize: 0.7599998
selfdapql newMemstoreSize: 0.03999997
selfdapql FILE_POINTER in begining: 1216593
selfdapql filelengh: 1253236
selfdapql FILE_POINTER in end: 1253236
selfdapql blockedFlushCount: 0
selfdapql unblockedFlushCount: 0
selfdapql evictCount: 4
selfdapql newBlockCacheSize: 0.7799998
selfdapql newMemstoreSize: 0.01999997
selfdapql FILE_POINTER in begining: 1253236
selfdapql filelengh: 1289903
selfdapql FILE_POINTER in end: 1289903
selfdapql blockedFlushCount: 0
selfdapql unblockedFlushCount: 0
selfdapql evictCount: 2
selfdapql newBlockCacheSize: 0.7999998
selfdapql newMemstoreSize: 0.0
