+ filename=case397
+ requestdistribution=
+ RESULT_DIR=/home/hadoop/git/physical_design/caseresult/case397
+ TEN=10
+ SIXTY=60
+ SLEEP_TIME=60
+ YCSB_DIR=/home/hadoop/ycsb-0.1.4
+ number_of_operations=25000000
+ number_of_threads=20
+ number_of_records=25000000
+ output_file_suffix=.dat
+ experiment_list_file=/home/hadoop/git/physical_design/case_dir/case397.list
+ clean=false
+ create=false
+ load=false
+ random_read=false
+ workloada=false
+ workloadb=false
+ workloadc=false
+ workloadc1=false
+ scan=false
+ all=false
+ for i in '$@'
+ '[' case397 == all ']'
+ '[' case397 == clean ']'
+ '[' case397 == create ']'
+ '[' case397 == load ']'
+ '[' case397 == random_read ']'
+ '[' case397 == scan ']'
+ '[' case397 == workloada ']'
+ '[' case397 == workloadb ']'
+ '[' case397 == workloadc ']'
+ '[' case397 == workloadc1 ']'
+ '[' case397 == zipfian ']'
+ '[' case397 == uniform ']'
+ for i in '$@'
+ '[' workloada == all ']'
+ '[' workloada == clean ']'
+ '[' workloada == create ']'
+ '[' workloada == load ']'
+ '[' workloada == random_read ']'
+ '[' workloada == scan ']'
+ '[' workloada == workloada ']'
+ workloada=true
+ for i in '$@'
+ '[' zipfian == all ']'
+ '[' zipfian == clean ']'
+ '[' zipfian == create ']'
+ '[' zipfian == load ']'
+ '[' zipfian == random_read ']'
+ '[' zipfian == scan ']'
+ '[' zipfian == workloada ']'
+ '[' zipfian == workloadb ']'
+ '[' zipfian == workloadc ']'
+ '[' zipfian == workloadc1 ']'
+ '[' zipfian == zipfian ']'
+ requestdistribution=zipfian
+ let counter=1
+ cd /home/hadoop/ycsb-0.1.4
++ pwd
+ echo /home/hadoop/ycsb-0.1.4
/home/hadoop/ycsb-0.1.4
+ read line
+ false
+ false
+ false
+ false
+ false
+ false
+ false
+ false
+ false
+ false
+ false
+ true
+ echo workloada...
workloada...
+ echo 'start time: '
start time: 
++ date +%s
+ echo 1407988802
1407988802
++ echo /home/hadoop/git/physical_design/caseresult/case397/workloada_1.dat
+ ./workloada 25000000 20 /home/hadoop/git/physical_design/caseresult/case397/workloada_1.dat zipfian
Loading workload...
Starting test.
2014-08-13 21:00:02:990 0 sec: 0 operations; 
14/08/13 21:00:03 INFO zookeeper.ZooKeeper: Client environment:zookeeper.version=3.4.6-1569965, built on 02/20/2014 09:09 GMT
14/08/13 21:00:03 INFO zookeeper.ZooKeeper: Client environment:host.name=sceplus-vm43.almaden.ibm.com
14/08/13 21:00:03 INFO zookeeper.ZooKeeper: Client environment:java.version=1.6.0_31
14/08/13 21:00:03 INFO zookeeper.ZooKeeper: Client environment:java.vendor=Sun Microsystems Inc.
14/08/13 21:00:03 INFO zookeeper.ZooKeeper: Client environment:java.home=/usr/lib/jvm/java-6-openjdk-amd64/jre
14/08/13 21:00:03 INFO zookeeper.ZooKeeper: Client environment:java.class.path=/home/hadoop/ycsb-0.1.4/hbase-binding/lib/hbase-binding-0.1.4.jar:/home/hadoop/ycsb-0.1.4/hbase-binding/conf:/home/hadoop/ycsb-0.1.4/core/lib/core-0.1.4.jar:/home/hadoop/ycsb-0.1.4/jdbc-binding/conf
14/08/13 21:00:03 INFO zookeeper.ZooKeeper: Client environment:java.library.path=/usr/lib/jvm/java-6-openjdk-amd64/jre/lib/amd64/server:/usr/lib/jvm/java-6-openjdk-amd64/jre/lib/amd64:/usr/lib/jvm/java-6-openjdk-amd64/jre/../lib/amd64:/usr/java/packages/lib/amd64:/usr/lib/jni:/lib:/usr/lib
14/08/13 21:00:03 INFO zookeeper.ZooKeeper: Client environment:java.io.tmpdir=/tmp
14/08/13 21:00:03 INFO zookeeper.ZooKeeper: Client environment:java.compiler=<NA>
14/08/13 21:00:03 INFO zookeeper.ZooKeeper: Client environment:os.name=Linux
14/08/13 21:00:03 INFO zookeeper.ZooKeeper: Client environment:os.arch=amd64
14/08/13 21:00:03 INFO zookeeper.ZooKeeper: Client environment:os.version=3.13.0-24-generic
14/08/13 21:00:03 INFO zookeeper.ZooKeeper: Client environment:user.name=hadoop
14/08/13 21:00:03 INFO zookeeper.ZooKeeper: Client environment:user.home=/home/hadoop
14/08/13 21:00:03 INFO zookeeper.ZooKeeper: Client environment:user.dir=/home/hadoop/ycsb-0.1.4
14/08/13 21:00:03 INFO zookeeper.ZooKeeper: Initiating client connection, connectString=sceplus-vm49.almaden.ibm.com:2181,sceplus-vm48.almaden.ibm.com:2181 sessionTimeout=90000 watcher=hconnection-0x203822fc, quorum=sceplus-vm49.almaden.ibm.com:2181,sceplus-vm48.almaden.ibm.com:2181, baseZNode=/hbase
14/08/13 21:00:03 INFO zookeeper.RecoverableZooKeeper: Process identifier=hconnection-0x203822fc connecting to ZooKeeper ensemble=sceplus-vm49.almaden.ibm.com:2181,sceplus-vm48.almaden.ibm.com:2181
14/08/13 21:00:03 INFO zookeeper.ClientCnxn: Opening socket connection to server slave1/9.1.143.59:2181. Will not attempt to authenticate using SASL (unknown error)
14/08/13 21:00:03 INFO zookeeper.ClientCnxn: Socket connection established to slave1/9.1.143.59:2181, initiating session
14/08/13 21:00:03 INFO zookeeper.ClientCnxn: Session establishment complete on server slave1/9.1.143.59:2181, sessionid = 0x147d43fd5d4000c, negotiated timeout = 90000
14/08/13 21:00:03 WARN util.DynamicClassLoader: Failed to identify the fs of dir hdfs://master:54310/hbase/lib, ignored
org.apache.hadoop.ipc.RemoteException: Server IPC version 9 cannot communicate with client version 4
	at org.apache.hadoop.ipc.Client.call(Client.java:1113)
	at org.apache.hadoop.ipc.RPC$Invoker.invoke(RPC.java:229)
	at com.sun.proxy.$Proxy5.getProtocolVersion(Unknown Source)
	at sun.reflect.NativeMethodAccessorImpl.invoke0(Native Method)
	at sun.reflect.NativeMethodAccessorImpl.invoke(NativeMethodAccessorImpl.java:57)
	at sun.reflect.DelegatingMethodAccessorImpl.invoke(DelegatingMethodAccessorImpl.java:43)
	at java.lang.reflect.Method.invoke(Method.java:622)
	at org.apache.hadoop.io.retry.RetryInvocationHandler.invokeMethod(RetryInvocationHandler.java:85)
	at org.apache.hadoop.io.retry.RetryInvocationHandler.invoke(RetryInvocationHandler.java:62)
	at com.sun.proxy.$Proxy5.getProtocolVersion(Unknown Source)
	at org.apache.hadoop.ipc.RPC.checkVersion(RPC.java:422)
	at org.apache.hadoop.hdfs.DFSClient.createNamenode(DFSClient.java:183)
	at org.apache.hadoop.hdfs.DFSClient.<init>(DFSClient.java:281)
	at org.apache.hadoop.hdfs.DFSClient.<init>(DFSClient.java:245)
	at org.apache.hadoop.hdfs.DistributedFileSystem.initialize(DistributedFileSystem.java:100)
	at org.apache.hadoop.fs.FileSystem.createFileSystem(FileSystem.java:1446)
	at org.apache.hadoop.fs.FileSystem.access$200(FileSystem.java:67)
	at org.apache.hadoop.fs.FileSystem$Cache.get(FileSystem.java:1464)
	at org.apache.hadoop.fs.FileSystem.get(FileSystem.java:263)
	at org.apache.hadoop.fs.Path.getFileSystem(Path.java:187)
	at org.apache.hadoop.hbase.util.DynamicClassLoader.<init>(DynamicClassLoader.java:104)
	at org.apache.hadoop.hbase.protobuf.ProtobufUtil.<clinit>(ProtobufUtil.java:202)
	at org.apache.hadoop.hbase.ClusterId.parseFrom(ClusterId.java:64)
	at org.apache.hadoop.hbase.zookeeper.ZKClusterId.readClusterIdZNode(ZKClusterId.java:69)
	at org.apache.hadoop.hbase.client.ZooKeeperRegistry.getClusterId(ZooKeeperRegistry.java:83)
	at org.apache.hadoop.hbase.client.HConnectionManager$HConnectionImplementation.retrieveClusterId(HConnectionManager.java:858)
	at org.apache.hadoop.hbase.client.HConnectionManager$HConnectionImplementation.<init>(HConnectionManager.java:663)
	at sun.reflect.NativeConstructorAccessorImpl.newInstance0(Native Method)
	at sun.reflect.NativeConstructorAccessorImpl.newInstance(NativeConstructorAccessorImpl.java:57)
	at sun.reflect.DelegatingConstructorAccessorImpl.newInstance(DelegatingConstructorAccessorImpl.java:45)
	at java.lang.reflect.Constructor.newInstance(Constructor.java:534)
	at org.apache.hadoop.hbase.client.HConnectionManager.createConnection(HConnectionManager.java:415)
	at org.apache.hadoop.hbase.client.HConnectionManager.createConnection(HConnectionManager.java:394)
	at org.apache.hadoop.hbase.client.HConnectionManager.getConnection(HConnectionManager.java:275)
	at org.apache.hadoop.hbase.client.HTable.<init>(HTable.java:197)
	at org.apache.hadoop.hbase.client.HTable.<init>(HTable.java:159)
	at com.yahoo.ycsb.db.HBaseClient.getHTable(HBaseClient.java:118)
	at com.yahoo.ycsb.db.HBaseClient.update(HBaseClient.java:302)
	at com.yahoo.ycsb.db.HBaseClient.insert(HBaseClient.java:357)
	at com.yahoo.ycsb.DBWrapper.insert(DBWrapper.java:148)
	at com.yahoo.ycsb.workloads.CoreWorkload.doTransactionInsert(CoreWorkload.java:639)
	at com.yahoo.ycsb.workloads.CoreWorkload.doTransaction(CoreWorkload.java:487)
	at com.yahoo.ycsb.ClientThread.run(Client.java:241)
2014-08-13 21:00:12:992 10 sec: 14929 operations; 1492.75 current ops/sec; [INSERT AverageLatency(us)=1249.99] [READ AverageLatency(us)=7466.02] 
2014-08-13 21:00:22:993 20 sec: 67384 operations; 5244.98 current ops/sec; [INSERT AverageLatency(us)=20.3] [READ AverageLatency(us)=2644.04] 
2014-08-13 21:00:32:993 30 sec: 142834 operations; 7544.25 current ops/sec; [INSERT AverageLatency(us)=17.85] [READ AverageLatency(us)=2132.04] 
2014-08-13 21:00:42:994 40 sec: 142834 operations; 0 current ops/sec;   
2014-08-13 21:00:52:994 50 sec: 222746 operations; 7991.2 current ops/sec; [INSERT AverageLatency(us)=13.06] [READ AverageLatency(us)=5583.36] 
2014-08-13 21:01:02:995 60 sec: 331165 operations; 10841.9 current ops/sec; [INSERT AverageLatency(us)=14.45] [READ AverageLatency(us)=1873.57] 
2014-08-13 21:01:12:995 70 sec: 445346 operations; 11416.96 current ops/sec; [INSERT AverageLatency(us)=13.2] [READ AverageLatency(us)=1823.08] 
2014-08-13 21:01:22:995 80 sec: 563491 operations; 11814.5 current ops/sec; [INSERT AverageLatency(us)=12.93] [READ AverageLatency(us)=1787.31] 
2014-08-13 21:01:32:996 90 sec: 689493 operations; 12598.94 current ops/sec; [INSERT AverageLatency(us)=13.01] [READ AverageLatency(us)=1691.96] 
2014-08-13 21:01:42:996 100 sec: 810599 operations; 12110.6 current ops/sec; [INSERT AverageLatency(us)=11.87] [READ AverageLatency(us)=1779.79] 
2014-08-13 21:01:52:997 110 sec: 922390 operations; 11177.98 current ops/sec; [INSERT AverageLatency(us)=20.99] [READ AverageLatency(us)=1931.45] 
2014-08-13 21:02:02:997 120 sec: 1014409 operations; 9201.9 current ops/sec; [INSERT AverageLatency(us)=23.65] [READ AverageLatency(us)=2370.81] 
2014-08-13 21:02:12:998 130 sec: 1135234 operations; 12081.29 current ops/sec; [INSERT AverageLatency(us)=13.27] [READ AverageLatency(us)=1796.22] 
2014-08-13 21:02:22:998 140 sec: 1257462 operations; 12222.8 current ops/sec; [INSERT AverageLatency(us)=11.47] [READ AverageLatency(us)=1783.13] 
2014-08-13 21:02:32:999 150 sec: 1381010 operations; 12353.56 current ops/sec; [INSERT AverageLatency(us)=11.38] [READ AverageLatency(us)=1764.09] 
2014-08-13 21:02:42:999 160 sec: 1493291 operations; 11228.1 current ops/sec; [INSERT AverageLatency(us)=11.79] [READ AverageLatency(us)=1947.67] 
2014-08-13 21:02:53:000 170 sec: 1611294 operations; 11799.12 current ops/sec; [INSERT AverageLatency(us)=12.02] [READ AverageLatency(us)=1852.49] 
2014-08-13 21:03:03:000 180 sec: 1723755 operations; 11246.1 current ops/sec; [INSERT AverageLatency(us)=12.58] [READ AverageLatency(us)=1948.73] 
2014-08-13 21:03:13:001 190 sec: 1832202 operations; 10843.62 current ops/sec; [INSERT AverageLatency(us)=12.55] [READ AverageLatency(us)=2022.68] 
2014-08-13 21:03:23:001 200 sec: 1913411 operations; 8120.9 current ops/sec; [INSERT AverageLatency(us)=19.09] [READ AverageLatency(us)=2659.92] 
2014-08-13 21:03:33:002 210 sec: 2010000 operations; 9658.9 current ops/sec; [INSERT AverageLatency(us)=11.69] [READ AverageLatency(us)=2319.4] 
2014-08-13 21:03:43:002 220 sec: 2108976 operations; 9896.61 current ops/sec; [INSERT AverageLatency(us)=11.29] [READ AverageLatency(us)=2223.56] 
2014-08-13 21:03:53:002 230 sec: 2209191 operations; 10021.5 current ops/sec; [INSERT AverageLatency(us)=11.31] [READ AverageLatency(us)=2179.97] 
2014-08-13 21:04:03:003 240 sec: 2303295 operations; 9409.46 current ops/sec; [INSERT AverageLatency(us)=11.48] [READ AverageLatency(us)=2355.95] 
2014-08-13 21:04:13:003 250 sec: 2398865 operations; 9557 current ops/sec; [INSERT AverageLatency(us)=11.59] [READ AverageLatency(us)=2305.13] 
2014-08-13 21:04:23:004 260 sec: 2408534 operations; 966.8 current ops/sec; [INSERT AverageLatency(us)=13.24] [READ AverageLatency(us)=22971.04] 
2014-08-13 21:04:33:004 270 sec: 2506597 operations; 9806.3 current ops/sec; [INSERT AverageLatency(us)=11.98] [READ AverageLatency(us)=2247.5] 
2014-08-13 21:04:43:005 280 sec: 2601642 operations; 9503.55 current ops/sec; [INSERT AverageLatency(us)=12.22] [READ AverageLatency(us)=2320.76] 
2014-08-13 21:04:53:005 290 sec: 2695130 operations; 9348.8 current ops/sec; [INSERT AverageLatency(us)=12.79] [READ AverageLatency(us)=2361.93] 
2014-08-13 21:05:03:006 300 sec: 2787872 operations; 9273.27 current ops/sec; [INSERT AverageLatency(us)=13.46] [READ AverageLatency(us)=2375.63] 
2014-08-13 21:05:13:006 310 sec: 2859851 operations; 7197.9 current ops/sec; [INSERT AverageLatency(us)=20.35] [READ AverageLatency(us)=3023.07] 
2014-08-13 21:05:23:007 320 sec: 2953732 operations; 9387.16 current ops/sec; [INSERT AverageLatency(us)=18.44] [READ AverageLatency(us)=2377.58] 
2014-08-13 21:05:33:007 330 sec: 3060977 operations; 10724.5 current ops/sec; [INSERT AverageLatency(us)=11.37] [READ AverageLatency(us)=2059.52] 
2014-08-13 21:05:43:008 340 sec: 3162876 operations; 10188.88 current ops/sec; [INSERT AverageLatency(us)=13.39] [READ AverageLatency(us)=2166.18] 
2014-08-13 21:05:53:008 350 sec: 3265734 operations; 10285.8 current ops/sec; [INSERT AverageLatency(us)=12.27] [READ AverageLatency(us)=2146.54] 
2014-08-13 21:06:03:009 360 sec: 3363081 operations; 9733.73 current ops/sec; [INSERT AverageLatency(us)=13.43] [READ AverageLatency(us)=2265.83] 
2014-08-13 21:06:13:009 370 sec: 3462393 operations; 9931.2 current ops/sec; [INSERT AverageLatency(us)=12.56] [READ AverageLatency(us)=2223.55] 
2014-08-13 21:06:23:010 380 sec: 3560273 operations; 9787.02 current ops/sec; [INSERT AverageLatency(us)=12.13] [READ AverageLatency(us)=2256.84] 
2014-08-13 21:06:33:010 390 sec: 3657884 operations; 9761.1 current ops/sec; [INSERT AverageLatency(us)=12.02] [READ AverageLatency(us)=2261.23] 
2014-08-13 21:06:43:010 400 sec: 3740808 operations; 8292.4 current ops/sec; [INSERT AverageLatency(us)=14.33] [READ AverageLatency(us)=2663.04] 
2014-08-13 21:06:53:011 410 sec: 3822633 operations; 8181.68 current ops/sec; [INSERT AverageLatency(us)=16.08] [READ AverageLatency(us)=2695.51] 
2014-08-13 21:07:03:011 420 sec: 3915437 operations; 9280.4 current ops/sec; [INSERT AverageLatency(us)=11.39] [READ AverageLatency(us)=2380.23] 
2014-08-13 21:07:13:012 430 sec: 4003955 operations; 8850.91 current ops/sec; [INSERT AverageLatency(us)=11.29] [READ AverageLatency(us)=2498.26] 
2014-08-13 21:07:23:012 440 sec: 4088593 operations; 8463.8 current ops/sec; [INSERT AverageLatency(us)=11.77] [READ AverageLatency(us)=2615.61] 
2014-08-13 21:07:33:013 450 sec: 4180325 operations; 9172.28 current ops/sec; [INSERT AverageLatency(us)=12.37] [READ AverageLatency(us)=2407.67] 
2014-08-13 21:07:43:013 460 sec: 4267435 operations; 8711 current ops/sec; [INSERT AverageLatency(us)=12.82] [READ AverageLatency(us)=2538.61] 
2014-08-13 21:07:53:014 470 sec: 4354319 operations; 8687.53 current ops/sec; [INSERT AverageLatency(us)=12.91] [READ AverageLatency(us)=2544.02] 
2014-08-13 21:08:03:014 480 sec: 4451074 operations; 9675.5 current ops/sec; [INSERT AverageLatency(us)=12.27] [READ AverageLatency(us)=2285.73] 
2014-08-13 21:08:13:015 490 sec: 4539915 operations; 8883.21 current ops/sec; [INSERT AverageLatency(us)=11.95] [READ AverageLatency(us)=2489.02] 
2014-08-13 21:08:23:015 500 sec: 4621678 operations; 8176.3 current ops/sec; [INSERT AverageLatency(us)=12.75] [READ AverageLatency(us)=2704.36] 
2014-08-13 21:08:33:016 510 sec: 4703513 operations; 8182.68 current ops/sec; [INSERT AverageLatency(us)=17.09] [READ AverageLatency(us)=2704.82] 
2014-08-13 21:08:43:016 520 sec: 4775108 operations; 7159.5 current ops/sec; [INSERT AverageLatency(us)=16.76] [READ AverageLatency(us)=3084.03] 
2014-08-13 21:08:53:017 530 sec: 4860258 operations; 8515 current ops/sec; [INSERT AverageLatency(us)=11.88] [READ AverageLatency(us)=2598.61] 
2014-08-13 21:09:03:017 540 sec: 4954216 operations; 9394.86 current ops/sec; [INSERT AverageLatency(us)=11.95] [READ AverageLatency(us)=2351.07] 
2014-08-13 21:09:13:017 550 sec: 5039098 operations; 8488.2 current ops/sec; [INSERT AverageLatency(us)=13.63] [READ AverageLatency(us)=2601.89] 
2014-08-13 21:09:23:018 560 sec: 5127374 operations; 8826.72 current ops/sec; [INSERT AverageLatency(us)=13.66] [READ AverageLatency(us)=2508.12] 
2014-08-13 21:09:33:018 570 sec: 5210369 operations; 8299.5 current ops/sec; [INSERT AverageLatency(us)=12.84] [READ AverageLatency(us)=2667.54] 
2014-08-13 21:09:43:019 580 sec: 5300688 operations; 9031 current ops/sec; [INSERT AverageLatency(us)=12.94] [READ AverageLatency(us)=2447.83] 
2014-08-13 21:09:53:019 590 sec: 5392854 operations; 9216.6 current ops/sec; [INSERT AverageLatency(us)=11.88] [READ AverageLatency(us)=2400.73] 
2014-08-13 21:10:03:020 600 sec: 5475010 operations; 8214.78 current ops/sec; [INSERT AverageLatency(us)=14.38] [READ AverageLatency(us)=2697.82] 
2014-08-13 21:10:13:020 610 sec: 5553339 operations; 7832.9 current ops/sec; [INSERT AverageLatency(us)=15.74] [READ AverageLatency(us)=2826.75] 
2014-08-13 21:10:23:021 620 sec: 5599852 operations; 4650.83 current ops/sec; [INSERT AverageLatency(us)=14.12] [READ AverageLatency(us)=2930.36] 
2014-08-13 21:10:33:033 630 sec: 5622369 operations; 2249 current ops/sec; [INSERT AverageLatency(us)=23.71] [READ AverageLatency(us)=13602.17] 
2014-08-13 21:10:43:033 640 sec: 5694518 operations; 7214.9 current ops/sec; [INSERT AverageLatency(us)=14.97] [READ AverageLatency(us)=3064.57] 
2014-08-13 21:10:53:034 650 sec: 5772414 operations; 7788.82 current ops/sec; [INSERT AverageLatency(us)=11.96] [READ AverageLatency(us)=2844.07] 
2014-08-13 21:11:03:035 660 sec: 5850002 operations; 7758.8 current ops/sec; [INSERT AverageLatency(us)=12.07] [READ AverageLatency(us)=2854.72] 
2014-08-13 21:11:13:035 670 sec: 5931962 operations; 8195.18 current ops/sec; [INSERT AverageLatency(us)=12.48] [READ AverageLatency(us)=2698.51] 
2014-08-13 21:11:23:036 680 sec: 6008363 operations; 7639.34 current ops/sec; [INSERT AverageLatency(us)=12.07] [READ AverageLatency(us)=2891.1] 
2014-08-13 21:11:33:036 690 sec: 6089337 operations; 8097.4 current ops/sec; [INSERT AverageLatency(us)=16.12] [READ AverageLatency(us)=2728.27] 
2014-08-13 21:11:43:037 700 sec: 6169486 operations; 8014.1 current ops/sec; [INSERT AverageLatency(us)=12.03] [READ AverageLatency(us)=2760.32] 
2014-08-13 21:11:53:037 710 sec: 6250507 operations; 8102.1 current ops/sec; [INSERT AverageLatency(us)=12.74] [READ AverageLatency(us)=2733.07] 
2014-08-13 21:12:03:038 720 sec: 6323339 operations; 7282.47 current ops/sec; [INSERT AverageLatency(us)=25.99] [READ AverageLatency(us)=3037.16] 
2014-08-13 21:12:13:039 730 sec: 6398321 operations; 7498.2 current ops/sec; [INSERT AverageLatency(us)=13.35] [READ AverageLatency(us)=2933.58] 
2014-08-13 21:12:23:039 740 sec: 6470151 operations; 7182.28 current ops/sec; [INSERT AverageLatency(us)=14.69] [READ AverageLatency(us)=3105.25] 
2014-08-13 21:12:33:040 750 sec: 6538239 operations; 6808.12 current ops/sec; [INSERT AverageLatency(us)=13.38] [READ AverageLatency(us)=3229.6] 
2014-08-13 21:12:43:040 760 sec: 6596779 operations; 5854 current ops/sec; [INSERT AverageLatency(us)=16.37] [READ AverageLatency(us)=3804.1] 
2014-08-13 21:12:53:041 770 sec: 6663326 operations; 6654.03 current ops/sec; [INSERT AverageLatency(us)=14.4] [READ AverageLatency(us)=3327.89] 
2014-08-13 21:13:03:041 780 sec: 6737382 operations; 7405.6 current ops/sec; [INSERT AverageLatency(us)=11.47] [READ AverageLatency(us)=2989.42] 
2014-08-13 21:13:13:042 790 sec: 6807399 operations; 7001 current ops/sec; [INSERT AverageLatency(us)=13.09] [READ AverageLatency(us)=3166.08] 
2014-08-13 21:13:23:042 800 sec: 6878034 operations; 7063.5 current ops/sec; [INSERT AverageLatency(us)=14.03] [READ AverageLatency(us)=3133.5] 
2014-08-13 21:13:33:043 810 sec: 6947347 operations; 6930.61 current ops/sec; [INSERT AverageLatency(us)=13.05] [READ AverageLatency(us)=3195.67] 
2014-08-13 21:13:43:044 820 sec: 7009437 operations; 6208.38 current ops/sec; [INSERT AverageLatency(us)=14.17] [READ AverageLatency(us)=3573.39] 
2014-08-13 21:13:53:044 830 sec: 7074723 operations; 6528.6 current ops/sec; [INSERT AverageLatency(us)=14.51] [READ AverageLatency(us)=3385.69] 
2014-08-13 21:14:03:045 840 sec: 7141417 operations; 6668.73 current ops/sec; [INSERT AverageLatency(us)=12.84] [READ AverageLatency(us)=3325.68] 
2014-08-13 21:14:13:045 850 sec: 7205643 operations; 6422.6 current ops/sec; [INSERT AverageLatency(us)=13.72] [READ AverageLatency(us)=3447.13] 
2014-08-13 21:14:23:046 860 sec: 7250160 operations; 4451.25 current ops/sec; [INSERT AverageLatency(us)=11.76] [READ AverageLatency(us)=3165.13] 
2014-08-13 21:14:33:047 870 sec: 7274402 operations; 2423.96 current ops/sec; [INSERT AverageLatency(us)=18.86] [READ AverageLatency(us)=12548.57] 
2014-08-13 21:14:43:048 880 sec: 7339612 operations; 6520.35 current ops/sec; [INSERT AverageLatency(us)=13.7] [READ AverageLatency(us)=3362.89] 
2014-08-13 21:14:53:049 890 sec: 7401939 operations; 6232.08 current ops/sec; [INSERT AverageLatency(us)=12.36] [READ AverageLatency(us)=3590.12] 
2014-08-13 21:15:03:050 900 sec: 7460587 operations; 5864.21 current ops/sec; [INSERT AverageLatency(us)=13.49] [READ AverageLatency(us)=3782.89] 
2014-08-13 21:15:13:052 910 sec: 7514470 operations; 5387.22 current ops/sec; [INSERT AverageLatency(us)=19.38] [READ AverageLatency(us)=4092.66] 
2014-08-13 21:15:23:053 920 sec: 7569961 operations; 5548.55 current ops/sec; [INSERT AverageLatency(us)=15.29] [READ AverageLatency(us)=3991.08] 
2014-08-13 21:15:33:054 930 sec: 7625656 operations; 5568.94 current ops/sec; [INSERT AverageLatency(us)=15.96] [READ AverageLatency(us)=4013.81] 
2014-08-13 21:15:43:054 940 sec: 7679142 operations; 5348.6 current ops/sec; [INSERT AverageLatency(us)=12.49] [READ AverageLatency(us)=4156.92] 
2014-08-13 21:15:53:055 950 sec: 7737731 operations; 5858.31 current ops/sec; [INSERT AverageLatency(us)=12.15] [READ AverageLatency(us)=3783.74] 
2014-08-13 21:16:03:055 960 sec: 7796705 operations; 5897.4 current ops/sec; [INSERT AverageLatency(us)=12.03] [READ AverageLatency(us)=3747.32] 
2014-08-13 21:16:13:056 970 sec: 7858276 operations; 6156.48 current ops/sec; [INSERT AverageLatency(us)=12.42] [READ AverageLatency(us)=3591.43] 
2014-08-13 21:16:23:057 980 sec: 7915604 operations; 5732.8 current ops/sec; [INSERT AverageLatency(us)=13.54] [READ AverageLatency(us)=3862.72] 
2014-08-13 21:16:33:057 990 sec: 7969896 operations; 5428.66 current ops/sec; [INSERT AverageLatency(us)=13.97] [READ AverageLatency(us)=4080.01] 
2014-08-13 21:16:43:058 1000 sec: 8024310 operations; 5440.86 current ops/sec; [INSERT AverageLatency(us)=13.66] [READ AverageLatency(us)=4071.23] 
2014-08-13 21:16:53:058 1010 sec: 8075419 operations; 5110.9 current ops/sec; [INSERT AverageLatency(us)=13.77] [READ AverageLatency(us)=4343.34] 
2014-08-13 21:17:03:059 1020 sec: 8133216 operations; 5779.12 current ops/sec; [INSERT AverageLatency(us)=13.32] [READ AverageLatency(us)=3842.43] 
2014-08-13 21:17:13:059 1030 sec: 8188323 operations; 5510.7 current ops/sec; [INSERT AverageLatency(us)=11.95] [READ AverageLatency(us)=4018.34] 
2014-08-13 21:17:23:060 1040 sec: 8245999 operations; 5767.02 current ops/sec; [INSERT AverageLatency(us)=34.13] [READ AverageLatency(us)=3840.04] 
2014-08-13 21:17:33:060 1050 sec: 8298376 operations; 5237.7 current ops/sec; [INSERT AverageLatency(us)=12.94] [READ AverageLatency(us)=4233.74] 
2014-08-13 21:17:43:061 1060 sec: 8352733 operations; 5435.16 current ops/sec; [INSERT AverageLatency(us)=12.41] [READ AverageLatency(us)=4080.35] 
2014-08-13 21:17:53:061 1070 sec: 8400198 operations; 4746.5 current ops/sec; [INSERT AverageLatency(us)=18.08] [READ AverageLatency(us)=4675] 
2014-08-13 21:18:03:062 1080 sec: 8449579 operations; 4937.61 current ops/sec; [INSERT AverageLatency(us)=15.1] [READ AverageLatency(us)=4492.66] 
2014-08-13 21:18:13:063 1090 sec: 8498933 operations; 4934.91 current ops/sec; [INSERT AverageLatency(us)=15.61] [READ AverageLatency(us)=4501.72] 
2014-08-13 21:18:23:063 1100 sec: 8551048 operations; 5211.5 current ops/sec; [INSERT AverageLatency(us)=12.92] [READ AverageLatency(us)=4262.43] 
2014-08-13 21:18:33:064 1110 sec: 8602204 operations; 5115.09 current ops/sec; [INSERT AverageLatency(us)=11.53] [READ AverageLatency(us)=4329.92] 
2014-08-13 21:18:43:064 1120 sec: 8655542 operations; 5333.8 current ops/sec; [INSERT AverageLatency(us)=11.79] [READ AverageLatency(us)=4150.91] 
2014-08-13 21:18:53:065 1130 sec: 8708350 operations; 5280.27 current ops/sec; [INSERT AverageLatency(us)=13.05] [READ AverageLatency(us)=4203.21] 
2014-08-13 21:19:03:065 1140 sec: 8760642 operations; 5229.2 current ops/sec; [INSERT AverageLatency(us)=12.52] [READ AverageLatency(us)=4241.28] 
2014-08-13 21:19:13:066 1150 sec: 8814439 operations; 5379.16 current ops/sec; [INSERT AverageLatency(us)=13.91] [READ AverageLatency(us)=4117.21] 
2014-08-13 21:19:23:067 1160 sec: 8869269 operations; 5483 current ops/sec; [INSERT AverageLatency(us)=13.79] [READ AverageLatency(us)=4035.03] 
2014-08-13 21:19:33:067 1170 sec: 8923313 operations; 5403.86 current ops/sec; [INSERT AverageLatency(us)=14.81] [READ AverageLatency(us)=4103.56] 
2014-08-13 21:19:43:068 1180 sec: 8974731 operations; 5141.29 current ops/sec; [INSERT AverageLatency(us)=11.95] [READ AverageLatency(us)=4315.59] 
2014-08-13 21:19:53:068 1190 sec: 9027524 operations; 5279.3 current ops/sec; [INSERT AverageLatency(us)=13.71] [READ AverageLatency(us)=4199.43] 
2014-08-13 21:20:03:069 1200 sec: 9079997 operations; 5247.3 current ops/sec; [INSERT AverageLatency(us)=13.29] [READ AverageLatency(us)=4229.69] 
2014-08-13 21:20:13:069 1210 sec: 9136300 operations; 5629.74 current ops/sec; [INSERT AverageLatency(us)=12.18] [READ AverageLatency(us)=3939.35] 
2014-08-13 21:20:23:069 1220 sec: 9189584 operations; 5328.4 current ops/sec; [INSERT AverageLatency(us)=13.76] [READ AverageLatency(us)=4164.4] 
2014-08-13 21:20:33:070 1230 sec: 9243842 operations; 5425.26 current ops/sec; [INSERT AverageLatency(us)=12] [READ AverageLatency(us)=4088.6] 
2014-08-13 21:20:43:070 1240 sec: 9297881 operations; 5403.9 current ops/sec; [INSERT AverageLatency(us)=14.95] [READ AverageLatency(us)=4099.34] 
2014-08-13 21:20:53:071 1250 sec: 9347876 operations; 4999 current ops/sec; [INSERT AverageLatency(us)=15.43] [READ AverageLatency(us)=4429.75] 
2014-08-13 21:21:03:071 1260 sec: 9387965 operations; 4008.9 current ops/sec; [INSERT AverageLatency(us)=15.04] [READ AverageLatency(us)=5540.46] 
2014-08-13 21:21:13:072 1270 sec: 9430381 operations; 4241.18 current ops/sec; [INSERT AverageLatency(us)=18.17] [READ AverageLatency(us)=5217.54] 
2014-08-13 21:21:23:072 1280 sec: 9477240 operations; 4685.9 current ops/sec; [INSERT AverageLatency(us)=17.61] [READ AverageLatency(us)=4723.6] 
2014-08-13 21:21:33:073 1290 sec: 9525765 operations; 4852.01 current ops/sec; [INSERT AverageLatency(us)=15.09] [READ AverageLatency(us)=4559.18] 
2014-08-13 21:21:43:073 1300 sec: 9572241 operations; 4647.6 current ops/sec; [INSERT AverageLatency(us)=13.04] [READ AverageLatency(us)=4780.33] 
2014-08-13 21:21:53:074 1310 sec: 9618302 operations; 4605.64 current ops/sec; [INSERT AverageLatency(us)=11.96] [READ AverageLatency(us)=4818.11] 
2014-08-13 21:22:03:074 1320 sec: 9663668 operations; 4536.6 current ops/sec; [INSERT AverageLatency(us)=13.94] [READ AverageLatency(us)=4879.48] 
2014-08-13 21:22:13:075 1330 sec: 9709800 operations; 4612.74 current ops/sec; [INSERT AverageLatency(us)=14.86] [READ AverageLatency(us)=4801.22] 
2014-08-13 21:22:23:075 1340 sec: 9758272 operations; 4847.2 current ops/sec; [INSERT AverageLatency(us)=12.91] [READ AverageLatency(us)=4581.02] 
2014-08-13 21:22:33:076 1350 sec: 9808211 operations; 4993.4 current ops/sec; [INSERT AverageLatency(us)=13.2] [READ AverageLatency(us)=4431.47] 
2014-08-13 21:22:43:076 1360 sec: 9856593 operations; 4838.2 current ops/sec; [INSERT AverageLatency(us)=13.24] [READ AverageLatency(us)=4587.93] 
2014-08-13 21:22:53:077 1370 sec: 9903922 operations; 4732.43 current ops/sec; [INSERT AverageLatency(us)=13.12] [READ AverageLatency(us)=4691.02] 
2014-08-13 21:23:03:077 1380 sec: 9952783 operations; 4886.1 current ops/sec; [INSERT AverageLatency(us)=34.6] [READ AverageLatency(us)=4542.32] 
2014-08-13 21:23:13:078 1390 sec: 10000292 operations; 4750.42 current ops/sec; [INSERT AverageLatency(us)=12.67] [READ AverageLatency(us)=4677.7] 
2014-08-13 21:23:23:078 1400 sec: 10051219 operations; 5092.7 current ops/sec; [INSERT AverageLatency(us)=15.08] [READ AverageLatency(us)=4351.41] 
2014-08-13 21:23:33:079 1410 sec: 10097446 operations; 4622.24 current ops/sec; [INSERT AverageLatency(us)=13.4] [READ AverageLatency(us)=4799.62] 
2014-08-13 21:23:43:079 1420 sec: 10146909 operations; 4946.3 current ops/sec; [INSERT AverageLatency(us)=15.34] [READ AverageLatency(us)=4483.52] 
2014-08-13 21:23:53:080 1430 sec: 10196495 operations; 4958.1 current ops/sec; [INSERT AverageLatency(us)=13.75] [READ AverageLatency(us)=4468.69] 
2014-08-13 21:24:03:080 1440 sec: 10247054 operations; 5055.9 current ops/sec; [INSERT AverageLatency(us)=14.49] [READ AverageLatency(us)=4395.05] 
2014-08-13 21:24:13:081 1450 sec: 10288976 operations; 4191.78 current ops/sec; [INSERT AverageLatency(us)=16.03] [READ AverageLatency(us)=5289.84] 
2014-08-13 21:24:23:081 1460 sec: 10334288 operations; 4531.2 current ops/sec; [INSERT AverageLatency(us)=15.49] [READ AverageLatency(us)=4900.65] 
2014-08-13 21:24:33:082 1470 sec: 10378325 operations; 4403.26 current ops/sec; [INSERT AverageLatency(us)=16.28] [READ AverageLatency(us)=5035.19] 
2014-08-13 21:24:43:082 1480 sec: 10419682 operations; 4135.7 current ops/sec; [INSERT AverageLatency(us)=13.11] [READ AverageLatency(us)=5368.47] 
2014-08-13 21:24:53:083 1490 sec: 10464762 operations; 4507.55 current ops/sec; [INSERT AverageLatency(us)=13.2] [READ AverageLatency(us)=4906.94] 
2014-08-13 21:25:03:083 1500 sec: 10505960 operations; 4119.8 current ops/sec; [INSERT AverageLatency(us)=11.69] [READ AverageLatency(us)=5410.81] 
2014-08-13 21:25:13:091 1510 sec: 10553626 operations; 4763.27 current ops/sec; [INSERT AverageLatency(us)=12.57] [READ AverageLatency(us)=4663.29] 
2014-08-13 21:25:23:091 1520 sec: 10596084 operations; 4245.38 current ops/sec; [INSERT AverageLatency(us)=14.52] [READ AverageLatency(us)=5241.19] 
2014-08-13 21:25:33:092 1530 sec: 10638290 operations; 4220.18 current ops/sec; [INSERT AverageLatency(us)=13.53] [READ AverageLatency(us)=4980.91] 
2014-08-13 21:25:43:092 1540 sec: 10682923 operations; 4463.3 current ops/sec; [INSERT AverageLatency(us)=14.91] [READ AverageLatency(us)=5227.71] 
2014-08-13 21:25:53:093 1550 sec: 10725479 operations; 4255.17 current ops/sec; [INSERT AverageLatency(us)=34.21] [READ AverageLatency(us)=5215.88] 
2014-08-13 21:26:03:093 1560 sec: 10772568 operations; 4708.9 current ops/sec; [INSERT AverageLatency(us)=13.61] [READ AverageLatency(us)=4572.36] 
2014-08-13 21:26:13:094 1570 sec: 10817865 operations; 4529.25 current ops/sec; [INSERT AverageLatency(us)=12.93] [READ AverageLatency(us)=4911.28] 
2014-08-13 21:26:23:094 1580 sec: 10864556 operations; 4669.1 current ops/sec; [INSERT AverageLatency(us)=12.1] [READ AverageLatency(us)=4865.01] 
2014-08-13 21:26:33:095 1590 sec: 10912112 operations; 4755.12 current ops/sec; [INSERT AverageLatency(us)=13.08] [READ AverageLatency(us)=4663.42] 
2014-08-13 21:26:43:095 1600 sec: 10959806 operations; 4769.4 current ops/sec; [INSERT AverageLatency(us)=14.4] [READ AverageLatency(us)=4644.85] 
2014-08-13 21:26:53:096 1610 sec: 11006072 operations; 4626.14 current ops/sec; [INSERT AverageLatency(us)=36.19] [READ AverageLatency(us)=4775.28] 
2014-08-13 21:27:03:096 1620 sec: 11051109 operations; 4503.7 current ops/sec; [INSERT AverageLatency(us)=14.37] [READ AverageLatency(us)=4950.15] 
2014-08-13 21:27:13:097 1630 sec: 11096254 operations; 4514.05 current ops/sec; [INSERT AverageLatency(us)=13.15] [READ AverageLatency(us)=4919.59] 
2014-08-13 21:27:23:098 1640 sec: 11142452 operations; 4619.34 current ops/sec; [INSERT AverageLatency(us)=12.82] [READ AverageLatency(us)=4810.77] 
2014-08-13 21:27:33:098 1650 sec: 11188320 operations; 4586.8 current ops/sec; [INSERT AverageLatency(us)=14.29] [READ AverageLatency(us)=4826.26] 
2014-08-13 21:27:43:099 1660 sec: 11231802 operations; 4347.77 current ops/sec; [INSERT AverageLatency(us)=15.95] [READ AverageLatency(us)=5049.68] 
2014-08-13 21:27:53:099 1670 sec: 11272816 operations; 4101.4 current ops/sec; [INSERT AverageLatency(us)=19.32] [READ AverageLatency(us)=5465] 
2014-08-13 21:28:03:100 1680 sec: 11313203 operations; 4038.3 current ops/sec; [INSERT AverageLatency(us)=13.81] [READ AverageLatency(us)=5481.98] 
2014-08-13 21:28:13:100 1690 sec: 11358824 operations; 4562.1 current ops/sec; [INSERT AverageLatency(us)=13.91] [READ AverageLatency(us)=4858.44] 
2014-08-13 21:28:23:101 1700 sec: 11395239 operations; 3641.14 current ops/sec; [INSERT AverageLatency(us)=14.7] [READ AverageLatency(us)=6063.54] 
2014-08-13 21:28:33:102 1710 sec: 11434651 operations; 3940.81 current ops/sec; [INSERT AverageLatency(us)=11.87] [READ AverageLatency(us)=5646.43] 
2014-08-13 21:28:43:102 1720 sec: 11472658 operations; 3800.7 current ops/sec; [INSERT AverageLatency(us)=13.9] [READ AverageLatency(us)=5848.21] 
2014-08-13 21:28:53:103 1730 sec: 11515835 operations; 4317.27 current ops/sec; [INSERT AverageLatency(us)=12.22] [READ AverageLatency(us)=5149.84] 
2014-08-13 21:29:03:103 1740 sec: 11556733 operations; 4089.8 current ops/sec; [INSERT AverageLatency(us)=14.15] [READ AverageLatency(us)=5416.6] 
2014-08-13 21:29:13:104 1750 sec: 11603061 operations; 4632.34 current ops/sec; [INSERT AverageLatency(us)=14.26] [READ AverageLatency(us)=4782.22] 
2014-08-13 21:29:23:104 1760 sec: 11647470 operations; 4440.9 current ops/sec; [INSERT AverageLatency(us)=12.72] [READ AverageLatency(us)=4995.45] 
2014-08-13 21:29:33:105 1770 sec: 11693719 operations; 4624.44 current ops/sec; [INSERT AverageLatency(us)=13.31] [READ AverageLatency(us)=4783.96] 
2014-08-13 21:29:43:106 1780 sec: 11733938 operations; 4021.9 current ops/sec; [INSERT AverageLatency(us)=12.83] [READ AverageLatency(us)=5534.18] 
2014-08-13 21:29:53:106 1790 sec: 11770502 operations; 3656.03 current ops/sec; [INSERT AverageLatency(us)=13.14] [READ AverageLatency(us)=6085.59] 
2014-08-13 21:30:03:107 1800 sec: 11818005 operations; 4749.83 current ops/sec; [INSERT AverageLatency(us)=15.25] [READ AverageLatency(us)=4665.81] 
2014-08-13 21:30:13:107 1810 sec: 11862113 operations; 4410.8 current ops/sec; [INSERT AverageLatency(us)=14.45] [READ AverageLatency(us)=5027.5] 
2014-08-13 21:30:23:108 1820 sec: 11895721 operations; 3360.46 current ops/sec; [INSERT AverageLatency(us)=14.6] [READ AverageLatency(us)=6593.99] 
2014-08-13 21:30:33:109 1830 sec: 11936940 operations; 4121.9 current ops/sec; [INSERT AverageLatency(us)=13.74] [READ AverageLatency(us)=5396.89] 
2014-08-13 21:30:43:109 1840 sec: 11977706 operations; 4076.19 current ops/sec; [INSERT AverageLatency(us)=11.99] [READ AverageLatency(us)=5405.29] 
2014-08-13 21:30:53:110 1850 sec: 12021499 operations; 4378.86 current ops/sec; [INSERT AverageLatency(us)=12.9] [READ AverageLatency(us)=5039.94] 
2014-08-13 21:31:03:110 1860 sec: 12062423 operations; 4092.4 current ops/sec; [INSERT AverageLatency(us)=13.03] [READ AverageLatency(us)=5485.8] 
2014-08-13 21:31:13:111 1870 sec: 12102190 operations; 3976.3 current ops/sec; [INSERT AverageLatency(us)=14.04] [READ AverageLatency(us)=5591.06] 
2014-08-13 21:31:23:112 1880 sec: 12145009 operations; 4281.9 current ops/sec; [INSERT AverageLatency(us)=14.2] [READ AverageLatency(us)=5174.28] 
2014-08-13 21:31:33:112 1890 sec: 12182468 operations; 3745.53 current ops/sec; [INSERT AverageLatency(us)=15.06] [READ AverageLatency(us)=5903.35] 
2014-08-13 21:31:43:113 1900 sec: 12218552 operations; 3608.04 current ops/sec; [INSERT AverageLatency(us)=18.78] [READ AverageLatency(us)=5890.37] 
2014-08-13 21:31:53:114 1910 sec: 12256367 operations; 3781.12 current ops/sec; [INSERT AverageLatency(us)=16.89] [READ AverageLatency(us)=6123.39] 
2014-08-13 21:32:03:115 1920 sec: 12297568 operations; 4119.69 current ops/sec; [INSERT AverageLatency(us)=14.4] [READ AverageLatency(us)=5391.68] 
2014-08-13 21:32:13:116 1930 sec: 12338396 operations; 4082.39 current ops/sec; [INSERT AverageLatency(us)=13.34] [READ AverageLatency(us)=5442.25] 
2014-08-13 21:32:23:117 1940 sec: 12385188 operations; 4678.73 current ops/sec; [INSERT AverageLatency(us)=13.01] [READ AverageLatency(us)=4748.41] 
2014-08-13 21:32:33:118 1950 sec: 12425777 operations; 4058.49 current ops/sec; [INSERT AverageLatency(us)=12.75] [READ AverageLatency(us)=5460.31] 
2014-08-13 21:32:43:119 1960 sec: 12467504 operations; 4172.28 current ops/sec; [INSERT AverageLatency(us)=13.53] [READ AverageLatency(us)=5290.08] 
2014-08-13 21:32:53:120 1970 sec: 12516725 operations; 4921.61 current ops/sec; [INSERT AverageLatency(us)=15.32] [READ AverageLatency(us)=4537.36] 
2014-08-13 21:33:03:121 1980 sec: 12565273 operations; 4854.31 current ops/sec; [INSERT AverageLatency(us)=13.12] [READ AverageLatency(us)=4560.62] 
2014-08-13 21:33:13:122 1990 sec: 12612901 operations; 4762.32 current ops/sec; [INSERT AverageLatency(us)=12.42] [READ AverageLatency(us)=4650.78] 
2014-08-13 21:33:23:123 2000 sec: 12657926 operations; 4502.05 current ops/sec; [INSERT AverageLatency(us)=13.65] [READ AverageLatency(us)=4931.01] 
2014-08-13 21:33:33:125 2010 sec: 12709068 operations; 5113.69 current ops/sec; [INSERT AverageLatency(us)=13.14] [READ AverageLatency(us)=4340.05] 
2014-08-13 21:33:43:126 2020 sec: 12757899 operations; 4882.12 current ops/sec; [INSERT AverageLatency(us)=14.99] [READ AverageLatency(us)=4536.65] 
2014-08-13 21:33:53:127 2030 sec: 12801615 operations; 4371.16 current ops/sec; [INSERT AverageLatency(us)=13.52] [READ AverageLatency(us)=5080.76] 
2014-08-13 21:34:03:127 2040 sec: 12842738 operations; 4112.3 current ops/sec; [INSERT AverageLatency(us)=14.99] [READ AverageLatency(us)=5396.86] 
2014-08-13 21:34:13:128 2050 sec: 12896086 operations; 5334.27 current ops/sec; [INSERT AverageLatency(us)=15.28] [READ AverageLatency(us)=4164.04] 
2014-08-13 21:34:23:128 2060 sec: 12941631 operations; 4554.5 current ops/sec; [INSERT AverageLatency(us)=12.94] [READ AverageLatency(us)=4867.29] 
2014-08-13 21:34:33:129 2070 sec: 12985667 operations; 4403.16 current ops/sec; [INSERT AverageLatency(us)=12.92] [READ AverageLatency(us)=5037.66] 
2014-08-13 21:34:43:130 2080 sec: 13027707 operations; 4203.58 current ops/sec; [INSERT AverageLatency(us)=11.94] [READ AverageLatency(us)=5285.53] 
2014-08-13 21:34:53:130 2090 sec: 13077576 operations; 4986.9 current ops/sec; [INSERT AverageLatency(us)=14.95] [READ AverageLatency(us)=4450.3] 
2014-08-13 21:35:03:131 2100 sec: 13125453 operations; 4787.22 current ops/sec; [INSERT AverageLatency(us)=13.33] [READ AverageLatency(us)=4637.28] 
2014-08-13 21:35:13:131 2110 sec: 13171986 operations; 4653.3 current ops/sec; [INSERT AverageLatency(us)=17.75] [READ AverageLatency(us)=4760.14] 
2014-08-13 21:35:23:132 2120 sec: 13213759 operations; 4176.88 current ops/sec; [INSERT AverageLatency(us)=26.53] [READ AverageLatency(us)=5322.23] 
2014-08-13 21:35:33:132 2130 sec: 13257564 operations; 4380.5 current ops/sec; [INSERT AverageLatency(us)=12.94] [READ AverageLatency(us)=5068.87] 
2014-08-13 21:35:43:133 2140 sec: 13302374 operations; 4480.55 current ops/sec; [INSERT AverageLatency(us)=11.42] [READ AverageLatency(us)=4949.12] 
2014-08-13 21:35:53:134 2150 sec: 13347935 operations; 4555.64 current ops/sec; [INSERT AverageLatency(us)=11.65] [READ AverageLatency(us)=4869.13] 
2014-08-13 21:36:03:134 2160 sec: 13397304 operations; 4936.9 current ops/sec; [INSERT AverageLatency(us)=12.45] [READ AverageLatency(us)=4491.13] 
2014-08-13 21:36:13:136 2170 sec: 13447785 operations; 5047.09 current ops/sec; [INSERT AverageLatency(us)=15.37] [READ AverageLatency(us)=4397.28] 
2014-08-13 21:36:23:137 2180 sec: 13494891 operations; 4710.13 current ops/sec; [INSERT AverageLatency(us)=14.02] [READ AverageLatency(us)=4705.92] 
2014-08-13 21:36:33:137 2190 sec: 13543926 operations; 4903.5 current ops/sec; [INSERT AverageLatency(us)=12.28] [READ AverageLatency(us)=4527.75] 
2014-08-13 21:36:43:138 2200 sec: 13590447 operations; 4651.63 current ops/sec; [INSERT AverageLatency(us)=12.39] [READ AverageLatency(us)=4767.96] 
2014-08-13 21:36:53:138 2210 sec: 13638984 operations; 4853.7 current ops/sec; [INSERT AverageLatency(us)=17.47] [READ AverageLatency(us)=4567.7] 
2014-08-13 21:37:03:139 2220 sec: 13685420 operations; 4643.14 current ops/sec; [INSERT AverageLatency(us)=16.51] [READ AverageLatency(us)=4775.49] 
2014-08-13 21:37:13:139 2230 sec: 13735589 operations; 5016.9 current ops/sec; [INSERT AverageLatency(us)=15.5] [READ AverageLatency(us)=4418.07] 
2014-08-13 21:37:23:140 2240 sec: 13781559 operations; 4596.54 current ops/sec; [INSERT AverageLatency(us)=12.72] [READ AverageLatency(us)=4815.96] 
2014-08-13 21:37:33:141 2250 sec: 13827287 operations; 4572.8 current ops/sec; [INSERT AverageLatency(us)=13.29] [READ AverageLatency(us)=4851.96] 
2014-08-13 21:37:43:141 2260 sec: 13873544 operations; 4625.24 current ops/sec; [INSERT AverageLatency(us)=15.67] [READ AverageLatency(us)=4795.37] 
2014-08-13 21:37:53:142 2270 sec: 13918951 operations; 4540.7 current ops/sec; [INSERT AverageLatency(us)=15.48] [READ AverageLatency(us)=4883.06] 
2014-08-13 21:38:03:142 2280 sec: 13961903 operations; 4294.77 current ops/sec; [INSERT AverageLatency(us)=14.48] [READ AverageLatency(us)=5160.92] 
2014-08-13 21:38:13:143 2290 sec: 14008253 operations; 4635 current ops/sec; [INSERT AverageLatency(us)=14.37] [READ AverageLatency(us)=4765.14] 
2014-08-13 21:38:23:143 2300 sec: 14051536 operations; 4327.87 current ops/sec; [INSERT AverageLatency(us)=12.42] [READ AverageLatency(us)=5165.38] 
2014-08-13 21:38:33:144 2310 sec: 14093070 operations; 4152.98 current ops/sec; [INSERT AverageLatency(us)=16.46] [READ AverageLatency(us)=5336.11] 
2014-08-13 21:38:43:144 2320 sec: 14137577 operations; 4450.7 current ops/sec; [INSERT AverageLatency(us)=18.18] [READ AverageLatency(us)=4943.83] 
2014-08-13 21:38:53:145 2330 sec: 14179803 operations; 4222.18 current ops/sec; [INSERT AverageLatency(us)=15.26] [READ AverageLatency(us)=5298.41] 
2014-08-13 21:39:03:145 2340 sec: 14225521 operations; 4571.8 current ops/sec; [INSERT AverageLatency(us)=12.19] [READ AverageLatency(us)=4852.15] 
2014-08-13 21:39:13:146 2350 sec: 14273539 operations; 4801.32 current ops/sec; [INSERT AverageLatency(us)=13.63] [READ AverageLatency(us)=4636.61] 
2014-08-13 21:39:23:146 2360 sec: 14316044 operations; 4250.5 current ops/sec; [INSERT AverageLatency(us)=11.97] [READ AverageLatency(us)=5219.81] 
2014-08-13 21:39:33:147 2370 sec: 14360375 operations; 4432.66 current ops/sec; [INSERT AverageLatency(us)=12.91] [READ AverageLatency(us)=5002.73] 
2014-08-13 21:39:43:147 2380 sec: 14404848 operations; 4447.3 current ops/sec; [INSERT AverageLatency(us)=13.41] [READ AverageLatency(us)=4988.11] 
2014-08-13 21:39:53:148 2390 sec: 14450849 operations; 4599.64 current ops/sec; [INSERT AverageLatency(us)=14.53] [READ AverageLatency(us)=4824.51] 
2014-08-13 21:40:03:148 2400 sec: 14496009 operations; 4516 current ops/sec; [INSERT AverageLatency(us)=12.7] [READ AverageLatency(us)=4919.68] 
2014-08-13 21:40:13:149 2410 sec: 14543089 operations; 4707.53 current ops/sec; [INSERT AverageLatency(us)=16.55] [READ AverageLatency(us)=4710.76] 
2014-08-13 21:40:23:149 2420 sec: 14592580 operations; 4949.1 current ops/sec; [INSERT AverageLatency(us)=12.03] [READ AverageLatency(us)=4478.9] 
2014-08-13 21:40:33:150 2430 sec: 14641253 operations; 4866.81 current ops/sec; [INSERT AverageLatency(us)=12.65] [READ AverageLatency(us)=4564.62] 
2014-08-13 21:40:43:150 2440 sec: 14690948 operations; 4969.5 current ops/sec; [INSERT AverageLatency(us)=14.29] [READ AverageLatency(us)=4464.1] 
2014-08-13 21:40:53:151 2450 sec: 14736076 operations; 4512.35 current ops/sec; [INSERT AverageLatency(us)=13.2] [READ AverageLatency(us)=4921.05] 
2014-08-13 21:41:03:151 2460 sec: 14782251 operations; 4617.5 current ops/sec; [INSERT AverageLatency(us)=12.73] [READ AverageLatency(us)=4818.94] 
2014-08-13 21:41:13:152 2470 sec: 14834272 operations; 5201.58 current ops/sec; [INSERT AverageLatency(us)=14.51] [READ AverageLatency(us)=4250.06] 
2014-08-13 21:41:23:152 2480 sec: 14885576 operations; 5130.4 current ops/sec; [INSERT AverageLatency(us)=13.22] [READ AverageLatency(us)=4350.87] 
2014-08-13 21:41:33:153 2490 sec: 14931659 operations; 4607.84 current ops/sec; [INSERT AverageLatency(us)=16.14] [READ AverageLatency(us)=4815.04] 
2014-08-13 21:41:43:153 2500 sec: 14976583 operations; 4492.4 current ops/sec; [INSERT AverageLatency(us)=13.97] [READ AverageLatency(us)=4927.41] 
2014-08-13 21:41:53:154 2510 sec: 15020378 operations; 4379.06 current ops/sec; [INSERT AverageLatency(us)=15.41] [READ AverageLatency(us)=5076.7] 
2014-08-13 21:42:03:154 2520 sec: 15065894 operations; 4551.6 current ops/sec; [INSERT AverageLatency(us)=15.63] [READ AverageLatency(us)=4866.94] 
2014-08-13 21:42:13:155 2530 sec: 15111134 operations; 4523.55 current ops/sec; [INSERT AverageLatency(us)=19.84] [READ AverageLatency(us)=4850.2] 
2014-08-13 21:42:23:155 2540 sec: 15151660 operations; 4052.6 current ops/sec; [INSERT AverageLatency(us)=14.69] [READ AverageLatency(us)=5512.93] 
2014-08-13 21:42:33:156 2550 sec: 15200976 operations; 4931.11 current ops/sec; [INSERT AverageLatency(us)=13.31] [READ AverageLatency(us)=4500.04] 
2014-08-13 21:42:43:156 2560 sec: 15248075 operations; 4709.9 current ops/sec; [INSERT AverageLatency(us)=13.18] [READ AverageLatency(us)=4704.92] 
2014-08-13 21:42:53:157 2570 sec: 15294981 operations; 4690.13 current ops/sec; [INSERT AverageLatency(us)=16.19] [READ AverageLatency(us)=4728.32] 
2014-08-13 21:43:03:157 2580 sec: 15340164 operations; 4518.3 current ops/sec; [INSERT AverageLatency(us)=12.67] [READ AverageLatency(us)=4912.52] 
2014-08-13 21:43:13:158 2590 sec: 15386337 operations; 4616.84 current ops/sec; [INSERT AverageLatency(us)=12.63] [READ AverageLatency(us)=4809.55] 
2014-08-13 21:43:23:158 2600 sec: 15434586 operations; 4824.9 current ops/sec; [INSERT AverageLatency(us)=12.19] [READ AverageLatency(us)=4535.84] 
2014-08-13 21:43:33:159 2610 sec: 15483340 operations; 4874.91 current ops/sec; [INSERT AverageLatency(us)=13.22] [READ AverageLatency(us)=4599.85] 
2014-08-13 21:43:43:159 2620 sec: 15523099 operations; 3975.9 current ops/sec; [INSERT AverageLatency(us)=12.99] [READ AverageLatency(us)=5494.31] 
2014-08-13 21:43:53:160 2630 sec: 15569913 operations; 4680.93 current ops/sec; [INSERT AverageLatency(us)=14.42] [READ AverageLatency(us)=4822.96] 
2014-08-13 21:44:03:160 2640 sec: 15615192 operations; 4527.9 current ops/sec; [INSERT AverageLatency(us)=33.84] [READ AverageLatency(us)=4896.88] 
2014-08-13 21:44:13:161 2650 sec: 15662221 operations; 4702.43 current ops/sec; [INSERT AverageLatency(us)=12.78] [READ AverageLatency(us)=4725.73] 
2014-08-13 21:44:23:161 2660 sec: 15709617 operations; 4739.6 current ops/sec; [INSERT AverageLatency(us)=14.11] [READ AverageLatency(us)=4618.03] 
2014-08-13 21:44:33:164 2670 sec: 15754853 operations; 4522.24 current ops/sec; [INSERT AverageLatency(us)=12.25] [READ AverageLatency(us)=4973.18] 
2014-08-13 21:44:43:164 2680 sec: 15796529 operations; 4167.6 current ops/sec; [INSERT AverageLatency(us)=12.7] [READ AverageLatency(us)=5320.77] 
2014-08-13 21:44:53:165 2690 sec: 15843859 operations; 4732.53 current ops/sec; [INSERT AverageLatency(us)=12.71] [READ AverageLatency(us)=4689.66] 
2014-08-13 21:45:03:165 2700 sec: 15886284 operations; 4242.5 current ops/sec; [INSERT AverageLatency(us)=13.85] [READ AverageLatency(us)=5226.93] 
2014-08-13 21:45:13:166 2710 sec: 15931677 operations; 4538.85 current ops/sec; [INSERT AverageLatency(us)=17.21] [READ AverageLatency(us)=4895.04] 
2014-08-13 21:45:23:166 2720 sec: 15973284 operations; 4160.7 current ops/sec; [INSERT AverageLatency(us)=17.53] [READ AverageLatency(us)=5336.25] 
2014-08-13 21:45:33:167 2730 sec: 16013934 operations; 4064.59 current ops/sec; [INSERT AverageLatency(us)=13.06] [READ AverageLatency(us)=5452.86] 
2014-08-13 21:45:43:167 2740 sec: 16050688 operations; 3675.4 current ops/sec; [INSERT AverageLatency(us)=16.49] [READ AverageLatency(us)=6036.89] 
2014-08-13 21:45:53:168 2750 sec: 16089826 operations; 3913.41 current ops/sec; [INSERT AverageLatency(us)=12.42] [READ AverageLatency(us)=5673.42] 
2014-08-13 21:46:03:168 2760 sec: 16129996 operations; 4017 current ops/sec; [INSERT AverageLatency(us)=12.87] [READ AverageLatency(us)=5479.29] 
2014-08-13 21:46:13:169 2770 sec: 16176956 operations; 4695.53 current ops/sec; [INSERT AverageLatency(us)=13.42] [READ AverageLatency(us)=4758.25] 
2014-08-13 21:46:23:170 2780 sec: 16223557 operations; 4660.1 current ops/sec; [INSERT AverageLatency(us)=12.05] [READ AverageLatency(us)=4760.82] 
2014-08-13 21:46:33:170 2790 sec: 16271262 operations; 4770.02 current ops/sec; [INSERT AverageLatency(us)=13.17] [READ AverageLatency(us)=4645.94] 
2014-08-13 21:46:43:171 2800 sec: 16320614 operations; 4934.71 current ops/sec; [INSERT AverageLatency(us)=15.39] [READ AverageLatency(us)=4490.29] 
2014-08-13 21:46:53:171 2810 sec: 16367369 operations; 4675.5 current ops/sec; [INSERT AverageLatency(us)=13.31] [READ AverageLatency(us)=4738.43] 
2014-08-13 21:47:03:172 2820 sec: 16417680 operations; 5030.6 current ops/sec; [INSERT AverageLatency(us)=13.59] [READ AverageLatency(us)=4434.11] 
2014-08-13 21:47:13:173 2830 sec: 16464555 operations; 4687.03 current ops/sec; [INSERT AverageLatency(us)=13.65] [READ AverageLatency(us)=4744.13] 
2014-08-13 21:47:23:174 2840 sec: 16514340 operations; 4978 current ops/sec; [INSERT AverageLatency(us)=13.87] [READ AverageLatency(us)=4460.44] 
2014-08-13 21:47:33:175 2850 sec: 16562636 operations; 4829.12 current ops/sec; [INSERT AverageLatency(us)=15.48] [READ AverageLatency(us)=4594.38] 
2014-08-13 21:47:43:175 2860 sec: 16612583 operations; 4994.7 current ops/sec; [INSERT AverageLatency(us)=12.71] [READ AverageLatency(us)=4438.05] 
2014-08-13 21:47:53:176 2870 sec: 16661130 operations; 4854.21 current ops/sec; [INSERT AverageLatency(us)=13.67] [READ AverageLatency(us)=4559.44] 
2014-08-13 21:48:03:176 2880 sec: 16710711 operations; 4958.1 current ops/sec; [INSERT AverageLatency(us)=14.86] [READ AverageLatency(us)=4474.24] 
2014-08-13 21:48:13:177 2890 sec: 16758589 operations; 4787.32 current ops/sec; [INSERT AverageLatency(us)=11.66] [READ AverageLatency(us)=4637.82] 
2014-08-13 21:48:23:177 2900 sec: 16804985 operations; 4639.6 current ops/sec; [INSERT AverageLatency(us)=42.18] [READ AverageLatency(us)=4777.65] 
2014-08-13 21:48:33:178 2910 sec: 16846892 operations; 4190.28 current ops/sec; [INSERT AverageLatency(us)=15.58] [READ AverageLatency(us)=5051.96] 
2014-08-13 21:48:43:179 2920 sec: 16893038 operations; 4614.14 current ops/sec; [INSERT AverageLatency(us)=17.18] [READ AverageLatency(us)=4985.85] 
2014-08-13 21:48:53:180 2930 sec: 16933024 operations; 3998.2 current ops/sec; [INSERT AverageLatency(us)=17.74] [READ AverageLatency(us)=5533.88] 
2014-08-13 21:49:03:181 2940 sec: 16975537 operations; 4250.87 current ops/sec; [INSERT AverageLatency(us)=15.09] [READ AverageLatency(us)=5278.48] 
2014-08-13 21:49:13:182 2950 sec: 17014992 operations; 3945.11 current ops/sec; [INSERT AverageLatency(us)=12.16] [READ AverageLatency(us)=5597.71] 
2014-08-13 21:49:23:183 2960 sec: 17059695 operations; 4469.85 current ops/sec; [INSERT AverageLatency(us)=12.75] [READ AverageLatency(us)=5006.8] 
2014-08-13 21:49:33:184 2970 sec: 17106305 operations; 4660.53 current ops/sec; [INSERT AverageLatency(us)=12.78] [READ AverageLatency(us)=4755.43] 
2014-08-13 21:49:43:186 2980 sec: 17153827 operations; 4751.25 current ops/sec; [INSERT AverageLatency(us)=11.83] [READ AverageLatency(us)=4665.83] 
2014-08-13 21:49:53:187 2990 sec: 17201749 operations; 4791.72 current ops/sec; [INSERT AverageLatency(us)=11.86] [READ AverageLatency(us)=4627.72] 
2014-08-13 21:50:03:188 3000 sec: 17249106 operations; 4735.23 current ops/sec; [INSERT AverageLatency(us)=11.93] [READ AverageLatency(us)=4684.24] 
2014-08-13 21:50:13:188 3010 sec: 17298084 operations; 4897.8 current ops/sec; [INSERT AverageLatency(us)=12.85] [READ AverageLatency(us)=4527.82] 
2014-08-13 21:50:23:189 3020 sec: 17345711 operations; 4762.7 current ops/sec; [INSERT AverageLatency(us)=11.71] [READ AverageLatency(us)=4665.03] 
2014-08-13 21:50:33:189 3030 sec: 17392823 operations; 4710.73 current ops/sec; [INSERT AverageLatency(us)=13.46] [READ AverageLatency(us)=4691.12] 
2014-08-13 21:50:43:189 3040 sec: 17441302 operations; 4847.9 current ops/sec; [INSERT AverageLatency(us)=13.9] [READ AverageLatency(us)=4577.12] 
2014-08-13 21:50:53:190 3050 sec: 17489282 operations; 4797.52 current ops/sec; [INSERT AverageLatency(us)=13.45] [READ AverageLatency(us)=4632.41] 
2014-08-13 21:51:03:190 3060 sec: 17536033 operations; 4675.1 current ops/sec; [INSERT AverageLatency(us)=12.38] [READ AverageLatency(us)=4738.14] 
2014-08-13 21:51:13:191 3070 sec: 17583338 operations; 4730.03 current ops/sec; [INSERT AverageLatency(us)=13.33] [READ AverageLatency(us)=4697.67] 
2014-08-13 21:51:23:191 3080 sec: 17629133 operations; 4579.5 current ops/sec; [INSERT AverageLatency(us)=13.68] [READ AverageLatency(us)=4823.4] 
2014-08-13 21:51:33:192 3090 sec: 17677653 operations; 4851.51 current ops/sec; [INSERT AverageLatency(us)=13.63] [READ AverageLatency(us)=4603.91] 
2014-08-13 21:51:43:192 3100 sec: 17724563 operations; 4691 current ops/sec; [INSERT AverageLatency(us)=12.41] [READ AverageLatency(us)=4738.96] 
2014-08-13 21:51:53:193 3110 sec: 17771111 operations; 4654.33 current ops/sec; [INSERT AverageLatency(us)=12.91] [READ AverageLatency(us)=4775.71] 
2014-08-13 21:52:03:193 3120 sec: 17810113 operations; 3900.2 current ops/sec; [INSERT AverageLatency(us)=63.74] [READ AverageLatency(us)=5665.82] 
2014-08-13 21:52:13:194 3130 sec: 17853750 operations; 4363.26 current ops/sec; [INSERT AverageLatency(us)=13.7] [READ AverageLatency(us)=5095.06] 
2014-08-13 21:52:23:194 3140 sec: 17889660 operations; 3591 current ops/sec; [INSERT AverageLatency(us)=14.95] [READ AverageLatency(us)=6182.32] 
2014-08-13 21:52:33:195 3150 sec: 17933873 operations; 4420.86 current ops/sec; [INSERT AverageLatency(us)=17.97] [READ AverageLatency(us)=5020.01] 
2014-08-13 21:52:43:195 3160 sec: 17977525 operations; 4365.2 current ops/sec; [INSERT AverageLatency(us)=15.33] [READ AverageLatency(us)=5089.95] 
2014-08-13 21:52:53:196 3170 sec: 18025460 operations; 4793.02 current ops/sec; [INSERT AverageLatency(us)=12.8] [READ AverageLatency(us)=4634.24] 
2014-08-13 21:53:03:196 3180 sec: 18070879 operations; 4541.9 current ops/sec; [INSERT AverageLatency(us)=15.41] [READ AverageLatency(us)=4887.9] 
2014-08-13 21:53:13:197 3190 sec: 18116452 operations; 4557.3 current ops/sec; [INSERT AverageLatency(us)=13.21] [READ AverageLatency(us)=4863.29] 
2014-08-13 21:53:23:197 3200 sec: 18161546 operations; 4508.95 current ops/sec; [INSERT AverageLatency(us)=13.4] [READ AverageLatency(us)=4925.32] 
2014-08-13 21:53:33:197 3210 sec: 18208685 operations; 4713.9 current ops/sec; [INSERT AverageLatency(us)=16.14] [READ AverageLatency(us)=4705.51] 
2014-08-13 21:53:43:198 3220 sec: 18256095 operations; 4740.53 current ops/sec; [INSERT AverageLatency(us)=13.64] [READ AverageLatency(us)=4675.1] 
2014-08-13 21:53:53:198 3230 sec: 18304859 operations; 4876.4 current ops/sec; [INSERT AverageLatency(us)=13.83] [READ AverageLatency(us)=4540.49] 
2014-08-13 21:54:03:199 3240 sec: 18351268 operations; 4640.44 current ops/sec; [INSERT AverageLatency(us)=16.38] [READ AverageLatency(us)=4766.86] 
2014-08-13 21:54:13:199 3250 sec: 18397066 operations; 4579.8 current ops/sec; [INSERT AverageLatency(us)=13.77] [READ AverageLatency(us)=4841.25] 
2014-08-13 21:54:23:200 3260 sec: 18444572 operations; 4750.12 current ops/sec; [INSERT AverageLatency(us)=14.96] [READ AverageLatency(us)=4660.84] 
2014-08-13 21:54:33:200 3270 sec: 18490525 operations; 4595.3 current ops/sec; [INSERT AverageLatency(us)=15.43] [READ AverageLatency(us)=4818.71] 
2014-08-13 21:54:43:201 3280 sec: 18536272 operations; 4574.24 current ops/sec; [INSERT AverageLatency(us)=11.71] [READ AverageLatency(us)=4868.55] 
2014-08-13 21:54:53:201 3290 sec: 18581738 operations; 4546.6 current ops/sec; [INSERT AverageLatency(us)=14.99] [READ AverageLatency(us)=4877.7] 
2014-08-13 21:55:03:202 3300 sec: 18629296 operations; 4755.32 current ops/sec; [INSERT AverageLatency(us)=12.85] [READ AverageLatency(us)=4657.09] 
2014-08-13 21:55:13:202 3310 sec: 18671334 operations; 4203.8 current ops/sec; [INSERT AverageLatency(us)=14.11] [READ AverageLatency(us)=5276.93] 
2014-08-13 21:55:23:208 3320 sec: 18715723 operations; 4436.24 current ops/sec; [INSERT AverageLatency(us)=15.76] [READ AverageLatency(us)=5004.8] 
2014-08-13 21:55:33:209 3330 sec: 18755346 operations; 3961.9 current ops/sec; [INSERT AverageLatency(us)=19.12] [READ AverageLatency(us)=5571.78] 
2014-08-13 21:55:43:209 3340 sec: 18794915 operations; 3956.9 current ops/sec; [INSERT AverageLatency(us)=16.13] [READ AverageLatency(us)=5630.17] 
2014-08-13 21:55:53:210 3350 sec: 18830894 operations; 3597.54 current ops/sec; [INSERT AverageLatency(us)=14.78] [READ AverageLatency(us)=6178.77] 
2014-08-13 21:56:03:210 3360 sec: 18874584 operations; 4369 current ops/sec; [INSERT AverageLatency(us)=13.03] [READ AverageLatency(us)=5078.51] 
2014-08-13 21:56:13:211 3370 sec: 18908034 operations; 3344.67 current ops/sec; [INSERT AverageLatency(us)=15.09] [READ AverageLatency(us)=6645.97] 
2014-08-13 21:56:23:211 3380 sec: 18953792 operations; 4575.8 current ops/sec; [INSERT AverageLatency(us)=13.54] [READ AverageLatency(us)=4841.26] 
2014-08-13 21:56:33:212 3390 sec: 18996949 operations; 4315.27 current ops/sec; [INSERT AverageLatency(us)=14.53] [READ AverageLatency(us)=5137.46] 
2014-08-13 21:56:43:212 3400 sec: 19043568 operations; 4661.9 current ops/sec; [INSERT AverageLatency(us)=13.71] [READ AverageLatency(us)=4764.7] 
2014-08-13 21:56:53:212 3410 sec: 19088028 operations; 4446 current ops/sec; [INSERT AverageLatency(us)=12.47] [READ AverageLatency(us)=5007.32] 
2014-08-13 21:57:03:213 3420 sec: 19133819 operations; 4578.64 current ops/sec; [INSERT AverageLatency(us)=14.27] [READ AverageLatency(us)=4742.97] 
2014-08-13 21:57:13:214 3430 sec: 19177957 operations; 4413.36 current ops/sec; [INSERT AverageLatency(us)=13.4] [READ AverageLatency(us)=5139.36] 
2014-08-13 21:57:23:215 3440 sec: 19222635 operations; 4467.35 current ops/sec; [INSERT AverageLatency(us)=13.22] [READ AverageLatency(us)=4965.07] 
2014-08-13 21:57:33:216 3450 sec: 19270333 operations; 4769.32 current ops/sec; [INSERT AverageLatency(us)=14.14] [READ AverageLatency(us)=4647.08] 
2014-08-13 21:57:43:216 3460 sec: 19314987 operations; 4465.4 current ops/sec; [INSERT AverageLatency(us)=13.58] [READ AverageLatency(us)=4961.33] 
2014-08-13 21:57:53:217 3470 sec: 19360165 operations; 4517.35 current ops/sec; [INSERT AverageLatency(us)=11.94] [READ AverageLatency(us)=4887.62] 
2014-08-13 21:58:03:217 3480 sec: 19407412 operations; 4724.7 current ops/sec; [INSERT AverageLatency(us)=14.34] [READ AverageLatency(us)=4723.14] 
2014-08-13 21:58:13:218 3490 sec: 19451956 operations; 4453.95 current ops/sec; [INSERT AverageLatency(us)=13.59] [READ AverageLatency(us)=4975.59] 
2014-08-13 21:58:23:218 3500 sec: 19497540 operations; 4558.4 current ops/sec; [INSERT AverageLatency(us)=15.09] [READ AverageLatency(us)=4877.91] 
2014-08-13 21:58:33:219 3510 sec: 19543146 operations; 4560.14 current ops/sec; [INSERT AverageLatency(us)=12.74] [READ AverageLatency(us)=4862.23] 
2014-08-13 21:58:43:219 3520 sec: 19587230 operations; 4408.4 current ops/sec; [INSERT AverageLatency(us)=14.47] [READ AverageLatency(us)=5028.98] 
2014-08-13 21:58:53:220 3530 sec: 19632337 operations; 4510.25 current ops/sec; [INSERT AverageLatency(us)=15.31] [READ AverageLatency(us)=4930.15] 
2014-08-13 21:59:03:220 3540 sec: 19673643 operations; 4130.6 current ops/sec; [INSERT AverageLatency(us)=15.02] [READ AverageLatency(us)=5374.09] 
2014-08-13 21:59:13:221 3550 sec: 19717468 operations; 4382.06 current ops/sec; [INSERT AverageLatency(us)=13.99] [READ AverageLatency(us)=5074.56] 
2014-08-13 21:59:23:222 3560 sec: 19753362 operations; 3589.04 current ops/sec; [INSERT AverageLatency(us)=15.68] [READ AverageLatency(us)=6162.31] 
2014-08-13 21:59:33:222 3570 sec: 19795066 operations; 4170.4 current ops/sec; [INSERT AverageLatency(us)=12.93] [READ AverageLatency(us)=5323.97] 
2014-08-13 21:59:43:223 3580 sec: 19838105 operations; 4303.47 current ops/sec; [INSERT AverageLatency(us)=12.85] [READ AverageLatency(us)=5154.77] 
2014-08-13 21:59:53:223 3590 sec: 19884448 operations; 4634.3 current ops/sec; [INSERT AverageLatency(us)=14.28] [READ AverageLatency(us)=4782.87] 
2014-08-13 22:00:03:224 3600 sec: 19925977 operations; 4152.48 current ops/sec; [INSERT AverageLatency(us)=12.71] [READ AverageLatency(us)=5352.61] 
2014-08-13 22:00:13:224 3610 sec: 19973378 operations; 4740.1 current ops/sec; [INSERT AverageLatency(us)=12.86] [READ AverageLatency(us)=4663.79] 
2014-08-13 22:00:23:225 3620 sec: 20016996 operations; 4361.36 current ops/sec; [INSERT AverageLatency(us)=12.73] [READ AverageLatency(us)=5087.63] 
2014-08-13 22:00:33:225 3630 sec: 20059922 operations; 4292.6 current ops/sec; [INSERT AverageLatency(us)=12.67] [READ AverageLatency(us)=5156.52] 
2014-08-13 22:00:43:226 3640 sec: 20103078 operations; 4315.17 current ops/sec; [INSERT AverageLatency(us)=12.41] [READ AverageLatency(us)=5157.3] 
2014-08-13 22:00:53:227 3650 sec: 20147123 operations; 4404.06 current ops/sec; [INSERT AverageLatency(us)=13.65] [READ AverageLatency(us)=5032.08] 
2014-08-13 22:01:03:227 3660 sec: 20192872 operations; 4574.9 current ops/sec; [INSERT AverageLatency(us)=15.13] [READ AverageLatency(us)=4864.17] 
2014-08-13 22:01:13:228 3670 sec: 20237786 operations; 4490.95 current ops/sec; [INSERT AverageLatency(us)=12.95] [READ AverageLatency(us)=4933.43] 
2014-08-13 22:01:23:228 3680 sec: 20281217 operations; 4343.1 current ops/sec; [INSERT AverageLatency(us)=11.84] [READ AverageLatency(us)=5114.13] 
2014-08-13 22:01:33:229 3690 sec: 20324558 operations; 4333.67 current ops/sec; [INSERT AverageLatency(us)=11.91] [READ AverageLatency(us)=5122.14] 
2014-08-13 22:01:43:229 3700 sec: 20367465 operations; 4290.7 current ops/sec; [INSERT AverageLatency(us)=12.54] [READ AverageLatency(us)=5150.03] 
2014-08-13 22:01:53:230 3710 sec: 20408246 operations; 4077.69 current ops/sec; [INSERT AverageLatency(us)=11.89] [READ AverageLatency(us)=5438.59] 
2014-08-13 22:02:03:230 3720 sec: 20450289 operations; 4204.3 current ops/sec; [INSERT AverageLatency(us)=15.42] [READ AverageLatency(us)=5285.76] 
2014-08-13 22:02:13:231 3730 sec: 20489926 operations; 3963.3 current ops/sec; [INSERT AverageLatency(us)=14.18] [READ AverageLatency(us)=5588.09] 
2014-08-13 22:02:23:231 3740 sec: 20529463 operations; 3953.7 current ops/sec; [INSERT AverageLatency(us)=18.05] [READ AverageLatency(us)=5613.35] 
2014-08-13 22:02:33:240 3750 sec: 20567129 operations; 3763.21 current ops/sec; [INSERT AverageLatency(us)=14.31] [READ AverageLatency(us)=5880.36] 
2014-08-13 22:02:43:241 3760 sec: 20607789 operations; 4065.59 current ops/sec; [INSERT AverageLatency(us)=15.56] [READ AverageLatency(us)=5488.64] 
2014-08-13 22:02:53:374 3770 sec: 20645800 operations; 3751.21 current ops/sec; [INSERT AverageLatency(us)=16.4] [READ AverageLatency(us)=5833.18] 
2014-08-13 22:03:03:374 3780 sec: 20684556 operations; 3875.6 current ops/sec; [INSERT AverageLatency(us)=17] [READ AverageLatency(us)=5785.24] 
2014-08-13 22:03:13:375 3790 sec: 20721887 operations; 3732.73 current ops/sec; [INSERT AverageLatency(us)=12.4] [READ AverageLatency(us)=5933.78] 
2014-08-13 22:03:23:375 3800 sec: 20761904 operations; 4001.7 current ops/sec; [INSERT AverageLatency(us)=15.46] [READ AverageLatency(us)=5540.33] 
2014-08-13 22:03:33:376 3810 sec: 20801042 operations; 3913.41 current ops/sec; [INSERT AverageLatency(us)=31.36] [READ AverageLatency(us)=5674.04] 
2014-08-13 22:03:43:376 3820 sec: 20838137 operations; 3709.5 current ops/sec; [INSERT AverageLatency(us)=17.48] [READ AverageLatency(us)=5989.66] 
2014-08-13 22:03:53:377 3830 sec: 20881503 operations; 4336.17 current ops/sec; [INSERT AverageLatency(us)=13.05] [READ AverageLatency(us)=5105.96] 
2014-08-13 22:04:03:378 3840 sec: 20924418 operations; 4291.07 current ops/sec; [INSERT AverageLatency(us)=13.8] [READ AverageLatency(us)=5167.82] 
2014-08-13 22:04:13:378 3850 sec: 20966966 operations; 4254.8 current ops/sec; [INSERT AverageLatency(us)=14.19] [READ AverageLatency(us)=5218.4] 
2014-08-13 22:04:23:379 3860 sec: 21011572 operations; 4460.15 current ops/sec; [INSERT AverageLatency(us)=12.47] [READ AverageLatency(us)=4970.52] 
2014-08-13 22:04:33:379 3870 sec: 21056851 operations; 4527.9 current ops/sec; [INSERT AverageLatency(us)=15.96] [READ AverageLatency(us)=4903.09] 
2014-08-13 22:04:43:380 3880 sec: 21100656 operations; 4380.06 current ops/sec; [INSERT AverageLatency(us)=12.66] [READ AverageLatency(us)=5061.43] 
2014-08-13 22:04:53:380 3890 sec: 21145065 operations; 4440.9 current ops/sec; [INSERT AverageLatency(us)=11.86] [READ AverageLatency(us)=4987.19] 
2014-08-13 22:05:03:381 3900 sec: 21189155 operations; 4408.56 current ops/sec; [INSERT AverageLatency(us)=13.66] [READ AverageLatency(us)=5048.81] 
2014-08-13 22:05:13:381 3910 sec: 21234392 operations; 4523.7 current ops/sec; [INSERT AverageLatency(us)=12.06] [READ AverageLatency(us)=4895.1] 
2014-08-13 22:05:23:382 3920 sec: 21277922 operations; 4352.56 current ops/sec; [INSERT AverageLatency(us)=12.99] [READ AverageLatency(us)=5091.67] 
2014-08-13 22:05:33:382 3930 sec: 21323209 operations; 4528.7 current ops/sec; [INSERT AverageLatency(us)=13.15] [READ AverageLatency(us)=4910.58] 
2014-08-13 22:05:43:383 3940 sec: 21366466 operations; 4325.27 current ops/sec; [INSERT AverageLatency(us)=13.5] [READ AverageLatency(us)=5131.75] 
2014-08-13 22:05:53:384 3950 sec: 21408941 operations; 4247.08 current ops/sec; [INSERT AverageLatency(us)=13.94] [READ AverageLatency(us)=5229.9] 
2014-08-13 22:06:03:393 3960 sec: 21451030 operations; 4205.54 current ops/sec; [INSERT AverageLatency(us)=12.44] [READ AverageLatency(us)=5278.95] 
2014-08-13 22:06:13:393 3970 sec: 21494267 operations; 4323.27 current ops/sec; [INSERT AverageLatency(us)=12.53] [READ AverageLatency(us)=5137.45] 
2014-08-13 22:06:23:394 3980 sec: 21534023 operations; 3975.2 current ops/sec; [INSERT AverageLatency(us)=14.43] [READ AverageLatency(us)=5579.69] 
2014-08-13 22:06:33:394 3990 sec: 21575604 operations; 4158.1 current ops/sec; [INSERT AverageLatency(us)=15.61] [READ AverageLatency(us)=5329.19] 
2014-08-13 22:06:43:395 4000 sec: 21611169 operations; 3556.14 current ops/sec; [INSERT AverageLatency(us)=15.91] [READ AverageLatency(us)=6242.21] 
2014-08-13 22:06:53:396 4010 sec: 21653353 operations; 4217.98 current ops/sec; [INSERT AverageLatency(us)=17.24] [READ AverageLatency(us)=5244.35] 
2014-08-13 22:07:03:406 4020 sec: 21690150 operations; 3676.02 current ops/sec; [INSERT AverageLatency(us)=13.97] [READ AverageLatency(us)=6037.83] 
2014-08-13 22:07:13:406 4030 sec: 21728594 operations; 3844.4 current ops/sec; [INSERT AverageLatency(us)=13.77] [READ AverageLatency(us)=5761.21] 
2014-08-13 22:07:23:407 4040 sec: 21772788 operations; 4418.96 current ops/sec; [INSERT AverageLatency(us)=11.61] [READ AverageLatency(us)=5031.53] 
2014-08-13 22:07:33:407 4050 sec: 21814730 operations; 4194.2 current ops/sec; [INSERT AverageLatency(us)=13.24] [READ AverageLatency(us)=5301.6] 
2014-08-13 22:07:43:408 4060 sec: 21857701 operations; 4296.67 current ops/sec; [INSERT AverageLatency(us)=11.96] [READ AverageLatency(us)=5157.61] 
2014-08-13 22:07:53:410 4070 sec: 21902499 operations; 4478.9 current ops/sec; [INSERT AverageLatency(us)=12.52] [READ AverageLatency(us)=4941.14] 
2014-08-13 22:08:03:411 4080 sec: 21944781 operations; 4227.78 current ops/sec; [INSERT AverageLatency(us)=13.58] [READ AverageLatency(us)=5232.06] 
2014-08-13 22:08:13:411 4090 sec: 21987653 operations; 4287.2 current ops/sec; [INSERT AverageLatency(us)=14.45] [READ AverageLatency(us)=5176.5] 
2014-08-13 22:08:23:412 4100 sec: 22032288 operations; 4463.05 current ops/sec; [INSERT AverageLatency(us)=11.85] [READ AverageLatency(us)=4962.14] 
2014-08-13 22:08:33:412 4110 sec: 22076942 operations; 4465.4 current ops/sec; [INSERT AverageLatency(us)=13.39] [READ AverageLatency(us)=4944.65] 
2014-08-13 22:08:43:413 4120 sec: 22122253 operations; 4530.65 current ops/sec; [INSERT AverageLatency(us)=14.83] [READ AverageLatency(us)=4933.57] 
2014-08-13 22:08:53:413 4130 sec: 22166214 operations; 4396.1 current ops/sec; [INSERT AverageLatency(us)=14.22] [READ AverageLatency(us)=5047.24] 
2014-08-13 22:09:03:413 4140 sec: 22210051 operations; 4383.7 current ops/sec; [INSERT AverageLatency(us)=12.12] [READ AverageLatency(us)=5058.15] 
2014-08-13 22:09:13:414 4150 sec: 22252681 operations; 4262.57 current ops/sec; [INSERT AverageLatency(us)=13.6] [READ AverageLatency(us)=5212.92] 
2014-08-13 22:09:23:414 4160 sec: 22296538 operations; 4385.7 current ops/sec; [INSERT AverageLatency(us)=12.06] [READ AverageLatency(us)=5063.75] 
2014-08-13 22:09:33:415 4170 sec: 22338435 operations; 4189.28 current ops/sec; [INSERT AverageLatency(us)=12.9] [READ AverageLatency(us)=5300.59] 
2014-08-13 22:09:43:415 4180 sec: 22384321 operations; 4588.6 current ops/sec; [INSERT AverageLatency(us)=15.46] [READ AverageLatency(us)=4843.18] 
2014-08-13 22:09:53:416 4190 sec: 22426083 operations; 4175.78 current ops/sec; [INSERT AverageLatency(us)=14.41] [READ AverageLatency(us)=5312.07] 
2014-08-13 22:10:03:416 4200 sec: 22471703 operations; 4562 current ops/sec; [INSERT AverageLatency(us)=14.18] [READ AverageLatency(us)=4878.87] 
2014-08-13 22:10:13:417 4210 sec: 22508461 operations; 3675.43 current ops/sec; [INSERT AverageLatency(us)=17.61] [READ AverageLatency(us)=6033.97] 
2014-08-13 22:10:23:417 4220 sec: 22544819 operations; 3635.8 current ops/sec; [INSERT AverageLatency(us)=19.77] [READ AverageLatency(us)=6017.6] 
2014-08-13 22:10:33:417 4230 sec: 22576167 operations; 3134.8 current ops/sec; [INSERT AverageLatency(us)=14] [READ AverageLatency(us)=7012.32] 
2014-08-13 22:10:43:418 4240 sec: 22615388 operations; 3921.71 current ops/sec; [INSERT AverageLatency(us)=12.61] [READ AverageLatency(us)=5804.98] 
2014-08-13 22:10:53:418 4250 sec: 22652370 operations; 3698.2 current ops/sec; [INSERT AverageLatency(us)=13.92] [READ AverageLatency(us)=5996.02] 
2014-08-13 22:11:03:419 4260 sec: 22693151 operations; 4077.69 current ops/sec; [INSERT AverageLatency(us)=11.68] [READ AverageLatency(us)=5430.7] 
2014-08-13 22:11:13:419 4270 sec: 22735531 operations; 4238 current ops/sec; [INSERT AverageLatency(us)=14.22] [READ AverageLatency(us)=5235.99] 
2014-08-13 22:11:23:420 4280 sec: 22775310 operations; 3977.5 current ops/sec; [INSERT AverageLatency(us)=12.71] [READ AverageLatency(us)=5580.13] 
2014-08-13 22:11:33:420 4290 sec: 22819126 operations; 4381.6 current ops/sec; [INSERT AverageLatency(us)=13.22] [READ AverageLatency(us)=5064.92] 
2014-08-13 22:11:43:421 4300 sec: 22861965 operations; 4283.47 current ops/sec; [INSERT AverageLatency(us)=13.26] [READ AverageLatency(us)=5181.58] 
2014-08-13 22:11:53:421 4310 sec: 22905025 operations; 4306 current ops/sec; [INSERT AverageLatency(us)=13.96] [READ AverageLatency(us)=5138.76] 
2014-08-13 22:12:03:422 4320 sec: 22949966 operations; 4493.65 current ops/sec; [INSERT AverageLatency(us)=14.18] [READ AverageLatency(us)=4941.29] 
2014-08-13 22:12:13:422 4330 sec: 22991684 operations; 4171.8 current ops/sec; [INSERT AverageLatency(us)=12.88] [READ AverageLatency(us)=5322.9] 
2014-08-13 22:12:23:422 4340 sec: 23034443 operations; 4275.9 current ops/sec; [INSERT AverageLatency(us)=12.05] [READ AverageLatency(us)=5193.2] 
2014-08-13 22:12:33:423 4350 sec: 23079889 operations; 4544.15 current ops/sec; [INSERT AverageLatency(us)=14.23] [READ AverageLatency(us)=4887.79] 
2014-08-13 22:12:43:423 4360 sec: 23123136 operations; 4324.7 current ops/sec; [INSERT AverageLatency(us)=13.04] [READ AverageLatency(us)=5141.88] 
2014-08-13 22:12:53:424 4370 sec: 23168175 operations; 4503.45 current ops/sec; [INSERT AverageLatency(us)=11.91] [READ AverageLatency(us)=4920.83] 
2014-08-13 22:13:03:424 4380 sec: 23210224 operations; 4204.9 current ops/sec; [INSERT AverageLatency(us)=13.76] [READ AverageLatency(us)=5278.1] 
2014-08-13 22:13:13:425 4390 sec: 23255737 operations; 4550.84 current ops/sec; [INSERT AverageLatency(us)=13.26] [READ AverageLatency(us)=4856.7] 
2014-08-13 22:13:23:427 4400 sec: 23297833 operations; 4208.76 current ops/sec; [INSERT AverageLatency(us)=14.82] [READ AverageLatency(us)=5254.94] 
2014-08-13 22:13:33:428 4410 sec: 23336273 operations; 3843.62 current ops/sec; [INSERT AverageLatency(us)=16.47] [READ AverageLatency(us)=5772.96] 
2014-08-13 22:13:43:428 4420 sec: 23378733 operations; 4246 current ops/sec; [INSERT AverageLatency(us)=11.88] [READ AverageLatency(us)=5222.97] 
2014-08-13 22:13:53:429 4430 sec: 23421816 operations; 4307.87 current ops/sec; [INSERT AverageLatency(us)=14.1] [READ AverageLatency(us)=5144.93] 
2014-08-13 22:14:03:429 4440 sec: 23456912 operations; 3509.6 current ops/sec; [INSERT AverageLatency(us)=17.03] [READ AverageLatency(us)=6314.18] 
2014-08-13 22:14:13:430 4450 sec: 23496507 operations; 3959.5 current ops/sec; [INSERT AverageLatency(us)=16.1] [READ AverageLatency(us)=5601.7] 
2014-08-13 22:14:23:430 4460 sec: 23534420 operations; 3790.92 current ops/sec; [INSERT AverageLatency(us)=16.63] [READ AverageLatency(us)=5844.32] 
2014-08-13 22:14:33:430 4470 sec: 23575908 operations; 4148.8 current ops/sec; [INSERT AverageLatency(us)=14.41] [READ AverageLatency(us)=5348.64] 
2014-08-13 22:14:43:431 4480 sec: 23617468 operations; 4155.58 current ops/sec; [INSERT AverageLatency(us)=14.37] [READ AverageLatency(us)=5332.62] 
2014-08-13 22:14:53:431 4490 sec: 23660580 operations; 4311.2 current ops/sec; [INSERT AverageLatency(us)=12.47] [READ AverageLatency(us)=5152.11] 
2014-08-13 22:15:03:432 4500 sec: 23700227 operations; 3964.3 current ops/sec; [INSERT AverageLatency(us)=14.37] [READ AverageLatency(us)=5598.88] 
2014-08-13 22:15:13:432 4510 sec: 23744871 operations; 4464.4 current ops/sec; [INSERT AverageLatency(us)=13.43] [READ AverageLatency(us)=4977.06] 
2014-08-13 22:15:23:433 4520 sec: 23787241 operations; 4236.58 current ops/sec; [INSERT AverageLatency(us)=12.09] [READ AverageLatency(us)=5221.92] 
2014-08-13 22:15:33:433 4530 sec: 23830317 operations; 4307.6 current ops/sec; [INSERT AverageLatency(us)=15.12] [READ AverageLatency(us)=5139.14] 
2014-08-13 22:15:43:434 4540 sec: 23872509 operations; 4219.2 current ops/sec; [INSERT AverageLatency(us)=14.7] [READ AverageLatency(us)=5251.89] 
2014-08-13 22:15:53:434 4550 sec: 23915547 operations; 4303.37 current ops/sec; [INSERT AverageLatency(us)=11.72] [READ AverageLatency(us)=5158.47] 
2014-08-13 22:16:03:434 4560 sec: 23955017 operations; 3947 current ops/sec; [INSERT AverageLatency(us)=12.8] [READ AverageLatency(us)=5617.14] 
2014-08-13 22:16:13:435 4570 sec: 23997374 operations; 4235.28 current ops/sec; [INSERT AverageLatency(us)=15.66] [READ AverageLatency(us)=5235.43] 
2014-08-13 22:16:23:435 4580 sec: 24039892 operations; 4251.8 current ops/sec; [INSERT AverageLatency(us)=12.57] [READ AverageLatency(us)=5233.73] 
2014-08-13 22:16:33:436 4590 sec: 24081342 operations; 4144.59 current ops/sec; [INSERT AverageLatency(us)=13.43] [READ AverageLatency(us)=5343.89] 
2014-08-13 22:16:43:436 4600 sec: 24123919 operations; 4257.7 current ops/sec; [INSERT AverageLatency(us)=13.89] [READ AverageLatency(us)=5207.49] 
2014-08-13 22:16:53:437 4610 sec: 24165815 operations; 4189.18 current ops/sec; [INSERT AverageLatency(us)=17.42] [READ AverageLatency(us)=5297.64] 
2014-08-13 22:17:03:437 4620 sec: 24209432 operations; 4361.7 current ops/sec; [INSERT AverageLatency(us)=13.43] [READ AverageLatency(us)=5092.65] 
2014-08-13 22:17:13:438 4630 sec: 24249704 operations; 4026.8 current ops/sec; [INSERT AverageLatency(us)=15.17] [READ AverageLatency(us)=5497.98] 
2014-08-13 22:17:23:438 4640 sec: 24292862 operations; 4315.8 current ops/sec; [INSERT AverageLatency(us)=13.55] [READ AverageLatency(us)=5152.48] 
2014-08-13 22:17:33:439 4650 sec: 24335253 operations; 4239.1 current ops/sec; [INSERT AverageLatency(us)=13.92] [READ AverageLatency(us)=5156.05] 
2014-08-13 22:17:43:439 4660 sec: 24374156 operations; 3889.91 current ops/sec; [INSERT AverageLatency(us)=15.81] [READ AverageLatency(us)=5784.35] 
2014-08-13 22:17:53:439 4670 sec: 24412501 operations; 3834.5 current ops/sec; [INSERT AverageLatency(us)=17.64] [READ AverageLatency(us)=5784.2] 
2014-08-13 22:18:03:440 4680 sec: 24449090 operations; 3658.53 current ops/sec; [INSERT AverageLatency(us)=17.3] [READ AverageLatency(us)=6102.48] 
2014-08-13 22:18:13:440 4690 sec: 24491196 operations; 4210.6 current ops/sec; [INSERT AverageLatency(us)=14.18] [READ AverageLatency(us)=5266.85] 
2014-08-13 22:18:23:441 4700 sec: 24527852 operations; 3665.23 current ops/sec; [INSERT AverageLatency(us)=17.6] [READ AverageLatency(us)=6073.85] 
2014-08-13 22:18:33:441 4710 sec: 24567963 operations; 4011.1 current ops/sec; [INSERT AverageLatency(us)=11.95] [READ AverageLatency(us)=5539.63] 
2014-08-13 22:18:43:442 4720 sec: 24609642 operations; 4167.48 current ops/sec; [INSERT AverageLatency(us)=14.15] [READ AverageLatency(us)=5333.03] 
2014-08-13 22:18:53:442 4730 sec: 24652563 operations; 4292.1 current ops/sec; [INSERT AverageLatency(us)=13.17] [READ AverageLatency(us)=5162.54] 
2014-08-13 22:19:03:443 4740 sec: 24694220 operations; 4165.7 current ops/sec; [INSERT AverageLatency(us)=14.03] [READ AverageLatency(us)=5319.58] 
2014-08-13 22:19:13:443 4750 sec: 24736209 operations; 4198.48 current ops/sec; [INSERT AverageLatency(us)=13.55] [READ AverageLatency(us)=5270.97] 
2014-08-13 22:19:23:443 4760 sec: 24778135 operations; 4192.6 current ops/sec; [INSERT AverageLatency(us)=13.38] [READ AverageLatency(us)=5285.74] 
2014-08-13 22:19:33:444 4770 sec: 24820358 operations; 4221.88 current ops/sec; [INSERT AverageLatency(us)=15.25] [READ AverageLatency(us)=5247.58] 
2014-08-13 22:19:43:444 4780 sec: 24859474 operations; 3911.6 current ops/sec; [INSERT AverageLatency(us)=13.91] [READ AverageLatency(us)=5669.09] 
2014-08-13 22:19:53:445 4790 sec: 24902487 operations; 4300.87 current ops/sec; [INSERT AverageLatency(us)=12.5] [READ AverageLatency(us)=5154.84] 
2014-08-13 22:20:03:445 4800 sec: 24941235 operations; 3874.8 current ops/sec; [UPDATE AverageLatency(us)=500173] [INSERT AverageLatency(us)=15.53] [READ AverageLatency(us)=5436.42] [CLEANUP AverageLatency(us)=501150.5] 
2014-08-13 22:20:13:446 4810 sec: 24976164 operations; 3492.55 current ops/sec; [UPDATE AverageLatency(us)=310388] [INSERT AverageLatency(us)=14.88] [READ AverageLatency(us)=5194.16] [CLEANUP AverageLatency(us)=310395.2] 
2014-08-13 22:20:23:446 4820 sec: 24997766 operations; 2160.2 current ops/sec; [UPDATE AverageLatency(us)=367839.57] [INSERT AverageLatency(us)=12.17] [READ AverageLatency(us)=4964.87] [CLEANUP AverageLatency(us)=367846.14] 
2014-08-13 22:20:27:412 4824 sec: 25000000 operations; 563.43 current ops/sec; [UPDATE AverageLatency(us)=326414.67] [INSERT AverageLatency(us)=11.79] [READ AverageLatency(us)=5269.76] [CLEANUP AverageLatency(us)=326421.83] 
+ echo 'end time:'
end time:
++ date +%s
+ echo 1407993627
1407993627
+ echo 'sleeping for 10 sec ...'
sleeping for 10 sec ...
+ sleep 10
+ false
+ false
+ false
+ false
+ false
+ false
+ let counter=1+1
+ read line
+ set +x
