+ filename=case398
+ requestdistribution=
+ RESULT_DIR=/home/hadoop/git/physical_design/caseresult/case398
+ TEN=10
+ SIXTY=60
+ SLEEP_TIME=60
+ YCSB_DIR=/home/hadoop/ycsb-0.1.4
+ number_of_operations=25000000
+ number_of_threads=20
+ number_of_records=25000000
+ output_file_suffix=.dat
+ experiment_list_file=/home/hadoop/git/physical_design/case_dir/case398.list
+ clean=false
+ create=false
+ load=false
+ random_read=false
+ workloada=false
+ workloadb=false
+ workloadc=false
+ workloadc1=false
+ scan=false
+ all=false
+ for i in '$@'
+ '[' case398 == all ']'
+ '[' case398 == clean ']'
+ '[' case398 == create ']'
+ '[' case398 == load ']'
+ '[' case398 == random_read ']'
+ '[' case398 == scan ']'
+ '[' case398 == workloada ']'
+ '[' case398 == workloadb ']'
+ '[' case398 == workloadc ']'
+ '[' case398 == workloadc1 ']'
+ '[' case398 == zipfian ']'
+ '[' case398 == uniform ']'
+ for i in '$@'
+ '[' workloadc1 == all ']'
+ '[' workloadc1 == clean ']'
+ '[' workloadc1 == create ']'
+ '[' workloadc1 == load ']'
+ '[' workloadc1 == random_read ']'
+ '[' workloadc1 == scan ']'
+ '[' workloadc1 == workloada ']'
+ '[' workloadc1 == workloadb ']'
+ '[' workloadc1 == workloadc ']'
+ '[' workloadc1 == workloadc1 ']'
+ workloadc1=true
+ for i in '$@'
+ '[' zipfian == all ']'
+ '[' zipfian == clean ']'
+ '[' zipfian == create ']'
+ '[' zipfian == load ']'
+ '[' zipfian == random_read ']'
+ '[' zipfian == scan ']'
+ '[' zipfian == workloada ']'
+ '[' zipfian == workloadb ']'
+ '[' zipfian == workloadc ']'
+ '[' zipfian == workloadc1 ']'
+ '[' zipfian == zipfian ']'
+ requestdistribution=zipfian
+ let counter=1
+ cd /home/hadoop/ycsb-0.1.4
++ pwd
+ echo /home/hadoop/ycsb-0.1.4
/home/hadoop/ycsb-0.1.4
+ read line
+ false
+ false
+ false
+ false
+ false
+ false
+ false
+ false
+ false
+ false
+ false
+ false
+ false
+ false
+ false
+ false
+ false
+ true
+ echo workloadc1...
workloadc1...
+ echo 'start time: '
start time: 
++ date +%s
+ echo 1408019254
1408019254
++ echo /home/hadoop/git/physical_design/caseresult/case398/workloadc1_1.dat
+ ./workloadc1 25000000 20 /home/hadoop/git/physical_design/caseresult/case398/workloadc1_1.dat
Loading workload...
Starting test.
2014-08-14 05:27:34:694 0 sec: 0 operations; 
14/08/14 05:27:35 INFO zookeeper.ZooKeeper: Client environment:zookeeper.version=3.4.6-1569965, built on 02/20/2014 09:09 GMT
14/08/14 05:27:35 INFO zookeeper.ZooKeeper: Client environment:host.name=sceplus-vm43.almaden.ibm.com
14/08/14 05:27:35 INFO zookeeper.ZooKeeper: Client environment:java.version=1.6.0_31
14/08/14 05:27:35 INFO zookeeper.ZooKeeper: Client environment:java.vendor=Sun Microsystems Inc.
14/08/14 05:27:35 INFO zookeeper.ZooKeeper: Client environment:java.home=/usr/lib/jvm/java-6-openjdk-amd64/jre
14/08/14 05:27:35 INFO zookeeper.ZooKeeper: Client environment:java.class.path=/home/hadoop/ycsb-0.1.4/hbase-binding/lib/hbase-binding-0.1.4.jar:/home/hadoop/ycsb-0.1.4/hbase-binding/conf:/home/hadoop/ycsb-0.1.4/core/lib/core-0.1.4.jar:/home/hadoop/ycsb-0.1.4/jdbc-binding/conf
14/08/14 05:27:35 INFO zookeeper.ZooKeeper: Client environment:java.library.path=/usr/lib/jvm/java-6-openjdk-amd64/jre/lib/amd64/server:/usr/lib/jvm/java-6-openjdk-amd64/jre/lib/amd64:/usr/lib/jvm/java-6-openjdk-amd64/jre/../lib/amd64:/usr/java/packages/lib/amd64:/usr/lib/jni:/lib:/usr/lib
14/08/14 05:27:35 INFO zookeeper.ZooKeeper: Client environment:java.io.tmpdir=/tmp
14/08/14 05:27:35 INFO zookeeper.ZooKeeper: Client environment:java.compiler=<NA>
14/08/14 05:27:35 INFO zookeeper.ZooKeeper: Client environment:os.name=Linux
14/08/14 05:27:35 INFO zookeeper.ZooKeeper: Client environment:os.arch=amd64
14/08/14 05:27:35 INFO zookeeper.ZooKeeper: Client environment:os.version=3.13.0-24-generic
14/08/14 05:27:35 INFO zookeeper.ZooKeeper: Client environment:user.name=hadoop
14/08/14 05:27:35 INFO zookeeper.ZooKeeper: Client environment:user.home=/home/hadoop
14/08/14 05:27:35 INFO zookeeper.ZooKeeper: Client environment:user.dir=/home/hadoop/ycsb-0.1.4
14/08/14 05:27:35 INFO zookeeper.ZooKeeper: Initiating client connection, connectString=sceplus-vm49.almaden.ibm.com:2181,sceplus-vm48.almaden.ibm.com:2181 sessionTimeout=90000 watcher=hconnection-0x62565cf8, quorum=sceplus-vm49.almaden.ibm.com:2181,sceplus-vm48.almaden.ibm.com:2181, baseZNode=/hbase
14/08/14 05:27:35 INFO zookeeper.RecoverableZooKeeper: Process identifier=hconnection-0x62565cf8 connecting to ZooKeeper ensemble=sceplus-vm49.almaden.ibm.com:2181,sceplus-vm48.almaden.ibm.com:2181
14/08/14 05:27:35 INFO zookeeper.ClientCnxn: Opening socket connection to server master/9.1.143.58:2181. Will not attempt to authenticate using SASL (unknown error)
14/08/14 05:27:35 INFO zookeeper.ClientCnxn: Socket connection established to master/9.1.143.58:2181, initiating session
14/08/14 05:27:35 INFO zookeeper.ClientCnxn: Session establishment complete on server master/9.1.143.58:2181, sessionid = 0x47d56edc650009, negotiated timeout = 90000
14/08/14 05:27:35 WARN util.DynamicClassLoader: Failed to identify the fs of dir hdfs://master:54310/hbase/lib, ignored
org.apache.hadoop.ipc.RemoteException: Server IPC version 9 cannot communicate with client version 4
	at org.apache.hadoop.ipc.Client.call(Client.java:1113)
	at org.apache.hadoop.ipc.RPC$Invoker.invoke(RPC.java:229)
	at com.sun.proxy.$Proxy5.getProtocolVersion(Unknown Source)
	at sun.reflect.NativeMethodAccessorImpl.invoke0(Native Method)
	at sun.reflect.NativeMethodAccessorImpl.invoke(NativeMethodAccessorImpl.java:57)
	at sun.reflect.DelegatingMethodAccessorImpl.invoke(DelegatingMethodAccessorImpl.java:43)
	at java.lang.reflect.Method.invoke(Method.java:622)
	at org.apache.hadoop.io.retry.RetryInvocationHandler.invokeMethod(RetryInvocationHandler.java:85)
	at org.apache.hadoop.io.retry.RetryInvocationHandler.invoke(RetryInvocationHandler.java:62)
	at com.sun.proxy.$Proxy5.getProtocolVersion(Unknown Source)
	at org.apache.hadoop.ipc.RPC.checkVersion(RPC.java:422)
	at org.apache.hadoop.hdfs.DFSClient.createNamenode(DFSClient.java:183)
	at org.apache.hadoop.hdfs.DFSClient.<init>(DFSClient.java:281)
	at org.apache.hadoop.hdfs.DFSClient.<init>(DFSClient.java:245)
	at org.apache.hadoop.hdfs.DistributedFileSystem.initialize(DistributedFileSystem.java:100)
	at org.apache.hadoop.fs.FileSystem.createFileSystem(FileSystem.java:1446)
	at org.apache.hadoop.fs.FileSystem.access$200(FileSystem.java:67)
	at org.apache.hadoop.fs.FileSystem$Cache.get(FileSystem.java:1464)
	at org.apache.hadoop.fs.FileSystem.get(FileSystem.java:263)
	at org.apache.hadoop.fs.Path.getFileSystem(Path.java:187)
	at org.apache.hadoop.hbase.util.DynamicClassLoader.<init>(DynamicClassLoader.java:104)
	at org.apache.hadoop.hbase.protobuf.ProtobufUtil.<clinit>(ProtobufUtil.java:202)
	at org.apache.hadoop.hbase.ClusterId.parseFrom(ClusterId.java:64)
	at org.apache.hadoop.hbase.zookeeper.ZKClusterId.readClusterIdZNode(ZKClusterId.java:69)
	at org.apache.hadoop.hbase.client.ZooKeeperRegistry.getClusterId(ZooKeeperRegistry.java:83)
	at org.apache.hadoop.hbase.client.HConnectionManager$HConnectionImplementation.retrieveClusterId(HConnectionManager.java:858)
	at org.apache.hadoop.hbase.client.HConnectionManager$HConnectionImplementation.<init>(HConnectionManager.java:663)
	at sun.reflect.NativeConstructorAccessorImpl.newInstance0(Native Method)
	at sun.reflect.NativeConstructorAccessorImpl.newInstance(NativeConstructorAccessorImpl.java:57)
	at sun.reflect.DelegatingConstructorAccessorImpl.newInstance(DelegatingConstructorAccessorImpl.java:45)
	at java.lang.reflect.Constructor.newInstance(Constructor.java:534)
	at org.apache.hadoop.hbase.client.HConnectionManager.createConnection(HConnectionManager.java:415)
	at org.apache.hadoop.hbase.client.HConnectionManager.createConnection(HConnectionManager.java:394)
	at org.apache.hadoop.hbase.client.HConnectionManager.getConnection(HConnectionManager.java:275)
	at org.apache.hadoop.hbase.client.HTable.<init>(HTable.java:197)
	at org.apache.hadoop.hbase.client.HTable.<init>(HTable.java:159)
	at com.yahoo.ycsb.db.HBaseClient.getHTable(HBaseClient.java:118)
	at com.yahoo.ycsb.db.HBaseClient.update(HBaseClient.java:302)
	at com.yahoo.ycsb.db.HBaseClient.insert(HBaseClient.java:357)
	at com.yahoo.ycsb.DBWrapper.insert(DBWrapper.java:148)
	at com.yahoo.ycsb.workloads.CoreWorkload.doTransactionInsert(CoreWorkload.java:639)
	at com.yahoo.ycsb.workloads.CoreWorkload.doTransaction(CoreWorkload.java:487)
	at com.yahoo.ycsb.ClientThread.run(Client.java:241)
2014-08-14 05:27:44:695 10 sec: 218411 operations; 21838.92 current ops/sec; [INSERT AverageLatency(us)=166.23] [READ AverageLatency(us)=36056.58] 
2014-08-14 05:27:54:696 20 sec: 258191 operations; 3977.6 current ops/sec; [INSERT AverageLatency(us)=6354.65] [READ AverageLatency(us)=36044.27] 
2014-08-14 05:28:04:697 30 sec: 258191 operations; 0 current ops/sec;   
2014-08-14 05:28:14:743 40 sec: 336940 operations; 7838.84 current ops/sec; [INSERT AverageLatency(us)=620.83] [READ AverageLatency(us)=383769.12] 
2014-08-14 05:28:24:744 50 sec: 478640 operations; 14168.58 current ops/sec; [INSERT AverageLatency(us)=1033.56] [READ AverageLatency(us)=60976.86] 
2014-08-14 05:28:34:745 60 sec: 622493 operations; 14385.3 current ops/sec; [INSERT AverageLatency(us)=858.72] [READ AverageLatency(us)=69439.23] 
2014-08-14 05:28:44:745 70 sec: 623535 operations; 104.19 current ops/sec; [INSERT AverageLatency(us)=11.81] [READ AverageLatency(us)=25959] 
2014-08-14 05:28:54:746 80 sec: 724965 operations; 10141.99 current ops/sec; [INSERT AverageLatency(us)=2613.85] [READ AverageLatency(us)=110722.6] 
2014-08-14 05:29:04:746 90 sec: 859236 operations; 13427.1 current ops/sec; [INSERT AverageLatency(us)=969.48] [READ AverageLatency(us)=72867.87] 
2014-08-14 05:29:14:747 100 sec: 920245 operations; 6100.29 current ops/sec; [INSERT AverageLatency(us)=640.77] [READ AverageLatency(us)=14025.42] 
2014-08-14 05:29:24:747 110 sec: 1029324 operations; 10907.9 current ops/sec; [INSERT AverageLatency(us)=1977.23] [READ AverageLatency(us)=54083.15] 
2014-08-14 05:29:34:748 120 sec: 1124245 operations; 9491.15 current ops/sec; [INSERT AverageLatency(us)=2124.41] [READ AverageLatency(us)=31704.99] 
2014-08-14 05:29:44:749 130 sec: 1200106 operations; 7585.34 current ops/sec; [INSERT AverageLatency(us)=1824.79] [READ AverageLatency(us)=36201.58] 
2014-08-14 05:29:54:749 140 sec: 1284389 operations; 8428.3 current ops/sec; [INSERT AverageLatency(us)=2443.73] [READ AverageLatency(us)=40219.29] 
2014-08-14 05:30:04:750 150 sec: 1339614 operations; 5521.95 current ops/sec; [INSERT AverageLatency(us)=3294.31] [READ AverageLatency(us)=45065.63] 
2014-08-14 05:30:14:751 160 sec: 1450263 operations; 11064.9 current ops/sec; [INSERT AverageLatency(us)=1163.27] [READ AverageLatency(us)=23974.59] 
2014-08-14 05:30:24:751 170 sec: 1519542 operations; 6927.21 current ops/sec; [INSERT AverageLatency(us)=2993.22] [READ AverageLatency(us)=51777.12] 
2014-08-14 05:30:34:752 180 sec: 1628255 operations; 10870.21 current ops/sec; [INSERT AverageLatency(us)=1764.62] [READ AverageLatency(us)=33187.48] 
2014-08-14 05:30:44:752 190 sec: 1685476 operations; 5722.1 current ops/sec; [INSERT AverageLatency(us)=1559.38] [READ AverageLatency(us)=26752.38] 
2014-08-14 05:30:54:753 200 sec: 1783497 operations; 9801.12 current ops/sec; [INSERT AverageLatency(us)=2051.89] [READ AverageLatency(us)=48666.29] 
2014-08-14 05:31:04:753 210 sec: 1870426 operations; 8692.9 current ops/sec; [INSERT AverageLatency(us)=2046.66] [READ AverageLatency(us)=40695.11] 
2014-08-14 05:31:14:754 220 sec: 1928548 operations; 5811.62 current ops/sec; [INSERT AverageLatency(us)=2863.29] [READ AverageLatency(us)=48177] 
2014-08-14 05:31:24:754 230 sec: 2030132 operations; 10158.4 current ops/sec; [INSERT AverageLatency(us)=1311.74] [READ AverageLatency(us)=34027.37] 
2014-08-14 05:31:34:755 240 sec: 2064564 operations; 3442.86 current ops/sec; [INSERT AverageLatency(us)=4359.15] [READ AverageLatency(us)=41490.22] 
2014-08-14 05:31:44:756 250 sec: 2064564 operations; 0 current ops/sec;   
2014-08-14 05:31:54:756 260 sec: 2108273 operations; 4370.46 current ops/sec; [INSERT AverageLatency(us)=7027.79] [READ AverageLatency(us)=461375.54] 
2014-08-14 05:32:04:757 270 sec: 2253110 operations; 14482.25 current ops/sec; [INSERT AverageLatency(us)=458.59] [READ AverageLatency(us)=48143.09] 
2014-08-14 05:32:14:757 280 sec: 2382791 operations; 12968.1 current ops/sec; [INSERT AverageLatency(us)=1220.72] [READ AverageLatency(us)=90930.97] 
2014-08-14 05:32:24:758 290 sec: 2382791 operations; 0 current ops/sec;   
2014-08-14 05:32:34:758 300 sec: 2547267 operations; 16447.6 current ops/sec; [INSERT AverageLatency(us)=12.23] [READ AverageLatency(us)=239773.23] 
2014-08-14 05:32:44:759 310 sec: 2575759 operations; 2848.92 current ops/sec; [INSERT AverageLatency(us)=807.15] [READ AverageLatency(us)=23186.36] 
2014-08-14 05:32:54:759 320 sec: 2689252 operations; 11349.3 current ops/sec; [INSERT AverageLatency(us)=1923.43] [READ AverageLatency(us)=56700.84] 
2014-08-14 05:33:04:760 330 sec: 2737472 operations; 4821.52 current ops/sec; [INSERT AverageLatency(us)=5295.96] [READ AverageLatency(us)=42689.19] 
2014-08-14 05:33:14:760 340 sec: 2860162 operations; 12269 current ops/sec; [INSERT AverageLatency(us)=698.97] [READ AverageLatency(us)=48814.55] 
2014-08-14 05:33:24:761 350 sec: 2925257 operations; 6508.85 current ops/sec; [INSERT AverageLatency(us)=3291.74] [READ AverageLatency(us)=85026.76] 
2014-08-14 05:33:34:761 360 sec: 3092834 operations; 16757.7 current ops/sec; [INSERT AverageLatency(us)=13.78] [READ AverageLatency(us)=62428.49] 
2014-08-14 05:33:44:762 370 sec: 3225650 operations; 13280.27 current ops/sec; [INSERT AverageLatency(us)=1261.97] [READ AverageLatency(us)=55123.27] 
2014-08-14 05:33:54:763 380 sec: 3297771 operations; 7212.1 current ops/sec; [INSERT AverageLatency(us)=1303.64] [READ AverageLatency(us)=90582.26] 
2014-08-14 05:34:04:763 390 sec: 3297771 operations; 0 current ops/sec;   
2014-08-14 05:34:14:764 400 sec: 3434999 operations; 13721.43 current ops/sec; [INSERT AverageLatency(us)=667.16] [READ AverageLatency(us)=269462.69] 
2014-08-14 05:34:24:764 410 sec: 3572634 operations; 13763.5 current ops/sec; [INSERT AverageLatency(us)=855.82] [READ AverageLatency(us)=74421.54] 
2014-08-14 05:34:34:765 420 sec: 3708854 operations; 13620.64 current ops/sec; [INSERT AverageLatency(us)=934.69] [READ AverageLatency(us)=43879.79] 
2014-08-14 05:34:44:765 430 sec: 3848411 operations; 13955.7 current ops/sec; [INSERT AverageLatency(us)=942.63] [READ AverageLatency(us)=46768.13] 
2014-08-14 05:34:54:766 440 sec: 3969551 operations; 12112.79 current ops/sec; [INSERT AverageLatency(us)=1217.41] [READ AverageLatency(us)=59585.21] 
2014-08-14 05:35:04:766 450 sec: 3969551 operations; 0 current ops/sec;   
2014-08-14 05:35:14:767 460 sec: 3991415 operations; 2186.4 current ops/sec; [INSERT AverageLatency(us)=11.27] [READ AverageLatency(us)=1733237.79] 
2014-08-14 05:35:24:767 470 sec: 4131695 operations; 14026.6 current ops/sec; [INSERT AverageLatency(us)=567.56] [READ AverageLatency(us)=51847.01] 
2014-08-14 05:35:34:768 480 sec: 4131695 operations; 0 current ops/sec;   
2014-08-14 05:35:44:768 490 sec: 4290279 operations; 15856.81 current ops/sec; [INSERT AverageLatency(us)=1952.8] [READ AverageLatency(us)=69081.01] 
2014-08-14 05:35:54:768 500 sec: 4455118 operations; 16483.9 current ops/sec; [INSERT AverageLatency(us)=770.02] [READ AverageLatency(us)=55426.41] 
2014-08-14 05:36:04:769 510 sec: 4580311 operations; 12518.05 current ops/sec; [INSERT AverageLatency(us)=878.35] [READ AverageLatency(us)=49757.22] 
2014-08-14 05:36:14:769 520 sec: 4712504 operations; 13219.3 current ops/sec; [INSERT AverageLatency(us)=879.39] [READ AverageLatency(us)=76014.58] 
2014-08-14 05:36:24:770 530 sec: 4867760 operations; 15524.05 current ops/sec; [INSERT AverageLatency(us)=848.68] [READ AverageLatency(us)=47229.65] 
2014-08-14 05:36:34:770 540 sec: 4998407 operations; 13064.7 current ops/sec; [INSERT AverageLatency(us)=885.37] [READ AverageLatency(us)=57883.86] 
2014-08-14 05:36:44:771 550 sec: 5130794 operations; 13237.38 current ops/sec; [INSERT AverageLatency(us)=1065.45] [READ AverageLatency(us)=44038.26] 
2014-08-14 05:36:54:771 560 sec: 5232213 operations; 10141.9 current ops/sec; [INSERT AverageLatency(us)=669.93] [READ AverageLatency(us)=38349.79] 
2014-08-14 05:37:04:772 570 sec: 5232213 operations; 0 current ops/sec;   
2014-08-14 05:37:14:772 580 sec: 5341615 operations; 10940.2 current ops/sec; [INSERT AverageLatency(us)=3866.1] [READ AverageLatency(us)=32686.59] 
2014-08-14 05:37:24:904 590 sec: 5476799 operations; 13342.28 current ops/sec; [INSERT AverageLatency(us)=1193.67] [READ AverageLatency(us)=41799.29] 
2014-08-14 05:37:34:905 600 sec: 5479297 operations; 249.78 current ops/sec; [INSERT AverageLatency(us)=6293.95] [READ AverageLatency(us)=50791.22] 
2014-08-14 05:37:44:906 610 sec: 5557326 operations; 7802.12 current ops/sec; [INSERT AverageLatency(us)=2738.15] [READ AverageLatency(us)=258825.83] 
2014-08-14 05:37:54:906 620 sec: 5707234 operations; 14990.8 current ops/sec; [INSERT AverageLatency(us)=793.2] [READ AverageLatency(us)=40323.32] 
2014-08-14 05:38:04:907 630 sec: 5825401 operations; 11815.52 current ops/sec; [INSERT AverageLatency(us)=991.84] [READ AverageLatency(us)=69086.34] 
2014-08-14 05:38:14:907 640 sec: 5877598 operations; 5219.7 current ops/sec; [INSERT AverageLatency(us)=1418] [READ AverageLatency(us)=113891.17] 
2014-08-14 05:38:24:908 650 sec: 5877759 operations; 16.1 current ops/sec; [INSERT AverageLatency(us)=9.17] [READ AverageLatency(us)=15768514] 
2014-08-14 05:38:34:909 660 sec: 6130779 operations; 25302 current ops/sec; [INSERT AverageLatency(us)=11.7] [READ AverageLatency(us)=197540.09] 
2014-08-14 05:38:44:909 670 sec: 6259417 operations; 12862.51 current ops/sec; [INSERT AverageLatency(us)=889.06] [READ AverageLatency(us)=54435.63] 
2014-08-14 05:38:54:910 680 sec: 6355509 operations; 9608.24 current ops/sec; [INSERT AverageLatency(us)=437.47] [READ AverageLatency(us)=57386.55] 
2014-08-14 05:39:04:910 690 sec: 6355509 operations; 0 current ops/sec;   
2014-08-14 05:39:14:911 700 sec: 6401458 operations; 4594.44 current ops/sec; [INSERT AverageLatency(us)=7439.81] [READ AverageLatency(us)=329060.53] 
2014-08-14 05:39:24:911 710 sec: 6584951 operations; 18349.3 current ops/sec; [INSERT AverageLatency(us)=242.04] [READ AverageLatency(us)=65616.92] 
2014-08-14 05:39:34:912 720 sec: 6727172 operations; 14220.68 current ops/sec; [INSERT AverageLatency(us)=819.45] [READ AverageLatency(us)=69610.91] 
2014-08-14 05:39:44:912 730 sec: 6730550 operations; 337.8 current ops/sec; [INSERT AverageLatency(us)=2583.29] [READ AverageLatency(us)=20652.29] 
2014-08-14 05:39:54:913 740 sec: 6739533 operations; 898.21 current ops/sec; [INSERT AverageLatency(us)=37867.9] [READ AverageLatency(us)=815822.03] 
2014-08-14 05:40:04:914 750 sec: 6872136 operations; 13258.97 current ops/sec; [INSERT AverageLatency(us)=836.69] [READ AverageLatency(us)=57492.92] 
2014-08-14 05:40:14:914 760 sec: 6955626 operations; 8349 current ops/sec; [INSERT AverageLatency(us)=2438.83] [READ AverageLatency(us)=62385.46] 
2014-08-14 05:40:24:915 770 sec: 7062944 operations; 10730.73 current ops/sec; [INSERT AverageLatency(us)=503.17] [READ AverageLatency(us)=48051.91] 
2014-08-14 05:40:34:915 780 sec: 7176769 operations; 11382.5 current ops/sec; [INSERT AverageLatency(us)=1826.48] [READ AverageLatency(us)=64043.86] 
2014-08-14 05:40:44:916 790 sec: 7214747 operations; 3797.42 current ops/sec; [INSERT AverageLatency(us)=1264.63] [READ AverageLatency(us)=41122.1] 
2014-08-14 05:40:54:916 800 sec: 7342822 operations; 12807.5 current ops/sec; [INSERT AverageLatency(us)=1815.65] [READ AverageLatency(us)=71030.83] 
2014-08-14 05:41:04:917 810 sec: 7409240 operations; 6641.14 current ops/sec; [INSERT AverageLatency(us)=1561.95] [READ AverageLatency(us)=30234.65] 
2014-08-14 05:41:14:917 820 sec: 7451109 operations; 4186.9 current ops/sec; [INSERT AverageLatency(us)=4102.02] [READ AverageLatency(us)=38130.21] 
2014-08-14 05:41:24:918 830 sec: 7568856 operations; 11773.52 current ops/sec; [INSERT AverageLatency(us)=2105.58] [READ AverageLatency(us)=67627.61] 
2014-08-14 05:41:34:918 840 sec: 7705994 operations; 13713.8 current ops/sec; [INSERT AverageLatency(us)=721.32] [READ AverageLatency(us)=72965.81] 
2014-08-14 05:41:44:919 850 sec: 7828751 operations; 12274.47 current ops/sec; [INSERT AverageLatency(us)=571.2] [READ AverageLatency(us)=79803.89] 
2014-08-14 05:41:54:920 860 sec: 7828751 operations; 0 current ops/sec;   
2014-08-14 05:42:04:920 870 sec: 7896992 operations; 6824.1 current ops/sec; [INSERT AverageLatency(us)=1533.52] [READ AverageLatency(us)=478694.95] 
2014-08-14 05:42:14:921 880 sec: 8042498 operations; 14549.15 current ops/sec; [INSERT AverageLatency(us)=762.53] [READ AverageLatency(us)=46133.45] 
2014-08-14 05:42:24:921 890 sec: 8190900 operations; 14840.2 current ops/sec; [INSERT AverageLatency(us)=830.45] [READ AverageLatency(us)=54846.84] 
2014-08-14 05:42:34:922 900 sec: 8330197 operations; 13928.31 current ops/sec; [INSERT AverageLatency(us)=932.61] [READ AverageLatency(us)=48785.78] 
2014-08-14 05:42:44:922 910 sec: 8458499 operations; 12830.2 current ops/sec; [INSERT AverageLatency(us)=1140.78] [READ AverageLatency(us)=52791.83] 
2014-08-14 05:42:54:923 920 sec: 8510126 operations; 5162.18 current ops/sec; [INSERT AverageLatency(us)=207.97] [READ AverageLatency(us)=55767.02] 
2014-08-14 05:43:04:934 930 sec: 8523584 operations; 1344.32 current ops/sec; [INSERT AverageLatency(us)=11.69] [READ AverageLatency(us)=474663.36] 
2014-08-14 05:43:14:934 940 sec: 8666422 operations; 14283.8 current ops/sec; [INSERT AverageLatency(us)=2767.34] [READ AverageLatency(us)=63654.19] 
2014-08-14 05:43:24:935 950 sec: 8673102 operations; 667.93 current ops/sec; [INSERT AverageLatency(us)=2536.47] [READ AverageLatency(us)=61967.76] 
2014-08-14 05:43:34:936 960 sec: 8708825 operations; 3572.3 current ops/sec; [INSERT AverageLatency(us)=560.85] [READ AverageLatency(us)=356492.17] 
2014-08-14 05:43:44:936 970 sec: 8841613 operations; 13277.47 current ops/sec; [INSERT AverageLatency(us)=2242.14] [READ AverageLatency(us)=54099.7] 
2014-08-14 05:43:54:937 980 sec: 8941213 operations; 9959 current ops/sec; [INSERT AverageLatency(us)=1904.83] [READ AverageLatency(us)=55882.34] 
2014-08-14 05:44:04:937 990 sec: 9011761 operations; 7054.8 current ops/sec; [INSERT AverageLatency(us)=1997.38] [READ AverageLatency(us)=40100.02] 
2014-08-14 05:44:14:938 1000 sec: 9027175 operations; 1541.25 current ops/sec; [INSERT AverageLatency(us)=9983.71] [READ AverageLatency(us)=175270.48] 
2014-08-14 05:44:24:938 1010 sec: 9027175 operations; 0 current ops/sec;   
2014-08-14 05:44:34:939 1020 sec: 9264625 operations; 23742.63 current ops/sec; [INSERT AverageLatency(us)=12.18] [READ AverageLatency(us)=192969.23] 
2014-08-14 05:44:44:939 1030 sec: 9346241 operations; 8161.6 current ops/sec; [INSERT AverageLatency(us)=851.5] [READ AverageLatency(us)=56418.61] 
2014-08-14 05:44:54:943 1040 sec: 9493042 operations; 14674.23 current ops/sec; [INSERT AverageLatency(us)=1106.71] [READ AverageLatency(us)=72310.02] 
2014-08-14 05:45:04:944 1050 sec: 9648534 operations; 15547.65 current ops/sec; [INSERT AverageLatency(us)=401.19] [READ AverageLatency(us)=92472.67] 
2014-08-14 05:45:14:945 1060 sec: 9650465 operations; 193.08 current ops/sec; [INSERT AverageLatency(us)=4613.45] [READ AverageLatency(us)=148426.86] 
2014-08-14 05:45:24:945 1070 sec: 9667131 operations; 1666.6 current ops/sec; [INSERT AverageLatency(us)=1263.44] [READ AverageLatency(us)=812058.3] 
2014-08-14 05:45:34:946 1080 sec: 9814920 operations; 14777.42 current ops/sec; [INSERT AverageLatency(us)=2107.15] [READ AverageLatency(us)=64285.07] 
2014-08-14 05:45:44:946 1090 sec: 9944876 operations; 12995.6 current ops/sec; [INSERT AverageLatency(us)=853.23] [READ AverageLatency(us)=65506.53] 
2014-08-14 05:45:54:947 1100 sec: 9961197 operations; 1631.94 current ops/sec; [INSERT AverageLatency(us)=2908.65] [READ AverageLatency(us)=68750.39] 
2014-08-14 05:46:04:947 1110 sec: 9984869 operations; 2367.2 current ops/sec; [INSERT AverageLatency(us)=3813.68] [READ AverageLatency(us)=1232917.78] 
2014-08-14 05:46:14:948 1120 sec: 10114614 operations; 12973.2 current ops/sec; [INSERT AverageLatency(us)=805.76] [READ AverageLatency(us)=75676.24] 
2014-08-14 05:46:24:949 1130 sec: 10259577 operations; 14494.85 current ops/sec; [INSERT AverageLatency(us)=426.82] [READ AverageLatency(us)=45209.16] 
2014-08-14 05:46:35:082 1140 sec: 10389496 operations; 12821.38 current ops/sec; [INSERT AverageLatency(us)=1144.77] [READ AverageLatency(us)=81100.61] 
2014-08-14 05:46:45:083 1150 sec: 10513171 operations; 12366.26 current ops/sec; [INSERT AverageLatency(us)=915.58] [READ AverageLatency(us)=62764.79] 
2014-08-14 05:46:55:084 1160 sec: 10642939 operations; 12976.8 current ops/sec; [INSERT AverageLatency(us)=1039.46] [READ AverageLatency(us)=51625.66] 
2014-08-14 05:47:05:084 1170 sec: 10717740 operations; 7479.35 current ops/sec; [INSERT AverageLatency(us)=978.22] [READ AverageLatency(us)=51624.33] 
2014-08-14 05:47:15:085 1180 sec: 10717740 operations; 0 current ops/sec;   
2014-08-14 05:47:25:085 1190 sec: 10819851 operations; 10211.1 current ops/sec; [INSERT AverageLatency(us)=1194.75] [READ AverageLatency(us)=359011.9] 
2014-08-14 05:47:35:086 1200 sec: 10867293 operations; 4743.73 current ops/sec; [INSERT AverageLatency(us)=492.98] [READ AverageLatency(us)=49191.24] 
2014-08-14 05:47:45:086 1210 sec: 10999889 operations; 13259.6 current ops/sec; [INSERT AverageLatency(us)=2019.52] [READ AverageLatency(us)=69565.31] 
2014-08-14 05:47:55:087 1220 sec: 11072387 operations; 7249.08 current ops/sec; [INSERT AverageLatency(us)=1559.24] [READ AverageLatency(us)=49938.64] 
2014-08-14 05:48:05:520 1230 sec: 11152035 operations; 7634.24 current ops/sec; [INSERT AverageLatency(us)=2281.87] [READ AverageLatency(us)=53706.22] 
2014-08-14 05:48:15:521 1240 sec: 11246679 operations; 9463.45 current ops/sec; [INSERT AverageLatency(us)=1305.89] [READ AverageLatency(us)=34887.84] 
2014-08-14 05:48:25:521 1250 sec: 11346327 operations; 9964.8 current ops/sec; [INSERT AverageLatency(us)=1771.99] [READ AverageLatency(us)=42936.21] 
2014-08-14 05:48:35:522 1260 sec: 11427013 operations; 8067.79 current ops/sec; [INSERT AverageLatency(us)=2021.86] [READ AverageLatency(us)=46254.99] 
2014-08-14 05:48:45:523 1270 sec: 11503783 operations; 7676.23 current ops/sec; [INSERT AverageLatency(us)=2471.03] [READ AverageLatency(us)=40861.56] 
2014-08-14 05:48:55:523 1280 sec: 11564627 operations; 6084.4 current ops/sec; [INSERT AverageLatency(us)=932.71] [READ AverageLatency(us)=53802.14] 
2014-08-14 05:49:05:524 1290 sec: 11687954 operations; 12331.47 current ops/sec; [INSERT AverageLatency(us)=1691.61] [READ AverageLatency(us)=67392.87] 
2014-08-14 05:49:15:524 1300 sec: 11755765 operations; 6781.1 current ops/sec; [INSERT AverageLatency(us)=3074.2] [READ AverageLatency(us)=72620.48] 
2014-08-14 05:49:25:525 1310 sec: 11830285 operations; 7451.25 current ops/sec; [INSERT AverageLatency(us)=2047.03] [READ AverageLatency(us)=24064.83] 
2014-08-14 05:49:35:526 1320 sec: 11925100 operations; 9480.55 current ops/sec; [INSERT AverageLatency(us)=1173.52] [READ AverageLatency(us)=41816.2] 
2014-08-14 05:49:45:526 1330 sec: 11966340 operations; 4124 current ops/sec; [INSERT AverageLatency(us)=3520.05] [READ AverageLatency(us)=37342.42] 
2014-08-14 05:49:55:527 1340 sec: 11966340 operations; 0 current ops/sec;   
2014-08-14 05:50:05:527 1350 sec: 12062701 operations; 9636.1 current ops/sec; [INSERT AverageLatency(us)=3486.13] [READ AverageLatency(us)=150648.79] 
2014-08-14 05:50:15:528 1360 sec: 12133858 operations; 7114.99 current ops/sec; [INSERT AverageLatency(us)=1828.31] [READ AverageLatency(us)=33979.03] 
2014-08-14 05:50:25:528 1370 sec: 12218212 operations; 8435.4 current ops/sec; [INSERT AverageLatency(us)=2051.76] [READ AverageLatency(us)=76072.05] 
2014-08-14 05:50:35:529 1380 sec: 12218212 operations; 0 current ops/sec;   
2014-08-14 05:50:45:529 1390 sec: 12411326 operations; 19311.4 current ops/sec; [INSERT AverageLatency(us)=10.74] [READ AverageLatency(us)=233505.81] 
2014-08-14 05:50:55:530 1400 sec: 12474766 operations; 6343.37 current ops/sec; [INSERT AverageLatency(us)=2072.24] [READ AverageLatency(us)=113930.09] 
2014-08-14 05:51:05:531 1410 sec: 12633875 operations; 15909.31 current ops/sec; [INSERT AverageLatency(us)=274.23] [READ AverageLatency(us)=88096.75] 
2014-08-14 05:51:15:531 1420 sec: 12674825 operations; 4095 current ops/sec; [INSERT AverageLatency(us)=1743.14] [READ AverageLatency(us)=60616.93] 
2014-08-14 05:51:25:532 1430 sec: 12674825 operations; 0 current ops/sec;   
2014-08-14 05:51:35:533 1440 sec: 12833921 operations; 15908.01 current ops/sec; [INSERT AverageLatency(us)=578.93] [READ AverageLatency(us)=277773] 
2014-08-14 05:51:45:533 1450 sec: 12953876 operations; 11995.5 current ops/sec; [INSERT AverageLatency(us)=1029.75] [READ AverageLatency(us)=88379.41] 
2014-08-14 05:51:55:534 1460 sec: 13011481 operations; 5759.92 current ops/sec; [INSERT AverageLatency(us)=11.97] [READ AverageLatency(us)=34081.55] 
2014-08-14 05:52:05:534 1470 sec: 13055889 operations; 4440.8 current ops/sec; [INSERT AverageLatency(us)=14.86] [READ AverageLatency(us)=708748.79] 
2014-08-14 05:52:15:535 1480 sec: 13184131 operations; 12822.92 current ops/sec; [INSERT AverageLatency(us)=1166.42] [READ AverageLatency(us)=73618.02] 
2014-08-14 05:52:25:536 1490 sec: 13217515 operations; 3338.4 current ops/sec; [INSERT AverageLatency(us)=2994.02] [READ AverageLatency(us)=56982.38] 
2014-08-14 05:52:35:536 1500 sec: 13217515 operations; 0 current ops/sec;   
2014-08-14 05:52:45:537 1510 sec: 13360893 operations; 14336.37 current ops/sec; [INSERT AverageLatency(us)=255.19] [READ AverageLatency(us)=266681.85] 
2014-08-14 05:52:55:537 1520 sec: 13495002 operations; 13410.9 current ops/sec; [INSERT AverageLatency(us)=636.11] [READ AverageLatency(us)=86303.58] 
2014-08-14 05:53:05:538 1530 sec: 13547740 operations; 5273.27 current ops/sec; [INSERT AverageLatency(us)=3786.28] [READ AverageLatency(us)=96625.18] 
2014-08-14 05:53:15:538 1540 sec: 13643509 operations; 9576.9 current ops/sec; [INSERT AverageLatency(us)=20.46] [READ AverageLatency(us)=49089.27] 
2014-08-14 05:53:25:539 1550 sec: 13647269 operations; 375.96 current ops/sec; [INSERT AverageLatency(us)=5030.98] [READ AverageLatency(us)=4269990.43] 
2014-08-14 05:53:35:539 1560 sec: 13812077 operations; 16480.8 current ops/sec; [INSERT AverageLatency(us)=1493.94] [READ AverageLatency(us)=52464.74] 
2014-08-14 05:53:45:540 1570 sec: 13848527 operations; 3644.64 current ops/sec; [INSERT AverageLatency(us)=2269.12] [READ AverageLatency(us)=27090.02] 
2014-08-14 05:53:55:541 1580 sec: 13984177 operations; 13563.64 current ops/sec; [INSERT AverageLatency(us)=1854.4] [READ AverageLatency(us)=51804.84] 
2014-08-14 05:54:05:541 1590 sec: 14093143 operations; 10896.6 current ops/sec; [INSERT AverageLatency(us)=1200.24] [READ AverageLatency(us)=77058.3] 
2014-08-14 05:54:15:542 1600 sec: 14236467 operations; 14330.97 current ops/sec; [INSERT AverageLatency(us)=686.84] [READ AverageLatency(us)=69065.71] 
2014-08-14 05:54:25:543 1610 sec: 14306944 operations; 7047 current ops/sec; [INSERT AverageLatency(us)=908.85] [READ AverageLatency(us)=45742.71] 
2014-08-14 05:54:35:543 1620 sec: 14401838 operations; 9489.4 current ops/sec; [INSERT AverageLatency(us)=1965.81] [READ AverageLatency(us)=43002.68] 
2014-08-14 05:54:45:544 1630 sec: 14468488 operations; 6664.33 current ops/sec; [INSERT AverageLatency(us)=3197.55] [READ AverageLatency(us)=34806.46] 
2014-08-14 05:54:55:544 1640 sec: 14567826 operations; 9933.8 current ops/sec; [INSERT AverageLatency(us)=1061.78] [READ AverageLatency(us)=50302.08] 
2014-08-14 05:55:05:545 1650 sec: 14666614 operations; 9877.81 current ops/sec; [INSERT AverageLatency(us)=1906.82] [READ AverageLatency(us)=52442.11] 
2014-08-14 05:55:15:546 1660 sec: 14736005 operations; 6938.41 current ops/sec; [INSERT AverageLatency(us)=1679.68] [READ AverageLatency(us)=28981.69] 
2014-08-14 05:55:25:546 1670 sec: 14736005 operations; 0 current ops/sec;   
2014-08-14 05:55:35:547 1680 sec: 14742679 operations; 667.33 current ops/sec; [INSERT AverageLatency(us)=70145] [READ AverageLatency(us)=709295.65] 
2014-08-14 05:55:45:547 1690 sec: 14912035 operations; 16935.6 current ops/sec; [INSERT AverageLatency(us)=787.02] [READ AverageLatency(us)=46365.76] 
2014-08-14 05:55:55:548 1700 sec: 15046042 operations; 13399.36 current ops/sec; [INSERT AverageLatency(us)=140.81] [READ AverageLatency(us)=79482.18] 
2014-08-14 05:56:05:549 1710 sec: 15140897 operations; 9484.55 current ops/sec; [INSERT AverageLatency(us)=2036.62] [READ AverageLatency(us)=72402.91] 
2014-08-14 05:56:15:549 1720 sec: 15144135 operations; 323.8 current ops/sec; [INSERT AverageLatency(us)=6822.26] [READ AverageLatency(us)=29315.16] 
2014-08-14 05:56:25:550 1730 sec: 15164604 operations; 2046.7 current ops/sec; [INSERT AverageLatency(us)=927.18] [READ AverageLatency(us)=349022.95] 
2014-08-14 05:56:35:550 1740 sec: 15301654 operations; 13705 current ops/sec; [INSERT AverageLatency(us)=3003.65] [READ AverageLatency(us)=80645.19] 
2014-08-14 05:56:45:551 1750 sec: 15401779 operations; 10011.5 current ops/sec; [INSERT AverageLatency(us)=11.06] [READ AverageLatency(us)=87348.94] 
2014-08-14 05:56:55:552 1760 sec: 15401779 operations; 0 current ops/sec;   
2014-08-14 05:57:05:552 1770 sec: 15586748 operations; 18496.9 current ops/sec; [INSERT AverageLatency(us)=11.61] [READ AverageLatency(us)=252841.9] 
2014-08-14 05:57:15:553 1780 sec: 15610351 operations; 2360.06 current ops/sec; [INSERT AverageLatency(us)=9133.81] [READ AverageLatency(us)=76791.32] 
2014-08-14 05:57:25:553 1790 sec: 15752807 operations; 14245.6 current ops/sec; [INSERT AverageLatency(us)=301.01] [READ AverageLatency(us)=52883.87] 
2014-08-14 05:57:35:554 1800 sec: 15834509 operations; 8169.38 current ops/sec; [INSERT AverageLatency(us)=2590.86] [READ AverageLatency(us)=91538.04] 
2014-08-14 05:57:45:554 1810 sec: 15909339 operations; 7483 current ops/sec; [INSERT AverageLatency(us)=1095.72] [READ AverageLatency(us)=43557.46] 
2014-08-14 05:57:55:693 1821 sec: 16011570 operations; 10082.95 current ops/sec; [INSERT AverageLatency(us)=2003.39] [READ AverageLatency(us)=76736.13] 
2014-08-14 05:58:05:693 1831 sec: 16066867 operations; 5529.7 current ops/sec; [INSERT AverageLatency(us)=2820.47] [READ AverageLatency(us)=76203.88] 
2014-08-14 05:58:15:694 1841 sec: 16227510 operations; 16062.69 current ops/sec; [INSERT AverageLatency(us)=102.88] [READ AverageLatency(us)=69574.5] 
2014-08-14 05:58:25:695 1851 sec: 16366513 operations; 13898.91 current ops/sec; [INSERT AverageLatency(us)=1129.25] [READ AverageLatency(us)=66426.58] 
2014-08-14 05:58:35:695 1861 sec: 16368405 operations; 189.2 current ops/sec; [INSERT AverageLatency(us)=785.58] [READ AverageLatency(us)=18290.19] 
2014-08-14 05:58:45:696 1871 sec: 16397723 operations; 2931.51 current ops/sec; [INSERT AverageLatency(us)=12406.5] [READ AverageLatency(us)=229558.44] 
2014-08-14 05:58:55:696 1881 sec: 16541597 operations; 14387.4 current ops/sec; [INSERT AverageLatency(us)=440.89] [READ AverageLatency(us)=50701.47] 
2014-08-14 05:59:05:697 1891 sec: 16541597 operations; 0 current ops/sec;   
2014-08-14 05:59:15:697 1901 sec: 16622653 operations; 8105.6 current ops/sec; [INSERT AverageLatency(us)=3441] [READ AverageLatency(us)=175516.37] 
2014-08-14 05:59:25:698 1911 sec: 16772723 operations; 15005.5 current ops/sec; [INSERT AverageLatency(us)=481.01] [READ AverageLatency(us)=83246.98] 
2014-08-14 05:59:35:699 1921 sec: 16800884 operations; 2815.82 current ops/sec; [INSERT AverageLatency(us)=5361.79] [READ AverageLatency(us)=74185.93] 
2014-08-14 05:59:45:699 1931 sec: 16960981 operations; 16009.7 current ops/sec; [INSERT AverageLatency(us)=1024.97] [READ AverageLatency(us)=67850.36] 
2014-08-14 05:59:55:700 1941 sec: 17100067 operations; 13907.21 current ops/sec; [INSERT AverageLatency(us)=682.08] [READ AverageLatency(us)=74683] 
2014-08-14 06:00:05:701 1951 sec: 17216393 operations; 11632.6 current ops/sec; [INSERT AverageLatency(us)=702.77] [READ AverageLatency(us)=52629.92] 
2014-08-14 06:00:15:701 1961 sec: 17356180 operations; 13977.3 current ops/sec; [INSERT AverageLatency(us)=910.58] [READ AverageLatency(us)=92992.75] 
2014-08-14 06:00:25:702 1971 sec: 17356180 operations; 0 current ops/sec;   
2014-08-14 06:00:35:702 1981 sec: 17411770 operations; 5559 current ops/sec; [INSERT AverageLatency(us)=2871.8] [READ AverageLatency(us)=471920.5] 
2014-08-14 06:00:45:703 1991 sec: 17537406 operations; 12562.34 current ops/sec; [INSERT AverageLatency(us)=645.48] [READ AverageLatency(us)=51214.46] 
2014-08-14 06:00:55:703 2001 sec: 17537406 operations; 0 current ops/sec;   
2014-08-14 06:01:05:704 2011 sec: 17640485 operations; 10306.87 current ops/sec; [INSERT AverageLatency(us)=2946.16] [READ AverageLatency(us)=131245.01] 
2014-08-14 06:01:15:704 2021 sec: 17784127 operations; 14364.2 current ops/sec; [INSERT AverageLatency(us)=738.44] [READ AverageLatency(us)=76088.33] 
2014-08-14 06:01:25:705 2031 sec: 17909156 operations; 12501.65 current ops/sec; [INSERT AverageLatency(us)=861.26] [READ AverageLatency(us)=66337.21] 
2014-08-14 06:01:35:706 2041 sec: 18064227 operations; 15505.55 current ops/sec; [INSERT AverageLatency(us)=760.11] [READ AverageLatency(us)=66683.7] 
2014-08-14 06:01:45:706 2051 sec: 18068858 operations; 463.1 current ops/sec; [INSERT AverageLatency(us)=9.17] [READ AverageLatency(us)=159129.44] 
2014-08-14 06:01:55:707 2061 sec: 18136128 operations; 6726.33 current ops/sec; [INSERT AverageLatency(us)=128.18] [READ AverageLatency(us)=483201.73] 
2014-08-14 06:02:05:707 2071 sec: 18275043 operations; 13891.5 current ops/sec; [INSERT AverageLatency(us)=935.43] [READ AverageLatency(us)=60224.65] 
2014-08-14 06:02:15:708 2081 sec: 18361700 operations; 8664.83 current ops/sec; [INSERT AverageLatency(us)=1250.56] [READ AverageLatency(us)=40278.65] 
2014-08-14 06:02:25:709 2091 sec: 18361700 operations; 0 current ops/sec;   
2014-08-14 06:02:35:709 2101 sec: 18473783 operations; 11208.3 current ops/sec; [INSERT AverageLatency(us)=1401.71] [READ AverageLatency(us)=264924.46] 
2014-08-14 06:02:45:710 2111 sec: 18603393 operations; 12959.7 current ops/sec; [INSERT AverageLatency(us)=794.65] [READ AverageLatency(us)=48031.98] 
2014-08-14 06:02:55:710 2121 sec: 18603393 operations; 0 current ops/sec;   
2014-08-14 06:03:05:711 2131 sec: 18745778 operations; 14237.08 current ops/sec; [INSERT AverageLatency(us)=979.93] [READ AverageLatency(us)=225737.88] 
2014-08-14 06:03:15:711 2141 sec: 18954800 operations; 20902.2 current ops/sec; [INSERT AverageLatency(us)=12.49] [READ AverageLatency(us)=65334.08] 
2014-08-14 06:03:25:712 2151 sec: 19088237 operations; 13342.37 current ops/sec; [INSERT AverageLatency(us)=923.2] [READ AverageLatency(us)=74351.57] 
2014-08-14 06:03:35:713 2161 sec: 19094555 operations; 631.74 current ops/sec; [INSERT AverageLatency(us)=2629.08] [READ AverageLatency(us)=47551.64] 
2014-08-14 06:03:45:713 2171 sec: 19094555 operations; 0 current ops/sec;   
2014-08-14 06:03:55:714 2181 sec: 19226530 operations; 13196.18 current ops/sec; [INSERT AverageLatency(us)=2841.97] [READ AverageLatency(us)=159655.42] 
2014-08-14 06:04:05:714 2191 sec: 19367644 operations; 14111.4 current ops/sec; [INSERT AverageLatency(us)=480.56] [READ AverageLatency(us)=79688.38] 
2014-08-14 06:04:15:715 2201 sec: 19485664 operations; 11800.82 current ops/sec; [INSERT AverageLatency(us)=815.77] [READ AverageLatency(us)=81769.28] 
2014-08-14 06:04:25:715 2211 sec: 19485664 operations; 0 current ops/sec;   
2014-08-14 06:04:35:716 2221 sec: 19592720 operations; 10704.53 current ops/sec; [INSERT AverageLatency(us)=154.77] [READ AverageLatency(us)=354178.64] 
2014-08-14 06:04:45:716 2231 sec: 19737562 operations; 14484.2 current ops/sec; [INSERT AverageLatency(us)=740.8] [READ AverageLatency(us)=68271.19] 
2014-08-14 06:04:56:305 2241 sec: 19865635 operations; 12094.91 current ops/sec; [INSERT AverageLatency(us)=785.74] [READ AverageLatency(us)=69302.75] 
2014-08-14 06:05:06:315 2251 sec: 20037882 operations; 17207.49 current ops/sec; [INSERT AverageLatency(us)=699.48] [READ AverageLatency(us)=60797.21] 
2014-08-14 06:05:16:315 2261 sec: 20039439 operations; 155.7 current ops/sec; [INSERT AverageLatency(us)=24568.13] [READ AverageLatency(us)=67781] 
2014-08-14 06:05:26:316 2271 sec: 20084571 operations; 4512.75 current ops/sec; [INSERT AverageLatency(us)=1748.24] [READ AverageLatency(us)=692455.4] 
2014-08-14 06:05:36:316 2281 sec: 20168382 operations; 8381.1 current ops/sec; [INSERT AverageLatency(us)=1329.75] [READ AverageLatency(us)=90204.89] 
2014-08-14 06:05:46:317 2291 sec: 20311562 operations; 14316.57 current ops/sec; [INSERT AverageLatency(us)=52.51] [READ AverageLatency(us)=93269.18] 
2014-08-14 06:05:56:318 2301 sec: 20324312 operations; 1274.87 current ops/sec; [INSERT AverageLatency(us)=15418.57] [READ AverageLatency(us)=60860.14] 
2014-08-14 06:06:06:318 2311 sec: 20496513 operations; 17220.1 current ops/sec; [INSERT AverageLatency(us)=692.78] [READ AverageLatency(us)=54365.82] 
2014-08-14 06:06:16:319 2321 sec: 20571923 operations; 7540.25 current ops/sec; [INSERT AverageLatency(us)=2178.18] [READ AverageLatency(us)=42402.08] 
2014-08-14 06:06:26:319 2331 sec: 20686272 operations; 11434.9 current ops/sec; [INSERT AverageLatency(us)=1520.87] [READ AverageLatency(us)=51746.83] 
2014-08-14 06:06:36:320 2341 sec: 20733742 operations; 4746.53 current ops/sec; [INSERT AverageLatency(us)=1821.25] [READ AverageLatency(us)=29391.39] 
2014-08-14 06:06:46:321 2351 sec: 20842854 operations; 10910.11 current ops/sec; [INSERT AverageLatency(us)=1821.8] [READ AverageLatency(us)=58286.84] 
2014-08-14 06:06:56:321 2361 sec: 20933005 operations; 9015.1 current ops/sec; [INSERT AverageLatency(us)=1910.2] [READ AverageLatency(us)=50001.44] 
2014-08-14 06:07:06:322 2371 sec: 20985182 operations; 5217.18 current ops/sec; [INSERT AverageLatency(us)=1711.45] [READ AverageLatency(us)=25159.51] 
2014-08-14 06:07:16:322 2381 sec: 21080644 operations; 9546.2 current ops/sec; [INSERT AverageLatency(us)=2155.98] [READ AverageLatency(us)=52874.33] 
2014-08-14 06:07:26:323 2391 sec: 21174896 operations; 9424.26 current ops/sec; [INSERT AverageLatency(us)=1784.97] [READ AverageLatency(us)=42240.15] 
2014-08-14 06:07:36:324 2401 sec: 21236532 operations; 6162.98 current ops/sec; [INSERT AverageLatency(us)=1825.57] [READ AverageLatency(us)=29584.91] 
2014-08-14 06:07:46:324 2411 sec: 21340890 operations; 10435.8 current ops/sec; [INSERT AverageLatency(us)=2094.81] [READ AverageLatency(us)=62526.28] 
2014-08-14 06:07:56:325 2421 sec: 21395302 operations; 5440.66 current ops/sec; [INSERT AverageLatency(us)=3630.83] [READ AverageLatency(us)=57624.5] 
2014-08-14 06:08:06:325 2431 sec: 21446046 operations; 5074.4 current ops/sec; [INSERT AverageLatency(us)=1574.93] [READ AverageLatency(us)=46959.7] 
2014-08-14 06:08:16:326 2441 sec: 21446046 operations; 0 current ops/sec;   
2014-08-14 06:08:26:326 2451 sec: 21487757 operations; 4171.1 current ops/sec; [INSERT AverageLatency(us)=7890.66] [READ AverageLatency(us)=548846.81] 
2014-08-14 06:08:36:336 2461 sec: 21620784 operations; 13289.41 current ops/sec; [INSERT AverageLatency(us)=129.75] [READ AverageLatency(us)=55637.86] 
2014-08-14 06:08:46:337 2471 sec: 21715659 operations; 9486.55 current ops/sec; [INSERT AverageLatency(us)=2086.71] [READ AverageLatency(us)=44275.58] 
2014-08-14 06:08:56:338 2481 sec: 21721941 operations; 628.14 current ops/sec; [INSERT AverageLatency(us)=19516.9] [READ AverageLatency(us)=181257.37] 
2014-08-14 06:09:06:338 2491 sec: 21794446 operations; 7250.5 current ops/sec; [INSERT AverageLatency(us)=10.05] [READ AverageLatency(us)=487084.97] 
2014-08-14 06:09:16:339 2501 sec: 22005020 operations; 21055.29 current ops/sec; [INSERT AverageLatency(us)=12.16] [READ AverageLatency(us)=64054.85] 
2014-08-14 06:09:26:339 2511 sec: 22107368 operations; 10234.8 current ops/sec; [INSERT AverageLatency(us)=1634.81] [READ AverageLatency(us)=89427.99] 
2014-08-14 06:09:36:340 2521 sec: 22191791 operations; 8441.46 current ops/sec; [INSERT AverageLatency(us)=626.87] [READ AverageLatency(us)=64712.55] 
2014-08-14 06:09:46:341 2531 sec: 22191791 operations; 0 current ops/sec;   
2014-08-14 06:09:56:341 2541 sec: 22341784 operations; 14999.3 current ops/sec; [INSERT AverageLatency(us)=1274.15] [READ AverageLatency(us)=182281.05] 
2014-08-14 06:10:06:341 2551 sec: 22402471 operations; 6068.7 current ops/sec; [INSERT AverageLatency(us)=1748.01] [READ AverageLatency(us)=97618.85] 
2014-08-14 06:10:16:342 2561 sec: 22402471 operations; 0 current ops/sec;   
2014-08-14 06:10:26:342 2571 sec: 22502354 operations; 9988.3 current ops/sec; [INSERT AverageLatency(us)=908.41] [READ AverageLatency(us)=358169.12] 
2014-08-14 06:10:36:343 2581 sec: 22590185 operations; 8782.22 current ops/sec; [INSERT AverageLatency(us)=11.68] [READ AverageLatency(us)=56990.42] 
2014-08-14 06:10:46:344 2591 sec: 22635909 operations; 4571.94 current ops/sec; [INSERT AverageLatency(us)=18.97] [READ AverageLatency(us)=401231.77] 
2014-08-14 06:10:56:344 2601 sec: 22787693 operations; 15178.4 current ops/sec; [INSERT AverageLatency(us)=1597.85] [READ AverageLatency(us)=63339.12] 
2014-08-14 06:11:06:345 2611 sec: 22882657 operations; 9495.45 current ops/sec; [INSERT AverageLatency(us)=1082.16] [READ AverageLatency(us)=73999.37] 
2014-08-14 06:11:16:346 2621 sec: 22882657 operations; 0 current ops/sec;   
2014-08-14 06:11:26:346 2631 sec: 22943266 operations; 6060.29 current ops/sec; [INSERT AverageLatency(us)=2036.39] [READ AverageLatency(us)=558411.84] 
2014-08-14 06:11:36:347 2641 sec: 23072876 operations; 12959.7 current ops/sec; [INSERT AverageLatency(us)=430.6] [READ AverageLatency(us)=57121.5] 
2014-08-14 06:11:46:347 2651 sec: 23200886 operations; 12801 current ops/sec; [INSERT AverageLatency(us)=1405.35] [READ AverageLatency(us)=71033.93] 
2014-08-14 06:11:56:348 2661 sec: 23200886 operations; 0 current ops/sec;   
2014-08-14 06:12:06:348 2671 sec: 23325453 operations; 12456.7 current ops/sec; [INSERT AverageLatency(us)=11.67] [READ AverageLatency(us)=327672.82] 
2014-08-14 06:12:16:349 2681 sec: 23508733 operations; 18326.17 current ops/sec; [INSERT AverageLatency(us)=10.41] [READ AverageLatency(us)=65109.68] 
2014-08-14 06:12:26:349 2691 sec: 23524723 operations; 1599 current ops/sec; [INSERT AverageLatency(us)=7423.71] [READ AverageLatency(us)=52725.18] 
2014-08-14 06:12:36:350 2701 sec: 23524723 operations; 0 current ops/sec;   
2014-08-14 06:12:46:350 2711 sec: 23703241 operations; 17851.8 current ops/sec; [INSERT AverageLatency(us)=11.04] [READ AverageLatency(us)=263938.68] 
2014-08-14 06:12:56:351 2721 sec: 23784416 operations; 8116.69 current ops/sec; [INSERT AverageLatency(us)=1457.03] [READ AverageLatency(us)=97177.15] 
2014-08-14 06:13:06:352 2731 sec: 23784416 operations; 0 current ops/sec;   
2014-08-14 06:13:16:491 2741 sec: 23896916 operations; 11095.77 current ops/sec; [INSERT AverageLatency(us)=13.91] [READ AverageLatency(us)=406607.27] 
2014-08-14 06:13:26:492 2751 sec: 24013070 operations; 11614.24 current ops/sec; [INSERT AverageLatency(us)=885.06] [READ AverageLatency(us)=99036.42] 
2014-08-14 06:13:36:492 2761 sec: 24195743 operations; 18267.3 current ops/sec; [INSERT AverageLatency(us)=538.15] [READ AverageLatency(us)=54840.44] 
2014-08-14 06:13:46:493 2771 sec: 24320005 operations; 12424.96 current ops/sec; [INSERT AverageLatency(us)=344.38] [READ AverageLatency(us)=74683.18] 
2014-08-14 06:13:56:493 2781 sec: 24430699 operations; 11069.4 current ops/sec; [INSERT AverageLatency(us)=1110.49] [READ AverageLatency(us)=67354.14] 
2014-08-14 06:14:06:494 2791 sec: 24533511 operations; 10280.17 current ops/sec; [INSERT AverageLatency(us)=794.38] [READ AverageLatency(us)=97262.03] 
2014-08-14 06:14:16:494 2801 sec: 24533511 operations; 0 current ops/sec;   
2014-08-14 06:14:26:495 2811 sec: 24618492 operations; 8497.25 current ops/sec; [INSERT AverageLatency(us)=136.2] [READ AverageLatency(us)=449755.65] 
2014-08-14 06:14:36:495 2821 sec: 24784935 operations; 16644.3 current ops/sec; [UPDATE AverageLatency(us)=16289161.5] [INSERT AverageLatency(us)=530.28] [READ AverageLatency(us)=69723.15] [CLEANUP AverageLatency(us)=16289585] 
2014-08-14 06:14:46:496 2831 sec: 24794124 operations; 918.81 current ops/sec; [UPDATE AverageLatency(us)=9366664] [INSERT AverageLatency(us)=8644.64] [READ AverageLatency(us)=69663.37] [CLEANUP AverageLatency(us)=9366675] 
2014-08-14 06:14:56:497 2841 sec: 24794124 operations; 0 current ops/sec;     
2014-08-14 06:15:06:497 2851 sec: 24861151 operations; 6702.03 current ops/sec;  [INSERT AverageLatency(us)=10.61] [READ AverageLatency(us)=410331.93]  
2014-08-14 06:15:16:497 2861 sec: 24935784 operations; 7463.3 current ops/sec; [UPDATE AverageLatency(us)=21108404.6] [INSERT AverageLatency(us)=2156.54] [READ AverageLatency(us)=51239.61] [CLEANUP AverageLatency(us)=21108419] 
2014-08-14 06:15:26:191 2871 sec: 25000000 operations; 6624.3 current ops/sec; [UPDATE AverageLatency(us)=1675210.92] [INSERT AverageLatency(us)=166.96] [READ AverageLatency(us)=34797.63] [CLEANUP AverageLatency(us)=1675221.33] 
+ echo 'end time:'
end time:
++ date +%s
+ echo 1408022126
1408022126
+ echo 'sleeping for 10 sec ...'
sleeping for 10 sec ...
+ sleep 10
+ let counter=1+1
+ read line
+ set +x
