++ ls caseresult/ -ltr
++ wc -l
+ filename=case47
+ mkdir caseresult/case47
+ RESULT_DIR=/home/hadoop/git/physical_design/caseresult/case47
+ TEN=10
+ SIXTY=60
+ SLEEP_TIME=300
+ YCSB_DIR=/home/hadoop/ycsb-0.1.4
+ number_of_operations=50000000
+ number_of_threads=20
+ number_of_records=50000000
+ output_file_suffix=.dat
+ experiment_list_file=/home/hadoop/git/physical_design/case47.list
+ clean=false
+ create=false
+ load=false
+ random_read=false
+ workloada=false
+ workloadb=false
+ workloadc=false
+ scan=false
+ all=false
+ for i in '$@'
+ '[' clean == all ']'
+ '[' clean == clean ']'
+ clean=true
+ for i in '$@'
+ '[' create == all ']'
+ '[' create == clean ']'
+ '[' create == create ']'
+ create=true
+ for i in '$@'
+ '[' workloadc == all ']'
+ '[' workloadc == clean ']'
+ '[' workloadc == create ']'
+ '[' workloadc == load ']'
+ '[' workloadc == random_read ']'
+ '[' workloadc == scan ']'
+ '[' workloadc == workloada ']'
+ '[' workloadc == workloadb ']'
+ '[' workloadc == workloadc ']'
+ workloadc=true
+ let counter=1
+ cd /home/hadoop/ycsb-0.1.4
++ pwd
+ echo /home/hadoop/ycsb-0.1.4
/home/hadoop/ycsb-0.1.4
+ read line
+ false
+ true
+ echo 'sleeping for 60 ...'
sleeping for 60 ...
+ sleep 60
+ echo 'droping usertable...'
droping usertable...
+ hbase shell /home/hadoop/git/physical_design/delete_table
SLF4J: Class path contains multiple SLF4J bindings.
SLF4J: Found binding in [jar:file:/home/hadoop/hbase-0.98.3-hadoop1/lib/slf4j-log4j12-1.6.4.jar!/org/slf4j/impl/StaticLoggerBinder.class]
SLF4J: Found binding in [jar:file:/home/hadoop/hadoop-1.2.1/lib/slf4j-log4j12-1.4.3.jar!/org/slf4j/impl/StaticLoggerBinder.class]
SLF4J: See http://www.slf4j.org/codes.html#multiple_bindings for an explanation.
0 row(s) in 2.7560 seconds

0 row(s) in 1.2810 seconds

0 row(s) in 0.0670 seconds

+ echo 'sleeping for 300 ...'
sleeping for 300 ...
+ sleep 300
+ false
+ true
+ echo 'creating usertable...'
creating usertable...
+ create_statement='create '\''usertable'\'', { NAME=>'\''family'\'', CONFIGURATION => { '\''hbase.hregion.majorcompaction'\'' => '\''0'\'' } ,  COMPRESSION=>'\''GZ'\''}, SPLITS => ['\''user1'\'', '\''user2'\'', '\''user3'\'', '\''user4'\'', '\''user5'\'', '\''user6'\'', '\''user7'\'', '\''user8'\'', '\''user9'\'']'
+ echo create ''\''usertable'\'',' '{' 'NAME=>'\''family'\'',' CONFIGURATION '=>' '{' ''\''hbase.hregion.majorcompaction'\''' '=>' ''\''0'\''' '}' , 'COMPRESSION=>'\''GZ'\''},' SPLITS '=>' '['\''user1'\'',' ''\''user2'\'',' ''\''user3'\'',' ''\''user4'\'',' ''\''user5'\'',' ''\''user6'\'',' ''\''user7'\'',' ''\''user8'\'',' ''\''user9'\'']'
+ echo 'exit '
+ create_table /home/hadoop/git/physical_design/caseresult/case47/create_1.script
+ echo 'creating table...'
creating table...
+ echo /home/hadoop/git/physical_design/caseresult/case47/create_1.script
/home/hadoop/git/physical_design/caseresult/case47/create_1.script
+ hbase shell /home/hadoop/git/physical_design/caseresult/case47/create_1.script
SLF4J: Class path contains multiple SLF4J bindings.
SLF4J: Found binding in [jar:file:/home/hadoop/hbase-0.98.3-hadoop1/lib/slf4j-log4j12-1.6.4.jar!/org/slf4j/impl/StaticLoggerBinder.class]
SLF4J: Found binding in [jar:file:/home/hadoop/hadoop-1.2.1/lib/slf4j-log4j12-1.4.3.jar!/org/slf4j/impl/StaticLoggerBinder.class]
SLF4J: See http://www.slf4j.org/codes.html#multiple_bindings for an explanation.
0 row(s) in 1.6380 seconds

+ echo 'sleeping for 10 sec ...'
sleeping for 10 sec ...
+ sleep 10
+ false
+ false
+ false
+ false
+ false
+ false
+ false
+ false
+ false
+ true
+ echo workloadc...
workloadc...
+ echo 'start time: '
start time: 
++ date +%s
+ echo 1404960944
1404960944
++ echo /home/hadoop/git/physical_design/caseresult/case47/workloadc_1.dat
+ ./workloadc 50000000 20 /home/hadoop/git/physical_design/caseresult/case47/workloadc_1.dat
Loading workload...
Starting test.
2014-07-09 19:55:45:624 0 sec: 0 operations; 
14/07/09 19:55:46 INFO zookeeper.ZooKeeper: Client environment:zookeeper.version=3.4.6-1569965, built on 02/20/2014 09:09 GMT
14/07/09 19:55:46 INFO zookeeper.ZooKeeper: Client environment:host.name=sceplus-vm48.almaden.ibm.com
14/07/09 19:55:46 INFO zookeeper.ZooKeeper: Client environment:java.version=1.6.0_31
14/07/09 19:55:46 INFO zookeeper.ZooKeeper: Client environment:java.vendor=Sun Microsystems Inc.
14/07/09 19:55:46 INFO zookeeper.ZooKeeper: Client environment:java.home=/usr/lib/jvm/java-6-openjdk-amd64/jre
14/07/09 19:55:46 INFO zookeeper.ZooKeeper: Client environment:java.class.path=/home/hadoop/ycsb-0.1.4/hbase-binding/lib/hbase-binding-0.1.4.jar:/home/hadoop/ycsb-0.1.4/hbase-binding/conf:/home/hadoop/ycsb-0.1.4/jdbc-binding/conf:/home/hadoop/ycsb-0.1.4/core/lib/core-0.1.4.jar
14/07/09 19:55:46 INFO zookeeper.ZooKeeper: Client environment:java.library.path=/usr/lib/jvm/java-6-openjdk-amd64/jre/lib/amd64/server:/usr/lib/jvm/java-6-openjdk-amd64/jre/lib/amd64:/usr/lib/jvm/java-6-openjdk-amd64/jre/../lib/amd64:/usr/java/packages/lib/amd64:/usr/lib/jni:/lib:/usr/lib
14/07/09 19:55:46 INFO zookeeper.ZooKeeper: Client environment:java.io.tmpdir=/tmp
14/07/09 19:55:46 INFO zookeeper.ZooKeeper: Client environment:java.compiler=<NA>
14/07/09 19:55:46 INFO zookeeper.ZooKeeper: Client environment:os.name=Linux
14/07/09 19:55:46 INFO zookeeper.ZooKeeper: Client environment:os.arch=amd64
14/07/09 19:55:46 INFO zookeeper.ZooKeeper: Client environment:os.version=3.13.0-24-generic
14/07/09 19:55:46 INFO zookeeper.ZooKeeper: Client environment:user.name=hadoop
14/07/09 19:55:46 INFO zookeeper.ZooKeeper: Client environment:user.home=/home/hadoop
14/07/09 19:55:46 INFO zookeeper.ZooKeeper: Client environment:user.dir=/home/hadoop/ycsb-0.1.4
14/07/09 19:55:46 INFO zookeeper.ZooKeeper: Initiating client connection, connectString=sceplus-vm49.almaden.ibm.com:2181,sceplus-vm48.almaden.ibm.com:2181 sessionTimeout=90000 watcher=hconnection-0x41fbfa37, quorum=sceplus-vm49.almaden.ibm.com:2181,sceplus-vm48.almaden.ibm.com:2181, baseZNode=/hbase
14/07/09 19:55:46 INFO zookeeper.RecoverableZooKeeper: Process identifier=hconnection-0x41fbfa37 connecting to ZooKeeper ensemble=sceplus-vm49.almaden.ibm.com:2181,sceplus-vm48.almaden.ibm.com:2181
14/07/09 19:55:46 INFO zookeeper.ClientCnxn: Opening socket connection to server sceplus-vm48.almaden.ibm.com/9.1.143.58:2181. Will not attempt to authenticate using SASL (unknown error)
14/07/09 19:55:46 INFO zookeeper.ClientCnxn: Socket connection established to sceplus-vm48.almaden.ibm.com/9.1.143.58:2181, initiating session
14/07/09 19:55:46 INFO zookeeper.ClientCnxn: Session establishment complete on server sceplus-vm48.almaden.ibm.com/9.1.143.58:2181, sessionid = 0x471e2cc4ff000d, negotiated timeout = 90000
2014-07-09 19:55:55:626 10 sec: 1538 operations; 153.77 current ops/sec; [INSERT AverageLatency(us)=13851.45] [READ AverageLatency(us)=33340.42] 
2014-07-09 19:56:05:628 20 sec: 10443 operations; 890.32 current ops/sec; [INSERT AverageLatency(us)=20.05] [READ AverageLatency(us)=8442.93] 
2014-07-09 19:56:15:629 30 sec: 79410 operations; 6896.01 current ops/sec; [INSERT AverageLatency(us)=13.7] [READ AverageLatency(us)=5947.15] 
2014-07-09 19:56:25:629 40 sec: 213655 operations; 13424.5 current ops/sec; [INSERT AverageLatency(us)=30.6] [READ AverageLatency(us)=10871.51] 
2014-07-09 19:56:35:630 50 sec: 510791 operations; 29710.63 current ops/sec; [INSERT AverageLatency(us)=13] [READ AverageLatency(us)=5342.87] 
2014-07-09 19:56:45:631 60 sec: 816843 operations; 30602.14 current ops/sec; [INSERT AverageLatency(us)=14.78] [READ AverageLatency(us)=5998.3] 
2014-07-09 19:56:55:631 70 sec: 1144585 operations; 32774.2 current ops/sec; [INSERT AverageLatency(us)=13.44] [READ AverageLatency(us)=5849.45] 
2014-07-09 19:57:05:632 80 sec: 1392687 operations; 24807.72 current ops/sec; [INSERT AverageLatency(us)=12.25] [READ AverageLatency(us)=7783.85] 
2014-07-09 19:57:15:633 90 sec: 1644940 operations; 25222.78 current ops/sec; [INSERT AverageLatency(us)=11.9] [READ AverageLatency(us)=7661.04] 
2014-07-09 19:57:25:634 100 sec: 1787910 operations; 14295.57 current ops/sec; [INSERT AverageLatency(us)=11.9] [READ AverageLatency(us)=8836.06] 
2014-07-09 19:57:35:634 110 sec: 1792752 operations; 484.2 current ops/sec; [INSERT AverageLatency(us)=24.02] [READ AverageLatency(us)=551285.11] 
2014-07-09 19:57:45:635 120 sec: 1961140 operations; 16837.12 current ops/sec; [INSERT AverageLatency(us)=26.57] [READ AverageLatency(us)=11115.38] 
2014-07-09 19:57:55:636 130 sec: 2044126 operations; 8297.77 current ops/sec; [INSERT AverageLatency(us)=196.85] [READ AverageLatency(us)=21624.3] 
2014-07-09 19:58:05:826 140 sec: 2243305 operations; 19546.52 current ops/sec; [INSERT AverageLatency(us)=11.3] [READ AverageLatency(us)=10474.39] 
2014-07-09 19:58:15:827 150 sec: 2427932 operations; 18460.85 current ops/sec; [INSERT AverageLatency(us)=18.65] [READ AverageLatency(us)=10623.04] 
2014-07-09 19:58:25:828 160 sec: 2621062 operations; 19311.07 current ops/sec; [INSERT AverageLatency(us)=13.52] [READ AverageLatency(us)=9539] 
2014-07-09 19:58:35:828 170 sec: 2836412 operations; 21535 current ops/sec; [INSERT AverageLatency(us)=12.58] [READ AverageLatency(us)=9649.99] 
2014-07-09 19:58:45:830 180 sec: 3034188 operations; 19773.65 current ops/sec; [INSERT AverageLatency(us)=14.2] [READ AverageLatency(us)=9878.78] 
2014-07-09 19:58:55:831 190 sec: 3251707 operations; 21749.73 current ops/sec; [INSERT AverageLatency(us)=12.49] [READ AverageLatency(us)=9065.83] 
2014-07-09 19:59:05:831 200 sec: 3516979 operations; 26527.2 current ops/sec; [INSERT AverageLatency(us)=12.79] [READ AverageLatency(us)=7414.98] 
2014-07-09 19:59:15:832 210 sec: 3732200 operations; 21519.95 current ops/sec; [INSERT AverageLatency(us)=13.18] [READ AverageLatency(us)=9171.03] 
2014-07-09 19:59:25:833 220 sec: 3937705 operations; 20548.45 current ops/sec; [INSERT AverageLatency(us)=11.51] [READ AverageLatency(us)=9544.48] 
2014-07-09 19:59:35:833 230 sec: 4107589 operations; 16988.4 current ops/sec; [INSERT AverageLatency(us)=13.26] [READ AverageLatency(us)=11464.53] 
2014-07-09 19:59:45:834 240 sec: 4333237 operations; 22562.54 current ops/sec; [INSERT AverageLatency(us)=13.19] [READ AverageLatency(us)=8728.47] 
2014-07-09 19:59:55:835 250 sec: 4530614 operations; 19735.73 current ops/sec; [INSERT AverageLatency(us)=11.48] [READ AverageLatency(us)=9733.87] 
2014-07-09 20:00:05:835 260 sec: 4767095 operations; 23648.1 current ops/sec; [INSERT AverageLatency(us)=12.18] [READ AverageLatency(us)=8351.21] 
2014-07-09 20:00:15:836 270 sec: 4963405 operations; 19629.04 current ops/sec; [INSERT AverageLatency(us)=13.12] [READ AverageLatency(us)=9893.52] 
2014-07-09 20:00:25:837 280 sec: 5170458 operations; 20703.23 current ops/sec; [INSERT AverageLatency(us)=11.98] [READ AverageLatency(us)=9596.32] 
2014-07-09 20:00:35:837 290 sec: 5379964 operations; 20950.6 current ops/sec; [INSERT AverageLatency(us)=12.69] [READ AverageLatency(us)=9383.64] 
2014-07-09 20:00:45:838 300 sec: 5592529 operations; 21254.37 current ops/sec; [INSERT AverageLatency(us)=15.03] [READ AverageLatency(us)=9256.46] 
2014-07-09 20:00:55:838 310 sec: 5829239 operations; 23671 current ops/sec; [INSERT AverageLatency(us)=15.23] [READ AverageLatency(us)=8197.47] 
2014-07-09 20:01:05:839 320 sec: 6049323 operations; 22006.2 current ops/sec; [INSERT AverageLatency(us)=13.47] [READ AverageLatency(us)=8924.49] 
2014-07-09 20:01:15:840 330 sec: 6259058 operations; 20971.4 current ops/sec; [INSERT AverageLatency(us)=12.94] [READ AverageLatency(us)=9343.41] 
2014-07-09 20:01:25:860 340 sec: 6472622 operations; 21313.77 current ops/sec; [INSERT AverageLatency(us)=12.47] [READ AverageLatency(us)=9221.03] 
2014-07-09 20:01:35:861 350 sec: 6705684 operations; 23303.87 current ops/sec; [INSERT AverageLatency(us)=13.92] [READ AverageLatency(us)=8327.02] 
2014-07-09 20:01:45:861 360 sec: 6954150 operations; 24846.6 current ops/sec; [INSERT AverageLatency(us)=14.31] [READ AverageLatency(us)=7884.98] 
2014-07-09 20:01:55:862 370 sec: 7207677 operations; 25350.16 current ops/sec; [INSERT AverageLatency(us)=12.69] [READ AverageLatency(us)=7700.85] 
2014-07-09 20:02:05:863 380 sec: 7441078 operations; 23337.77 current ops/sec; [INSERT AverageLatency(us)=12.61] [READ AverageLatency(us)=8442.87] 
2014-07-09 20:02:15:863 390 sec: 7679896 operations; 23881.8 current ops/sec; [INSERT AverageLatency(us)=12.97] [READ AverageLatency(us)=8180.53] 
2014-07-09 20:02:25:864 400 sec: 7905697 operations; 22577.84 current ops/sec; [INSERT AverageLatency(us)=11.46] [READ AverageLatency(us)=8699.21] 
2014-07-09 20:02:35:865 410 sec: 8154617 operations; 24889.51 current ops/sec; [INSERT AverageLatency(us)=10.98] [READ AverageLatency(us)=7834.27] 
2014-07-09 20:02:45:865 420 sec: 8378002 operations; 22338.5 current ops/sec; [INSERT AverageLatency(us)=12.33] [READ AverageLatency(us)=8909.97] 
2014-07-09 20:02:55:918 430 sec: 8594030 operations; 21491.05 current ops/sec; [INSERT AverageLatency(us)=12.55] [READ AverageLatency(us)=9079.95] 
2014-07-09 20:03:05:918 440 sec: 8829736 operations; 23568.24 current ops/sec; [INSERT AverageLatency(us)=11.64] [READ AverageLatency(us)=8341.9] 
2014-07-09 20:03:15:919 450 sec: 9037019 operations; 20726.23 current ops/sec; [INSERT AverageLatency(us)=13.45] [READ AverageLatency(us)=9551.03] 
2014-07-09 20:03:25:937 460 sec: 9256488 operations; 21907.47 current ops/sec; [INSERT AverageLatency(us)=13.22] [READ AverageLatency(us)=8986.23] 
2014-07-09 20:03:35:937 470 sec: 9478269 operations; 22178.1 current ops/sec; [INSERT AverageLatency(us)=13.65] [READ AverageLatency(us)=8838.6] 
2014-07-09 20:03:45:938 480 sec: 9681831 operations; 20354.16 current ops/sec; [INSERT AverageLatency(us)=11.72] [READ AverageLatency(us)=9678.42] 
2014-07-09 20:03:55:939 490 sec: 9908991 operations; 22713.73 current ops/sec; [INSERT AverageLatency(us)=11.17] [READ AverageLatency(us)=8716.56] 
2014-07-09 20:04:05:939 500 sec: 10119259 operations; 21026.8 current ops/sec; [INSERT AverageLatency(us)=10.88] [READ AverageLatency(us)=9270.16] 
2014-07-09 20:04:15:940 510 sec: 10339902 operations; 22062.09 current ops/sec; [INSERT AverageLatency(us)=13.91] [READ AverageLatency(us)=8981.8] 
2014-07-09 20:04:25:941 520 sec: 10530842 operations; 19092.09 current ops/sec; [INSERT AverageLatency(us)=11.12] [READ AverageLatency(us)=10319.81] 
2014-07-09 20:04:35:960 530 sec: 10746735 operations; 21548.36 current ops/sec; [INSERT AverageLatency(us)=12.19] [READ AverageLatency(us)=9165.74] 
2014-07-09 20:04:45:961 540 sec: 10964040 operations; 21728.33 current ops/sec; [INSERT AverageLatency(us)=12.88] [READ AverageLatency(us)=9119.95] 
2014-07-09 20:04:55:962 550 sec: 11135906 operations; 17186.6 current ops/sec; [INSERT AverageLatency(us)=13.54] [READ AverageLatency(us)=11239.45] 
2014-07-09 20:05:05:962 560 sec: 11337271 operations; 20134.49 current ops/sec; [INSERT AverageLatency(us)=12.07] [READ AverageLatency(us)=9674.3] 
2014-07-09 20:05:15:963 570 sec: 11537777 operations; 20048.6 current ops/sec; [INSERT AverageLatency(us)=12.57] [READ AverageLatency(us)=9818.76] 
2014-07-09 20:05:25:964 580 sec: 11683244 operations; 14545.25 current ops/sec; [INSERT AverageLatency(us)=38.14] [READ AverageLatency(us)=13361.85] 
2014-07-09 20:05:35:965 590 sec: 11878100 operations; 19483.65 current ops/sec; [INSERT AverageLatency(us)=12.07] [READ AverageLatency(us)=10056.4] 
2014-07-09 20:05:45:966 600 sec: 12036172 operations; 15805.62 current ops/sec; [INSERT AverageLatency(us)=13.47] [READ AverageLatency(us)=12478.22] 
2014-07-09 20:05:55:966 610 sec: 12228781 operations; 19260.9 current ops/sec; [INSERT AverageLatency(us)=12.55] [READ AverageLatency(us)=10251.15] 
2014-07-09 20:06:05:967 620 sec: 12423280 operations; 19447.96 current ops/sec; [INSERT AverageLatency(us)=12.48] [READ AverageLatency(us)=10133.3] 
2014-07-09 20:06:15:968 630 sec: 12621992 operations; 19869.21 current ops/sec; [INSERT AverageLatency(us)=11.11] [READ AverageLatency(us)=9898.24] 
2014-07-09 20:06:25:968 640 sec: 12825434 operations; 20344.2 current ops/sec; [INSERT AverageLatency(us)=12.48] [READ AverageLatency(us)=9615.13] 
2014-07-09 20:06:35:969 650 sec: 13002655 operations; 17720.33 current ops/sec; [INSERT AverageLatency(us)=11.34] [READ AverageLatency(us)=11181.97] 
2014-07-09 20:06:45:970 660 sec: 13175869 operations; 17319.67 current ops/sec; [INSERT AverageLatency(us)=11.61] [READ AverageLatency(us)=11529.53] 
2014-07-09 20:06:55:971 670 sec: 13375059 operations; 19917.01 current ops/sec; [INSERT AverageLatency(us)=14.07] [READ AverageLatency(us)=9841.21] 
2014-07-09 20:07:05:972 680 sec: 13571442 operations; 19636.34 current ops/sec; [INSERT AverageLatency(us)=11.24] [READ AverageLatency(us)=9941.79] 
2014-07-09 20:07:15:973 690 sec: 13778532 operations; 20706.93 current ops/sec; [INSERT AverageLatency(us)=12.13] [READ AverageLatency(us)=9481.39] 
2014-07-09 20:07:25:973 700 sec: 13948628 operations; 17009.6 current ops/sec; [INSERT AverageLatency(us)=10.84] [READ AverageLatency(us)=11746.84] 
2014-07-09 20:07:35:974 710 sec: 14107871 operations; 15922.71 current ops/sec; [INSERT AverageLatency(us)=11.06] [READ AverageLatency(us)=12409.41] 
2014-07-09 20:07:46:004 720 sec: 14285154 operations; 17675.27 current ops/sec; [INSERT AverageLatency(us)=11.65] [READ AverageLatency(us)=11100.35] 
2014-07-09 20:07:56:005 730 sec: 14457448 operations; 17227.68 current ops/sec; [INSERT AverageLatency(us)=12.94] [READ AverageLatency(us)=11478.37] 
2014-07-09 20:08:06:006 740 sec: 14634668 operations; 17720.23 current ops/sec; [INSERT AverageLatency(us)=13.23] [READ AverageLatency(us)=11165.58] 
2014-07-09 20:08:16:006 750 sec: 14832438 operations; 19777 current ops/sec; [INSERT AverageLatency(us)=11.96] [READ AverageLatency(us)=10055.75] 
2014-07-09 20:08:26:007 760 sec: 15004102 operations; 17164.68 current ops/sec; [INSERT AverageLatency(us)=11.52] [READ AverageLatency(us)=11523.91] 
2014-07-09 20:08:36:008 770 sec: 15176334 operations; 17221.48 current ops/sec; [INSERT AverageLatency(us)=12.37] [READ AverageLatency(us)=11458.73] 
2014-07-09 20:08:46:009 780 sec: 15372102 operations; 19574.84 current ops/sec; [INSERT AverageLatency(us)=11.65] [READ AverageLatency(us)=9981.93] 
2014-07-09 20:08:56:009 790 sec: 15551100 operations; 17899.8 current ops/sec; [INSERT AverageLatency(us)=12.27] [READ AverageLatency(us)=11044.5] 
2014-07-09 20:09:06:010 800 sec: 15728873 operations; 17775.52 current ops/sec; [INSERT AverageLatency(us)=12.17] [READ AverageLatency(us)=11172.19] 
2014-07-09 20:09:16:011 810 sec: 15905803 operations; 17691.23 current ops/sec; [INSERT AverageLatency(us)=11.76] [READ AverageLatency(us)=11086.61] 
2014-07-09 20:09:26:012 820 sec: 16087544 operations; 18174.1 current ops/sec; [INSERT AverageLatency(us)=12.8] [READ AverageLatency(us)=10853.45] 
2014-07-09 20:09:36:012 830 sec: 16243887 operations; 15632.74 current ops/sec; [INSERT AverageLatency(us)=12.25] [READ AverageLatency(us)=12639.41] 
2014-07-09 20:09:46:013 840 sec: 16421866 operations; 17796.12 current ops/sec; [INSERT AverageLatency(us)=10.88] [READ AverageLatency(us)=11079.07] 
2014-07-09 20:09:56:014 850 sec: 16583174 operations; 16129.19 current ops/sec; [INSERT AverageLatency(us)=12.81] [READ AverageLatency(us)=12257.4] 
2014-07-09 20:10:06:014 860 sec: 16754898 operations; 17172.4 current ops/sec; [INSERT AverageLatency(us)=11.49] [READ AverageLatency(us)=11443.16] 
2014-07-09 20:10:16:015 870 sec: 16935333 operations; 18041.7 current ops/sec; [INSERT AverageLatency(us)=12.02] [READ AverageLatency(us)=11007.26] 
2014-07-09 20:10:26:016 880 sec: 17116894 operations; 18154.28 current ops/sec; [INSERT AverageLatency(us)=18.33] [READ AverageLatency(us)=10756.36] 
2014-07-09 20:10:36:017 890 sec: 17282512 operations; 16560.14 current ops/sec; [INSERT AverageLatency(us)=11.63] [READ AverageLatency(us)=12028.48] 
2014-07-09 20:10:46:017 900 sec: 17450062 operations; 16755 current ops/sec; [INSERT AverageLatency(us)=14.14] [READ AverageLatency(us)=11785.35] 
2014-07-09 20:10:56:066 910 sec: 17625800 operations; 17488.11 current ops/sec; [INSERT AverageLatency(us)=11.18] [READ AverageLatency(us)=11261.18] 
2014-07-09 20:11:06:067 920 sec: 17795019 operations; 16920.21 current ops/sec; [INSERT AverageLatency(us)=14.87] [READ AverageLatency(us)=11683.9] 
2014-07-09 20:11:16:068 930 sec: 17953043 operations; 15800.82 current ops/sec; [INSERT AverageLatency(us)=11.48] [READ AverageLatency(us)=12476.82] 
2014-07-09 20:11:26:068 940 sec: 18135768 operations; 18272.5 current ops/sec; [INSERT AverageLatency(us)=13.09] [READ AverageLatency(us)=10752.94] 
2014-07-09 20:11:36:069 950 sec: 18278093 operations; 14231.08 current ops/sec; [INSERT AverageLatency(us)=12.37] [READ AverageLatency(us)=13401.33] 
2014-07-09 20:11:46:070 960 sec: 18429252 operations; 15115.9 current ops/sec; [INSERT AverageLatency(us)=13.88] [READ AverageLatency(us)=13269.36] 
2014-07-09 20:11:56:070 970 sec: 18581526 operations; 15225.88 current ops/sec; [INSERT AverageLatency(us)=13.15] [READ AverageLatency(us)=13022.57] 
2014-07-09 20:12:06:071 980 sec: 18761801 operations; 18025.7 current ops/sec; [INSERT AverageLatency(us)=11.69] [READ AverageLatency(us)=11087.23] 
2014-07-09 20:12:16:071 990 sec: 18944875 operations; 18307.4 current ops/sec; [INSERT AverageLatency(us)=11.62] [READ AverageLatency(us)=10744.73] 
2014-07-09 20:12:26:072 1000 sec: 19111807 operations; 16691.53 current ops/sec; [INSERT AverageLatency(us)=12.71] [READ AverageLatency(us)=11761.83] 
2014-07-09 20:12:36:073 1010 sec: 19281763 operations; 16993.9 current ops/sec; [INSERT AverageLatency(us)=11.15] [READ AverageLatency(us)=11432.63] 
2014-07-09 20:12:46:073 1020 sec: 19444201 operations; 16243.8 current ops/sec; [INSERT AverageLatency(us)=13.53] [READ AverageLatency(us)=12065.68] 
2014-07-09 20:12:56:081 1030 sec: 19618826 operations; 17448.54 current ops/sec; [INSERT AverageLatency(us)=13.39] [READ AverageLatency(us)=11239.04] 
2014-07-09 20:13:06:082 1040 sec: 19777700 operations; 15885.81 current ops/sec; [INSERT AverageLatency(us)=11.95] [READ AverageLatency(us)=12408.69] 
2014-07-09 20:13:16:082 1050 sec: 19951706 operations; 17400.6 current ops/sec; [INSERT AverageLatency(us)=12.64] [READ AverageLatency(us)=11190.34] 
2014-07-09 20:13:26:083 1060 sec: 20105365 operations; 15364.36 current ops/sec; [INSERT AverageLatency(us)=11.97] [READ AverageLatency(us)=12888.24] 
2014-07-09 20:13:36:087 1070 sec: 20263880 operations; 15845.16 current ops/sec; [INSERT AverageLatency(us)=13.78] [READ AverageLatency(us)=12561.7] 
2014-07-09 20:13:46:088 1080 sec: 20423423 operations; 15952.7 current ops/sec; [INSERT AverageLatency(us)=12.96] [READ AverageLatency(us)=12388.8] 
2014-07-09 20:13:56:089 1090 sec: 20591819 operations; 16837.92 current ops/sec; [INSERT AverageLatency(us)=11.15] [READ AverageLatency(us)=11857.19] 
2014-07-09 20:14:06:090 1100 sec: 20754993 operations; 16315.77 current ops/sec; [INSERT AverageLatency(us)=11.79] [READ AverageLatency(us)=12028.48] 
2014-07-09 20:14:16:090 1110 sec: 20917721 operations; 16272.8 current ops/sec; [INSERT AverageLatency(us)=14.41] [READ AverageLatency(us)=12108.8] 
2014-07-09 20:14:26:091 1120 sec: 21091203 operations; 17346.47 current ops/sec; [INSERT AverageLatency(us)=11.27] [READ AverageLatency(us)=11333.72] 
2014-07-09 20:14:36:092 1130 sec: 21230141 operations; 13892.41 current ops/sec; [INSERT AverageLatency(us)=11.32] [READ AverageLatency(us)=14132.23] 
2014-07-09 20:14:46:092 1140 sec: 21398982 operations; 16884.1 current ops/sec; [INSERT AverageLatency(us)=12.01] [READ AverageLatency(us)=11886.2] 
2014-07-09 20:14:56:094 1150 sec: 21540524 operations; 14151.37 current ops/sec; [INSERT AverageLatency(us)=15.07] [READ AverageLatency(us)=14037.26] 
2014-07-09 20:15:06:095 1160 sec: 21702365 operations; 16182.48 current ops/sec; [INSERT AverageLatency(us)=11.14] [READ AverageLatency(us)=12327.38] 
2014-07-09 20:15:16:095 1170 sec: 21860848 operations; 15848.3 current ops/sec; [INSERT AverageLatency(us)=13.36] [READ AverageLatency(us)=12589.04] 
2014-07-09 20:15:26:096 1180 sec: 22013933 operations; 15306.97 current ops/sec; [INSERT AverageLatency(us)=13.92] [READ AverageLatency(us)=12902.3] 
2014-07-09 20:15:36:097 1190 sec: 22171027 operations; 15707.83 current ops/sec; [INSERT AverageLatency(us)=12.32] [READ AverageLatency(us)=12495.18] 
2014-07-09 20:15:46:097 1200 sec: 22319229 operations; 14820.2 current ops/sec; [INSERT AverageLatency(us)=11.57] [READ AverageLatency(us)=13382.96] 
2014-07-09 20:15:56:098 1210 sec: 22478788 operations; 15954.3 current ops/sec; [INSERT AverageLatency(us)=11.74] [READ AverageLatency(us)=12606.33] 
2014-07-09 20:16:06:099 1220 sec: 22626330 operations; 14752.72 current ops/sec; [INSERT AverageLatency(us)=12.18] [READ AverageLatency(us)=13636.76] 
2014-07-09 20:16:16:099 1230 sec: 22792171 operations; 16584.1 current ops/sec; [INSERT AverageLatency(us)=12.42] [READ AverageLatency(us)=11749.42] 
2014-07-09 20:16:26:100 1240 sec: 22952270 operations; 16008.3 current ops/sec; [INSERT AverageLatency(us)=12.93] [READ AverageLatency(us)=12295.41] 
2014-07-09 20:16:36:101 1250 sec: 23112697 operations; 16041.1 current ops/sec; [INSERT AverageLatency(us)=11.34] [READ AverageLatency(us)=12248.79] 
2014-07-09 20:16:46:106 1260 sec: 23274322 operations; 16154.42 current ops/sec; [INSERT AverageLatency(us)=11.77] [READ AverageLatency(us)=12164.44] 
2014-07-09 20:16:56:107 1270 sec: 23432699 operations; 15836.12 current ops/sec; [INSERT AverageLatency(us)=11.46] [READ AverageLatency(us)=12407.91] 
2014-07-09 20:17:06:108 1280 sec: 23586567 operations; 15385.26 current ops/sec; [INSERT AverageLatency(us)=13.31] [READ AverageLatency(us)=12810.09] 
2014-07-09 20:17:16:108 1290 sec: 23737362 operations; 15079.5 current ops/sec; [INSERT AverageLatency(us)=12.03] [READ AverageLatency(us)=13024.05] 
2014-07-09 20:17:26:109 1300 sec: 23903263 operations; 16588.44 current ops/sec; [INSERT AverageLatency(us)=12.34] [READ AverageLatency(us)=12038.3] 
2014-07-09 20:17:36:110 1310 sec: 24071144 operations; 16788.1 current ops/sec; [INSERT AverageLatency(us)=12.16] [READ AverageLatency(us)=11723.71] 
2014-07-09 20:17:46:110 1320 sec: 24227882 operations; 15672.23 current ops/sec; [INSERT AverageLatency(us)=11.88] [READ AverageLatency(us)=12658.13] 
2014-07-09 20:17:56:113 1330 sec: 24383013 operations; 15508.45 current ops/sec; [INSERT AverageLatency(us)=11.85] [READ AverageLatency(us)=12768.41] 
2014-07-09 20:18:06:114 1340 sec: 24543873 operations; 16086 current ops/sec; [INSERT AverageLatency(us)=11.37] [READ AverageLatency(us)=12344.45] 
2014-07-09 20:18:16:114 1350 sec: 24703183 operations; 15929.41 current ops/sec; [INSERT AverageLatency(us)=13.29] [READ AverageLatency(us)=12543.05] 
2014-07-09 20:18:26:127 1360 sec: 24863679 operations; 16028.76 current ops/sec; [INSERT AverageLatency(us)=11.11] [READ AverageLatency(us)=12447.86] 
2014-07-09 20:18:36:129 1370 sec: 25018456 operations; 15476.15 current ops/sec; [INSERT AverageLatency(us)=12.14] [READ AverageLatency(us)=12715.53] 
2014-07-09 20:18:46:129 1380 sec: 25178943 operations; 16047.1 current ops/sec; [INSERT AverageLatency(us)=12.33] [READ AverageLatency(us)=12212.31] 
2014-07-09 20:18:56:130 1390 sec: 25332250 operations; 15329.17 current ops/sec; [INSERT AverageLatency(us)=12.01] [READ AverageLatency(us)=13153.55] 
2014-07-09 20:19:06:153 1400 sec: 25491019 operations; 15840.47 current ops/sec; [INSERT AverageLatency(us)=12.47] [READ AverageLatency(us)=12691.09] 
2014-07-09 20:19:16:153 1410 sec: 25635466 operations; 14444.7 current ops/sec; [INSERT AverageLatency(us)=12.2] [READ AverageLatency(us)=13501.22] 
2014-07-09 20:19:26:155 1420 sec: 25794298 operations; 15880.02 current ops/sec; [INSERT AverageLatency(us)=12.41] [READ AverageLatency(us)=12505.72] 
2014-07-09 20:19:36:155 1430 sec: 25948659 operations; 15436.1 current ops/sec; [INSERT AverageLatency(us)=13.27] [READ AverageLatency(us)=12919.92] 
2014-07-09 20:19:46:156 1440 sec: 26107837 operations; 15916.21 current ops/sec; [INSERT AverageLatency(us)=12.41] [READ AverageLatency(us)=12398.36] 
2014-07-09 20:19:56:156 1450 sec: 26273251 operations; 16541.4 current ops/sec; [INSERT AverageLatency(us)=11.71] [READ AverageLatency(us)=11878.01] 
2014-07-09 20:20:06:157 1460 sec: 26429622 operations; 15635.54 current ops/sec; [INSERT AverageLatency(us)=13.29] [READ AverageLatency(us)=12728.6] 
2014-07-09 20:20:16:158 1470 sec: 26579097 operations; 14946.01 current ops/sec; [INSERT AverageLatency(us)=11.69] [READ AverageLatency(us)=13252.48] 
2014-07-09 20:20:26:174 1480 sec: 26733430 operations; 15408.65 current ops/sec; [INSERT AverageLatency(us)=12.44] [READ AverageLatency(us)=12975.47] 
2014-07-09 20:20:36:175 1490 sec: 26886388 operations; 15294.27 current ops/sec; [INSERT AverageLatency(us)=11.03] [READ AverageLatency(us)=12887.85] 
2014-07-09 20:20:46:176 1500 sec: 27035086 operations; 14868.31 current ops/sec; [INSERT AverageLatency(us)=11.42] [READ AverageLatency(us)=13248.12] 
2014-07-09 20:20:56:177 1510 sec: 27184943 operations; 14984.2 current ops/sec; [INSERT AverageLatency(us)=10.94] [READ AverageLatency(us)=13205.52] 
2014-07-09 20:21:06:177 1520 sec: 27324708 operations; 13976.5 current ops/sec; [INSERT AverageLatency(us)=10.38] [READ AverageLatency(us)=13841.54] 
2014-07-09 20:21:16:178 1530 sec: 27471531 operations; 14680.83 current ops/sec; [INSERT AverageLatency(us)=11.71] [READ AverageLatency(us)=13476.23] 
2014-07-09 20:21:26:179 1540 sec: 27628706 operations; 15715.93 current ops/sec; [INSERT AverageLatency(us)=12.97] [READ AverageLatency(us)=12505.26] 
2014-07-09 20:21:36:179 1550 sec: 27782878 operations; 15417.2 current ops/sec; [INSERT AverageLatency(us)=12.58] [READ AverageLatency(us)=12725.47] 
2014-07-09 20:21:46:180 1560 sec: 27947700 operations; 16480.55 current ops/sec; [INSERT AverageLatency(us)=13.73] [READ AverageLatency(us)=11996.02] 
2014-07-09 20:21:56:181 1570 sec: 28099612 operations; 15189.68 current ops/sec; [INSERT AverageLatency(us)=11.93] [READ AverageLatency(us)=13153.35] 
2014-07-09 20:22:06:181 1580 sec: 28242130 operations; 14251.8 current ops/sec; [INSERT AverageLatency(us)=11.19] [READ AverageLatency(us)=13764.54] 
2014-07-09 20:22:16:182 1590 sec: 28377812 operations; 13566.84 current ops/sec; [INSERT AverageLatency(us)=11.02] [READ AverageLatency(us)=14342.3] 
2014-07-09 20:22:26:183 1600 sec: 28544733 operations; 16690.43 current ops/sec; [INSERT AverageLatency(us)=11.83] [READ AverageLatency(us)=11891.82] 
2014-07-09 20:22:36:184 1610 sec: 28690531 operations; 14578.34 current ops/sec; [INSERT AverageLatency(us)=12.49] [READ AverageLatency(us)=13598.64] 
2014-07-09 20:22:46:184 1620 sec: 28830050 operations; 13951.9 current ops/sec; [INSERT AverageLatency(us)=11.79] [READ AverageLatency(us)=14276.41] 
2014-07-09 20:22:56:185 1630 sec: 28979003 operations; 14893.81 current ops/sec; [INSERT AverageLatency(us)=12.76] [READ AverageLatency(us)=13236.72] 
2014-07-09 20:23:06:191 1640 sec: 29135571 operations; 15647.41 current ops/sec; [INSERT AverageLatency(us)=11.52] [READ AverageLatency(us)=12898.56] 
2014-07-09 20:23:16:192 1650 sec: 29290429 operations; 15484.25 current ops/sec; [INSERT AverageLatency(us)=11.49] [READ AverageLatency(us)=12942.53] 
2014-07-09 20:23:26:193 1660 sec: 29451961 operations; 16153.2 current ops/sec; [INSERT AverageLatency(us)=12.11] [READ AverageLatency(us)=12115.59] 
2014-07-09 20:23:36:193 1670 sec: 29597714 operations; 14573.84 current ops/sec; [INSERT AverageLatency(us)=12.09] [READ AverageLatency(us)=13557.22] 
2014-07-09 20:23:46:194 1680 sec: 29755612 operations; 15788.22 current ops/sec; [INSERT AverageLatency(us)=12.65] [READ AverageLatency(us)=12501.81] 
2014-07-09 20:23:56:194 1690 sec: 29906448 operations; 15083.6 current ops/sec; [INSERT AverageLatency(us)=11.52] [READ AverageLatency(us)=13127.89] 
2014-07-09 20:24:06:200 1700 sec: 30062340 operations; 15579.85 current ops/sec; [INSERT AverageLatency(us)=11.41] [READ AverageLatency(us)=12699.63] 
2014-07-09 20:24:16:201 1710 sec: 30211842 operations; 14948.71 current ops/sec; [INSERT AverageLatency(us)=12.86] [READ AverageLatency(us)=13063.47] 
2014-07-09 20:24:26:201 1720 sec: 30361679 operations; 14983.7 current ops/sec; [INSERT AverageLatency(us)=12.01] [READ AverageLatency(us)=13151.32] 
2014-07-09 20:24:36:202 1730 sec: 30507810 operations; 14611.64 current ops/sec; [INSERT AverageLatency(us)=11.52] [READ AverageLatency(us)=13580.6] 
2014-07-09 20:24:46:203 1740 sec: 30673976 operations; 16616.6 current ops/sec; [INSERT AverageLatency(us)=12.1] [READ AverageLatency(us)=11966.8] 
2014-07-09 20:24:56:203 1750 sec: 30816739 operations; 14274.87 current ops/sec; [INSERT AverageLatency(us)=11.52] [READ AverageLatency(us)=14002.98] 
2014-07-09 20:25:06:205 1760 sec: 30977418 operations; 16064.69 current ops/sec; [INSERT AverageLatency(us)=12.18] [READ AverageLatency(us)=12334.28] 
2014-07-09 20:25:16:206 1770 sec: 31125476 operations; 14804.32 current ops/sec; [INSERT AverageLatency(us)=12.05] [READ AverageLatency(us)=13539.22] 
2014-07-09 20:25:26:206 1780 sec: 31280241 operations; 15476.5 current ops/sec; [INSERT AverageLatency(us)=11.52] [READ AverageLatency(us)=12831.25] 
2014-07-09 20:25:36:207 1790 sec: 31432414 operations; 15215.78 current ops/sec; [INSERT AverageLatency(us)=12.86] [READ AverageLatency(us)=12803.22] 
2014-07-09 20:25:46:208 1800 sec: 31579602 operations; 14717.33 current ops/sec; [INSERT AverageLatency(us)=12.49] [READ AverageLatency(us)=13625.49] 
2014-07-09 20:25:56:208 1810 sec: 31726012 operations; 14641 current ops/sec; [INSERT AverageLatency(us)=14.12] [READ AverageLatency(us)=13178.25] 
2014-07-09 20:26:06:209 1820 sec: 31865935 operations; 13990.9 current ops/sec; [INSERT AverageLatency(us)=11.91] [READ AverageLatency(us)=14015.23] 
2014-07-09 20:26:16:210 1830 sec: 32016901 operations; 15095.09 current ops/sec; [INSERT AverageLatency(us)=11.7] [READ AverageLatency(us)=12981.2] 
2014-07-09 20:26:26:210 1840 sec: 32156916 operations; 14001.5 current ops/sec; [INSERT AverageLatency(us)=11.68] [READ AverageLatency(us)=14306.86] 
2014-07-09 20:26:36:211 1850 sec: 32309473 operations; 15254.17 current ops/sec; [INSERT AverageLatency(us)=12.13] [READ AverageLatency(us)=12929.88] 
2014-07-09 20:26:46:212 1860 sec: 32459238 operations; 14975 current ops/sec; [INSERT AverageLatency(us)=13] [READ AverageLatency(us)=13302.92] 
2014-07-09 20:26:56:212 1870 sec: 32599819 operations; 14058.1 current ops/sec; [INSERT AverageLatency(us)=12.6] [READ AverageLatency(us)=14203.06] 
2014-07-09 20:27:06:213 1880 sec: 32745580 operations; 14574.64 current ops/sec; [INSERT AverageLatency(us)=12.51] [READ AverageLatency(us)=13572.38] 
2014-07-09 20:27:16:214 1890 sec: 32898103 operations; 15250.77 current ops/sec; [INSERT AverageLatency(us)=13] [READ AverageLatency(us)=13057.99] 
2014-07-09 20:27:26:214 1900 sec: 33041863 operations; 14376 current ops/sec; [INSERT AverageLatency(us)=11.59] [READ AverageLatency(us)=13746.79] 
2014-07-09 20:27:36:215 1910 sec: 33179972 operations; 13809.52 current ops/sec; [INSERT AverageLatency(us)=10.47] [READ AverageLatency(us)=14458.55] 
2014-07-09 20:27:46:216 1920 sec: 33326119 operations; 14614.7 current ops/sec; [INSERT AverageLatency(us)=11.98] [READ AverageLatency(us)=13469.15] 
2014-07-09 20:27:56:216 1930 sec: 33473510 operations; 14737.63 current ops/sec; [INSERT AverageLatency(us)=12.34] [READ AverageLatency(us)=13433.71] 
2014-07-09 20:28:06:217 1940 sec: 33619494 operations; 14596.94 current ops/sec; [INSERT AverageLatency(us)=12.98] [READ AverageLatency(us)=13618.91] 
2014-07-09 20:28:16:218 1950 sec: 33774115 operations; 15460.55 current ops/sec; [INSERT AverageLatency(us)=11.56] [READ AverageLatency(us)=12721.12] 
2014-07-09 20:28:26:244 1960 sec: 33917827 operations; 14333.93 current ops/sec; [INSERT AverageLatency(us)=11.2] [READ AverageLatency(us)=13896.95] 
2014-07-09 20:28:36:245 1970 sec: 34057049 operations; 13920.81 current ops/sec; [INSERT AverageLatency(us)=11.23] [READ AverageLatency(us)=14205.4] 
2014-07-09 20:28:46:246 1980 sec: 34185245 operations; 12818.32 current ops/sec; [INSERT AverageLatency(us)=11.42] [READ AverageLatency(us)=15405.64] 
2014-07-09 20:28:56:246 1990 sec: 34335908 operations; 15066.3 current ops/sec; [INSERT AverageLatency(us)=12.06] [READ AverageLatency(us)=13292.66] 
2014-07-09 20:29:06:247 2000 sec: 34479700 operations; 14377.76 current ops/sec; [INSERT AverageLatency(us)=11.59] [READ AverageLatency(us)=13714.8] 
2014-07-09 20:29:16:248 2010 sec: 34614097 operations; 13438.36 current ops/sec; [INSERT AverageLatency(us)=12.3] [READ AverageLatency(us)=14920.4] 
2014-07-09 20:29:26:248 2020 sec: 34760253 operations; 14615.6 current ops/sec; [INSERT AverageLatency(us)=14.67] [READ AverageLatency(us)=13407.64] 
2014-07-09 20:29:36:301 2030 sec: 34906896 operations; 14586.99 current ops/sec; [INSERT AverageLatency(us)=12.11] [READ AverageLatency(us)=13771.41] 
2014-07-09 20:29:46:303 2040 sec: 35037963 operations; 13104.08 current ops/sec; [INSERT AverageLatency(us)=12.55] [READ AverageLatency(us)=14978.14] 
2014-07-09 20:29:56:304 2050 sec: 35171743 operations; 13376.66 current ops/sec; [INSERT AverageLatency(us)=13.3] [READ AverageLatency(us)=14652.37] 
2014-07-09 20:30:06:305 2060 sec: 35324591 operations; 15283.27 current ops/sec; [INSERT AverageLatency(us)=11.28] [READ AverageLatency(us)=12951.83] 
2014-07-09 20:30:16:305 2070 sec: 35464952 operations; 14036.1 current ops/sec; [INSERT AverageLatency(us)=12.19] [READ AverageLatency(us)=14251.24] 
2014-07-09 20:30:26:306 2080 sec: 35591670 operations; 12670.53 current ops/sec; [INSERT AverageLatency(us)=12.67] [READ AverageLatency(us)=15730.4] 
2014-07-09 20:30:36:307 2090 sec: 35735784 operations; 14409.96 current ops/sec; [INSERT AverageLatency(us)=11.57] [READ AverageLatency(us)=13914.45] 
2014-07-09 20:30:46:307 2100 sec: 35880245 operations; 14446.1 current ops/sec; [INSERT AverageLatency(us)=10.8] [READ AverageLatency(us)=13761.75] 
2014-07-09 20:30:56:308 2110 sec: 36014588 operations; 13432.96 current ops/sec; [INSERT AverageLatency(us)=13.41] [READ AverageLatency(us)=14624.98] 
2014-07-09 20:31:06:309 2120 sec: 36161008 operations; 14642 current ops/sec; [INSERT AverageLatency(us)=11.26] [READ AverageLatency(us)=13497.9] 
2014-07-09 20:31:16:310 2130 sec: 36306759 operations; 14572.19 current ops/sec; [INSERT AverageLatency(us)=12.25] [READ AverageLatency(us)=13503.58] 
2014-07-09 20:31:26:311 2140 sec: 36426221 operations; 11945.01 current ops/sec; [INSERT AverageLatency(us)=11.06] [READ AverageLatency(us)=16430.6] 
2014-07-09 20:31:36:317 2150 sec: 36557752 operations; 13145.21 current ops/sec; [INSERT AverageLatency(us)=12.42] [READ AverageLatency(us)=14965.06] 
2014-07-09 20:31:46:318 2160 sec: 36694124 operations; 13635.84 current ops/sec; [INSERT AverageLatency(us)=11.14] [READ AverageLatency(us)=14682.54] 
2014-07-09 20:31:56:319 2170 sec: 36829054 operations; 13491.65 current ops/sec; [INSERT AverageLatency(us)=11.25] [READ AverageLatency(us)=14945.87] 
2014-07-09 20:32:06:319 2180 sec: 36961401 operations; 13234.7 current ops/sec; [INSERT AverageLatency(us)=13.1] [READ AverageLatency(us)=14820.66] 
2014-07-09 20:32:16:320 2190 sec: 37088052 operations; 12663.83 current ops/sec; [INSERT AverageLatency(us)=12.09] [READ AverageLatency(us)=15600.68] 
2014-07-09 20:32:26:321 2200 sec: 37227303 operations; 13923.71 current ops/sec; [INSERT AverageLatency(us)=11.76] [READ AverageLatency(us)=14242.09] 
2014-07-09 20:32:36:326 2210 sec: 37341572 operations; 11421.19 current ops/sec; [INSERT AverageLatency(us)=11.02] [READ AverageLatency(us)=17531.07] 
2014-07-09 20:32:46:327 2220 sec: 37452196 operations; 11062.4 current ops/sec; [INSERT AverageLatency(us)=11.05] [READ AverageLatency(us)=17307.74] 
2014-07-09 20:32:56:383 2230 sec: 37580961 operations; 12803.52 current ops/sec; [INSERT AverageLatency(us)=11.96] [READ AverageLatency(us)=15716.96] 
2014-07-09 20:33:06:392 2240 sec: 37705680 operations; 12460.69 current ops/sec; [INSERT AverageLatency(us)=16.91] [READ AverageLatency(us)=15887.65] 
2014-07-09 20:33:16:423 2250 sec: 37840552 operations; 13445.52 current ops/sec; [INSERT AverageLatency(us)=12.52] [READ AverageLatency(us)=14757.24] 
2014-07-09 20:33:26:424 2260 sec: 37979489 operations; 13892.31 current ops/sec; [INSERT AverageLatency(us)=11.24] [READ AverageLatency(us)=14204.5] 
2014-07-09 20:33:36:424 2270 sec: 38115504 operations; 13601.5 current ops/sec; [INSERT AverageLatency(us)=12.45] [READ AverageLatency(us)=14543.43] 
2014-07-09 20:33:46:430 2280 sec: 38259228 operations; 14363.78 current ops/sec; [INSERT AverageLatency(us)=11.33] [READ AverageLatency(us)=13701.78] 
2014-07-09 20:33:56:431 2290 sec: 38388808 operations; 12956.7 current ops/sec; [INSERT AverageLatency(us)=12.38] [READ AverageLatency(us)=15388.64] 
2014-07-09 20:34:06:432 2300 sec: 38535331 operations; 14650.83 current ops/sec; [INSERT AverageLatency(us)=11.48] [READ AverageLatency(us)=13609.92] 
2014-07-09 20:34:16:436 2310 sec: 38680235 operations; 14484.61 current ops/sec; [INSERT AverageLatency(us)=11.93] [READ AverageLatency(us)=13518.97] 
2014-07-09 20:34:26:437 2320 sec: 38819060 operations; 13882.5 current ops/sec; [INSERT AverageLatency(us)=12.5] [READ AverageLatency(us)=14088.77] 
2014-07-09 20:34:36:437 2330 sec: 38961731 operations; 14265.67 current ops/sec; [INSERT AverageLatency(us)=11.94] [READ AverageLatency(us)=13951.48] 
2014-07-09 20:34:46:438 2340 sec: 39092821 operations; 13107.69 current ops/sec; [INSERT AverageLatency(us)=11.58] [READ AverageLatency(us)=15054.42] 
2014-07-09 20:34:56:454 2350 sec: 39223984 operations; 13095.35 current ops/sec; [INSERT AverageLatency(us)=13.99] [READ AverageLatency(us)=15150.41] 
2014-07-09 20:35:06:455 2360 sec: 39352713 operations; 12872.9 current ops/sec; [INSERT AverageLatency(us)=11.99] [READ AverageLatency(us)=15149.31] 
2014-07-09 20:35:16:455 2370 sec: 39503127 operations; 15039.9 current ops/sec; [INSERT AverageLatency(us)=10.51] [READ AverageLatency(us)=13523.35] 
2014-07-09 20:35:26:475 2380 sec: 39636526 operations; 13313.27 current ops/sec; [INSERT AverageLatency(us)=12.1] [READ AverageLatency(us)=14754.95] 
2014-07-09 20:35:36:475 2390 sec: 39779863 operations; 14333.7 current ops/sec; [INSERT AverageLatency(us)=11.76] [READ AverageLatency(us)=13983.17] 
2014-07-09 20:35:46:476 2400 sec: 39924000 operations; 14412.26 current ops/sec; [INSERT AverageLatency(us)=11.73] [READ AverageLatency(us)=13903.36] 
2014-07-09 20:35:56:482 2410 sec: 40055002 operations; 13092.34 current ops/sec; [INSERT AverageLatency(us)=11.95] [READ AverageLatency(us)=15068.02] 
2014-07-09 20:36:06:483 2420 sec: 40192617 operations; 13760.12 current ops/sec; [INSERT AverageLatency(us)=11.91] [READ AverageLatency(us)=14411.28] 
2014-07-09 20:36:16:484 2430 sec: 40336062 operations; 14344.5 current ops/sec; [INSERT AverageLatency(us)=13.11] [READ AverageLatency(us)=13867.38] 
2014-07-09 20:36:26:492 2440 sec: 40479937 operations; 14374.56 current ops/sec; [INSERT AverageLatency(us)=11.04] [READ AverageLatency(us)=13717.05] 
2014-07-09 20:36:36:492 2450 sec: 40614619 operations; 13468.2 current ops/sec; [INSERT AverageLatency(us)=11.41] [READ AverageLatency(us)=14747.62] 
2014-07-09 20:36:46:493 2460 sec: 40757429 operations; 14279.57 current ops/sec; [INSERT AverageLatency(us)=11.58] [READ AverageLatency(us)=14032.39] 
2014-07-09 20:36:56:494 2470 sec: 40882810 operations; 12536.85 current ops/sec; [INSERT AverageLatency(us)=12.96] [READ AverageLatency(us)=15598.28] 
2014-07-09 20:37:06:494 2480 sec: 41021999 operations; 13918.9 current ops/sec; [INSERT AverageLatency(us)=11.19] [READ AverageLatency(us)=14376.3] 
2014-07-09 20:37:16:496 2490 sec: 41160570 operations; 13854.33 current ops/sec; [INSERT AverageLatency(us)=11.52] [READ AverageLatency(us)=14178.39] 
2014-07-09 20:37:26:504 2500 sec: 41301868 operations; 14118.51 current ops/sec; [INSERT AverageLatency(us)=11.49] [READ AverageLatency(us)=14095.45] 
2014-07-09 20:37:36:504 2510 sec: 41439581 operations; 13771.3 current ops/sec; [INSERT AverageLatency(us)=13.46] [READ AverageLatency(us)=14173.24] 
2014-07-09 20:37:46:524 2520 sec: 41568346 operations; 12850.8 current ops/sec; [INSERT AverageLatency(us)=12.06] [READ AverageLatency(us)=15278.53] 
2014-07-09 20:37:56:525 2530 sec: 41702820 operations; 13446.06 current ops/sec; [INSERT AverageLatency(us)=12.31] [READ AverageLatency(us)=14759.18] 
2014-07-09 20:38:06:528 2540 sec: 41840205 operations; 13734.38 current ops/sec; [INSERT AverageLatency(us)=12.55] [READ AverageLatency(us)=14409.21] 
2014-07-09 20:38:16:529 2550 sec: 41978682 operations; 13846.32 current ops/sec; [INSERT AverageLatency(us)=13.45] [READ AverageLatency(us)=14203.74] 
2014-07-09 20:38:26:530 2560 sec: 42116875 operations; 13817.92 current ops/sec; [INSERT AverageLatency(us)=11.28] [READ AverageLatency(us)=14415.49] 
2014-07-09 20:38:36:535 2570 sec: 42260226 operations; 14327.94 current ops/sec; [INSERT AverageLatency(us)=12.53] [READ AverageLatency(us)=13883.42] 
2014-07-09 20:38:46:543 2580 sec: 42384748 operations; 12442.25 current ops/sec; [INSERT AverageLatency(us)=13.55] [READ AverageLatency(us)=16004.29] 
2014-07-09 20:38:56:544 2590 sec: 42516620 operations; 13185.88 current ops/sec; [INSERT AverageLatency(us)=12.84] [READ AverageLatency(us)=14946.19] 
2014-07-09 20:39:06:545 2600 sec: 42650530 operations; 13389.66 current ops/sec; [INSERT AverageLatency(us)=11.87] [READ AverageLatency(us)=14923.47] 
2014-07-09 20:39:16:545 2610 sec: 42784938 operations; 13440.8 current ops/sec; [INSERT AverageLatency(us)=12.15] [READ AverageLatency(us)=14572.89] 
2014-07-09 20:39:26:546 2620 sec: 42920021 operations; 13506.95 current ops/sec; [INSERT AverageLatency(us)=11.94] [READ AverageLatency(us)=14806.81] 
2014-07-09 20:39:36:547 2630 sec: 43065055 operations; 14501.95 current ops/sec; [INSERT AverageLatency(us)=14.55] [READ AverageLatency(us)=13776.24] 
2014-07-09 20:39:46:547 2640 sec: 43194975 operations; 12992 current ops/sec; [INSERT AverageLatency(us)=11.88] [READ AverageLatency(us)=15132.95] 
2014-07-09 20:39:56:548 2650 sec: 43328455 operations; 13346.67 current ops/sec; [INSERT AverageLatency(us)=11.22] [READ AverageLatency(us)=14893.91] 
2014-07-09 20:40:06:549 2660 sec: 43473874 operations; 14540.45 current ops/sec; [INSERT AverageLatency(us)=12.61] [READ AverageLatency(us)=13601.59] 
2014-07-09 20:40:16:549 2670 sec: 43604796 operations; 13092.2 current ops/sec; [INSERT AverageLatency(us)=15.28] [READ AverageLatency(us)=14944.47] 
2014-07-09 20:40:26:550 2680 sec: 43738327 operations; 13351.76 current ops/sec; [INSERT AverageLatency(us)=11.92] [READ AverageLatency(us)=14856.53] 
2014-07-09 20:40:36:551 2690 sec: 43875426 operations; 13708.53 current ops/sec; [INSERT AverageLatency(us)=14.99] [READ AverageLatency(us)=14455.78] 
2014-07-09 20:40:46:552 2700 sec: 44010181 operations; 13474.15 current ops/sec; [INSERT AverageLatency(us)=11.12] [READ AverageLatency(us)=14751.31] 
2014-07-09 20:40:56:553 2710 sec: 44140297 operations; 13011.6 current ops/sec; [INSERT AverageLatency(us)=11.73] [READ AverageLatency(us)=15106.85] 
2014-07-09 20:41:06:553 2720 sec: 44259702 operations; 11939.31 current ops/sec; [INSERT AverageLatency(us)=12.99] [READ AverageLatency(us)=16662.7] 
2014-07-09 20:41:16:588 2730 sec: 44362697 operations; 10264.6 current ops/sec; [INSERT AverageLatency(us)=12.38] [READ AverageLatency(us)=19378.8] 
2014-07-09 20:41:26:588 2740 sec: 44455121 operations; 9241.48 current ops/sec; [INSERT AverageLatency(us)=12.27] [READ AverageLatency(us)=21466.34] 
2014-07-09 20:41:36:589 2750 sec: 44577889 operations; 12275.57 current ops/sec; [INSERT AverageLatency(us)=10.92] [READ AverageLatency(us)=16081.52] 
2014-07-09 20:41:46:590 2760 sec: 44699497 operations; 12159.58 current ops/sec; [INSERT AverageLatency(us)=13.85] [READ AverageLatency(us)=16600.95] 
2014-07-09 20:41:56:590 2770 sec: 44773956 operations; 7445.9 current ops/sec; [INSERT AverageLatency(us)=10.96] [READ AverageLatency(us)=25976.42] 
2014-07-09 20:42:06:591 2780 sec: 44890930 operations; 11696.23 current ops/sec; [INSERT AverageLatency(us)=13.15] [READ AverageLatency(us)=17249.52] 
2014-07-09 20:42:16:592 2790 sec: 45016455 operations; 12551.24 current ops/sec; [INSERT AverageLatency(us)=13.81] [READ AverageLatency(us)=15828.73] 
2014-07-09 20:42:26:593 2800 sec: 45161873 operations; 14540.35 current ops/sec; [INSERT AverageLatency(us)=11.5] [READ AverageLatency(us)=13640.41] 
2014-07-09 20:42:36:594 2810 sec: 45295936 operations; 13406.3 current ops/sec; [INSERT AverageLatency(us)=12.06] [READ AverageLatency(us)=14752.86] 
2014-07-09 20:42:46:594 2820 sec: 45413851 operations; 11790.32 current ops/sec; [INSERT AverageLatency(us)=12.27] [READ AverageLatency(us)=16576] 
2014-07-09 20:42:56:617 2831 sec: 45488737 operations; 7471.42 current ops/sec; [INSERT AverageLatency(us)=12.36] [READ AverageLatency(us)=27002] 
2014-07-09 20:43:06:617 2841 sec: 45601122 operations; 11238.5 current ops/sec; [INSERT AverageLatency(us)=11.31] [READ AverageLatency(us)=17722.77] 
2014-07-09 20:43:16:618 2851 sec: 45707724 operations; 10659.13 current ops/sec; [INSERT AverageLatency(us)=11.66] [READ AverageLatency(us)=18157.48] 
2014-07-09 20:43:26:619 2861 sec: 45828591 operations; 12085.49 current ops/sec; [INSERT AverageLatency(us)=10.99] [READ AverageLatency(us)=16836.56] 
2014-07-09 20:43:36:620 2871 sec: 45958020 operations; 12942.9 current ops/sec; [INSERT AverageLatency(us)=12.25] [READ AverageLatency(us)=14975.12] 
2014-07-09 20:43:46:643 2881 sec: 46079315 operations; 12100.46 current ops/sec; [INSERT AverageLatency(us)=12.33] [READ AverageLatency(us)=16986.17] 
2014-07-09 20:43:56:644 2891 sec: 46180077 operations; 10075.19 current ops/sec; [INSERT AverageLatency(us)=11.01] [READ AverageLatency(us)=19704.42] 
2014-07-09 20:44:06:645 2901 sec: 46313271 operations; 13318.07 current ops/sec; [INSERT AverageLatency(us)=10.91] [READ AverageLatency(us)=14778.78] 
2014-07-09 20:44:16:646 2911 sec: 46434130 operations; 12085.9 current ops/sec; [INSERT AverageLatency(us)=14.85] [READ AverageLatency(us)=16322.48] 
2014-07-09 20:44:26:647 2921 sec: 46568673 operations; 13452.95 current ops/sec; [INSERT AverageLatency(us)=12.45] [READ AverageLatency(us)=14656.06] 
2014-07-09 20:44:36:647 2931 sec: 46710706 operations; 14201.88 current ops/sec; [INSERT AverageLatency(us)=11.02] [READ AverageLatency(us)=13895.03] 
2014-07-09 20:44:46:648 2941 sec: 46847054 operations; 13633.44 current ops/sec; [INSERT AverageLatency(us)=11.5] [READ AverageLatency(us)=14332.14] 
2014-07-09 20:44:56:649 2951 sec: 46979773 operations; 13270.57 current ops/sec; [INSERT AverageLatency(us)=13.04] [READ AverageLatency(us)=14863.5] 
2014-07-09 20:45:06:649 2961 sec: 47108382 operations; 12860.9 current ops/sec; [INSERT AverageLatency(us)=11.14] [READ AverageLatency(us)=15140.81] 
2014-07-09 20:45:16:650 2971 sec: 47238447 operations; 13005.2 current ops/sec; [INSERT AverageLatency(us)=13.02] [READ AverageLatency(us)=15205.49] 
2014-07-09 20:45:26:651 2981 sec: 47378320 operations; 13985.9 current ops/sec; [INSERT AverageLatency(us)=12.3] [READ AverageLatency(us)=14259.37] 
2014-07-09 20:45:36:652 2991 sec: 47506597 operations; 12827.7 current ops/sec; [INSERT AverageLatency(us)=11.89] [READ AverageLatency(us)=15420.57] 
2014-07-09 20:45:46:652 3001 sec: 47635457 operations; 12884.71 current ops/sec; [INSERT AverageLatency(us)=13.37] [READ AverageLatency(us)=15109.53] 
2014-07-09 20:45:56:653 3011 sec: 47773941 operations; 13847.02 current ops/sec; [INSERT AverageLatency(us)=12.28] [READ AverageLatency(us)=14286.53] 
2014-07-09 20:46:06:654 3021 sec: 47897354 operations; 12340.07 current ops/sec; [INSERT AverageLatency(us)=10.75] [READ AverageLatency(us)=15956.3] 
2014-07-09 20:46:16:654 3031 sec: 48026879 operations; 12952.5 current ops/sec; [INSERT AverageLatency(us)=13.45] [READ AverageLatency(us)=15189.24] 
2014-07-09 20:46:26:655 3041 sec: 48160044 operations; 13315.17 current ops/sec; [INSERT AverageLatency(us)=11.32] [READ AverageLatency(us)=14870.66] 
2014-07-09 20:46:36:656 3051 sec: 48301450 operations; 14139.19 current ops/sec; [INSERT AverageLatency(us)=11.74] [READ AverageLatency(us)=14074.21] 
2014-07-09 20:46:46:656 3061 sec: 48425834 operations; 12438.4 current ops/sec; [INSERT AverageLatency(us)=11.29] [READ AverageLatency(us)=15739.88] 
2014-07-09 20:46:56:657 3071 sec: 48556823 operations; 13097.59 current ops/sec; [INSERT AverageLatency(us)=12.2] [READ AverageLatency(us)=15016.87] 
2014-07-09 20:47:06:658 3081 sec: 48695704 operations; 13886.71 current ops/sec; [INSERT AverageLatency(us)=11.93] [READ AverageLatency(us)=14240.41] 
2014-07-09 20:47:16:660 3091 sec: 48812513 operations; 11679.73 current ops/sec; [INSERT AverageLatency(us)=12.41] [READ AverageLatency(us)=16962.98] 
2014-07-09 20:47:26:660 3101 sec: 48934889 operations; 12236.38 current ops/sec; [INSERT AverageLatency(us)=11.53] [READ AverageLatency(us)=16395.82] 
2014-07-09 20:47:36:661 3111 sec: 49059969 operations; 12506.75 current ops/sec; [INSERT AverageLatency(us)=13.27] [READ AverageLatency(us)=15845.43] 
2014-07-09 20:47:46:662 3121 sec: 49180918 operations; 12093.69 current ops/sec; [INSERT AverageLatency(us)=11.18] [READ AverageLatency(us)=16314.92] 
2014-07-09 20:47:56:663 3131 sec: 49314916 operations; 13398.46 current ops/sec; [INSERT AverageLatency(us)=11.8] [READ AverageLatency(us)=14971.22] 
2014-07-09 20:48:06:665 3141 sec: 49428564 operations; 11362.53 current ops/sec; [INSERT AverageLatency(us)=11.98] [READ AverageLatency(us)=17616.14] 
2014-07-09 20:48:16:666 3151 sec: 49554467 operations; 12589.04 current ops/sec; [INSERT AverageLatency(us)=12.66] [READ AverageLatency(us)=15864.88] 
2014-07-09 20:48:26:666 3161 sec: 49673427 operations; 11896 current ops/sec; [INSERT AverageLatency(us)=11.92] [READ AverageLatency(us)=16992.43] 
2014-07-09 20:48:36:667 3171 sec: 49805722 operations; 13228.18 current ops/sec; [UPDATE AverageLatency(us)=78352] [INSERT AverageLatency(us)=12.75] [READ AverageLatency(us)=15032.51] [CLEANUP AverageLatency(us)=78697] 
2014-07-09 20:48:46:668 3181 sec: 49914192 operations; 10845.92 current ops/sec; [UPDATE AverageLatency(us)=218532] [INSERT AverageLatency(us)=12.46] [READ AverageLatency(us)=14743.34] [CLEANUP AverageLatency(us)=218939.17] 
2014-07-09 20:48:56:669 3191 sec: 49983899 operations; 6970 current ops/sec; [UPDATE AverageLatency(us)=350380.71] [INSERT AverageLatency(us)=17.24] [READ AverageLatency(us)=12839.06] [CLEANUP AverageLatency(us)=350398.14] 
2014-07-09 20:49:02:722 3197 sec: 50000000 operations; 2660 current ops/sec; [UPDATE AverageLatency(us)=253545.5] [INSERT AverageLatency(us)=13.34] [READ AverageLatency(us)=12205.26] [CLEANUP AverageLatency(us)=253561.5] 
+ echo 'end time:'
end time:
++ date +%s
+ echo 1404964145
1404964145
+ echo 'sleeping for 10 sec ...'
sleeping for 10 sec ...
+ sleep 10
+ let counter=1+1
+ read line
+ set +x
