++ ls caseresult/ -ltr
++ wc -l
+ filename=case109
+ mkdir caseresult/case109
+ ssh hadoop@master mkdir /home/hadoop/git/physical_design/caseresult/case109
+ RESULT_DIR=/home/hadoop/git/physical_design/caseresult/case109
+ TEN=10
+ SIXTY=60
+ SLEEP_TIME=300
+ YCSB_DIR=/home/hadoop/ycsb-0.1.4
+ number_of_operations=50000000
+ number_of_threads=20
+ number_of_records=50000000
+ output_file_suffix=.dat
+ experiment_list_file=/home/hadoop/git/physical_design/case109.list
+ clean=false
+ create=false
+ load=false
+ random_read=false
+ workloada=false
+ workloadb=false
+ workloadc=false
+ scan=false
+ all=false
+ for i in '$@'
+ '[' clean == all ']'
+ '[' clean == clean ']'
+ clean=true
+ for i in '$@'
+ '[' create == all ']'
+ '[' create == clean ']'
+ '[' create == create ']'
+ create=true
+ for i in '$@'
+ '[' workloadc == all ']'
+ '[' workloadc == clean ']'
+ '[' workloadc == create ']'
+ '[' workloadc == load ']'
+ '[' workloadc == random_read ']'
+ '[' workloadc == scan ']'
+ '[' workloadc == workloada ']'
+ '[' workloadc == workloadb ']'
+ '[' workloadc == workloadc ']'
+ workloadc=true
+ let counter=1
+ cd /home/hadoop/ycsb-0.1.4
++ pwd
+ echo /home/hadoop/ycsb-0.1.4
/home/hadoop/ycsb-0.1.4
+ read line
+ false
+ true
+ echo 'sleeping for 60 ...'
sleeping for 60 ...
+ sleep 60
+ echo 'droping usertable...'
droping usertable...
+ ssh hadoop@master /home/hadoop/hbase/bin/hbase shell /home/hadoop/git/physical_design/delete_table
0 row(s) in 2.8760 seconds

0 row(s) in 1.3420 seconds

0 row(s) in 0.0790 seconds

+ echo 'sleeping for 300 ...'
sleeping for 300 ...
+ sleep 300
+ false
+ true
+ echo 'creating usertable...'
creating usertable...
+ create_statement='create '\''usertable'\'', { NAME=>'\''family'\'', COMPRESSION=>'\''GZ'\''}, SPLITS => ['\''user1'\'', '\''user2'\'', '\''user3'\'', '\''user4'\'', '\''user5'\'', '\''user6'\'', '\''user7'\'', '\''user8'\'', '\''user9'\'']'
+ echo create ''\''usertable'\'',' '{' 'NAME=>'\''family'\'',' 'COMPRESSION=>'\''GZ'\''},' SPLITS '=>' '['\''user1'\'',' ''\''user2'\'',' ''\''user3'\'',' ''\''user4'\'',' ''\''user5'\'',' ''\''user6'\'',' ''\''user7'\'',' ''\''user8'\'',' ''\''user9'\'']'
+ echo 'exit '
+ scp /home/hadoop/git/physical_design/caseresult/case109/create_1.script hadoop@master:/home/hadoop/git/physical_design/caseresult/case109/create_1.script
+ create_table /home/hadoop/git/physical_design/caseresult/case109/create_1.script
+ echo 'creating table...'
creating table...
+ echo /home/hadoop/git/physical_design/caseresult/case109/create_1.script
/home/hadoop/git/physical_design/caseresult/case109/create_1.script
+ ssh hadoop@master /home/hadoop/hbase/bin/hbase shell /home/hadoop/git/physical_design/caseresult/case109/create_1.script
0 row(s) in 1.7280 seconds

+ echo 'sleeping for 10 sec ...'
sleeping for 10 sec ...
+ sleep 10
+ false
+ false
+ false
+ false
+ false
+ false
+ false
+ false
+ false
+ true
+ echo workloadc...
workloadc...
+ echo 'start time: '
start time: 
++ date +%s
+ echo 1405180236
1405180236
++ echo /home/hadoop/git/physical_design/caseresult/case109/workloadc_1.dat
+ ./workloadc 50000000 20 /home/hadoop/git/physical_design/caseresult/case109/workloadc_1.dat
Loading workload...
Starting test.
2014-07-12 08:50:36:644 0 sec: 0 operations; 
14/07/12 08:50:37 INFO zookeeper.ZooKeeper: Client environment:zookeeper.version=3.4.6-1569965, built on 02/20/2014 09:09 GMT
14/07/12 08:50:37 INFO zookeeper.ZooKeeper: Client environment:host.name=sceplus-vm43.almaden.ibm.com
14/07/12 08:50:37 INFO zookeeper.ZooKeeper: Client environment:java.version=1.6.0_31
14/07/12 08:50:37 INFO zookeeper.ZooKeeper: Client environment:java.vendor=Sun Microsystems Inc.
14/07/12 08:50:37 INFO zookeeper.ZooKeeper: Client environment:java.home=/usr/lib/jvm/java-6-openjdk-amd64/jre
14/07/12 08:50:37 INFO zookeeper.ZooKeeper: Client environment:java.class.path=/home/hadoop/ycsb-0.1.4/hbase-binding/lib/hbase-binding-0.1.4.jar:/home/hadoop/ycsb-0.1.4/hbase-binding/conf:/home/hadoop/ycsb-0.1.4/core/lib/core-0.1.4.jar:/home/hadoop/ycsb-0.1.4/jdbc-binding/conf
14/07/12 08:50:37 INFO zookeeper.ZooKeeper: Client environment:java.library.path=/usr/lib/jvm/java-6-openjdk-amd64/jre/lib/amd64/server:/usr/lib/jvm/java-6-openjdk-amd64/jre/lib/amd64:/usr/lib/jvm/java-6-openjdk-amd64/jre/../lib/amd64:/usr/java/packages/lib/amd64:/usr/lib/jni:/lib:/usr/lib
14/07/12 08:50:37 INFO zookeeper.ZooKeeper: Client environment:java.io.tmpdir=/tmp
14/07/12 08:50:37 INFO zookeeper.ZooKeeper: Client environment:java.compiler=<NA>
14/07/12 08:50:37 INFO zookeeper.ZooKeeper: Client environment:os.name=Linux
14/07/12 08:50:37 INFO zookeeper.ZooKeeper: Client environment:os.arch=amd64
14/07/12 08:50:37 INFO zookeeper.ZooKeeper: Client environment:os.version=3.13.0-24-generic
14/07/12 08:50:37 INFO zookeeper.ZooKeeper: Client environment:user.name=hadoop
14/07/12 08:50:37 INFO zookeeper.ZooKeeper: Client environment:user.home=/home/hadoop
14/07/12 08:50:37 INFO zookeeper.ZooKeeper: Client environment:user.dir=/home/hadoop/ycsb-0.1.4
14/07/12 08:50:37 INFO zookeeper.ZooKeeper: Initiating client connection, connectString=sceplus-vm49.almaden.ibm.com:2181,sceplus-vm48.almaden.ibm.com:2181 sessionTimeout=90000 watcher=hconnection-0x29ee65b1, quorum=sceplus-vm49.almaden.ibm.com:2181,sceplus-vm48.almaden.ibm.com:2181, baseZNode=/hbase
14/07/12 08:50:37 INFO zookeeper.RecoverableZooKeeper: Process identifier=hconnection-0x29ee65b1 connecting to ZooKeeper ensemble=sceplus-vm49.almaden.ibm.com:2181,sceplus-vm48.almaden.ibm.com:2181
14/07/12 08:50:37 INFO zookeeper.ClientCnxn: Opening socket connection to server master/9.1.143.58:2181. Will not attempt to authenticate using SASL (unknown error)
14/07/12 08:50:37 INFO zookeeper.ClientCnxn: Socket connection established to master/9.1.143.58:2181, initiating session
14/07/12 08:50:37 INFO zookeeper.ClientCnxn: Session establishment complete on server master/9.1.143.58:2181, sessionid = 0x472cf0fb86000c, negotiated timeout = 90000
2014-07-12 08:50:46:645 10 sec: 76421 operations; 7641.34 current ops/sec; [INSERT AverageLatency(us)=267.6] [READ AverageLatency(us)=6898.52] 
2014-07-12 08:50:56:646 20 sec: 223988 operations; 14755.22 current ops/sec; [INSERT AverageLatency(us)=25.47] [READ AverageLatency(us)=12341.94] 
2014-07-12 08:51:06:647 30 sec: 532562 operations; 30854.31 current ops/sec; [INSERT AverageLatency(us)=16.19] [READ AverageLatency(us)=5839.62] 
2014-07-12 08:51:16:648 40 sec: 853931 operations; 32133.69 current ops/sec; [INSERT AverageLatency(us)=14.05] [READ AverageLatency(us)=5839.39] 
2014-07-12 08:51:26:671 50 sec: 1156937 operations; 30231.07 current ops/sec; [INSERT AverageLatency(us)=13] [READ AverageLatency(us)=6313.56] 
2014-07-12 08:51:36:671 60 sec: 1466474 operations; 30953.7 current ops/sec; [INSERT AverageLatency(us)=12.62] [READ AverageLatency(us)=6182.22] 
2014-07-12 08:51:46:672 70 sec: 1774881 operations; 30837.62 current ops/sec; [INSERT AverageLatency(us)=14.37] [READ AverageLatency(us)=6331.33] 
2014-07-12 08:51:56:672 80 sec: 2045999 operations; 27111.8 current ops/sec; [INSERT AverageLatency(us)=14.73] [READ AverageLatency(us)=7181.06] 
2014-07-12 08:52:06:673 90 sec: 2323205 operations; 27717.83 current ops/sec; [INSERT AverageLatency(us)=13.24] [READ AverageLatency(us)=6962.26] 
2014-07-12 08:52:16:673 100 sec: 2606527 operations; 28332.2 current ops/sec; [INSERT AverageLatency(us)=13.22] [READ AverageLatency(us)=6866.51] 
2014-07-12 08:52:26:674 110 sec: 2899320 operations; 29276.37 current ops/sec; [INSERT AverageLatency(us)=12.95] [READ AverageLatency(us)=6656.99] 
2014-07-12 08:52:36:675 120 sec: 3168849 operations; 26952.9 current ops/sec; [INSERT AverageLatency(us)=12.38] [READ AverageLatency(us)=7235.43] 
2014-07-12 08:52:46:675 130 sec: 3452644 operations; 28376.66 current ops/sec; [INSERT AverageLatency(us)=12.63] [READ AverageLatency(us)=6815.34] 
2014-07-12 08:52:56:676 140 sec: 3738917 operations; 28624.44 current ops/sec; [INSERT AverageLatency(us)=12.8] [READ AverageLatency(us)=6899.87] 
2014-07-12 08:53:06:676 150 sec: 3985720 operations; 24680.3 current ops/sec; [INSERT AverageLatency(us)=12.08] [READ AverageLatency(us)=7979.21] 
2014-07-12 08:53:16:677 160 sec: 4256100 operations; 27035.3 current ops/sec; [INSERT AverageLatency(us)=10.92] [READ AverageLatency(us)=7246.59] 
2014-07-12 08:53:26:677 170 sec: 4514292 operations; 25819.2 current ops/sec; [INSERT AverageLatency(us)=12.22] [READ AverageLatency(us)=7484.84] 
2014-07-12 08:53:36:678 180 sec: 4774669 operations; 26035.1 current ops/sec; [INSERT AverageLatency(us)=11.85] [READ AverageLatency(us)=7618.5] 
2014-07-12 08:53:46:678 190 sec: 5034718 operations; 26004.9 current ops/sec; [INSERT AverageLatency(us)=13] [READ AverageLatency(us)=7718.32] 
2014-07-12 08:53:56:730 200 sec: 5307828 operations; 27169.72 current ops/sec; [INSERT AverageLatency(us)=12.12] [READ AverageLatency(us)=7048.36] 
2014-07-12 08:54:06:731 210 sec: 5507886 operations; 20003.8 current ops/sec; [INSERT AverageLatency(us)=11.5] [READ AverageLatency(us)=9965.35] 
2014-07-12 08:54:16:731 220 sec: 5733535 operations; 22564.9 current ops/sec; [INSERT AverageLatency(us)=12.34] [READ AverageLatency(us)=8647.89] 
2014-07-12 08:54:26:732 230 sec: 5982693 operations; 24913.31 current ops/sec; [INSERT AverageLatency(us)=12.53] [READ AverageLatency(us)=7830.12] 
2014-07-12 08:54:36:732 240 sec: 6246742 operations; 26404.9 current ops/sec; [INSERT AverageLatency(us)=13.02] [READ AverageLatency(us)=7351.31] 
2014-07-12 08:54:46:732 250 sec: 6521873 operations; 27513.1 current ops/sec; [INSERT AverageLatency(us)=11.39] [READ AverageLatency(us)=7210.63] 
2014-07-12 08:54:56:733 260 sec: 6711715 operations; 18982.3 current ops/sec; [INSERT AverageLatency(us)=12.28] [READ AverageLatency(us)=10365.54] 
2014-07-12 08:55:06:734 270 sec: 6925173 operations; 21345.8 current ops/sec; [INSERT AverageLatency(us)=12.92] [READ AverageLatency(us)=9258.16] 
2014-07-12 08:55:16:734 280 sec: 7165556 operations; 24035.9 current ops/sec; [INSERT AverageLatency(us)=11.28] [READ AverageLatency(us)=8117.15] 
2014-07-12 08:55:26:735 290 sec: 7394252 operations; 22867.31 current ops/sec; [INSERT AverageLatency(us)=11.91] [READ AverageLatency(us)=8578.39] 
2014-07-12 08:55:36:735 300 sec: 7645588 operations; 25133.6 current ops/sec; [INSERT AverageLatency(us)=12.87] [READ AverageLatency(us)=7806.8] 
2014-07-12 08:55:46:736 310 sec: 7888337 operations; 24272.47 current ops/sec; [INSERT AverageLatency(us)=14.11] [READ AverageLatency(us)=8017.48] 
2014-07-12 08:55:56:736 320 sec: 8124315 operations; 23597.8 current ops/sec; [INSERT AverageLatency(us)=12.12] [READ AverageLatency(us)=8296.84] 
2014-07-12 08:56:06:737 330 sec: 8373717 operations; 24937.71 current ops/sec; [INSERT AverageLatency(us)=11.88] [READ AverageLatency(us)=7874.32] 
2014-07-12 08:56:16:737 340 sec: 8622194 operations; 24847.7 current ops/sec; [INSERT AverageLatency(us)=11.98] [READ AverageLatency(us)=7769.04] 
2014-07-12 08:56:26:737 350 sec: 8858018 operations; 23582.4 current ops/sec; [INSERT AverageLatency(us)=11.81] [READ AverageLatency(us)=8441.73] 
2014-07-12 08:56:36:738 360 sec: 9083764 operations; 22572.34 current ops/sec; [INSERT AverageLatency(us)=11.66] [READ AverageLatency(us)=8616.62] 
2014-07-12 08:56:46:738 370 sec: 9316347 operations; 23258.3 current ops/sec; [INSERT AverageLatency(us)=11.62] [READ AverageLatency(us)=8507.73] 
2014-07-12 08:56:56:739 380 sec: 9545900 operations; 22953 current ops/sec; [INSERT AverageLatency(us)=12.76] [READ AverageLatency(us)=8598.08] 
2014-07-12 08:57:06:739 390 sec: 9771748 operations; 22584.8 current ops/sec; [INSERT AverageLatency(us)=11.65] [READ AverageLatency(us)=8541.23] 
2014-07-12 08:57:16:740 400 sec: 10000840 operations; 22906.91 current ops/sec; [INSERT AverageLatency(us)=11.28] [READ AverageLatency(us)=8692.35] 
2014-07-12 08:57:26:740 410 sec: 10192889 operations; 19204.9 current ops/sec; [INSERT AverageLatency(us)=10.98] [READ AverageLatency(us)=10242.5] 
2014-07-12 08:57:36:741 420 sec: 10415007 operations; 22209.58 current ops/sec; [INSERT AverageLatency(us)=10.81] [READ AverageLatency(us)=8790.69] 
2014-07-12 08:57:46:741 430 sec: 10624465 operations; 20945.8 current ops/sec; [INSERT AverageLatency(us)=12.21] [READ AverageLatency(us)=9396.74] 
2014-07-12 08:57:56:742 440 sec: 10838827 operations; 21434.06 current ops/sec; [INSERT AverageLatency(us)=11.67] [READ AverageLatency(us)=9167.08] 
2014-07-12 08:58:06:742 450 sec: 11049881 operations; 21105.4 current ops/sec; [INSERT AverageLatency(us)=11.39] [READ AverageLatency(us)=9302.11] 
2014-07-12 08:58:16:743 460 sec: 11242786 operations; 19288.57 current ops/sec; [INSERT AverageLatency(us)=12.06] [READ AverageLatency(us)=10136.92] 
2014-07-12 08:58:26:743 470 sec: 11423475 operations; 18068.9 current ops/sec; [INSERT AverageLatency(us)=13.21] [READ AverageLatency(us)=10939.5] 
2014-07-12 08:58:36:744 480 sec: 11600401 operations; 17690.83 current ops/sec; [INSERT AverageLatency(us)=11.82] [READ AverageLatency(us)=10973] 
2014-07-12 08:58:46:744 490 sec: 11789017 operations; 18861.6 current ops/sec; [INSERT AverageLatency(us)=10.8] [READ AverageLatency(us)=10592.11] 
2014-07-12 08:58:56:745 500 sec: 11982468 operations; 19343.17 current ops/sec; [INSERT AverageLatency(us)=10.73] [READ AverageLatency(us)=10295.86] 
2014-07-12 08:59:06:745 510 sec: 12175587 operations; 19311.9 current ops/sec; [INSERT AverageLatency(us)=11.45] [READ AverageLatency(us)=10207.52] 
2014-07-12 08:59:16:746 520 sec: 12362502 operations; 18689.63 current ops/sec; [INSERT AverageLatency(us)=10.94] [READ AverageLatency(us)=10502.33] 
2014-07-12 08:59:26:746 530 sec: 12554770 operations; 19226.8 current ops/sec; [INSERT AverageLatency(us)=11.4] [READ AverageLatency(us)=10234.46] 
2014-07-12 08:59:36:747 540 sec: 12740779 operations; 18599.04 current ops/sec; [INSERT AverageLatency(us)=14.84] [READ AverageLatency(us)=10608.1] 
2014-07-12 08:59:46:747 550 sec: 12940563 operations; 19978.4 current ops/sec; [INSERT AverageLatency(us)=11.04] [READ AverageLatency(us)=9889.14] 
2014-07-12 08:59:56:748 560 sec: 13135372 operations; 19480.9 current ops/sec; [INSERT AverageLatency(us)=10.37] [READ AverageLatency(us)=10250.95] 
2014-07-12 09:00:06:748 570 sec: 13337554 operations; 20216.18 current ops/sec; [INSERT AverageLatency(us)=11.2] [READ AverageLatency(us)=9703.14] 
2014-07-12 09:00:16:749 580 sec: 13529380 operations; 19180.68 current ops/sec; [INSERT AverageLatency(us)=10.65] [READ AverageLatency(us)=10424.9] 
2014-07-12 09:00:26:749 590 sec: 13706318 operations; 17693.8 current ops/sec; [INSERT AverageLatency(us)=11.01] [READ AverageLatency(us)=11177.46] 
2014-07-12 09:00:36:750 600 sec: 13912322 operations; 20600.4 current ops/sec; [INSERT AverageLatency(us)=12.77] [READ AverageLatency(us)=9516.62] 
2014-07-12 09:00:46:750 610 sec: 14084590 operations; 17225.08 current ops/sec; [INSERT AverageLatency(us)=11.09] [READ AverageLatency(us)=11417.84] 
2014-07-12 09:00:56:751 620 sec: 14272972 operations; 18838.2 current ops/sec; [INSERT AverageLatency(us)=11.13] [READ AverageLatency(us)=10371.23] 
2014-07-12 09:01:06:751 630 sec: 14457533 operations; 18454.25 current ops/sec; [INSERT AverageLatency(us)=11.22] [READ AverageLatency(us)=10783.88] 
2014-07-12 09:01:16:751 640 sec: 14644753 operations; 18722 current ops/sec; [INSERT AverageLatency(us)=10.7] [READ AverageLatency(us)=10749.54] 
2014-07-12 09:01:26:752 650 sec: 14839788 operations; 19501.55 current ops/sec; [INSERT AverageLatency(us)=10.63] [READ AverageLatency(us)=10170.69] 
2014-07-12 09:01:36:752 660 sec: 15021844 operations; 18205.6 current ops/sec; [INSERT AverageLatency(us)=12.4] [READ AverageLatency(us)=10810.21] 
2014-07-12 09:01:46:753 670 sec: 15217393 operations; 19552.94 current ops/sec; [INSERT AverageLatency(us)=10.77] [READ AverageLatency(us)=9997.27] 
2014-07-12 09:01:56:753 680 sec: 15411248 operations; 19385.5 current ops/sec; [INSERT AverageLatency(us)=10.39] [READ AverageLatency(us)=10150.7] 
2014-07-12 09:02:06:754 690 sec: 15599534 operations; 18826.72 current ops/sec; [INSERT AverageLatency(us)=11.13] [READ AverageLatency(us)=10084.2] 
2014-07-12 09:02:16:754 700 sec: 15782930 operations; 18339.6 current ops/sec; [INSERT AverageLatency(us)=10.69] [READ AverageLatency(us)=10996.65] 
2014-07-12 09:02:26:755 710 sec: 15954601 operations; 17165.38 current ops/sec; [INSERT AverageLatency(us)=13.35] [READ AverageLatency(us)=11468.77] 
2014-07-12 09:02:36:755 720 sec: 16151674 operations; 19707.3 current ops/sec; [INSERT AverageLatency(us)=11.09] [READ AverageLatency(us)=9984.2] 
2014-07-12 09:02:46:756 730 sec: 16326090 operations; 17439.86 current ops/sec; [INSERT AverageLatency(us)=11.39] [READ AverageLatency(us)=11433.77] 
2014-07-12 09:02:56:756 740 sec: 16478091 operations; 15200.1 current ops/sec; [INSERT AverageLatency(us)=11.92] [READ AverageLatency(us)=13173.31] 
2014-07-12 09:03:06:757 750 sec: 16663387 operations; 18527.75 current ops/sec; [INSERT AverageLatency(us)=10.86] [READ AverageLatency(us)=10675.55] 
2014-07-12 09:03:16:757 760 sec: 16821578 operations; 15819.1 current ops/sec; [INSERT AverageLatency(us)=11.49] [READ AverageLatency(us)=12791.53] 
2014-07-12 09:03:26:758 770 sec: 16997364 operations; 17576.84 current ops/sec; [INSERT AverageLatency(us)=10.76] [READ AverageLatency(us)=11199.57] 
2014-07-12 09:03:36:758 780 sec: 17164223 operations; 16685.9 current ops/sec; [INSERT AverageLatency(us)=13.16] [READ AverageLatency(us)=11595.12] 
2014-07-12 09:03:46:759 790 sec: 17325502 operations; 16126.29 current ops/sec; [INSERT AverageLatency(us)=11.33] [READ AverageLatency(us)=12298.42] 
2014-07-12 09:03:56:759 800 sec: 17484542 operations; 15904 current ops/sec; [INSERT AverageLatency(us)=11.27] [READ AverageLatency(us)=12401.82] 
2014-07-12 09:04:06:760 810 sec: 17626378 operations; 14182.18 current ops/sec; [INSERT AverageLatency(us)=11] [READ AverageLatency(us)=14134.89] 
2014-07-12 09:04:16:761 820 sec: 17791668 operations; 16529 current ops/sec; [INSERT AverageLatency(us)=11.62] [READ AverageLatency(us)=12034.47] 
2014-07-12 09:04:26:761 830 sec: 17957136 operations; 16545.15 current ops/sec; [INSERT AverageLatency(us)=11.06] [READ AverageLatency(us)=11878.39] 
2014-07-12 09:04:36:761 840 sec: 18126612 operations; 16947.6 current ops/sec; [INSERT AverageLatency(us)=11.33] [READ AverageLatency(us)=11967.33] 
2014-07-12 09:04:46:762 850 sec: 18285828 operations; 15920.01 current ops/sec; [INSERT AverageLatency(us)=10.76] [READ AverageLatency(us)=12449.92] 
2014-07-12 09:04:56:762 860 sec: 18473504 operations; 18767.6 current ops/sec; [INSERT AverageLatency(us)=11] [READ AverageLatency(us)=10473.57] 
2014-07-12 09:05:06:813 870 sec: 18649388 operations; 17499.15 current ops/sec; [INSERT AverageLatency(us)=12.07] [READ AverageLatency(us)=11247.3] 
2014-07-12 09:05:16:813 880 sec: 18811145 operations; 16175.7 current ops/sec; [INSERT AverageLatency(us)=11.39] [READ AverageLatency(us)=12294.44] 
2014-07-12 09:05:26:814 890 sec: 18987779 operations; 17661.63 current ops/sec; [INSERT AverageLatency(us)=11.93] [READ AverageLatency(us)=11174.88] 
2014-07-12 09:05:36:814 900 sec: 19161045 operations; 17326.6 current ops/sec; [INSERT AverageLatency(us)=10.33] [READ AverageLatency(us)=11361.01] 
2014-07-12 09:05:46:815 910 sec: 19327458 operations; 16639.64 current ops/sec; [INSERT AverageLatency(us)=11.16] [READ AverageLatency(us)=11950.44] 
2014-07-12 09:05:56:815 920 sec: 19499104 operations; 17164.6 current ops/sec; [INSERT AverageLatency(us)=10.99] [READ AverageLatency(us)=11448.08] 
2014-07-12 09:06:06:816 930 sec: 19643123 operations; 14400.46 current ops/sec; [INSERT AverageLatency(us)=10.88] [READ AverageLatency(us)=13690.56] 
2014-07-12 09:06:16:816 940 sec: 19808709 operations; 16558.6 current ops/sec; [INSERT AverageLatency(us)=11.86] [READ AverageLatency(us)=11924.43] 
2014-07-12 09:06:26:817 950 sec: 19970395 operations; 16166.98 current ops/sec; [INSERT AverageLatency(us)=11.39] [READ AverageLatency(us)=12187.61] 
2014-07-12 09:06:36:817 960 sec: 20128133 operations; 15773.8 current ops/sec; [INSERT AverageLatency(us)=10.63] [READ AverageLatency(us)=12339.49] 
2014-07-12 09:06:46:818 970 sec: 20287190 operations; 15904.11 current ops/sec; [INSERT AverageLatency(us)=11.15] [READ AverageLatency(us)=12511.46] 
2014-07-12 09:06:56:818 980 sec: 20453152 operations; 16596.2 current ops/sec; [INSERT AverageLatency(us)=10.53] [READ AverageLatency(us)=11804] 
2014-07-12 09:07:06:819 990 sec: 20618940 operations; 16577.14 current ops/sec; [INSERT AverageLatency(us)=10.02] [READ AverageLatency(us)=11985.54] 
2014-07-12 09:07:16:819 1000 sec: 20777152 operations; 15821.2 current ops/sec; [INSERT AverageLatency(us)=10.43] [READ AverageLatency(us)=12523] 
2014-07-12 09:07:26:820 1010 sec: 20934870 operations; 15770.22 current ops/sec; [INSERT AverageLatency(us)=9.92] [READ AverageLatency(us)=12670.87] 
2014-07-12 09:07:36:820 1020 sec: 21090609 operations; 15573.9 current ops/sec; [INSERT AverageLatency(us)=10.6] [READ AverageLatency(us)=12739.13] 
2014-07-12 09:07:46:821 1030 sec: 21248818 operations; 15819.32 current ops/sec; [INSERT AverageLatency(us)=10.72] [READ AverageLatency(us)=12558.17] 
2014-07-12 09:07:56:821 1040 sec: 21405966 operations; 15714.8 current ops/sec; [INSERT AverageLatency(us)=11.2] [READ AverageLatency(us)=12779.23] 
2014-07-12 09:08:06:822 1050 sec: 21571083 operations; 16511.7 current ops/sec; [INSERT AverageLatency(us)=10.32] [READ AverageLatency(us)=11964.92] 
2014-07-12 09:08:16:822 1060 sec: 21730367 operations; 15926.81 current ops/sec; [INSERT AverageLatency(us)=10.88] [READ AverageLatency(us)=12552.71] 
2014-07-12 09:08:26:822 1070 sec: 21886471 operations; 15610.4 current ops/sec; [INSERT AverageLatency(us)=11.99] [READ AverageLatency(us)=12787.86] 
2014-07-12 09:08:36:823 1080 sec: 22041653 operations; 15516.65 current ops/sec; [INSERT AverageLatency(us)=11.19] [READ AverageLatency(us)=12847.75] 
2014-07-12 09:08:46:823 1090 sec: 22200880 operations; 15922.7 current ops/sec; [INSERT AverageLatency(us)=10.99] [READ AverageLatency(us)=12396.62] 
2014-07-12 09:08:56:824 1100 sec: 22360276 operations; 15938.01 current ops/sec; [INSERT AverageLatency(us)=11.31] [READ AverageLatency(us)=12309.36] 
2014-07-12 09:09:06:824 1110 sec: 22527300 operations; 16702.4 current ops/sec; [INSERT AverageLatency(us)=10.35] [READ AverageLatency(us)=11741.51] 
2014-07-12 09:09:16:825 1120 sec: 22660880 operations; 13356.66 current ops/sec; [INSERT AverageLatency(us)=10.77] [READ AverageLatency(us)=14971.45] 
2014-07-12 09:09:26:825 1130 sec: 22812191 operations; 15131.1 current ops/sec; [INSERT AverageLatency(us)=10.75] [READ AverageLatency(us)=12897.73] 
2014-07-12 09:09:36:826 1140 sec: 22972487 operations; 16028 current ops/sec; [INSERT AverageLatency(us)=10.92] [READ AverageLatency(us)=12338.99] 
2014-07-12 09:09:46:826 1150 sec: 23130957 operations; 15847 current ops/sec; [INSERT AverageLatency(us)=10.96] [READ AverageLatency(us)=12331.87] 
2014-07-12 09:09:56:827 1160 sec: 23294715 operations; 16374.16 current ops/sec; [INSERT AverageLatency(us)=11.28] [READ AverageLatency(us)=12256.67] 
2014-07-12 09:10:06:827 1170 sec: 23449396 operations; 15468.1 current ops/sec; [INSERT AverageLatency(us)=11.97] [READ AverageLatency(us)=12891.81] 
2014-07-12 09:10:16:828 1180 sec: 23605411 operations; 15599.94 current ops/sec; [INSERT AverageLatency(us)=11.14] [READ AverageLatency(us)=12771.1] 
2014-07-12 09:10:26:828 1190 sec: 23751196 operations; 14578.5 current ops/sec; [INSERT AverageLatency(us)=11.38] [READ AverageLatency(us)=13581.37] 
2014-07-12 09:10:36:829 1200 sec: 23904260 operations; 15306.4 current ops/sec; [INSERT AverageLatency(us)=10.92] [READ AverageLatency(us)=12872.72] 
2014-07-12 09:10:46:829 1210 sec: 24059083 operations; 15480.75 current ops/sec; [INSERT AverageLatency(us)=11.92] [READ AverageLatency(us)=12776.68] 
2014-07-12 09:10:56:829 1220 sec: 24219834 operations; 16075.1 current ops/sec; [INSERT AverageLatency(us)=11.35] [READ AverageLatency(us)=12298.05] 
2014-07-12 09:11:06:830 1230 sec: 24377178 operations; 15732.83 current ops/sec; [INSERT AverageLatency(us)=10.21] [READ AverageLatency(us)=12501.95] 
2014-07-12 09:11:16:830 1240 sec: 24528311 operations; 15113.3 current ops/sec; [INSERT AverageLatency(us)=10.01] [READ AverageLatency(us)=13178.54] 
2014-07-12 09:11:26:831 1250 sec: 24691544 operations; 16321.67 current ops/sec; [INSERT AverageLatency(us)=10.6] [READ AverageLatency(us)=12157.26] 
2014-07-12 09:11:36:831 1260 sec: 24844130 operations; 15258.6 current ops/sec; [INSERT AverageLatency(us)=10.86] [READ AverageLatency(us)=13121.92] 
2014-07-12 09:11:46:832 1270 sec: 25007538 operations; 16339.17 current ops/sec; [INSERT AverageLatency(us)=11.1] [READ AverageLatency(us)=12159.33] 
2014-07-12 09:11:56:832 1280 sec: 25154925 operations; 14738.7 current ops/sec; [INSERT AverageLatency(us)=12.88] [READ AverageLatency(us)=13453.18] 
2014-07-12 09:12:06:833 1290 sec: 25307714 operations; 15277.37 current ops/sec; [INSERT AverageLatency(us)=11.29] [READ AverageLatency(us)=12953.87] 
2014-07-12 09:12:16:833 1300 sec: 25462524 operations; 15481 current ops/sec; [INSERT AverageLatency(us)=10.48] [READ AverageLatency(us)=12689.4] 
2014-07-12 09:12:26:834 1310 sec: 25625169 operations; 16262.87 current ops/sec; [INSERT AverageLatency(us)=10.64] [READ AverageLatency(us)=12164.35] 
2014-07-12 09:12:36:834 1320 sec: 25773610 operations; 14844.1 current ops/sec; [INSERT AverageLatency(us)=10.76] [READ AverageLatency(us)=13197.15] 
2014-07-12 09:12:46:835 1330 sec: 25923617 operations; 14999.2 current ops/sec; [INSERT AverageLatency(us)=10.17] [READ AverageLatency(us)=13118.61] 
2014-07-12 09:12:56:835 1340 sec: 26080158 operations; 15654.1 current ops/sec; [INSERT AverageLatency(us)=10.42] [READ AverageLatency(us)=12584.03] 
2014-07-12 09:13:06:836 1350 sec: 26238172 operations; 15799.82 current ops/sec; [INSERT AverageLatency(us)=11.05] [READ AverageLatency(us)=12464.42] 
2014-07-12 09:13:16:836 1360 sec: 26394449 operations; 15627.7 current ops/sec; [INSERT AverageLatency(us)=11.19] [READ AverageLatency(us)=12745.22] 
2014-07-12 09:13:26:837 1370 sec: 26541317 operations; 14686.8 current ops/sec; [INSERT AverageLatency(us)=10.01] [READ AverageLatency(us)=13608.18] 
2014-07-12 09:13:36:837 1380 sec: 26701311 operations; 15997.8 current ops/sec; [INSERT AverageLatency(us)=10.8] [READ AverageLatency(us)=12591.45] 
2014-07-12 09:13:46:837 1390 sec: 26856445 operations; 15513.4 current ops/sec; [INSERT AverageLatency(us)=11.54] [READ AverageLatency(us)=12850.06] 
2014-07-12 09:13:56:838 1400 sec: 26995089 operations; 13863.01 current ops/sec; [INSERT AverageLatency(us)=10.33] [READ AverageLatency(us)=14436.92] 
2014-07-12 09:14:06:838 1410 sec: 27145086 operations; 14999.7 current ops/sec; [INSERT AverageLatency(us)=10.72] [READ AverageLatency(us)=13183.79] 
2014-07-12 09:14:16:839 1420 sec: 27277635 operations; 13253.57 current ops/sec; [INSERT AverageLatency(us)=10.28] [READ AverageLatency(us)=14833.84] 
2014-07-12 09:14:26:839 1430 sec: 27435305 operations; 15767 current ops/sec; [INSERT AverageLatency(us)=11.34] [READ AverageLatency(us)=12684.27] 
2014-07-12 09:14:36:840 1440 sec: 27586595 operations; 15127.49 current ops/sec; [INSERT AverageLatency(us)=10.7] [READ AverageLatency(us)=13242.01] 
2014-07-12 09:14:46:840 1450 sec: 27742775 operations; 15618 current ops/sec; [INSERT AverageLatency(us)=10.71] [READ AverageLatency(us)=12736.88] 
2014-07-12 09:14:56:841 1460 sec: 27889286 operations; 14649.64 current ops/sec; [INSERT AverageLatency(us)=11.48] [READ AverageLatency(us)=13517.72] 
2014-07-12 09:15:06:841 1470 sec: 28047820 operations; 15853.4 current ops/sec; [INSERT AverageLatency(us)=10.63] [READ AverageLatency(us)=12557.43] 
2014-07-12 09:15:16:842 1480 sec: 28181535 operations; 13370.16 current ops/sec; [INSERT AverageLatency(us)=10.57] [READ AverageLatency(us)=14843.26] 
2014-07-12 09:15:26:842 1490 sec: 28332729 operations; 15119.4 current ops/sec; [INSERT AverageLatency(us)=10.04] [READ AverageLatency(us)=13238.29] 
2014-07-12 09:15:36:843 1500 sec: 28475021 operations; 14227.78 current ops/sec; [INSERT AverageLatency(us)=11.46] [READ AverageLatency(us)=14000.18] 
2014-07-12 09:15:46:843 1510 sec: 28620685 operations; 14566.4 current ops/sec; [INSERT AverageLatency(us)=10.84] [READ AverageLatency(us)=13640.07] 
2014-07-12 09:15:56:844 1520 sec: 28774258 operations; 15355.76 current ops/sec; [INSERT AverageLatency(us)=11.1] [READ AverageLatency(us)=13053.06] 
2014-07-12 09:16:06:844 1530 sec: 28911072 operations; 13681.4 current ops/sec; [INSERT AverageLatency(us)=11.43] [READ AverageLatency(us)=14460.63] 
2014-07-12 09:16:16:845 1540 sec: 29055575 operations; 14448.86 current ops/sec; [INSERT AverageLatency(us)=11.49] [READ AverageLatency(us)=13608.21] 
2014-07-12 09:16:26:845 1550 sec: 29207877 operations; 15230.2 current ops/sec; [INSERT AverageLatency(us)=10.44] [READ AverageLatency(us)=12848.55] 
2014-07-12 09:16:36:846 1560 sec: 29354851 operations; 14695.93 current ops/sec; [INSERT AverageLatency(us)=10.36] [READ AverageLatency(us)=13546.96] 
2014-07-12 09:16:46:846 1570 sec: 29508001 operations; 15315 current ops/sec; [INSERT AverageLatency(us)=11.75] [READ AverageLatency(us)=13004.04] 
2014-07-12 09:16:56:847 1580 sec: 29652971 operations; 14495.55 current ops/sec; [INSERT AverageLatency(us)=12.06] [READ AverageLatency(us)=13782.45] 
2014-07-12 09:17:06:847 1590 sec: 29798594 operations; 14562.3 current ops/sec; [INSERT AverageLatency(us)=11.41] [READ AverageLatency(us)=13471.46] 
2014-07-12 09:17:16:848 1600 sec: 29944656 operations; 14604.74 current ops/sec; [INSERT AverageLatency(us)=10.95] [READ AverageLatency(us)=13538.42] 
2014-07-12 09:17:26:848 1610 sec: 30093803 operations; 14914.7 current ops/sec; [INSERT AverageLatency(us)=11.28] [READ AverageLatency(us)=13052.51] 
2014-07-12 09:17:36:849 1620 sec: 30240553 operations; 14673.53 current ops/sec; [INSERT AverageLatency(us)=10.55] [READ AverageLatency(us)=13139.57] 
2014-07-12 09:17:46:849 1630 sec: 30395670 operations; 15511.7 current ops/sec; [INSERT AverageLatency(us)=11.3] [READ AverageLatency(us)=12674.62] 
2014-07-12 09:17:56:849 1640 sec: 30549958 operations; 15428.8 current ops/sec; [INSERT AverageLatency(us)=10.95] [READ AverageLatency(us)=12893.31] 
2014-07-12 09:18:06:850 1650 sec: 30698217 operations; 14824.42 current ops/sec; [INSERT AverageLatency(us)=11.16] [READ AverageLatency(us)=13398] 
2014-07-12 09:18:16:850 1660 sec: 30865067 operations; 16685 current ops/sec; [INSERT AverageLatency(us)=11.32] [READ AverageLatency(us)=11855.52] 
2014-07-12 09:18:26:851 1670 sec: 31001190 operations; 13610.94 current ops/sec; [INSERT AverageLatency(us)=11.53] [READ AverageLatency(us)=14421.34] 
2014-07-12 09:18:36:851 1680 sec: 31158237 operations; 15704.7 current ops/sec; [INSERT AverageLatency(us)=11.79] [READ AverageLatency(us)=12533.33] 
2014-07-12 09:18:46:852 1690 sec: 31304044 operations; 14579.24 current ops/sec; [INSERT AverageLatency(us)=10.98] [READ AverageLatency(us)=13668.83] 
2014-07-12 09:18:56:852 1700 sec: 31441197 operations; 13715.3 current ops/sec; [INSERT AverageLatency(us)=10.63] [READ AverageLatency(us)=14452.15] 
2014-07-12 09:19:06:853 1710 sec: 31593563 operations; 15235.08 current ops/sec; [INSERT AverageLatency(us)=12.12] [READ AverageLatency(us)=12961.89] 
2014-07-12 09:19:16:853 1720 sec: 31741257 operations; 14769.4 current ops/sec; [INSERT AverageLatency(us)=11.24] [READ AverageLatency(us)=13400.47] 
2014-07-12 09:19:26:854 1730 sec: 31899073 operations; 15780.02 current ops/sec; [INSERT AverageLatency(us)=11.05] [READ AverageLatency(us)=12802.88] 
2014-07-12 09:19:36:854 1740 sec: 32041186 operations; 14211.3 current ops/sec; [INSERT AverageLatency(us)=11.77] [READ AverageLatency(us)=14074.37] 
2014-07-12 09:19:46:855 1750 sec: 32200645 operations; 15944.31 current ops/sec; [INSERT AverageLatency(us)=11.18] [READ AverageLatency(us)=12360.62] 
2014-07-12 09:19:56:855 1760 sec: 32345286 operations; 14464.1 current ops/sec; [INSERT AverageLatency(us)=11.42] [READ AverageLatency(us)=13887.46] 
2014-07-12 09:20:06:856 1770 sec: 32498400 operations; 15309.87 current ops/sec; [INSERT AverageLatency(us)=11.07] [READ AverageLatency(us)=12913.93] 
2014-07-12 09:20:16:856 1780 sec: 32643580 operations; 14518 current ops/sec; [INSERT AverageLatency(us)=11.08] [READ AverageLatency(us)=13714.46] 
2014-07-12 09:20:26:857 1790 sec: 32788889 operations; 14529.45 current ops/sec; [INSERT AverageLatency(us)=10.16] [READ AverageLatency(us)=13544.58] 
2014-07-12 09:20:36:857 1800 sec: 32928274 operations; 13938.5 current ops/sec; [INSERT AverageLatency(us)=11.71] [READ AverageLatency(us)=14045.57] 
2014-07-12 09:20:46:858 1810 sec: 33066065 operations; 13777.72 current ops/sec; [INSERT AverageLatency(us)=11.6] [READ AverageLatency(us)=14276.59] 
2014-07-12 09:20:56:858 1820 sec: 33223698 operations; 15763.3 current ops/sec; [INSERT AverageLatency(us)=11.24] [READ AverageLatency(us)=12579.38] 
2014-07-12 09:21:06:859 1830 sec: 33367389 operations; 14367.66 current ops/sec; [INSERT AverageLatency(us)=10.4] [READ AverageLatency(us)=13746.36] 
2014-07-12 09:21:16:859 1840 sec: 33524642 operations; 15725.3 current ops/sec; [INSERT AverageLatency(us)=10.44] [READ AverageLatency(us)=12579.89] 
2014-07-12 09:21:26:860 1850 sec: 33676882 operations; 15222.48 current ops/sec; [INSERT AverageLatency(us)=11.27] [READ AverageLatency(us)=12873.01] 
2014-07-12 09:21:36:860 1860 sec: 33820072 operations; 14319 current ops/sec; [INSERT AverageLatency(us)=11.73] [READ AverageLatency(us)=13988.53] 
2014-07-12 09:21:46:861 1870 sec: 33966560 operations; 14647.34 current ops/sec; [INSERT AverageLatency(us)=11.2] [READ AverageLatency(us)=13631.21] 
2014-07-12 09:21:56:861 1880 sec: 34121568 operations; 15500.8 current ops/sec; [INSERT AverageLatency(us)=10.04] [READ AverageLatency(us)=12707.93] 
2014-07-12 09:22:06:862 1890 sec: 34274747 operations; 15317.9 current ops/sec; [INSERT AverageLatency(us)=11.25] [READ AverageLatency(us)=12852] 
2014-07-12 09:22:16:862 1900 sec: 34417312 operations; 14255.07 current ops/sec; [INSERT AverageLatency(us)=11.06] [READ AverageLatency(us)=13757.64] 
2014-07-12 09:22:26:862 1910 sec: 34567473 operations; 15016.1 current ops/sec; [INSERT AverageLatency(us)=11.55] [READ AverageLatency(us)=13099.49] 
2014-07-12 09:22:36:863 1920 sec: 34714531 operations; 14704.33 current ops/sec; [INSERT AverageLatency(us)=11.62] [READ AverageLatency(us)=13536.95] 
2014-07-12 09:22:46:863 1930 sec: 34850481 operations; 13595 current ops/sec; [INSERT AverageLatency(us)=11.13] [READ AverageLatency(us)=14495.47] 
2014-07-12 09:22:56:864 1940 sec: 35004896 operations; 15439.96 current ops/sec; [INSERT AverageLatency(us)=10.47] [READ AverageLatency(us)=12720.38] 
2014-07-12 09:23:06:864 1950 sec: 35142001 operations; 13710.5 current ops/sec; [INSERT AverageLatency(us)=11.2] [READ AverageLatency(us)=14541.64] 
2014-07-12 09:23:16:865 1960 sec: 35285796 operations; 14378.06 current ops/sec; [INSERT AverageLatency(us)=11.54] [READ AverageLatency(us)=13866.81] 
2014-07-12 09:23:26:865 1970 sec: 35436182 operations; 15038.6 current ops/sec; [INSERT AverageLatency(us)=10.93] [READ AverageLatency(us)=12924.52] 
2014-07-12 09:23:36:866 1980 sec: 35530231 operations; 9403.96 current ops/sec; [INSERT AverageLatency(us)=10.55] [READ AverageLatency(us)=21480.26] 
2014-07-12 09:23:46:866 1990 sec: 35658426 operations; 12819.5 current ops/sec; [INSERT AverageLatency(us)=11.32] [READ AverageLatency(us)=15409.38] 
2014-07-12 09:23:56:867 2000 sec: 35786920 operations; 12848.12 current ops/sec; [INSERT AverageLatency(us)=10.4] [READ AverageLatency(us)=14992.45] 
2014-07-12 09:24:06:867 2010 sec: 35910076 operations; 12315.6 current ops/sec; [INSERT AverageLatency(us)=10.86] [READ AverageLatency(us)=16710.2] 
2014-07-12 09:24:16:871 2020 sec: 36032984 operations; 12285.89 current ops/sec; [INSERT AverageLatency(us)=12.37] [READ AverageLatency(us)=16033.82] 
2014-07-12 09:24:26:872 2030 sec: 36170440 operations; 13744.23 current ops/sec; [INSERT AverageLatency(us)=11.59] [READ AverageLatency(us)=14627.71] 
2014-07-12 09:24:36:872 2040 sec: 36320286 operations; 14984.6 current ops/sec; [INSERT AverageLatency(us)=11.58] [READ AverageLatency(us)=13257.07] 
2014-07-12 09:24:46:873 2050 sec: 36457907 operations; 13760.72 current ops/sec; [INSERT AverageLatency(us)=11.01] [READ AverageLatency(us)=14365.52] 
2014-07-12 09:24:56:873 2060 sec: 36605150 operations; 14724.3 current ops/sec; [INSERT AverageLatency(us)=10.54] [READ AverageLatency(us)=13519.76] 
2014-07-12 09:25:06:883 2070 sec: 36745879 operations; 14058.84 current ops/sec; [INSERT AverageLatency(us)=9.84] [READ AverageLatency(us)=14150.11] 
2014-07-12 09:25:16:884 2080 sec: 36882111 operations; 13621.84 current ops/sec; [INSERT AverageLatency(us)=11.35] [READ AverageLatency(us)=14548.64] 
2014-07-12 09:25:26:884 2090 sec: 37033540 operations; 15142.9 current ops/sec; [INSERT AverageLatency(us)=11.45] [READ AverageLatency(us)=13141.03] 
2014-07-12 09:25:36:885 2100 sec: 37165288 operations; 13173.48 current ops/sec; [INSERT AverageLatency(us)=10.23] [READ AverageLatency(us)=15117.26] 
2014-07-12 09:25:46:885 2110 sec: 37301138 operations; 13585 current ops/sec; [INSERT AverageLatency(us)=10.94] [READ AverageLatency(us)=14421.94] 
2014-07-12 09:25:56:886 2120 sec: 37438958 operations; 13780.62 current ops/sec; [INSERT AverageLatency(us)=10.89] [READ AverageLatency(us)=14361.18] 
2014-07-12 09:26:06:886 2130 sec: 37581672 operations; 14271.4 current ops/sec; [INSERT AverageLatency(us)=12.14] [READ AverageLatency(us)=13867.74] 
2014-07-12 09:26:16:887 2140 sec: 37718886 operations; 13720.03 current ops/sec; [INSERT AverageLatency(us)=17.3] [READ AverageLatency(us)=14349.06] 
2014-07-12 09:26:26:887 2150 sec: 37863037 operations; 14415.1 current ops/sec; [INSERT AverageLatency(us)=10.56] [READ AverageLatency(us)=13662.15] 
2014-07-12 09:26:36:887 2160 sec: 38012566 operations; 14952.9 current ops/sec; [INSERT AverageLatency(us)=10.09] [READ AverageLatency(us)=13410.27] 
2014-07-12 09:26:46:888 2170 sec: 38129851 operations; 11727.33 current ops/sec; [INSERT AverageLatency(us)=11.45] [READ AverageLatency(us)=16745.4] 
2014-07-12 09:26:56:889 2180 sec: 38280565 operations; 15069.89 current ops/sec; [INSERT AverageLatency(us)=11.11] [READ AverageLatency(us)=13141.13] 
2014-07-12 09:27:06:889 2190 sec: 38419748 operations; 13918.3 current ops/sec; [INSERT AverageLatency(us)=11] [READ AverageLatency(us)=14371.08] 
2014-07-12 09:27:16:890 2200 sec: 38563630 operations; 14386.76 current ops/sec; [INSERT AverageLatency(us)=11.19] [READ AverageLatency(us)=13551.39] 
2014-07-12 09:27:26:890 2210 sec: 38703876 operations; 14024.6 current ops/sec; [INSERT AverageLatency(us)=10.34] [READ AverageLatency(us)=14100.15] 
2014-07-12 09:27:36:891 2220 sec: 38834248 operations; 13035.9 current ops/sec; [INSERT AverageLatency(us)=10.53] [READ AverageLatency(us)=15209.72] 
2014-07-12 09:27:46:891 2230 sec: 38986983 operations; 15273.5 current ops/sec; [INSERT AverageLatency(us)=11.6] [READ AverageLatency(us)=13007.67] 
2014-07-12 09:27:56:892 2240 sec: 39127047 operations; 14005 current ops/sec; [INSERT AverageLatency(us)=11.25] [READ AverageLatency(us)=14276.21] 
2014-07-12 09:28:06:892 2250 sec: 39261788 operations; 13474.1 current ops/sec; [INSERT AverageLatency(us)=10.61] [READ AverageLatency(us)=14697.55] 
2014-07-12 09:28:16:893 2260 sec: 39406361 operations; 14455.85 current ops/sec; [INSERT AverageLatency(us)=10.45] [READ AverageLatency(us)=13825.74] 
2014-07-12 09:28:26:893 2270 sec: 39544530 operations; 13816.9 current ops/sec; [INSERT AverageLatency(us)=11.32] [READ AverageLatency(us)=14610.55] 
2014-07-12 09:28:36:894 2280 sec: 39684001 operations; 13945.71 current ops/sec; [INSERT AverageLatency(us)=11.32] [READ AverageLatency(us)=14210.48] 
2014-07-12 09:28:46:894 2290 sec: 39831727 operations; 14772.6 current ops/sec; [INSERT AverageLatency(us)=11.13] [READ AverageLatency(us)=13554.49] 
2014-07-12 09:28:56:895 2300 sec: 39968189 operations; 13644.84 current ops/sec; [INSERT AverageLatency(us)=10.51] [READ AverageLatency(us)=14636.09] 
2014-07-12 09:29:06:895 2310 sec: 40108979 operations; 14079 current ops/sec; [INSERT AverageLatency(us)=10.75] [READ AverageLatency(us)=14130.15] 
2014-07-12 09:29:16:896 2320 sec: 40253764 operations; 14477.05 current ops/sec; [INSERT AverageLatency(us)=11.74] [READ AverageLatency(us)=13599.93] 
2014-07-12 09:29:26:897 2330 sec: 40400751 operations; 14697.23 current ops/sec; [INSERT AverageLatency(us)=11.58] [READ AverageLatency(us)=13502.08] 
2014-07-12 09:29:36:897 2340 sec: 40544593 operations; 14384.2 current ops/sec; [INSERT AverageLatency(us)=10.36] [READ AverageLatency(us)=13673.19] 
2014-07-12 09:29:46:897 2350 sec: 40694336 operations; 14974.3 current ops/sec; [INSERT AverageLatency(us)=10.91] [READ AverageLatency(us)=13244.02] 
2014-07-12 09:29:56:898 2360 sec: 40836712 operations; 14236.18 current ops/sec; [INSERT AverageLatency(us)=11.53] [READ AverageLatency(us)=13854.08] 
2014-07-12 09:30:06:898 2370 sec: 40984192 operations; 14748 current ops/sec; [INSERT AverageLatency(us)=10.93] [READ AverageLatency(us)=13352.93] 
2014-07-12 09:30:16:899 2380 sec: 41135454 operations; 15124.69 current ops/sec; [INSERT AverageLatency(us)=10.83] [READ AverageLatency(us)=13103.31] 
2014-07-12 09:30:26:899 2390 sec: 41276185 operations; 14073.1 current ops/sec; [INSERT AverageLatency(us)=10.57] [READ AverageLatency(us)=14138.44] 
2014-07-12 09:30:36:900 2400 sec: 41418430 operations; 14223.08 current ops/sec; [INSERT AverageLatency(us)=10.8] [READ AverageLatency(us)=13910.12] 
2014-07-12 09:30:46:900 2410 sec: 41566601 operations; 14817.1 current ops/sec; [INSERT AverageLatency(us)=10.39] [READ AverageLatency(us)=13398.17] 
2014-07-12 09:30:56:901 2420 sec: 41702111 operations; 13549.65 current ops/sec; [INSERT AverageLatency(us)=11.1] [READ AverageLatency(us)=14791.81] 
2014-07-12 09:31:06:901 2430 sec: 41845670 operations; 14355.9 current ops/sec; [INSERT AverageLatency(us)=11.34] [READ AverageLatency(us)=13731.77] 
2014-07-12 09:31:16:902 2440 sec: 41983133 operations; 13744.93 current ops/sec; [INSERT AverageLatency(us)=9.82] [READ AverageLatency(us)=14150.11] 
2014-07-12 09:31:26:902 2450 sec: 42103830 operations; 12069.7 current ops/sec; [INSERT AverageLatency(us)=11.65] [READ AverageLatency(us)=16643.68] 
2014-07-12 09:31:36:903 2460 sec: 42250138 operations; 14630.8 current ops/sec; [INSERT AverageLatency(us)=11.05] [READ AverageLatency(us)=13657.7] 
2014-07-12 09:31:46:903 2470 sec: 42384464 operations; 13431.26 current ops/sec; [INSERT AverageLatency(us)=11.4] [READ AverageLatency(us)=14647.29] 
2014-07-12 09:31:56:903 2480 sec: 42517341 operations; 13287.7 current ops/sec; [INSERT AverageLatency(us)=10.62] [READ AverageLatency(us)=14703.46] 
2014-07-12 09:32:06:904 2490 sec: 42639760 operations; 12240.68 current ops/sec; [INSERT AverageLatency(us)=10.9] [READ AverageLatency(us)=16088.03] 
2014-07-12 09:32:16:904 2500 sec: 42780548 operations; 14078.8 current ops/sec; [INSERT AverageLatency(us)=10.64] [READ AverageLatency(us)=14252.92] 
2014-07-12 09:32:26:905 2510 sec: 42927667 operations; 14710.43 current ops/sec; [INSERT AverageLatency(us)=11.7] [READ AverageLatency(us)=13523.62] 
2014-07-12 09:32:36:905 2520 sec: 43061305 operations; 13363.8 current ops/sec; [INSERT AverageLatency(us)=10.66] [READ AverageLatency(us)=15080.5] 
2014-07-12 09:32:46:906 2530 sec: 43189031 operations; 12771.32 current ops/sec; [INSERT AverageLatency(us)=10.23] [READ AverageLatency(us)=15523.05] 
2014-07-12 09:32:56:906 2540 sec: 43323092 operations; 13406.1 current ops/sec; [INSERT AverageLatency(us)=11.09] [READ AverageLatency(us)=14902.93] 
2014-07-12 09:33:06:907 2550 sec: 43463604 operations; 14049.8 current ops/sec; [INSERT AverageLatency(us)=10.51] [READ AverageLatency(us)=14185.53] 
2014-07-12 09:33:16:907 2560 sec: 43589195 operations; 12559.1 current ops/sec; [INSERT AverageLatency(us)=10.89] [READ AverageLatency(us)=16074.04] 
2014-07-12 09:33:26:908 2570 sec: 43740662 operations; 15145.19 current ops/sec; [INSERT AverageLatency(us)=11.15] [READ AverageLatency(us)=13030.29] 
2014-07-12 09:33:36:908 2580 sec: 43881940 operations; 14127.8 current ops/sec; [INSERT AverageLatency(us)=11.07] [READ AverageLatency(us)=13913.07] 
2014-07-12 09:33:46:909 2590 sec: 44028215 operations; 14626.04 current ops/sec; [INSERT AverageLatency(us)=11.06] [READ AverageLatency(us)=13725.24] 
2014-07-12 09:33:56:909 2600 sec: 44166364 operations; 13814.9 current ops/sec; [INSERT AverageLatency(us)=11.05] [READ AverageLatency(us)=14418.2] 
2014-07-12 09:34:06:910 2610 sec: 44302420 operations; 13604.24 current ops/sec; [INSERT AverageLatency(us)=11] [READ AverageLatency(us)=14595.47] 
2014-07-12 09:34:16:910 2620 sec: 44442111 operations; 13969.1 current ops/sec; [INSERT AverageLatency(us)=10.23] [READ AverageLatency(us)=13995.17] 
2014-07-12 09:34:26:911 2630 sec: 44585893 operations; 14376.76 current ops/sec; [INSERT AverageLatency(us)=10.25] [READ AverageLatency(us)=13836.3] 
2014-07-12 09:34:36:911 2640 sec: 44724000 operations; 13810.7 current ops/sec; [INSERT AverageLatency(us)=10.72] [READ AverageLatency(us)=14408.39] 
2014-07-12 09:34:46:912 2650 sec: 44870038 operations; 14602.34 current ops/sec; [INSERT AverageLatency(us)=10.9] [READ AverageLatency(us)=13524.08] 
2014-07-12 09:34:56:912 2660 sec: 45022729 operations; 15269.1 current ops/sec; [INSERT AverageLatency(us)=10.94] [READ AverageLatency(us)=12863.23] 
2014-07-12 09:35:06:913 2670 sec: 45153326 operations; 13059.7 current ops/sec; [INSERT AverageLatency(us)=10.95] [READ AverageLatency(us)=15100.58] 
2014-07-12 09:35:16:913 2680 sec: 45283570 operations; 13023.1 current ops/sec; [INSERT AverageLatency(us)=11.72] [READ AverageLatency(us)=15267.89] 
2014-07-12 09:35:26:914 2690 sec: 45421775 operations; 13819.12 current ops/sec; [INSERT AverageLatency(us)=10.9] [READ AverageLatency(us)=14449.81] 
2014-07-12 09:35:36:914 2700 sec: 45560523 operations; 13874.8 current ops/sec; [INSERT AverageLatency(us)=10.41] [READ AverageLatency(us)=14240.06] 
2014-07-12 09:35:46:915 2710 sec: 45695818 operations; 13528.15 current ops/sec; [INSERT AverageLatency(us)=10.84] [READ AverageLatency(us)=14746.8] 
2014-07-12 09:35:56:915 2720 sec: 45811457 operations; 11563.9 current ops/sec; [INSERT AverageLatency(us)=11.34] [READ AverageLatency(us)=17176.63] 
2014-07-12 09:36:06:916 2730 sec: 45939393 operations; 12792.32 current ops/sec; [INSERT AverageLatency(us)=10.95] [READ AverageLatency(us)=15521.81] 
2014-07-12 09:36:16:916 2740 sec: 46066073 operations; 12668 current ops/sec; [INSERT AverageLatency(us)=11.28] [READ AverageLatency(us)=15743.89] 
2014-07-12 09:36:26:917 2750 sec: 46192383 operations; 12629.74 current ops/sec; [INSERT AverageLatency(us)=11.73] [READ AverageLatency(us)=15689.95] 
2014-07-12 09:36:36:918 2760 sec: 46339362 operations; 14697.9 current ops/sec; [INSERT AverageLatency(us)=11.63] [READ AverageLatency(us)=13519.52] 
2014-07-12 09:36:46:918 2770 sec: 46465687 operations; 12631.24 current ops/sec; [INSERT AverageLatency(us)=11.07] [READ AverageLatency(us)=15945.22] 
2014-07-12 09:36:56:919 2780 sec: 46608622 operations; 14293.5 current ops/sec; [INSERT AverageLatency(us)=11.21] [READ AverageLatency(us)=13944.69] 
2014-07-12 09:37:06:919 2790 sec: 46742594 operations; 13395.86 current ops/sec; [INSERT AverageLatency(us)=11.04] [READ AverageLatency(us)=14880.97] 
2014-07-12 09:37:16:920 2800 sec: 46883127 operations; 14051.89 current ops/sec; [INSERT AverageLatency(us)=11.17] [READ AverageLatency(us)=14113.46] 
2014-07-12 09:37:26:920 2810 sec: 47013306 operations; 13017.9 current ops/sec; [INSERT AverageLatency(us)=9.81] [READ AverageLatency(us)=15358.87] 
2014-07-12 09:37:36:921 2820 sec: 47146053 operations; 13273.37 current ops/sec; [INSERT AverageLatency(us)=10.61] [READ AverageLatency(us)=14677.77] 
2014-07-12 09:37:46:921 2830 sec: 47271577 operations; 12552.4 current ops/sec; [INSERT AverageLatency(us)=10.27] [READ AverageLatency(us)=16283.77] 
2014-07-12 09:37:56:921 2840 sec: 47400969 operations; 12939.2 current ops/sec; [INSERT AverageLatency(us)=10.77] [READ AverageLatency(us)=15199.64] 
2014-07-12 09:38:06:922 2850 sec: 47536297 operations; 13531.45 current ops/sec; [INSERT AverageLatency(us)=10.51] [READ AverageLatency(us)=14739.11] 
2014-07-12 09:38:16:923 2860 sec: 47672127 operations; 13583 current ops/sec; [INSERT AverageLatency(us)=11.89] [READ AverageLatency(us)=14703.07] 
2014-07-12 09:38:26:923 2870 sec: 47807573 operations; 13543.25 current ops/sec; [INSERT AverageLatency(us)=10.75] [READ AverageLatency(us)=14489.09] 
2014-07-12 09:38:36:924 2880 sec: 47939049 operations; 13147.6 current ops/sec; [INSERT AverageLatency(us)=11.16] [READ AverageLatency(us)=14969.11] 
2014-07-12 09:38:46:924 2890 sec: 48070274 operations; 13121.19 current ops/sec; [INSERT AverageLatency(us)=11.06] [READ AverageLatency(us)=15211.14] 
2014-07-12 09:38:56:924 2900 sec: 48212644 operations; 14237 current ops/sec; [INSERT AverageLatency(us)=10.65] [READ AverageLatency(us)=13841.84] 
2014-07-12 09:39:06:925 2910 sec: 48350099 operations; 13744.13 current ops/sec; [INSERT AverageLatency(us)=10.6] [READ AverageLatency(us)=14146.17] 
2014-07-12 09:39:16:925 2920 sec: 48471020 operations; 12092.1 current ops/sec; [INSERT AverageLatency(us)=11.55] [READ AverageLatency(us)=16347.68] 
2014-07-12 09:39:26:926 2930 sec: 48598791 operations; 12775.82 current ops/sec; [INSERT AverageLatency(us)=11.29] [READ AverageLatency(us)=15596.04] 
2014-07-12 09:39:36:927 2940 sec: 48733315 operations; 13451.05 current ops/sec; [INSERT AverageLatency(us)=9.67] [READ AverageLatency(us)=14661.78] 
2014-07-12 09:39:46:927 2950 sec: 48844639 operations; 11132.4 current ops/sec; [INSERT AverageLatency(us)=11.79] [READ AverageLatency(us)=17726.69] 
2014-07-12 09:39:56:928 2960 sec: 48979114 operations; 13446.16 current ops/sec; [INSERT AverageLatency(us)=11.3] [READ AverageLatency(us)=14499.92] 
2014-07-12 09:40:06:963 2970 sec: 49114355 operations; 13476.93 current ops/sec; [INSERT AverageLatency(us)=10.62] [READ AverageLatency(us)=14799.33] 
2014-07-12 09:40:16:963 2980 sec: 49238992 operations; 12463.7 current ops/sec; [INSERT AverageLatency(us)=11.9] [READ AverageLatency(us)=15765.07] 
2014-07-12 09:40:26:964 2990 sec: 49353769 operations; 11476.55 current ops/sec; [INSERT AverageLatency(us)=12.01] [READ AverageLatency(us)=17494.94] 
2014-07-12 09:40:36:964 3000 sec: 49484248 operations; 13047.9 current ops/sec; [INSERT AverageLatency(us)=10.72] [READ AverageLatency(us)=15143.59] 
2014-07-12 09:40:46:965 3010 sec: 49598477 operations; 11421.76 current ops/sec; [INSERT AverageLatency(us)=11.22] [READ AverageLatency(us)=16935.36] 
2014-07-12 09:40:56:965 3020 sec: 49722030 operations; 12355.3 current ops/sec; [UPDATE AverageLatency(us)=112210] [INSERT AverageLatency(us)=11.41] [READ AverageLatency(us)=16325.31] [CLEANUP AverageLatency(us)=112342] 
2014-07-12 09:41:06:966 3030 sec: 49831812 operations; 10977.1 current ops/sec; [UPDATE AverageLatency(us)=200330] [INSERT AverageLatency(us)=10.93] [READ AverageLatency(us)=16717.76] [CLEANUP AverageLatency(us)=203271] 
2014-07-12 09:41:16:966 3040 sec: 49933136 operations; 10132.4 current ops/sec; [UPDATE AverageLatency(us)=168644.29] [INSERT AverageLatency(us)=11.11] [READ AverageLatency(us)=14306.03] [CLEANUP AverageLatency(us)=168651.14] 
2014-07-12 09:41:26:967 3050 sec: 49973923 operations; 4078.29 current ops/sec; [UPDATE AverageLatency(us)=153059.67] [INSERT AverageLatency(us)=10.75] [READ AverageLatency(us)=11186.35] [CLEANUP AverageLatency(us)=153066.67] 
2014-07-12 09:41:36:968 3060 sec: 49984123 operations; 1019.9 current ops/sec; [UPDATE AverageLatency(us)=35603] [INSERT AverageLatency(us)=9.82] [READ AverageLatency(us)=9478.68] [CLEANUP AverageLatency(us)=35608] 
2014-07-12 09:41:46:968 3070 sec: 49994753 operations; 1063 current ops/sec;  [INSERT AverageLatency(us)=11.6] [READ AverageLatency(us)=9229.52]  
2014-07-12 09:41:53:092 3076 sec: 50000000 operations; 856.79 current ops/sec; [UPDATE AverageLatency(us)=679492] [INSERT AverageLatency(us)=12.69] [READ AverageLatency(us)=10084.12] [CLEANUP AverageLatency(us)=679499] 
+ echo 'end time:'
end time:
++ date +%s
+ echo 1405183313
1405183313
+ echo 'sleeping for 10 sec ...'
sleeping for 10 sec ...
+ sleep 10
+ let counter=1+1
+ read line
+ set +x
