++ ls caseresult/ -ltr
++ wc -l
+ filename=case119
+ mkdir caseresult/case119
+ ssh hadoop@master mkdir /home/hadoop/git/physical_design/caseresult/case119
+ RESULT_DIR=/home/hadoop/git/physical_design/caseresult/case119
+ TEN=10
+ SIXTY=60
+ SLEEP_TIME=300
+ YCSB_DIR=/home/hadoop/ycsb-0.1.4
+ number_of_operations=50000000
+ number_of_threads=20
+ number_of_records=50000000
+ output_file_suffix=.dat
+ experiment_list_file=/home/hadoop/git/physical_design/case119.list
+ clean=false
+ create=false
+ load=false
+ random_read=false
+ workloada=false
+ workloadb=false
+ workloadc=false
+ scan=false
+ all=false
+ for i in '$@'
+ '[' clean == all ']'
+ '[' clean == clean ']'
+ clean=true
+ for i in '$@'
+ '[' create == all ']'
+ '[' create == clean ']'
+ '[' create == create ']'
+ create=true
+ for i in '$@'
+ '[' workloadc == all ']'
+ '[' workloadc == clean ']'
+ '[' workloadc == create ']'
+ '[' workloadc == load ']'
+ '[' workloadc == random_read ']'
+ '[' workloadc == scan ']'
+ '[' workloadc == workloada ']'
+ '[' workloadc == workloadb ']'
+ '[' workloadc == workloadc ']'
+ workloadc=true
+ let counter=1
+ cd /home/hadoop/ycsb-0.1.4
++ pwd
+ echo /home/hadoop/ycsb-0.1.4
/home/hadoop/ycsb-0.1.4
+ read line
+ false
+ true
+ echo 'sleeping for 60 ...'
sleeping for 60 ...
+ sleep 60
+ echo 'droping usertable...'
droping usertable...
+ ssh hadoop@master /home/hadoop/hbase/bin/hbase shell /home/hadoop/git/physical_design/delete_table
0 row(s) in 2.7690 seconds

0 row(s) in 2.3810 seconds

0 row(s) in 0.0890 seconds

+ echo 'sleeping for 300 ...'
sleeping for 300 ...
+ sleep 300
+ false
+ true
+ echo 'creating usertable...'
creating usertable...
+ create_statement='create '\''usertable'\'', { NAME=>'\''family'\'', CONFIGURATION => { '\''hbase.hregion.majorcompaction'\'' => '\''0'\'' } ,  COMPRESSION=>'\''GZ'\''}, SPLITS => ['\''user1'\'', '\''user2'\'', '\''user3'\'', '\''user4'\'', '\''user5'\'', '\''user6'\'', '\''user7'\'', '\''user8'\'', '\''user9'\'']'
+ echo create ''\''usertable'\'',' '{' 'NAME=>'\''family'\'',' CONFIGURATION '=>' '{' ''\''hbase.hregion.majorcompaction'\''' '=>' ''\''0'\''' '}' , 'COMPRESSION=>'\''GZ'\''},' SPLITS '=>' '['\''user1'\'',' ''\''user2'\'',' ''\''user3'\'',' ''\''user4'\'',' ''\''user5'\'',' ''\''user6'\'',' ''\''user7'\'',' ''\''user8'\'',' ''\''user9'\'']'
+ echo 'exit '
+ scp /home/hadoop/git/physical_design/caseresult/case119/create_1.script hadoop@master:/home/hadoop/git/physical_design/caseresult/case119/create_1.script
+ create_table /home/hadoop/git/physical_design/caseresult/case119/create_1.script
+ echo 'creating table...'
creating table...
+ echo /home/hadoop/git/physical_design/caseresult/case119/create_1.script
/home/hadoop/git/physical_design/caseresult/case119/create_1.script
+ ssh hadoop@master /home/hadoop/hbase/bin/hbase shell /home/hadoop/git/physical_design/caseresult/case119/create_1.script
0 row(s) in 1.6680 seconds

+ echo 'sleeping for 10 sec ...'
sleeping for 10 sec ...
+ sleep 10
+ false
+ false
+ false
+ false
+ false
+ false
+ false
+ false
+ false
+ true
+ echo workloadc...
workloadc...
+ echo 'start time: '
start time: 
++ date +%s
+ echo 1405233163
1405233163
++ echo /home/hadoop/git/physical_design/caseresult/case119/workloadc_1.dat
+ ./workloadc 50000000 20 /home/hadoop/git/physical_design/caseresult/case119/workloadc_1.dat
Loading workload...
Starting test.
2014-07-12 23:32:43:944 0 sec: 0 operations; 
14/07/12 23:32:44 INFO zookeeper.ZooKeeper: Client environment:zookeeper.version=3.4.6-1569965, built on 02/20/2014 09:09 GMT
14/07/12 23:32:44 INFO zookeeper.ZooKeeper: Client environment:host.name=sceplus-vm43.almaden.ibm.com
14/07/12 23:32:44 INFO zookeeper.ZooKeeper: Client environment:java.version=1.6.0_31
14/07/12 23:32:44 INFO zookeeper.ZooKeeper: Client environment:java.vendor=Sun Microsystems Inc.
14/07/12 23:32:44 INFO zookeeper.ZooKeeper: Client environment:java.home=/usr/lib/jvm/java-6-openjdk-amd64/jre
14/07/12 23:32:44 INFO zookeeper.ZooKeeper: Client environment:java.class.path=/home/hadoop/ycsb-0.1.4/hbase-binding/lib/hbase-binding-0.1.4.jar:/home/hadoop/ycsb-0.1.4/hbase-binding/conf:/home/hadoop/ycsb-0.1.4/core/lib/core-0.1.4.jar:/home/hadoop/ycsb-0.1.4/jdbc-binding/conf
14/07/12 23:32:44 INFO zookeeper.ZooKeeper: Client environment:java.library.path=/usr/lib/jvm/java-6-openjdk-amd64/jre/lib/amd64/server:/usr/lib/jvm/java-6-openjdk-amd64/jre/lib/amd64:/usr/lib/jvm/java-6-openjdk-amd64/jre/../lib/amd64:/usr/java/packages/lib/amd64:/usr/lib/jni:/lib:/usr/lib
14/07/12 23:32:44 INFO zookeeper.ZooKeeper: Client environment:java.io.tmpdir=/tmp
14/07/12 23:32:44 INFO zookeeper.ZooKeeper: Client environment:java.compiler=<NA>
14/07/12 23:32:44 INFO zookeeper.ZooKeeper: Client environment:os.name=Linux
14/07/12 23:32:44 INFO zookeeper.ZooKeeper: Client environment:os.arch=amd64
14/07/12 23:32:44 INFO zookeeper.ZooKeeper: Client environment:os.version=3.13.0-24-generic
14/07/12 23:32:44 INFO zookeeper.ZooKeeper: Client environment:user.name=hadoop
14/07/12 23:32:44 INFO zookeeper.ZooKeeper: Client environment:user.home=/home/hadoop
14/07/12 23:32:44 INFO zookeeper.ZooKeeper: Client environment:user.dir=/home/hadoop/ycsb-0.1.4
14/07/12 23:32:44 INFO zookeeper.ZooKeeper: Initiating client connection, connectString=sceplus-vm49.almaden.ibm.com:2181,sceplus-vm48.almaden.ibm.com:2181 sessionTimeout=90000 watcher=hconnection-0x3588d364, quorum=sceplus-vm49.almaden.ibm.com:2181,sceplus-vm48.almaden.ibm.com:2181, baseZNode=/hbase
14/07/12 23:32:44 INFO zookeeper.RecoverableZooKeeper: Process identifier=hconnection-0x3588d364 connecting to ZooKeeper ensemble=sceplus-vm49.almaden.ibm.com:2181,sceplus-vm48.almaden.ibm.com:2181
14/07/12 23:32:44 INFO zookeeper.ClientCnxn: Opening socket connection to server master/9.1.143.58:2181. Will not attempt to authenticate using SASL (unknown error)
14/07/12 23:32:44 INFO zookeeper.ClientCnxn: Socket connection established to master/9.1.143.58:2181, initiating session
14/07/12 23:32:44 INFO zookeeper.ClientCnxn: Session establishment complete on server master/9.1.143.58:2181, sessionid = 0x47301894e7000f, negotiated timeout = 90000
2014-07-12 23:32:53:945 10 sec: 107779 operations; 10775.74 current ops/sec; [INSERT AverageLatency(us)=209.87] [READ AverageLatency(us)=6353.09] 
2014-07-12 23:33:03:946 20 sec: 220549 operations; 11275.87 current ops/sec; [INSERT AverageLatency(us)=29.53] [READ AverageLatency(us)=16379.52] 
2014-07-12 23:33:13:947 30 sec: 526516 operations; 30593.64 current ops/sec; [INSERT AverageLatency(us)=12.49] [READ AverageLatency(us)=5838.25] 
2014-07-12 23:33:23:947 40 sec: 864520 operations; 33800.4 current ops/sec; [INSERT AverageLatency(us)=13.23] [READ AverageLatency(us)=5709.6] 
2014-07-12 23:33:33:948 50 sec: 1152028 operations; 28747.93 current ops/sec; [INSERT AverageLatency(us)=13.53] [READ AverageLatency(us)=6643.72] 
2014-07-12 23:33:43:948 60 sec: 1431462 operations; 27943.4 current ops/sec; [INSERT AverageLatency(us)=14.55] [READ AverageLatency(us)=7077.15] 
2014-07-12 23:33:53:949 70 sec: 1693190 operations; 26170.18 current ops/sec; [INSERT AverageLatency(us)=12.09] [READ AverageLatency(us)=7418.37] 
2014-07-12 23:34:03:949 80 sec: 1995878 operations; 30268.8 current ops/sec; [INSERT AverageLatency(us)=12.17] [READ AverageLatency(us)=6386.8] 
2014-07-12 23:34:13:950 90 sec: 2277656 operations; 28174.98 current ops/sec; [INSERT AverageLatency(us)=12.15] [READ AverageLatency(us)=6884.04] 
2014-07-12 23:34:23:950 100 sec: 2573209 operations; 29555.3 current ops/sec; [INSERT AverageLatency(us)=11.79] [READ AverageLatency(us)=6659.95] 
2014-07-12 23:34:33:951 110 sec: 2837958 operations; 26472.25 current ops/sec; [INSERT AverageLatency(us)=12.42] [READ AverageLatency(us)=7301.75] 
2014-07-12 23:34:43:951 120 sec: 3136863 operations; 29890.5 current ops/sec; [INSERT AverageLatency(us)=13.21] [READ AverageLatency(us)=6523.43] 
2014-07-12 23:34:53:952 130 sec: 3432194 operations; 29530.15 current ops/sec; [INSERT AverageLatency(us)=13] [READ AverageLatency(us)=6605.54] 
2014-07-12 23:35:03:952 140 sec: 3685326 operations; 25313.2 current ops/sec; [INSERT AverageLatency(us)=11.38] [READ AverageLatency(us)=7648.13] 
2014-07-12 23:35:13:953 150 sec: 3960551 operations; 27519.75 current ops/sec; [INSERT AverageLatency(us)=11.84] [READ AverageLatency(us)=7129.88] 
2014-07-12 23:35:23:953 160 sec: 4227235 operations; 26668.4 current ops/sec; [INSERT AverageLatency(us)=11.89] [READ AverageLatency(us)=7429.76] 
2014-07-12 23:35:33:954 170 sec: 4517197 operations; 28993.3 current ops/sec; [INSERT AverageLatency(us)=11.48] [READ AverageLatency(us)=6722.08] 
2014-07-12 23:35:43:954 180 sec: 4786596 operations; 26939.9 current ops/sec; [INSERT AverageLatency(us)=14.13] [READ AverageLatency(us)=7260.06] 
2014-07-12 23:35:53:955 190 sec: 5049117 operations; 26249.48 current ops/sec; [INSERT AverageLatency(us)=10.64] [READ AverageLatency(us)=7481.07] 
2014-07-12 23:36:03:956 200 sec: 5317780 operations; 26866.3 current ops/sec; [INSERT AverageLatency(us)=12.92] [READ AverageLatency(us)=7264.18] 
2014-07-12 23:36:13:956 210 sec: 5590943 operations; 27313.57 current ops/sec; [INSERT AverageLatency(us)=11.85] [READ AverageLatency(us)=7075.83] 
2014-07-12 23:36:23:957 220 sec: 5850116 operations; 25914.71 current ops/sec; [INSERT AverageLatency(us)=11.44] [READ AverageLatency(us)=7491.61] 
2014-07-12 23:36:33:957 230 sec: 6103573 operations; 25345.7 current ops/sec; [INSERT AverageLatency(us)=11.45] [READ AverageLatency(us)=7682.2] 
2014-07-12 23:36:43:958 240 sec: 6349617 operations; 24604.4 current ops/sec; [INSERT AverageLatency(us)=11.32] [READ AverageLatency(us)=7906.68] 
2014-07-12 23:36:53:958 250 sec: 6579604 operations; 22996.4 current ops/sec; [INSERT AverageLatency(us)=11.05] [READ AverageLatency(us)=8521.77] 
2014-07-12 23:37:03:958 260 sec: 6819885 operations; 24028.1 current ops/sec; [INSERT AverageLatency(us)=11.45] [READ AverageLatency(us)=8028.59] 
2014-07-12 23:37:13:959 270 sec: 7033021 operations; 21311.47 current ops/sec; [INSERT AverageLatency(us)=12.16] [READ AverageLatency(us)=9326.91] 
2014-07-12 23:37:23:959 280 sec: 7272975 operations; 23995.4 current ops/sec; [INSERT AverageLatency(us)=10.83] [READ AverageLatency(us)=8092.51] 
2014-07-12 23:37:33:960 290 sec: 7516016 operations; 24301.67 current ops/sec; [INSERT AverageLatency(us)=11.46] [READ AverageLatency(us)=8191.38] 
2014-07-12 23:37:43:960 300 sec: 7781037 operations; 26502.1 current ops/sec; [INSERT AverageLatency(us)=11.3] [READ AverageLatency(us)=7412.16] 
2014-07-12 23:37:53:961 310 sec: 8024782 operations; 24372.06 current ops/sec; [INSERT AverageLatency(us)=11.4] [READ AverageLatency(us)=8036.35] 
2014-07-12 23:38:03:961 320 sec: 8255754 operations; 23097.2 current ops/sec; [INSERT AverageLatency(us)=11.19] [READ AverageLatency(us)=8547.16] 
2014-07-12 23:38:13:962 330 sec: 8491529 operations; 23575.14 current ops/sec; [INSERT AverageLatency(us)=12.82] [READ AverageLatency(us)=8314.47] 
2014-07-12 23:38:23:962 340 sec: 8720381 operations; 22885.2 current ops/sec; [INSERT AverageLatency(us)=11.38] [READ AverageLatency(us)=8589.93] 
2014-07-12 23:38:33:963 350 sec: 8943717 operations; 22331.37 current ops/sec; [INSERT AverageLatency(us)=11.28] [READ AverageLatency(us)=8703.39] 
2014-07-12 23:38:43:963 360 sec: 9177762 operations; 23404.5 current ops/sec; [INSERT AverageLatency(us)=11.7] [READ AverageLatency(us)=8398.52] 
2014-07-12 23:38:53:964 370 sec: 9380612 operations; 20282.97 current ops/sec; [INSERT AverageLatency(us)=11.96] [READ AverageLatency(us)=9797.12] 
2014-07-12 23:39:03:964 380 sec: 9597198 operations; 21658.6 current ops/sec; [INSERT AverageLatency(us)=11.18] [READ AverageLatency(us)=9122.87] 
2014-07-12 23:39:13:965 390 sec: 9816503 operations; 21928.31 current ops/sec; [INSERT AverageLatency(us)=12.37] [READ AverageLatency(us)=8917.74] 
2014-07-12 23:39:23:966 400 sec: 10037481 operations; 22097.8 current ops/sec; [INSERT AverageLatency(us)=10.76] [READ AverageLatency(us)=8973.87] 
2014-07-12 23:39:33:966 410 sec: 10256845 operations; 21934.21 current ops/sec; [INSERT AverageLatency(us)=10.63] [READ AverageLatency(us)=8888.12] 
2014-07-12 23:39:43:967 420 sec: 10499518 operations; 24267.3 current ops/sec; [INSERT AverageLatency(us)=11.23] [READ AverageLatency(us)=8183.18] 
2014-07-12 23:39:53:967 430 sec: 10729106 operations; 22956.5 current ops/sec; [INSERT AverageLatency(us)=11.86] [READ AverageLatency(us)=8586.9] 
2014-07-12 23:40:03:968 440 sec: 10943403 operations; 21427.56 current ops/sec; [INSERT AverageLatency(us)=11.06] [READ AverageLatency(us)=9274.3] 
2014-07-12 23:40:13:968 450 sec: 11142237 operations; 19883.4 current ops/sec; [INSERT AverageLatency(us)=10.94] [READ AverageLatency(us)=9878.06] 
2014-07-12 23:40:23:969 460 sec: 11357508 operations; 21524.95 current ops/sec; [INSERT AverageLatency(us)=10.99] [READ AverageLatency(us)=9191.06] 
2014-07-12 23:40:33:969 470 sec: 11570074 operations; 21256.6 current ops/sec; [INSERT AverageLatency(us)=11.19] [READ AverageLatency(us)=9187.02] 
2014-07-12 23:40:43:970 480 sec: 11779820 operations; 20972.5 current ops/sec; [INSERT AverageLatency(us)=10.68] [READ AverageLatency(us)=9512.6] 
2014-07-12 23:40:53:970 490 sec: 11948579 operations; 16875.9 current ops/sec; [INSERT AverageLatency(us)=10.75] [READ AverageLatency(us)=11660.18] 
2014-07-12 23:41:03:971 500 sec: 12144088 operations; 19548.95 current ops/sec; [INSERT AverageLatency(us)=11.01] [READ AverageLatency(us)=10048.45] 
2014-07-12 23:41:13:971 510 sec: 12336803 operations; 19271.5 current ops/sec; [INSERT AverageLatency(us)=12.54] [READ AverageLatency(us)=10144.43] 
2014-07-12 23:41:23:972 520 sec: 12528666 operations; 19184.38 current ops/sec; [INSERT AverageLatency(us)=11.63] [READ AverageLatency(us)=10411.78] 
2014-07-12 23:41:33:973 530 sec: 12721072 operations; 19240.6 current ops/sec; [INSERT AverageLatency(us)=11.49] [READ AverageLatency(us)=10243.01] 
2014-07-12 23:41:44:001 540 sec: 12934475 operations; 21278.59 current ops/sec; [INSERT AverageLatency(us)=12.16] [READ AverageLatency(us)=9225.06] 
2014-07-12 23:41:54:002 550 sec: 13115437 operations; 18094.39 current ops/sec; [INSERT AverageLatency(us)=10.69] [READ AverageLatency(us)=10794.57] 
2014-07-12 23:42:04:002 560 sec: 13286396 operations; 17095.9 current ops/sec; [INSERT AverageLatency(us)=11.62] [READ AverageLatency(us)=11637.52] 
2014-07-12 23:42:14:003 570 sec: 13447144 operations; 16073.19 current ops/sec; [INSERT AverageLatency(us)=14.24] [READ AverageLatency(us)=11911.99] 
2014-07-12 23:42:24:003 580 sec: 13647432 operations; 20028.8 current ops/sec; [INSERT AverageLatency(us)=10.79] [READ AverageLatency(us)=10100.12] 
2014-07-12 23:42:34:004 590 sec: 13834716 operations; 18726.53 current ops/sec; [INSERT AverageLatency(us)=10.48] [READ AverageLatency(us)=10481.23] 
2014-07-12 23:42:44:004 600 sec: 14040770 operations; 20605.4 current ops/sec; [INSERT AverageLatency(us)=11.03] [READ AverageLatency(us)=9459.35] 
2014-07-12 23:42:54:005 610 sec: 14227653 operations; 18686.43 current ops/sec; [INSERT AverageLatency(us)=11.78] [READ AverageLatency(us)=10689.06] 
2014-07-12 23:43:04:005 620 sec: 14403678 operations; 17602.5 current ops/sec; [INSERT AverageLatency(us)=11.39] [READ AverageLatency(us)=11141.4] 
2014-07-12 23:43:14:006 630 sec: 14582591 operations; 17889.51 current ops/sec; [INSERT AverageLatency(us)=11.33] [READ AverageLatency(us)=11044.97] 
2014-07-12 23:43:24:006 640 sec: 14755894 operations; 17330.3 current ops/sec; [INSERT AverageLatency(us)=12.23] [READ AverageLatency(us)=11280.39] 
2014-07-12 23:43:34:007 650 sec: 14920110 operations; 16419.96 current ops/sec; [INSERT AverageLatency(us)=11.28] [READ AverageLatency(us)=12005.14] 
2014-07-12 23:43:44:007 660 sec: 15108033 operations; 18792.3 current ops/sec; [INSERT AverageLatency(us)=11.18] [READ AverageLatency(us)=10512.11] 
2014-07-12 23:43:54:008 670 sec: 15292843 operations; 18479.15 current ops/sec; [INSERT AverageLatency(us)=10.3] [READ AverageLatency(us)=10612.96] 
2014-07-12 23:44:04:008 680 sec: 15477730 operations; 18488.7 current ops/sec; [INSERT AverageLatency(us)=9.92] [READ AverageLatency(us)=10713.42] 
2014-07-12 23:44:14:009 690 sec: 15653206 operations; 17545.85 current ops/sec; [INSERT AverageLatency(us)=11.51] [READ AverageLatency(us)=11262.78] 
2014-07-12 23:44:24:009 700 sec: 15822836 operations; 16963 current ops/sec; [INSERT AverageLatency(us)=11.26] [READ AverageLatency(us)=11768.51] 
2014-07-12 23:44:34:010 710 sec: 15999566 operations; 17671.23 current ops/sec; [INSERT AverageLatency(us)=11.1] [READ AverageLatency(us)=11014.58] 
2014-07-12 23:44:44:011 720 sec: 16161575 operations; 16200.9 current ops/sec; [INSERT AverageLatency(us)=11.13] [READ AverageLatency(us)=12025.91] 
2014-07-12 23:44:54:011 730 sec: 16339435 operations; 17784.22 current ops/sec; [INSERT AverageLatency(us)=9.95] [READ AverageLatency(us)=11154.17] 
2014-07-12 23:45:04:012 740 sec: 16516305 operations; 17685.23 current ops/sec; [INSERT AverageLatency(us)=10.72] [READ AverageLatency(us)=11071.04] 
2014-07-12 23:45:14:012 750 sec: 16680641 operations; 16433.6 current ops/sec; [INSERT AverageLatency(us)=10.93] [READ AverageLatency(us)=12203.55] 
2014-07-12 23:45:24:013 760 sec: 16856252 operations; 17559.34 current ops/sec; [INSERT AverageLatency(us)=11.22] [READ AverageLatency(us)=11229.35] 
2014-07-12 23:45:34:131 770 sec: 17022372 operations; 16418.26 current ops/sec; [INSERT AverageLatency(us)=12] [READ AverageLatency(us)=12155.48] 
2014-07-12 23:45:44:132 780 sec: 17184211 operations; 16182.28 current ops/sec; [INSERT AverageLatency(us)=10.86] [READ AverageLatency(us)=12183.64] 
2014-07-12 23:45:54:132 790 sec: 17344775 operations; 16056.4 current ops/sec; [INSERT AverageLatency(us)=10.72] [READ AverageLatency(us)=12381.72] 
2014-07-12 23:46:04:133 800 sec: 17507248 operations; 16245.68 current ops/sec; [INSERT AverageLatency(us)=10.11] [READ AverageLatency(us)=12056.11] 
2014-07-12 23:46:14:133 810 sec: 17679601 operations; 17235.3 current ops/sec; [INSERT AverageLatency(us)=10.4] [READ AverageLatency(us)=11392.03] 
2014-07-12 23:46:24:134 820 sec: 17865891 operations; 18627.14 current ops/sec; [INSERT AverageLatency(us)=10.39] [READ AverageLatency(us)=10587.91] 
2014-07-12 23:46:34:134 830 sec: 18029767 operations; 16387.6 current ops/sec; [INSERT AverageLatency(us)=11.31] [READ AverageLatency(us)=11977.49] 
2014-07-12 23:46:44:135 840 sec: 18198948 operations; 16916.41 current ops/sec; [INSERT AverageLatency(us)=12.26] [READ AverageLatency(us)=11437.83] 
2014-07-12 23:46:54:136 850 sec: 18365871 operations; 16690.63 current ops/sec; [INSERT AverageLatency(us)=10.53] [READ AverageLatency(us)=11967.57] 
2014-07-12 23:47:04:136 860 sec: 18539144 operations; 17327.3 current ops/sec; [INSERT AverageLatency(us)=10.3] [READ AverageLatency(us)=11268.44] 
2014-07-12 23:47:14:137 870 sec: 18702950 operations; 16378.96 current ops/sec; [INSERT AverageLatency(us)=10.53] [READ AverageLatency(us)=11964.23] 
2014-07-12 23:47:24:137 880 sec: 18873317 operations; 17036.7 current ops/sec; [INSERT AverageLatency(us)=11.69] [READ AverageLatency(us)=11488.89] 
2014-07-12 23:47:34:138 890 sec: 19052010 operations; 17867.51 current ops/sec; [INSERT AverageLatency(us)=11.93] [READ AverageLatency(us)=11063.28] 
2014-07-12 23:47:44:139 900 sec: 19215504 operations; 16349.4 current ops/sec; [INSERT AverageLatency(us)=10.56] [READ AverageLatency(us)=12016.63] 
2014-07-12 23:47:54:139 910 sec: 19366345 operations; 15082.59 current ops/sec; [INSERT AverageLatency(us)=11.15] [READ AverageLatency(us)=13138.65] 
2014-07-12 23:48:04:140 920 sec: 19536580 operations; 17021.8 current ops/sec; [INSERT AverageLatency(us)=11.15] [READ AverageLatency(us)=11695.57] 
2014-07-12 23:48:14:140 930 sec: 19704082 operations; 16750.2 current ops/sec; [INSERT AverageLatency(us)=11.2] [READ AverageLatency(us)=11913.18] 
2014-07-12 23:48:24:141 940 sec: 19877256 operations; 17315.67 current ops/sec; [INSERT AverageLatency(us)=11.37] [READ AverageLatency(us)=11289.11] 
2014-07-12 23:48:34:141 950 sec: 20048004 operations; 17074.8 current ops/sec; [INSERT AverageLatency(us)=10.04] [READ AverageLatency(us)=11796.97] 
2014-07-12 23:48:44:142 960 sec: 20210487 operations; 16246.68 current ops/sec; [INSERT AverageLatency(us)=10.32] [READ AverageLatency(us)=12069.1] 
2014-07-12 23:48:54:142 970 sec: 20369483 operations; 15899.6 current ops/sec; [INSERT AverageLatency(us)=10.31] [READ AverageLatency(us)=12487.57] 
2014-07-12 23:49:04:143 980 sec: 20541089 operations; 17158.88 current ops/sec; [INSERT AverageLatency(us)=10.6] [READ AverageLatency(us)=11553.84] 
2014-07-12 23:49:14:149 990 sec: 20704280 operations; 16309.31 current ops/sec; [INSERT AverageLatency(us)=11.36] [READ AverageLatency(us)=12151.72] 
2014-07-12 23:49:24:259 1000 sec: 20870269 operations; 16418.3 current ops/sec; [INSERT AverageLatency(us)=10.18] [READ AverageLatency(us)=12070.59] 
2014-07-12 23:49:34:261 1010 sec: 21031585 operations; 16129.99 current ops/sec; [INSERT AverageLatency(us)=12.04] [READ AverageLatency(us)=12298.76] 
2014-07-12 23:49:44:261 1020 sec: 21194019 operations; 16241.78 current ops/sec; [INSERT AverageLatency(us)=11.59] [READ AverageLatency(us)=12088.29] 
2014-07-12 23:49:54:262 1030 sec: 21369122 operations; 17508.55 current ops/sec; [INSERT AverageLatency(us)=11.5] [READ AverageLatency(us)=11384.39] 
2014-07-12 23:50:04:262 1040 sec: 21539924 operations; 17080.2 current ops/sec; [INSERT AverageLatency(us)=11.66] [READ AverageLatency(us)=11575.01] 
2014-07-12 23:50:14:263 1050 sec: 21715330 operations; 17538.85 current ops/sec; [INSERT AverageLatency(us)=10.82] [READ AverageLatency(us)=11314.53] 
2014-07-12 23:50:24:263 1060 sec: 21863717 operations; 14838.7 current ops/sec; [INSERT AverageLatency(us)=11.1] [READ AverageLatency(us)=13308.82] 
2014-07-12 23:50:34:264 1070 sec: 22033195 operations; 16946.11 current ops/sec; [INSERT AverageLatency(us)=10.98] [READ AverageLatency(us)=11681.88] 
2014-07-12 23:50:44:264 1080 sec: 22194787 operations; 16159.2 current ops/sec; [INSERT AverageLatency(us)=10.78] [READ AverageLatency(us)=12262.64] 
2014-07-12 23:50:54:265 1090 sec: 22354705 operations; 15990.2 current ops/sec; [INSERT AverageLatency(us)=9.73] [READ AverageLatency(us)=12228.87] 
2014-07-12 23:51:04:265 1100 sec: 22530696 operations; 17599.1 current ops/sec; [INSERT AverageLatency(us)=10.4] [READ AverageLatency(us)=11348.59] 
2014-07-12 23:51:14:266 1110 sec: 22674229 operations; 14351.86 current ops/sec; [INSERT AverageLatency(us)=10.63] [READ AverageLatency(us)=13810.32] 
2014-07-12 23:51:24:266 1120 sec: 22847673 operations; 17344.4 current ops/sec; [INSERT AverageLatency(us)=11.36] [READ AverageLatency(us)=11408.21] 
2014-07-12 23:51:34:267 1130 sec: 23008865 operations; 16117.59 current ops/sec; [INSERT AverageLatency(us)=10.4] [READ AverageLatency(us)=12382.19] 
2014-07-12 23:51:44:267 1140 sec: 23184359 operations; 17549.4 current ops/sec; [INSERT AverageLatency(us)=11.17] [READ AverageLatency(us)=11216.88] 
2014-07-12 23:51:54:268 1150 sec: 23356316 operations; 17193.98 current ops/sec; [INSERT AverageLatency(us)=10.87] [READ AverageLatency(us)=11590.16] 
2014-07-12 23:52:04:268 1160 sec: 23509431 operations; 15311.5 current ops/sec; [INSERT AverageLatency(us)=10.66] [READ AverageLatency(us)=12993.76] 
2014-07-12 23:52:14:269 1170 sec: 23670903 operations; 16145.59 current ops/sec; [INSERT AverageLatency(us)=12.07] [READ AverageLatency(us)=12361.78] 
2014-07-12 23:52:24:270 1180 sec: 23826742 operations; 15583.9 current ops/sec; [INSERT AverageLatency(us)=12.23] [READ AverageLatency(us)=12777.98] 
2014-07-12 23:52:34:270 1190 sec: 23990966 operations; 16420.76 current ops/sec; [INSERT AverageLatency(us)=11.19] [READ AverageLatency(us)=11943.8] 
2014-07-12 23:52:44:271 1200 sec: 24157175 operations; 16619.24 current ops/sec; [INSERT AverageLatency(us)=11.83] [READ AverageLatency(us)=11885.76] 
2014-07-12 23:52:54:271 1210 sec: 24331449 operations; 17427.4 current ops/sec; [INSERT AverageLatency(us)=10.51] [READ AverageLatency(us)=11317.76] 
2014-07-12 23:53:04:272 1220 sec: 24497250 operations; 16578.44 current ops/sec; [INSERT AverageLatency(us)=10.61] [READ AverageLatency(us)=11733.84] 
2014-07-12 23:53:14:272 1230 sec: 24655762 operations; 15851.2 current ops/sec; [INSERT AverageLatency(us)=10.43] [READ AverageLatency(us)=12385.39] 
2014-07-12 23:53:24:273 1240 sec: 24818382 operations; 16260.37 current ops/sec; [INSERT AverageLatency(us)=11.4] [READ AverageLatency(us)=12157.17] 
2014-07-12 23:53:34:273 1250 sec: 24978331 operations; 15994.9 current ops/sec; [INSERT AverageLatency(us)=10.56] [READ AverageLatency(us)=12187.35] 
2014-07-12 23:53:44:274 1260 sec: 25144330 operations; 16598.24 current ops/sec; [INSERT AverageLatency(us)=10.3] [READ AverageLatency(us)=11949.17] 
2014-07-12 23:53:54:275 1270 sec: 25307437 operations; 16309.07 current ops/sec; [INSERT AverageLatency(us)=11.12] [READ AverageLatency(us)=12098.81] 
2014-07-12 23:54:04:275 1280 sec: 25463823 operations; 15638.6 current ops/sec; [INSERT AverageLatency(us)=11.22] [READ AverageLatency(us)=12928.54] 
2014-07-12 23:54:14:276 1290 sec: 25613500 operations; 14966.2 current ops/sec; [INSERT AverageLatency(us)=11.85] [READ AverageLatency(us)=13212.93] 
2014-07-12 23:54:24:276 1300 sec: 25772962 operations; 15946.2 current ops/sec; [INSERT AverageLatency(us)=11.56] [READ AverageLatency(us)=12303.96] 
2014-07-12 23:54:34:277 1310 sec: 25934130 operations; 16115.19 current ops/sec; [INSERT AverageLatency(us)=11.15] [READ AverageLatency(us)=12257.61] 
2014-07-12 23:54:44:277 1320 sec: 26082076 operations; 14794.6 current ops/sec; [INSERT AverageLatency(us)=11.67] [READ AverageLatency(us)=13199.24] 
2014-07-12 23:54:54:278 1330 sec: 26247107 operations; 16501.45 current ops/sec; [INSERT AverageLatency(us)=10.39] [READ AverageLatency(us)=11886.75] 
2014-07-12 23:55:04:279 1340 sec: 26403430 operations; 15630.74 current ops/sec; [INSERT AverageLatency(us)=10.55] [READ AverageLatency(us)=12632.41] 
2014-07-12 23:55:14:279 1350 sec: 26566419 operations; 16298.9 current ops/sec; [INSERT AverageLatency(us)=11.24] [READ AverageLatency(us)=12081.36] 
2014-07-12 23:55:24:280 1360 sec: 26721922 operations; 15548.75 current ops/sec; [INSERT AverageLatency(us)=10.75] [READ AverageLatency(us)=12663.52] 
2014-07-12 23:55:34:280 1370 sec: 26879510 operations; 15758.8 current ops/sec; [INSERT AverageLatency(us)=10.22] [READ AverageLatency(us)=12603.46] 
2014-07-12 23:55:44:281 1380 sec: 27030530 operations; 15100.49 current ops/sec; [INSERT AverageLatency(us)=10.59] [READ AverageLatency(us)=13008.73] 
2014-07-12 23:55:54:281 1390 sec: 27194629 operations; 16409.9 current ops/sec; [INSERT AverageLatency(us)=10.46] [READ AverageLatency(us)=11914.38] 
2014-07-12 23:56:04:282 1400 sec: 27361961 operations; 16731.53 current ops/sec; [INSERT AverageLatency(us)=10.42] [READ AverageLatency(us)=11760.61] 
2014-07-12 23:56:14:282 1410 sec: 27511017 operations; 14905.6 current ops/sec; [INSERT AverageLatency(us)=10.79] [READ AverageLatency(us)=13232.96] 
2014-07-12 23:56:24:283 1420 sec: 27667431 operations; 15639.84 current ops/sec; [INSERT AverageLatency(us)=10.1] [READ AverageLatency(us)=12697.03] 
2014-07-12 23:56:34:283 1430 sec: 27829156 operations; 16172.5 current ops/sec; [INSERT AverageLatency(us)=10.43] [READ AverageLatency(us)=12384.72] 
2014-07-12 23:56:44:419 1440 sec: 27985534 operations; 15427.98 current ops/sec; [INSERT AverageLatency(us)=11.83] [READ AverageLatency(us)=12540.19] 
2014-07-12 23:56:54:420 1450 sec: 28138527 operations; 15297.77 current ops/sec; [INSERT AverageLatency(us)=10.76] [READ AverageLatency(us)=12987.94] 
2014-07-12 23:57:04:421 1460 sec: 28292447 operations; 15390.46 current ops/sec; [INSERT AverageLatency(us)=10.07] [READ AverageLatency(us)=12690.49] 
2014-07-12 23:57:14:421 1470 sec: 28449807 operations; 15736 current ops/sec; [INSERT AverageLatency(us)=10.61] [READ AverageLatency(us)=12622.08] 
2014-07-12 23:57:24:422 1480 sec: 28597162 operations; 14734.03 current ops/sec; [INSERT AverageLatency(us)=10.41] [READ AverageLatency(us)=13342.77] 
2014-07-12 23:57:34:422 1490 sec: 28741666 operations; 14450.4 current ops/sec; [INSERT AverageLatency(us)=10.83] [READ AverageLatency(us)=13681.93] 
2014-07-12 23:57:44:423 1500 sec: 28896938 operations; 15525.65 current ops/sec; [INSERT AverageLatency(us)=11.14] [READ AverageLatency(us)=12599.55] 
2014-07-12 23:57:54:423 1510 sec: 29041710 operations; 14477.2 current ops/sec; [INSERT AverageLatency(us)=10.86] [READ AverageLatency(us)=13763.88] 
2014-07-12 23:58:04:424 1520 sec: 29201246 operations; 15952 current ops/sec; [INSERT AverageLatency(us)=10.96] [READ AverageLatency(us)=12127.77] 
2014-07-12 23:58:14:424 1530 sec: 29358873 operations; 15762.7 current ops/sec; [INSERT AverageLatency(us)=10.3] [READ AverageLatency(us)=12935.35] 
2014-07-12 23:58:24:425 1540 sec: 29513173 operations; 15428.46 current ops/sec; [INSERT AverageLatency(us)=9.38] [READ AverageLatency(us)=12674.43] 
2014-07-12 23:58:34:425 1550 sec: 29660014 operations; 14684.1 current ops/sec; [INSERT AverageLatency(us)=14.79] [READ AverageLatency(us)=13291.2] 
2014-07-12 23:58:44:426 1560 sec: 29756447 operations; 9642.34 current ops/sec; [INSERT AverageLatency(us)=11.7] [READ AverageLatency(us)=20241.77] 
2014-07-12 23:58:54:427 1570 sec: 29891520 operations; 13505.95 current ops/sec; [INSERT AverageLatency(us)=10.41] [READ AverageLatency(us)=14870.48] 
2014-07-12 23:59:04:427 1580 sec: 30040772 operations; 14925.2 current ops/sec; [INSERT AverageLatency(us)=10.85] [READ AverageLatency(us)=13373.88] 
2014-07-12 23:59:14:428 1590 sec: 30198683 operations; 15789.52 current ops/sec; [INSERT AverageLatency(us)=10.58] [READ AverageLatency(us)=12481.66] 
2014-07-12 23:59:24:428 1600 sec: 30345323 operations; 14664 current ops/sec; [INSERT AverageLatency(us)=11.33] [READ AverageLatency(us)=13440.4] 
2014-07-12 23:59:34:429 1610 sec: 30502990 operations; 15765.12 current ops/sec; [INSERT AverageLatency(us)=11.07] [READ AverageLatency(us)=12430.59] 
2014-07-12 23:59:44:429 1620 sec: 30650254 operations; 14726.4 current ops/sec; [INSERT AverageLatency(us)=10.33] [READ AverageLatency(us)=13224.5] 
2014-07-12 23:59:54:430 1630 sec: 30796382 operations; 14611.34 current ops/sec; [INSERT AverageLatency(us)=10.9] [READ AverageLatency(us)=13441.01] 
2014-07-13 00:00:04:430 1640 sec: 30965272 operations; 16889 current ops/sec; [INSERT AverageLatency(us)=11.35] [READ AverageLatency(us)=11609.16] 
2014-07-13 00:00:14:431 1650 sec: 31119338 operations; 15405.06 current ops/sec; [INSERT AverageLatency(us)=11.46] [READ AverageLatency(us)=12773.13] 
2014-07-13 00:00:24:432 1660 sec: 31271767 operations; 15241.38 current ops/sec; [INSERT AverageLatency(us)=11.41] [READ AverageLatency(us)=13083.34] 
2014-07-13 00:00:34:432 1670 sec: 31418688 operations; 14692.1 current ops/sec; [INSERT AverageLatency(us)=11.15] [READ AverageLatency(us)=13555.96] 
2014-07-13 00:00:44:433 1680 sec: 31568307 operations; 14960.4 current ops/sec; [INSERT AverageLatency(us)=10.69] [READ AverageLatency(us)=13159.91] 
2014-07-13 00:00:54:433 1690 sec: 31706619 operations; 13831.2 current ops/sec; [INSERT AverageLatency(us)=10.33] [READ AverageLatency(us)=14378.85] 
2014-07-13 00:01:04:434 1700 sec: 31870176 operations; 16354.06 current ops/sec; [INSERT AverageLatency(us)=10.49] [READ AverageLatency(us)=12105.37] 
2014-07-13 00:01:14:434 1710 sec: 32016363 operations; 14618.7 current ops/sec; [INSERT AverageLatency(us)=10.67] [READ AverageLatency(us)=13473.59] 
2014-07-13 00:01:24:435 1720 sec: 32168050 operations; 15167.18 current ops/sec; [INSERT AverageLatency(us)=11.17] [READ AverageLatency(us)=13041.7] 
2014-07-13 00:01:34:435 1730 sec: 32322436 operations; 15438.6 current ops/sec; [INSERT AverageLatency(us)=11.17] [READ AverageLatency(us)=12777.66] 
2014-07-13 00:01:44:436 1740 sec: 32469899 operations; 14744.83 current ops/sec; [INSERT AverageLatency(us)=11.31] [READ AverageLatency(us)=13523.39] 
2014-07-13 00:01:54:436 1750 sec: 32598976 operations; 12907.7 current ops/sec; [INSERT AverageLatency(us)=10.76] [READ AverageLatency(us)=15331.75] 
2014-07-13 00:02:04:437 1760 sec: 32765729 operations; 16673.63 current ops/sec; [INSERT AverageLatency(us)=10.62] [READ AverageLatency(us)=11946.07] 
2014-07-13 00:02:14:437 1770 sec: 32916849 operations; 15112 current ops/sec; [INSERT AverageLatency(us)=10.72] [READ AverageLatency(us)=13118.66] 
2014-07-13 00:02:24:438 1780 sec: 33069412 operations; 15254.77 current ops/sec; [INSERT AverageLatency(us)=10.91] [READ AverageLatency(us)=13277.87] 
2014-07-13 00:02:34:439 1790 sec: 33213218 operations; 14379.16 current ops/sec; [INSERT AverageLatency(us)=10.53] [READ AverageLatency(us)=13836.2] 
2014-07-13 00:02:44:439 1800 sec: 33365747 operations; 15252.9 current ops/sec; [INSERT AverageLatency(us)=10.29] [READ AverageLatency(us)=13090.82] 
2014-07-13 00:02:54:440 1810 sec: 33518818 operations; 15305.57 current ops/sec; [INSERT AverageLatency(us)=11.04] [READ AverageLatency(us)=12993.62] 
2014-07-13 00:03:04:440 1820 sec: 33671218 operations; 15240 current ops/sec; [INSERT AverageLatency(us)=10.4] [READ AverageLatency(us)=13041.85] 
2014-07-13 00:03:14:441 1830 sec: 33819851 operations; 14861.81 current ops/sec; [INSERT AverageLatency(us)=11.16] [READ AverageLatency(us)=13275.4] 
2014-07-13 00:03:24:441 1840 sec: 33968603 operations; 14875.2 current ops/sec; [INSERT AverageLatency(us)=10.49] [READ AverageLatency(us)=13216.03] 
2014-07-13 00:03:34:442 1850 sec: 34109522 operations; 14090.49 current ops/sec; [INSERT AverageLatency(us)=11.81] [READ AverageLatency(us)=14218.09] 
2014-07-13 00:03:44:443 1860 sec: 34242890 operations; 13335.47 current ops/sec; [INSERT AverageLatency(us)=11.08] [READ AverageLatency(us)=14651.81] 
2014-07-13 00:03:54:443 1870 sec: 34390826 operations; 14793.6 current ops/sec; [INSERT AverageLatency(us)=10.99] [READ AverageLatency(us)=13409.94] 
2014-07-13 00:04:04:444 1880 sec: 34530217 operations; 13937.71 current ops/sec; [INSERT AverageLatency(us)=11.87] [READ AverageLatency(us)=14385.99] 
2014-07-13 00:04:14:444 1890 sec: 34644988 operations; 11477.1 current ops/sec; [INSERT AverageLatency(us)=9.99] [READ AverageLatency(us)=17445.94] 
2014-07-13 00:04:24:445 1900 sec: 34789086 operations; 14408.36 current ops/sec; [INSERT AverageLatency(us)=12.3] [READ AverageLatency(us)=13798.55] 
2014-07-13 00:04:34:446 1910 sec: 34917731 operations; 12864.5 current ops/sec; [INSERT AverageLatency(us)=11.72] [READ AverageLatency(us)=15453.2] 
2014-07-13 00:04:44:446 1920 sec: 35053078 operations; 13533.35 current ops/sec; [INSERT AverageLatency(us)=11.14] [READ AverageLatency(us)=14655.86] 
2014-07-13 00:04:54:447 1930 sec: 35197863 operations; 14477.05 current ops/sec; [INSERT AverageLatency(us)=11.25] [READ AverageLatency(us)=13806.97] 
2014-07-13 00:05:04:447 1940 sec: 35339809 operations; 14194.6 current ops/sec; [INSERT AverageLatency(us)=10.32] [READ AverageLatency(us)=13944.04] 
2014-07-13 00:05:14:448 1950 sec: 35492943 operations; 15311.87 current ops/sec; [INSERT AverageLatency(us)=10.62] [READ AverageLatency(us)=13118.75] 
2014-07-13 00:05:24:448 1960 sec: 35631549 operations; 13860.6 current ops/sec; [INSERT AverageLatency(us)=11.71] [READ AverageLatency(us)=14438.69] 
2014-07-13 00:05:34:449 1970 sec: 35766445 operations; 13488.25 current ops/sec; [INSERT AverageLatency(us)=11.62] [READ AverageLatency(us)=14747.14] 
2014-07-13 00:05:44:450 1980 sec: 35912955 operations; 14651 current ops/sec; [INSERT AverageLatency(us)=9.9] [READ AverageLatency(us)=13511.77] 
2014-07-13 00:05:54:450 1990 sec: 36057780 operations; 14481.05 current ops/sec; [INSERT AverageLatency(us)=10.56] [READ AverageLatency(us)=13700.01] 
2014-07-13 00:06:04:451 2000 sec: 36200148 operations; 14235.38 current ops/sec; [INSERT AverageLatency(us)=11.5] [READ AverageLatency(us)=14022.05] 
2014-07-13 00:06:14:451 2010 sec: 36346917 operations; 14676.9 current ops/sec; [INSERT AverageLatency(us)=11.18] [READ AverageLatency(us)=13694.4] 
2014-07-13 00:06:24:452 2020 sec: 36498314 operations; 15138.19 current ops/sec; [INSERT AverageLatency(us)=11.64] [READ AverageLatency(us)=13109.55] 
2014-07-13 00:06:34:453 2030 sec: 36645412 operations; 14708.33 current ops/sec; [INSERT AverageLatency(us)=10.38] [READ AverageLatency(us)=13551.16] 
2014-07-13 00:06:44:453 2040 sec: 36773675 operations; 12826.3 current ops/sec; [INSERT AverageLatency(us)=10.43] [READ AverageLatency(us)=15658.07] 
2014-07-13 00:06:54:454 2050 sec: 36907006 operations; 13331.77 current ops/sec; [INSERT AverageLatency(us)=11.15] [READ AverageLatency(us)=14783.49] 
2014-07-13 00:07:04:454 2060 sec: 37034610 operations; 12760.4 current ops/sec; [INSERT AverageLatency(us)=10.44] [READ AverageLatency(us)=15616.46] 
2014-07-13 00:07:14:455 2070 sec: 37167383 operations; 13275.97 current ops/sec; [INSERT AverageLatency(us)=10.6] [READ AverageLatency(us)=15045.37] 
2014-07-13 00:07:24:455 2080 sec: 37304158 operations; 13677.5 current ops/sec; [INSERT AverageLatency(us)=10.71] [READ AverageLatency(us)=14680.32] 
2014-07-13 00:07:34:456 2090 sec: 37448085 operations; 14391.26 current ops/sec; [INSERT AverageLatency(us)=10.88] [READ AverageLatency(us)=13887.35] 
2014-07-13 00:07:44:457 2100 sec: 37569373 operations; 12127.59 current ops/sec; [INSERT AverageLatency(us)=11.91] [READ AverageLatency(us)=16476.46] 
2014-07-13 00:07:54:457 2110 sec: 37726529 operations; 15715.6 current ops/sec; [INSERT AverageLatency(us)=11.2] [READ AverageLatency(us)=12639.39] 
2014-07-13 00:08:04:458 2120 sec: 37866870 operations; 14032.7 current ops/sec; [INSERT AverageLatency(us)=10.37] [READ AverageLatency(us)=14298.52] 
2014-07-13 00:08:14:458 2130 sec: 38010826 operations; 14395.6 current ops/sec; [INSERT AverageLatency(us)=10.85] [READ AverageLatency(us)=13737.52] 
2014-07-13 00:08:24:459 2140 sec: 38151424 operations; 14058.39 current ops/sec; [INSERT AverageLatency(us)=12.24] [READ AverageLatency(us)=14102.25] 
2014-07-13 00:08:34:459 2150 sec: 38300001 operations; 14857.7 current ops/sec; [INSERT AverageLatency(us)=10.78] [READ AverageLatency(us)=13271.51] 
2014-07-13 00:08:44:460 2160 sec: 38434614 operations; 13459.95 current ops/sec; [INSERT AverageLatency(us)=11.03] [READ AverageLatency(us)=14845.47] 
2014-07-13 00:08:54:461 2170 sec: 38575363 operations; 14074.9 current ops/sec; [INSERT AverageLatency(us)=10.21] [READ AverageLatency(us)=14082.04] 
2014-07-13 00:09:04:461 2180 sec: 38731097 operations; 15571.84 current ops/sec; [INSERT AverageLatency(us)=10.81] [READ AverageLatency(us)=12704.68] 
2014-07-13 00:09:14:462 2190 sec: 38875681 operations; 14456.95 current ops/sec; [INSERT AverageLatency(us)=11.43] [READ AverageLatency(us)=13691.95] 
2014-07-13 00:09:24:462 2200 sec: 39005611 operations; 12993 current ops/sec; [INSERT AverageLatency(us)=11.01] [READ AverageLatency(us)=15000.72] 
2014-07-13 00:09:34:463 2210 sec: 39155231 operations; 14960.5 current ops/sec; [INSERT AverageLatency(us)=11.9] [READ AverageLatency(us)=13258.13] 
2014-07-13 00:09:44:463 2220 sec: 39291405 operations; 13617.4 current ops/sec; [INSERT AverageLatency(us)=10.55] [READ AverageLatency(us)=14313.76] 
2014-07-13 00:09:54:464 2230 sec: 39430303 operations; 13888.41 current ops/sec; [INSERT AverageLatency(us)=11.07] [READ AverageLatency(us)=14274.37] 
2014-07-13 00:10:04:465 2240 sec: 39588005 operations; 15768.62 current ops/sec; [INSERT AverageLatency(us)=10.8] [READ AverageLatency(us)=12432.34] 
2014-07-13 00:10:14:465 2250 sec: 39738745 operations; 15074 current ops/sec; [INSERT AverageLatency(us)=11.06] [READ AverageLatency(us)=13298.31] 
2014-07-13 00:10:24:466 2260 sec: 39884571 operations; 14581.14 current ops/sec; [INSERT AverageLatency(us)=11.2] [READ AverageLatency(us)=13809.14] 
2014-07-13 00:10:34:466 2270 sec: 40023772 operations; 13920.1 current ops/sec; [INSERT AverageLatency(us)=11.3] [READ AverageLatency(us)=14430.16] 
2014-07-13 00:10:44:467 2280 sec: 40174196 operations; 15040.9 current ops/sec; [INSERT AverageLatency(us)=11.16] [READ AverageLatency(us)=13135.37] 
2014-07-13 00:10:54:467 2290 sec: 40313303 operations; 13910.7 current ops/sec; [INSERT AverageLatency(us)=11.52] [READ AverageLatency(us)=14297.79] 
2014-07-13 00:11:04:468 2300 sec: 40450853 operations; 13753.62 current ops/sec; [INSERT AverageLatency(us)=10.21] [READ AverageLatency(us)=14490.82] 
2014-07-13 00:11:14:469 2310 sec: 40599108 operations; 14824.02 current ops/sec; [INSERT AverageLatency(us)=10.02] [READ AverageLatency(us)=13374.8] 
2014-07-13 00:11:24:469 2320 sec: 40722388 operations; 12328 current ops/sec; [INSERT AverageLatency(us)=10.78] [READ AverageLatency(us)=16102.8] 
2014-07-13 00:11:34:470 2330 sec: 40868807 operations; 14640.44 current ops/sec; [INSERT AverageLatency(us)=11.11] [READ AverageLatency(us)=13550.69] 
2014-07-13 00:11:44:471 2340 sec: 41000499 operations; 13169.2 current ops/sec; [INSERT AverageLatency(us)=11.06] [READ AverageLatency(us)=15295.55] 
2014-07-13 00:11:54:471 2350 sec: 41138658 operations; 13814.52 current ops/sec; [INSERT AverageLatency(us)=15.43] [READ AverageLatency(us)=14402.74] 
2014-07-13 00:12:04:471 2360 sec: 41271294 operations; 13263.6 current ops/sec; [INSERT AverageLatency(us)=10.87] [READ AverageLatency(us)=14855.83] 
2014-07-13 00:12:14:472 2370 sec: 41421527 operations; 15021.8 current ops/sec; [INSERT AverageLatency(us)=10.79] [READ AverageLatency(us)=13394.17] 
2014-07-13 00:12:24:472 2380 sec: 41562939 operations; 14141.2 current ops/sec; [INSERT AverageLatency(us)=10.62] [READ AverageLatency(us)=13942.03] 
2014-07-13 00:12:34:473 2390 sec: 41702237 operations; 13928.41 current ops/sec; [INSERT AverageLatency(us)=11.46] [READ AverageLatency(us)=14162.48] 
2014-07-13 00:12:44:474 2400 sec: 41863322 operations; 16106.89 current ops/sec; [INSERT AverageLatency(us)=10.62] [READ AverageLatency(us)=12294.18] 
2014-07-13 00:12:54:474 2410 sec: 41990902 operations; 12758 current ops/sec; [INSERT AverageLatency(us)=11.02] [READ AverageLatency(us)=15623.81] 
2014-07-13 00:13:04:475 2420 sec: 42134396 operations; 14347.97 current ops/sec; [INSERT AverageLatency(us)=10.5] [READ AverageLatency(us)=13837.92] 
2014-07-13 00:13:14:486 2430 sec: 42278556 operations; 14400.16 current ops/sec; [INSERT AverageLatency(us)=10.23] [READ AverageLatency(us)=13789.39] 
2014-07-13 00:13:24:486 2440 sec: 42404896 operations; 12634 current ops/sec; [INSERT AverageLatency(us)=12.26] [READ AverageLatency(us)=15104.37] 
2014-07-13 00:13:34:487 2450 sec: 42543752 operations; 13884.21 current ops/sec; [INSERT AverageLatency(us)=10.91] [READ AverageLatency(us)=14608.42] 
2014-07-13 00:13:44:488 2460 sec: 42675298 operations; 13153.28 current ops/sec; [INSERT AverageLatency(us)=11.9] [READ AverageLatency(us)=15064.16] 
2014-07-13 00:13:54:488 2470 sec: 42826126 operations; 15082.8 current ops/sec; [INSERT AverageLatency(us)=10.28] [READ AverageLatency(us)=13132.05] 
2014-07-13 00:14:04:489 2480 sec: 42956349 operations; 13021 current ops/sec; [INSERT AverageLatency(us)=11.25] [READ AverageLatency(us)=15270.14] 
2014-07-13 00:14:14:489 2490 sec: 43106909 operations; 15056 current ops/sec; [INSERT AverageLatency(us)=10.13] [READ AverageLatency(us)=13290.61] 
2014-07-13 00:14:24:490 2500 sec: 43251875 operations; 14495.15 current ops/sec; [INSERT AverageLatency(us)=10.84] [READ AverageLatency(us)=13848.34] 
2014-07-13 00:14:34:490 2510 sec: 43384841 operations; 13296.6 current ops/sec; [INSERT AverageLatency(us)=11.29] [READ AverageLatency(us)=14932.47] 
2014-07-13 00:14:44:491 2520 sec: 43525230 operations; 14037.5 current ops/sec; [INSERT AverageLatency(us)=10.39] [READ AverageLatency(us)=14155.9] 
2014-07-13 00:14:54:491 2530 sec: 43664038 operations; 13880.8 current ops/sec; [INSERT AverageLatency(us)=11.5] [READ AverageLatency(us)=14138.87] 
2014-07-13 00:15:04:492 2540 sec: 43797330 operations; 13327.87 current ops/sec; [INSERT AverageLatency(us)=10.1] [READ AverageLatency(us)=15044.96] 
2014-07-13 00:15:14:492 2550 sec: 43945704 operations; 14837.4 current ops/sec; [INSERT AverageLatency(us)=10.48] [READ AverageLatency(us)=13359.44] 
2014-07-13 00:15:24:493 2560 sec: 44074009 operations; 12829.22 current ops/sec; [INSERT AverageLatency(us)=13.98] [READ AverageLatency(us)=15273.12] 
2014-07-13 00:15:34:494 2570 sec: 44218242 operations; 14423.3 current ops/sec; [INSERT AverageLatency(us)=11.26] [READ AverageLatency(us)=13786.96] 
2014-07-13 00:15:44:494 2580 sec: 44360752 operations; 14249.58 current ops/sec; [INSERT AverageLatency(us)=10.88] [READ AverageLatency(us)=13921.95] 
2014-07-13 00:15:54:495 2590 sec: 44483488 operations; 12272.37 current ops/sec; [INSERT AverageLatency(us)=10.86] [READ AverageLatency(us)=16365.72] 
2014-07-13 00:16:04:495 2600 sec: 44615940 operations; 13245.2 current ops/sec; [INSERT AverageLatency(us)=11.38] [READ AverageLatency(us)=14772.86] 
2014-07-13 00:16:14:496 2610 sec: 44768967 operations; 15301.17 current ops/sec; [INSERT AverageLatency(us)=11.39] [READ AverageLatency(us)=13106] 
2014-07-13 00:16:24:496 2620 sec: 44899094 operations; 13012.7 current ops/sec; [INSERT AverageLatency(us)=11.55] [READ AverageLatency(us)=15282.18] 
2014-07-13 00:16:34:497 2630 sec: 45035060 operations; 13595.24 current ops/sec; [INSERT AverageLatency(us)=9.84] [READ AverageLatency(us)=14489.93] 
2014-07-13 00:16:44:497 2640 sec: 45173743 operations; 13868.3 current ops/sec; [INSERT AverageLatency(us)=10.52] [READ AverageLatency(us)=14316.51] 
2014-07-13 00:16:54:498 2650 sec: 45304086 operations; 13033 current ops/sec; [INSERT AverageLatency(us)=11.01] [READ AverageLatency(us)=14968.61] 
2014-07-13 00:17:04:499 2660 sec: 45428595 operations; 12450.9 current ops/sec; [INSERT AverageLatency(us)=10.45] [READ AverageLatency(us)=15732.93] 
2014-07-13 00:17:14:499 2670 sec: 45575712 operations; 14710.23 current ops/sec; [INSERT AverageLatency(us)=9.91] [READ AverageLatency(us)=13646] 
2014-07-13 00:17:24:500 2680 sec: 45714462 operations; 13873.61 current ops/sec; [INSERT AverageLatency(us)=11.47] [READ AverageLatency(us)=14139.97] 
2014-07-13 00:17:34:500 2690 sec: 45846718 operations; 13225.6 current ops/sec; [INSERT AverageLatency(us)=10.82] [READ AverageLatency(us)=15011.33] 
2014-07-13 00:17:44:501 2700 sec: 45978654 operations; 13192.28 current ops/sec; [INSERT AverageLatency(us)=10.61] [READ AverageLatency(us)=15233.77] 
2014-07-13 00:17:54:501 2710 sec: 46130979 operations; 15232.5 current ops/sec; [INSERT AverageLatency(us)=10.57] [READ AverageLatency(us)=12970.21] 
2014-07-13 00:18:04:502 2720 sec: 46249070 operations; 11807.92 current ops/sec; [INSERT AverageLatency(us)=9.85] [READ AverageLatency(us)=17112.66] 
2014-07-13 00:18:14:502 2730 sec: 46388180 operations; 13911 current ops/sec; [INSERT AverageLatency(us)=10.74] [READ AverageLatency(us)=14265.74] 
2014-07-13 00:18:24:503 2740 sec: 46537833 operations; 14963.8 current ops/sec; [INSERT AverageLatency(us)=10.74] [READ AverageLatency(us)=13252.08] 
2014-07-13 00:18:34:503 2750 sec: 46680122 operations; 14228.9 current ops/sec; [INSERT AverageLatency(us)=11.93] [READ AverageLatency(us)=14011.94] 
2014-07-13 00:18:44:504 2760 sec: 46804401 operations; 12426.66 current ops/sec; [INSERT AverageLatency(us)=12.29] [READ AverageLatency(us)=16057.66] 
2014-07-13 00:18:54:504 2770 sec: 46943861 operations; 13946 current ops/sec; [INSERT AverageLatency(us)=10.7] [READ AverageLatency(us)=14305.34] 
2014-07-13 00:19:04:505 2780 sec: 47079217 operations; 13534.25 current ops/sec; [INSERT AverageLatency(us)=11.12] [READ AverageLatency(us)=14904.72] 
2014-07-13 00:19:14:506 2790 sec: 47204432 operations; 12521.5 current ops/sec; [INSERT AverageLatency(us)=10.51] [READ AverageLatency(us)=15733.38] 
2014-07-13 00:19:24:506 2800 sec: 47346455 operations; 14200.88 current ops/sec; [INSERT AverageLatency(us)=10.79] [READ AverageLatency(us)=14094.16] 
2014-07-13 00:19:34:507 2810 sec: 47490415 operations; 14394.56 current ops/sec; [INSERT AverageLatency(us)=10.39] [READ AverageLatency(us)=13858.11] 
2014-07-13 00:19:44:507 2820 sec: 47627419 operations; 13700.4 current ops/sec; [INSERT AverageLatency(us)=10.46] [READ AverageLatency(us)=14585.47] 
2014-07-13 00:19:54:508 2830 sec: 47765823 operations; 13839.02 current ops/sec; [INSERT AverageLatency(us)=10.68] [READ AverageLatency(us)=14350.6] 
2014-07-13 00:20:04:508 2840 sec: 47905644 operations; 13982.1 current ops/sec; [INSERT AverageLatency(us)=10.58] [READ AverageLatency(us)=14373.31] 
2014-07-13 00:20:14:509 2850 sec: 48044329 operations; 13867.11 current ops/sec; [INSERT AverageLatency(us)=10.64] [READ AverageLatency(us)=14339.16] 
2014-07-13 00:20:24:509 2860 sec: 48181449 operations; 13712 current ops/sec; [INSERT AverageLatency(us)=10.85] [READ AverageLatency(us)=14315.23] 
2014-07-13 00:20:34:510 2870 sec: 48320518 operations; 13905.51 current ops/sec; [INSERT AverageLatency(us)=11.29] [READ AverageLatency(us)=14266.02] 
2014-07-13 00:20:44:510 2880 sec: 48457866 operations; 13734.8 current ops/sec; [INSERT AverageLatency(us)=10.77] [READ AverageLatency(us)=14312.37] 
2014-07-13 00:20:54:511 2890 sec: 48591444 operations; 13356.46 current ops/sec; [INSERT AverageLatency(us)=11.88] [READ AverageLatency(us)=15001.71] 
2014-07-13 00:21:04:511 2900 sec: 48725161 operations; 13371.7 current ops/sec; [INSERT AverageLatency(us)=10.97] [READ AverageLatency(us)=14667.08] 
2014-07-13 00:21:14:512 2910 sec: 48865486 operations; 14031.1 current ops/sec; [INSERT AverageLatency(us)=10.14] [READ AverageLatency(us)=14066.11] 
2014-07-13 00:21:24:512 2920 sec: 48997353 operations; 13186.7 current ops/sec; [INSERT AverageLatency(us)=11.49] [READ AverageLatency(us)=14900.38] 
2014-07-13 00:21:34:513 2930 sec: 49140442 operations; 14307.47 current ops/sec; [INSERT AverageLatency(us)=11.26] [READ AverageLatency(us)=13860.37] 
2014-07-13 00:21:44:513 2940 sec: 49280303 operations; 13986.1 current ops/sec; [INSERT AverageLatency(us)=10.9] [READ AverageLatency(us)=13916.55] 
2014-07-13 00:21:54:514 2950 sec: 49411923 operations; 13160.68 current ops/sec; [INSERT AverageLatency(us)=10.54] [READ AverageLatency(us)=14873.83] 
2014-07-13 00:22:04:514 2960 sec: 49542896 operations; 13097.3 current ops/sec; [UPDATE AverageLatency(us)=130680] [INSERT AverageLatency(us)=10.42] [READ AverageLatency(us)=14365.38] [CLEANUP AverageLatency(us)=130829] 
2014-07-13 00:22:14:515 2970 sec: 49661408 operations; 11850.01 current ops/sec;  [INSERT AverageLatency(us)=10.76] [READ AverageLatency(us)=15958.99]  
2014-07-13 00:22:24:515 2980 sec: 49794529 operations; 13312.1 current ops/sec; [UPDATE AverageLatency(us)=179953.67] [INSERT AverageLatency(us)=10.59] [READ AverageLatency(us)=13731.57] [CLEANUP AverageLatency(us)=180336.33] 
2014-07-13 00:22:34:516 2990 sec: 49910671 operations; 11613.04 current ops/sec; [UPDATE AverageLatency(us)=93658] [INSERT AverageLatency(us)=10.72] [READ AverageLatency(us)=11939.57] [CLEANUP AverageLatency(us)=93665.75] 
2014-07-13 00:22:44:517 3000 sec: 49971178 operations; 6050.09 current ops/sec; [UPDATE AverageLatency(us)=125396.29] [INSERT AverageLatency(us)=9.82] [READ AverageLatency(us)=11313.13] [CLEANUP AverageLatency(us)=125403.86] 
2014-07-13 00:22:54:517 3010 sec: 49999008 operations; 2783 current ops/sec; [UPDATE AverageLatency(us)=292160.25] [INSERT AverageLatency(us)=9.89] [READ AverageLatency(us)=12906.35] [CLEANUP AverageLatency(us)=292168.5] 
2014-07-13 00:22:55:687 3011 sec: 50000000 operations; 847.86 current ops/sec; [UPDATE AverageLatency(us)=375575] [INSERT AverageLatency(us)=8.38] [READ AverageLatency(us)=7837.45] [CLEANUP AverageLatency(us)=375581] 
+ echo 'end time:'
end time:
++ date +%s
+ echo 1405236176
1405236176
+ echo 'sleeping for 10 sec ...'
sleeping for 10 sec ...
+ sleep 10
+ let counter=1+1
+ read line
+ set +x
