++ ls caseresult/ -ltr
++ wc -l
+ filename=case91
+ mkdir caseresult/case91
+ ssh hadoop@master mkdir /home/hadoop/git/physical_design/caseresult/case91
+ RESULT_DIR=/home/hadoop/git/physical_design/caseresult/case91
+ TEN=10
+ SIXTY=60
+ SLEEP_TIME=300
+ YCSB_DIR=/home/hadoop/ycsb-0.1.4
+ number_of_operations=50000000
+ number_of_threads=20
+ number_of_records=50000000
+ output_file_suffix=.dat
+ experiment_list_file=/home/hadoop/git/physical_design/case91.list
+ clean=false
+ create=false
+ load=false
+ random_read=false
+ workloada=false
+ workloadb=false
+ workloadc=false
+ scan=false
+ all=false
+ for i in '$@'
+ '[' clean == all ']'
+ '[' clean == clean ']'
+ clean=true
+ for i in '$@'
+ '[' create == all ']'
+ '[' create == clean ']'
+ '[' create == create ']'
+ create=true
+ for i in '$@'
+ '[' workloada == all ']'
+ '[' workloada == clean ']'
+ '[' workloada == create ']'
+ '[' workloada == load ']'
+ '[' workloada == random_read ']'
+ '[' workloada == scan ']'
+ '[' workloada == workloada ']'
+ workloada=true
+ let counter=1
+ cd /home/hadoop/ycsb-0.1.4
++ pwd
+ echo /home/hadoop/ycsb-0.1.4
/home/hadoop/ycsb-0.1.4
+ read line
+ false
+ true
+ echo 'sleeping for 60 ...'
sleeping for 60 ...
+ sleep 60
+ echo 'droping usertable...'
droping usertable...
+ ssh hadoop@master /home/hadoop/hbase/bin/hbase shell /home/hadoop/git/physical_design/delete_table
0 row(s) in 2.7970 seconds

0 row(s) in 0.8760 seconds

0 row(s) in 0.0920 seconds

+ echo 'sleeping for 300 ...'
sleeping for 300 ...
+ sleep 300
+ false
+ true
+ echo 'creating usertable...'
creating usertable...
+ create_statement='create '\''usertable'\'', { NAME=>'\''family'\'', COMPRESSION=>'\''GZ'\''}, SPLITS => ['\''user1'\'', '\''user2'\'', '\''user3'\'', '\''user4'\'', '\''user5'\'', '\''user6'\'', '\''user7'\'', '\''user8'\'', '\''user9'\'']'
+ echo create ''\''usertable'\'',' '{' 'NAME=>'\''family'\'',' 'COMPRESSION=>'\''GZ'\''},' SPLITS '=>' '['\''user1'\'',' ''\''user2'\'',' ''\''user3'\'',' ''\''user4'\'',' ''\''user5'\'',' ''\''user6'\'',' ''\''user7'\'',' ''\''user8'\'',' ''\''user9'\'']'
+ echo 'exit '
+ scp /home/hadoop/git/physical_design/caseresult/case91/create_1.script hadoop@master:/home/hadoop/git/physical_design/caseresult/case91/create_1.script
+ create_table /home/hadoop/git/physical_design/caseresult/case91/create_1.script
+ echo 'creating table...'
creating table...
+ echo /home/hadoop/git/physical_design/caseresult/case91/create_1.script
/home/hadoop/git/physical_design/caseresult/case91/create_1.script
+ ssh hadoop@master /home/hadoop/hbase/bin/hbase shell /home/hadoop/git/physical_design/caseresult/case91/create_1.script
0 row(s) in 1.7390 seconds

+ echo 'sleeping for 10 sec ...'
sleeping for 10 sec ...
+ sleep 10
+ false
+ false
+ false
+ false
+ false
+ true
+ echo workloada...
workloada...
+ echo 'start time: '
start time: 
++ date +%s
+ echo 1405097707
1405097707
++ echo /home/hadoop/git/physical_design/caseresult/case91/workloada_1.dat
+ ./workloada 50000000 20 /home/hadoop/git/physical_design/caseresult/case91/workloada_1.dat
Loading workload...
Starting test.
2014-07-11 09:55:07:754 0 sec: 0 operations; 
14/07/11 09:55:08 INFO zookeeper.ZooKeeper: Client environment:zookeeper.version=3.4.6-1569965, built on 02/20/2014 09:09 GMT
14/07/11 09:55:08 INFO zookeeper.ZooKeeper: Client environment:host.name=sceplus-vm43.almaden.ibm.com
14/07/11 09:55:08 INFO zookeeper.ZooKeeper: Client environment:java.version=1.6.0_31
14/07/11 09:55:08 INFO zookeeper.ZooKeeper: Client environment:java.vendor=Sun Microsystems Inc.
14/07/11 09:55:08 INFO zookeeper.ZooKeeper: Client environment:java.home=/usr/lib/jvm/java-6-openjdk-amd64/jre
14/07/11 09:55:08 INFO zookeeper.ZooKeeper: Client environment:java.class.path=/home/hadoop/ycsb-0.1.4/hbase-binding/lib/hbase-binding-0.1.4.jar:/home/hadoop/ycsb-0.1.4/hbase-binding/conf:/home/hadoop/ycsb-0.1.4/core/lib/core-0.1.4.jar:/home/hadoop/ycsb-0.1.4/jdbc-binding/conf
14/07/11 09:55:08 INFO zookeeper.ZooKeeper: Client environment:java.library.path=/usr/lib/jvm/java-6-openjdk-amd64/jre/lib/amd64/server:/usr/lib/jvm/java-6-openjdk-amd64/jre/lib/amd64:/usr/lib/jvm/java-6-openjdk-amd64/jre/../lib/amd64:/usr/java/packages/lib/amd64:/usr/lib/jni:/lib:/usr/lib
14/07/11 09:55:08 INFO zookeeper.ZooKeeper: Client environment:java.io.tmpdir=/tmp
14/07/11 09:55:08 INFO zookeeper.ZooKeeper: Client environment:java.compiler=<NA>
14/07/11 09:55:08 INFO zookeeper.ZooKeeper: Client environment:os.name=Linux
14/07/11 09:55:08 INFO zookeeper.ZooKeeper: Client environment:os.arch=amd64
14/07/11 09:55:08 INFO zookeeper.ZooKeeper: Client environment:os.version=3.13.0-24-generic
14/07/11 09:55:08 INFO zookeeper.ZooKeeper: Client environment:user.name=hadoop
14/07/11 09:55:08 INFO zookeeper.ZooKeeper: Client environment:user.home=/home/hadoop
14/07/11 09:55:08 INFO zookeeper.ZooKeeper: Client environment:user.dir=/home/hadoop/ycsb-0.1.4
14/07/11 09:55:08 INFO zookeeper.ZooKeeper: Initiating client connection, connectString=sceplus-vm49.almaden.ibm.com:2181,sceplus-vm48.almaden.ibm.com:2181 sessionTimeout=90000 watcher=hconnection-0x203822fc, quorum=sceplus-vm49.almaden.ibm.com:2181,sceplus-vm48.almaden.ibm.com:2181, baseZNode=/hbase
14/07/11 09:55:08 INFO zookeeper.RecoverableZooKeeper: Process identifier=hconnection-0x203822fc connecting to ZooKeeper ensemble=sceplus-vm49.almaden.ibm.com:2181,sceplus-vm48.almaden.ibm.com:2181
14/07/11 09:55:08 INFO zookeeper.ClientCnxn: Opening socket connection to server slave1/9.1.143.59:2181. Will not attempt to authenticate using SASL (unknown error)
14/07/11 09:55:08 INFO zookeeper.ClientCnxn: Socket connection established to slave1/9.1.143.59:2181, initiating session
14/07/11 09:55:08 INFO zookeeper.ClientCnxn: Session establishment complete on server slave1/9.1.143.59:2181, sessionid = 0x1472805ae7e000b, negotiated timeout = 90000
2014-07-11 09:55:17:755 10 sec: 4802 operations; 480.1 current ops/sec; [INSERT AverageLatency(us)=3592.56] [READ AverageLatency(us)=15874.53] 
2014-07-11 09:55:27:755 20 sec: 12364 operations; 756.2 current ops/sec; [INSERT AverageLatency(us)=116.42] [READ AverageLatency(us)=9238.37] 
2014-07-11 09:55:37:756 30 sec: 22446 operations; 1008.1 current ops/sec; [INSERT AverageLatency(us)=17.76] [READ AverageLatency(us)=8441.25] 
2014-07-11 09:55:47:756 40 sec: 38631 operations; 1618.5 current ops/sec; [INSERT AverageLatency(us)=19.65] [READ AverageLatency(us)=6575.29] 
2014-07-11 09:55:57:757 50 sec: 62809 operations; 2417.56 current ops/sec; [INSERT AverageLatency(us)=28.42] [READ AverageLatency(us)=5453.63] 
2014-07-11 09:56:07:757 60 sec: 109367 operations; 4655.8 current ops/sec; [INSERT AverageLatency(us)=22.8] [READ AverageLatency(us)=2901.59] 
2014-07-11 09:56:17:758 70 sec: 185350 operations; 7597.54 current ops/sec; [INSERT AverageLatency(us)=21.87] [READ AverageLatency(us)=1923.42] 
2014-07-11 09:56:27:758 80 sec: 334401 operations; 14905.1 current ops/sec; [INSERT AverageLatency(us)=16.4] [READ AverageLatency(us)=1162.26] 
2014-07-11 09:56:37:758 90 sec: 512090 operations; 17768.9 current ops/sec; [INSERT AverageLatency(us)=16.69] [READ AverageLatency(us)=1047.31] 
2014-07-11 09:56:47:759 100 sec: 702460 operations; 19035.1 current ops/sec; [INSERT AverageLatency(us)=15.05] [READ AverageLatency(us)=1015.88] 
2014-07-11 09:56:57:759 110 sec: 898472 operations; 19601.2 current ops/sec; [INSERT AverageLatency(us)=18.07] [READ AverageLatency(us)=1002.59] 
2014-07-11 09:57:07:760 120 sec: 1024094 operations; 12560.94 current ops/sec; [INSERT AverageLatency(us)=29.65] [READ AverageLatency(us)=1658.5] 
2014-07-11 09:57:17:760 130 sec: 1220068 operations; 19597.4 current ops/sec; [INSERT AverageLatency(us)=12.46] [READ AverageLatency(us)=1044.13] 
2014-07-11 09:57:27:761 140 sec: 1419042 operations; 19895.41 current ops/sec; [INSERT AverageLatency(us)=13.23] [READ AverageLatency(us)=1036.51] 
2014-07-11 09:57:37:761 150 sec: 1622067 operations; 20302.5 current ops/sec; [INSERT AverageLatency(us)=13.86] [READ AverageLatency(us)=1023.9] 
2014-07-11 09:57:47:762 160 sec: 1833299 operations; 21121.09 current ops/sec; [INSERT AverageLatency(us)=13.03] [READ AverageLatency(us)=997.06] 
2014-07-11 09:57:57:762 170 sec: 1992337 operations; 15903.8 current ops/sec; [INSERT AverageLatency(us)=19.33] [READ AverageLatency(us)=1346] 
2014-07-11 09:58:07:763 180 sec: 2199459 operations; 20710.13 current ops/sec; [INSERT AverageLatency(us)=12.01] [READ AverageLatency(us)=1028.11] 
2014-07-11 09:58:17:763 190 sec: 2407050 operations; 20759.1 current ops/sec; [INSERT AverageLatency(us)=19.73] [READ AverageLatency(us)=1024.28] 
2014-07-11 09:58:27:764 200 sec: 2622741 operations; 21566.94 current ops/sec; [INSERT AverageLatency(us)=12.14] [READ AverageLatency(us)=991.89] 
2014-07-11 09:58:37:764 210 sec: 2817897 operations; 19515.6 current ops/sec; [INSERT AverageLatency(us)=13.09] [READ AverageLatency(us)=1101.98] 
2014-07-11 09:58:47:765 220 sec: 2992125 operations; 17422.8 current ops/sec; [INSERT AverageLatency(us)=15.42] [READ AverageLatency(us)=1240.7] 
2014-07-11 09:58:57:765 230 sec: 3200266 operations; 20812.02 current ops/sec; [INSERT AverageLatency(us)=12.06] [READ AverageLatency(us)=1035.67] 
2014-07-11 09:59:07:765 240 sec: 3408431 operations; 20816.5 current ops/sec; [INSERT AverageLatency(us)=12.33] [READ AverageLatency(us)=1037.56] 
2014-07-11 09:59:17:766 250 sec: 3617384 operations; 20893.21 current ops/sec; [INSERT AverageLatency(us)=13.08] [READ AverageLatency(us)=1032.92] 
2014-07-11 09:59:27:766 260 sec: 3787858 operations; 17047.4 current ops/sec; [INSERT AverageLatency(us)=15.59] [READ AverageLatency(us)=1275.94] 
2014-07-11 09:59:37:767 270 sec: 3986383 operations; 19850.51 current ops/sec; [INSERT AverageLatency(us)=12.5] [READ AverageLatency(us)=1092.3] 
2014-07-11 09:59:47:767 280 sec: 4197284 operations; 21090.1 current ops/sec; [INSERT AverageLatency(us)=12.67] [READ AverageLatency(us)=1028.63] 
2014-07-11 09:59:57:906 290 sec: 4410257 operations; 21005.33 current ops/sec; [INSERT AverageLatency(us)=11.98] [READ AverageLatency(us)=1029.62] 
2014-07-11 10:00:07:907 300 sec: 4619302 operations; 20902.41 current ops/sec; [INSERT AverageLatency(us)=12.01] [READ AverageLatency(us)=1045.5] 
2014-07-11 10:00:17:907 310 sec: 4777947 operations; 15864.5 current ops/sec; [INSERT AverageLatency(us)=16.35] [READ AverageLatency(us)=1376.4] 
2014-07-11 10:00:27:908 320 sec: 4984924 operations; 20695.63 current ops/sec; [INSERT AverageLatency(us)=12.59] [READ AverageLatency(us)=1050.93] 
2014-07-11 10:00:37:908 330 sec: 5192043 operations; 20711.9 current ops/sec; [INSERT AverageLatency(us)=11.89] [READ AverageLatency(us)=1052.37] 
2014-07-11 10:00:47:909 340 sec: 5403105 operations; 21104.09 current ops/sec; [INSERT AverageLatency(us)=11.96] [READ AverageLatency(us)=1031.78] 
2014-07-11 10:00:57:909 350 sec: 5610283 operations; 20717.8 current ops/sec; [INSERT AverageLatency(us)=12.75] [READ AverageLatency(us)=1052.3] 
2014-07-11 10:01:07:910 360 sec: 5780483 operations; 17020 current ops/sec; [INSERT AverageLatency(us)=15.16] [READ AverageLatency(us)=1285.28] 
2014-07-11 10:01:17:910 370 sec: 5993555 operations; 21305.07 current ops/sec; [INSERT AverageLatency(us)=12.08] [READ AverageLatency(us)=1022.45] 
2014-07-11 10:01:27:910 380 sec: 6207044 operations; 21348.9 current ops/sec; [INSERT AverageLatency(us)=12.14] [READ AverageLatency(us)=1021.96] 
2014-07-11 10:01:37:911 390 sec: 6420491 operations; 21342.57 current ops/sec; [INSERT AverageLatency(us)=12.82] [READ AverageLatency(us)=1021.61] 
2014-07-11 10:01:47:911 400 sec: 6604152 operations; 18366.1 current ops/sec; [INSERT AverageLatency(us)=14.33] [READ AverageLatency(us)=1192.15] 
2014-07-11 10:01:57:912 410 sec: 6787494 operations; 18332.37 current ops/sec; [INSERT AverageLatency(us)=13.88] [READ AverageLatency(us)=1196.77] 
2014-07-11 10:02:07:912 420 sec: 6999846 operations; 21235.2 current ops/sec; [INSERT AverageLatency(us)=12.23] [READ AverageLatency(us)=1031.56] 
2014-07-11 10:02:17:928 430 sec: 7205711 operations; 20553.61 current ops/sec; [INSERT AverageLatency(us)=13.99] [READ AverageLatency(us)=1068.4] 
2014-07-11 10:02:27:929 440 sec: 7411657 operations; 20592.54 current ops/sec; [INSERT AverageLatency(us)=12.66] [READ AverageLatency(us)=1064.7] 
2014-07-11 10:02:37:929 450 sec: 7573463 operations; 16180.6 current ops/sec; [INSERT AverageLatency(us)=15.53] [READ AverageLatency(us)=1358.62] 
2014-07-11 10:02:47:930 460 sec: 7774330 operations; 20084.69 current ops/sec; [INSERT AverageLatency(us)=12.24] [READ AverageLatency(us)=1093.56] 
2014-07-11 10:02:57:930 470 sec: 7966851 operations; 19252.1 current ops/sec; [INSERT AverageLatency(us)=12.46] [READ AverageLatency(us)=1141.26] 
2014-07-11 10:03:07:931 480 sec: 8157658 operations; 19078.79 current ops/sec; [INSERT AverageLatency(us)=12.2] [READ AverageLatency(us)=1151.37] 
2014-07-11 10:03:17:931 490 sec: 8345480 operations; 18782.2 current ops/sec; [INSERT AverageLatency(us)=12.33] [READ AverageLatency(us)=1171.76] 
2014-07-11 10:03:27:932 500 sec: 8494921 operations; 14942.61 current ops/sec; [INSERT AverageLatency(us)=16.66] [READ AverageLatency(us)=1469.76] 
2014-07-11 10:03:37:932 510 sec: 8645089 operations; 15016.8 current ops/sec; [INSERT AverageLatency(us)=13.22] [READ AverageLatency(us)=1467.52] 
2014-07-11 10:03:47:933 520 sec: 8826345 operations; 18123.79 current ops/sec; [INSERT AverageLatency(us)=12.17] [READ AverageLatency(us)=1213.59] 
2014-07-11 10:03:57:933 530 sec: 9019730 operations; 19338.5 current ops/sec; [INSERT AverageLatency(us)=12.67] [READ AverageLatency(us)=1136.38] 
2014-07-11 10:04:07:934 540 sec: 9219632 operations; 19988.2 current ops/sec; [INSERT AverageLatency(us)=12.81] [READ AverageLatency(us)=1099.86] 
2014-07-11 10:04:17:934 550 sec: 9395700 operations; 17606.8 current ops/sec; [INSERT AverageLatency(us)=13.36] [READ AverageLatency(us)=1250.1] 
2014-07-11 10:04:27:935 560 sec: 9564699 operations; 16898.21 current ops/sec; [INSERT AverageLatency(us)=14.31] [READ AverageLatency(us)=1300.84] 
2014-07-11 10:04:37:935 570 sec: 9761058 operations; 19635.9 current ops/sec; [INSERT AverageLatency(us)=13.18] [READ AverageLatency(us)=1119.78] 
2014-07-11 10:04:47:936 580 sec: 9961815 operations; 20073.69 current ops/sec; [INSERT AverageLatency(us)=12.12] [READ AverageLatency(us)=1096.45] 
2014-07-11 10:04:57:936 590 sec: 10162982 operations; 20116.7 current ops/sec; [INSERT AverageLatency(us)=12.22] [READ AverageLatency(us)=1093.62] 
2014-07-11 10:05:07:937 600 sec: 10338784 operations; 17578.44 current ops/sec; [INSERT AverageLatency(us)=13.54] [READ AverageLatency(us)=1249.61] 
2014-07-11 10:05:17:937 610 sec: 10503288 operations; 16450.4 current ops/sec; [INSERT AverageLatency(us)=14.75] [READ AverageLatency(us)=1341.68] 
2014-07-11 10:05:27:938 620 sec: 10699526 operations; 19621.84 current ops/sec; [INSERT AverageLatency(us)=12.65] [READ AverageLatency(us)=1119.79] 
2014-07-11 10:05:37:938 630 sec: 10898243 operations; 19871.7 current ops/sec; [INSERT AverageLatency(us)=12.5] [READ AverageLatency(us)=1106.76] 
2014-07-11 10:05:47:939 640 sec: 11097746 operations; 19948.31 current ops/sec; [INSERT AverageLatency(us)=12.99] [READ AverageLatency(us)=1102.1] 
2014-07-11 10:05:57:939 650 sec: 11273756 operations; 17601 current ops/sec; [INSERT AverageLatency(us)=14.9] [READ AverageLatency(us)=1250.64] 
2014-07-11 10:06:07:940 660 sec: 11447044 operations; 17327.07 current ops/sec; [INSERT AverageLatency(us)=15.26] [READ AverageLatency(us)=1271.28] 
2014-07-11 10:06:17:940 670 sec: 11645671 operations; 19862.7 current ops/sec; [INSERT AverageLatency(us)=12.5] [READ AverageLatency(us)=1105.59] 
2014-07-11 10:06:27:941 680 sec: 11846179 operations; 20048.8 current ops/sec; [INSERT AverageLatency(us)=12.54] [READ AverageLatency(us)=1096.45] 
2014-07-11 10:06:37:941 690 sec: 12044635 operations; 19845.6 current ops/sec; [INSERT AverageLatency(us)=12.53] [READ AverageLatency(us)=1109.14] 
2014-07-11 10:06:47:942 700 sec: 12220985 operations; 17633.24 current ops/sec; [INSERT AverageLatency(us)=15.64] [READ AverageLatency(us)=1248.63] 
2014-07-11 10:06:57:942 710 sec: 12386009 operations; 16502.4 current ops/sec; [INSERT AverageLatency(us)=13.8] [READ AverageLatency(us)=1335.9] 
2014-07-11 10:07:07:943 720 sec: 12586787 operations; 20075.79 current ops/sec; [INSERT AverageLatency(us)=12.39] [READ AverageLatency(us)=1095.86] 
2014-07-11 10:07:17:943 730 sec: 12789537 operations; 20275 current ops/sec; [INSERT AverageLatency(us)=12.02] [READ AverageLatency(us)=1085.83] 
2014-07-11 10:07:27:944 740 sec: 12985419 operations; 19586.24 current ops/sec; [INSERT AverageLatency(us)=12.1] [READ AverageLatency(us)=1119.89] 
2014-07-11 10:07:37:944 750 sec: 13157747 operations; 17232.8 current ops/sec; [INSERT AverageLatency(us)=14.04] [READ AverageLatency(us)=1280.46] 
2014-07-11 10:07:47:945 760 sec: 13337758 operations; 17999.3 current ops/sec; [INSERT AverageLatency(us)=13.8] [READ AverageLatency(us)=1223.39] 
2014-07-11 10:07:57:946 770 sec: 13538808 operations; 20102.99 current ops/sec; [INSERT AverageLatency(us)=13.02] [READ AverageLatency(us)=1095] 
2014-07-11 10:08:07:946 780 sec: 13739805 operations; 20099.7 current ops/sec; [INSERT AverageLatency(us)=12.34] [READ AverageLatency(us)=1093.61] 
2014-07-11 10:08:17:947 790 sec: 13938837 operations; 19901.21 current ops/sec; [INSERT AverageLatency(us)=19.31] [READ AverageLatency(us)=1105.57] 
2014-07-11 10:08:27:947 800 sec: 14115392 operations; 17655.5 current ops/sec; [INSERT AverageLatency(us)=14.39] [READ AverageLatency(us)=1248.89] 
2014-07-11 10:08:37:948 810 sec: 14293714 operations; 17830.42 current ops/sec; [INSERT AverageLatency(us)=15.38] [READ AverageLatency(us)=1238.37] 
2014-07-11 10:08:47:949 820 sec: 14496985 operations; 20325.07 current ops/sec; [INSERT AverageLatency(us)=12.08] [READ AverageLatency(us)=1084.65] 
2014-07-11 10:08:57:949 830 sec: 14687053 operations; 19006.8 current ops/sec; [INSERT AverageLatency(us)=12.08] [READ AverageLatency(us)=1157.91] 
2014-07-11 10:09:07:950 840 sec: 14871443 operations; 18437.16 current ops/sec; [INSERT AverageLatency(us)=13.37] [READ AverageLatency(us)=1194.49] 
2014-07-11 10:09:17:950 850 sec: 15038308 operations; 16686.5 current ops/sec; [INSERT AverageLatency(us)=14.86] [READ AverageLatency(us)=1322.29] 
2014-07-11 10:09:27:951 860 sec: 15210247 operations; 17192.18 current ops/sec; [INSERT AverageLatency(us)=15.5] [READ AverageLatency(us)=1281.92] 
2014-07-11 10:09:37:951 870 sec: 15408708 operations; 19846.1 current ops/sec; [INSERT AverageLatency(us)=12.03] [READ AverageLatency(us)=1109.43] 
2014-07-11 10:09:47:952 880 sec: 15609582 operations; 20085.39 current ops/sec; [INSERT AverageLatency(us)=12.1] [READ AverageLatency(us)=1097.54] 
2014-07-11 10:09:57:952 890 sec: 15807658 operations; 19807.6 current ops/sec; [INSERT AverageLatency(us)=13.12] [READ AverageLatency(us)=1111.56] 
2014-07-11 10:10:07:953 900 sec: 15986488 operations; 17881.21 current ops/sec; [INSERT AverageLatency(us)=14.25] [READ AverageLatency(us)=1228.73] 
2014-07-11 10:10:17:953 910 sec: 16140337 operations; 15384.9 current ops/sec; [INSERT AverageLatency(us)=14.41] [READ AverageLatency(us)=1437.26] 
2014-07-11 10:10:27:954 920 sec: 16331640 operations; 19128.39 current ops/sec; [INSERT AverageLatency(us)=12.46] [READ AverageLatency(us)=1151.98] 
2014-07-11 10:10:37:954 930 sec: 16525464 operations; 19382.4 current ops/sec; [INSERT AverageLatency(us)=12.17] [READ AverageLatency(us)=1136.5] 
2014-07-11 10:10:47:955 940 sec: 16723151 operations; 19766.72 current ops/sec; [INSERT AverageLatency(us)=12.66] [READ AverageLatency(us)=1114.93] 
2014-07-11 10:10:57:966 950 sec: 16906117 operations; 18276.5 current ops/sec; [INSERT AverageLatency(us)=13] [READ AverageLatency(us)=1206.64] 
2014-07-11 10:11:07:967 960 sec: 17053803 operations; 14767.12 current ops/sec; [INSERT AverageLatency(us)=14.57] [READ AverageLatency(us)=1494.24] 
2014-07-11 10:11:17:967 970 sec: 17243669 operations; 18986.6 current ops/sec; [INSERT AverageLatency(us)=12.06] [READ AverageLatency(us)=1161.03] 
2014-07-11 10:11:27:968 980 sec: 17441108 operations; 19741.93 current ops/sec; [INSERT AverageLatency(us)=12.17] [READ AverageLatency(us)=1116.02] 
2014-07-11 10:11:37:968 990 sec: 17638629 operations; 19752.1 current ops/sec; [INSERT AverageLatency(us)=12.23] [READ AverageLatency(us)=1113.71] 
2014-07-11 10:11:47:969 1000 sec: 17830832 operations; 19218.38 current ops/sec; [INSERT AverageLatency(us)=12.87] [READ AverageLatency(us)=1148.15] 
2014-07-11 10:11:57:969 1010 sec: 17992550 operations; 16171.8 current ops/sec; [INSERT AverageLatency(us)=16.19] [READ AverageLatency(us)=1364.57] 
2014-07-11 10:12:07:970 1020 sec: 18193898 operations; 20132.79 current ops/sec; [INSERT AverageLatency(us)=12.02] [READ AverageLatency(us)=1094.58] 
2014-07-11 10:12:17:970 1030 sec: 18393039 operations; 19914.1 current ops/sec; [INSERT AverageLatency(us)=12.65] [READ AverageLatency(us)=1105.93] 
2014-07-11 10:12:27:971 1040 sec: 18590189 operations; 19713.03 current ops/sec; [INSERT AverageLatency(us)=12.46] [READ AverageLatency(us)=1117.74] 
2014-07-11 10:12:37:971 1050 sec: 18780095 operations; 18990.6 current ops/sec; [INSERT AverageLatency(us)=14.12] [READ AverageLatency(us)=1161.04] 
2014-07-11 10:12:47:972 1060 sec: 18941945 operations; 16183.38 current ops/sec; [INSERT AverageLatency(us)=15.73] [READ AverageLatency(us)=1361.33] 
2014-07-11 10:12:57:972 1070 sec: 19137195 operations; 19525 current ops/sec; [INSERT AverageLatency(us)=11.97] [READ AverageLatency(us)=1129.74] 
2014-07-11 10:13:07:973 1080 sec: 19338852 operations; 20163.68 current ops/sec; [INSERT AverageLatency(us)=12.39] [READ AverageLatency(us)=1091.66] 
2014-07-11 10:13:17:973 1090 sec: 19537152 operations; 19830 current ops/sec; [INSERT AverageLatency(us)=12.3] [READ AverageLatency(us)=1111.27] 
2014-07-11 10:13:27:974 1100 sec: 19724048 operations; 18687.73 current ops/sec; [INSERT AverageLatency(us)=13.43] [READ AverageLatency(us)=1174.35] 
2014-07-11 10:13:37:974 1110 sec: 19891152 operations; 16710.4 current ops/sec; [INSERT AverageLatency(us)=16.64] [READ AverageLatency(us)=1326.09] 
2014-07-11 10:13:47:975 1120 sec: 20080705 operations; 18953.4 current ops/sec; [INSERT AverageLatency(us)=13.28] [READ AverageLatency(us)=1162.51] 
2014-07-11 10:13:57:975 1130 sec: 20264396 operations; 18369.1 current ops/sec; [INSERT AverageLatency(us)=13.08] [READ AverageLatency(us)=1200.67] 
2014-07-11 10:14:07:976 1140 sec: 20466877 operations; 20246.08 current ops/sec; [INSERT AverageLatency(us)=12.4] [READ AverageLatency(us)=1088.43] 
2014-07-11 10:14:17:976 1150 sec: 20657652 operations; 19077.5 current ops/sec; [INSERT AverageLatency(us)=15.4] [READ AverageLatency(us)=1155.9] 
2014-07-11 10:14:27:977 1160 sec: 20813322 operations; 15565.44 current ops/sec; [INSERT AverageLatency(us)=14.43] [READ AverageLatency(us)=1419.78] 
2014-07-11 10:14:37:977 1170 sec: 21011712 operations; 19839 current ops/sec; [INSERT AverageLatency(us)=12.16] [READ AverageLatency(us)=1109.61] 
2014-07-11 10:14:47:978 1180 sec: 21213284 operations; 20155.18 current ops/sec; [INSERT AverageLatency(us)=12.24] [READ AverageLatency(us)=1091.41] 
2014-07-11 10:14:57:978 1190 sec: 21414201 operations; 20091.7 current ops/sec; [INSERT AverageLatency(us)=12.87] [READ AverageLatency(us)=1097.07] 
2014-07-11 10:15:07:979 1200 sec: 21599367 operations; 18514.75 current ops/sec; [INSERT AverageLatency(us)=13.24] [READ AverageLatency(us)=1190.17] 
2014-07-11 10:15:17:979 1210 sec: 21764640 operations; 16527.3 current ops/sec; [INSERT AverageLatency(us)=15.49] [READ AverageLatency(us)=1336.96] 
2014-07-11 10:15:27:980 1220 sec: 21965017 operations; 20035.7 current ops/sec; [INSERT AverageLatency(us)=12.19] [READ AverageLatency(us)=1099.69] 
2014-07-11 10:15:37:980 1230 sec: 22166916 operations; 20189.9 current ops/sec; [INSERT AverageLatency(us)=12] [READ AverageLatency(us)=1094.4] 
2014-07-11 10:15:47:981 1240 sec: 22369974 operations; 20303.77 current ops/sec; [INSERT AverageLatency(us)=12.01] [READ AverageLatency(us)=1085.45] 
2014-07-11 10:15:57:981 1250 sec: 22547738 operations; 17776.4 current ops/sec; [INSERT AverageLatency(us)=14.52] [READ AverageLatency(us)=1240.99] 
2014-07-11 10:16:07:982 1260 sec: 22719798 operations; 17204.28 current ops/sec; [INSERT AverageLatency(us)=15.31] [READ AverageLatency(us)=1284.65] 
2014-07-11 10:16:17:982 1270 sec: 22919251 operations; 19945.3 current ops/sec; [INSERT AverageLatency(us)=12.17] [READ AverageLatency(us)=1106.33] 
2014-07-11 10:16:27:983 1280 sec: 23117877 operations; 19860.61 current ops/sec; [INSERT AverageLatency(us)=11.95] [READ AverageLatency(us)=1110.85] 
2014-07-11 10:16:37:983 1290 sec: 23317403 operations; 19952.6 current ops/sec; [INSERT AverageLatency(us)=12.09] [READ AverageLatency(us)=1104.88] 
2014-07-11 10:16:47:984 1300 sec: 23494044 operations; 17662.33 current ops/sec; [INSERT AverageLatency(us)=13.1] [READ AverageLatency(us)=1246.15] 
2014-07-11 10:16:57:984 1310 sec: 23652647 operations; 15860.3 current ops/sec; [INSERT AverageLatency(us)=15.89] [READ AverageLatency(us)=1395.37] 
2014-07-11 10:17:07:985 1320 sec: 23823422 operations; 17075.79 current ops/sec; [INSERT AverageLatency(us)=13.05] [READ AverageLatency(us)=1292.85] 
2014-07-11 10:17:17:985 1330 sec: 24014522 operations; 19110 current ops/sec; [INSERT AverageLatency(us)=12.4] [READ AverageLatency(us)=1153.39] 
2014-07-11 10:17:27:986 1340 sec: 24192994 operations; 17845.42 current ops/sec; [INSERT AverageLatency(us)=12.48] [READ AverageLatency(us)=1235.46] 
2014-07-11 10:17:37:986 1350 sec: 24367514 operations; 17452 current ops/sec; [INSERT AverageLatency(us)=13.12] [READ AverageLatency(us)=1264.55] 
2014-07-11 10:17:47:987 1360 sec: 24500939 operations; 13341.17 current ops/sec; [INSERT AverageLatency(us)=15.8] [READ AverageLatency(us)=1656.08] 
2014-07-11 10:17:57:987 1370 sec: 24639203 operations; 13826.4 current ops/sec; [INSERT AverageLatency(us)=13.56] [READ AverageLatency(us)=1599.06] 
2014-07-11 10:18:07:988 1380 sec: 24812824 operations; 17360.36 current ops/sec; [INSERT AverageLatency(us)=12.15] [READ AverageLatency(us)=1271.02] 
2014-07-11 10:18:17:988 1390 sec: 24977866 operations; 16504.2 current ops/sec; [INSERT AverageLatency(us)=11.91] [READ AverageLatency(us)=1339.85] 
2014-07-11 10:18:27:989 1400 sec: 25163799 operations; 18591.44 current ops/sec; [INSERT AverageLatency(us)=13.47] [READ AverageLatency(us)=1187.27] 
2014-07-11 10:18:37:989 1410 sec: 25337038 operations; 17323.9 current ops/sec; [INSERT AverageLatency(us)=13.58] [READ AverageLatency(us)=1274.2] 
2014-07-11 10:18:47:990 1420 sec: 25479242 operations; 14218.98 current ops/sec; [INSERT AverageLatency(us)=15.19] [READ AverageLatency(us)=1555.49] 
2014-07-11 10:18:57:990 1430 sec: 25664968 operations; 18572.6 current ops/sec; [INSERT AverageLatency(us)=12.69] [READ AverageLatency(us)=1188.26] 
2014-07-11 10:19:07:991 1440 sec: 25854742 operations; 18975.5 current ops/sec; [INSERT AverageLatency(us)=12.41] [READ AverageLatency(us)=1161.23] 
2014-07-11 10:19:17:991 1450 sec: 26051313 operations; 19657.1 current ops/sec; [INSERT AverageLatency(us)=12.23] [READ AverageLatency(us)=1123.57] 
2014-07-11 10:19:27:993 1460 sec: 26232643 operations; 18129.37 current ops/sec; [INSERT AverageLatency(us)=13.34] [READ AverageLatency(us)=1216.45] 
2014-07-11 10:19:37:994 1470 sec: 26386023 operations; 15336.47 current ops/sec; [INSERT AverageLatency(us)=16.93] [READ AverageLatency(us)=1439.43] 
2014-07-11 10:19:47:994 1480 sec: 26569726 operations; 18370.3 current ops/sec; [INSERT AverageLatency(us)=14.33] [READ AverageLatency(us)=1200.28] 
2014-07-11 10:19:57:995 1490 sec: 26769986 operations; 20024 current ops/sec; [INSERT AverageLatency(us)=12.17] [READ AverageLatency(us)=1102.53] 
2014-07-11 10:20:07:995 1500 sec: 26970547 operations; 20056.1 current ops/sec; [INSERT AverageLatency(us)=12.14] [READ AverageLatency(us)=1099.46] 
2014-07-11 10:20:17:996 1510 sec: 27153520 operations; 18295.47 current ops/sec; [INSERT AverageLatency(us)=12.89] [READ AverageLatency(us)=1206.29] 
2014-07-11 10:20:27:996 1520 sec: 27299157 operations; 14563.7 current ops/sec; [INSERT AverageLatency(us)=15.7] [READ AverageLatency(us)=1517.67] 
2014-07-11 10:20:37:997 1530 sec: 27463580 operations; 16440.66 current ops/sec; [INSERT AverageLatency(us)=15.06] [READ AverageLatency(us)=1342.24] 
2014-07-11 10:20:47:997 1540 sec: 27661127 operations; 19754.7 current ops/sec; [INSERT AverageLatency(us)=12.76] [READ AverageLatency(us)=1117.29] 
2014-07-11 10:20:57:998 1550 sec: 27848467 operations; 18732.13 current ops/sec; [INSERT AverageLatency(us)=12.78] [READ AverageLatency(us)=1178.19] 
2014-07-11 10:21:07:998 1560 sec: 28042839 operations; 19437.2 current ops/sec; [INSERT AverageLatency(us)=12.72] [READ AverageLatency(us)=1135.36] 
2014-07-11 10:21:17:999 1570 sec: 28220094 operations; 17723.73 current ops/sec; [INSERT AverageLatency(us)=14.8] [READ AverageLatency(us)=1245.97] 
2014-07-11 10:21:28:000 1580 sec: 28382224 operations; 16211.38 current ops/sec; [INSERT AverageLatency(us)=13.89] [READ AverageLatency(us)=1364.3] 
2014-07-11 10:21:38:000 1590 sec: 28586587 operations; 20436.3 current ops/sec; [INSERT AverageLatency(us)=12.12] [READ AverageLatency(us)=1081.04] 
2014-07-11 10:21:48:001 1600 sec: 28791320 operations; 20471.25 current ops/sec; [INSERT AverageLatency(us)=12.83] [READ AverageLatency(us)=1078.09] 
2014-07-11 10:21:58:001 1610 sec: 28989009 operations; 19768.9 current ops/sec; [INSERT AverageLatency(us)=12.93] [READ AverageLatency(us)=1116.53] 
2014-07-11 10:22:08:002 1620 sec: 29168816 operations; 17978.9 current ops/sec; [INSERT AverageLatency(us)=13.67] [READ AverageLatency(us)=1227.72] 
2014-07-11 10:22:18:002 1630 sec: 29343729 operations; 17491.3 current ops/sec; [INSERT AverageLatency(us)=13.85] [READ AverageLatency(us)=1263.25] 
2014-07-11 10:22:28:003 1640 sec: 29542483 operations; 19873.41 current ops/sec; [INSERT AverageLatency(us)=12.6] [READ AverageLatency(us)=1111.18] 
2014-07-11 10:22:38:003 1650 sec: 29741725 operations; 19924.2 current ops/sec; [INSERT AverageLatency(us)=13.02] [READ AverageLatency(us)=1107.58] 
2014-07-11 10:22:48:004 1660 sec: 29932181 operations; 19043.7 current ops/sec; [INSERT AverageLatency(us)=12.58] [READ AverageLatency(us)=1150.73] 
2014-07-11 10:22:58:004 1670 sec: 30107762 operations; 17558.1 current ops/sec; [INSERT AverageLatency(us)=14.13] [READ AverageLatency(us)=1267.31] 
2014-07-11 10:23:08:005 1680 sec: 30277692 operations; 16991.3 current ops/sec; [INSERT AverageLatency(us)=13.6] [READ AverageLatency(us)=1298.9] 
2014-07-11 10:23:18:005 1690 sec: 30472497 operations; 19480.5 current ops/sec; [INSERT AverageLatency(us)=12.97] [READ AverageLatency(us)=1135.04] 
2014-07-11 10:23:28:006 1700 sec: 30670511 operations; 19799.42 current ops/sec; [INSERT AverageLatency(us)=12.71] [READ AverageLatency(us)=1114.07] 
2014-07-11 10:23:38:006 1710 sec: 30862054 operations; 19154.3 current ops/sec; [INSERT AverageLatency(us)=12.15] [READ AverageLatency(us)=1153.57] 
2014-07-11 10:23:48:007 1720 sec: 31031149 operations; 16907.81 current ops/sec; [INSERT AverageLatency(us)=13.42] [READ AverageLatency(us)=1307.42] 
2014-07-11 10:23:58:007 1730 sec: 31204441 operations; 17329.2 current ops/sec; [INSERT AverageLatency(us)=13.95] [READ AverageLatency(us)=1275.2] 
2014-07-11 10:24:08:008 1740 sec: 31394427 operations; 18996.7 current ops/sec; [INSERT AverageLatency(us)=12.3] [READ AverageLatency(us)=1159.96] 
2014-07-11 10:24:18:008 1750 sec: 31586454 operations; 19202.7 current ops/sec; [INSERT AverageLatency(us)=12.51] [READ AverageLatency(us)=1147.66] 
2014-07-11 10:24:28:009 1760 sec: 31776576 operations; 19010.3 current ops/sec; [INSERT AverageLatency(us)=12.42] [READ AverageLatency(us)=1163.76] 
2014-07-11 10:24:38:009 1770 sec: 31947275 operations; 17069.9 current ops/sec; [INSERT AverageLatency(us)=13.78] [READ AverageLatency(us)=1295.07] 
2014-07-11 10:24:48:010 1780 sec: 32097388 operations; 15009.8 current ops/sec; [INSERT AverageLatency(us)=14.56] [READ AverageLatency(us)=1473.73] 
2014-07-11 10:24:58:010 1790 sec: 32273424 operations; 17603.6 current ops/sec; [INSERT AverageLatency(us)=12.51] [READ AverageLatency(us)=1256.56] 
2014-07-11 10:25:08:012 1800 sec: 32457430 operations; 18396.92 current ops/sec; [INSERT AverageLatency(us)=12.81] [READ AverageLatency(us)=1198.4] 
2014-07-11 10:25:18:012 1810 sec: 32645721 operations; 18829.1 current ops/sec; [INSERT AverageLatency(us)=13.04] [READ AverageLatency(us)=1174.32] 
2014-07-11 10:25:28:013 1820 sec: 32814950 operations; 16921.21 current ops/sec; [INSERT AverageLatency(us)=13.69] [READ AverageLatency(us)=1306.28] 
2014-07-11 10:25:38:013 1830 sec: 32975318 operations; 16036.8 current ops/sec; [INSERT AverageLatency(us)=17.12] [READ AverageLatency(us)=1378.25] 
2014-07-11 10:25:48:014 1840 sec: 33155932 operations; 18059.59 current ops/sec; [INSERT AverageLatency(us)=13.32] [READ AverageLatency(us)=1223.08] 
2014-07-11 10:25:58:014 1850 sec: 33348653 operations; 19272.1 current ops/sec; [INSERT AverageLatency(us)=12.3] [READ AverageLatency(us)=1145.03] 
2014-07-11 10:26:08:015 1860 sec: 33542721 operations; 19404.86 current ops/sec; [INSERT AverageLatency(us)=12.12] [READ AverageLatency(us)=1138.37] 
2014-07-11 10:26:18:015 1870 sec: 33724285 operations; 18156.4 current ops/sec; [INSERT AverageLatency(us)=12.8] [READ AverageLatency(us)=1172.33] 
2014-07-11 10:26:28:016 1880 sec: 33888940 operations; 16463.85 current ops/sec; [INSERT AverageLatency(us)=15.53] [READ AverageLatency(us)=1342.14] 
2014-07-11 10:26:38:016 1890 sec: 34065515 operations; 17657.5 current ops/sec; [INSERT AverageLatency(us)=13.51] [READ AverageLatency(us)=1257.82] 
2014-07-11 10:26:48:017 1900 sec: 34262051 operations; 19651.63 current ops/sec; [INSERT AverageLatency(us)=11.93] [READ AverageLatency(us)=1123.33] 
2014-07-11 10:26:58:017 1910 sec: 34457077 operations; 19502.6 current ops/sec; [INSERT AverageLatency(us)=12.03] [READ AverageLatency(us)=1131.01] 
2014-07-11 10:27:08:018 1920 sec: 34639265 operations; 18216.98 current ops/sec; [INSERT AverageLatency(us)=12.65] [READ AverageLatency(us)=1214.65] 
2014-07-11 10:27:18:018 1930 sec: 34813576 operations; 17431.1 current ops/sec; [INSERT AverageLatency(us)=14.99] [READ AverageLatency(us)=1258.45] 
2014-07-11 10:27:28:019 1940 sec: 34986291 operations; 17269.77 current ops/sec; [INSERT AverageLatency(us)=14.13] [READ AverageLatency(us)=1288.28] 
2014-07-11 10:27:38:019 1950 sec: 35182073 operations; 19578.2 current ops/sec; [INSERT AverageLatency(us)=12.35] [READ AverageLatency(us)=1128.14] 
2014-07-11 10:27:48:020 1960 sec: 35381360 operations; 19926.71 current ops/sec; [INSERT AverageLatency(us)=12.78] [READ AverageLatency(us)=1105.28] 
2014-07-11 10:27:58:025 1970 sec: 35575875 operations; 19441.78 current ops/sec; [INSERT AverageLatency(us)=12.73] [READ AverageLatency(us)=1135.94] 
2014-07-11 10:28:08:025 1980 sec: 35744397 operations; 16852.2 current ops/sec; [INSERT AverageLatency(us)=13.8] [READ AverageLatency(us)=1311.37] 
2014-07-11 10:28:18:026 1990 sec: 35905054 operations; 16064.09 current ops/sec; [INSERT AverageLatency(us)=13.96] [READ AverageLatency(us)=1376.55] 
2014-07-11 10:28:28:027 2000 sec: 36104845 operations; 19977.1 current ops/sec; [INSERT AverageLatency(us)=12.61] [READ AverageLatency(us)=1105.22] 
2014-07-11 10:28:38:027 2010 sec: 36301416 operations; 19657.1 current ops/sec; [INSERT AverageLatency(us)=12.43] [READ AverageLatency(us)=1125.46] 
2014-07-11 10:28:48:028 2020 sec: 36492367 operations; 19093.19 current ops/sec; [INSERT AverageLatency(us)=12.67] [READ AverageLatency(us)=1154.42] 
2014-07-11 10:28:58:028 2030 sec: 36667375 operations; 17500.8 current ops/sec; [INSERT AverageLatency(us)=14.37] [READ AverageLatency(us)=1263.99] 
2014-07-11 10:29:08:029 2040 sec: 36828450 operations; 16105.89 current ops/sec; [INSERT AverageLatency(us)=14.57] [READ AverageLatency(us)=1364.3] 
2014-07-11 10:29:18:029 2050 sec: 37016603 operations; 18815.3 current ops/sec; [INSERT AverageLatency(us)=12.1] [READ AverageLatency(us)=1180.06] 
2014-07-11 10:29:28:030 2060 sec: 37211818 operations; 19519.55 current ops/sec; [INSERT AverageLatency(us)=12.49] [READ AverageLatency(us)=1132.1] 
2014-07-11 10:29:38:031 2070 sec: 37395699 operations; 18386.26 current ops/sec; [INSERT AverageLatency(us)=13.63] [READ AverageLatency(us)=1200.48] 
2014-07-11 10:29:48:032 2080 sec: 37571594 operations; 17587.74 current ops/sec; [INSERT AverageLatency(us)=13.59] [READ AverageLatency(us)=1253.04] 
2014-07-11 10:29:58:032 2090 sec: 37738917 operations; 16732.3 current ops/sec; [INSERT AverageLatency(us)=14.62] [READ AverageLatency(us)=1324.18] 
2014-07-11 10:30:08:033 2100 sec: 37934809 operations; 19587.24 current ops/sec; [INSERT AverageLatency(us)=12.34] [READ AverageLatency(us)=1127.75] 
2014-07-11 10:30:18:033 2110 sec: 38135280 operations; 20047.1 current ops/sec; [INSERT AverageLatency(us)=12.26] [READ AverageLatency(us)=1100.81] 
2014-07-11 10:30:28:034 2120 sec: 38332976 operations; 19767.62 current ops/sec; [INSERT AverageLatency(us)=13.42] [READ AverageLatency(us)=1116.61] 
2014-07-11 10:30:38:035 2130 sec: 38509760 operations; 17676.63 current ops/sec; [INSERT AverageLatency(us)=13.08] [READ AverageLatency(us)=1249.92] 
2014-07-11 10:30:48:036 2140 sec: 38677755 operations; 16797.82 current ops/sec; [INSERT AverageLatency(us)=14.52] [READ AverageLatency(us)=1316.16] 
2014-07-11 10:30:58:037 2150 sec: 38866915 operations; 18914.11 current ops/sec; [INSERT AverageLatency(us)=12.11] [READ AverageLatency(us)=1168.38] 
2014-07-11 10:31:08:037 2160 sec: 39065262 operations; 19834.7 current ops/sec; [INSERT AverageLatency(us)=11.99] [READ AverageLatency(us)=1113.95] 
2014-07-11 10:31:18:038 2170 sec: 39259832 operations; 19455.05 current ops/sec; [INSERT AverageLatency(us)=12.54] [READ AverageLatency(us)=1136.02] 
2014-07-11 10:31:28:039 2180 sec: 39433741 operations; 17389.16 current ops/sec; [INSERT AverageLatency(us)=14.29] [READ AverageLatency(us)=1269.67] 
2014-07-11 10:31:38:049 2190 sec: 39577070 operations; 14318.58 current ops/sec; [INSERT AverageLatency(us)=14.01] [READ AverageLatency(us)=1543.43] 
2014-07-11 10:31:48:050 2200 sec: 39743647 operations; 16656.03 current ops/sec; [INSERT AverageLatency(us)=12.63] [READ AverageLatency(us)=1325.97] 
2014-07-11 10:31:58:051 2210 sec: 39919392 operations; 17572.74 current ops/sec; [INSERT AverageLatency(us)=12.86] [READ AverageLatency(us)=1257.26] 
2014-07-11 10:32:08:051 2220 sec: 40104878 operations; 18548.6 current ops/sec; [INSERT AverageLatency(us)=13.32] [READ AverageLatency(us)=1191.31] 
2014-07-11 10:32:18:052 2230 sec: 40278672 operations; 17377.66 current ops/sec; [INSERT AverageLatency(us)=12.43] [READ AverageLatency(us)=1270.49] 
2014-07-11 10:32:28:053 2240 sec: 40439680 operations; 16099.19 current ops/sec; [INSERT AverageLatency(us)=15.23] [READ AverageLatency(us)=1371.98] 
2014-07-11 10:32:38:054 2250 sec: 40581616 operations; 14192.18 current ops/sec; [INSERT AverageLatency(us)=14.45] [READ AverageLatency(us)=1559.44] 
2014-07-11 10:32:48:054 2260 sec: 40773674 operations; 19205.8 current ops/sec; [INSERT AverageLatency(us)=11.98] [READ AverageLatency(us)=1151.11] 
2014-07-11 10:32:58:055 2270 sec: 40941846 operations; 16815.52 current ops/sec; [INSERT AverageLatency(us)=19.01] [READ AverageLatency(us)=1314.39] 
2014-07-11 10:33:08:056 2280 sec: 41116726 operations; 17486.25 current ops/sec; [INSERT AverageLatency(us)=12.17] [READ AverageLatency(us)=1264.35] 
2014-07-11 10:33:18:057 2290 sec: 41294110 operations; 17736.63 current ops/sec; [INSERT AverageLatency(us)=13.71] [READ AverageLatency(us)=1245.84] 
2014-07-11 10:33:28:058 2300 sec: 41455734 operations; 16160.78 current ops/sec; [INSERT AverageLatency(us)=14.65] [READ AverageLatency(us)=1366.93] 
2014-07-11 10:33:38:059 2310 sec: 41646596 operations; 19084.29 current ops/sec; [INSERT AverageLatency(us)=12.8] [READ AverageLatency(us)=1158.32] 
2014-07-11 10:33:48:059 2320 sec: 41843761 operations; 19716.5 current ops/sec; [INSERT AverageLatency(us)=12.5] [READ AverageLatency(us)=1121.21] 
2014-07-11 10:33:58:060 2330 sec: 42036686 operations; 19290.57 current ops/sec; [INSERT AverageLatency(us)=12.42] [READ AverageLatency(us)=1145] 
2014-07-11 10:34:08:061 2340 sec: 42209468 operations; 17276.47 current ops/sec; [INSERT AverageLatency(us)=13.3] [READ AverageLatency(us)=1279.63] 
2014-07-11 10:34:18:061 2350 sec: 42368837 operations; 15936.9 current ops/sec; [INSERT AverageLatency(us)=14.68] [READ AverageLatency(us)=1386.79] 
2014-07-11 10:34:28:062 2360 sec: 42557135 operations; 18827.92 current ops/sec; [INSERT AverageLatency(us)=13.61] [READ AverageLatency(us)=1174.16] 
2014-07-11 10:34:38:062 2370 sec: 42756946 operations; 19981.1 current ops/sec; [INSERT AverageLatency(us)=11.96] [READ AverageLatency(us)=1106.21] 
2014-07-11 10:34:48:063 2380 sec: 42949811 operations; 19284.57 current ops/sec; [INSERT AverageLatency(us)=20.1] [READ AverageLatency(us)=1145.38] 
2014-07-11 10:34:58:064 2390 sec: 43135368 operations; 18553.84 current ops/sec; [INSERT AverageLatency(us)=12.7] [READ AverageLatency(us)=1190.55] 
2014-07-11 10:35:08:064 2400 sec: 43302135 operations; 16676.7 current ops/sec; [INSERT AverageLatency(us)=14.96] [READ AverageLatency(us)=1320.59] 
2014-07-11 10:35:18:065 2410 sec: 43490568 operations; 18841.42 current ops/sec; [INSERT AverageLatency(us)=12.91] [READ AverageLatency(us)=1175.15] 
2014-07-11 10:35:28:065 2420 sec: 43688667 operations; 19809.9 current ops/sec; [INSERT AverageLatency(us)=12.06] [READ AverageLatency(us)=1115.43] 
2014-07-11 10:35:38:065 2430 sec: 43883324 operations; 19465.7 current ops/sec; [INSERT AverageLatency(us)=12.67] [READ AverageLatency(us)=1135.05] 
2014-07-11 10:35:48:066 2440 sec: 44069982 operations; 18663.93 current ops/sec; [INSERT AverageLatency(us)=12.8] [READ AverageLatency(us)=1184.28] 
2014-07-11 10:35:58:066 2450 sec: 44227036 operations; 15705.4 current ops/sec; [INSERT AverageLatency(us)=15.79] [READ AverageLatency(us)=1407.15] 
2014-07-11 10:36:08:071 2460 sec: 44406462 operations; 17933.63 current ops/sec; [INSERT AverageLatency(us)=13.87] [READ AverageLatency(us)=1231.24] 
2014-07-11 10:36:18:071 2470 sec: 44604739 operations; 19827.7 current ops/sec; [INSERT AverageLatency(us)=12.24] [READ AverageLatency(us)=1113.41] 
2014-07-11 10:36:28:072 2480 sec: 44796927 operations; 19218.8 current ops/sec; [INSERT AverageLatency(us)=12.66] [READ AverageLatency(us)=1148.45] 
2014-07-11 10:36:38:076 2490 sec: 44985874 operations; 18885.26 current ops/sec; [INSERT AverageLatency(us)=12.6] [READ AverageLatency(us)=1167.3] 
2014-07-11 10:36:48:076 2500 sec: 45158562 operations; 17268.8 current ops/sec; [INSERT AverageLatency(us)=15.34] [READ AverageLatency(us)=1284.53] 
2014-07-11 10:36:58:077 2510 sec: 45338333 operations; 17975.3 current ops/sec; [INSERT AverageLatency(us)=13.32] [READ AverageLatency(us)=1229.41] 
2014-07-11 10:37:08:077 2520 sec: 45537603 operations; 19927 current ops/sec; [INSERT AverageLatency(us)=12.19] [READ AverageLatency(us)=1109.1] 
2014-07-11 10:37:18:078 2530 sec: 45737084 operations; 19946.11 current ops/sec; [INSERT AverageLatency(us)=12.74] [READ AverageLatency(us)=1107.2] 
2014-07-11 10:37:28:078 2540 sec: 45926111 operations; 18902.7 current ops/sec; [INSERT AverageLatency(us)=12.58] [READ AverageLatency(us)=1167.99] 
2014-07-11 10:37:38:079 2550 sec: 46095012 operations; 16888.41 current ops/sec; [INSERT AverageLatency(us)=15.27] [READ AverageLatency(us)=1298.69] 
2014-07-11 10:37:48:079 2560 sec: 46270802 operations; 17579 current ops/sec; [INSERT AverageLatency(us)=12.96] [READ AverageLatency(us)=1266.45] 
2014-07-11 10:37:58:079 2570 sec: 46466386 operations; 19558.4 current ops/sec; [INSERT AverageLatency(us)=12.14] [READ AverageLatency(us)=1129.44] 
2014-07-11 10:38:08:080 2580 sec: 46656186 operations; 18978.1 current ops/sec; [INSERT AverageLatency(us)=13.13] [READ AverageLatency(us)=1164.34] 
2014-07-11 10:38:18:080 2590 sec: 46847494 operations; 19130.8 current ops/sec; [INSERT AverageLatency(us)=12.76] [READ AverageLatency(us)=1155.16] 
2014-07-11 10:38:28:081 2600 sec: 47020246 operations; 17273.47 current ops/sec; [INSERT AverageLatency(us)=15.02] [READ AverageLatency(us)=1279.99] 
2014-07-11 10:38:38:081 2610 sec: 47172300 operations; 15205.4 current ops/sec; [INSERT AverageLatency(us)=14.03] [READ AverageLatency(us)=1447.85] 
2014-07-11 10:38:48:082 2620 sec: 47351289 operations; 17897.11 current ops/sec; [INSERT AverageLatency(us)=12.4] [READ AverageLatency(us)=1238.19] 
2014-07-11 10:38:58:082 2630 sec: 47536979 operations; 18569 current ops/sec; [INSERT AverageLatency(us)=13.23] [READ AverageLatency(us)=1188.81] 
2014-07-11 10:39:08:083 2640 sec: 47717039 operations; 18006 current ops/sec; [INSERT AverageLatency(us)=12.65] [READ AverageLatency(us)=1228.13] 
2014-07-11 10:39:18:083 2650 sec: 47872560 operations; 15550.54 current ops/sec; [INSERT AverageLatency(us)=14.08] [READ AverageLatency(us)=1422.78] 
2014-07-11 10:39:28:083 2660 sec: 47962197 operations; 8963.7 current ops/sec; [INSERT AverageLatency(us)=17.93] [READ AverageLatency(us)=2464.72] 
2014-07-11 10:39:38:084 2670 sec: 48071815 operations; 10960.7 current ops/sec; [INSERT AverageLatency(us)=14.47] [READ AverageLatency(us)=2024.9] 
2014-07-11 10:39:48:084 2680 sec: 48217550 operations; 14573.5 current ops/sec; [INSERT AverageLatency(us)=12.39] [READ AverageLatency(us)=1516.87] 
2014-07-11 10:39:58:085 2690 sec: 48392304 operations; 17473.65 current ops/sec; [INSERT AverageLatency(us)=12.95] [READ AverageLatency(us)=1264.74] 
2014-07-11 10:40:08:085 2700 sec: 48555857 operations; 16355.3 current ops/sec; [INSERT AverageLatency(us)=12.58] [READ AverageLatency(us)=1350.96] 
2014-07-11 10:40:18:086 2710 sec: 48710733 operations; 15486.05 current ops/sec; [INSERT AverageLatency(us)=13.35] [READ AverageLatency(us)=1422.76] 
2014-07-11 10:40:28:086 2720 sec: 48856948 operations; 14621.5 current ops/sec; [INSERT AverageLatency(us)=14.85] [READ AverageLatency(us)=1518.97] 
2014-07-11 10:40:38:086 2730 sec: 48993285 operations; 13633.7 current ops/sec; [INSERT AverageLatency(us)=14.27] [READ AverageLatency(us)=1621.73] 
2014-07-11 10:40:48:087 2740 sec: 49144338 operations; 15103.79 current ops/sec; [INSERT AverageLatency(us)=12.54] [READ AverageLatency(us)=1464.99] 
2014-07-11 10:40:58:087 2750 sec: 49294891 operations; 15055.3 current ops/sec; [INSERT AverageLatency(us)=12.84] [READ AverageLatency(us)=1467.63] 
2014-07-11 10:41:08:088 2760 sec: 49410716 operations; 11581.34 current ops/sec; [INSERT AverageLatency(us)=13.52] [READ AverageLatency(us)=1912.52] 
2014-07-11 10:41:18:089 2770 sec: 49548819 operations; 13810.3 current ops/sec; [INSERT AverageLatency(us)=13.81] [READ AverageLatency(us)=1598.95] 
2014-07-11 10:41:28:089 2780 sec: 49683631 operations; 13479.85 current ops/sec; [INSERT AverageLatency(us)=13.5] [READ AverageLatency(us)=1644.64] 
2014-07-11 10:41:38:089 2790 sec: 49787264 operations; 10363.3 current ops/sec; [INSERT AverageLatency(us)=13.52] [READ AverageLatency(us)=2017.54] 
2014-07-11 10:41:48:090 2800 sec: 49819959 operations; 3269.17 current ops/sec; [INSERT AverageLatency(us)=13.11] [READ AverageLatency(us)=7152.23] 
2014-07-11 10:41:58:090 2810 sec: 49937736 operations; 11777.7 current ops/sec; [INSERT AverageLatency(us)=15.27] [READ AverageLatency(us)=1873.66] 
2014-07-11 10:42:07:473 2819 sec: 50000000 operations; 6635.83 current ops/sec; [UPDATE AverageLatency(us)=89327.25] [INSERT AverageLatency(us)=14.74] [READ AverageLatency(us)=1695.64] [CLEANUP AverageLatency(us)=89448.15] 
+ echo 'end time:'
end time:
++ date +%s
+ echo 1405100527
1405100527
+ echo 'sleeping for 10 sec ...'
sleeping for 10 sec ...
+ sleep 10
+ false
+ false
+ false
+ false
+ let counter=1+1
+ read line
+ set +x
