+ filename=case399
+ requestdistribution=
+ RESULT_DIR=/home/hadoop/git/physical_design/caseresult/case399
+ TEN=10
+ SIXTY=60
+ SLEEP_TIME=60
+ YCSB_DIR=/home/hadoop/ycsb-0.1.4
+ number_of_operations=25000000
+ number_of_threads=20
+ number_of_records=25000000
+ output_file_suffix=.dat
+ experiment_list_file=/home/hadoop/git/physical_design/case_dir/case399.list
+ clean=false
+ create=false
+ load=false
+ random_read=false
+ workloada=false
+ workloadb=false
+ workloadc=false
+ workloadc1=false
+ scan=false
+ all=false
+ for i in '$@'
+ '[' case399 == all ']'
+ '[' case399 == clean ']'
+ '[' case399 == create ']'
+ '[' case399 == load ']'
+ '[' case399 == random_read ']'
+ '[' case399 == scan ']'
+ '[' case399 == workloada ']'
+ '[' case399 == workloadb ']'
+ '[' case399 == workloadc ']'
+ '[' case399 == workloadc1 ']'
+ '[' case399 == zipfian ']'
+ '[' case399 == uniform ']'
+ for i in '$@'
+ '[' clean == all ']'
+ '[' clean == clean ']'
+ clean=true
+ for i in '$@'
+ '[' create == all ']'
+ '[' create == clean ']'
+ '[' create == create ']'
+ create=true
+ for i in '$@'
+ '[' workloadc == all ']'
+ '[' workloadc == clean ']'
+ '[' workloadc == create ']'
+ '[' workloadc == load ']'
+ '[' workloadc == random_read ']'
+ '[' workloadc == scan ']'
+ '[' workloadc == workloada ']'
+ '[' workloadc == workloadb ']'
+ '[' workloadc == workloadc ']'
+ workloadc=true
+ for i in '$@'
+ '[' zipfian == all ']'
+ '[' zipfian == clean ']'
+ '[' zipfian == create ']'
+ '[' zipfian == load ']'
+ '[' zipfian == random_read ']'
+ '[' zipfian == scan ']'
+ '[' zipfian == workloada ']'
+ '[' zipfian == workloadb ']'
+ '[' zipfian == workloadc ']'
+ '[' zipfian == workloadc1 ']'
+ '[' zipfian == zipfian ']'
+ requestdistribution=zipfian
+ let counter=1
+ cd /home/hadoop/ycsb-0.1.4
++ pwd
+ echo /home/hadoop/ycsb-0.1.4
/home/hadoop/ycsb-0.1.4
+ read line
+ false
+ true
+ echo 'sleeping for 60 ...'
sleeping for 60 ...
+ sleep 60
+ echo 'droping usertable...'
droping usertable...
+ ssh hadoop@slave1 /home/hadoop/hbase/bin/hbase-daemon.sh start regionserver
starting regionserver, logging to /home/hadoop/hbase/bin/../logs/hbase-hadoop-regionserver-sceplus-vm49.out
+ ssh hadoop@master /home/hadoop/hbase/bin/hbase shell /home/hadoop/git/physical_design/delete_table
2014-08-14 15:52:16,744 WARN  [main] util.NativeCodeLoader: Unable to load native-hadoop library for your platform... using builtin-java classes where applicable
0 row(s) in 3.1030 seconds

0 row(s) in 2.2960 seconds

0 row(s) in 0.1050 seconds

+ echo 'sleeping for 60 ...'
sleeping for 60 ...
+ sleep 60
+ false
+ true
+ echo 'creating usertable...'
creating usertable...
+ create_statement='create '\''usertable'\'', { NAME=>'\''family'\'', COMPRESSION=>'\''GZ'\''}, SPLITS => ['\''user1'\'', '\''user2'\'', '\''user3'\'', '\''user4'\'', '\''user5'\'', '\''user6'\'', '\''user7'\'', '\''user8'\'', '\''user9'\'']'
+ echo create ''\''usertable'\'',' '{' 'NAME=>'\''family'\'',' 'COMPRESSION=>'\''GZ'\''},' SPLITS '=>' '['\''user1'\'',' ''\''user2'\'',' ''\''user3'\'',' ''\''user4'\'',' ''\''user5'\'',' ''\''user6'\'',' ''\''user7'\'',' ''\''user8'\'',' ''\''user9'\'']'
+ echo 'exit '
+ scp /home/hadoop/git/physical_design/caseresult/case399/create_1.script hadoop@master:/home/hadoop/git/physical_design/caseresult/case399/create_1.script
+ create_table /home/hadoop/git/physical_design/caseresult/case399/create_1.script
+ echo 'creating table...'
creating table...
+ echo /home/hadoop/git/physical_design/caseresult/case399/create_1.script
/home/hadoop/git/physical_design/caseresult/case399/create_1.script
+ ssh hadoop@master /home/hadoop/hbase/bin/hbase shell /home/hadoop/git/physical_design/caseresult/case399/create_1.script
2014-08-14 15:53:29,445 WARN  [main] util.NativeCodeLoader: Unable to load native-hadoop library for your platform... using builtin-java classes where applicable
0 row(s) in 2.4710 seconds

+ echo 'sleeping for 10 sec ...'
sleeping for 10 sec ...
+ sleep 10
+ false
+ false
+ false
+ false
+ false
+ false
+ false
+ false
+ false
+ false
+ false
+ true
+ echo workloadc...
workloadc...
+ echo 'start time: '
start time: 
++ date +%s
+ echo 1408028355
1408028355
++ echo /home/hadoop/git/physical_design/caseresult/case399/workloadc_1.dat
+ ./workloadc 25000000 20 /home/hadoop/git/physical_design/caseresult/case399/workloadc_1.dat
Loading workload...
Starting test.
2014-08-14 07:59:15:523 0 sec: 0 operations; 
14/08/14 07:59:15 INFO zookeeper.ZooKeeper: Client environment:zookeeper.version=3.4.6-1569965, built on 02/20/2014 09:09 GMT
14/08/14 07:59:15 INFO zookeeper.ZooKeeper: Client environment:host.name=sceplus-vm43.almaden.ibm.com
14/08/14 07:59:15 INFO zookeeper.ZooKeeper: Client environment:java.version=1.6.0_31
14/08/14 07:59:15 INFO zookeeper.ZooKeeper: Client environment:java.vendor=Sun Microsystems Inc.
14/08/14 07:59:15 INFO zookeeper.ZooKeeper: Client environment:java.home=/usr/lib/jvm/java-6-openjdk-amd64/jre
14/08/14 07:59:15 INFO zookeeper.ZooKeeper: Client environment:java.class.path=/home/hadoop/ycsb-0.1.4/hbase-binding/lib/hbase-binding-0.1.4.jar:/home/hadoop/ycsb-0.1.4/hbase-binding/conf:/home/hadoop/ycsb-0.1.4/core/lib/core-0.1.4.jar:/home/hadoop/ycsb-0.1.4/jdbc-binding/conf
14/08/14 07:59:15 INFO zookeeper.ZooKeeper: Client environment:java.library.path=/usr/lib/jvm/java-6-openjdk-amd64/jre/lib/amd64/server:/usr/lib/jvm/java-6-openjdk-amd64/jre/lib/amd64:/usr/lib/jvm/java-6-openjdk-amd64/jre/../lib/amd64:/usr/java/packages/lib/amd64:/usr/lib/jni:/lib:/usr/lib
14/08/14 07:59:15 INFO zookeeper.ZooKeeper: Client environment:java.io.tmpdir=/tmp
14/08/14 07:59:15 INFO zookeeper.ZooKeeper: Client environment:java.compiler=<NA>
14/08/14 07:59:15 INFO zookeeper.ZooKeeper: Client environment:os.name=Linux
14/08/14 07:59:15 INFO zookeeper.ZooKeeper: Client environment:os.arch=amd64
14/08/14 07:59:15 INFO zookeeper.ZooKeeper: Client environment:os.version=3.13.0-24-generic
14/08/14 07:59:15 INFO zookeeper.ZooKeeper: Client environment:user.name=hadoop
14/08/14 07:59:15 INFO zookeeper.ZooKeeper: Client environment:user.home=/home/hadoop
14/08/14 07:59:15 INFO zookeeper.ZooKeeper: Client environment:user.dir=/home/hadoop/ycsb-0.1.4
14/08/14 07:59:15 INFO zookeeper.ZooKeeper: Initiating client connection, connectString=sceplus-vm49.almaden.ibm.com:2181,sceplus-vm48.almaden.ibm.com:2181 sessionTimeout=90000 watcher=hconnection-0x13f1d038, quorum=sceplus-vm49.almaden.ibm.com:2181,sceplus-vm48.almaden.ibm.com:2181, baseZNode=/hbase
14/08/14 07:59:15 INFO zookeeper.RecoverableZooKeeper: Process identifier=hconnection-0x13f1d038 connecting to ZooKeeper ensemble=sceplus-vm49.almaden.ibm.com:2181,sceplus-vm48.almaden.ibm.com:2181
14/08/14 07:59:15 INFO zookeeper.ClientCnxn: Opening socket connection to server slave1/9.1.143.59:2181. Will not attempt to authenticate using SASL (unknown error)
14/08/14 07:59:15 INFO zookeeper.ClientCnxn: Socket connection established to slave1/9.1.143.59:2181, initiating session
14/08/14 07:59:15 INFO zookeeper.ClientCnxn: Session establishment complete on server slave1/9.1.143.59:2181, sessionid = 0x147d6b79481000c, negotiated timeout = 90000
14/08/14 07:59:16 WARN util.DynamicClassLoader: Failed to identify the fs of dir hdfs://master:54310/hbase/lib, ignored
org.apache.hadoop.ipc.RemoteException: Server IPC version 9 cannot communicate with client version 4
	at org.apache.hadoop.ipc.Client.call(Client.java:1113)
	at org.apache.hadoop.ipc.RPC$Invoker.invoke(RPC.java:229)
	at com.sun.proxy.$Proxy5.getProtocolVersion(Unknown Source)
	at sun.reflect.NativeMethodAccessorImpl.invoke0(Native Method)
	at sun.reflect.NativeMethodAccessorImpl.invoke(NativeMethodAccessorImpl.java:57)
	at sun.reflect.DelegatingMethodAccessorImpl.invoke(DelegatingMethodAccessorImpl.java:43)
	at java.lang.reflect.Method.invoke(Method.java:622)
	at org.apache.hadoop.io.retry.RetryInvocationHandler.invokeMethod(RetryInvocationHandler.java:85)
	at org.apache.hadoop.io.retry.RetryInvocationHandler.invoke(RetryInvocationHandler.java:62)
	at com.sun.proxy.$Proxy5.getProtocolVersion(Unknown Source)
	at org.apache.hadoop.ipc.RPC.checkVersion(RPC.java:422)
	at org.apache.hadoop.hdfs.DFSClient.createNamenode(DFSClient.java:183)
	at org.apache.hadoop.hdfs.DFSClient.<init>(DFSClient.java:281)
	at org.apache.hadoop.hdfs.DFSClient.<init>(DFSClient.java:245)
	at org.apache.hadoop.hdfs.DistributedFileSystem.initialize(DistributedFileSystem.java:100)
	at org.apache.hadoop.fs.FileSystem.createFileSystem(FileSystem.java:1446)
	at org.apache.hadoop.fs.FileSystem.access$200(FileSystem.java:67)
	at org.apache.hadoop.fs.FileSystem$Cache.get(FileSystem.java:1464)
	at org.apache.hadoop.fs.FileSystem.get(FileSystem.java:263)
	at org.apache.hadoop.fs.Path.getFileSystem(Path.java:187)
	at org.apache.hadoop.hbase.util.DynamicClassLoader.<init>(DynamicClassLoader.java:104)
	at org.apache.hadoop.hbase.protobuf.ProtobufUtil.<clinit>(ProtobufUtil.java:202)
	at org.apache.hadoop.hbase.ClusterId.parseFrom(ClusterId.java:64)
	at org.apache.hadoop.hbase.zookeeper.ZKClusterId.readClusterIdZNode(ZKClusterId.java:69)
	at org.apache.hadoop.hbase.client.ZooKeeperRegistry.getClusterId(ZooKeeperRegistry.java:83)
	at org.apache.hadoop.hbase.client.HConnectionManager$HConnectionImplementation.retrieveClusterId(HConnectionManager.java:858)
	at org.apache.hadoop.hbase.client.HConnectionManager$HConnectionImplementation.<init>(HConnectionManager.java:663)
	at sun.reflect.NativeConstructorAccessorImpl.newInstance0(Native Method)
	at sun.reflect.NativeConstructorAccessorImpl.newInstance(NativeConstructorAccessorImpl.java:57)
	at sun.reflect.DelegatingConstructorAccessorImpl.newInstance(DelegatingConstructorAccessorImpl.java:45)
	at java.lang.reflect.Constructor.newInstance(Constructor.java:534)
	at org.apache.hadoop.hbase.client.HConnectionManager.createConnection(HConnectionManager.java:415)
	at org.apache.hadoop.hbase.client.HConnectionManager.createConnection(HConnectionManager.java:394)
	at org.apache.hadoop.hbase.client.HConnectionManager.getConnection(HConnectionManager.java:275)
	at org.apache.hadoop.hbase.client.HTable.<init>(HTable.java:197)
	at org.apache.hadoop.hbase.client.HTable.<init>(HTable.java:159)
	at com.yahoo.ycsb.db.HBaseClient.getHTable(HBaseClient.java:118)
	at com.yahoo.ycsb.db.HBaseClient.update(HBaseClient.java:302)
	at com.yahoo.ycsb.db.HBaseClient.insert(HBaseClient.java:357)
	at com.yahoo.ycsb.DBWrapper.insert(DBWrapper.java:148)
	at com.yahoo.ycsb.workloads.CoreWorkload.doTransactionInsert(CoreWorkload.java:639)
	at com.yahoo.ycsb.workloads.CoreWorkload.doTransaction(CoreWorkload.java:487)
	at com.yahoo.ycsb.ClientThread.run(Client.java:241)
2014-08-14 07:59:25:524 10 sec: 169316 operations; 16929.91 current ops/sec; [INSERT AverageLatency(us)=122.96] [READ AverageLatency(us)=5627.3] 
2014-08-14 07:59:35:525 20 sec: 312438 operations; 14310.77 current ops/sec; [INSERT AverageLatency(us)=14.65] [READ AverageLatency(us)=14816.91] 
2014-08-14 07:59:45:538 30 sec: 528475 operations; 21575.65 current ops/sec; [INSERT AverageLatency(us)=15.76] [READ AverageLatency(us)=9003.42] 
2014-08-14 07:59:55:539 40 sec: 749902 operations; 22140.49 current ops/sec; [INSERT AverageLatency(us)=13.3] [READ AverageLatency(us)=8663.12] 
2014-08-14 08:00:05:540 50 sec: 971375 operations; 22145.09 current ops/sec; [INSERT AverageLatency(us)=14.91] [READ AverageLatency(us)=8885.48] 
2014-08-14 08:00:15:541 60 sec: 1171086 operations; 19969.1 current ops/sec; [INSERT AverageLatency(us)=13.9] [READ AverageLatency(us)=9568.73] 
2014-08-14 08:00:25:542 70 sec: 1372197 operations; 20109.09 current ops/sec; [INSERT AverageLatency(us)=12.98] [READ AverageLatency(us)=10026.25] 
2014-08-14 08:00:35:542 80 sec: 1567472 operations; 19527.5 current ops/sec; [INSERT AverageLatency(us)=14.34] [READ AverageLatency(us)=10015.08] 
2014-08-14 08:00:45:543 90 sec: 1756073 operations; 18858.21 current ops/sec; [INSERT AverageLatency(us)=14.09] [READ AverageLatency(us)=10289] 
2014-08-14 08:00:55:544 100 sec: 1942818 operations; 18672.63 current ops/sec; [INSERT AverageLatency(us)=14.56] [READ AverageLatency(us)=10628.28] 
2014-08-14 08:01:05:545 110 sec: 2101209 operations; 15837.52 current ops/sec; [INSERT AverageLatency(us)=13.19] [READ AverageLatency(us)=12238.47] 
2014-08-14 08:01:15:546 120 sec: 2297098 operations; 19588.9 current ops/sec; [INSERT AverageLatency(us)=13.16] [READ AverageLatency(us)=10006.17] 
2014-08-14 08:01:25:546 130 sec: 2493342 operations; 19622.44 current ops/sec; [INSERT AverageLatency(us)=15.19] [READ AverageLatency(us)=9918.49] 
2014-08-14 08:01:35:547 140 sec: 2670903 operations; 17754.32 current ops/sec; [INSERT AverageLatency(us)=12.25] [READ AverageLatency(us)=11047.34] 
2014-08-14 08:01:45:548 150 sec: 2829340 operations; 15843.7 current ops/sec; [INSERT AverageLatency(us)=13.11] [READ AverageLatency(us)=12205.44] 
2014-08-14 08:01:55:548 160 sec: 2996523 operations; 16716.63 current ops/sec; [INSERT AverageLatency(us)=12.97] [READ AverageLatency(us)=11728.3] 
2014-08-14 08:02:05:549 170 sec: 3150424 operations; 15388.56 current ops/sec; [INSERT AverageLatency(us)=15.31] [READ AverageLatency(us)=13040.11] 
2014-08-14 08:02:15:550 180 sec: 3325032 operations; 17459.05 current ops/sec; [INSERT AverageLatency(us)=14.01] [READ AverageLatency(us)=11332.93] 
2014-08-14 08:02:25:550 190 sec: 3486714 operations; 16168.2 current ops/sec; [INSERT AverageLatency(us)=14] [READ AverageLatency(us)=12074.75] 
2014-08-14 08:02:35:551 200 sec: 3661053 operations; 17432.16 current ops/sec; [INSERT AverageLatency(us)=12.64] [READ AverageLatency(us)=11223] 
2014-08-14 08:02:45:552 210 sec: 3824970 operations; 16390.06 current ops/sec; [INSERT AverageLatency(us)=22.41] [READ AverageLatency(us)=12097.99] 
2014-08-14 08:02:55:552 220 sec: 3834968 operations; 999.8 current ops/sec; [INSERT AverageLatency(us)=10.94] [READ AverageLatency(us)=15625.72] 
2014-08-14 08:03:05:554 230 sec: 3834968 operations; 0 current ops/sec;   
2014-08-14 08:03:15:555 240 sec: 3834968 operations; 0 current ops/sec;   
2014-08-14 08:03:25:556 250 sec: 3834968 operations; 0 current ops/sec;   
2014-08-14 08:03:35:556 260 sec: 3945894 operations; 11092.6 current ops/sec; [INSERT AverageLatency(us)=129.18] [READ AverageLatency(us)=87143.58] 
2014-08-14 08:03:45:557 270 sec: 4155838 operations; 20992.3 current ops/sec; [INSERT AverageLatency(us)=12.12] [READ AverageLatency(us)=9359.08] 
2014-08-14 08:03:55:559 280 sec: 4362188 operations; 20630.87 current ops/sec; [INSERT AverageLatency(us)=14.3] [READ AverageLatency(us)=6630.37] 
2014-08-14 08:04:05:560 290 sec: 4535602 operations; 17339.67 current ops/sec; [INSERT AverageLatency(us)=786.91] [READ AverageLatency(us)=7826.99] 
2014-08-14 08:04:15:562 300 sec: 4709785 operations; 17416.56 current ops/sec; [INSERT AverageLatency(us)=198.96] [READ AverageLatency(us)=9430.29] 
2014-08-14 08:04:25:563 310 sec: 4902702 operations; 19287.84 current ops/sec; [INSERT AverageLatency(us)=14.97] [READ AverageLatency(us)=10309.76] 
2014-08-14 08:04:35:564 320 sec: 5123480 operations; 22075.59 current ops/sec; [INSERT AverageLatency(us)=14.98] [READ AverageLatency(us)=8415.61] 
2014-08-14 08:04:45:566 330 sec: 5160765 operations; 3727.75 current ops/sec; [INSERT AverageLatency(us)=4767.56] [READ AverageLatency(us)=8788.26] 
2014-08-14 08:04:55:567 340 sec: 5372853 operations; 21206.68 current ops/sec; [INSERT AverageLatency(us)=12.82] [READ AverageLatency(us)=10016.83] 
2014-08-14 08:05:05:569 350 sec: 5585607 operations; 21271.15 current ops/sec; [INSERT AverageLatency(us)=16.82] [READ AverageLatency(us)=8768.92] 
2014-08-14 08:05:15:570 360 sec: 5812493 operations; 22686.33 current ops/sec; [INSERT AverageLatency(us)=15.42] [READ AverageLatency(us)=8909.31] 
2014-08-14 08:05:25:572 370 sec: 5964364 operations; 15184.06 current ops/sec; [INSERT AverageLatency(us)=515.91] [READ AverageLatency(us)=8165.04] 
2014-08-14 08:05:35:869 380 sec: 6171842 operations; 20149.36 current ops/sec; [INSERT AverageLatency(us)=14.82] [READ AverageLatency(us)=9306.76] 
2014-08-14 08:05:45:870 390 sec: 6305828 operations; 13397.26 current ops/sec; [INSERT AverageLatency(us)=824.57] [READ AverageLatency(us)=8503.08] 
2014-08-14 08:05:55:871 400 sec: 6476288 operations; 17044.3 current ops/sec; [INSERT AverageLatency(us)=12.74] [READ AverageLatency(us)=10838.92] 
2014-08-14 08:06:05:873 410 sec: 6639483 operations; 16317.87 current ops/sec; [INSERT AverageLatency(us)=202.62] [READ AverageLatency(us)=10600.37] 
2014-08-14 08:06:15:874 420 sec: 6889146 operations; 24961.31 current ops/sec; [INSERT AverageLatency(us)=13.61] [READ AverageLatency(us)=8019] 
2014-08-14 08:06:25:875 430 sec: 6936303 operations; 4715.23 current ops/sec; [INSERT AverageLatency(us)=3604.57] [READ AverageLatency(us)=7034.44] 
2014-08-14 08:06:35:876 440 sec: 7141154 operations; 20483.05 current ops/sec; [INSERT AverageLatency(us)=13.26] [READ AverageLatency(us)=10055.31] 
2014-08-14 08:06:45:877 450 sec: 7311585 operations; 17041.4 current ops/sec; [INSERT AverageLatency(us)=13.02] [READ AverageLatency(us)=11724.97] 
2014-08-14 08:06:55:878 460 sec: 7489271 operations; 17766.82 current ops/sec; [INSERT AverageLatency(us)=11.59] [READ AverageLatency(us)=10855.17] 
2014-08-14 08:07:05:880 470 sec: 7609712 operations; 12042.9 current ops/sec; [INSERT AverageLatency(us)=742.55] [READ AverageLatency(us)=8964.62] 
2014-08-14 08:07:15:881 480 sec: 7821201 operations; 21144.67 current ops/sec; [INSERT AverageLatency(us)=11.29] [READ AverageLatency(us)=9613.59] 
2014-08-14 08:07:25:882 490 sec: 8013908 operations; 19268.77 current ops/sec; [INSERT AverageLatency(us)=12.91] [READ AverageLatency(us)=10721.19] 
2014-08-14 08:07:35:883 500 sec: 8174311 operations; 16038.7 current ops/sec; [INSERT AverageLatency(us)=13.38] [READ AverageLatency(us)=12311.04] 
2014-08-14 08:07:45:884 510 sec: 8362145 operations; 18781.52 current ops/sec; [INSERT AverageLatency(us)=11.2] [READ AverageLatency(us)=10462.8] 
2014-08-14 08:07:55:886 520 sec: 8547116 operations; 18493.4 current ops/sec; [INSERT AverageLatency(us)=12.16] [READ AverageLatency(us)=9732.7] 
2014-08-14 08:08:05:887 530 sec: 8625248 operations; 7812.42 current ops/sec; [INSERT AverageLatency(us)=11.13] [READ AverageLatency(us)=11053.21] 
2014-08-14 08:08:15:888 540 sec: 8625248 operations; 0 current ops/sec;   
2014-08-14 08:08:25:889 550 sec: 8625248 operations; 0 current ops/sec;   
2014-08-14 08:08:35:890 560 sec: 8707351 operations; 8209.48 current ops/sec; [INSERT AverageLatency(us)=14.15] [READ AverageLatency(us)=88829.26] 
2014-08-14 08:08:45:891 570 sec: 8907201 operations; 19983 current ops/sec; [INSERT AverageLatency(us)=11.45] [READ AverageLatency(us)=9972.96] 
2014-08-14 08:08:55:892 580 sec: 9115774 operations; 20855.21 current ops/sec; [INSERT AverageLatency(us)=12.08] [READ AverageLatency(us)=9326.93] 
2014-08-14 08:09:05:894 590 sec: 9288048 operations; 17225.68 current ops/sec; [INSERT AverageLatency(us)=11.57] [READ AverageLatency(us)=11489.29] 
2014-08-14 08:09:15:895 600 sec: 9467557 operations; 17947.31 current ops/sec; [INSERT AverageLatency(us)=12.14] [READ AverageLatency(us)=10856.67] 
2014-08-14 08:09:25:896 610 sec: 9662966 operations; 19538.95 current ops/sec; [INSERT AverageLatency(us)=11.74] [READ AverageLatency(us)=10361.85] 
2014-08-14 08:09:35:898 620 sec: 9855785 operations; 19278.04 current ops/sec; [INSERT AverageLatency(us)=34.32] [READ AverageLatency(us)=8207.45] 
2014-08-14 08:09:45:898 630 sec: 9987141 operations; 13135.6 current ops/sec; [INSERT AverageLatency(us)=567.55] [READ AverageLatency(us)=12881.99] 
2014-08-14 08:09:55:899 640 sec: 10173269 operations; 18610.94 current ops/sec; [INSERT AverageLatency(us)=12.12] [READ AverageLatency(us)=10542.59] 
2014-08-14 08:10:05:900 650 sec: 10340736 operations; 16745.03 current ops/sec; [INSERT AverageLatency(us)=13.68] [READ AverageLatency(us)=11692.55] 
2014-08-14 08:10:15:901 660 sec: 10512051 operations; 17129.79 current ops/sec; [INSERT AverageLatency(us)=11.53] [READ AverageLatency(us)=11697.27] 
2014-08-14 08:10:25:902 670 sec: 10668289 operations; 15623.8 current ops/sec; [INSERT AverageLatency(us)=33.56] [READ AverageLatency(us)=12459.9] 
2014-08-14 08:10:35:902 680 sec: 10807536 operations; 13923.31 current ops/sec; [INSERT AverageLatency(us)=15.35] [READ AverageLatency(us)=10311.81] 
2014-08-14 08:10:45:904 690 sec: 10910743 operations; 10318.64 current ops/sec; [INSERT AverageLatency(us)=1256.6] [READ AverageLatency(us)=13248.96] 
2014-08-14 08:10:55:905 700 sec: 11075625 operations; 16486.55 current ops/sec; [INSERT AverageLatency(us)=11.94] [READ AverageLatency(us)=11629.98] 
2014-08-14 08:11:05:907 710 sec: 11233514 operations; 15785.74 current ops/sec; [INSERT AverageLatency(us)=12.32] [READ AverageLatency(us)=12891.03] 
2014-08-14 08:11:15:908 720 sec: 11402493 operations; 16896.21 current ops/sec; [INSERT AverageLatency(us)=12.68] [READ AverageLatency(us)=11574.28] 
2014-08-14 08:11:25:909 730 sec: 11553108 operations; 15059.99 current ops/sec; [INSERT AverageLatency(us)=15.34] [READ AverageLatency(us)=13121.98] 
2014-08-14 08:11:35:910 740 sec: 11728552 operations; 17542.65 current ops/sec; [INSERT AverageLatency(us)=12.21] [READ AverageLatency(us)=11314.4] 
2014-08-14 08:11:45:910 750 sec: 11732774 operations; 422.2 current ops/sec; [INSERT AverageLatency(us)=9.82] [READ AverageLatency(us)=13889.35] 
2014-08-14 08:11:55:912 760 sec: 11732774 operations; 0 current ops/sec;   
2014-08-14 08:12:05:913 770 sec: 11830007 operations; 9722.33 current ops/sec; [INSERT AverageLatency(us)=11.11] [READ AverageLatency(us)=61304.36] 
2014-08-14 08:12:15:914 780 sec: 11991948 operations; 16192.48 current ops/sec; [INSERT AverageLatency(us)=11.71] [READ AverageLatency(us)=11767.44] 
2014-08-14 08:12:25:916 790 sec: 12173306 operations; 18132.17 current ops/sec; [INSERT AverageLatency(us)=12.93] [READ AverageLatency(us)=11048.3] 
2014-08-14 08:12:35:917 800 sec: 12354738 operations; 18141.39 current ops/sec; [INSERT AverageLatency(us)=11.66] [READ AverageLatency(us)=11051.76] 
2014-08-14 08:12:45:918 810 sec: 12496335 operations; 14158.28 current ops/sec; [INSERT AverageLatency(us)=12.5] [READ AverageLatency(us)=14135.85] 
2014-08-14 08:12:55:918 820 sec: 12675895 operations; 17956 current ops/sec; [INSERT AverageLatency(us)=11.59] [READ AverageLatency(us)=10918.05] 
2014-08-14 08:13:05:919 830 sec: 12815262 operations; 13935.31 current ops/sec; [INSERT AverageLatency(us)=11.65] [READ AverageLatency(us)=14330.69] 
2014-08-14 08:13:15:919 840 sec: 12988050 operations; 17278.8 current ops/sec; [INSERT AverageLatency(us)=11.02] [READ AverageLatency(us)=11307.48] 
2014-08-14 08:13:25:920 850 sec: 13164095 operations; 17602.74 current ops/sec; [INSERT AverageLatency(us)=11.6] [READ AverageLatency(us)=11051.01] 
2014-08-14 08:13:35:921 860 sec: 13286288 operations; 12219.3 current ops/sec; [INSERT AverageLatency(us)=790.97] [READ AverageLatency(us)=8629.3] 
2014-08-14 08:13:45:921 870 sec: 13448660 operations; 16235.58 current ops/sec; [INSERT AverageLatency(us)=12.61] [READ AverageLatency(us)=12783.51] 
2014-08-14 08:13:55:922 880 sec: 13600843 operations; 15216.78 current ops/sec; [INSERT AverageLatency(us)=12.18] [READ AverageLatency(us)=12261.01] 
2014-08-14 08:14:05:940 890 sec: 13780681 operations; 17951.49 current ops/sec; [INSERT AverageLatency(us)=11.88] [READ AverageLatency(us)=11538.26] 
2014-08-14 08:14:15:941 900 sec: 13925871 operations; 14517.55 current ops/sec; [INSERT AverageLatency(us)=11.81] [READ AverageLatency(us)=13747.44] 
2014-08-14 08:14:25:942 910 sec: 14107623 operations; 18173.38 current ops/sec; [INSERT AverageLatency(us)=13.82] [READ AverageLatency(us)=10748.65] 
2014-08-14 08:14:35:943 920 sec: 14277004 operations; 16936.41 current ops/sec; [INSERT AverageLatency(us)=10.92] [READ AverageLatency(us)=11901.01] 
2014-08-14 08:14:45:945 930 sec: 14444374 operations; 16733.65 current ops/sec; [INSERT AverageLatency(us)=12.92] [READ AverageLatency(us)=11876.52] 
2014-08-14 08:14:55:946 940 sec: 14614796 operations; 17040.5 current ops/sec; [INSERT AverageLatency(us)=11.1] [READ AverageLatency(us)=11587.11] 
2014-08-14 08:15:05:947 950 sec: 14762627 operations; 14781.62 current ops/sec; [INSERT AverageLatency(us)=11.44] [READ AverageLatency(us)=12840.73] 
2014-08-14 08:15:15:948 960 sec: 14929791 operations; 16714.73 current ops/sec; [INSERT AverageLatency(us)=12.22] [READ AverageLatency(us)=12355.57] 
2014-08-14 08:15:25:949 970 sec: 15081558 operations; 15175.18 current ops/sec; [INSERT AverageLatency(us)=10.95] [READ AverageLatency(us)=12940.71] 
2014-08-14 08:15:35:950 980 sec: 15259492 operations; 17791.62 current ops/sec; [INSERT AverageLatency(us)=11.39] [READ AverageLatency(us)=11371.18] 
2014-08-14 08:15:45:951 990 sec: 15398232 operations; 13872.61 current ops/sec; [INSERT AverageLatency(us)=11.04] [READ AverageLatency(us)=13831.52] 
2014-08-14 08:15:55:952 1000 sec: 15581863 operations; 18361.26 current ops/sec; [INSERT AverageLatency(us)=11.64] [READ AverageLatency(us)=11066.76] 
2014-08-14 08:16:05:954 1010 sec: 15713678 operations; 13178.86 current ops/sec; [INSERT AverageLatency(us)=11.4] [READ AverageLatency(us)=15149.95] 
2014-08-14 08:16:15:955 1020 sec: 15870927 operations; 15723.33 current ops/sec; [INSERT AverageLatency(us)=11.22] [READ AverageLatency(us)=12544.74] 
2014-08-14 08:16:25:956 1030 sec: 16017282 operations; 14634.04 current ops/sec; [INSERT AverageLatency(us)=11.99] [READ AverageLatency(us)=13565.4] 
2014-08-14 08:16:35:957 1040 sec: 16178779 operations; 16148.09 current ops/sec; [INSERT AverageLatency(us)=10.65] [READ AverageLatency(us)=11942.69] 
2014-08-14 08:16:45:958 1050 sec: 16346235 operations; 16743.93 current ops/sec; [INSERT AverageLatency(us)=11.47] [READ AverageLatency(us)=12002.24] 
2014-08-14 08:16:55:959 1060 sec: 16504616 operations; 15836.52 current ops/sec; [INSERT AverageLatency(us)=11.34] [READ AverageLatency(us)=12161.49] 
2014-08-14 08:17:05:960 1070 sec: 16663601 operations; 15896.91 current ops/sec; [INSERT AverageLatency(us)=12.2] [READ AverageLatency(us)=12535.64] 
2014-08-14 08:17:15:961 1080 sec: 16835317 operations; 17169.88 current ops/sec; [INSERT AverageLatency(us)=12.74] [READ AverageLatency(us)=11461.3] 
2014-08-14 08:17:25:963 1090 sec: 16990792 operations; 15545.95 current ops/sec; [INSERT AverageLatency(us)=11.27] [READ AverageLatency(us)=12785.53] 
2014-08-14 08:17:35:964 1100 sec: 17159124 operations; 16829.83 current ops/sec; [INSERT AverageLatency(us)=11.63] [READ AverageLatency(us)=11792.44] 
2014-08-14 08:17:45:965 1110 sec: 17329242 operations; 17010.1 current ops/sec; [INSERT AverageLatency(us)=10.14] [READ AverageLatency(us)=11307.08] 
2014-08-14 08:17:55:966 1120 sec: 17490727 operations; 16146.89 current ops/sec; [INSERT AverageLatency(us)=10.58] [READ AverageLatency(us)=12600.63] 
2014-08-14 08:18:05:967 1130 sec: 17657307 operations; 16656.33 current ops/sec; [INSERT AverageLatency(us)=11.21] [READ AverageLatency(us)=11896.85] 
2014-08-14 08:18:15:968 1140 sec: 17810145 operations; 15282.27 current ops/sec; [INSERT AverageLatency(us)=11.74] [READ AverageLatency(us)=12999.19] 
2014-08-14 08:18:25:969 1150 sec: 17979065 operations; 16890.31 current ops/sec; [INSERT AverageLatency(us)=11.27] [READ AverageLatency(us)=11506.29] 
2014-08-14 08:18:35:970 1160 sec: 18137688 operations; 15860.71 current ops/sec; [INSERT AverageLatency(us)=11.21] [READ AverageLatency(us)=12837.23] 
2014-08-14 08:18:45:971 1170 sec: 18284583 operations; 14688.03 current ops/sec; [INSERT AverageLatency(us)=11.12] [READ AverageLatency(us)=13395.22] 
2014-08-14 08:18:55:972 1180 sec: 18461675 operations; 17707.43 current ops/sec; [INSERT AverageLatency(us)=12.69] [READ AverageLatency(us)=11126.84] 
2014-08-14 08:19:05:973 1190 sec: 18609682 operations; 14799.22 current ops/sec; [INSERT AverageLatency(us)=11.59] [READ AverageLatency(us)=12705.26] 
2014-08-14 08:19:15:974 1200 sec: 18777413 operations; 16771.42 current ops/sec; [INSERT AverageLatency(us)=12.16] [READ AverageLatency(us)=12358.97] 
2014-08-14 08:19:25:975 1210 sec: 18935934 operations; 15850.51 current ops/sec; [INSERT AverageLatency(us)=11.87] [READ AverageLatency(us)=12553.07] 
2014-08-14 08:19:35:976 1220 sec: 19103361 operations; 16741.03 current ops/sec; [INSERT AverageLatency(us)=10.76] [READ AverageLatency(us)=11783.99] 
2014-08-14 08:19:45:977 1230 sec: 19246853 operations; 14347.77 current ops/sec; [INSERT AverageLatency(us)=11.15] [READ AverageLatency(us)=13788] 
2014-08-14 08:19:55:977 1240 sec: 19416201 operations; 16934.8 current ops/sec; [INSERT AverageLatency(us)=14.33] [READ AverageLatency(us)=11515.29] 
2014-08-14 08:20:05:994 1250 sec: 19594644 operations; 17814.02 current ops/sec; [INSERT AverageLatency(us)=11.21] [READ AverageLatency(us)=11196.84] 
2014-08-14 08:20:15:995 1260 sec: 19762118 operations; 16745.73 current ops/sec; [INSERT AverageLatency(us)=11.73] [READ AverageLatency(us)=11829.44] 
2014-08-14 08:20:25:995 1270 sec: 19823710 operations; 6159.2 current ops/sec; [INSERT AverageLatency(us)=11.88] [READ AverageLatency(us)=13341.34] 
2014-08-14 08:20:35:996 1280 sec: 19823710 operations; 0 current ops/sec;   
2014-08-14 08:20:45:997 1290 sec: 19974424 operations; 15069.89 current ops/sec; [INSERT AverageLatency(us)=11.35] [READ AverageLatency(us)=34068.91] 
2014-08-14 08:20:55:998 1300 sec: 20142976 operations; 16853.51 current ops/sec; [INSERT AverageLatency(us)=11.29] [READ AverageLatency(us)=11890.56] 
2014-08-14 08:21:05:999 1310 sec: 20308664 operations; 16567.14 current ops/sec; [INSERT AverageLatency(us)=10.49] [READ AverageLatency(us)=11834.81] 
2014-08-14 08:21:16:000 1320 sec: 20466515 operations; 15783.52 current ops/sec; [INSERT AverageLatency(us)=10.53] [READ AverageLatency(us)=12526.12] 
2014-08-14 08:21:26:001 1330 sec: 20632359 operations; 16582.74 current ops/sec; [INSERT AverageLatency(us)=10.86] [READ AverageLatency(us)=11568.42] 
2014-08-14 08:21:36:002 1340 sec: 20786917 operations; 15454.25 current ops/sec; [INSERT AverageLatency(us)=10.86] [READ AverageLatency(us)=12728.93] 
2014-08-14 08:21:46:003 1350 sec: 20972005 operations; 18506.95 current ops/sec; [INSERT AverageLatency(us)=10.93] [READ AverageLatency(us)=11011.21] 
2014-08-14 08:21:56:004 1360 sec: 21123939 operations; 15191.88 current ops/sec; [INSERT AverageLatency(us)=11.59] [READ AverageLatency(us)=13021] 
2014-08-14 08:22:06:005 1370 sec: 21276632 operations; 15267.77 current ops/sec; [INSERT AverageLatency(us)=11.19] [READ AverageLatency(us)=12847.7] 
2014-08-14 08:22:16:006 1380 sec: 21433014 operations; 15636.64 current ops/sec; [INSERT AverageLatency(us)=10.86] [READ AverageLatency(us)=12656.4] 
2014-08-14 08:22:26:008 1390 sec: 21592145 operations; 15911.51 current ops/sec; [INSERT AverageLatency(us)=11.78] [READ AverageLatency(us)=12579.21] 
2014-08-14 08:22:36:009 1400 sec: 21744741 operations; 15256.55 current ops/sec; [INSERT AverageLatency(us)=10.98] [READ AverageLatency(us)=12955.3] 
2014-08-14 08:22:46:009 1410 sec: 21910318 operations; 16557.7 current ops/sec; [INSERT AverageLatency(us)=9.76] [READ AverageLatency(us)=11796.12] 
2014-08-14 08:22:56:011 1420 sec: 22049420 operations; 13908.81 current ops/sec; [INSERT AverageLatency(us)=10.54] [READ AverageLatency(us)=13750.53] 
2014-08-14 08:23:06:012 1430 sec: 22230712 operations; 18125.57 current ops/sec; [INSERT AverageLatency(us)=11.29] [READ AverageLatency(us)=11693.31] 
2014-08-14 08:23:16:013 1440 sec: 22393279 operations; 16255.07 current ops/sec; [INSERT AverageLatency(us)=11.19] [READ AverageLatency(us)=12113.89] 
2014-08-14 08:23:26:014 1450 sec: 22556780 operations; 16348.47 current ops/sec; [INSERT AverageLatency(us)=11.23] [READ AverageLatency(us)=12132.22] 
2014-08-14 08:23:36:015 1460 sec: 22712953 operations; 15615.74 current ops/sec; [INSERT AverageLatency(us)=11.51] [READ AverageLatency(us)=12480.6] 
2014-08-14 08:23:46:016 1470 sec: 22870516 operations; 15754.72 current ops/sec; [INSERT AverageLatency(us)=10.35] [READ AverageLatency(us)=12520] 
2014-08-14 08:23:56:017 1480 sec: 23022387 operations; 15185.58 current ops/sec; [INSERT AverageLatency(us)=10.65] [READ AverageLatency(us)=13288.62] 
2014-08-14 08:24:06:018 1490 sec: 23179806 operations; 15740.33 current ops/sec; [INSERT AverageLatency(us)=11.38] [READ AverageLatency(us)=12588.05] 
2014-08-14 08:24:16:019 1500 sec: 23332056 operations; 15223.48 current ops/sec; [INSERT AverageLatency(us)=11.31] [READ AverageLatency(us)=12619.2] 
2014-08-14 08:24:26:020 1510 sec: 23489349 operations; 15727.73 current ops/sec; [INSERT AverageLatency(us)=12.11] [READ AverageLatency(us)=12739.88] 
2014-08-14 08:24:36:021 1520 sec: 23645454 operations; 15608.94 current ops/sec; [INSERT AverageLatency(us)=11.72] [READ AverageLatency(us)=12938.76] 
2014-08-14 08:24:46:022 1530 sec: 23803562 operations; 15809.22 current ops/sec; [INSERT AverageLatency(us)=14.5] [READ AverageLatency(us)=12430.26] 
2014-08-14 08:24:56:023 1540 sec: 23961585 operations; 15800.72 current ops/sec; [INSERT AverageLatency(us)=11.38] [READ AverageLatency(us)=12421.06] 
2014-08-14 08:25:06:024 1550 sec: 24112571 operations; 15097.09 current ops/sec; [INSERT AverageLatency(us)=11.26] [READ AverageLatency(us)=13177.59] 
2014-08-14 08:25:16:025 1560 sec: 24278852 operations; 16626.44 current ops/sec; [INSERT AverageLatency(us)=11.19] [READ AverageLatency(us)=11874.32] 
2014-08-14 08:25:26:026 1570 sec: 24430256 operations; 15138.89 current ops/sec; [INSERT AverageLatency(us)=10.87] [READ AverageLatency(us)=12932.32] 
2014-08-14 08:25:36:027 1580 sec: 24584742 operations; 15447.06 current ops/sec; [UPDATE AverageLatency(us)=421700] [INSERT AverageLatency(us)=10.81] [READ AverageLatency(us)=12324.77] [CLEANUP AverageLatency(us)=421869] 
2014-08-14 08:25:46:029 1590 sec: 24737285 operations; 15251.25 current ops/sec;  [INSERT AverageLatency(us)=9.98] [READ AverageLatency(us)=12234.25]  
2014-08-14 08:25:56:030 1600 sec: 24877097 operations; 13979.8 current ops/sec; [UPDATE AverageLatency(us)=464086.2] [INSERT AverageLatency(us)=11.07] [READ AverageLatency(us)=12905.73] [CLEANUP AverageLatency(us)=464275.8] 
2014-08-14 08:26:06:031 1610 sec: 24978568 operations; 10146.09 current ops/sec; [UPDATE AverageLatency(us)=385035.88] [INSERT AverageLatency(us)=10.29] [READ AverageLatency(us)=10432.05] [CLEANUP AverageLatency(us)=385043.5] 
2014-08-14 08:26:12:300 1616 sec: 25000000 operations; 3419.27 current ops/sec; [UPDATE AverageLatency(us)=362211.83] [INSERT AverageLatency(us)=10.71] [READ AverageLatency(us)=7135.07] [CLEANUP AverageLatency(us)=362218.83] 
+ echo 'end time:'
end time:
++ date +%s
+ echo 1408029972
1408029972
+ echo 'sleeping for 10 sec ...'
sleeping for 10 sec ...
+ sleep 10
+ false
+ false
+ let counter=1+1
+ read line
+ set +x
