++ seq 79 93
+ for i in '`seq 79 93`'
+ ./deleteoldlogs.sh
+ ssh hadoop@master /home/hadoop/hadoop/bin/start-dfs.sh
starting namenode, logging to /home/hadoop/hadoop-1.2.1/libexec/../logs/hadoop-hadoop-namenode-sceplus-vm48.out
master: starting datanode, logging to /home/hadoop/hadoop-1.2.1/libexec/../logs/hadoop-hadoop-datanode-sceplus-vm48.out
slave1: starting datanode, logging to /home/hadoop/hadoop-1.2.1/libexec/../logs/hadoop-hadoop-datanode-sceplus-vm49.out
localhost: starting secondarynamenode, logging to /home/hadoop/hadoop-1.2.1/libexec/../logs/hadoop-hadoop-secondarynamenode-sceplus-vm48.out
+ ssh hadoop@master /home/hadoop/hbase/bin/start-hbase.sh
sceplus-vm48.almaden.ibm.com: starting zookeeper, logging to /home/hadoop/hbase/bin/../logs/hbase-hadoop-zookeeper-sceplus-vm48.out
sceplus-vm49.almaden.ibm.com: starting zookeeper, logging to /home/hadoop/hbase/bin/../logs/hbase-hadoop-zookeeper-sceplus-vm49.out
starting master, logging to /home/hadoop/hbase/bin/../logs/hbase-hadoop-master-sceplus-vm48.out
master: starting regionserver, logging to /home/hadoop/hbase/bin/../logs/hbase-hadoop-regionserver-sceplus-vm48.out
slave1: starting regionserver, logging to /home/hadoop/hbase/bin/../logs/hbase-hadoop-regionserver-sceplus-vm49.out
+ ./RunACase.sh clean create workloada
++ echo 79
++ echo 79
+ ./collectcasetrace.sh case79
mkdir: cannot create directory ‘caseresult/case79’: File exists
+ ssh hadoop@master /home/hadoop/hbase/bin/stop-hbase.sh
stopping hbase......................
sceplus-vm48.almaden.ibm.com: stopping zookeeper.
sceplus-vm49.almaden.ibm.com: stopping zookeeper.
+ ssh hadoop@master /home/hadoop/hadoop/bin/stop-dfs.sh
stopping namenode
slave1: stopping datanode
master: stopping datanode
localhost: stopping secondarynamenode
+ for i in '`seq 79 93`'
+ ./deleteoldlogs.sh
+ ssh hadoop@master /home/hadoop/hadoop/bin/start-dfs.sh
starting namenode, logging to /home/hadoop/hadoop-1.2.1/libexec/../logs/hadoop-hadoop-namenode-sceplus-vm48.out
master: starting datanode, logging to /home/hadoop/hadoop-1.2.1/libexec/../logs/hadoop-hadoop-datanode-sceplus-vm48.out
slave1: starting datanode, logging to /home/hadoop/hadoop-1.2.1/libexec/../logs/hadoop-hadoop-datanode-sceplus-vm49.out
localhost: starting secondarynamenode, logging to /home/hadoop/hadoop-1.2.1/libexec/../logs/hadoop-hadoop-secondarynamenode-sceplus-vm48.out
+ ssh hadoop@master /home/hadoop/hbase/bin/start-hbase.sh
sceplus-vm48.almaden.ibm.com: starting zookeeper, logging to /home/hadoop/hbase/bin/../logs/hbase-hadoop-zookeeper-sceplus-vm48.out
sceplus-vm49.almaden.ibm.com: starting zookeeper, logging to /home/hadoop/hbase/bin/../logs/hbase-hadoop-zookeeper-sceplus-vm49.out
starting master, logging to /home/hadoop/hbase/bin/../logs/hbase-hadoop-master-sceplus-vm48.out
slave1: starting regionserver, logging to /home/hadoop/hbase/bin/../logs/hbase-hadoop-regionserver-sceplus-vm49.out
master: starting regionserver, logging to /home/hadoop/hbase/bin/../logs/hbase-hadoop-regionserver-sceplus-vm48.out
+ ./RunACase.sh clean create workloada
++ echo 80
++ echo 80
+ ./collectcasetrace.sh case80
mkdir: cannot create directory ‘caseresult/case80’: File exists
+ ssh hadoop@master /home/hadoop/hbase/bin/stop-hbase.sh
stopping hbase.....................
sceplus-vm49.almaden.ibm.com: stopping zookeeper.
sceplus-vm48.almaden.ibm.com: stopping zookeeper.
+ ssh hadoop@master /home/hadoop/hadoop/bin/stop-dfs.sh
stopping namenode
slave1: stopping datanode
master: stopping datanode
localhost: stopping secondarynamenode
+ for i in '`seq 79 93`'
+ ./deleteoldlogs.sh
+ ssh hadoop@master /home/hadoop/hadoop/bin/start-dfs.sh
starting namenode, logging to /home/hadoop/hadoop-1.2.1/libexec/../logs/hadoop-hadoop-namenode-sceplus-vm48.out
master: starting datanode, logging to /home/hadoop/hadoop-1.2.1/libexec/../logs/hadoop-hadoop-datanode-sceplus-vm48.out
slave1: starting datanode, logging to /home/hadoop/hadoop-1.2.1/libexec/../logs/hadoop-hadoop-datanode-sceplus-vm49.out
localhost: starting secondarynamenode, logging to /home/hadoop/hadoop-1.2.1/libexec/../logs/hadoop-hadoop-secondarynamenode-sceplus-vm48.out
+ ssh hadoop@master /home/hadoop/hbase/bin/start-hbase.sh
sceplus-vm48.almaden.ibm.com: starting zookeeper, logging to /home/hadoop/hbase/bin/../logs/hbase-hadoop-zookeeper-sceplus-vm48.out
sceplus-vm49.almaden.ibm.com: starting zookeeper, logging to /home/hadoop/hbase/bin/../logs/hbase-hadoop-zookeeper-sceplus-vm49.out
starting master, logging to /home/hadoop/hbase/bin/../logs/hbase-hadoop-master-sceplus-vm48.out
master: starting regionserver, logging to /home/hadoop/hbase/bin/../logs/hbase-hadoop-regionserver-sceplus-vm48.out
slave1: starting regionserver, logging to /home/hadoop/hbase/bin/../logs/hbase-hadoop-regionserver-sceplus-vm49.out
+ ./RunACase.sh clean create workloada
++ echo 81
++ echo 81
+ ./collectcasetrace.sh case81
mkdir: cannot create directory ‘caseresult/case81’: File exists
+ ssh hadoop@master /home/hadoop/hbase/bin/stop-hbase.sh
stopping hbase.....................
sceplus-vm48.almaden.ibm.com: stopping zookeeper.
sceplus-vm49.almaden.ibm.com: stopping zookeeper.
+ ssh hadoop@master /home/hadoop/hadoop/bin/stop-dfs.sh
stopping namenode
master: stopping datanode
slave1: stopping datanode
localhost: stopping secondarynamenode
+ for i in '`seq 79 93`'
+ ./deleteoldlogs.sh
+ ssh hadoop@master /home/hadoop/hadoop/bin/start-dfs.sh
starting namenode, logging to /home/hadoop/hadoop-1.2.1/libexec/../logs/hadoop-hadoop-namenode-sceplus-vm48.out
master: starting datanode, logging to /home/hadoop/hadoop-1.2.1/libexec/../logs/hadoop-hadoop-datanode-sceplus-vm48.out
slave1: starting datanode, logging to /home/hadoop/hadoop-1.2.1/libexec/../logs/hadoop-hadoop-datanode-sceplus-vm49.out
localhost: starting secondarynamenode, logging to /home/hadoop/hadoop-1.2.1/libexec/../logs/hadoop-hadoop-secondarynamenode-sceplus-vm48.out
+ ssh hadoop@master /home/hadoop/hbase/bin/start-hbase.sh
sceplus-vm48.almaden.ibm.com: starting zookeeper, logging to /home/hadoop/hbase/bin/../logs/hbase-hadoop-zookeeper-sceplus-vm48.out
sceplus-vm49.almaden.ibm.com: starting zookeeper, logging to /home/hadoop/hbase/bin/../logs/hbase-hadoop-zookeeper-sceplus-vm49.out
starting master, logging to /home/hadoop/hbase/bin/../logs/hbase-hadoop-master-sceplus-vm48.out
master: starting regionserver, logging to /home/hadoop/hbase/bin/../logs/hbase-hadoop-regionserver-sceplus-vm48.out
slave1: starting regionserver, logging to /home/hadoop/hbase/bin/../logs/hbase-hadoop-regionserver-sceplus-vm49.out
+ ./RunACase.sh clean create workloada
++ echo 82
++ echo 82
+ ./collectcasetrace.sh case82
mkdir: cannot create directory ‘caseresult/case82’: File exists
+ ssh hadoop@master /home/hadoop/hbase/bin/stop-hbase.sh
stopping hbase.......................
sceplus-vm48.almaden.ibm.com: stopping zookeeper.
sceplus-vm49.almaden.ibm.com: stopping zookeeper.
+ ssh hadoop@master /home/hadoop/hadoop/bin/stop-dfs.sh
stopping namenode
master: stopping datanode
slave1: stopping datanode
localhost: stopping secondarynamenode
+ for i in '`seq 79 93`'
+ ./deleteoldlogs.sh
+ ssh hadoop@master /home/hadoop/hadoop/bin/start-dfs.sh
starting namenode, logging to /home/hadoop/hadoop-1.2.1/libexec/../logs/hadoop-hadoop-namenode-sceplus-vm48.out
master: starting datanode, logging to /home/hadoop/hadoop-1.2.1/libexec/../logs/hadoop-hadoop-datanode-sceplus-vm48.out
slave1: starting datanode, logging to /home/hadoop/hadoop-1.2.1/libexec/../logs/hadoop-hadoop-datanode-sceplus-vm49.out
localhost: starting secondarynamenode, logging to /home/hadoop/hadoop-1.2.1/libexec/../logs/hadoop-hadoop-secondarynamenode-sceplus-vm48.out
+ ssh hadoop@master /home/hadoop/hbase/bin/start-hbase.sh
sceplus-vm49.almaden.ibm.com: starting zookeeper, logging to /home/hadoop/hbase/bin/../logs/hbase-hadoop-zookeeper-sceplus-vm49.out
sceplus-vm48.almaden.ibm.com: starting zookeeper, logging to /home/hadoop/hbase/bin/../logs/hbase-hadoop-zookeeper-sceplus-vm48.out
starting master, logging to /home/hadoop/hbase/bin/../logs/hbase-hadoop-master-sceplus-vm48.out
slave1: starting regionserver, logging to /home/hadoop/hbase/bin/../logs/hbase-hadoop-regionserver-sceplus-vm49.out
master: starting regionserver, logging to /home/hadoop/hbase/bin/../logs/hbase-hadoop-regionserver-sceplus-vm48.out
+ ./RunACase.sh clean create workloada
++ echo 83
++ echo 83
+ ./collectcasetrace.sh case83
mkdir: cannot create directory ‘caseresult/case83’: File exists
+ ssh hadoop@master /home/hadoop/hbase/bin/stop-hbase.sh
stopping hbase...................
sceplus-vm48.almaden.ibm.com: stopping zookeeper.
sceplus-vm49.almaden.ibm.com: stopping zookeeper.
+ ssh hadoop@master /home/hadoop/hadoop/bin/stop-dfs.sh
stopping namenode
slave1: stopping datanode
master: stopping datanode
localhost: stopping secondarynamenode
+ for i in '`seq 79 93`'
+ ./deleteoldlogs.sh
+ ssh hadoop@master /home/hadoop/hadoop/bin/start-dfs.sh
starting namenode, logging to /home/hadoop/hadoop-1.2.1/libexec/../logs/hadoop-hadoop-namenode-sceplus-vm48.out
master: starting datanode, logging to /home/hadoop/hadoop-1.2.1/libexec/../logs/hadoop-hadoop-datanode-sceplus-vm48.out
slave1: starting datanode, logging to /home/hadoop/hadoop-1.2.1/libexec/../logs/hadoop-hadoop-datanode-sceplus-vm49.out
localhost: starting secondarynamenode, logging to /home/hadoop/hadoop-1.2.1/libexec/../logs/hadoop-hadoop-secondarynamenode-sceplus-vm48.out
+ ssh hadoop@master /home/hadoop/hbase/bin/start-hbase.sh
sceplus-vm48.almaden.ibm.com: starting zookeeper, logging to /home/hadoop/hbase/bin/../logs/hbase-hadoop-zookeeper-sceplus-vm48.out
sceplus-vm49.almaden.ibm.com: starting zookeeper, logging to /home/hadoop/hbase/bin/../logs/hbase-hadoop-zookeeper-sceplus-vm49.out
starting master, logging to /home/hadoop/hbase/bin/../logs/hbase-hadoop-master-sceplus-vm48.out
slave1: starting regionserver, logging to /home/hadoop/hbase/bin/../logs/hbase-hadoop-regionserver-sceplus-vm49.out
master: starting regionserver, logging to /home/hadoop/hbase/bin/../logs/hbase-hadoop-regionserver-sceplus-vm48.out
+ ./RunACase.sh clean create workloada
++ echo 84
++ echo 84
+ ./collectcasetrace.sh case84
mkdir: cannot create directory ‘caseresult/case84’: File exists
+ ssh hadoop@master /home/hadoop/hbase/bin/stop-hbase.sh
stopping hbase.....................
sceplus-vm48.almaden.ibm.com: stopping zookeeper.
sceplus-vm49.almaden.ibm.com: stopping zookeeper.
+ ssh hadoop@master /home/hadoop/hadoop/bin/stop-dfs.sh
stopping namenode
master: stopping datanode
slave1: stopping datanode
localhost: stopping secondarynamenode
+ for i in '`seq 79 93`'
+ ./deleteoldlogs.sh
+ ssh hadoop@master /home/hadoop/hadoop/bin/start-dfs.sh
starting namenode, logging to /home/hadoop/hadoop-1.2.1/libexec/../logs/hadoop-hadoop-namenode-sceplus-vm48.out
slave1: starting datanode, logging to /home/hadoop/hadoop-1.2.1/libexec/../logs/hadoop-hadoop-datanode-sceplus-vm49.out
master: starting datanode, logging to /home/hadoop/hadoop-1.2.1/libexec/../logs/hadoop-hadoop-datanode-sceplus-vm48.out
localhost: starting secondarynamenode, logging to /home/hadoop/hadoop-1.2.1/libexec/../logs/hadoop-hadoop-secondarynamenode-sceplus-vm48.out
+ ssh hadoop@master /home/hadoop/hbase/bin/start-hbase.sh
sceplus-vm48.almaden.ibm.com: starting zookeeper, logging to /home/hadoop/hbase/bin/../logs/hbase-hadoop-zookeeper-sceplus-vm48.out
sceplus-vm49.almaden.ibm.com: starting zookeeper, logging to /home/hadoop/hbase/bin/../logs/hbase-hadoop-zookeeper-sceplus-vm49.out
starting master, logging to /home/hadoop/hbase/bin/../logs/hbase-hadoop-master-sceplus-vm48.out
master: starting regionserver, logging to /home/hadoop/hbase/bin/../logs/hbase-hadoop-regionserver-sceplus-vm48.out
slave1: starting regionserver, logging to /home/hadoop/hbase/bin/../logs/hbase-hadoop-regionserver-sceplus-vm49.out
+ ./RunACase.sh clean create workloada
++ echo 85
++ echo 85
+ ./collectcasetrace.sh case85
mkdir: cannot create directory ‘caseresult/case85’: File exists
+ ssh hadoop@master /home/hadoop/hbase/bin/stop-hbase.sh
stopping hbase..........................
sceplus-vm48.almaden.ibm.com: stopping zookeeper.
sceplus-vm49.almaden.ibm.com: stopping zookeeper.
+ ssh hadoop@master /home/hadoop/hadoop/bin/stop-dfs.sh
stopping namenode
slave1: stopping datanode
master: stopping datanode
localhost: stopping secondarynamenode
+ for i in '`seq 79 93`'
+ ./deleteoldlogs.sh
+ ssh hadoop@master /home/hadoop/hadoop/bin/start-dfs.sh
starting namenode, logging to /home/hadoop/hadoop-1.2.1/libexec/../logs/hadoop-hadoop-namenode-sceplus-vm48.out
master: starting datanode, logging to /home/hadoop/hadoop-1.2.1/libexec/../logs/hadoop-hadoop-datanode-sceplus-vm48.out
slave1: starting datanode, logging to /home/hadoop/hadoop-1.2.1/libexec/../logs/hadoop-hadoop-datanode-sceplus-vm49.out
localhost: starting secondarynamenode, logging to /home/hadoop/hadoop-1.2.1/libexec/../logs/hadoop-hadoop-secondarynamenode-sceplus-vm48.out
+ ssh hadoop@master /home/hadoop/hbase/bin/start-hbase.sh
sceplus-vm48.almaden.ibm.com: starting zookeeper, logging to /home/hadoop/hbase/bin/../logs/hbase-hadoop-zookeeper-sceplus-vm48.out
sceplus-vm49.almaden.ibm.com: starting zookeeper, logging to /home/hadoop/hbase/bin/../logs/hbase-hadoop-zookeeper-sceplus-vm49.out
starting master, logging to /home/hadoop/hbase/bin/../logs/hbase-hadoop-master-sceplus-vm48.out
master: starting regionserver, logging to /home/hadoop/hbase/bin/../logs/hbase-hadoop-regionserver-sceplus-vm48.out
slave1: starting regionserver, logging to /home/hadoop/hbase/bin/../logs/hbase-hadoop-regionserver-sceplus-vm49.out
+ ./RunACase.sh clean create workloada
++ echo 86
++ echo 86
+ ./collectcasetrace.sh case86
mkdir: cannot create directory ‘caseresult/case86’: File exists
+ ssh hadoop@master /home/hadoop/hbase/bin/stop-hbase.sh
stopping hbase.......................
sceplus-vm49.almaden.ibm.com: stopping zookeeper.
sceplus-vm48.almaden.ibm.com: stopping zookeeper.
+ ssh hadoop@master /home/hadoop/hadoop/bin/stop-dfs.sh
stopping namenode
master: stopping datanode
slave1: stopping datanode
localhost: stopping secondarynamenode
+ for i in '`seq 79 93`'
+ ./deleteoldlogs.sh
+ ssh hadoop@master /home/hadoop/hadoop/bin/start-dfs.sh
starting namenode, logging to /home/hadoop/hadoop-1.2.1/libexec/../logs/hadoop-hadoop-namenode-sceplus-vm48.out
master: starting datanode, logging to /home/hadoop/hadoop-1.2.1/libexec/../logs/hadoop-hadoop-datanode-sceplus-vm48.out
slave1: starting datanode, logging to /home/hadoop/hadoop-1.2.1/libexec/../logs/hadoop-hadoop-datanode-sceplus-vm49.out
localhost: starting secondarynamenode, logging to /home/hadoop/hadoop-1.2.1/libexec/../logs/hadoop-hadoop-secondarynamenode-sceplus-vm48.out
+ ssh hadoop@master /home/hadoop/hbase/bin/start-hbase.sh
sceplus-vm48.almaden.ibm.com: starting zookeeper, logging to /home/hadoop/hbase/bin/../logs/hbase-hadoop-zookeeper-sceplus-vm48.out
sceplus-vm49.almaden.ibm.com: starting zookeeper, logging to /home/hadoop/hbase/bin/../logs/hbase-hadoop-zookeeper-sceplus-vm49.out
starting master, logging to /home/hadoop/hbase/bin/../logs/hbase-hadoop-master-sceplus-vm48.out
master: starting regionserver, logging to /home/hadoop/hbase/bin/../logs/hbase-hadoop-regionserver-sceplus-vm48.out
slave1: starting regionserver, logging to /home/hadoop/hbase/bin/../logs/hbase-hadoop-regionserver-sceplus-vm49.out
+ ./RunACase.sh clean create workloada
++ echo 87
++ echo 87
+ ./collectcasetrace.sh case87
mkdir: cannot create directory ‘caseresult/case87’: File exists
+ ssh hadoop@master /home/hadoop/hbase/bin/stop-hbase.sh
stopping hbase..............
sceplus-vm49.almaden.ibm.com: stopping zookeeper.
sceplus-vm48.almaden.ibm.com: stopping zookeeper.
+ ssh hadoop@master /home/hadoop/hadoop/bin/stop-dfs.sh
stopping namenode
slave1: stopping datanode
master: stopping datanode
localhost: stopping secondarynamenode
+ for i in '`seq 79 93`'
+ ./deleteoldlogs.sh
+ ssh hadoop@master /home/hadoop/hadoop/bin/start-dfs.sh
starting namenode, logging to /home/hadoop/hadoop-1.2.1/libexec/../logs/hadoop-hadoop-namenode-sceplus-vm48.out
slave1: starting datanode, logging to /home/hadoop/hadoop-1.2.1/libexec/../logs/hadoop-hadoop-datanode-sceplus-vm49.out
master: starting datanode, logging to /home/hadoop/hadoop-1.2.1/libexec/../logs/hadoop-hadoop-datanode-sceplus-vm48.out
localhost: starting secondarynamenode, logging to /home/hadoop/hadoop-1.2.1/libexec/../logs/hadoop-hadoop-secondarynamenode-sceplus-vm48.out
+ ssh hadoop@master /home/hadoop/hbase/bin/start-hbase.sh
sceplus-vm48.almaden.ibm.com: starting zookeeper, logging to /home/hadoop/hbase/bin/../logs/hbase-hadoop-zookeeper-sceplus-vm48.out
sceplus-vm49.almaden.ibm.com: starting zookeeper, logging to /home/hadoop/hbase/bin/../logs/hbase-hadoop-zookeeper-sceplus-vm49.out
starting master, logging to /home/hadoop/hbase/bin/../logs/hbase-hadoop-master-sceplus-vm48.out
master: starting regionserver, logging to /home/hadoop/hbase/bin/../logs/hbase-hadoop-regionserver-sceplus-vm48.out
slave1: starting regionserver, logging to /home/hadoop/hbase/bin/../logs/hbase-hadoop-regionserver-sceplus-vm49.out
+ ./RunACase.sh clean create workloada
++ echo 88
++ echo 88
+ ./collectcasetrace.sh case88
mkdir: cannot create directory ‘caseresult/case88’: File exists
+ ssh hadoop@master /home/hadoop/hbase/bin/stop-hbase.sh
stopping hbase.....................
sceplus-vm48.almaden.ibm.com: stopping zookeeper.
sceplus-vm49.almaden.ibm.com: stopping zookeeper.
+ ssh hadoop@master /home/hadoop/hadoop/bin/stop-dfs.sh
stopping namenode
master: stopping datanode
slave1: stopping datanode
localhost: stopping secondarynamenode
+ for i in '`seq 79 93`'
+ ./deleteoldlogs.sh
+ ssh hadoop@master /home/hadoop/hadoop/bin/start-dfs.sh
starting namenode, logging to /home/hadoop/hadoop-1.2.1/libexec/../logs/hadoop-hadoop-namenode-sceplus-vm48.out
master: starting datanode, logging to /home/hadoop/hadoop-1.2.1/libexec/../logs/hadoop-hadoop-datanode-sceplus-vm48.out
slave1: starting datanode, logging to /home/hadoop/hadoop-1.2.1/libexec/../logs/hadoop-hadoop-datanode-sceplus-vm49.out
localhost: starting secondarynamenode, logging to /home/hadoop/hadoop-1.2.1/libexec/../logs/hadoop-hadoop-secondarynamenode-sceplus-vm48.out
+ ssh hadoop@master /home/hadoop/hbase/bin/start-hbase.sh
sceplus-vm48.almaden.ibm.com: starting zookeeper, logging to /home/hadoop/hbase/bin/../logs/hbase-hadoop-zookeeper-sceplus-vm48.out
sceplus-vm49.almaden.ibm.com: starting zookeeper, logging to /home/hadoop/hbase/bin/../logs/hbase-hadoop-zookeeper-sceplus-vm49.out
starting master, logging to /home/hadoop/hbase/bin/../logs/hbase-hadoop-master-sceplus-vm48.out
slave1: starting regionserver, logging to /home/hadoop/hbase/bin/../logs/hbase-hadoop-regionserver-sceplus-vm49.out
master: starting regionserver, logging to /home/hadoop/hbase/bin/../logs/hbase-hadoop-regionserver-sceplus-vm48.out
+ ./RunACase.sh clean create workloada
++ echo 89
++ echo 89
+ ./collectcasetrace.sh case89
mkdir: cannot create directory ‘caseresult/case89’: File exists
+ ssh hadoop@master /home/hadoop/hbase/bin/stop-hbase.sh
stopping hbase........................
sceplus-vm49.almaden.ibm.com: stopping zookeeper.
sceplus-vm48.almaden.ibm.com: stopping zookeeper.
+ ssh hadoop@master /home/hadoop/hadoop/bin/stop-dfs.sh
stopping namenode
slave1: stopping datanode
master: stopping datanode
localhost: stopping secondarynamenode
+ for i in '`seq 79 93`'
+ ./deleteoldlogs.sh
+ ssh hadoop@master /home/hadoop/hadoop/bin/start-dfs.sh
starting namenode, logging to /home/hadoop/hadoop-1.2.1/libexec/../logs/hadoop-hadoop-namenode-sceplus-vm48.out
master: starting datanode, logging to /home/hadoop/hadoop-1.2.1/libexec/../logs/hadoop-hadoop-datanode-sceplus-vm48.out
slave1: starting datanode, logging to /home/hadoop/hadoop-1.2.1/libexec/../logs/hadoop-hadoop-datanode-sceplus-vm49.out
localhost: starting secondarynamenode, logging to /home/hadoop/hadoop-1.2.1/libexec/../logs/hadoop-hadoop-secondarynamenode-sceplus-vm48.out
+ ssh hadoop@master /home/hadoop/hbase/bin/start-hbase.sh
sceplus-vm49.almaden.ibm.com: starting zookeeper, logging to /home/hadoop/hbase/bin/../logs/hbase-hadoop-zookeeper-sceplus-vm49.out
sceplus-vm48.almaden.ibm.com: starting zookeeper, logging to /home/hadoop/hbase/bin/../logs/hbase-hadoop-zookeeper-sceplus-vm48.out
starting master, logging to /home/hadoop/hbase/bin/../logs/hbase-hadoop-master-sceplus-vm48.out
master: starting regionserver, logging to /home/hadoop/hbase/bin/../logs/hbase-hadoop-regionserver-sceplus-vm48.out
slave1: starting regionserver, logging to /home/hadoop/hbase/bin/../logs/hbase-hadoop-regionserver-sceplus-vm49.out
+ ./RunACase.sh clean create workloada
++ echo 90
++ echo 90
+ ./collectcasetrace.sh case90
mkdir: cannot create directory ‘caseresult/case90’: File exists
+ ssh hadoop@master /home/hadoop/hbase/bin/stop-hbase.sh
stopping hbase.................
sceplus-vm48.almaden.ibm.com: stopping zookeeper.
sceplus-vm49.almaden.ibm.com: stopping zookeeper.
+ ssh hadoop@master /home/hadoop/hadoop/bin/stop-dfs.sh
stopping namenode
slave1: stopping datanode
master: stopping datanode
localhost: stopping secondarynamenode
+ for i in '`seq 79 93`'
+ ./deleteoldlogs.sh
+ ssh hadoop@master /home/hadoop/hadoop/bin/start-dfs.sh
starting namenode, logging to /home/hadoop/hadoop-1.2.1/libexec/../logs/hadoop-hadoop-namenode-sceplus-vm48.out
master: starting datanode, logging to /home/hadoop/hadoop-1.2.1/libexec/../logs/hadoop-hadoop-datanode-sceplus-vm48.out
slave1: starting datanode, logging to /home/hadoop/hadoop-1.2.1/libexec/../logs/hadoop-hadoop-datanode-sceplus-vm49.out
localhost: starting secondarynamenode, logging to /home/hadoop/hadoop-1.2.1/libexec/../logs/hadoop-hadoop-secondarynamenode-sceplus-vm48.out
+ ssh hadoop@master /home/hadoop/hbase/bin/start-hbase.sh
sceplus-vm49.almaden.ibm.com: starting zookeeper, logging to /home/hadoop/hbase/bin/../logs/hbase-hadoop-zookeeper-sceplus-vm49.out
sceplus-vm48.almaden.ibm.com: starting zookeeper, logging to /home/hadoop/hbase/bin/../logs/hbase-hadoop-zookeeper-sceplus-vm48.out
starting master, logging to /home/hadoop/hbase/bin/../logs/hbase-hadoop-master-sceplus-vm48.out
master: starting regionserver, logging to /home/hadoop/hbase/bin/../logs/hbase-hadoop-regionserver-sceplus-vm48.out
slave1: starting regionserver, logging to /home/hadoop/hbase/bin/../logs/hbase-hadoop-regionserver-sceplus-vm49.out
+ ./RunACase.sh clean create workloada
++ echo 91
++ echo 91
+ ./collectcasetrace.sh case91
mkdir: cannot create directory ‘caseresult/case91’: File exists
+ ssh hadoop@master /home/hadoop/hbase/bin/stop-hbase.sh
stopping hbase...................
sceplus-vm49.almaden.ibm.com: stopping zookeeper.
sceplus-vm48.almaden.ibm.com: stopping zookeeper.
+ ssh hadoop@master /home/hadoop/hadoop/bin/stop-dfs.sh
stopping namenode
master: stopping datanode
slave1: stopping datanode
localhost: stopping secondarynamenode
+ for i in '`seq 79 93`'
+ ./deleteoldlogs.sh
+ ssh hadoop@master /home/hadoop/hadoop/bin/start-dfs.sh
starting namenode, logging to /home/hadoop/hadoop-1.2.1/libexec/../logs/hadoop-hadoop-namenode-sceplus-vm48.out
master: starting datanode, logging to /home/hadoop/hadoop-1.2.1/libexec/../logs/hadoop-hadoop-datanode-sceplus-vm48.out
slave1: starting datanode, logging to /home/hadoop/hadoop-1.2.1/libexec/../logs/hadoop-hadoop-datanode-sceplus-vm49.out
localhost: starting secondarynamenode, logging to /home/hadoop/hadoop-1.2.1/libexec/../logs/hadoop-hadoop-secondarynamenode-sceplus-vm48.out
+ ssh hadoop@master /home/hadoop/hbase/bin/start-hbase.sh
sceplus-vm49.almaden.ibm.com: starting zookeeper, logging to /home/hadoop/hbase/bin/../logs/hbase-hadoop-zookeeper-sceplus-vm49.out
sceplus-vm48.almaden.ibm.com: starting zookeeper, logging to /home/hadoop/hbase/bin/../logs/hbase-hadoop-zookeeper-sceplus-vm48.out
starting master, logging to /home/hadoop/hbase/bin/../logs/hbase-hadoop-master-sceplus-vm48.out
master: starting regionserver, logging to /home/hadoop/hbase/bin/../logs/hbase-hadoop-regionserver-sceplus-vm48.out
slave1: starting regionserver, logging to /home/hadoop/hbase/bin/../logs/hbase-hadoop-regionserver-sceplus-vm49.out
+ ./RunACase.sh clean create workloada
++ echo 92
++ echo 92
+ ./collectcasetrace.sh case92
mkdir: cannot create directory ‘caseresult/case92’: File exists
+ ssh hadoop@master /home/hadoop/hbase/bin/stop-hbase.sh
stopping hbase.......................
sceplus-vm49.almaden.ibm.com: stopping zookeeper.
sceplus-vm48.almaden.ibm.com: stopping zookeeper.
+ ssh hadoop@master /home/hadoop/hadoop/bin/stop-dfs.sh
stopping namenode
master: stopping datanode
slave1: stopping datanode
localhost: stopping secondarynamenode
+ for i in '`seq 79 93`'
+ ./deleteoldlogs.sh
+ ssh hadoop@master /home/hadoop/hadoop/bin/start-dfs.sh
starting namenode, logging to /home/hadoop/hadoop-1.2.1/libexec/../logs/hadoop-hadoop-namenode-sceplus-vm48.out
master: starting datanode, logging to /home/hadoop/hadoop-1.2.1/libexec/../logs/hadoop-hadoop-datanode-sceplus-vm48.out
slave1: starting datanode, logging to /home/hadoop/hadoop-1.2.1/libexec/../logs/hadoop-hadoop-datanode-sceplus-vm49.out
localhost: starting secondarynamenode, logging to /home/hadoop/hadoop-1.2.1/libexec/../logs/hadoop-hadoop-secondarynamenode-sceplus-vm48.out
+ ssh hadoop@master /home/hadoop/hbase/bin/start-hbase.sh
sceplus-vm48.almaden.ibm.com: starting zookeeper, logging to /home/hadoop/hbase/bin/../logs/hbase-hadoop-zookeeper-sceplus-vm48.out
sceplus-vm49.almaden.ibm.com: starting zookeeper, logging to /home/hadoop/hbase/bin/../logs/hbase-hadoop-zookeeper-sceplus-vm49.out
starting master, logging to /home/hadoop/hbase/bin/../logs/hbase-hadoop-master-sceplus-vm48.out
slave1: starting regionserver, logging to /home/hadoop/hbase/bin/../logs/hbase-hadoop-regionserver-sceplus-vm49.out
master: starting regionserver, logging to /home/hadoop/hbase/bin/../logs/hbase-hadoop-regionserver-sceplus-vm48.out
+ ./RunACase.sh clean create workloada
++ echo 93
++ echo 93
+ ./collectcasetrace.sh case93
mkdir: cannot create directory ‘caseresult/case93’: File exists
+ ssh hadoop@master /home/hadoop/hbase/bin/stop-hbase.sh
stopping hbase........................
sceplus-vm49.almaden.ibm.com: stopping zookeeper.
sceplus-vm48.almaden.ibm.com: stopping zookeeper.
+ ssh hadoop@master /home/hadoop/hadoop/bin/stop-dfs.sh
stopping namenode
master: stopping datanode
slave1: stopping datanode
localhost: stopping secondarynamenode
+ set +x
