threshold: 700.0
threshold: 50.0
----------------------------------------------------------
selfdapql AM_FILE_POINTER in begining: 0
selfdapql filelengh: 340197
log_evicted_initial: 0
log_evicted_last: 0
log_evicted_count: 0
storeFileSize: 0.12843497
selfdapql AM_FILE_POINTER in end: 340197
selfdapql RS_FILE_POINTER in begining: 0
selfdapql rs_filelengh: 435514
selfdapql blocking update blocking_updates_count: 0
selfdapql blocking update avg total_blocking_time: 0.0
selfdapql RS_FILE_POINTER in end: 435514
selfdapql DN_FILE_POINTER in begining: 0
selfdapql dn_filelength: 77452
selfdapql total operation time: 42327.0
selfdapql total # operations: 538
selfdapql dfs avg read time: 78.67472
selfdapql DN_FILE_POINTER in end: 77452
threshold: 700.0
threshold: 50.0
----------------------------------------------------------
selfdapql AM_FILE_POINTER in begining: 340197
selfdapql filelengh: 1002910
log_evicted_initial: 0
log_evicted_last: 0
log_evicted_count: 0
storeFileSize: 1.795458
selfdapql AM_FILE_POINTER in end: 1002910
selfdapql RS_FILE_POINTER in begining: 435514
selfdapql rs_filelengh: 1486705
selfdapql blocking update blocking_updates_count: 140
selfdapql blocking update avg total_blocking_time: 19777.928
selfdapql RS_FILE_POINTER in end: 1486705
selfdapql DN_FILE_POINTER in begining: 77452
selfdapql dn_filelength: 130056
selfdapql total operation time: 97411.0
selfdapql total # operations: 6271
selfdapql dfs avg read time: 15.533567
selfdapql DN_FILE_POINTER in end: 130056
selfdapql newBlockCacheSize: 0.35
selfdapql newMemstoreSize: 0.45000002
threshold: 700.0
threshold: 50.0
----------------------------------------------------------
selfdapql AM_FILE_POINTER in begining: 1002910
selfdapql filelengh: 1600634
log_evicted_initial: 0
log_evicted_last: 1949
log_evicted_count: 1949
storeFileSize: 3.574911
selfdapql AM_FILE_POINTER in end: 1600634
selfdapql RS_FILE_POINTER in begining: 1486705
selfdapql rs_filelengh: 5802870
selfdapql blocking update blocking_updates_count: 138
selfdapql blocking update avg total_blocking_time: 24892.936
selfdapql RS_FILE_POINTER in end: 5802870
selfdapql DN_FILE_POINTER in begining: 130056
selfdapql dn_filelength: 185727
selfdapql total operation time: 438673.0
selfdapql total # operations: 9124
selfdapql dfs avg read time: 48.07902
selfdapql DN_FILE_POINTER in end: 185727
selfdapql newBlockCacheSize: 0.4
selfdapql newMemstoreSize: 0.4
threshold: 700.0
threshold: 50.0
----------------------------------------------------------
selfdapql AM_FILE_POINTER in begining: 1600634
selfdapql filelengh: 2199608
log_evicted_initial: 1949
log_evicted_last: 4287
log_evicted_count: 2338
storeFileSize: 5.3534365
selfdapql AM_FILE_POINTER in end: 2199608
selfdapql RS_FILE_POINTER in begining: 5802870
selfdapql rs_filelengh: 12253601
selfdapql blocking update blocking_updates_count: 159
selfdapql blocking update avg total_blocking_time: 23638.836
selfdapql RS_FILE_POINTER in end: 12253601
selfdapql DN_FILE_POINTER in begining: 185727
selfdapql dn_filelength: 238618
selfdapql total operation time: 671715.0
selfdapql total # operations: 10861
selfdapql dfs avg read time: 61.846516
selfdapql DN_FILE_POINTER in end: 238618
selfdapql newBlockCacheSize: 0.45000002
selfdapql newMemstoreSize: 0.35
threshold: 700.0
threshold: 50.0
----------------------------------------------------------
selfdapql AM_FILE_POINTER in begining: 2199608
selfdapql filelengh: 2832546
log_evicted_initial: 7479
log_evicted_last: 11749
log_evicted_count: 4270
storeFileSize: 7.5876665
selfdapql AM_FILE_POINTER in end: 2832546
selfdapql RS_FILE_POINTER in begining: 12253601
selfdapql rs_filelengh: 19053269
selfdapql blocking update blocking_updates_count: 181
selfdapql blocking update avg total_blocking_time: 15607.63
selfdapql RS_FILE_POINTER in end: 19053269
selfdapql DN_FILE_POINTER in begining: 238618
selfdapql dn_filelength: 291579
selfdapql total operation time: 951300.0
selfdapql total # operations: 12793
selfdapql dfs avg read time: 74.36098
selfdapql DN_FILE_POINTER in end: 291579
selfdapql newBlockCacheSize: 0.5
selfdapql newMemstoreSize: 0.29999998
threshold: 700.0
threshold: 50.0
----------------------------------------------------------
selfdapql AM_FILE_POINTER in begining: 2832546
selfdapql filelengh: 3432749
log_evicted_initial: 11749
log_evicted_last: 17179
log_evicted_count: 5430
storeFileSize: 9.542453
selfdapql AM_FILE_POINTER in end: 3432749
selfdapql RS_FILE_POINTER in begining: 19053269
selfdapql rs_filelengh: 25959564
selfdapql blocking update blocking_updates_count: 201
selfdapql blocking update avg total_blocking_time: 14224.99
selfdapql RS_FILE_POINTER in end: 25959564
selfdapql DN_FILE_POINTER in begining: 291579
selfdapql dn_filelength: 344639
selfdapql total operation time: 1077696.0
selfdapql total # operations: 13750
selfdapql dfs avg read time: 78.37789
selfdapql DN_FILE_POINTER in end: 344639
selfdapql newBlockCacheSize: 0.55
selfdapql newMemstoreSize: 0.24999999
threshold: 700.0
threshold: 50.0
----------------------------------------------------------
selfdapql AM_FILE_POINTER in begining: 3432749
selfdapql filelengh: 4032648
log_evicted_initial: 17179
log_evicted_last: 24528
log_evicted_count: 7349
storeFileSize: 11.589317
selfdapql AM_FILE_POINTER in end: 4032648
selfdapql RS_FILE_POINTER in begining: 25959564
selfdapql rs_filelengh: 32638006
selfdapql blocking update blocking_updates_count: 212
selfdapql blocking update avg total_blocking_time: 12689.91
selfdapql RS_FILE_POINTER in end: 32638006
selfdapql DN_FILE_POINTER in begining: 344639
selfdapql dn_filelength: 397703
selfdapql total operation time: 1241937.0
selfdapql total # operations: 14358
selfdapql dfs avg read time: 86.49791
selfdapql DN_FILE_POINTER in end: 397703
selfdapql newBlockCacheSize: 0.6
selfdapql newMemstoreSize: 0.19999999
threshold: 700.0
threshold: 50.0
----------------------------------------------------------
selfdapql AM_FILE_POINTER in begining: 4032648
selfdapql filelengh: 4632835
log_evicted_initial: 24528
log_evicted_last: 24528
log_evicted_count: 0
storeFileSize: 13.572444
selfdapql AM_FILE_POINTER in end: 4632835
selfdapql RS_FILE_POINTER in begining: 32638006
selfdapql rs_filelengh: 39392427
selfdapql blocking update blocking_updates_count: 299
selfdapql blocking update avg total_blocking_time: 8452.274
selfdapql RS_FILE_POINTER in end: 39392427
selfdapql DN_FILE_POINTER in begining: 397703
selfdapql dn_filelength: 453689
selfdapql total operation time: 1754968.0
selfdapql total # operations: 15405
selfdapql dfs avg read time: 113.921974
selfdapql DN_FILE_POINTER in end: 453689
selfdapql newBlockCacheSize: 0.55
selfdapql newMemstoreSize: 0.24999999
threshold: 700.0
threshold: 50.0
----------------------------------------------------------
selfdapql AM_FILE_POINTER in begining: 4632835
selfdapql filelengh: 5199979
log_evicted_initial: 24528
log_evicted_last: 34249
log_evicted_count: 9721
storeFileSize: 15.036189
selfdapql AM_FILE_POINTER in end: 5199979
selfdapql RS_FILE_POINTER in begining: 39392427
selfdapql rs_filelengh: 45541623
selfdapql blocking update blocking_updates_count: 286
selfdapql blocking update avg total_blocking_time: 6633.5034
selfdapql RS_FILE_POINTER in end: 45541623
selfdapql DN_FILE_POINTER in begining: 453689
selfdapql dn_filelength: 503752
selfdapql total operation time: 1343360.0
selfdapql total # operations: 12809
selfdapql dfs avg read time: 104.87626
selfdapql DN_FILE_POINTER in end: 503752
selfdapql newBlockCacheSize: 0.6
selfdapql newMemstoreSize: 0.19999999
