++ ls caseresult/ -ltr
++ wc -l
+ filename=case199
+ mkdir caseresult/case199
+ ssh hadoop@master mkdir /home/hadoop/git/physical_design/caseresult/case199
+ RESULT_DIR=/home/hadoop/git/physical_design/caseresult/case199
+ TEN=10
+ SIXTY=60
+ SLEEP_TIME=200
+ YCSB_DIR=/home/hadoop/ycsb-0.1.4
+ number_of_operations=50000000
+ number_of_threads=20
+ number_of_records=50000000
+ output_file_suffix=.dat
+ experiment_list_file=/home/hadoop/git/physical_design/case199.list
+ clean=false
+ create=false
+ load=false
+ random_read=false
+ workloada=false
+ workloadb=false
+ workloadc=false
+ scan=false
+ all=false
+ for i in '$@'
+ '[' clean == all ']'
+ '[' clean == clean ']'
+ clean=true
+ for i in '$@'
+ '[' create == all ']'
+ '[' create == clean ']'
+ '[' create == create ']'
+ create=true
+ for i in '$@'
+ '[' workloada == all ']'
+ '[' workloada == clean ']'
+ '[' workloada == create ']'
+ '[' workloada == load ']'
+ '[' workloada == random_read ']'
+ '[' workloada == scan ']'
+ '[' workloada == workloada ']'
+ workloada=true
+ let counter=1
+ cd /home/hadoop/ycsb-0.1.4
++ pwd
+ echo /home/hadoop/ycsb-0.1.4
/home/hadoop/ycsb-0.1.4
+ read line
+ false
+ true
+ echo 'sleeping for 60 ...'
sleeping for 60 ...
+ sleep 60
+ echo 'droping usertable...'
droping usertable...
+ ssh hadoop@master /home/hadoop/hbase/bin/hbase shell /home/hadoop/git/physical_design/delete_table

ERROR: Table usertable does not exist.'

Here is some help for this command:
Start disable of named table:
  hbase> disable 't1'
  hbase> disable 'ns1:t1'



ERROR: Table usertable does not exist.'

Here is some help for this command:
Drop the named table. Table must first be disabled:
  hbase> drop 't1'
  hbase> drop 'ns1:t1'


0 row(s) in 0.1880 seconds

+ echo 'sleeping for 200 ...'
sleeping for 200 ...
+ sleep 200
+ false
+ true
+ echo 'creating usertable...'
creating usertable...
+ create_statement='create '\''usertable'\'', { NAME=>'\''family'\'', COMPRESSION=>'\''GZ'\''}, SPLITS => ['\''user1'\'', '\''user2'\'', '\''user3'\'', '\''user4'\'', '\''user5'\'', '\''user6'\'', '\''user7'\'', '\''user8'\'', '\''user9'\'']'
+ echo create ''\''usertable'\'',' '{' 'NAME=>'\''family'\'',' 'COMPRESSION=>'\''GZ'\''},' SPLITS '=>' '['\''user1'\'',' ''\''user2'\'',' ''\''user3'\'',' ''\''user4'\'',' ''\''user5'\'',' ''\''user6'\'',' ''\''user7'\'',' ''\''user8'\'',' ''\''user9'\'']'
+ echo 'exit '
+ scp /home/hadoop/git/physical_design/caseresult/case199/create_1.script hadoop@master:/home/hadoop/git/physical_design/caseresult/case199/create_1.script
+ create_table /home/hadoop/git/physical_design/caseresult/case199/create_1.script
+ echo 'creating table...'
creating table...
+ echo /home/hadoop/git/physical_design/caseresult/case199/create_1.script
/home/hadoop/git/physical_design/caseresult/case199/create_1.script
+ ssh hadoop@master /home/hadoop/hbase/bin/hbase shell /home/hadoop/git/physical_design/caseresult/case199/create_1.script
0 row(s) in 1.7450 seconds

+ echo 'sleeping for 10 sec ...'
sleeping for 10 sec ...
+ sleep 10
+ false
+ false
+ false
+ false
+ false
+ true
+ echo workloada...
workloada...
+ echo 'start time: '
start time: 
++ date +%s
+ echo 1406078353
1406078353
++ echo /home/hadoop/git/physical_design/caseresult/case199/workloada_1.dat
+ ./workloada 50000000 20 /home/hadoop/git/physical_design/caseresult/case199/workloada_1.dat
Loading workload...
Starting test.
2014-07-22 18:19:13:785 0 sec: 0 operations; 
14/07/22 18:19:14 INFO zookeeper.ZooKeeper: Client environment:zookeeper.version=3.4.6-1569965, built on 02/20/2014 09:09 GMT
14/07/22 18:19:14 INFO zookeeper.ZooKeeper: Client environment:host.name=sceplus-vm43.almaden.ibm.com
14/07/22 18:19:14 INFO zookeeper.ZooKeeper: Client environment:java.version=1.6.0_31
14/07/22 18:19:14 INFO zookeeper.ZooKeeper: Client environment:java.vendor=Sun Microsystems Inc.
14/07/22 18:19:14 INFO zookeeper.ZooKeeper: Client environment:java.home=/usr/lib/jvm/java-6-openjdk-amd64/jre
14/07/22 18:19:14 INFO zookeeper.ZooKeeper: Client environment:java.class.path=/home/hadoop/ycsb-0.1.4/hbase-binding/lib/hbase-binding-0.1.4.jar:/home/hadoop/ycsb-0.1.4/hbase-binding/conf:/home/hadoop/ycsb-0.1.4/core/lib/core-0.1.4.jar:/home/hadoop/ycsb-0.1.4/jdbc-binding/conf
14/07/22 18:19:14 INFO zookeeper.ZooKeeper: Client environment:java.library.path=/usr/lib/jvm/java-6-openjdk-amd64/jre/lib/amd64/server:/usr/lib/jvm/java-6-openjdk-amd64/jre/lib/amd64:/usr/lib/jvm/java-6-openjdk-amd64/jre/../lib/amd64:/usr/java/packages/lib/amd64:/usr/lib/jni:/lib:/usr/lib
14/07/22 18:19:14 INFO zookeeper.ZooKeeper: Client environment:java.io.tmpdir=/tmp
14/07/22 18:19:14 INFO zookeeper.ZooKeeper: Client environment:java.compiler=<NA>
14/07/22 18:19:14 INFO zookeeper.ZooKeeper: Client environment:os.name=Linux
14/07/22 18:19:14 INFO zookeeper.ZooKeeper: Client environment:os.arch=amd64
14/07/22 18:19:14 INFO zookeeper.ZooKeeper: Client environment:os.version=3.13.0-24-generic
14/07/22 18:19:14 INFO zookeeper.ZooKeeper: Client environment:user.name=hadoop
14/07/22 18:19:14 INFO zookeeper.ZooKeeper: Client environment:user.home=/home/hadoop
14/07/22 18:19:14 INFO zookeeper.ZooKeeper: Client environment:user.dir=/home/hadoop/ycsb-0.1.4
14/07/22 18:19:14 INFO zookeeper.ZooKeeper: Initiating client connection, connectString=sceplus-vm49.almaden.ibm.com:2181,sceplus-vm48.almaden.ibm.com:2181 sessionTimeout=90000 watcher=hconnection-0x4580deea, quorum=sceplus-vm49.almaden.ibm.com:2181,sceplus-vm48.almaden.ibm.com:2181, baseZNode=/hbase
14/07/22 18:19:14 INFO zookeeper.ClientCnxn: Opening socket connection to server slave1/9.1.143.59:2181. Will not attempt to authenticate using SASL (unknown error)
14/07/22 18:19:14 INFO zookeeper.RecoverableZooKeeper: Process identifier=hconnection-0x4580deea connecting to ZooKeeper ensemble=sceplus-vm49.almaden.ibm.com:2181,sceplus-vm48.almaden.ibm.com:2181
14/07/22 18:19:14 INFO zookeeper.ClientCnxn: Socket connection established to slave1/9.1.143.59:2181, initiating session
14/07/22 18:19:14 INFO zookeeper.ClientCnxn: Session establishment complete on server slave1/9.1.143.59:2181, sessionid = 0x147627acd360004, negotiated timeout = 90000
2014-07-22 18:19:23:786 10 sec: 3972 operations; 397.12 current ops/sec; [INSERT AverageLatency(us)=5056.33] [READ AverageLatency(us)=17207.89] 
2014-07-22 18:19:33:787 20 sec: 10342 operations; 636.94 current ops/sec; [INSERT AverageLatency(us)=170.32] [READ AverageLatency(us)=9553.54] 
2014-07-22 18:19:43:787 30 sec: 21959 operations; 1161.7 current ops/sec; [INSERT AverageLatency(us)=24.37] [READ AverageLatency(us)=7170.82] 
2014-07-22 18:19:53:788 40 sec: 36750 operations; 1478.95 current ops/sec; [INSERT AverageLatency(us)=28.07] [READ AverageLatency(us)=7159.74] 
2014-07-22 18:20:03:788 50 sec: 55760 operations; 1901 current ops/sec; [INSERT AverageLatency(us)=28.07] [READ AverageLatency(us)=5544.43] 
2014-07-22 18:20:13:789 60 sec: 86288 operations; 3052.8 current ops/sec; [INSERT AverageLatency(us)=28.31] [READ AverageLatency(us)=4115.13] 
2014-07-22 18:20:23:789 70 sec: 134948 operations; 4865.51 current ops/sec; [INSERT AverageLatency(us)=21.65] [READ AverageLatency(us)=2831.45] 
2014-07-22 18:20:33:789 80 sec: 217074 operations; 8212.6 current ops/sec; [INSERT AverageLatency(us)=22.13] [READ AverageLatency(us)=1829.81] 
2014-07-22 18:20:43:790 90 sec: 357859 operations; 14077.09 current ops/sec; [INSERT AverageLatency(us)=16.71] [READ AverageLatency(us)=1205.08] 
2014-07-22 18:20:53:790 100 sec: 524642 operations; 16678.3 current ops/sec; [INSERT AverageLatency(us)=16.4] [READ AverageLatency(us)=1078.49] 
2014-07-22 18:21:03:791 110 sec: 699809 operations; 17514.95 current ops/sec; [INSERT AverageLatency(us)=16.24] [READ AverageLatency(us)=1086.04] 
2014-07-22 18:21:13:791 120 sec: 891920 operations; 19211.1 current ops/sec; [INSERT AverageLatency(us)=14.75] [READ AverageLatency(us)=1027.55] 
2014-07-22 18:21:23:792 130 sec: 1011900 operations; 11996.8 current ops/sec; [INSERT AverageLatency(us)=42.89] [READ AverageLatency(us)=1734.94] 
2014-07-22 18:21:33:792 140 sec: 1196722 operations; 18482.2 current ops/sec; [INSERT AverageLatency(us)=11.86] [READ AverageLatency(us)=1109.24] 
2014-07-22 18:21:43:793 150 sec: 1386627 operations; 18988.6 current ops/sec; [INSERT AverageLatency(us)=12.8] [READ AverageLatency(us)=1087.26] 
2014-07-22 18:21:53:793 160 sec: 1578729 operations; 19210.2 current ops/sec; [INSERT AverageLatency(us)=12.17] [READ AverageLatency(us)=1086.49] 
2014-07-22 18:22:03:793 170 sec: 1777277 operations; 19854.8 current ops/sec; [INSERT AverageLatency(us)=12.1] [READ AverageLatency(us)=1063.52] 
2014-07-22 18:22:13:794 180 sec: 1921898 operations; 14460.65 current ops/sec; [INSERT AverageLatency(us)=17.11] [READ AverageLatency(us)=1488.37] 
2014-07-22 18:22:23:794 190 sec: 2100275 operations; 17837.7 current ops/sec; [INSERT AverageLatency(us)=11.97] [READ AverageLatency(us)=1200.38] 
2014-07-22 18:22:33:795 200 sec: 2285892 operations; 18559.84 current ops/sec; [INSERT AverageLatency(us)=11.83] [READ AverageLatency(us)=1153.94] 
2014-07-22 18:22:43:795 210 sec: 2469225 operations; 18333.3 current ops/sec; [INSERT AverageLatency(us)=11.82] [READ AverageLatency(us)=1169.46] 
2014-07-22 18:22:53:796 220 sec: 2652183 operations; 18293.97 current ops/sec; [INSERT AverageLatency(us)=12.59] [READ AverageLatency(us)=1179.66] 
2014-07-22 18:23:03:796 230 sec: 2814405 operations; 16222.2 current ops/sec; [INSERT AverageLatency(us)=13.65] [READ AverageLatency(us)=1330.67] 
2014-07-22 18:23:13:797 240 sec: 2972088 operations; 15766.72 current ops/sec; [INSERT AverageLatency(us)=17.62] [READ AverageLatency(us)=1377.32] 
2014-07-22 18:23:23:797 250 sec: 3156026 operations; 18393.8 current ops/sec; [INSERT AverageLatency(us)=11.86] [READ AverageLatency(us)=1176.87] 
2014-07-22 18:23:33:798 260 sec: 3341646 operations; 18560.14 current ops/sec; [INSERT AverageLatency(us)=11.58] [READ AverageLatency(us)=1166.96] 
2014-07-22 18:23:43:798 270 sec: 3530301 operations; 18865.5 current ops/sec; [INSERT AverageLatency(us)=11.77] [READ AverageLatency(us)=1148.05] 
2014-07-22 18:23:53:799 280 sec: 3715631 operations; 18531.15 current ops/sec; [INSERT AverageLatency(us)=11.73] [READ AverageLatency(us)=1170.62] 
2014-07-22 18:24:03:799 290 sec: 3848045 operations; 13241.4 current ops/sec; [INSERT AverageLatency(us)=18.61] [READ AverageLatency(us)=1651.12] 
2014-07-22 18:24:13:800 300 sec: 4031447 operations; 18338.37 current ops/sec; [INSERT AverageLatency(us)=11.81] [READ AverageLatency(us)=1186.56] 
2014-07-22 18:24:23:800 310 sec: 4215268 operations; 18382.1 current ops/sec; [INSERT AverageLatency(us)=11.74] [READ AverageLatency(us)=1185.32] 
2014-07-22 18:24:33:801 320 sec: 4397624 operations; 18233.78 current ops/sec; [INSERT AverageLatency(us)=11.73] [READ AverageLatency(us)=1195.04] 
2014-07-22 18:24:43:801 330 sec: 4583445 operations; 18582.1 current ops/sec; [INSERT AverageLatency(us)=13.03] [READ AverageLatency(us)=1173.38] 
2014-07-22 18:24:53:802 340 sec: 4729090 operations; 14564.5 current ops/sec; [INSERT AverageLatency(us)=15.71] [READ AverageLatency(us)=1503.51] 
2014-07-22 18:25:03:802 350 sec: 4907494 operations; 17838.62 current ops/sec; [INSERT AverageLatency(us)=14.77] [READ AverageLatency(us)=1223.38] 
2014-07-22 18:25:13:802 360 sec: 5092332 operations; 18483.8 current ops/sec; [INSERT AverageLatency(us)=12.56] [READ AverageLatency(us)=1181.57] 
2014-07-22 18:25:23:803 370 sec: 5277452 operations; 18510.15 current ops/sec; [INSERT AverageLatency(us)=17.81] [READ AverageLatency(us)=1179.28] 
2014-07-22 18:25:33:803 380 sec: 5466233 operations; 18878.1 current ops/sec; [INSERT AverageLatency(us)=12.14] [READ AverageLatency(us)=1156.82] 
2014-07-22 18:25:43:804 390 sec: 5633638 operations; 16738.83 current ops/sec; [INSERT AverageLatency(us)=14.07] [READ AverageLatency(us)=1307.56] 
2014-07-22 18:25:53:804 400 sec: 5792438 operations; 15880 current ops/sec; [INSERT AverageLatency(us)=13.73] [READ AverageLatency(us)=1378.44] 
2014-07-22 18:26:03:805 410 sec: 5978187 operations; 18573.04 current ops/sec; [INSERT AverageLatency(us)=12.2] [READ AverageLatency(us)=1179.52] 
2014-07-22 18:26:13:805 420 sec: 6175823 operations; 19763.6 current ops/sec; [INSERT AverageLatency(us)=12.53] [READ AverageLatency(us)=1105.7] 
2014-07-22 18:26:23:806 430 sec: 6361506 operations; 18566.44 current ops/sec; [INSERT AverageLatency(us)=12.41] [READ AverageLatency(us)=1178.73] 
2014-07-22 18:26:33:806 440 sec: 6542284 operations; 18077.8 current ops/sec; [INSERT AverageLatency(us)=13.22] [READ AverageLatency(us)=1213.21] 
2014-07-22 18:26:43:807 450 sec: 6700603 operations; 15830.32 current ops/sec; [INSERT AverageLatency(us)=15.53] [READ AverageLatency(us)=1387.6] 
2014-07-22 18:26:53:807 460 sec: 6907564 operations; 20696.1 current ops/sec; [INSERT AverageLatency(us)=12] [READ AverageLatency(us)=1059.28] 
2014-07-22 18:27:03:808 470 sec: 7122407 operations; 21482.15 current ops/sec; [INSERT AverageLatency(us)=12.84] [READ AverageLatency(us)=1018.87] 
2014-07-22 18:27:13:808 480 sec: 7327508 operations; 20510.1 current ops/sec; [INSERT AverageLatency(us)=11.96] [READ AverageLatency(us)=1070.83] 
2014-07-22 18:27:23:809 490 sec: 7504112 operations; 17658.63 current ops/sec; [INSERT AverageLatency(us)=14.35] [READ AverageLatency(us)=1244.91] 
2014-07-22 18:27:33:809 500 sec: 7667222 operations; 16311 current ops/sec; [INSERT AverageLatency(us)=15.53] [READ AverageLatency(us)=1347.04] 
2014-07-22 18:27:43:810 510 sec: 7852179 operations; 18493.85 current ops/sec; [INSERT AverageLatency(us)=11.89] [READ AverageLatency(us)=1187.51] 
2014-07-22 18:27:53:810 520 sec: 8055335 operations; 20315.6 current ops/sec; [INSERT AverageLatency(us)=12.5] [READ AverageLatency(us)=1081.29] 
2014-07-22 18:28:03:811 530 sec: 8258331 operations; 20297.57 current ops/sec; [INSERT AverageLatency(us)=11.95] [READ AverageLatency(us)=1081.27] 
2014-07-22 18:28:13:811 540 sec: 8442327 operations; 18399.6 current ops/sec; [INSERT AverageLatency(us)=13.64] [READ AverageLatency(us)=1193.58] 
2014-07-22 18:28:23:812 550 sec: 8571312 operations; 12897.21 current ops/sec; [INSERT AverageLatency(us)=15.26] [READ AverageLatency(us)=1713.89] 
2014-07-22 18:28:33:812 560 sec: 8738315 operations; 16700.3 current ops/sec; [INSERT AverageLatency(us)=13.09] [READ AverageLatency(us)=1317.01] 
2014-07-22 18:28:43:813 570 sec: 8931701 operations; 19338.6 current ops/sec; [INSERT AverageLatency(us)=11.79] [READ AverageLatency(us)=1136.5] 
2014-07-22 18:28:53:813 580 sec: 9135784 operations; 20406.26 current ops/sec; [INSERT AverageLatency(us)=11.97] [READ AverageLatency(us)=1076.91] 
2014-07-22 18:29:03:813 590 sec: 9331659 operations; 19587.5 current ops/sec; [INSERT AverageLatency(us)=12.44] [READ AverageLatency(us)=1122.63] 
2014-07-22 18:29:13:814 600 sec: 9485671 operations; 15399.66 current ops/sec; [INSERT AverageLatency(us)=17.5] [READ AverageLatency(us)=1431.58] 
2014-07-22 18:29:23:814 610 sec: 9691648 operations; 20597.7 current ops/sec; [INSERT AverageLatency(us)=12.01] [READ AverageLatency(us)=1067.66] 
2014-07-22 18:29:33:815 620 sec: 9894520 operations; 20285.17 current ops/sec; [INSERT AverageLatency(us)=11.82] [READ AverageLatency(us)=1082.96] 
2014-07-22 18:29:43:815 630 sec: 10100504 operations; 20598.4 current ops/sec; [INSERT AverageLatency(us)=11.72] [READ AverageLatency(us)=1065.35] 
2014-07-22 18:29:53:816 640 sec: 10299761 operations; 19923.71 current ops/sec; [INSERT AverageLatency(us)=13.11] [READ AverageLatency(us)=1102.84] 
2014-07-22 18:30:03:816 650 sec: 10457531 operations; 15777 current ops/sec; [INSERT AverageLatency(us)=15.68] [READ AverageLatency(us)=1394.56] 
2014-07-22 18:30:13:817 660 sec: 10662165 operations; 20461.35 current ops/sec; [INSERT AverageLatency(us)=11.77] [READ AverageLatency(us)=1072.48] 
2014-07-22 18:30:23:817 670 sec: 10867142 operations; 20497.7 current ops/sec; [INSERT AverageLatency(us)=11.95] [READ AverageLatency(us)=1074.58] 
2014-07-22 18:30:33:818 680 sec: 11071706 operations; 20454.35 current ops/sec; [INSERT AverageLatency(us)=12.05] [READ AverageLatency(us)=1075.37] 
2014-07-22 18:30:43:818 690 sec: 11260093 operations; 18838.7 current ops/sec; [INSERT AverageLatency(us)=13.56] [READ AverageLatency(us)=1167.43] 
2014-07-22 18:30:53:819 700 sec: 11426430 operations; 16632.04 current ops/sec; [INSERT AverageLatency(us)=14.2] [READ AverageLatency(us)=1326.03] 
2014-07-22 18:31:03:819 710 sec: 11625301 operations; 19887.1 current ops/sec; [INSERT AverageLatency(us)=12.09] [READ AverageLatency(us)=1107.21] 
2014-07-22 18:31:13:820 720 sec: 11829145 operations; 20382.36 current ops/sec; [INSERT AverageLatency(us)=11.72] [READ AverageLatency(us)=1078.89] 
2014-07-22 18:31:23:820 730 sec: 12032622 operations; 20347.7 current ops/sec; [INSERT AverageLatency(us)=12.67] [READ AverageLatency(us)=1077.58] 
2014-07-22 18:31:33:821 740 sec: 12210507 operations; 17786.72 current ops/sec; [INSERT AverageLatency(us)=13.53] [READ AverageLatency(us)=1239.44] 
2014-07-22 18:31:43:821 750 sec: 12380351 operations; 16984.4 current ops/sec; [INSERT AverageLatency(us)=13.38] [READ AverageLatency(us)=1298.26] 
2014-07-22 18:31:53:821 760 sec: 12583279 operations; 20292.8 current ops/sec; [INSERT AverageLatency(us)=12.23] [READ AverageLatency(us)=1085.66] 
2014-07-22 18:32:03:822 770 sec: 12786541 operations; 20324.17 current ops/sec; [INSERT AverageLatency(us)=11.78] [READ AverageLatency(us)=1082.1] 
2014-07-22 18:32:13:822 780 sec: 12986630 operations; 20008.9 current ops/sec; [INSERT AverageLatency(us)=11.76] [READ AverageLatency(us)=1099.11] 
2014-07-22 18:32:23:823 790 sec: 13157437 operations; 17078.99 current ops/sec; [INSERT AverageLatency(us)=14.76] [READ AverageLatency(us)=1291.23] 
2014-07-22 18:32:33:823 800 sec: 13338676 operations; 18123.9 current ops/sec; [INSERT AverageLatency(us)=13.96] [READ AverageLatency(us)=1214.01] 
2014-07-22 18:32:43:824 810 sec: 13540831 operations; 20213.48 current ops/sec; [INSERT AverageLatency(us)=13.41] [READ AverageLatency(us)=1089.1] 
2014-07-22 18:32:53:824 820 sec: 13746391 operations; 20556 current ops/sec; [INSERT AverageLatency(us)=12.5] [READ AverageLatency(us)=1072.01] 
2014-07-22 18:33:03:825 830 sec: 13951689 operations; 20527.75 current ops/sec; [INSERT AverageLatency(us)=12.11] [READ AverageLatency(us)=1071.94] 
2014-07-22 18:33:13:825 840 sec: 14113979 operations; 16229 current ops/sec; [INSERT AverageLatency(us)=15.7] [READ AverageLatency(us)=1358.24] 
2014-07-22 18:33:23:826 850 sec: 14307198 operations; 19319.97 current ops/sec; [INSERT AverageLatency(us)=11.99] [READ AverageLatency(us)=1140.56] 
2014-07-22 18:33:33:826 860 sec: 14505860 operations; 19866.2 current ops/sec; [INSERT AverageLatency(us)=11.74] [READ AverageLatency(us)=1108.76] 
2014-07-22 18:33:43:827 870 sec: 14707755 operations; 20187.48 current ops/sec; [INSERT AverageLatency(us)=12.52] [READ AverageLatency(us)=1090.03] 
2014-07-22 18:33:53:827 880 sec: 14904930 operations; 19717.5 current ops/sec; [INSERT AverageLatency(us)=12.03] [READ AverageLatency(us)=1116.87] 
2014-07-22 18:34:03:828 890 sec: 15062387 operations; 15744.13 current ops/sec; [INSERT AverageLatency(us)=15.31] [READ AverageLatency(us)=1400.17] 
2014-07-22 18:34:13:828 900 sec: 15255534 operations; 19314.7 current ops/sec; [INSERT AverageLatency(us)=14.05] [READ AverageLatency(us)=1140.11] 
2014-07-22 18:34:23:829 910 sec: 15459438 operations; 20388.36 current ops/sec; [INSERT AverageLatency(us)=11.66] [READ AverageLatency(us)=1081.32] 
2014-07-22 18:34:33:832 920 sec: 15663604 operations; 20410.48 current ops/sec; [INSERT AverageLatency(us)=12.79] [READ AverageLatency(us)=1077.01] 
2014-07-22 18:34:43:832 930 sec: 15865653 operations; 20204.9 current ops/sec; [INSERT AverageLatency(us)=12.1] [READ AverageLatency(us)=1092.38] 
2014-07-22 18:34:53:833 940 sec: 16017064 operations; 15139.59 current ops/sec; [INSERT AverageLatency(us)=15.81] [READ AverageLatency(us)=1456.37] 
2014-07-22 18:35:03:833 950 sec: 16189058 operations; 17199.4 current ops/sec; [INSERT AverageLatency(us)=12.21] [READ AverageLatency(us)=1280.4] 
2014-07-22 18:35:13:834 960 sec: 16387401 operations; 19832.32 current ops/sec; [INSERT AverageLatency(us)=12.06] [READ AverageLatency(us)=1111.42] 
2014-07-22 18:35:23:834 970 sec: 16589269 operations; 20186.8 current ops/sec; [INSERT AverageLatency(us)=11.66] [READ AverageLatency(us)=1090.14] 
2014-07-22 18:35:33:835 980 sec: 16790632 operations; 20136.3 current ops/sec; [INSERT AverageLatency(us)=11.97] [READ AverageLatency(us)=1096.85] 
2014-07-22 18:35:43:835 990 sec: 16919245 operations; 12860.01 current ops/sec; [INSERT AverageLatency(us)=17.57] [READ AverageLatency(us)=1714.36] 
2014-07-22 18:35:53:836 1000 sec: 17039098 operations; 11985.3 current ops/sec; [INSERT AverageLatency(us)=13.96] [READ AverageLatency(us)=1845.85] 
2014-07-22 18:36:03:836 1010 sec: 17226193 operations; 18707.63 current ops/sec; [INSERT AverageLatency(us)=12.27] [READ AverageLatency(us)=1179.68] 
2014-07-22 18:36:13:837 1020 sec: 17423743 operations; 19755 current ops/sec; [INSERT AverageLatency(us)=12.15] [READ AverageLatency(us)=1115.22] 
2014-07-22 18:36:23:837 1030 sec: 17624441 operations; 20067.79 current ops/sec; [INSERT AverageLatency(us)=11.83] [READ AverageLatency(us)=1098.08] 
2014-07-22 18:36:33:837 1040 sec: 17804347 operations; 17990.6 current ops/sec; [INSERT AverageLatency(us)=14.16] [READ AverageLatency(us)=1225.49] 
2014-07-22 18:36:43:838 1050 sec: 17956143 operations; 15178.08 current ops/sec; [INSERT AverageLatency(us)=14.72] [READ AverageLatency(us)=1453.83] 
2014-07-22 18:36:53:838 1060 sec: 18140396 operations; 18425.3 current ops/sec; [INSERT AverageLatency(us)=11.65] [READ AverageLatency(us)=1198.12] 
2014-07-22 18:37:03:839 1070 sec: 18318630 operations; 17821.62 current ops/sec; [INSERT AverageLatency(us)=12.22] [READ AverageLatency(us)=1239.88] 
2014-07-22 18:37:13:839 1080 sec: 18514741 operations; 19611.1 current ops/sec; [INSERT AverageLatency(us)=12.91] [READ AverageLatency(us)=1123.97] 
2014-07-22 18:37:23:840 1090 sec: 18705109 operations; 19034.9 current ops/sec; [INSERT AverageLatency(us)=12.97] [READ AverageLatency(us)=1158.37] 
2014-07-22 18:37:33:840 1100 sec: 18870392 operations; 16528.3 current ops/sec; [INSERT AverageLatency(us)=14.76] [READ AverageLatency(us)=1333.24] 
2014-07-22 18:37:43:841 1110 sec: 19071073 operations; 20066.09 current ops/sec; [INSERT AverageLatency(us)=11.92] [READ AverageLatency(us)=1098.49] 
2014-07-22 18:37:53:841 1120 sec: 19271148 operations; 20007.5 current ops/sec; [INSERT AverageLatency(us)=12.01] [READ AverageLatency(us)=1101.51] 
2014-07-22 18:38:03:842 1130 sec: 19472659 operations; 20149.09 current ops/sec; [INSERT AverageLatency(us)=12.02] [READ AverageLatency(us)=1093.89] 
2014-07-22 18:38:13:842 1140 sec: 19664220 operations; 19156.1 current ops/sec; [INSERT AverageLatency(us)=12.92] [READ AverageLatency(us)=1151.83] 
2014-07-22 18:38:23:843 1150 sec: 19819344 operations; 15510.85 current ops/sec; [INSERT AverageLatency(us)=15.68] [READ AverageLatency(us)=1419.68] 
2014-07-22 18:38:33:843 1160 sec: 20019852 operations; 20050.8 current ops/sec; [INSERT AverageLatency(us)=12.05] [READ AverageLatency(us)=1103.27] 
2014-07-22 18:38:43:844 1170 sec: 20219820 operations; 19994.8 current ops/sec; [INSERT AverageLatency(us)=12.26] [READ AverageLatency(us)=1101.82] 
2014-07-22 18:38:53:844 1180 sec: 20417848 operations; 19802.8 current ops/sec; [INSERT AverageLatency(us)=12.26] [READ AverageLatency(us)=1113.33] 
2014-07-22 18:39:03:845 1190 sec: 20609969 operations; 19212.1 current ops/sec; [INSERT AverageLatency(us)=12.1] [READ AverageLatency(us)=1146.92] 
2014-07-22 18:39:13:845 1200 sec: 20771563 operations; 16157.78 current ops/sec; [INSERT AverageLatency(us)=15.74] [READ AverageLatency(us)=1366.92] 
2014-07-22 18:39:23:845 1210 sec: 20974700 operations; 20313.7 current ops/sec; [INSERT AverageLatency(us)=12.64] [READ AverageLatency(us)=1086.08] 
2014-07-22 18:39:33:846 1220 sec: 21177111 operations; 20239.08 current ops/sec; [INSERT AverageLatency(us)=11.66] [READ AverageLatency(us)=1089.67] 
2014-07-22 18:39:43:846 1230 sec: 21376383 operations; 19927.2 current ops/sec; [INSERT AverageLatency(us)=11.48] [READ AverageLatency(us)=1104.6] 
2014-07-22 18:39:53:852 1240 sec: 21561727 operations; 18523.29 current ops/sec; [INSERT AverageLatency(us)=13.89] [READ AverageLatency(us)=1189.36] 
2014-07-22 18:40:03:852 1250 sec: 21718480 operations; 15675.3 current ops/sec; [INSERT AverageLatency(us)=15.03] [READ AverageLatency(us)=1409.38] 
2014-07-22 18:40:13:853 1260 sec: 21919428 operations; 20092.79 current ops/sec; [INSERT AverageLatency(us)=12.4] [READ AverageLatency(us)=1094.71] 
2014-07-22 18:40:23:853 1270 sec: 22117557 operations; 19812.9 current ops/sec; [INSERT AverageLatency(us)=11.76] [READ AverageLatency(us)=1115.69] 
2014-07-22 18:40:33:854 1280 sec: 22320606 operations; 20302.87 current ops/sec; [INSERT AverageLatency(us)=11.68] [READ AverageLatency(us)=1086.4] 
2014-07-22 18:40:43:854 1290 sec: 22504797 operations; 18419.1 current ops/sec; [INSERT AverageLatency(us)=14.36] [READ AverageLatency(us)=1197.12] 
2014-07-22 18:40:53:855 1300 sec: 22660748 operations; 15593.54 current ops/sec; [INSERT AverageLatency(us)=14.3] [READ AverageLatency(us)=1416.72] 
2014-07-22 18:41:03:855 1310 sec: 22860434 operations; 19968.6 current ops/sec; [INSERT AverageLatency(us)=11.65] [READ AverageLatency(us)=1103.64] 
2014-07-22 18:41:13:856 1320 sec: 23060556 operations; 20010.2 current ops/sec; [INSERT AverageLatency(us)=11.75] [READ AverageLatency(us)=1098.92] 
2014-07-22 18:41:23:856 1330 sec: 23261851 operations; 20129.5 current ops/sec; [INSERT AverageLatency(us)=12.01] [READ AverageLatency(us)=1098.19] 
2014-07-22 18:41:33:857 1340 sec: 23444343 operations; 18247.38 current ops/sec; [INSERT AverageLatency(us)=23.61] [READ AverageLatency(us)=1202.14] 
2014-07-22 18:41:43:857 1350 sec: 23602522 operations; 15817.9 current ops/sec; [INSERT AverageLatency(us)=16.55] [READ AverageLatency(us)=1403.15] 
2014-07-22 18:41:53:858 1360 sec: 23777675 operations; 17513.55 current ops/sec; [INSERT AverageLatency(us)=12.17] [READ AverageLatency(us)=1259.23] 
2014-07-22 18:42:03:858 1370 sec: 23963652 operations; 18597.7 current ops/sec; [INSERT AverageLatency(us)=11.76] [READ AverageLatency(us)=1187.22] 
2014-07-22 18:42:13:859 1380 sec: 24130857 operations; 16718.83 current ops/sec; [INSERT AverageLatency(us)=11.56] [READ AverageLatency(us)=1320.18] 
2014-07-22 18:42:23:859 1390 sec: 24307726 operations; 17686.9 current ops/sec; [INSERT AverageLatency(us)=11.77] [READ AverageLatency(us)=1249.78] 
2014-07-22 18:42:33:860 1400 sec: 24449109 operations; 14136.89 current ops/sec; [INSERT AverageLatency(us)=16.32] [READ AverageLatency(us)=1557.67] 
2014-07-22 18:42:43:865 1410 sec: 24592299 operations; 14311.84 current ops/sec; [INSERT AverageLatency(us)=14.66] [READ AverageLatency(us)=1549.17] 
2014-07-22 18:42:53:865 1420 sec: 24771418 operations; 17911.9 current ops/sec; [INSERT AverageLatency(us)=12.4] [READ AverageLatency(us)=1233.25] 
2014-07-22 18:43:03:866 1430 sec: 24944978 operations; 17354.26 current ops/sec; [INSERT AverageLatency(us)=12.37] [READ AverageLatency(us)=1269.13] 
2014-07-22 18:43:13:866 1440 sec: 24990527 operations; 4554.9 current ops/sec; [INSERT AverageLatency(us)=11.58] [READ AverageLatency(us)=1469.62] 
2014-07-22 18:43:23:867 1450 sec: 25006180 operations; 1565.14 current ops/sec; [INSERT AverageLatency(us)=12.81] [READ AverageLatency(us)=23998.49] 
2014-07-22 18:43:33:867 1460 sec: 25125571 operations; 11939.1 current ops/sec; [INSERT AverageLatency(us)=12.45] [READ AverageLatency(us)=1863.64] 
2014-07-22 18:43:43:868 1470 sec: 25274172 operations; 14858.61 current ops/sec; [INSERT AverageLatency(us)=12.41] [READ AverageLatency(us)=1489.79] 
2014-07-22 18:43:53:868 1480 sec: 25388272 operations; 11410 current ops/sec; [INSERT AverageLatency(us)=16.38] [READ AverageLatency(us)=1943.77] 
2014-07-22 18:44:03:869 1490 sec: 25544720 operations; 15643.24 current ops/sec; [INSERT AverageLatency(us)=12.8] [READ AverageLatency(us)=1412.11] 
2014-07-22 18:44:13:869 1500 sec: 25711548 operations; 16682.8 current ops/sec; [INSERT AverageLatency(us)=12.29] [READ AverageLatency(us)=1322.85] 
2014-07-22 18:44:23:870 1510 sec: 25860977 operations; 14941.41 current ops/sec; [INSERT AverageLatency(us)=11.83] [READ AverageLatency(us)=1477.05] 
2014-07-22 18:44:33:870 1520 sec: 26022571 operations; 16159.4 current ops/sec; [INSERT AverageLatency(us)=11.74] [READ AverageLatency(us)=1367.41] 
2014-07-22 18:44:43:871 1530 sec: 26182279 operations; 15969.2 current ops/sec; [INSERT AverageLatency(us)=13.5] [READ AverageLatency(us)=1380.7] 
2014-07-22 18:44:53:871 1540 sec: 26306916 operations; 12463.7 current ops/sec; [INSERT AverageLatency(us)=15.51] [READ AverageLatency(us)=1774.8] 
2014-07-22 18:45:03:872 1550 sec: 26453462 operations; 14653.13 current ops/sec; [INSERT AverageLatency(us)=13.62] [READ AverageLatency(us)=1502.8] 
2014-07-22 18:45:13:872 1560 sec: 26624795 operations; 17133.3 current ops/sec; [INSERT AverageLatency(us)=12.61] [READ AverageLatency(us)=1294.85] 
2014-07-22 18:45:23:873 1570 sec: 26803908 operations; 17909.51 current ops/sec; [INSERT AverageLatency(us)=12.14] [READ AverageLatency(us)=1231.83] 
2014-07-22 18:45:33:873 1580 sec: 26976780 operations; 17287.2 current ops/sec; [INSERT AverageLatency(us)=11.65] [READ AverageLatency(us)=1273.37] 
2014-07-22 18:45:43:874 1590 sec: 27134921 operations; 15814.1 current ops/sec; [INSERT AverageLatency(us)=12.45] [READ AverageLatency(us)=1399.41] 
2014-07-22 18:45:53:874 1600 sec: 27250915 operations; 11598.24 current ops/sec; [INSERT AverageLatency(us)=15.97] [READ AverageLatency(us)=1907.43] 
2014-07-22 18:46:03:875 1610 sec: 27377990 operations; 12707.5 current ops/sec; [INSERT AverageLatency(us)=13.56] [READ AverageLatency(us)=1741.13] 
2014-07-22 18:46:13:875 1620 sec: 27532458 operations; 15445.26 current ops/sec; [INSERT AverageLatency(us)=12.13] [READ AverageLatency(us)=1423.78] 
2014-07-22 18:46:23:875 1630 sec: 27684065 operations; 15160.7 current ops/sec; [INSERT AverageLatency(us)=12.86] [READ AverageLatency(us)=1462.46] 
2014-07-22 18:46:33:881 1640 sec: 27845817 operations; 16165.5 current ops/sec; [INSERT AverageLatency(us)=13.12] [READ AverageLatency(us)=1364.55] 
2014-07-22 18:46:43:882 1650 sec: 28011032 operations; 16519.85 current ops/sec; [INSERT AverageLatency(us)=11.88] [READ AverageLatency(us)=1336.46] 
2014-07-22 18:46:53:882 1660 sec: 28156042 operations; 14501 current ops/sec; [INSERT AverageLatency(us)=13.88] [READ AverageLatency(us)=1525.45] 
2014-07-22 18:47:03:883 1670 sec: 28269885 operations; 11383.16 current ops/sec; [INSERT AverageLatency(us)=16.82] [READ AverageLatency(us)=1944.28] 
2014-07-22 18:47:13:883 1680 sec: 28431657 operations; 16177.2 current ops/sec; [INSERT AverageLatency(us)=12.3] [READ AverageLatency(us)=1363.36] 
2014-07-22 18:47:23:884 1690 sec: 28590698 operations; 15902.51 current ops/sec; [INSERT AverageLatency(us)=12.63] [READ AverageLatency(us)=1390.59] 
2014-07-22 18:47:33:884 1700 sec: 28675119 operations; 8442.1 current ops/sec; [INSERT AverageLatency(us)=12.7] [READ AverageLatency(us)=1427.45] 
2014-07-22 18:47:43:885 1710 sec: 28675119 operations; 0 current ops/sec;   
2014-07-22 18:47:53:885 1720 sec: 28675119 operations; 0 current ops/sec;   
2014-07-22 18:48:03:885 1730 sec: 28681890 operations; 677.1 current ops/sec; [INSERT AverageLatency(us)=13.27] [READ AverageLatency(us)=113314.87] 
2014-07-22 18:48:13:886 1740 sec: 28816103 operations; 13419.96 current ops/sec; [INSERT AverageLatency(us)=11.94] [READ AverageLatency(us)=1646.94] 
2014-07-22 18:48:23:887 1750 sec: 28932881 operations; 11677.8 current ops/sec; [INSERT AverageLatency(us)=11.84] [READ AverageLatency(us)=1895.32] 
2014-07-22 18:48:33:887 1760 sec: 29056256 operations; 12336.27 current ops/sec; [INSERT AverageLatency(us)=12.87] [READ AverageLatency(us)=1792.2] 
2014-07-22 18:48:43:887 1770 sec: 29163321 operations; 10706.5 current ops/sec; [INSERT AverageLatency(us)=15.3] [READ AverageLatency(us)=2072.51] 
2014-07-22 18:48:53:888 1780 sec: 29258599 operations; 9526.85 current ops/sec; [INSERT AverageLatency(us)=15.88] [READ AverageLatency(us)=2327.94] 
2014-07-22 18:49:03:888 1790 sec: 29360069 operations; 10147 current ops/sec; [INSERT AverageLatency(us)=12.35] [READ AverageLatency(us)=2182.51] 
2014-07-22 18:49:13:889 1800 sec: 29508962 operations; 14887.81 current ops/sec; [INSERT AverageLatency(us)=11.71] [READ AverageLatency(us)=1488.08] 
2014-07-22 18:49:23:889 1810 sec: 29657869 operations; 14890.7 current ops/sec; [INSERT AverageLatency(us)=11.56] [READ AverageLatency(us)=1484.55] 
2014-07-22 18:49:33:890 1820 sec: 29802015 operations; 14413.16 current ops/sec; [INSERT AverageLatency(us)=11.69] [READ AverageLatency(us)=1533.85] 
2014-07-22 18:49:43:890 1830 sec: 29915032 operations; 11301.7 current ops/sec; [INSERT AverageLatency(us)=13.17] [READ AverageLatency(us)=1799.3] 
2014-07-22 18:49:53:891 1840 sec: 30030952 operations; 11590.84 current ops/sec; [INSERT AverageLatency(us)=15.54] [READ AverageLatency(us)=2037.66] 
2014-07-22 18:50:03:891 1850 sec: 30131595 operations; 10064.3 current ops/sec; [INSERT AverageLatency(us)=14.89] [READ AverageLatency(us)=2229.86] 
2014-07-22 18:50:13:892 1860 sec: 30235989 operations; 10438.36 current ops/sec; [INSERT AverageLatency(us)=12.62] [READ AverageLatency(us)=2118.95] 
2014-07-22 18:50:23:892 1870 sec: 30374015 operations; 13802.6 current ops/sec; [INSERT AverageLatency(us)=11.56] [READ AverageLatency(us)=1601.4] 
2014-07-22 18:50:33:893 1880 sec: 30507282 operations; 13325.37 current ops/sec; [INSERT AverageLatency(us)=11.82] [READ AverageLatency(us)=1659.99] 
2014-07-22 18:50:43:893 1890 sec: 30636880 operations; 12959.8 current ops/sec; [INSERT AverageLatency(us)=12.85] [READ AverageLatency(us)=1648.15] 
2014-07-22 18:50:53:894 1900 sec: 30740839 operations; 10394.86 current ops/sec; [INSERT AverageLatency(us)=14.23] [READ AverageLatency(us)=2202.78] 
2014-07-22 18:51:03:894 1910 sec: 30873633 operations; 13279.4 current ops/sec; [INSERT AverageLatency(us)=12.16] [READ AverageLatency(us)=1666.86] 
2014-07-22 18:51:13:895 1920 sec: 30986659 operations; 11301.47 current ops/sec; [INSERT AverageLatency(us)=15.59] [READ AverageLatency(us)=1956.35] 
2014-07-22 18:51:23:895 1930 sec: 31073785 operations; 8712.6 current ops/sec; [INSERT AverageLatency(us)=14.42] [READ AverageLatency(us)=2426.7] 
2014-07-22 18:51:33:896 1940 sec: 31173907 operations; 10011.2 current ops/sec; [INSERT AverageLatency(us)=12.88] [READ AverageLatency(us)=2315.83] 
2014-07-22 18:51:43:896 1950 sec: 31308587 operations; 13468 current ops/sec; [INSERT AverageLatency(us)=12.19] [READ AverageLatency(us)=1645.46] 
2014-07-22 18:51:53:897 1960 sec: 31437931 operations; 12933.11 current ops/sec; [INSERT AverageLatency(us)=20.21] [READ AverageLatency(us)=1710.39] 
2014-07-22 18:52:03:897 1970 sec: 31561368 operations; 12343.7 current ops/sec; [INSERT AverageLatency(us)=12.28] [READ AverageLatency(us)=1793.83] 
2014-07-22 18:52:13:898 1980 sec: 31676414 operations; 11503.45 current ops/sec; [INSERT AverageLatency(us)=12.11] [READ AverageLatency(us)=1659.15] 
2014-07-22 18:52:23:898 1990 sec: 31805774 operations; 12936 current ops/sec; [INSERT AverageLatency(us)=12.21] [READ AverageLatency(us)=1945.79] 
2014-07-22 18:52:33:899 2000 sec: 31909920 operations; 10413.56 current ops/sec; [INSERT AverageLatency(us)=13.18] [READ AverageLatency(us)=1935.16] 
2014-07-22 18:52:43:899 2010 sec: 31984029 operations; 7410.9 current ops/sec; [INSERT AverageLatency(us)=16.33] [READ AverageLatency(us)=3254.95] 
2014-07-22 18:52:53:900 2020 sec: 32057425 operations; 7338.87 current ops/sec; [INSERT AverageLatency(us)=13.65] [READ AverageLatency(us)=2948.24] 
2014-07-22 18:53:03:900 2030 sec: 32121510 operations; 6408.5 current ops/sec; [INSERT AverageLatency(us)=12.6] [READ AverageLatency(us)=2967.42] 
2014-07-22 18:53:13:901 2040 sec: 32174969 operations; 5345.37 current ops/sec; [INSERT AverageLatency(us)=11.56] [READ AverageLatency(us)=4827.52] 
2014-07-22 18:53:23:901 2050 sec: 32271312 operations; 9634.3 current ops/sec; [INSERT AverageLatency(us)=11.48] [READ AverageLatency(us)=2297.57] 
2014-07-22 18:53:33:902 2060 sec: 32340178 operations; 6886.6 current ops/sec; [INSERT AverageLatency(us)=12.66] [READ AverageLatency(us)=3221.72] 
2014-07-22 18:53:43:902 2070 sec: 32440016 operations; 9982.8 current ops/sec; [INSERT AverageLatency(us)=11.87] [READ AverageLatency(us)=2215.05] 
2014-07-22 18:53:53:903 2080 sec: 32532918 operations; 9289.27 current ops/sec; [INSERT AverageLatency(us)=11.79] [READ AverageLatency(us)=2390.92] 
2014-07-22 18:54:03:903 2090 sec: 32626079 operations; 9316.1 current ops/sec; [INSERT AverageLatency(us)=12.95] [READ AverageLatency(us)=2030.26] 
2014-07-22 18:54:13:904 2100 sec: 32727056 operations; 10096.69 current ops/sec; [INSERT AverageLatency(us)=12.34] [READ AverageLatency(us)=2288.45] 
2014-07-22 18:54:23:904 2110 sec: 32827503 operations; 10044.7 current ops/sec; [INSERT AverageLatency(us)=12.83] [READ AverageLatency(us)=2433.14] 
2014-07-22 18:54:33:905 2120 sec: 32906380 operations; 7887.7 current ops/sec; [INSERT AverageLatency(us)=15.63] [READ AverageLatency(us)=2807.91] 
2014-07-22 18:54:43:905 2130 sec: 32992115 operations; 8572.64 current ops/sec; [INSERT AverageLatency(us)=14.13] [READ AverageLatency(us)=2586.37] 
2014-07-22 18:54:53:905 2140 sec: 33098525 operations; 10641 current ops/sec; [INSERT AverageLatency(us)=12.77] [READ AverageLatency(us)=2079.52] 
2014-07-22 18:55:03:906 2150 sec: 33183381 operations; 8484.75 current ops/sec; [INSERT AverageLatency(us)=11.94] [READ AverageLatency(us)=2610.16] 
2014-07-22 18:55:13:906 2160 sec: 33263613 operations; 8023.2 current ops/sec; [INSERT AverageLatency(us)=13] [READ AverageLatency(us)=2765.51] 
2014-07-22 18:55:23:907 2170 sec: 33340306 operations; 7668.53 current ops/sec; [INSERT AverageLatency(us)=13.38] [READ AverageLatency(us)=2889.6] 
2014-07-22 18:55:33:907 2180 sec: 33410247 operations; 6994.1 current ops/sec; [INSERT AverageLatency(us)=14.83] [READ AverageLatency(us)=3169.45] 
2014-07-22 18:55:43:908 2190 sec: 33477146 operations; 6689.23 current ops/sec; [INSERT AverageLatency(us)=12.36] [READ AverageLatency(us)=3312.71] 
2014-07-22 18:55:53:908 2200 sec: 33551997 operations; 7485.1 current ops/sec; [INSERT AverageLatency(us)=13.35] [READ AverageLatency(us)=2958.81] 
2014-07-22 18:56:03:909 2210 sec: 33640929 operations; 8892.31 current ops/sec; [INSERT AverageLatency(us)=11.85] [READ AverageLatency(us)=2290.74] 
2014-07-22 18:56:13:909 2220 sec: 33736528 operations; 9559.9 current ops/sec; [INSERT AverageLatency(us)=12.68] [READ AverageLatency(us)=2506.97] 
2014-07-22 18:56:23:910 2230 sec: 33834955 operations; 9841.72 current ops/sec; [INSERT AverageLatency(us)=18.82] [READ AverageLatency(us)=2248.57] 
2014-07-22 18:56:33:910 2240 sec: 33923278 operations; 8832.3 current ops/sec; [INSERT AverageLatency(us)=15.42] [READ AverageLatency(us)=2516.59] 
2014-07-22 18:56:43:911 2250 sec: 34017512 operations; 9422.46 current ops/sec; [INSERT AverageLatency(us)=12.07] [READ AverageLatency(us)=2343.26] 
2014-07-22 18:56:53:911 2260 sec: 34145302 operations; 12779 current ops/sec; [INSERT AverageLatency(us)=11.81] [READ AverageLatency(us)=1696.57] 
2014-07-22 18:57:03:912 2270 sec: 34226911 operations; 8160.08 current ops/sec; [INSERT AverageLatency(us)=11.67] [READ AverageLatency(us)=2778.76] 
2014-07-22 18:57:13:912 2280 sec: 34328567 operations; 10165.6 current ops/sec; [INSERT AverageLatency(us)=11.79] [READ AverageLatency(us)=2143.47] 
2014-07-22 18:57:23:913 2290 sec: 34451359 operations; 12279.2 current ops/sec; [INSERT AverageLatency(us)=13.47] [READ AverageLatency(us)=1832.93] 
2014-07-22 18:57:33:913 2300 sec: 34571836 operations; 12046.5 current ops/sec; [INSERT AverageLatency(us)=11.84] [READ AverageLatency(us)=1838.44] 
2014-07-22 18:57:43:913 2310 sec: 34695536 operations; 12370 current ops/sec; [INSERT AverageLatency(us)=13.11] [READ AverageLatency(us)=1790.15] 
2014-07-22 18:57:53:914 2320 sec: 34810676 operations; 11512.85 current ops/sec; [INSERT AverageLatency(us)=14.98] [READ AverageLatency(us)=1909.62] 
2014-07-22 18:58:03:914 2330 sec: 34926758 operations; 11608.2 current ops/sec; [INSERT AverageLatency(us)=13.16] [READ AverageLatency(us)=1913.82] 
2014-07-22 18:58:13:915 2340 sec: 35025798 operations; 9903.01 current ops/sec; [INSERT AverageLatency(us)=11.97] [READ AverageLatency(us)=2109.05] 
2014-07-22 18:58:23:915 2350 sec: 35141614 operations; 11581.6 current ops/sec; [INSERT AverageLatency(us)=13.59] [READ AverageLatency(us)=2020.83] 
2014-07-22 18:58:33:916 2360 sec: 35245173 operations; 10354.86 current ops/sec; [INSERT AverageLatency(us)=12.41] [READ AverageLatency(us)=2139.6] 
2014-07-22 18:58:43:916 2370 sec: 35350348 operations; 10517.5 current ops/sec; [INSERT AverageLatency(us)=12.19] [READ AverageLatency(us)=2106.49] 
2014-07-22 18:58:53:917 2380 sec: 35424423 operations; 7406.76 current ops/sec; [INSERT AverageLatency(us)=12.18] [READ AverageLatency(us)=2991.48] 
2014-07-22 18:59:03:917 2390 sec: 35495119 operations; 7069.6 current ops/sec; [INSERT AverageLatency(us)=12.47] [READ AverageLatency(us)=2632.5] 
2014-07-22 18:59:13:918 2400 sec: 35558062 operations; 6293.67 current ops/sec; [INSERT AverageLatency(us)=13.35] [READ AverageLatency(us)=4080.57] 
2014-07-22 18:59:23:918 2410 sec: 35597576 operations; 3951.4 current ops/sec; [INSERT AverageLatency(us)=13.64] [READ AverageLatency(us)=5647.99] 
2014-07-22 18:59:33:919 2420 sec: 35712354 operations; 11476.65 current ops/sec; [INSERT AverageLatency(us)=15.02] [READ AverageLatency(us)=1930.09] 
2014-07-22 18:59:43:919 2430 sec: 35836112 operations; 12375.8 current ops/sec; [INSERT AverageLatency(us)=15.31] [READ AverageLatency(us)=1788.72] 
2014-07-22 18:59:53:920 2440 sec: 35977679 operations; 14155.28 current ops/sec; [INSERT AverageLatency(us)=11.68] [READ AverageLatency(us)=1563.77] 
2014-07-22 19:00:03:920 2450 sec: 36108371 operations; 13069.2 current ops/sec; [INSERT AverageLatency(us)=11.92] [READ AverageLatency(us)=1692.3] 
2014-07-22 19:00:13:920 2460 sec: 36250170 operations; 14179.9 current ops/sec; [INSERT AverageLatency(us)=12.86] [READ AverageLatency(us)=1559.89] 
2014-07-22 19:00:23:922 2470 sec: 36387883 operations; 13768.55 current ops/sec; [INSERT AverageLatency(us)=12.19] [READ AverageLatency(us)=1603.09] 
2014-07-22 19:00:33:922 2480 sec: 36516117 operations; 12823.4 current ops/sec; [INSERT AverageLatency(us)=14.4] [READ AverageLatency(us)=1726.91] 
2014-07-22 19:00:43:923 2490 sec: 36631805 operations; 11567.64 current ops/sec; [INSERT AverageLatency(us)=14.73] [READ AverageLatency(us)=1913.46] 
2014-07-22 19:00:53:923 2500 sec: 36728781 operations; 9697.6 current ops/sec; [INSERT AverageLatency(us)=16.05] [READ AverageLatency(us)=2283.64] 
2014-07-22 19:01:03:924 2510 sec: 36831362 operations; 10257.07 current ops/sec; [INSERT AverageLatency(us)=13.62] [READ AverageLatency(us)=2161.56] 
2014-07-22 19:01:13:924 2520 sec: 36970461 operations; 13909.9 current ops/sec; [INSERT AverageLatency(us)=12.46] [READ AverageLatency(us)=1591.4] 
2014-07-22 19:01:23:924 2530 sec: 37095483 operations; 12502.2 current ops/sec; [INSERT AverageLatency(us)=12.01] [READ AverageLatency(us)=1769.51] 
2014-07-22 19:01:33:925 2540 sec: 37213794 operations; 11829.92 current ops/sec; [INSERT AverageLatency(us)=11.69] [READ AverageLatency(us)=1871.84] 
2014-07-22 19:01:43:925 2550 sec: 37293545 operations; 7975.1 current ops/sec; [INSERT AverageLatency(us)=28.63] [READ AverageLatency(us)=2774.91] 
2014-07-22 19:01:53:926 2560 sec: 37429226 operations; 13566.74 current ops/sec; [INSERT AverageLatency(us)=12.74] [READ AverageLatency(us)=1631.47] 
2014-07-22 19:02:03:926 2570 sec: 37561318 operations; 13209.2 current ops/sec; [INSERT AverageLatency(us)=13.73] [READ AverageLatency(us)=1674.74] 
2014-07-22 19:02:13:927 2580 sec: 37683189 operations; 12185.88 current ops/sec; [INSERT AverageLatency(us)=14.95] [READ AverageLatency(us)=1818.53] 
2014-07-22 19:02:23:927 2590 sec: 37785852 operations; 10266.3 current ops/sec; [INSERT AverageLatency(us)=11.45] [READ AverageLatency(us)=2159.62] 
2014-07-22 19:02:33:928 2600 sec: 37865334 operations; 7947.41 current ops/sec; [INSERT AverageLatency(us)=11.47] [READ AverageLatency(us)=2785.38] 
2014-07-22 19:02:43:928 2610 sec: 37978246 operations; 11291.2 current ops/sec; [INSERT AverageLatency(us)=11.42] [READ AverageLatency(us)=1957.84] 
2014-07-22 19:02:53:929 2620 sec: 38072229 operations; 9397.36 current ops/sec; [INSERT AverageLatency(us)=12.39] [READ AverageLatency(us)=2354.7] 
2014-07-22 19:03:03:929 2630 sec: 38161521 operations; 8929.2 current ops/sec; [INSERT AverageLatency(us)=12.79] [READ AverageLatency(us)=2483.97] 
2014-07-22 19:03:13:929 2640 sec: 38267706 operations; 10618.5 current ops/sec; [INSERT AverageLatency(us)=13.79] [READ AverageLatency(us)=2086.82] 
2014-07-22 19:03:23:930 2650 sec: 38345283 operations; 7756.92 current ops/sec; [INSERT AverageLatency(us)=12.62] [READ AverageLatency(us)=2848.87] 
2014-07-22 19:03:33:930 2660 sec: 38369195 operations; 2391.2 current ops/sec; [INSERT AverageLatency(us)=12.34] [READ AverageLatency(us)=9298.88] 
2014-07-22 19:03:43:931 2670 sec: 38418385 operations; 4918.51 current ops/sec; [INSERT AverageLatency(us)=14.51] [READ AverageLatency(us)=4511.74] 
2014-07-22 19:03:53:931 2680 sec: 38462481 operations; 4409.6 current ops/sec; [INSERT AverageLatency(us)=14.08] [READ AverageLatency(us)=5047.06] 
2014-07-22 19:04:03:932 2690 sec: 38575669 operations; 11317.67 current ops/sec; [INSERT AverageLatency(us)=27.02] [READ AverageLatency(us)=1952.87] 
2014-07-22 19:04:13:932 2700 sec: 38702623 operations; 12695.4 current ops/sec; [INSERT AverageLatency(us)=12.6] [READ AverageLatency(us)=1746.98] 
2014-07-22 19:04:23:933 2710 sec: 38836084 operations; 13344.77 current ops/sec; [INSERT AverageLatency(us)=12.41] [READ AverageLatency(us)=1658.65] 
2014-07-22 19:04:33:933 2720 sec: 38971310 operations; 13522.6 current ops/sec; [INSERT AverageLatency(us)=11.84] [READ AverageLatency(us)=1636.71] 
2014-07-22 19:04:43:934 2730 sec: 39105826 operations; 13451.6 current ops/sec; [INSERT AverageLatency(us)=12.76] [READ AverageLatency(us)=1644.86] 
2014-07-22 19:04:53:934 2740 sec: 39234125 operations; 12828.62 current ops/sec; [INSERT AverageLatency(us)=12.82] [READ AverageLatency(us)=1724.39] 
2014-07-22 19:05:03:934 2750 sec: 39360880 operations; 12675.5 current ops/sec; [INSERT AverageLatency(us)=12.73] [READ AverageLatency(us)=1745.75] 
2014-07-22 19:05:13:935 2760 sec: 39461463 operations; 10057.29 current ops/sec; [INSERT AverageLatency(us)=14.62] [READ AverageLatency(us)=2202.79] 
2014-07-22 19:05:23:935 2770 sec: 39555702 operations; 9423.9 current ops/sec; [INSERT AverageLatency(us)=18.56] [READ AverageLatency(us)=2347.05] 
2014-07-22 19:05:33:936 2780 sec: 39641864 operations; 8615.34 current ops/sec; [INSERT AverageLatency(us)=12.42] [READ AverageLatency(us)=2573.1] 
2014-07-22 19:05:43:936 2790 sec: 39759990 operations; 11812.6 current ops/sec; [INSERT AverageLatency(us)=12.56] [READ AverageLatency(us)=1871.58] 
2014-07-22 19:05:53:937 2800 sec: 39867234 operations; 10723.33 current ops/sec; [INSERT AverageLatency(us)=12.41] [READ AverageLatency(us)=2015.67] 
2014-07-22 19:06:03:937 2810 sec: 39976838 operations; 10960.4 current ops/sec; [INSERT AverageLatency(us)=12.04] [READ AverageLatency(us)=2072.98] 
2014-07-22 19:06:13:938 2820 sec: 40094309 operations; 11745.93 current ops/sec; [INSERT AverageLatency(us)=12.02] [READ AverageLatency(us)=1883.25] 
2014-07-22 19:06:23:938 2830 sec: 40206810 operations; 11250.1 current ops/sec; [INSERT AverageLatency(us)=12.39] [READ AverageLatency(us)=1966.64] 
2014-07-22 19:06:33:938 2840 sec: 40325432 operations; 11862.2 current ops/sec; [INSERT AverageLatency(us)=12.55] [READ AverageLatency(us)=1866.82] 
2014-07-22 19:06:43:939 2850 sec: 40426922 operations; 10147.99 current ops/sec; [INSERT AverageLatency(us)=16.27] [READ AverageLatency(us)=2172.84] 
2014-07-22 19:06:53:939 2860 sec: 40512291 operations; 8536.9 current ops/sec; [INSERT AverageLatency(us)=14.41] [READ AverageLatency(us)=2603.04] 
2014-07-22 19:07:03:940 2870 sec: 40601389 operations; 8908.91 current ops/sec; [INSERT AverageLatency(us)=11.65] [READ AverageLatency(us)=2485.76] 
2014-07-22 19:07:13:940 2880 sec: 40666048 operations; 6465.9 current ops/sec; [INSERT AverageLatency(us)=13.37] [READ AverageLatency(us)=3421.6] 
2014-07-22 19:07:23:941 2890 sec: 40771337 operations; 10528.9 current ops/sec; [INSERT AverageLatency(us)=13.51] [READ AverageLatency(us)=2105.55] 
2014-07-22 19:07:33:941 2900 sec: 40859942 operations; 8859.61 current ops/sec; [INSERT AverageLatency(us)=11.75] [READ AverageLatency(us)=2506.76] 
2014-07-22 19:07:43:941 2910 sec: 40954693 operations; 9475.1 current ops/sec; [INSERT AverageLatency(us)=13.1] [READ AverageLatency(us)=2335.76] 
2014-07-22 19:07:53:947 2920 sec: 41051725 operations; 9698.35 current ops/sec; [INSERT AverageLatency(us)=11.82] [READ AverageLatency(us)=2286.95] 
2014-07-22 19:08:03:947 2930 sec: 41145978 operations; 9424.36 current ops/sec; [INSERT AverageLatency(us)=27.99] [READ AverageLatency(us)=2348.1] 
2014-07-22 19:08:13:947 2940 sec: 41233087 operations; 8710.9 current ops/sec; [INSERT AverageLatency(us)=12.46] [READ AverageLatency(us)=2482.1] 
2014-07-22 19:08:23:948 2950 sec: 41319832 operations; 8673.63 current ops/sec; [INSERT AverageLatency(us)=15.26] [READ AverageLatency(us)=2620.73] 
2014-07-22 19:08:33:948 2960 sec: 41396470 operations; 7663.8 current ops/sec; [INSERT AverageLatency(us)=16.45] [READ AverageLatency(us)=2891.31] 
2014-07-22 19:08:43:949 2970 sec: 41485618 operations; 8913.91 current ops/sec; [INSERT AverageLatency(us)=15.16] [READ AverageLatency(us)=2486.68] 
2014-07-22 19:08:53:949 2980 sec: 41565401 operations; 7978.3 current ops/sec; [INSERT AverageLatency(us)=13.22] [READ AverageLatency(us)=2784.8] 
2014-07-22 19:09:03:950 2990 sec: 41665197 operations; 9978.6 current ops/sec; [INSERT AverageLatency(us)=13.44] [READ AverageLatency(us)=2223.64] 
2014-07-22 19:09:13:950 3000 sec: 41763977 operations; 9878 current ops/sec; [INSERT AverageLatency(us)=12.72] [READ AverageLatency(us)=2224.21] 
2014-07-22 19:09:23:951 3010 sec: 41865935 operations; 10195.8 current ops/sec; [INSERT AverageLatency(us)=12.67] [READ AverageLatency(us)=2188.3] 
2014-07-22 19:09:33:951 3020 sec: 41968273 operations; 10232.78 current ops/sec; [INSERT AverageLatency(us)=12.12] [READ AverageLatency(us)=2163.29] 
2014-07-22 19:09:43:951 3030 sec: 42069766 operations; 10149.3 current ops/sec; [INSERT AverageLatency(us)=14.16] [READ AverageLatency(us)=2184.22] 
2014-07-22 19:09:53:952 3040 sec: 42165795 operations; 9601.94 current ops/sec; [INSERT AverageLatency(us)=13.55] [READ AverageLatency(us)=2308.97] 
2014-07-22 19:10:03:952 3050 sec: 42263135 operations; 9734 current ops/sec; [INSERT AverageLatency(us)=15.84] [READ AverageLatency(us)=2270.1] 
2014-07-22 19:10:13:953 3060 sec: 42347487 operations; 8434.36 current ops/sec; [INSERT AverageLatency(us)=16.45] [READ AverageLatency(us)=2636.49] 
2014-07-22 19:10:23:953 3070 sec: 42425454 operations; 7796.7 current ops/sec; [INSERT AverageLatency(us)=12.74] [READ AverageLatency(us)=2839.85] 
2014-07-22 19:10:33:954 3080 sec: 42466665 operations; 4121.1 current ops/sec; [INSERT AverageLatency(us)=11.72] [READ AverageLatency(us)=5219.59] 
2014-07-22 19:10:43:954 3090 sec: 42553817 operations; 8714.33 current ops/sec; [INSERT AverageLatency(us)=13.38] [READ AverageLatency(us)=2628.99] 
2014-07-22 19:10:53:954 3100 sec: 42660764 operations; 10694.7 current ops/sec; [INSERT AverageLatency(us)=11.64] [READ AverageLatency(us)=2066.69] 
2014-07-22 19:11:03:955 3110 sec: 42774098 operations; 11332.27 current ops/sec; [INSERT AverageLatency(us)=12.84] [READ AverageLatency(us)=1956.07] 
2014-07-22 19:11:13:955 3120 sec: 42884667 operations; 11056.9 current ops/sec; [INSERT AverageLatency(us)=12.39] [READ AverageLatency(us)=2007.56] 
2014-07-22 19:11:23:956 3130 sec: 42998221 operations; 11354.26 current ops/sec; [INSERT AverageLatency(us)=12.19] [READ AverageLatency(us)=1951.6] 
2014-07-22 19:11:33:956 3140 sec: 43109752 operations; 11153.1 current ops/sec; [INSERT AverageLatency(us)=11.94] [READ AverageLatency(us)=1983.05] 
2014-07-22 19:11:43:957 3150 sec: 43213083 operations; 10332.07 current ops/sec; [INSERT AverageLatency(us)=14.72] [READ AverageLatency(us)=2144.34] 
2014-07-22 19:11:53:957 3160 sec: 43310899 operations; 9781.6 current ops/sec; [INSERT AverageLatency(us)=15.85] [READ AverageLatency(us)=2260.65] 
2014-07-22 19:12:03:957 3170 sec: 43414856 operations; 10395.7 current ops/sec; [INSERT AverageLatency(us)=13.14] [READ AverageLatency(us)=2129.18] 
2014-07-22 19:12:13:958 3180 sec: 43530497 operations; 11562.94 current ops/sec; [INSERT AverageLatency(us)=13.2] [READ AverageLatency(us)=1908.77] 
2014-07-22 19:12:23:958 3190 sec: 43643850 operations; 11335.3 current ops/sec; [INSERT AverageLatency(us)=13.59] [READ AverageLatency(us)=1958.66] 
2014-07-22 19:12:33:959 3200 sec: 43757485 operations; 11362.36 current ops/sec; [INSERT AverageLatency(us)=12.44] [READ AverageLatency(us)=1950.63] 
2014-07-22 19:12:43:959 3210 sec: 43870561 operations; 11307.6 current ops/sec; [INSERT AverageLatency(us)=13.47] [READ AverageLatency(us)=1958.35] 
2014-07-22 19:12:53:960 3220 sec: 43979765 operations; 10919.31 current ops/sec; [INSERT AverageLatency(us)=12.98] [READ AverageLatency(us)=2024.73] 
2014-07-22 19:13:03:960 3230 sec: 44058720 operations; 7895.5 current ops/sec; [INSERT AverageLatency(us)=12.15] [READ AverageLatency(us)=2796.97] 
2014-07-22 19:13:13:961 3240 sec: 44117658 operations; 5893.21 current ops/sec; [INSERT AverageLatency(us)=14.32] [READ AverageLatency(us)=3771.48] 
2014-07-22 19:13:23:961 3250 sec: 44148516 operations; 3085.8 current ops/sec; [INSERT AverageLatency(us)=14.09] [READ AverageLatency(us)=7198.38] 
2014-07-22 19:13:33:962 3260 sec: 44231086 operations; 8257 current ops/sec; [INSERT AverageLatency(us)=16.52] [READ AverageLatency(us)=2677.4] 
2014-07-22 19:13:43:962 3270 sec: 44287681 operations; 5658.93 current ops/sec; [INSERT AverageLatency(us)=14.23] [READ AverageLatency(us)=3925.03] 
2014-07-22 19:13:53:962 3280 sec: 44378767 operations; 9108.6 current ops/sec; [INSERT AverageLatency(us)=13.12] [READ AverageLatency(us)=2431.37] 
2014-07-22 19:14:03:963 3290 sec: 44489080 operations; 11030.2 current ops/sec; [INSERT AverageLatency(us)=12.12] [READ AverageLatency(us)=2007.67] 
2014-07-22 19:14:13:963 3300 sec: 44606197 operations; 11711.7 current ops/sec; [INSERT AverageLatency(us)=13.35] [READ AverageLatency(us)=1890.77] 
2014-07-22 19:14:23:964 3310 sec: 44711790 operations; 10558.24 current ops/sec; [INSERT AverageLatency(us)=13.54] [READ AverageLatency(us)=2098.16] 
2014-07-22 19:14:33:964 3320 sec: 44820514 operations; 10872.4 current ops/sec; [INSERT AverageLatency(us)=12.34] [READ AverageLatency(us)=2024.39] 
2014-07-22 19:14:43:965 3330 sec: 44930126 operations; 10960.1 current ops/sec; [INSERT AverageLatency(us)=12.75] [READ AverageLatency(us)=2036.74] 
2014-07-22 19:14:53:965 3340 sec: 45036853 operations; 10672.7 current ops/sec; [INSERT AverageLatency(us)=14.36] [READ AverageLatency(us)=2075.65] 
2014-07-22 19:15:03:965 3350 sec: 45131757 operations; 9490.4 current ops/sec; [INSERT AverageLatency(us)=16.47] [READ AverageLatency(us)=2331.53] 
2014-07-22 19:15:13:966 3360 sec: 45222060 operations; 9029.4 current ops/sec; [INSERT AverageLatency(us)=14.91] [READ AverageLatency(us)=2450.39] 
2014-07-22 19:15:23:966 3370 sec: 45318883 operations; 9682.3 current ops/sec; [INSERT AverageLatency(us)=11.56] [READ AverageLatency(us)=2286.22] 
2014-07-22 19:15:33:967 3380 sec: 45410038 operations; 9114.59 current ops/sec; [INSERT AverageLatency(us)=12.82] [READ AverageLatency(us)=2432.73] 
2014-07-22 19:15:43:967 3390 sec: 45522757 operations; 11271.9 current ops/sec; [INSERT AverageLatency(us)=12.51] [READ AverageLatency(us)=1962.96] 
2014-07-22 19:15:53:968 3400 sec: 45635542 operations; 11277.37 current ops/sec; [INSERT AverageLatency(us)=12.46] [READ AverageLatency(us)=1962.99] 
2014-07-22 19:16:03:968 3410 sec: 45748484 operations; 11294.2 current ops/sec; [INSERT AverageLatency(us)=12.53] [READ AverageLatency(us)=1953.14] 
2014-07-22 19:16:13:968 3420 sec: 45859059 operations; 11057.5 current ops/sec; [INSERT AverageLatency(us)=12.24] [READ AverageLatency(us)=2012.67] 
2014-07-22 19:16:23:969 3430 sec: 45959642 operations; 10057.29 current ops/sec; [INSERT AverageLatency(us)=13.76] [READ AverageLatency(us)=2204.55] 
2014-07-22 19:16:33:969 3440 sec: 46051437 operations; 9179.5 current ops/sec; [INSERT AverageLatency(us)=15.26] [READ AverageLatency(us)=2399.94] 
2014-07-22 19:16:43:970 3450 sec: 46142845 operations; 9139.89 current ops/sec; [INSERT AverageLatency(us)=16.06] [READ AverageLatency(us)=2437.44] 
2014-07-22 19:16:53:970 3460 sec: 46236911 operations; 9406.6 current ops/sec; [INSERT AverageLatency(us)=11.9] [READ AverageLatency(us)=2354.59] 
2014-07-22 19:17:03:971 3470 sec: 46349017 operations; 11209.48 current ops/sec; [INSERT AverageLatency(us)=12.23] [READ AverageLatency(us)=1980.59] 
2014-07-22 19:17:13:971 3480 sec: 46456956 operations; 10793.9 current ops/sec; [INSERT AverageLatency(us)=11.85] [READ AverageLatency(us)=2051] 
2014-07-22 19:17:23:971 3490 sec: 46564882 operations; 10792.6 current ops/sec; [INSERT AverageLatency(us)=13.75] [READ AverageLatency(us)=2050.84] 
2014-07-22 19:17:33:972 3500 sec: 46670140 operations; 10524.75 current ops/sec; [INSERT AverageLatency(us)=11.78] [READ AverageLatency(us)=2103.9] 
2014-07-22 19:17:43:972 3510 sec: 46775993 operations; 10585.3 current ops/sec; [INSERT AverageLatency(us)=12.7] [READ AverageLatency(us)=2093.79] 
2014-07-22 19:17:53:973 3520 sec: 46849598 operations; 7359.76 current ops/sec; [INSERT AverageLatency(us)=12.46] [READ AverageLatency(us)=3010.32] 
2014-07-22 19:18:03:973 3530 sec: 46922675 operations; 7307.7 current ops/sec; [INSERT AverageLatency(us)=13.63] [READ AverageLatency(us)=3034.5] 
2014-07-22 19:18:13:974 3540 sec: 46984184 operations; 6150.9 current ops/sec; [INSERT AverageLatency(us)=19.48] [READ AverageLatency(us)=3607.64] 
2014-07-22 19:18:23:974 3550 sec: 47060126 operations; 7593.44 current ops/sec; [INSERT AverageLatency(us)=17.84] [READ AverageLatency(us)=2886.83] 
2014-07-22 19:18:33:974 3560 sec: 47132679 operations; 7255.3 current ops/sec; [INSERT AverageLatency(us)=14.88] [READ AverageLatency(us)=2973.72] 
2014-07-22 19:18:43:975 3570 sec: 47185879 operations; 5319.47 current ops/sec; [INSERT AverageLatency(us)=13.26] [READ AverageLatency(us)=4311.66] 
2014-07-22 19:18:53:975 3580 sec: 47240849 operations; 5497 current ops/sec; [INSERT AverageLatency(us)=13.65] [READ AverageLatency(us)=4049.93] 
2014-07-22 19:19:03:976 3590 sec: 47313484 operations; 7262.77 current ops/sec; [INSERT AverageLatency(us)=12.42] [READ AverageLatency(us)=3055.43] 
2014-07-22 19:19:13:976 3600 sec: 47329447 operations; 1596.3 current ops/sec; [INSERT AverageLatency(us)=11.7] [READ AverageLatency(us)=2462.87] 
2014-07-22 19:19:23:977 3610 sec: 47329447 operations; 0 current ops/sec;   
2014-07-22 19:19:33:977 3620 sec: 47329447 operations; 0 current ops/sec;   
2014-07-22 19:19:43:977 3630 sec: 47329447 operations; 0 current ops/sec;   
2014-07-22 19:19:53:978 3640 sec: 47343415 operations; 1396.66 current ops/sec; [INSERT AverageLatency(us)=14.07] [READ AverageLatency(us)=76814.06] 
2014-07-22 19:20:03:978 3650 sec: 47397253 operations; 5383.8 current ops/sec; [INSERT AverageLatency(us)=13.98] [READ AverageLatency(us)=4123.04] 
2014-07-22 19:20:13:979 3660 sec: 47454430 operations; 5717.13 current ops/sec; [INSERT AverageLatency(us)=12.62] [READ AverageLatency(us)=3886.29] 
2014-07-22 19:20:23:979 3670 sec: 47503717 operations; 4928.7 current ops/sec; [INSERT AverageLatency(us)=11.97] [READ AverageLatency(us)=3901.13] 
2014-07-22 19:20:33:980 3680 sec: 47576641 operations; 7291.67 current ops/sec; [INSERT AverageLatency(us)=14.27] [READ AverageLatency(us)=3467.2] 
2014-07-22 19:20:43:980 3690 sec: 47664619 operations; 8797.8 current ops/sec; [INSERT AverageLatency(us)=12.7] [READ AverageLatency(us)=2455.11] 
2014-07-22 19:20:53:981 3700 sec: 47754797 operations; 9017.8 current ops/sec; [INSERT AverageLatency(us)=12.5] [READ AverageLatency(us)=2523.98] 
2014-07-22 19:21:03:981 3710 sec: 47829662 operations; 7485.75 current ops/sec; [INSERT AverageLatency(us)=13.38] [READ AverageLatency(us)=2965.48] 
2014-07-22 19:21:13:981 3720 sec: 47904330 operations; 7466.8 current ops/sec; [INSERT AverageLatency(us)=15.04] [READ AverageLatency(us)=2970.91] 
2014-07-22 19:21:23:982 3730 sec: 47944837 operations; 4050.29 current ops/sec; [INSERT AverageLatency(us)=17] [READ AverageLatency(us)=5462.41] 
2014-07-22 19:21:33:982 3740 sec: 47997665 operations; 5282.8 current ops/sec; [INSERT AverageLatency(us)=14.66] [READ AverageLatency(us)=4207.89] 
2014-07-22 19:21:43:983 3750 sec: 48041636 operations; 4396.66 current ops/sec; [INSERT AverageLatency(us)=12.94] [READ AverageLatency(us)=4851.47] 
2014-07-22 19:21:53:983 3760 sec: 48072443 operations; 3080.7 current ops/sec; [INSERT AverageLatency(us)=11.93] [READ AverageLatency(us)=7423.04] 
2014-07-22 19:22:03:984 3770 sec: 48117368 operations; 4492.5 current ops/sec; [INSERT AverageLatency(us)=11.9] [READ AverageLatency(us)=4985.19] 
2014-07-22 19:22:13:984 3780 sec: 48169443 operations; 5206.98 current ops/sec; [INSERT AverageLatency(us)=12.69] [READ AverageLatency(us)=4161.45] 
2014-07-22 19:22:23:984 3790 sec: 48211068 operations; 4162.5 current ops/sec; [INSERT AverageLatency(us)=15.75] [READ AverageLatency(us)=5456.73] 
2014-07-22 19:22:33:985 3800 sec: 48250525 operations; 3945.31 current ops/sec; [INSERT AverageLatency(us)=12.92] [READ AverageLatency(us)=5621.06] 
2014-07-22 19:22:43:985 3810 sec: 48291858 operations; 4133.3 current ops/sec; [INSERT AverageLatency(us)=11.84] [READ AverageLatency(us)=4902.19] 
2014-07-22 19:22:53:986 3820 sec: 48332611 operations; 4074.89 current ops/sec; [INSERT AverageLatency(us)=14.76] [READ AverageLatency(us)=5742.92] 
2014-07-22 19:23:03:986 3830 sec: 48394481 operations; 6187 current ops/sec; [INSERT AverageLatency(us)=14.38] [READ AverageLatency(us)=3707] 
2014-07-22 19:23:13:986 3840 sec: 48437557 operations; 4307.6 current ops/sec; [INSERT AverageLatency(us)=13.05] [READ AverageLatency(us)=5152.87] 
2014-07-22 19:23:23:987 3850 sec: 48480820 operations; 4325.87 current ops/sec; [INSERT AverageLatency(us)=12] [READ AverageLatency(us)=5117.02] 
2014-07-22 19:23:33:987 3860 sec: 48521361 operations; 4054.1 current ops/sec; [INSERT AverageLatency(us)=14.81] [READ AverageLatency(us)=5485.87] 
2014-07-22 19:23:43:988 3870 sec: 48560077 operations; 3871.21 current ops/sec; [INSERT AverageLatency(us)=17.6] [READ AverageLatency(us)=4979.82] 
2014-07-22 19:23:53:988 3880 sec: 48604517 operations; 4444 current ops/sec; [INSERT AverageLatency(us)=14.14] [READ AverageLatency(us)=5658.41] 
2014-07-22 19:24:03:989 3890 sec: 48636428 operations; 3190.78 current ops/sec; [INSERT AverageLatency(us)=12.23] [READ AverageLatency(us)=6843.84] 
2014-07-22 19:24:13:989 3900 sec: 48697769 operations; 6134.1 current ops/sec; [INSERT AverageLatency(us)=12.41] [READ AverageLatency(us)=3643.33] 
2014-07-22 19:24:23:990 3910 sec: 48730473 operations; 3270.07 current ops/sec; [INSERT AverageLatency(us)=11.8] [READ AverageLatency(us)=6850.95] 
2014-07-22 19:24:33:990 3920 sec: 48774759 operations; 4428.6 current ops/sec; [INSERT AverageLatency(us)=14.94] [READ AverageLatency(us)=4852.27] 
2014-07-22 19:24:43:991 3930 sec: 48819549 operations; 4479 current ops/sec; [INSERT AverageLatency(us)=13.19] [READ AverageLatency(us)=5098.57] 
2014-07-22 19:24:53:991 3940 sec: 48866035 operations; 4648.14 current ops/sec; [INSERT AverageLatency(us)=16.53] [READ AverageLatency(us)=4796.06] 
2014-07-22 19:25:03:991 3950 sec: 48906113 operations; 4007.8 current ops/sec; [INSERT AverageLatency(us)=13.89] [READ AverageLatency(us)=5012.31] 
2014-07-22 19:25:13:992 3960 sec: 48954933 operations; 4881.51 current ops/sec; [INSERT AverageLatency(us)=18.29] [READ AverageLatency(us)=4980.28] 
2014-07-22 19:25:23:992 3970 sec: 49022774 operations; 6784.1 current ops/sec; [INSERT AverageLatency(us)=13.24] [READ AverageLatency(us)=3267.41] 
2014-07-22 19:25:33:993 3980 sec: 49085343 operations; 6256.27 current ops/sec; [INSERT AverageLatency(us)=12.68] [READ AverageLatency(us)=3553.71] 
2014-07-22 19:25:43:993 3990 sec: 49150400 operations; 6505.7 current ops/sec; [INSERT AverageLatency(us)=13.34] [READ AverageLatency(us)=3412.41] 
2014-07-22 19:25:53:994 4000 sec: 49209453 operations; 5905.3 current ops/sec; [INSERT AverageLatency(us)=28.7] [READ AverageLatency(us)=3727.13] 
2014-07-22 19:26:03:994 4010 sec: 49271437 operations; 6197.78 current ops/sec; [INSERT AverageLatency(us)=11.86] [READ AverageLatency(us)=3603.77] 
2014-07-22 19:26:13:994 4020 sec: 49333548 operations; 6211.1 current ops/sec; [INSERT AverageLatency(us)=13.13] [READ AverageLatency(us)=3575.23] 
2014-07-22 19:26:23:995 4030 sec: 49397480 operations; 6392.56 current ops/sec; [INSERT AverageLatency(us)=12.57] [READ AverageLatency(us)=3470.65] 
2014-07-22 19:26:33:995 4040 sec: 49451364 operations; 5388.4 current ops/sec; [INSERT AverageLatency(us)=14.65] [READ AverageLatency(us)=4111.81] 
2014-07-22 19:26:43:996 4050 sec: 49528359 operations; 7698.73 current ops/sec; [INSERT AverageLatency(us)=14.87] [READ AverageLatency(us)=2876.3] 
2014-07-22 19:26:53:996 4060 sec: 49605498 operations; 7713.9 current ops/sec; [INSERT AverageLatency(us)=12.76] [READ AverageLatency(us)=2874.92] 
2014-07-22 19:27:03:997 4070 sec: 49682775 operations; 7727.7 current ops/sec; [INSERT AverageLatency(us)=16.46] [READ AverageLatency(us)=2861.3] 
2014-07-22 19:27:13:997 4080 sec: 49755407 operations; 7262.47 current ops/sec; [INSERT AverageLatency(us)=13.49] [READ AverageLatency(us)=3059.6] 
2014-07-22 19:27:23:997 4090 sec: 49827221 operations; 7181.4 current ops/sec; [INSERT AverageLatency(us)=16] [READ AverageLatency(us)=3090.16] 
2014-07-22 19:27:33:998 4100 sec: 49869162 operations; 4193.68 current ops/sec; [INSERT AverageLatency(us)=13.62] [READ AverageLatency(us)=5282.83] 
2014-07-22 19:27:43:998 4110 sec: 49927851 operations; 5868.9 current ops/sec; [INSERT AverageLatency(us)=14.38] [READ AverageLatency(us)=3780.56] 
2014-07-22 19:27:53:999 4120 sec: 49992520 operations; 6466.25 current ops/sec; [UPDATE AverageLatency(us)=122831.09] [INSERT AverageLatency(us)=14.4] [READ AverageLatency(us)=2755.38] [CLEANUP AverageLatency(us)=123015.09] 
2014-07-22 19:27:58:503 4124 sec: 50000000 operations; 1660.75 current ops/sec; [UPDATE AverageLatency(us)=186825.67] [INSERT AverageLatency(us)=11.39] [READ AverageLatency(us)=3201.75] [CLEANUP AverageLatency(us)=186832] 
+ echo 'end time:'
end time:
++ date +%s
+ echo 1406082478
1406082478
+ echo 'sleeping for 10 sec ...'
sleeping for 10 sec ...
+ sleep 10
+ false
+ false
+ false
+ false
+ let counter=1+1
+ read line
+ set +x
