++ wc -l
++ ls caseresult/ -ltr
+ filename=case46
+ mkdir caseresult/case46
+ RESULT_DIR=/home/hadoop/git/physical_design/caseresult/case46
+ TEN=10
+ SIXTY=60
+ SLEEP_TIME=300
+ YCSB_DIR=/home/hadoop/ycsb-0.1.4
+ number_of_operations=50000000
+ number_of_threads=20
+ number_of_records=50000000
+ output_file_suffix=.dat
+ experiment_list_file=/home/hadoop/git/physical_design/case46.list
+ clean=false
+ create=false
+ load=false
+ random_read=false
+ workloada=false
+ workloadb=false
+ workloadc=false
+ scan=false
+ all=false
+ for i in '$@'
+ '[' clean == all ']'
+ '[' clean == clean ']'
+ clean=true
+ for i in '$@'
+ '[' create == all ']'
+ '[' create == clean ']'
+ '[' create == create ']'
+ create=true
+ for i in '$@'
+ '[' workloadc == all ']'
+ '[' workloadc == clean ']'
+ '[' workloadc == create ']'
+ '[' workloadc == load ']'
+ '[' workloadc == random_read ']'
+ '[' workloadc == scan ']'
+ '[' workloadc == workloada ']'
+ '[' workloadc == workloadb ']'
+ '[' workloadc == workloadc ']'
+ workloadc=true
+ let counter=1
+ cd /home/hadoop/ycsb-0.1.4
++ pwd
+ echo /home/hadoop/ycsb-0.1.4
/home/hadoop/ycsb-0.1.4
+ read line
+ false
+ true
+ echo 'sleeping for 60 ...'
sleeping for 60 ...
+ sleep 60
+ echo 'droping usertable...'
droping usertable...
+ hbase shell /home/hadoop/git/physical_design/delete_table
SLF4J: Class path contains multiple SLF4J bindings.
SLF4J: Found binding in [jar:file:/home/hadoop/hbase-0.98.3-hadoop1/lib/slf4j-log4j12-1.6.4.jar!/org/slf4j/impl/StaticLoggerBinder.class]
SLF4J: Found binding in [jar:file:/home/hadoop/hadoop-1.2.1/lib/slf4j-log4j12-1.4.3.jar!/org/slf4j/impl/StaticLoggerBinder.class]
SLF4J: See http://www.slf4j.org/codes.html#multiple_bindings for an explanation.
0 row(s) in 2.6170 seconds

0 row(s) in 2.2770 seconds

0 row(s) in 0.0610 seconds

+ echo 'sleeping for 300 ...'
sleeping for 300 ...
+ sleep 300
+ false
+ true
+ echo 'creating usertable...'
creating usertable...
+ create_statement='create '\''usertable'\'', { NAME=>'\''family'\'', COMPRESSION=>'\''GZ'\''}, SPLITS => ['\''user1'\'', '\''user2'\'', '\''user3'\'', '\''user4'\'', '\''user5'\'', '\''user6'\'', '\''user7'\'', '\''user8'\'', '\''user9'\'']'
+ echo create ''\''usertable'\'',' '{' 'NAME=>'\''family'\'',' 'COMPRESSION=>'\''GZ'\''},' SPLITS '=>' '['\''user1'\'',' ''\''user2'\'',' ''\''user3'\'',' ''\''user4'\'',' ''\''user5'\'',' ''\''user6'\'',' ''\''user7'\'',' ''\''user8'\'',' ''\''user9'\'']'
+ echo 'exit '
+ create_table /home/hadoop/git/physical_design/caseresult/case46/create_1.script
+ echo 'creating table...'
creating table...
+ echo /home/hadoop/git/physical_design/caseresult/case46/create_1.script
/home/hadoop/git/physical_design/caseresult/case46/create_1.script
+ hbase shell /home/hadoop/git/physical_design/caseresult/case46/create_1.script
SLF4J: Class path contains multiple SLF4J bindings.
SLF4J: Found binding in [jar:file:/home/hadoop/hbase-0.98.3-hadoop1/lib/slf4j-log4j12-1.6.4.jar!/org/slf4j/impl/StaticLoggerBinder.class]
SLF4J: Found binding in [jar:file:/home/hadoop/hadoop-1.2.1/lib/slf4j-log4j12-1.4.3.jar!/org/slf4j/impl/StaticLoggerBinder.class]
SLF4J: See http://www.slf4j.org/codes.html#multiple_bindings for an explanation.
0 row(s) in 1.8960 seconds

+ echo 'sleeping for 10 sec ...'
sleeping for 10 sec ...
+ sleep 10
+ false
+ false
+ false
+ false
+ false
+ false
+ false
+ false
+ false
+ true
+ echo workloadc...
workloadc...
+ echo 'start time: '
start time: 
++ date +%s
+ echo 1404957372
1404957372
++ echo /home/hadoop/git/physical_design/caseresult/case46/workloadc_1.dat
+ ./workloadc 50000000 20 /home/hadoop/git/physical_design/caseresult/case46/workloadc_1.dat
Loading workload...
Starting test.
2014-07-09 18:56:13:053 0 sec: 0 operations; 
14/07/09 18:56:13 INFO zookeeper.ZooKeeper: Client environment:zookeeper.version=3.4.6-1569965, built on 02/20/2014 09:09 GMT
14/07/09 18:56:13 INFO zookeeper.ZooKeeper: Client environment:host.name=sceplus-vm48.almaden.ibm.com
14/07/09 18:56:13 INFO zookeeper.ZooKeeper: Client environment:java.version=1.6.0_31
14/07/09 18:56:13 INFO zookeeper.ZooKeeper: Client environment:java.vendor=Sun Microsystems Inc.
14/07/09 18:56:13 INFO zookeeper.ZooKeeper: Client environment:java.home=/usr/lib/jvm/java-6-openjdk-amd64/jre
14/07/09 18:56:13 INFO zookeeper.ZooKeeper: Client environment:java.class.path=/home/hadoop/ycsb-0.1.4/hbase-binding/lib/hbase-binding-0.1.4.jar:/home/hadoop/ycsb-0.1.4/hbase-binding/conf:/home/hadoop/ycsb-0.1.4/jdbc-binding/conf:/home/hadoop/ycsb-0.1.4/core/lib/core-0.1.4.jar
14/07/09 18:56:13 INFO zookeeper.ZooKeeper: Client environment:java.library.path=/usr/lib/jvm/java-6-openjdk-amd64/jre/lib/amd64/server:/usr/lib/jvm/java-6-openjdk-amd64/jre/lib/amd64:/usr/lib/jvm/java-6-openjdk-amd64/jre/../lib/amd64:/usr/java/packages/lib/amd64:/usr/lib/jni:/lib:/usr/lib
14/07/09 18:56:13 INFO zookeeper.ZooKeeper: Client environment:java.io.tmpdir=/tmp
14/07/09 18:56:13 INFO zookeeper.ZooKeeper: Client environment:java.compiler=<NA>
14/07/09 18:56:13 INFO zookeeper.ZooKeeper: Client environment:os.name=Linux
14/07/09 18:56:13 INFO zookeeper.ZooKeeper: Client environment:os.arch=amd64
14/07/09 18:56:13 INFO zookeeper.ZooKeeper: Client environment:os.version=3.13.0-24-generic
14/07/09 18:56:13 INFO zookeeper.ZooKeeper: Client environment:user.name=hadoop
14/07/09 18:56:13 INFO zookeeper.ZooKeeper: Client environment:user.home=/home/hadoop
14/07/09 18:56:13 INFO zookeeper.ZooKeeper: Client environment:user.dir=/home/hadoop/ycsb-0.1.4
14/07/09 18:56:13 INFO zookeeper.ZooKeeper: Initiating client connection, connectString=sceplus-vm49.almaden.ibm.com:2181,sceplus-vm48.almaden.ibm.com:2181 sessionTimeout=90000 watcher=hconnection-0x578ef2b6, quorum=sceplus-vm49.almaden.ibm.com:2181,sceplus-vm48.almaden.ibm.com:2181, baseZNode=/hbase
14/07/09 18:56:13 INFO zookeeper.RecoverableZooKeeper: Process identifier=hconnection-0x578ef2b6 connecting to ZooKeeper ensemble=sceplus-vm49.almaden.ibm.com:2181,sceplus-vm48.almaden.ibm.com:2181
14/07/09 18:56:13 INFO zookeeper.ClientCnxn: Opening socket connection to server slave1/9.1.143.59:2181. Will not attempt to authenticate using SASL (unknown error)
14/07/09 18:56:13 INFO zookeeper.ClientCnxn: Socket connection established to slave1/9.1.143.59:2181, initiating session
14/07/09 18:56:13 INFO zookeeper.ClientCnxn: Session establishment complete on server slave1/9.1.143.59:2181, sessionid = 0x1471df63fe2000b, negotiated timeout = 90000
2014-07-09 18:56:23:055 10 sec: 1497 operations; 149.54 current ops/sec; [INSERT AverageLatency(us)=12316.37] [READ AverageLatency(us)=61256.1] 
2014-07-09 18:56:33:059 20 sec: 6842 operations; 534.29 current ops/sec; [INSERT AverageLatency(us)=21] [READ AverageLatency(us)=9033.04] 
2014-07-09 18:56:43:061 30 sec: 50853 operations; 4400.66 current ops/sec; [INSERT AverageLatency(us)=14.35] [READ AverageLatency(us)=7472.75] 
2014-07-09 18:56:53:061 40 sec: 149783 operations; 9892.01 current ops/sec; [INSERT AverageLatency(us)=24.08] [READ AverageLatency(us)=10947.38] 
2014-07-09 18:57:03:062 50 sec: 374269 operations; 22446.36 current ops/sec; [INSERT AverageLatency(us)=19.49] [READ AverageLatency(us)=6235.66] 
2014-07-09 18:57:16:280 63 sec: 425749 operations; 3894.98 current ops/sec; [INSERT AverageLatency(us)=12.1] [READ AverageLatency(us)=8293.48] 
2014-07-09 18:57:32:178 79 sec: 556081 operations; 8198.01 current ops/sec; [INSERT AverageLatency(us)=93.46] [READ AverageLatency(us)=31689.58] 
2014-07-09 18:57:42:216 89 sec: 631260 operations; 7488.69 current ops/sec; [INSERT AverageLatency(us)=66.89] [READ AverageLatency(us)=31291.12] 
2014-07-09 18:57:52:220 99 sec: 715271 operations; 8397.74 current ops/sec; [INSERT AverageLatency(us)=19.79] [READ AverageLatency(us)=25052.51] 
2014-07-09 18:58:02:221 109 sec: 828670 operations; 11338.77 current ops/sec; [INSERT AverageLatency(us)=32.57] [READ AverageLatency(us)=16807.48] 
2014-07-09 18:58:12:223 119 sec: 932209 operations; 10351.83 current ops/sec; [INSERT AverageLatency(us)=83.93] [READ AverageLatency(us)=17619.58] 
2014-07-09 18:58:22:224 129 sec: 1025003 operations; 9278.47 current ops/sec; [INSERT AverageLatency(us)=29.19] [READ AverageLatency(us)=21344.34] 
2014-07-09 18:58:32:227 139 sec: 1059569 operations; 3455.56 current ops/sec; [INSERT AverageLatency(us)=32.16] [READ AverageLatency(us)=59392.47] 
2014-07-09 18:58:42:231 149 sec: 1167311 operations; 10769.89 current ops/sec; [INSERT AverageLatency(us)=17.38] [READ AverageLatency(us)=18231.99] 
2014-07-09 18:58:52:231 159 sec: 1333825 operations; 16651.4 current ops/sec; [INSERT AverageLatency(us)=15.26] [READ AverageLatency(us)=11866.6] 
2014-07-09 18:59:02:234 169 sec: 1468610 operations; 13474.46 current ops/sec; [INSERT AverageLatency(us)=18.25] [READ AverageLatency(us)=14639.07] 
2014-07-09 18:59:12:236 179 sec: 1612582 operations; 14394.32 current ops/sec; [INSERT AverageLatency(us)=13.81] [READ AverageLatency(us)=13492.89] 
2014-07-09 18:59:22:237 189 sec: 1750909 operations; 13831.32 current ops/sec; [INSERT AverageLatency(us)=15.31] [READ AverageLatency(us)=14541.68] 
2014-07-09 18:59:32:237 199 sec: 1966108 operations; 21519.9 current ops/sec; [INSERT AverageLatency(us)=15.74] [READ AverageLatency(us)=9085.54] 
2014-07-09 18:59:42:238 209 sec: 2183031 operations; 21690.13 current ops/sec; [INSERT AverageLatency(us)=13.94] [READ AverageLatency(us)=9036.41] 
2014-07-09 18:59:52:239 219 sec: 2355863 operations; 17281.47 current ops/sec; [INSERT AverageLatency(us)=20.55] [READ AverageLatency(us)=11410.1] 
2014-07-09 19:00:02:240 229 sec: 2575866 operations; 21998.1 current ops/sec; [INSERT AverageLatency(us)=12.39] [READ AverageLatency(us)=8808.21] 
2014-07-09 19:00:12:259 239 sec: 2801753 operations; 22545.86 current ops/sec; [INSERT AverageLatency(us)=16.55] [READ AverageLatency(us)=8446.86] 
2014-07-09 19:00:22:263 249 sec: 2978759 operations; 17693.52 current ops/sec; [INSERT AverageLatency(us)=13.32] [READ AverageLatency(us)=10563.45] 
2014-07-09 19:00:32:266 259 sec: 3163761 operations; 18494.65 current ops/sec; [INSERT AverageLatency(us)=20.35] [READ AverageLatency(us)=11136.92] 
2014-07-09 19:00:42:280 269 sec: 3382196 operations; 21812.96 current ops/sec; [INSERT AverageLatency(us)=14.02] [READ AverageLatency(us)=8979.34] 
2014-07-09 19:00:52:288 279 sec: 3569462 operations; 18711.63 current ops/sec; [INSERT AverageLatency(us)=19.05] [READ AverageLatency(us)=10419.02] 
2014-07-09 19:01:02:292 289 sec: 3770502 operations; 20095.96 current ops/sec; [INSERT AverageLatency(us)=14.31] [READ AverageLatency(us)=9640.1] 
2014-07-09 19:01:12:299 299 sec: 3938018 operations; 16739.88 current ops/sec; [INSERT AverageLatency(us)=13.51] [READ AverageLatency(us)=11678.25] 
2014-07-09 19:01:22:300 309 sec: 4166334 operations; 22829.32 current ops/sec; [INSERT AverageLatency(us)=18.43] [READ AverageLatency(us)=8466.87] 
2014-07-09 19:01:32:301 319 sec: 4432858 operations; 26649.74 current ops/sec; [INSERT AverageLatency(us)=12.1] [READ AverageLatency(us)=7348.28] 
2014-07-09 19:01:42:302 329 sec: 4698934 operations; 26604.94 current ops/sec; [INSERT AverageLatency(us)=13.45] [READ AverageLatency(us)=7406.78] 
2014-07-09 19:01:52:303 339 sec: 4949383 operations; 25042.4 current ops/sec; [INSERT AverageLatency(us)=11.68] [READ AverageLatency(us)=7780.16] 
2014-07-09 19:02:02:304 349 sec: 5194769 operations; 24536.15 current ops/sec; [INSERT AverageLatency(us)=12.17] [READ AverageLatency(us)=8034.14] 
2014-07-09 19:02:12:306 359 sec: 5415079 operations; 22026.59 current ops/sec; [INSERT AverageLatency(us)=15.93] [READ AverageLatency(us)=8918.47] 
2014-07-09 19:02:22:307 369 sec: 5647982 operations; 23287.97 current ops/sec; [INSERT AverageLatency(us)=14.18] [READ AverageLatency(us)=8440.13] 
2014-07-09 19:02:32:308 379 sec: 5860066 operations; 21206.28 current ops/sec; [INSERT AverageLatency(us)=12.25] [READ AverageLatency(us)=9234.78] 
2014-07-09 19:02:42:308 389 sec: 6099816 operations; 23975 current ops/sec; [INSERT AverageLatency(us)=12.13] [READ AverageLatency(us)=8194.23] 
2014-07-09 19:02:52:309 399 sec: 6301133 operations; 20129.69 current ops/sec; [INSERT AverageLatency(us)=15.27] [READ AverageLatency(us)=9780.04] 
2014-07-09 19:03:02:310 409 sec: 6517234 operations; 21607.94 current ops/sec; [INSERT AverageLatency(us)=10.98] [READ AverageLatency(us)=9136.55] 
2014-07-09 19:03:12:311 419 sec: 6735978 operations; 21872.21 current ops/sec; [INSERT AverageLatency(us)=11.19] [READ AverageLatency(us)=8967.66] 
2014-07-09 19:03:22:312 429 sec: 6977939 operations; 24193.68 current ops/sec; [INSERT AverageLatency(us)=14.99] [READ AverageLatency(us)=8013.95] 
2014-07-09 19:03:32:313 439 sec: 7189090 operations; 21112.99 current ops/sec; [INSERT AverageLatency(us)=13.82] [READ AverageLatency(us)=9252.2] 
2014-07-09 19:03:42:314 449 sec: 7417524 operations; 22841.12 current ops/sec; [INSERT AverageLatency(us)=15.38] [READ AverageLatency(us)=8549.01] 
2014-07-09 19:03:52:314 459 sec: 7683670 operations; 26614.6 current ops/sec; [INSERT AverageLatency(us)=13.9] [READ AverageLatency(us)=7279.66] 
2014-07-09 19:04:02:315 469 sec: 7868954 operations; 18526.55 current ops/sec; [INSERT AverageLatency(us)=13.41] [READ AverageLatency(us)=10366.53] 
2014-07-09 19:04:12:319 479 sec: 8098537 operations; 22949.12 current ops/sec; [INSERT AverageLatency(us)=13.01] [READ AverageLatency(us)=8628.25] 
2014-07-09 19:04:22:320 489 sec: 8310048 operations; 21148.99 current ops/sec; [INSERT AverageLatency(us)=11.87] [READ AverageLatency(us)=9287.65] 
2014-07-09 19:04:32:321 499 sec: 8532141 operations; 22207.08 current ops/sec; [INSERT AverageLatency(us)=12.23] [READ AverageLatency(us)=8852.98] 
2014-07-09 19:04:42:322 509 sec: 8739123 operations; 20696.13 current ops/sec; [INSERT AverageLatency(us)=15.28] [READ AverageLatency(us)=9528.82] 
2014-07-09 19:04:52:323 519 sec: 8967999 operations; 22885.31 current ops/sec; [INSERT AverageLatency(us)=11.04] [READ AverageLatency(us)=8482.92] 
2014-07-09 19:05:02:324 529 sec: 9194767 operations; 22674.53 current ops/sec; [INSERT AverageLatency(us)=11.72] [READ AverageLatency(us)=8671.08] 
2014-07-09 19:05:12:326 539 sec: 9424913 operations; 23010 current ops/sec; [INSERT AverageLatency(us)=11.16] [READ AverageLatency(us)=8501.83] 
2014-07-09 19:05:22:327 549 sec: 9644192 operations; 21925.71 current ops/sec; [INSERT AverageLatency(us)=10.95] [READ AverageLatency(us)=8876.66] 
2014-07-09 19:05:32:328 559 sec: 9876838 operations; 23262.27 current ops/sec; [INSERT AverageLatency(us)=12.89] [READ AverageLatency(us)=8558.98] 
2014-07-09 19:05:42:329 569 sec: 10091423 operations; 21458.5 current ops/sec; [INSERT AverageLatency(us)=11.3] [READ AverageLatency(us)=9223.43] 
2014-07-09 19:05:52:329 579 sec: 10325253 operations; 23380.66 current ops/sec; [INSERT AverageLatency(us)=11.98] [READ AverageLatency(us)=8327.58] 
2014-07-09 19:06:02:350 589 sec: 10562978 operations; 23722.68 current ops/sec; [INSERT AverageLatency(us)=11.06] [READ AverageLatency(us)=8233.52] 
2014-07-09 19:06:12:350 599 sec: 10779377 operations; 21639.9 current ops/sec; [INSERT AverageLatency(us)=12.77] [READ AverageLatency(us)=9170.44] 
2014-07-09 19:06:22:351 609 sec: 10992294 operations; 21289.57 current ops/sec; [INSERT AverageLatency(us)=12.54] [READ AverageLatency(us)=9344.13] 
2014-07-09 19:06:32:352 619 sec: 11252197 operations; 25987.7 current ops/sec; [INSERT AverageLatency(us)=11.5] [READ AverageLatency(us)=7591.76] 
2014-07-09 19:06:42:353 629 sec: 11467652 operations; 21543.35 current ops/sec; [INSERT AverageLatency(us)=13.04] [READ AverageLatency(us)=9042] 
2014-07-09 19:06:52:354 639 sec: 11651677 operations; 18400.66 current ops/sec; [INSERT AverageLatency(us)=19.59] [READ AverageLatency(us)=10633.67] 
2014-07-09 19:07:02:354 649 sec: 11830905 operations; 17922.8 current ops/sec; [INSERT AverageLatency(us)=22.79] [READ AverageLatency(us)=11073.77] 
2014-07-09 19:07:12:355 659 sec: 12012187 operations; 18126.39 current ops/sec; [INSERT AverageLatency(us)=15.17] [READ AverageLatency(us)=10954.47] 
2014-07-09 19:07:22:356 669 sec: 12221082 operations; 20887.41 current ops/sec; [INSERT AverageLatency(us)=12.72] [READ AverageLatency(us)=9375.26] 
2014-07-09 19:07:32:357 679 sec: 12406675 operations; 18557.44 current ops/sec; [INSERT AverageLatency(us)=17.09] [READ AverageLatency(us)=10800.35] 
2014-07-09 19:07:42:357 689 sec: 12581721 operations; 17504.6 current ops/sec; [INSERT AverageLatency(us)=15.59] [READ AverageLatency(us)=11058.13] 
2014-07-09 19:07:52:358 699 sec: 12761016 operations; 17927.71 current ops/sec; [INSERT AverageLatency(us)=14.44] [READ AverageLatency(us)=10858.29] 
2014-07-09 19:08:02:359 709 sec: 12968752 operations; 20771.52 current ops/sec; [INSERT AverageLatency(us)=12.17] [READ AverageLatency(us)=9582.65] 
2014-07-09 19:08:12:359 719 sec: 13177653 operations; 20890.1 current ops/sec; [INSERT AverageLatency(us)=14.33] [READ AverageLatency(us)=9412.9] 
2014-07-09 19:08:22:360 729 sec: 13373925 operations; 19625.24 current ops/sec; [INSERT AverageLatency(us)=15.12] [READ AverageLatency(us)=9743.91] 
2014-07-09 19:08:32:361 739 sec: 13545185 operations; 17124.29 current ops/sec; [INSERT AverageLatency(us)=13.1] [READ AverageLatency(us)=11679.99] 
2014-07-09 19:08:42:362 749 sec: 13750753 operations; 20554.74 current ops/sec; [INSERT AverageLatency(us)=12.93] [READ AverageLatency(us)=9528.61] 
2014-07-09 19:08:52:363 759 sec: 13938051 operations; 18727.93 current ops/sec; [INSERT AverageLatency(us)=12.27] [READ AverageLatency(us)=10546.85] 
2014-07-09 19:09:02:364 769 sec: 14128028 operations; 18995.8 current ops/sec; [INSERT AverageLatency(us)=13.31] [READ AverageLatency(us)=10261.6] 
2014-07-09 19:09:12:365 779 sec: 14316273 operations; 18822.62 current ops/sec; [INSERT AverageLatency(us)=15.58] [READ AverageLatency(us)=10469.87] 
2014-07-09 19:09:22:366 789 sec: 14487905 operations; 17161.48 current ops/sec; [INSERT AverageLatency(us)=13.21] [READ AverageLatency(us)=11504.54] 
2014-07-09 19:09:32:366 799 sec: 14669403 operations; 18149.8 current ops/sec; [INSERT AverageLatency(us)=12.48] [READ AverageLatency(us)=10918.76] 
2014-07-09 19:09:42:367 809 sec: 14852510 operations; 18308.87 current ops/sec; [INSERT AverageLatency(us)=13.06] [READ AverageLatency(us)=10667.66] 
2014-07-09 19:09:52:368 819 sec: 15019619 operations; 16709.23 current ops/sec; [INSERT AverageLatency(us)=11.9] [READ AverageLatency(us)=12063.56] 
2014-07-09 19:10:02:369 829 sec: 15198394 operations; 17875.71 current ops/sec; [INSERT AverageLatency(us)=13.27] [READ AverageLatency(us)=10942.18] 
2014-07-09 19:10:12:369 839 sec: 15377027 operations; 17863.3 current ops/sec; [INSERT AverageLatency(us)=11.55] [READ AverageLatency(us)=11306.37] 
2014-07-09 19:10:22:370 849 sec: 15554443 operations; 17739.83 current ops/sec; [INSERT AverageLatency(us)=16.3] [READ AverageLatency(us)=11095.53] 
2014-07-09 19:10:32:433 859 sec: 15740416 operations; 18480.87 current ops/sec; [INSERT AverageLatency(us)=15.45] [READ AverageLatency(us)=10499.9] 
2014-07-09 19:10:42:434 869 sec: 15934365 operations; 19392.96 current ops/sec; [INSERT AverageLatency(us)=11.91] [READ AverageLatency(us)=10396.46] 
2014-07-09 19:10:52:435 879 sec: 16106025 operations; 17164.28 current ops/sec; [INSERT AverageLatency(us)=12.93] [READ AverageLatency(us)=11540.39] 
2014-07-09 19:11:02:435 889 sec: 16290584 operations; 18455.9 current ops/sec; [INSERT AverageLatency(us)=12.73] [READ AverageLatency(us)=10595.85] 
2014-07-09 19:11:12:436 899 sec: 16483595 operations; 19299.17 current ops/sec; [INSERT AverageLatency(us)=12.99] [READ AverageLatency(us)=10221.84] 
2014-07-09 19:11:22:437 909 sec: 16643660 operations; 16004.9 current ops/sec; [INSERT AverageLatency(us)=13.03] [READ AverageLatency(us)=12439.81] 
2014-07-09 19:11:32:438 919 sec: 16808140 operations; 16446.36 current ops/sec; [INSERT AverageLatency(us)=18.47] [READ AverageLatency(us)=11895.2] 
2014-07-09 19:11:42:439 929 sec: 16992697 operations; 18453.85 current ops/sec; [INSERT AverageLatency(us)=17.37] [READ AverageLatency(us)=10675.05] 
2014-07-09 19:11:52:440 939 sec: 17143189 operations; 15047.7 current ops/sec; [INSERT AverageLatency(us)=15.17] [READ AverageLatency(us)=13025.98] 
2014-07-09 19:12:02:441 949 sec: 17310992 operations; 16780.3 current ops/sec; [INSERT AverageLatency(us)=13.96] [READ AverageLatency(us)=11677.08] 
2014-07-09 19:12:12:441 959 sec: 17471213 operations; 16020.5 current ops/sec; [INSERT AverageLatency(us)=13.04] [READ AverageLatency(us)=12328.8] 
2014-07-09 19:12:22:442 969 sec: 17647308 operations; 17607.74 current ops/sec; [INSERT AverageLatency(us)=12.88] [READ AverageLatency(us)=11142.45] 
2014-07-09 19:12:32:443 979 sec: 17835483 operations; 18815.62 current ops/sec; [INSERT AverageLatency(us)=12.52] [READ AverageLatency(us)=10522.21] 
2014-07-09 19:12:42:444 989 sec: 17987323 operations; 15182.48 current ops/sec; [INSERT AverageLatency(us)=16.12] [READ AverageLatency(us)=12981.41] 
2014-07-09 19:12:52:445 999 sec: 18169475 operations; 18213.38 current ops/sec; [INSERT AverageLatency(us)=14.01] [READ AverageLatency(us)=10855.92] 
2014-07-09 19:13:02:446 1009 sec: 18338792 operations; 16930.01 current ops/sec; [INSERT AverageLatency(us)=13.62] [READ AverageLatency(us)=11786.32] 
2014-07-09 19:13:12:454 1019 sec: 18527239 operations; 18829.64 current ops/sec; [INSERT AverageLatency(us)=12.67] [READ AverageLatency(us)=10425.78] 
2014-07-09 19:13:22:457 1029 sec: 18712417 operations; 18512.25 current ops/sec; [INSERT AverageLatency(us)=13.52] [READ AverageLatency(us)=10554.03] 
2014-07-09 19:13:32:458 1039 sec: 18896610 operations; 18417.46 current ops/sec; [INSERT AverageLatency(us)=12.48] [READ AverageLatency(us)=10696.67] 
2014-07-09 19:13:42:467 1049 sec: 19072184 operations; 17541.61 current ops/sec; [INSERT AverageLatency(us)=12.87] [READ AverageLatency(us)=11298.57] 
2014-07-09 19:13:52:471 1059 sec: 19235206 operations; 16295.68 current ops/sec; [INSERT AverageLatency(us)=13.36] [READ AverageLatency(us)=11968.5] 
2014-07-09 19:14:02:471 1069 sec: 19418134 operations; 18292.8 current ops/sec; [INSERT AverageLatency(us)=12.27] [READ AverageLatency(us)=10757.26] 
2014-07-09 19:14:12:472 1079 sec: 19605530 operations; 18737.73 current ops/sec; [INSERT AverageLatency(us)=13.85] [READ AverageLatency(us)=10499.44] 
2014-07-09 19:14:22:473 1089 sec: 19794339 operations; 18879.01 current ops/sec; [INSERT AverageLatency(us)=12.91] [READ AverageLatency(us)=10562.01] 
2014-07-09 19:14:32:474 1099 sec: 19957996 operations; 16364.06 current ops/sec; [INSERT AverageLatency(us)=14.35] [READ AverageLatency(us)=12028.15] 
2014-07-09 19:14:42:481 1109 sec: 20140667 operations; 18254.32 current ops/sec; [INSERT AverageLatency(us)=12.83] [READ AverageLatency(us)=10971.1] 
2014-07-09 19:14:52:482 1119 sec: 20303185 operations; 16250.17 current ops/sec; [INSERT AverageLatency(us)=13.08] [READ AverageLatency(us)=11991.69] 
2014-07-09 19:15:02:483 1129 sec: 20482733 operations; 17954.8 current ops/sec; [INSERT AverageLatency(us)=13.12] [READ AverageLatency(us)=10876.59] 
2014-07-09 19:15:12:484 1139 sec: 20652149 operations; 16938.21 current ops/sec; [INSERT AverageLatency(us)=18.95] [READ AverageLatency(us)=11739.39] 
2014-07-09 19:15:22:485 1149 sec: 20829347 operations; 17718.03 current ops/sec; [INSERT AverageLatency(us)=13.99] [READ AverageLatency(us)=11189.84] 
2014-07-09 19:15:32:495 1159 sec: 21011839 operations; 18230.97 current ops/sec; [INSERT AverageLatency(us)=14.36] [READ AverageLatency(us)=10813.95] 
2014-07-09 19:15:42:496 1169 sec: 21190179 operations; 17832.22 current ops/sec; [INSERT AverageLatency(us)=13.16] [READ AverageLatency(us)=11039.61] 
2014-07-09 19:15:52:498 1179 sec: 21365279 operations; 17506.5 current ops/sec; [INSERT AverageLatency(us)=13.71] [READ AverageLatency(us)=11098.65] 
2014-07-09 19:16:02:498 1189 sec: 21544703 operations; 17942.4 current ops/sec; [INSERT AverageLatency(us)=12.29] [READ AverageLatency(us)=11015.5] 
2014-07-09 19:16:12:499 1199 sec: 21719947 operations; 17522.65 current ops/sec; [INSERT AverageLatency(us)=12.57] [READ AverageLatency(us)=11228.42] 
2014-07-09 19:16:22:500 1209 sec: 21893546 operations; 17358.16 current ops/sec; [INSERT AverageLatency(us)=12.73] [READ AverageLatency(us)=11384.34] 
2014-07-09 19:16:32:501 1219 sec: 22063738 operations; 17019.2 current ops/sec; [INSERT AverageLatency(us)=13.22] [READ AverageLatency(us)=11504.07] 
2014-07-09 19:16:42:501 1229 sec: 22232117 operations; 16836.22 current ops/sec; [INSERT AverageLatency(us)=12.03] [READ AverageLatency(us)=11784.54] 
2014-07-09 19:16:52:509 1239 sec: 22418517 operations; 18625.1 current ops/sec; [INSERT AverageLatency(us)=13.49] [READ AverageLatency(us)=10556.27] 
2014-07-09 19:17:02:510 1249 sec: 22588177 operations; 16964.3 current ops/sec; [INSERT AverageLatency(us)=15.57] [READ AverageLatency(us)=11750.91] 
2014-07-09 19:17:12:511 1259 sec: 22759787 operations; 17159.28 current ops/sec; [INSERT AverageLatency(us)=12.59] [READ AverageLatency(us)=11499.43] 
2014-07-09 19:17:22:512 1269 sec: 22916250 operations; 15644.74 current ops/sec; [INSERT AverageLatency(us)=12.86] [READ AverageLatency(us)=12460.24] 
2014-07-09 19:17:32:513 1279 sec: 23086547 operations; 17028 current ops/sec; [INSERT AverageLatency(us)=14.61] [READ AverageLatency(us)=11470.12] 
2014-07-09 19:17:42:514 1289 sec: 23258125 operations; 17156.08 current ops/sec; [INSERT AverageLatency(us)=11.08] [READ AverageLatency(us)=11569.39] 
2014-07-09 19:17:52:514 1299 sec: 23419415 operations; 16129 current ops/sec; [INSERT AverageLatency(us)=12.33] [READ AverageLatency(us)=12358.24] 
2014-07-09 19:18:02:516 1309 sec: 23583470 operations; 16402.22 current ops/sec; [INSERT AverageLatency(us)=13.52] [READ AverageLatency(us)=12088] 
2014-07-09 19:18:12:516 1319 sec: 23748199 operations; 16472.9 current ops/sec; [INSERT AverageLatency(us)=12.35] [READ AverageLatency(us)=11933.78] 
2014-07-09 19:18:22:517 1329 sec: 23910409 operations; 16219.38 current ops/sec; [INSERT AverageLatency(us)=12.84] [READ AverageLatency(us)=12316.8] 
2014-07-09 19:18:32:518 1339 sec: 24075795 operations; 16536.95 current ops/sec; [INSERT AverageLatency(us)=12.89] [READ AverageLatency(us)=11818.96] 
2014-07-09 19:18:42:519 1349 sec: 24234338 operations; 15854.3 current ops/sec; [INSERT AverageLatency(us)=13.07] [READ AverageLatency(us)=12402.07] 
2014-07-09 19:18:52:519 1359 sec: 24392278 operations; 15792.42 current ops/sec; [INSERT AverageLatency(us)=11.76] [READ AverageLatency(us)=12528.49] 
2014-07-09 19:19:02:520 1369 sec: 24565889 operations; 17359.36 current ops/sec; [INSERT AverageLatency(us)=12.16] [READ AverageLatency(us)=11396.7] 
2014-07-09 19:19:12:521 1379 sec: 24722232 operations; 15632.74 current ops/sec; [INSERT AverageLatency(us)=12.96] [READ AverageLatency(us)=12641.83] 
2014-07-09 19:19:22:522 1389 sec: 24885679 operations; 16344.7 current ops/sec; [INSERT AverageLatency(us)=13.53] [READ AverageLatency(us)=12155.2] 
2014-07-09 19:19:32:522 1399 sec: 25050161 operations; 16446.56 current ops/sec; [INSERT AverageLatency(us)=14.23] [READ AverageLatency(us)=11967.93] 
2014-07-09 19:19:42:523 1409 sec: 25213072 operations; 16289.47 current ops/sec; [INSERT AverageLatency(us)=12.44] [READ AverageLatency(us)=12033.63] 
2014-07-09 19:19:52:524 1419 sec: 25371413 operations; 15832.52 current ops/sec; [INSERT AverageLatency(us)=12.28] [READ AverageLatency(us)=12513.82] 
2014-07-09 19:20:02:524 1429 sec: 25533411 operations; 16199.8 current ops/sec; [INSERT AverageLatency(us)=12.84] [READ AverageLatency(us)=12208.65] 
2014-07-09 19:20:12:525 1439 sec: 25703727 operations; 17029.9 current ops/sec; [INSERT AverageLatency(us)=12.51] [READ AverageLatency(us)=11628.57] 
2014-07-09 19:20:22:526 1449 sec: 25856145 operations; 15240.28 current ops/sec; [INSERT AverageLatency(us)=12.84] [READ AverageLatency(us)=12822.24] 
2014-07-09 19:20:32:526 1459 sec: 26014370 operations; 15822.5 current ops/sec; [INSERT AverageLatency(us)=12.85] [READ AverageLatency(us)=12492.1] 
2014-07-09 19:20:42:527 1469 sec: 26177284 operations; 16289.77 current ops/sec; [INSERT AverageLatency(us)=13.97] [READ AverageLatency(us)=12031.24] 
2014-07-09 19:20:52:528 1479 sec: 26339633 operations; 16233.28 current ops/sec; [INSERT AverageLatency(us)=13.66] [READ AverageLatency(us)=12272.7] 
2014-07-09 19:21:02:528 1489 sec: 26489181 operations; 14954.8 current ops/sec; [INSERT AverageLatency(us)=13.02] [READ AverageLatency(us)=13209.81] 
2014-07-09 19:21:12:529 1499 sec: 26653165 operations; 16396.76 current ops/sec; [INSERT AverageLatency(us)=13.62] [READ AverageLatency(us)=12059.28] 
2014-07-09 19:21:22:530 1509 sec: 26807863 operations; 15468.25 current ops/sec; [INSERT AverageLatency(us)=14.6] [READ AverageLatency(us)=13036.85] 
2014-07-09 19:21:32:543 1519 sec: 26953918 operations; 14586.54 current ops/sec; [INSERT AverageLatency(us)=16.43] [READ AverageLatency(us)=13377.5] 
2014-07-09 19:21:42:544 1529 sec: 27128577 operations; 17464.15 current ops/sec; [INSERT AverageLatency(us)=14.12] [READ AverageLatency(us)=11203.97] 
2014-07-09 19:21:52:609 1539 sec: 27285062 operations; 15547.44 current ops/sec; [INSERT AverageLatency(us)=14.13] [READ AverageLatency(us)=12713.86] 
2014-07-09 19:22:02:611 1549 sec: 27454179 operations; 16908.32 current ops/sec; [INSERT AverageLatency(us)=12.39] [READ AverageLatency(us)=11725.67] 
2014-07-09 19:22:12:611 1559 sec: 27619814 operations; 16563.5 current ops/sec; [INSERT AverageLatency(us)=12.85] [READ AverageLatency(us)=11834.13] 
2014-07-09 19:22:22:612 1569 sec: 27773933 operations; 15410.36 current ops/sec; [INSERT AverageLatency(us)=12.61] [READ AverageLatency(us)=12769.89] 
2014-07-09 19:22:32:632 1579 sec: 27949546 operations; 17526.25 current ops/sec; [INSERT AverageLatency(us)=12.84] [READ AverageLatency(us)=11380.93] 
2014-07-09 19:22:42:633 1589 sec: 28121967 operations; 17240.38 current ops/sec; [INSERT AverageLatency(us)=13.04] [READ AverageLatency(us)=11526.7] 
2014-07-09 19:22:52:633 1599 sec: 28285387 operations; 16342 current ops/sec; [INSERT AverageLatency(us)=12.64] [READ AverageLatency(us)=12165.49] 
2014-07-09 19:23:02:634 1609 sec: 28454922 operations; 16951.8 current ops/sec; [INSERT AverageLatency(us)=13.91] [READ AverageLatency(us)=11677.65] 
2014-07-09 19:23:12:635 1619 sec: 28606804 operations; 15186.68 current ops/sec; [INSERT AverageLatency(us)=14.37] [READ AverageLatency(us)=12798.11] 
2014-07-09 19:23:22:636 1629 sec: 28764335 operations; 15751.52 current ops/sec; [INSERT AverageLatency(us)=13.83] [READ AverageLatency(us)=12497.37] 
2014-07-09 19:23:32:636 1639 sec: 28924643 operations; 16030.8 current ops/sec; [INSERT AverageLatency(us)=12.06] [READ AverageLatency(us)=12297.88] 
2014-07-09 19:23:42:637 1649 sec: 29084293 operations; 15963.4 current ops/sec; [INSERT AverageLatency(us)=13.19] [READ AverageLatency(us)=12422.56] 
2014-07-09 19:23:52:638 1659 sec: 29232618 operations; 14831.02 current ops/sec; [INSERT AverageLatency(us)=13.82] [READ AverageLatency(us)=13349.6] 
2014-07-09 19:24:02:638 1669 sec: 29397905 operations; 16528.7 current ops/sec; [INSERT AverageLatency(us)=12.45] [READ AverageLatency(us)=11924.28] 
2014-07-09 19:24:12:639 1679 sec: 29551482 operations; 15356.16 current ops/sec; [INSERT AverageLatency(us)=12.6] [READ AverageLatency(us)=12834.49] 
2014-07-09 19:24:22:640 1689 sec: 29709887 operations; 15838.92 current ops/sec; [INSERT AverageLatency(us)=14.19] [READ AverageLatency(us)=12381.47] 
2014-07-09 19:24:32:640 1699 sec: 29862219 operations; 15233.2 current ops/sec; [INSERT AverageLatency(us)=13.49] [READ AverageLatency(us)=12923.75] 
2014-07-09 19:24:42:642 1709 sec: 30012000 operations; 14975.1 current ops/sec; [INSERT AverageLatency(us)=15.69] [READ AverageLatency(us)=13188.36] 
2014-07-09 19:24:52:642 1719 sec: 30174344 operations; 16234.4 current ops/sec; [INSERT AverageLatency(us)=13.52] [READ AverageLatency(us)=12107.49] 
2014-07-09 19:25:02:643 1729 sec: 30321773 operations; 14741.43 current ops/sec; [INSERT AverageLatency(us)=12.77] [READ AverageLatency(us)=13426.47] 
2014-07-09 19:25:12:644 1739 sec: 30482285 operations; 16049.6 current ops/sec; [INSERT AverageLatency(us)=13.02] [READ AverageLatency(us)=12409.91] 
2014-07-09 19:25:22:644 1749 sec: 30646863 operations; 16457.8 current ops/sec; [INSERT AverageLatency(us)=12.6] [READ AverageLatency(us)=12048.85] 
2014-07-09 19:25:32:645 1759 sec: 30796682 operations; 14980.4 current ops/sec; [INSERT AverageLatency(us)=12.23] [READ AverageLatency(us)=13111.34] 
2014-07-09 19:25:42:747 1769 sec: 30962031 operations; 16367.95 current ops/sec; [INSERT AverageLatency(us)=12.42] [READ AverageLatency(us)=11741.95] 
2014-07-09 19:25:52:747 1779 sec: 31131347 operations; 16931.6 current ops/sec; [INSERT AverageLatency(us)=12.52] [READ AverageLatency(us)=11863.44] 
2014-07-09 19:26:02:825 1789 sec: 31284546 operations; 15201.33 current ops/sec; [INSERT AverageLatency(us)=12.07] [READ AverageLatency(us)=13127.13] 
2014-07-09 19:26:12:910 1799 sec: 31445262 operations; 15936.14 current ops/sec; [INSERT AverageLatency(us)=13.3] [READ AverageLatency(us)=12334.69] 
2014-07-09 19:26:22:911 1809 sec: 31592338 operations; 14706.13 current ops/sec; [INSERT AverageLatency(us)=12.74] [READ AverageLatency(us)=13329.55] 
2014-07-09 19:26:32:912 1819 sec: 31739408 operations; 14705.53 current ops/sec; [INSERT AverageLatency(us)=16.6] [READ AverageLatency(us)=13355.9] 
2014-07-09 19:26:42:919 1829 sec: 31885632 operations; 14612.17 current ops/sec; [INSERT AverageLatency(us)=13.79] [READ AverageLatency(us)=13465.75] 
2014-07-09 19:26:52:920 1839 sec: 32040078 operations; 15443.06 current ops/sec; [INSERT AverageLatency(us)=13.81] [READ AverageLatency(us)=12838.9] 
2014-07-09 19:27:02:920 1849 sec: 32187737 operations; 14765.9 current ops/sec; [INSERT AverageLatency(us)=13.63] [READ AverageLatency(us)=13413.68] 
2014-07-09 19:27:12:921 1859 sec: 32341195 operations; 15344.27 current ops/sec; [INSERT AverageLatency(us)=13.52] [READ AverageLatency(us)=12904.87] 
2014-07-09 19:27:22:922 1869 sec: 32495633 operations; 15442.26 current ops/sec; [INSERT AverageLatency(us)=12.63] [READ AverageLatency(us)=12997.62] 
2014-07-09 19:27:32:927 1879 sec: 32641205 operations; 14549.93 current ops/sec; [INSERT AverageLatency(us)=12.24] [READ AverageLatency(us)=13696.68] 
2014-07-09 19:27:42:928 1889 sec: 32806887 operations; 16566.54 current ops/sec; [INSERT AverageLatency(us)=12.82] [READ AverageLatency(us)=11869.73] 
2014-07-09 19:27:52:929 1899 sec: 32958917 operations; 15201.48 current ops/sec; [INSERT AverageLatency(us)=11.95] [READ AverageLatency(us)=13101.08] 
2014-07-09 19:28:02:929 1909 sec: 33112506 operations; 15358.9 current ops/sec; [INSERT AverageLatency(us)=12.75] [READ AverageLatency(us)=12808.58] 
2014-07-09 19:28:12:930 1919 sec: 33258010 operations; 14548.95 current ops/sec; [INSERT AverageLatency(us)=14.66] [READ AverageLatency(us)=13610.24] 
2014-07-09 19:28:22:931 1929 sec: 33411000 operations; 15297.47 current ops/sec; [INSERT AverageLatency(us)=13] [READ AverageLatency(us)=12852.19] 
2014-07-09 19:28:32:932 1939 sec: 33564082 operations; 15306.67 current ops/sec; [INSERT AverageLatency(us)=14.6] [READ AverageLatency(us)=12961.41] 
2014-07-09 19:28:42:933 1949 sec: 33717506 operations; 15340.87 current ops/sec; [INSERT AverageLatency(us)=12.46] [READ AverageLatency(us)=13108.02] 
2014-07-09 19:28:52:934 1959 sec: 33863684 operations; 14616.34 current ops/sec; [INSERT AverageLatency(us)=13.12] [READ AverageLatency(us)=13551.32] 
2014-07-09 19:29:02:934 1969 sec: 34025268 operations; 16158.4 current ops/sec; [INSERT AverageLatency(us)=12.98] [READ AverageLatency(us)=12354.92] 
2014-07-09 19:29:12:935 1979 sec: 34171308 operations; 14602.54 current ops/sec; [INSERT AverageLatency(us)=11.85] [READ AverageLatency(us)=13448.53] 
2014-07-09 19:29:22:936 1989 sec: 34322336 operations; 15101.29 current ops/sec; [INSERT AverageLatency(us)=13.82] [READ AverageLatency(us)=12927.85] 
2014-07-09 19:29:32:937 1999 sec: 34476113 operations; 15376.16 current ops/sec; [INSERT AverageLatency(us)=13.43] [READ AverageLatency(us)=12792.43] 
2014-07-09 19:29:42:938 2009 sec: 34622827 operations; 14669.93 current ops/sec; [INSERT AverageLatency(us)=14.09] [READ AverageLatency(us)=13597.34] 
2014-07-09 19:29:52:939 2019 sec: 34770243 operations; 14741.6 current ops/sec; [INSERT AverageLatency(us)=13.18] [READ AverageLatency(us)=13346.72] 
2014-07-09 19:30:02:994 2029 sec: 34920700 operations; 14961.91 current ops/sec; [INSERT AverageLatency(us)=14.47] [READ AverageLatency(us)=13331.82] 
2014-07-09 19:30:12:995 2039 sec: 35074896 operations; 15418.06 current ops/sec; [INSERT AverageLatency(us)=12.38] [READ AverageLatency(us)=12846.71] 
2014-07-09 19:30:22:995 2049 sec: 35209615 operations; 13471.9 current ops/sec; [INSERT AverageLatency(us)=16.15] [READ AverageLatency(us)=14472.45] 
2014-07-09 19:30:33:053 2060 sec: 35373513 operations; 16295.29 current ops/sec; [INSERT AverageLatency(us)=11.97] [READ AverageLatency(us)=12145.15] 
2014-07-09 19:30:43:054 2070 sec: 35517297 operations; 14378.4 current ops/sec; [INSERT AverageLatency(us)=12.57] [READ AverageLatency(us)=13900.03] 
2014-07-09 19:30:53:054 2080 sec: 35656934 operations; 13962.3 current ops/sec; [INSERT AverageLatency(us)=13.62] [READ AverageLatency(us)=14090.97] 
2014-07-09 19:31:03:055 2090 sec: 35818218 operations; 16126.79 current ops/sec; [INSERT AverageLatency(us)=14.52] [READ AverageLatency(us)=12386.18] 
2014-07-09 19:31:13:056 2100 sec: 35965732 operations; 14749.93 current ops/sec; [INSERT AverageLatency(us)=12.57] [READ AverageLatency(us)=13338.55] 
2014-07-09 19:31:23:056 2110 sec: 36109796 operations; 14406.4 current ops/sec; [INSERT AverageLatency(us)=13.61] [READ AverageLatency(us)=13804.5] 
2014-07-09 19:31:33:057 2120 sec: 36256786 operations; 14697.53 current ops/sec; [INSERT AverageLatency(us)=12.52] [READ AverageLatency(us)=13148.32] 
2014-07-09 19:31:43:077 2130 sec: 36408653 operations; 15156.39 current ops/sec; [INSERT AverageLatency(us)=12.52] [READ AverageLatency(us)=13045.97] 
2014-07-09 19:31:53:078 2140 sec: 36560222 operations; 15155.38 current ops/sec; [INSERT AverageLatency(us)=13.23] [READ AverageLatency(us)=13036.2] 
2014-07-09 19:32:03:079 2150 sec: 36695453 operations; 13521.75 current ops/sec; [INSERT AverageLatency(us)=13.61] [READ AverageLatency(us)=14916.19] 
2014-07-09 19:32:13:080 2160 sec: 36844197 operations; 14874.4 current ops/sec; [INSERT AverageLatency(us)=11.73] [READ AverageLatency(us)=13282.27] 
2014-07-09 19:32:23:080 2170 sec: 36990778 operations; 14656.63 current ops/sec; [INSERT AverageLatency(us)=13.45] [READ AverageLatency(us)=13660.47] 
2014-07-09 19:32:33:142 2180 sec: 37134843 operations; 14317.73 current ops/sec; [INSERT AverageLatency(us)=13.33] [READ AverageLatency(us)=13718.08] 
2014-07-09 19:32:43:143 2190 sec: 37282759 operations; 14790.12 current ops/sec; [INSERT AverageLatency(us)=12.48] [READ AverageLatency(us)=13297.18] 
2014-07-09 19:32:53:144 2200 sec: 37426275 operations; 14350.16 current ops/sec; [INSERT AverageLatency(us)=12.82] [READ AverageLatency(us)=13642.01] 
2014-07-09 19:33:03:145 2210 sec: 37573288 operations; 14701.3 current ops/sec; [INSERT AverageLatency(us)=12.67] [READ AverageLatency(us)=13429.97] 
2014-07-09 19:33:13:148 2220 sec: 37722748 operations; 14940.02 current ops/sec; [INSERT AverageLatency(us)=12.68] [READ AverageLatency(us)=13221.81] 
2014-07-09 19:33:23:149 2230 sec: 37876218 operations; 15345.47 current ops/sec; [INSERT AverageLatency(us)=11.94] [READ AverageLatency(us)=12732.65] 
2014-07-09 19:33:33:150 2240 sec: 38028141 operations; 15190.78 current ops/sec; [INSERT AverageLatency(us)=13.39] [READ AverageLatency(us)=12856.29] 
2014-07-09 19:33:43:151 2250 sec: 38149163 operations; 12100.99 current ops/sec; [INSERT AverageLatency(us)=12.78] [READ AverageLatency(us)=16504.45] 
2014-07-09 19:33:53:151 2260 sec: 38300354 operations; 15119.1 current ops/sec; [INSERT AverageLatency(us)=12.84] [READ AverageLatency(us)=12955.23] 
2014-07-09 19:34:03:152 2270 sec: 38441567 operations; 14119.89 current ops/sec; [INSERT AverageLatency(us)=17.09] [READ AverageLatency(us)=14019.77] 
2014-07-09 19:34:13:153 2280 sec: 38590643 operations; 14906.11 current ops/sec; [INSERT AverageLatency(us)=13.84] [READ AverageLatency(us)=13050.11] 
2014-07-09 19:34:23:154 2290 sec: 38739580 operations; 14892.21 current ops/sec; [INSERT AverageLatency(us)=14.38] [READ AverageLatency(us)=13297.7] 
2014-07-09 19:34:33:154 2300 sec: 38880244 operations; 14066.4 current ops/sec; [INSERT AverageLatency(us)=12.39] [READ AverageLatency(us)=14283.42] 
2014-07-09 19:34:43:155 2310 sec: 39016085 operations; 13582.74 current ops/sec; [INSERT AverageLatency(us)=12.36] [READ AverageLatency(us)=14747.03] 
2014-07-09 19:34:53:156 2320 sec: 39166226 operations; 15012.6 current ops/sec; [INSERT AverageLatency(us)=11.87] [READ AverageLatency(us)=12964.75] 
2014-07-09 19:35:03:165 2330 sec: 39314118 operations; 14775.9 current ops/sec; [INSERT AverageLatency(us)=12.44] [READ AverageLatency(us)=13618.14] 
2014-07-09 19:35:13:166 2340 sec: 39455610 operations; 14147.79 current ops/sec; [INSERT AverageLatency(us)=12.13] [READ AverageLatency(us)=13947.52] 
2014-07-09 19:35:23:167 2350 sec: 39602666 operations; 14704.13 current ops/sec; [INSERT AverageLatency(us)=12.71] [READ AverageLatency(us)=13365] 
2014-07-09 19:35:33:167 2360 sec: 39744759 operations; 14209.3 current ops/sec; [INSERT AverageLatency(us)=11.96] [READ AverageLatency(us)=14205.66] 
2014-07-09 19:35:43:168 2370 sec: 39890504 operations; 14573.04 current ops/sec; [INSERT AverageLatency(us)=12.1] [READ AverageLatency(us)=13602.42] 
2014-07-09 19:35:53:169 2380 sec: 40025552 operations; 13503.45 current ops/sec; [INSERT AverageLatency(us)=13.2] [READ AverageLatency(us)=14536.02] 
2014-07-09 19:36:03:170 2390 sec: 40175229 operations; 14966.2 current ops/sec; [INSERT AverageLatency(us)=12.78] [READ AverageLatency(us)=13318.12] 
2014-07-09 19:36:13:171 2400 sec: 40317694 operations; 14245.08 current ops/sec; [INSERT AverageLatency(us)=13.86] [READ AverageLatency(us)=13633.95] 
2014-07-09 19:36:23:172 2410 sec: 40459195 operations; 14148.69 current ops/sec; [INSERT AverageLatency(us)=12.03] [READ AverageLatency(us)=13761.6] 
2014-07-09 19:36:33:172 2420 sec: 40608914 operations; 14971.9 current ops/sec; [INSERT AverageLatency(us)=12.73] [READ AverageLatency(us)=13208.62] 
2014-07-09 19:36:43:173 2430 sec: 40755481 operations; 14655.23 current ops/sec; [INSERT AverageLatency(us)=12.91] [READ AverageLatency(us)=13586.98] 
2014-07-09 19:36:53:235 2440 sec: 40897708 operations; 14135.06 current ops/sec; [INSERT AverageLatency(us)=12.68] [READ AverageLatency(us)=13876.48] 
2014-07-09 19:37:03:236 2450 sec: 41051058 operations; 15333.47 current ops/sec; [INSERT AverageLatency(us)=12.68] [READ AverageLatency(us)=12881.28] 
2014-07-09 19:37:13:237 2460 sec: 41193808 operations; 14273.57 current ops/sec; [INSERT AverageLatency(us)=14.11] [READ AverageLatency(us)=13787.45] 
2014-07-09 19:37:23:238 2470 sec: 41344129 operations; 15030.6 current ops/sec; [INSERT AverageLatency(us)=12.86] [READ AverageLatency(us)=13147.42] 
2014-07-09 19:37:33:239 2480 sec: 41492922 operations; 14877.81 current ops/sec; [INSERT AverageLatency(us)=14.38] [READ AverageLatency(us)=13251.94] 
2014-07-09 19:37:43:240 2490 sec: 41633710 operations; 14077.39 current ops/sec; [INSERT AverageLatency(us)=13.85] [READ AverageLatency(us)=14024.34] 
2014-07-09 19:37:53:241 2500 sec: 41775251 operations; 14152.68 current ops/sec; [INSERT AverageLatency(us)=11.7] [READ AverageLatency(us)=13964.86] 
2014-07-09 19:38:03:242 2510 sec: 41912512 operations; 13724.73 current ops/sec; [INSERT AverageLatency(us)=12.23] [READ AverageLatency(us)=14458.29] 
2014-07-09 19:38:13:242 2520 sec: 42065220 operations; 15270.8 current ops/sec; [INSERT AverageLatency(us)=13.22] [READ AverageLatency(us)=13154.57] 
2014-07-09 19:38:23:243 2530 sec: 42213341 operations; 14810.62 current ops/sec; [INSERT AverageLatency(us)=13.2] [READ AverageLatency(us)=13288.66] 
2014-07-09 19:38:33:244 2540 sec: 42348946 operations; 13559.14 current ops/sec; [INSERT AverageLatency(us)=12.62] [READ AverageLatency(us)=14733.19] 
2014-07-09 19:38:43:245 2550 sec: 42477502 operations; 12854.31 current ops/sec; [INSERT AverageLatency(us)=19.15] [READ AverageLatency(us)=15087.66] 
2014-07-09 19:38:53:245 2560 sec: 42615696 operations; 13819.4 current ops/sec; [INSERT AverageLatency(us)=13.71] [READ AverageLatency(us)=14205.43] 
2014-07-09 19:39:03:246 2570 sec: 42767861 operations; 15214.98 current ops/sec; [INSERT AverageLatency(us)=13.21] [READ AverageLatency(us)=13101.07] 
2014-07-09 19:39:13:247 2580 sec: 42910650 operations; 14277.47 current ops/sec; [INSERT AverageLatency(us)=14.3] [READ AverageLatency(us)=14078.68] 
2014-07-09 19:39:23:248 2590 sec: 43056378 operations; 14571.34 current ops/sec; [INSERT AverageLatency(us)=12.23] [READ AverageLatency(us)=13624.59] 
2014-07-09 19:39:33:249 2600 sec: 43197457 operations; 14106.49 current ops/sec; [INSERT AverageLatency(us)=12.2] [READ AverageLatency(us)=14246.76] 
2014-07-09 19:39:43:249 2610 sec: 43336342 operations; 13888.5 current ops/sec; [INSERT AverageLatency(us)=14.66] [READ AverageLatency(us)=14185.92] 
2014-07-09 19:39:53:250 2620 sec: 43475286 operations; 13893.01 current ops/sec; [INSERT AverageLatency(us)=10.9] [READ AverageLatency(us)=14287.72] 
2014-07-09 19:40:03:251 2630 sec: 43615726 operations; 14042.6 current ops/sec; [INSERT AverageLatency(us)=13.21] [READ AverageLatency(us)=14136.4] 
2014-07-09 19:40:13:251 2640 sec: 43761167 operations; 14544.1 current ops/sec; [INSERT AverageLatency(us)=12.49] [READ AverageLatency(us)=13650.37] 
2014-07-09 19:40:23:252 2650 sec: 43909403 operations; 14822.12 current ops/sec; [INSERT AverageLatency(us)=13.35] [READ AverageLatency(us)=13271.01] 
2014-07-09 19:40:33:260 2660 sec: 44045217 operations; 13570.54 current ops/sec; [INSERT AverageLatency(us)=12.87] [READ AverageLatency(us)=14429.79] 
2014-07-09 19:40:43:260 2670 sec: 44181962 operations; 13674.5 current ops/sec; [INSERT AverageLatency(us)=13.06] [READ AverageLatency(us)=14394.55] 
2014-07-09 19:40:53:261 2680 sec: 44324718 operations; 14274.17 current ops/sec; [INSERT AverageLatency(us)=14.24] [READ AverageLatency(us)=13656.44] 
2014-07-09 19:41:03:262 2690 sec: 44466501 operations; 14176.88 current ops/sec; [INSERT AverageLatency(us)=13.1] [READ AverageLatency(us)=13912.03] 
2014-07-09 19:41:13:263 2700 sec: 44610494 operations; 14399.3 current ops/sec; [INSERT AverageLatency(us)=11.67] [READ AverageLatency(us)=13769.55] 
2014-07-09 19:41:23:264 2710 sec: 44765041 operations; 15453.15 current ops/sec; [INSERT AverageLatency(us)=12.47] [READ AverageLatency(us)=12677.92] 
2014-07-09 19:41:33:264 2720 sec: 44909770 operations; 14471.45 current ops/sec; [INSERT AverageLatency(us)=11.38] [READ AverageLatency(us)=13668.28] 
2014-07-09 19:41:43:265 2730 sec: 45050984 operations; 14119.99 current ops/sec; [INSERT AverageLatency(us)=13.26] [READ AverageLatency(us)=13965.1] 
2014-07-09 19:41:53:266 2740 sec: 45196967 operations; 14596.84 current ops/sec; [INSERT AverageLatency(us)=12.8] [READ AverageLatency(us)=13719.95] 
2014-07-09 19:42:03:267 2750 sec: 45339218 operations; 14223.68 current ops/sec; [INSERT AverageLatency(us)=13.77] [READ AverageLatency(us)=13701.35] 
2014-07-09 19:42:13:268 2760 sec: 45489156 operations; 14992.3 current ops/sec; [INSERT AverageLatency(us)=11.79] [READ AverageLatency(us)=13235.32] 
2014-07-09 19:42:23:268 2770 sec: 45638193 operations; 14903.7 current ops/sec; [INSERT AverageLatency(us)=12.34] [READ AverageLatency(us)=13129.15] 
2014-07-09 19:42:33:269 2780 sec: 45780273 operations; 14206.58 current ops/sec; [INSERT AverageLatency(us)=12.92] [READ AverageLatency(us)=13930.86] 
2014-07-09 19:42:43:270 2790 sec: 45921717 operations; 14142.99 current ops/sec; [INSERT AverageLatency(us)=13.59] [READ AverageLatency(us)=13858.18] 
2014-07-09 19:42:53:270 2800 sec: 46054578 operations; 13286.1 current ops/sec; [INSERT AverageLatency(us)=11.94] [READ AverageLatency(us)=14952.77] 
2014-07-09 19:43:03:271 2810 sec: 46199638 operations; 14504.55 current ops/sec; [INSERT AverageLatency(us)=21.27] [READ AverageLatency(us)=13620.22] 
2014-07-09 19:43:13:272 2820 sec: 46354738 operations; 15510 current ops/sec; [INSERT AverageLatency(us)=11.91] [READ AverageLatency(us)=12846.7] 
2014-07-09 19:43:23:272 2830 sec: 46496607 operations; 14185.48 current ops/sec; [INSERT AverageLatency(us)=12.46] [READ AverageLatency(us)=13870.03] 
2014-07-09 19:43:33:273 2840 sec: 46643048 operations; 14642.64 current ops/sec; [INSERT AverageLatency(us)=11.95] [READ AverageLatency(us)=13518.61] 
2014-07-09 19:43:43:274 2850 sec: 46772241 operations; 12919.3 current ops/sec; [INSERT AverageLatency(us)=11.94] [READ AverageLatency(us)=15274.17] 
2014-07-09 19:43:53:274 2860 sec: 46906505 operations; 13425.06 current ops/sec; [INSERT AverageLatency(us)=14.03] [READ AverageLatency(us)=14661.02] 
2014-07-09 19:44:03:275 2870 sec: 47040148 operations; 13362.96 current ops/sec; [INSERT AverageLatency(us)=12.67] [READ AverageLatency(us)=14868.81] 
2014-07-09 19:44:13:279 2880 sec: 47192708 operations; 15249.9 current ops/sec; [INSERT AverageLatency(us)=14.44] [READ AverageLatency(us)=12839.39] 
2014-07-09 19:44:23:280 2890 sec: 47338054 operations; 14533.15 current ops/sec; [INSERT AverageLatency(us)=13.19] [READ AverageLatency(us)=13386.42] 
2014-07-09 19:44:33:281 2900 sec: 47472636 operations; 13458.2 current ops/sec; [INSERT AverageLatency(us)=13.56] [READ AverageLatency(us)=14608.48] 
2014-07-09 19:44:43:281 2910 sec: 47615613 operations; 14296.27 current ops/sec; [INSERT AverageLatency(us)=13.11] [READ AverageLatency(us)=13919.21] 
2014-07-09 19:44:53:282 2920 sec: 47763049 operations; 14742.13 current ops/sec; [INSERT AverageLatency(us)=12.56] [READ AverageLatency(us)=13483.65] 
2014-07-09 19:45:03:282 2930 sec: 47895584 operations; 13253.5 current ops/sec; [INSERT AverageLatency(us)=12] [READ AverageLatency(us)=14852.32] 
2014-07-09 19:45:13:283 2940 sec: 48040171 operations; 14457.25 current ops/sec; [INSERT AverageLatency(us)=13.42] [READ AverageLatency(us)=13820.9] 
2014-07-09 19:45:23:284 2950 sec: 48177265 operations; 13708.03 current ops/sec; [INSERT AverageLatency(us)=11.27] [READ AverageLatency(us)=14394.18] 
2014-07-09 19:45:33:288 2960 sec: 48330545 operations; 15321.87 current ops/sec; [INSERT AverageLatency(us)=11.73] [READ AverageLatency(us)=12887.75] 
2014-07-09 19:45:43:289 2970 sec: 48472860 operations; 14230.08 current ops/sec; [INSERT AverageLatency(us)=12.34] [READ AverageLatency(us)=14024] 
2014-07-09 19:45:53:290 2980 sec: 48607093 operations; 13423.3 current ops/sec; [INSERT AverageLatency(us)=12.17] [READ AverageLatency(us)=14620.49] 
2014-07-09 19:46:03:295 2990 sec: 48726611 operations; 11944.63 current ops/sec; [INSERT AverageLatency(us)=13.23] [READ AverageLatency(us)=16762.75] 
2014-07-09 19:46:13:297 3000 sec: 48850866 operations; 12423.02 current ops/sec; [INSERT AverageLatency(us)=11.63] [READ AverageLatency(us)=16163.93] 
2014-07-09 19:46:23:297 3010 sec: 48978705 operations; 12783.9 current ops/sec; [INSERT AverageLatency(us)=12.7] [READ AverageLatency(us)=15424.44] 
2014-07-09 19:46:33:298 3020 sec: 49109782 operations; 13106.39 current ops/sec; [INSERT AverageLatency(us)=12.66] [READ AverageLatency(us)=15153.56] 
2014-07-09 19:46:43:299 3030 sec: 49240711 operations; 13092.9 current ops/sec; [INSERT AverageLatency(us)=11.98] [READ AverageLatency(us)=15152.39] 
2014-07-09 19:46:53:299 3040 sec: 49366058 operations; 12533.45 current ops/sec; [INSERT AverageLatency(us)=12.02] [READ AverageLatency(us)=16043.59] 
2014-07-09 19:47:03:417 3050 sec: 49489309 operations; 12181.36 current ops/sec; [INSERT AverageLatency(us)=12.35] [READ AverageLatency(us)=15704.86] 
2014-07-09 19:47:13:424 3060 sec: 49619294 operations; 12989.41 current ops/sec; [INSERT AverageLatency(us)=12.78] [READ AverageLatency(us)=15778.4] 
2014-07-09 19:47:23:424 3070 sec: 49742269 operations; 12297.5 current ops/sec; [UPDATE AverageLatency(us)=145280.5] [INSERT AverageLatency(us)=12.09] [READ AverageLatency(us)=15272.61] [CLEANUP AverageLatency(us)=150895] 
2014-07-09 19:47:33:425 3080 sec: 49869456 operations; 12717.43 current ops/sec; [UPDATE AverageLatency(us)=216950.25] [INSERT AverageLatency(us)=11.51] [READ AverageLatency(us)=12906.04] [CLEANUP AverageLatency(us)=216970.75] 
2014-07-09 19:47:43:426 3090 sec: 49959002 operations; 8953.7 current ops/sec; [UPDATE AverageLatency(us)=78825.25] [INSERT AverageLatency(us)=13.14] [READ AverageLatency(us)=12546.03] [CLEANUP AverageLatency(us)=78845] 
2014-07-09 19:47:53:427 3100 sec: 50000000 operations; 4099.8 current ops/sec; [UPDATE AverageLatency(us)=156053.78] [INSERT AverageLatency(us)=12.56] [READ AverageLatency(us)=11119.07] [CLEANUP AverageLatency(us)=156072] 
2014-07-09 19:47:53:674 3100 sec: 50000000 operations; 0 current ops/sec; [UPDATE AverageLatency(us)=343260]   [CLEANUP AverageLatency(us)=343278] 
+ echo 'end time:'
end time:
++ date +%s
+ echo 1404960475
1404960475
+ echo 'sleeping for 10 sec ...'
sleeping for 10 sec ...
+ sleep 10
+ let counter=1+1
+ read line
+ set +x
