SLF4J: Class path contains multiple SLF4J bindings.
SLF4J: Found binding in [jar:file:/home/hadoop/.m2/repository/org/slf4j/slf4j-log4j12/1.7.5/slf4j-log4j12-1.7.5.jar!/org/slf4j/impl/StaticLoggerBinder.class]
SLF4J: Found binding in [jar:file:/home/hadoop/hadoop-2.4.0/share/hadoop/common/lib/slf4j-log4j12-1.7.5.jar!/org/slf4j/impl/StaticLoggerBinder.class]
SLF4J: See http://www.slf4j.org/codes.html#multiple_bindings for an explanation.
SLF4J: Actual binding is of type [org.slf4j.impl.Log4jLoggerFactory]
OpenJDK 64-Bit Server VM warning: You have loaded library /home/hadoop/hadoop-2.4.0/lib/native/libhadoop.so.1.0.0 which might have disabled stack guard. The VM will try to fix the stack guard now.
It's highly recommended that you fix the library with 'execstack -c <libfile>', or link it with '-z noexecstack'.
----------------------------------------------------------
selfdapql AM_FILE_POINTER in begining: 0
selfdapql filelengh: 483246
log_evicted_initial: 0
log_evicted_last: 0
log_evicted_count: 0
storeFileSize: 0.0
selfdapql AM_FILE_POINTER in end: 483246
selfdapql RS_FILE_POINTER in begining: 0
selfdapql rs_filelengh: 190225
selfdapql blocking update blocking_updates_count: 0
selfdapql blocking update avg total_blocking_time: 0.0
selfdapql RS_FILE_POINTER in end: 190225
selfdapql DN_FILE_POINTER in begining: 0
selfdapql dn_filelength: 91641
selfdapql total operation time: 14381.0
selfdapql total # operations: 159
selfdapql dfs avg read time: 90.44654
selfdapql DN_FILE_POINTER in end: 91641
----------------------------------------------------------
selfdapql AM_FILE_POINTER in begining: 483246
selfdapql filelengh: 1079649
log_evicted_initial: 0
log_evicted_last: 0
log_evicted_count: 0
storeFileSize: 1.1105855
selfdapql AM_FILE_POINTER in end: 1079649
selfdapql RS_FILE_POINTER in begining: 190225
selfdapql rs_filelengh: 5349442
selfdapql blocking update blocking_updates_count: 0
selfdapql blocking update avg total_blocking_time: 0.0
selfdapql RS_FILE_POINTER in end: 5349442
selfdapql DN_FILE_POINTER in begining: 91641
selfdapql dn_filelength: 147153
selfdapql total operation time: 23063.0
selfdapql total # operations: 39092
selfdapql dfs avg read time: 0.58996725
selfdapql DN_FILE_POINTER in end: 147153
----------------------------------------------------------
selfdapql AM_FILE_POINTER in begining: 1079649
selfdapql filelengh: 1677418
log_evicted_initial: 0
log_evicted_last: 28056
log_evicted_count: 28056
storeFileSize: 2.2219496
selfdapql AM_FILE_POINTER in end: 1677418
selfdapql RS_FILE_POINTER in begining: 5349442
selfdapql rs_filelengh: 13636719
selfdapql blocking update blocking_updates_count: 0
selfdapql blocking update avg total_blocking_time: 0.0
selfdapql RS_FILE_POINTER in end: 13636719
selfdapql DN_FILE_POINTER in begining: 147153
selfdapql dn_filelength: 199885
selfdapql total operation time: 270263.0
selfdapql total # operations: 64606
selfdapql dfs avg read time: 4.183249
selfdapql DN_FILE_POINTER in end: 199885
selfdapql newBlockCacheSize: 0.45000002
selfdapql newMemstoreSize: 0.35
----------------------------------------------------------
selfdapql AM_FILE_POINTER in begining: 1677418
selfdapql filelengh: 2275832
log_evicted_initial: 37030
log_evicted_last: 81239
log_evicted_count: 44209
storeFileSize: 2.8775086
selfdapql AM_FILE_POINTER in end: 2275832
selfdapql RS_FILE_POINTER in begining: 13636719
selfdapql rs_filelengh: 23073110
selfdapql blocking update blocking_updates_count: 0
selfdapql blocking update avg total_blocking_time: 0.0
selfdapql RS_FILE_POINTER in end: 23073110
selfdapql DN_FILE_POINTER in begining: 199885
selfdapql dn_filelength: 255778
selfdapql total operation time: 577945.0
selfdapql total # operations: 70097
selfdapql dfs avg read time: 8.244932
selfdapql DN_FILE_POINTER in end: 255778
selfdapql newBlockCacheSize: 0.5
selfdapql newMemstoreSize: 0.29999998
----------------------------------------------------------
selfdapql AM_FILE_POINTER in begining: 2275832
selfdapql filelengh: 2874666
log_evicted_initial: 84708
log_evicted_last: 181036
log_evicted_count: 96328
storeFileSize: 3.847333
selfdapql AM_FILE_POINTER in end: 2874666
selfdapql RS_FILE_POINTER in begining: 23073110
selfdapql rs_filelengh: 39055506
selfdapql blocking update blocking_updates_count: 0
selfdapql blocking update avg total_blocking_time: 0.0
selfdapql RS_FILE_POINTER in end: 39055506
selfdapql DN_FILE_POINTER in begining: 255778
selfdapql dn_filelength: 311728
selfdapql total operation time: 1412588.0
selfdapql total # operations: 123552
selfdapql dfs avg read time: 11.4331455
selfdapql DN_FILE_POINTER in end: 311728
selfdapql newBlockCacheSize: 0.55
selfdapql newMemstoreSize: 0.24999999
----------------------------------------------------------
selfdapql AM_FILE_POINTER in begining: 2874666
selfdapql filelengh: 3473968
log_evicted_initial: 196857
log_evicted_last: 336683
log_evicted_count: 139826
storeFileSize: 4.3689375
selfdapql AM_FILE_POINTER in end: 3473968
selfdapql RS_FILE_POINTER in begining: 39055506
selfdapql rs_filelengh: 63061505
selfdapql blocking update blocking_updates_count: 0
selfdapql blocking update avg total_blocking_time: 0.0
selfdapql RS_FILE_POINTER in end: 63061505
selfdapql DN_FILE_POINTER in begining: 311728
selfdapql dn_filelength: 364789
selfdapql total operation time: 1742968.0
selfdapql total # operations: 169087
selfdapql dfs avg read time: 10.308113
selfdapql DN_FILE_POINTER in end: 364789
selfdapql newBlockCacheSize: 0.6
selfdapql newMemstoreSize: 0.19999999
----------------------------------------------------------
selfdapql AM_FILE_POINTER in begining: 3473968
selfdapql filelengh: 4073168
log_evicted_initial: 349408
log_evicted_last: 530488
log_evicted_count: 181080
storeFileSize: 5.4736724
selfdapql AM_FILE_POINTER in end: 4073168
selfdapql RS_FILE_POINTER in begining: 63061505
selfdapql rs_filelengh: 92596338
selfdapql blocking update blocking_updates_count: 0
selfdapql blocking update avg total_blocking_time: 0.0
selfdapql RS_FILE_POINTER in end: 92596338
selfdapql DN_FILE_POINTER in begining: 364789
selfdapql dn_filelength: 420809
selfdapql total operation time: 2332647.0
selfdapql total # operations: 208565
selfdapql dfs avg read time: 11.184269
selfdapql DN_FILE_POINTER in end: 420809
selfdapql newBlockCacheSize: 0.65000004
selfdapql newMemstoreSize: 0.14999999
----------------------------------------------------------
selfdapql AM_FILE_POINTER in begining: 4073168
selfdapql filelengh: 4672261
log_evicted_initial: 544366
log_evicted_last: 730933
log_evicted_count: 186567
storeFileSize: 5.998584
selfdapql AM_FILE_POINTER in end: 4672261
selfdapql RS_FILE_POINTER in begining: 92596338
selfdapql rs_filelengh: 123018236
selfdapql blocking update blocking_updates_count: 5
selfdapql blocking update avg total_blocking_time: 568.0
selfdapql RS_FILE_POINTER in end: 123018236
selfdapql DN_FILE_POINTER in begining: 420809
selfdapql dn_filelength: 479870
selfdapql total operation time: 2416538.0
selfdapql total # operations: 208220
selfdapql dfs avg read time: 11.605696
selfdapql DN_FILE_POINTER in end: 479870
----------------------------------------------------------
selfdapql AM_FILE_POINTER in begining: 4672261
selfdapql filelengh: 5271605
log_evicted_initial: 740955
log_evicted_last: 937574
log_evicted_count: 196619
storeFileSize: 6.697803
selfdapql AM_FILE_POINTER in end: 5271605
selfdapql RS_FILE_POINTER in begining: 123018236
selfdapql rs_filelengh: 154247567
selfdapql blocking update blocking_updates_count: 3
selfdapql blocking update avg total_blocking_time: 3329.3333
selfdapql RS_FILE_POINTER in end: 154247567
selfdapql DN_FILE_POINTER in begining: 479870
selfdapql dn_filelength: 530104
selfdapql total operation time: 2511494.0
selfdapql total # operations: 203494
selfdapql dfs avg read time: 12.341858
selfdapql DN_FILE_POINTER in end: 530104
----------------------------------------------------------
selfdapql AM_FILE_POINTER in begining: 5271605
selfdapql filelengh: 5871448
log_evicted_initial: 959307
log_evicted_last: 1157975
log_evicted_count: 198668
storeFileSize: 7.4103737
selfdapql AM_FILE_POINTER in end: 5871448
selfdapql RS_FILE_POINTER in begining: 154247567
selfdapql rs_filelengh: 187172405
selfdapql blocking update blocking_updates_count: 0
selfdapql blocking update avg total_blocking_time: 0.0
selfdapql RS_FILE_POINTER in end: 187172405
selfdapql DN_FILE_POINTER in begining: 530104
selfdapql dn_filelength: 583327
selfdapql total operation time: 2792742.0
selfdapql total # operations: 210166
selfdapql dfs avg read time: 13.288267
selfdapql DN_FILE_POINTER in end: 583327
selfdapql newBlockCacheSize: 0.70000005
selfdapql newMemstoreSize: 0.099999994
----------------------------------------------------------
selfdapql AM_FILE_POINTER in begining: 5871448
selfdapql filelengh: 6471398
log_evicted_initial: 1173008
log_evicted_last: 1384635
log_evicted_count: 211627
storeFileSize: 7.964298
selfdapql AM_FILE_POINTER in end: 6471398
selfdapql RS_FILE_POINTER in begining: 187172405
selfdapql rs_filelengh: 222283932
selfdapql blocking update blocking_updates_count: 19
selfdapql blocking update avg total_blocking_time: 1383.7368
selfdapql RS_FILE_POINTER in end: 222283932
selfdapql DN_FILE_POINTER in begining: 583327
selfdapql dn_filelength: 642509
selfdapql total operation time: 3265424.0
selfdapql total # operations: 234241
selfdapql dfs avg read time: 13.940446
selfdapql DN_FILE_POINTER in end: 642509
----------------------------------------------------------
selfdapql AM_FILE_POINTER in begining: 6471398
selfdapql filelengh: 7071714
log_evicted_initial: 1400826
log_evicted_last: 1606965
log_evicted_count: 206139
storeFileSize: 8.50346
selfdapql AM_FILE_POINTER in end: 7071714
selfdapql RS_FILE_POINTER in begining: 222283932
selfdapql rs_filelengh: 255634356
selfdapql blocking update blocking_updates_count: 23
selfdapql blocking update avg total_blocking_time: 2235.4783
selfdapql RS_FILE_POINTER in end: 255634356
selfdapql DN_FILE_POINTER in begining: 642509
selfdapql dn_filelength: 689897
selfdapql total operation time: 2751945.0
selfdapql total # operations: 197303
selfdapql dfs avg read time: 13.947811
selfdapql DN_FILE_POINTER in end: 689897
----------------------------------------------------------
selfdapql AM_FILE_POINTER in begining: 7071714
selfdapql filelengh: 7671796
log_evicted_initial: 1617757
log_evicted_last: 1845360
log_evicted_count: 227603
storeFileSize: 9.024492
selfdapql AM_FILE_POINTER in end: 7671796
selfdapql log rolled
selfdapql RS_FILE_POINTER in begining: 0
selfdapql rs_filelengh: 22781182
selfdapql blocking update blocking_updates_count: 21
selfdapql blocking update avg total_blocking_time: 1392.9048
selfdapql RS_FILE_POINTER in end: 22781182
selfdapql DN_FILE_POINTER in begining: 689897
selfdapql dn_filelength: 737223
selfdapql total operation time: 2681035.0
selfdapql total # operations: 196621
selfdapql dfs avg read time: 13.635548
selfdapql DN_FILE_POINTER in end: 737223
----------------------------------------------------------
selfdapql AM_FILE_POINTER in begining: 7671796
selfdapql filelengh: 8272142
log_evicted_initial: 1856154
log_evicted_last: 2082745
log_evicted_count: 226591
storeFileSize: 9.535564
selfdapql AM_FILE_POINTER in end: 8272142
selfdapql RS_FILE_POINTER in begining: 22781182
selfdapql rs_filelengh: 59253274
selfdapql blocking update blocking_updates_count: 18
selfdapql blocking update avg total_blocking_time: 2022.1111
selfdapql RS_FILE_POINTER in end: 59253274
selfdapql DN_FILE_POINTER in begining: 737223
selfdapql dn_filelength: 796432
selfdapql total operation time: 3426596.0
selfdapql total # operations: 254849
selfdapql dfs avg read time: 13.445593
selfdapql DN_FILE_POINTER in end: 796432
----------------------------------------------------------
selfdapql AM_FILE_POINTER in begining: 8272142
selfdapql filelengh: 8872549
log_evicted_initial: 2098934
log_evicted_last: 2329496
log_evicted_count: 230562
storeFileSize: 10.08307
selfdapql AM_FILE_POINTER in end: 8872549
selfdapql RS_FILE_POINTER in begining: 59253274
selfdapql rs_filelengh: 96262638
selfdapql blocking update blocking_updates_count: 13
selfdapql blocking update avg total_blocking_time: 2123.923
selfdapql RS_FILE_POINTER in end: 96262638
selfdapql DN_FILE_POINTER in begining: 796432
selfdapql dn_filelength: 852625
selfdapql total operation time: 3085346.0
selfdapql total # operations: 243034
selfdapql dfs avg read time: 12.695121
selfdapql DN_FILE_POINTER in end: 852625
----------------------------------------------------------
selfdapql AM_FILE_POINTER in begining: 8872549
selfdapql filelengh: 9472781
log_evicted_initial: 2340685
log_evicted_last: 2569830
log_evicted_count: 229145
storeFileSize: 10.595526
selfdapql AM_FILE_POINTER in end: 9472781
selfdapql RS_FILE_POINTER in begining: 96262638
selfdapql rs_filelengh: 133300645
selfdapql blocking update blocking_updates_count: 12
selfdapql blocking update avg total_blocking_time: 3605.3333
selfdapql RS_FILE_POINTER in end: 133300645
selfdapql DN_FILE_POINTER in begining: 852625
selfdapql dn_filelength: 902906
selfdapql total operation time: 2694861.0
selfdapql total # operations: 217335
selfdapql dfs avg read time: 12.399572
selfdapql DN_FILE_POINTER in end: 902906
----------------------------------------------------------
selfdapql AM_FILE_POINTER in begining: 9472781
selfdapql filelengh: 10072991
log_evicted_initial: 2586018
log_evicted_last: 2809599
log_evicted_count: 223581
storeFileSize: 11.033268
selfdapql AM_FILE_POINTER in end: 10072991
selfdapql RS_FILE_POINTER in begining: 133300645
selfdapql rs_filelengh: 169508862
selfdapql blocking update blocking_updates_count: 12
selfdapql blocking update avg total_blocking_time: 1952.4166
selfdapql RS_FILE_POINTER in end: 169508862
selfdapql DN_FILE_POINTER in begining: 902906
selfdapql dn_filelength: 956208
selfdapql total operation time: 2667513.0
selfdapql total # operations: 222746
selfdapql dfs avg read time: 11.975582
selfdapql DN_FILE_POINTER in end: 956208
----------------------------------------------------------
selfdapql AM_FILE_POINTER in begining: 10072991
selfdapql filelengh: 10673200
log_evicted_initial: 2820390
log_evicted_last: 3057024
log_evicted_count: 236634
storeFileSize: 11.5080595
selfdapql AM_FILE_POINTER in end: 10673200
selfdapql RS_FILE_POINTER in begining: 169508862
selfdapql rs_filelengh: 207648815
selfdapql blocking update blocking_updates_count: 15
selfdapql blocking update avg total_blocking_time: 2330.3333
selfdapql RS_FILE_POINTER in end: 207648815
selfdapql DN_FILE_POINTER in begining: 956208
selfdapql dn_filelength: 1012429
selfdapql total operation time: 2971692.0
selfdapql total # operations: 250460
selfdapql dfs avg read time: 11.864937
selfdapql DN_FILE_POINTER in end: 1012429
----------------------------------------------------------
selfdapql AM_FILE_POINTER in begining: 10673200
selfdapql filelengh: 11273599
log_evicted_initial: 3073212
log_evicted_last: 3306109
log_evicted_count: 232897
storeFileSize: 11.9720745
selfdapql AM_FILE_POINTER in end: 11273599
selfdapql RS_FILE_POINTER in begining: 207648815
selfdapql rs_filelengh: 246211870
selfdapql blocking update blocking_updates_count: 12
selfdapql blocking update avg total_blocking_time: 3835.0
selfdapql RS_FILE_POINTER in end: 246211870
selfdapql DN_FILE_POINTER in begining: 1012429
selfdapql dn_filelength: 1065722
selfdapql total operation time: 3019795.0
selfdapql total # operations: 235784
selfdapql dfs avg read time: 12.807464
selfdapql DN_FILE_POINTER in end: 1065722
----------------------------------------------------------
selfdapql AM_FILE_POINTER in begining: 11273599
selfdapql filelengh: 11873814
log_evicted_initial: 3322298
log_evicted_last: 3538392
log_evicted_count: 216094
storeFileSize: 12.411601
selfdapql AM_FILE_POINTER in end: 11873814
selfdapql log rolled
selfdapql RS_FILE_POINTER in begining: 0
selfdapql rs_filelengh: 13400226
selfdapql blocking update blocking_updates_count: 4
selfdapql blocking update avg total_blocking_time: 2343.0
selfdapql RS_FILE_POINTER in end: 13400226
selfdapql DN_FILE_POINTER in begining: 1065722
selfdapql dn_filelength: 1107199
selfdapql total operation time: 2317179.0
selfdapql total # operations: 164106
selfdapql dfs avg read time: 14.120014
selfdapql DN_FILE_POINTER in end: 1107199
----------------------------------------------------------
selfdapql AM_FILE_POINTER in begining: 11873814
selfdapql filelengh: 12474110
log_evicted_initial: 3554580
log_evicted_last: 3788157
log_evicted_count: 233577
storeFileSize: 12.835772
selfdapql AM_FILE_POINTER in end: 12474110
selfdapql RS_FILE_POINTER in begining: 13400226
selfdapql rs_filelengh: 51809565
selfdapql blocking update blocking_updates_count: 8
selfdapql blocking update avg total_blocking_time: 1629.25
selfdapql RS_FILE_POINTER in end: 51809565
selfdapql DN_FILE_POINTER in begining: 1107199
selfdapql dn_filelength: 1172419
selfdapql total operation time: 3894007.0
selfdapql total # operations: 287616
selfdapql dfs avg read time: 13.53891
selfdapql DN_FILE_POINTER in end: 1172419
----------------------------------------------------------
selfdapql AM_FILE_POINTER in begining: 12474110
selfdapql filelengh: 13074514
log_evicted_initial: 3804345
log_evicted_last: 4030973
log_evicted_count: 226628
storeFileSize: 13.233712
selfdapql AM_FILE_POINTER in end: 13074514
selfdapql RS_FILE_POINTER in begining: 51809565
selfdapql rs_filelengh: 89298357
selfdapql blocking update blocking_updates_count: 8
selfdapql blocking update avg total_blocking_time: 3704.875
selfdapql RS_FILE_POINTER in end: 89298357
selfdapql DN_FILE_POINTER in begining: 1172419
selfdapql dn_filelength: 1225830
selfdapql total operation time: 3402656.0
selfdapql total # operations: 232239
selfdapql dfs avg read time: 14.651527
selfdapql DN_FILE_POINTER in end: 1225830
----------------------------------------------------------
selfdapql AM_FILE_POINTER in begining: 13074514
selfdapql filelengh: 13674932
log_evicted_initial: 4047164
log_evicted_last: 4279270
log_evicted_count: 232106
storeFileSize: 13.675956
selfdapql AM_FILE_POINTER in end: 13674932
selfdapql RS_FILE_POINTER in begining: 89298357
selfdapql rs_filelengh: 127395494
selfdapql blocking update blocking_updates_count: 5
selfdapql blocking update avg total_blocking_time: 3084.0
selfdapql RS_FILE_POINTER in end: 127395494
selfdapql DN_FILE_POINTER in begining: 1225830
selfdapql dn_filelength: 1282227
selfdapql total operation time: 3099120.0
selfdapql total # operations: 244441
selfdapql dfs avg read time: 12.678397
selfdapql DN_FILE_POINTER in end: 1282227
----------------------------------------------------------
selfdapql AM_FILE_POINTER in begining: 13674932
selfdapql filelengh: 14275392
log_evicted_initial: 4290062
log_evicted_last: 4513504
log_evicted_count: 223442
storeFileSize: 14.0482855
selfdapql AM_FILE_POINTER in end: 14275392
selfdapql RS_FILE_POINTER in begining: 127395494
selfdapql rs_filelengh: 163638611
selfdapql blocking update blocking_updates_count: 15
selfdapql blocking update avg total_blocking_time: 3560.4
selfdapql RS_FILE_POINTER in end: 163638611
selfdapql DN_FILE_POINTER in begining: 1282227
selfdapql dn_filelength: 1329709
selfdapql total operation time: 2865753.0
selfdapql total # operations: 197149
selfdapql dfs avg read time: 14.535975
selfdapql DN_FILE_POINTER in end: 1329709
----------------------------------------------------------
selfdapql AM_FILE_POINTER in begining: 14275392
selfdapql filelengh: 14876013
log_evicted_initial: 4527529
log_evicted_last: 4764963
log_evicted_count: 237434
storeFileSize: 14.496908
selfdapql AM_FILE_POINTER in end: 14876013
selfdapql RS_FILE_POINTER in begining: 163638611
selfdapql rs_filelengh: 202497285
selfdapql blocking update blocking_updates_count: 8
selfdapql blocking update avg total_blocking_time: 2119.875
selfdapql RS_FILE_POINTER in end: 202497285
selfdapql DN_FILE_POINTER in begining: 1329709
selfdapql dn_filelength: 1386069
selfdapql total operation time: 3771321.0
selfdapql total # operations: 247152
selfdapql dfs avg read time: 15.259116
selfdapql DN_FILE_POINTER in end: 1386069
----------------------------------------------------------
selfdapql AM_FILE_POINTER in begining: 14876013
selfdapql filelengh: 15476741
log_evicted_initial: 4775756
log_evicted_last: 5009904
log_evicted_count: 234148
storeFileSize: 14.896727
selfdapql AM_FILE_POINTER in end: 15476741
selfdapql RS_FILE_POINTER in begining: 202497285
selfdapql rs_filelengh: 240668145
selfdapql blocking update blocking_updates_count: 15
selfdapql blocking update avg total_blocking_time: 3556.9333
selfdapql RS_FILE_POINTER in end: 240668145
selfdapql DN_FILE_POINTER in begining: 1386069
selfdapql dn_filelength: 1439433
selfdapql total operation time: 2926624.0
selfdapql total # operations: 234386
selfdapql dfs avg read time: 12.486343
selfdapql DN_FILE_POINTER in end: 1439433
----------------------------------------------------------
selfdapql AM_FILE_POINTER in begining: 15476741
selfdapql filelengh: 16077519
log_evicted_initial: 5026092
log_evicted_last: 5263534
log_evicted_count: 237442
storeFileSize: 15.314444
selfdapql AM_FILE_POINTER in end: 16077519
selfdapql log rolled
selfdapql RS_FILE_POINTER in begining: 0
selfdapql rs_filelengh: 11648321
selfdapql blocking update blocking_updates_count: 0
selfdapql blocking update avg total_blocking_time: 0.0
selfdapql RS_FILE_POINTER in end: 11648321
selfdapql DN_FILE_POINTER in begining: 1439433
selfdapql dn_filelength: 1478016
selfdapql total operation time: 2718292.0
selfdapql total # operations: 168177
selfdapql dfs avg read time: 16.16328
selfdapql DN_FILE_POINTER in end: 1478016
----------------------------------------------------------
selfdapql AM_FILE_POINTER in begining: 16077519
selfdapql filelengh: 16678048
log_evicted_initial: 5287974
log_evicted_last: 5509416
log_evicted_count: 221442
storeFileSize: 15.7124815
selfdapql AM_FILE_POINTER in end: 16678048
selfdapql RS_FILE_POINTER in begining: 11648321
selfdapql rs_filelengh: 49361934
selfdapql blocking update blocking_updates_count: 5
selfdapql blocking update avg total_blocking_time: 1828.4
selfdapql RS_FILE_POINTER in end: 49361934
selfdapql DN_FILE_POINTER in begining: 1478016
selfdapql dn_filelength: 1546235
selfdapql total operation time: 3952555.0
selfdapql total # operations: 300751
selfdapql dfs avg read time: 13.142283
selfdapql DN_FILE_POINTER in end: 1546235
----------------------------------------------------------
selfdapql AM_FILE_POINTER in begining: 16678048
selfdapql filelengh: 17278847
log_evicted_initial: 5520211
log_evicted_last: 5759098
log_evicted_count: 238887
storeFileSize: 16.108467
selfdapql AM_FILE_POINTER in end: 17278847
selfdapql RS_FILE_POINTER in begining: 49361934
selfdapql rs_filelengh: 88444606
selfdapql blocking update blocking_updates_count: 16
selfdapql blocking update avg total_blocking_time: 2765.1875
selfdapql RS_FILE_POINTER in end: 88444606
selfdapql DN_FILE_POINTER in begining: 1546235
selfdapql dn_filelength: 1599686
selfdapql total operation time: 3135480.0
selfdapql total # operations: 240486
selfdapql dfs avg read time: 13.038097
selfdapql DN_FILE_POINTER in end: 1599686
----------------------------------------------------------
selfdapql AM_FILE_POINTER in begining: 17278847
selfdapql filelengh: 17879629
log_evicted_initial: 5775287
log_evicted_last: 6012720
log_evicted_count: 237433
storeFileSize: 16.543074
selfdapql AM_FILE_POINTER in end: 17879629
selfdapql RS_FILE_POINTER in begining: 88444606
selfdapql rs_filelengh: 128114891
selfdapql blocking update blocking_updates_count: 10
selfdapql blocking update avg total_blocking_time: 2391.6
selfdapql RS_FILE_POINTER in end: 128114891
selfdapql DN_FILE_POINTER in begining: 1599686
selfdapql dn_filelength: 1653108
selfdapql total operation time: 3550443.0
selfdapql total # operations: 244742
selfdapql dfs avg read time: 14.506881
selfdapql DN_FILE_POINTER in end: 1653108
----------------------------------------------------------
selfdapql AM_FILE_POINTER in begining: 17879629
selfdapql filelengh: 18480583
log_evicted_initial: 6028910
log_evicted_last: 6281053
log_evicted_count: 252143
storeFileSize: 16.86157
selfdapql AM_FILE_POINTER in end: 18480583
selfdapql RS_FILE_POINTER in begining: 128114891
selfdapql rs_filelengh: 168299441
selfdapql blocking update blocking_updates_count: 15
selfdapql blocking update avg total_blocking_time: 2712.9333
selfdapql RS_FILE_POINTER in end: 168299441
selfdapql DN_FILE_POINTER in begining: 1653108
selfdapql dn_filelength: 1706523
selfdapql total operation time: 3047685.0
selfdapql total # operations: 245484
selfdapql dfs avg read time: 12.415005
selfdapql DN_FILE_POINTER in end: 1706523
