++ ls caseresult/ -ltr
++ wc -l
+ filename=case204
+ requestdistribution=
+ mkdir caseresult/case204
+ ssh hadoop@master mkdir /home/hadoop/git/physical_design/caseresult/case204
+ RESULT_DIR=/home/hadoop/git/physical_design/caseresult/case204
+ TEN=10
+ SIXTY=60
+ SLEEP_TIME=200
+ YCSB_DIR=/home/hadoop/ycsb-0.1.4
+ number_of_operations=50000000
+ number_of_threads=20
+ number_of_records=50000000
+ output_file_suffix=.dat
+ experiment_list_file=/home/hadoop/git/physical_design/case204.list
+ clean=false
+ create=false
+ load=false
+ random_read=false
+ workloada=false
+ workloadb=false
+ workloadc=false
+ scan=false
+ all=false
+ for i in '$@'
+ '[' clean == all ']'
+ '[' clean == clean ']'
+ clean=true
+ for i in '$@'
+ '[' create == all ']'
+ '[' create == clean ']'
+ '[' create == create ']'
+ create=true
+ for i in '$@'
+ '[' workloada == all ']'
+ '[' workloada == clean ']'
+ '[' workloada == create ']'
+ '[' workloada == load ']'
+ '[' workloada == random_read ']'
+ '[' workloada == scan ']'
+ '[' workloada == workloada ']'
+ workloada=true
+ for i in '$@'
+ '[' zipfian == all ']'
+ '[' zipfian == clean ']'
+ '[' zipfian == create ']'
+ '[' zipfian == load ']'
+ '[' zipfian == random_read ']'
+ '[' zipfian == scan ']'
+ '[' zipfian == workloada ']'
+ '[' zipfian == workloadb ']'
+ '[' zipfian == workloadc ']'
+ '[' zipfian == zipfian ']'
+ requestdistribution=zipfian
+ let counter=1
+ cd /home/hadoop/ycsb-0.1.4
++ pwd
+ echo /home/hadoop/ycsb-0.1.4
/home/hadoop/ycsb-0.1.4
+ read line
+ false
+ true
+ echo 'sleeping for 60 ...'
sleeping for 60 ...
+ sleep 60
+ echo 'droping usertable...'
droping usertable...
+ ssh hadoop@master /home/hadoop/hbase/bin/hbase shell /home/hadoop/git/physical_design/delete_table
0 row(s) in 2.8440 seconds

0 row(s) in 0.4830 seconds

0 row(s) in 0.0840 seconds

+ echo 'sleeping for 200 ...'
sleeping for 200 ...
+ sleep 200
+ false
+ true
+ echo 'creating usertable...'
creating usertable...
+ create_statement='create '\''usertable'\'', { NAME=>'\''family'\'', COMPRESSION=>'\''GZ'\'', CONFIGURATION =>  { '\''hbase.hregion.majorcompaction'\'' => '\''0'\'', '\''hbase.hstore.compactionThreshold'\'' => '\''100000000000000'\'', '\''hbase.server.compactchecker.interval.multiplier'\'' => '\''100000000'\'', '\''hbase.hstore.compaction.max.size'\'' => '\''128'\'' } }, SPLITS => ['\''user1'\'','\''user2'\'', '\''user3'\'', '\''user4'\'', '\''user5'\'', '\''user6'\'', '\''user7'\'', '\''user8'\'', '\''user9'\'']'
+ echo create ''\''usertable'\'',' '{' 'NAME=>'\''family'\'',' 'COMPRESSION=>'\''GZ'\'',' CONFIGURATION '=>' '{' ''\''hbase.hregion.majorcompaction'\''' '=>' ''\''0'\'',' ''\''hbase.hstore.compactionThreshold'\''' '=>' ''\''100000000000000'\'',' ''\''hbase.server.compactchecker.interval.multiplier'\''' '=>' ''\''100000000'\'',' ''\''hbase.hstore.compaction.max.size'\''' '=>' ''\''128'\''' '}' '},' SPLITS '=>' '['\''user1'\'','\''user2'\'',' ''\''user3'\'',' ''\''user4'\'',' ''\''user5'\'',' ''\''user6'\'',' ''\''user7'\'',' ''\''user8'\'',' ''\''user9'\'']'
+ echo 'exit '
+ scp /home/hadoop/git/physical_design/caseresult/case204/create_1.script hadoop@master:/home/hadoop/git/physical_design/caseresult/case204/create_1.script
+ create_table /home/hadoop/git/physical_design/caseresult/case204/create_1.script
+ echo 'creating table...'
creating table...
+ echo /home/hadoop/git/physical_design/caseresult/case204/create_1.script
/home/hadoop/git/physical_design/caseresult/case204/create_1.script
+ ssh hadoop@master /home/hadoop/hbase/bin/hbase shell /home/hadoop/git/physical_design/caseresult/case204/create_1.script
0 row(s) in 1.5070 seconds

+ echo 'sleeping for 10 sec ...'
sleeping for 10 sec ...
+ sleep 10
+ false
+ false
+ false
+ false
+ false
+ true
+ echo workloada...
workloada...
+ echo 'start time: '
start time: 
++ date +%s
+ echo 1406105889
1406105889
++ echo /home/hadoop/git/physical_design/caseresult/case204/workloada_1.dat
+ ./workloada 50000000 20 /home/hadoop/git/physical_design/caseresult/case204/workloada_1.dat zipfian
Loading workload...
Starting test.
2014-07-23 01:58:09:824 0 sec: 0 operations; 
14/07/23 01:58:10 INFO zookeeper.ZooKeeper: Client environment:zookeeper.version=3.4.6-1569965, built on 02/20/2014 09:09 GMT
14/07/23 01:58:10 INFO zookeeper.ZooKeeper: Client environment:host.name=sceplus-vm43.almaden.ibm.com
14/07/23 01:58:10 INFO zookeeper.ZooKeeper: Client environment:java.version=1.6.0_31
14/07/23 01:58:10 INFO zookeeper.ZooKeeper: Client environment:java.vendor=Sun Microsystems Inc.
14/07/23 01:58:10 INFO zookeeper.ZooKeeper: Client environment:java.home=/usr/lib/jvm/java-6-openjdk-amd64/jre
14/07/23 01:58:10 INFO zookeeper.ZooKeeper: Client environment:java.class.path=/home/hadoop/ycsb-0.1.4/hbase-binding/lib/hbase-binding-0.1.4.jar:/home/hadoop/ycsb-0.1.4/hbase-binding/conf:/home/hadoop/ycsb-0.1.4/core/lib/core-0.1.4.jar:/home/hadoop/ycsb-0.1.4/jdbc-binding/conf
14/07/23 01:58:10 INFO zookeeper.ZooKeeper: Client environment:java.library.path=/usr/lib/jvm/java-6-openjdk-amd64/jre/lib/amd64/server:/usr/lib/jvm/java-6-openjdk-amd64/jre/lib/amd64:/usr/lib/jvm/java-6-openjdk-amd64/jre/../lib/amd64:/usr/java/packages/lib/amd64:/usr/lib/jni:/lib:/usr/lib
14/07/23 01:58:10 INFO zookeeper.ZooKeeper: Client environment:java.io.tmpdir=/tmp
14/07/23 01:58:10 INFO zookeeper.ZooKeeper: Client environment:java.compiler=<NA>
14/07/23 01:58:10 INFO zookeeper.ZooKeeper: Client environment:os.name=Linux
14/07/23 01:58:10 INFO zookeeper.ZooKeeper: Client environment:os.arch=amd64
14/07/23 01:58:10 INFO zookeeper.ZooKeeper: Client environment:os.version=3.13.0-24-generic
14/07/23 01:58:10 INFO zookeeper.ZooKeeper: Client environment:user.name=hadoop
14/07/23 01:58:10 INFO zookeeper.ZooKeeper: Client environment:user.home=/home/hadoop
14/07/23 01:58:10 INFO zookeeper.ZooKeeper: Client environment:user.dir=/home/hadoop/ycsb-0.1.4
14/07/23 01:58:10 INFO zookeeper.ZooKeeper: Initiating client connection, connectString=sceplus-vm49.almaden.ibm.com:2181,sceplus-vm48.almaden.ibm.com:2181 sessionTimeout=90000 watcher=hconnection-0x4580deea, quorum=sceplus-vm49.almaden.ibm.com:2181,sceplus-vm48.almaden.ibm.com:2181, baseZNode=/hbase
14/07/23 01:58:10 INFO zookeeper.RecoverableZooKeeper: Process identifier=hconnection-0x4580deea connecting to ZooKeeper ensemble=sceplus-vm49.almaden.ibm.com:2181,sceplus-vm48.almaden.ibm.com:2181
14/07/23 01:58:10 INFO zookeeper.ClientCnxn: Opening socket connection to server slave1/9.1.143.59:2181. Will not attempt to authenticate using SASL (unknown error)
14/07/23 01:58:10 INFO zookeeper.ClientCnxn: Socket connection established to slave1/9.1.143.59:2181, initiating session
14/07/23 01:58:10 INFO zookeeper.ClientCnxn: Session establishment complete on server slave1/9.1.143.59:2181, sessionid = 0x147641ef614000a, negotiated timeout = 90000
2014-07-23 01:58:19:826 10 sec: 5244 operations; 524.3 current ops/sec; [INSERT AverageLatency(us)=8184.85] [READ AverageLatency(us)=14411.81] 
2014-07-23 01:58:29:827 20 sec: 12665 operations; 742.03 current ops/sec; [INSERT AverageLatency(us)=79.95] [READ AverageLatency(us)=9184.27] 
2014-07-23 01:58:39:827 30 sec: 22360 operations; 969.5 current ops/sec; [INSERT AverageLatency(us)=33.19] [READ AverageLatency(us)=7989.12] 
2014-07-23 01:58:49:828 40 sec: 37436 operations; 1507.45 current ops/sec; [INSERT AverageLatency(us)=30.58] [READ AverageLatency(us)=6618.03] 
2014-07-23 01:58:59:828 50 sec: 58929 operations; 2149.3 current ops/sec; [INSERT AverageLatency(us)=30.2] [READ AverageLatency(us)=5518.24] 
2014-07-23 01:59:09:829 60 sec: 95105 operations; 3617.24 current ops/sec; [INSERT AverageLatency(us)=25.61] [READ AverageLatency(us)=3638.87] 
2014-07-23 01:59:19:829 70 sec: 149428 operations; 5432.3 current ops/sec; [INSERT AverageLatency(us)=24.88] [READ AverageLatency(us)=2625.32] 
2014-07-23 01:59:29:830 80 sec: 252273 operations; 10284.5 current ops/sec; [INSERT AverageLatency(us)=19.28] [READ AverageLatency(us)=1574.68] 
2014-07-23 01:59:39:830 90 sec: 404633 operations; 15234.48 current ops/sec; [INSERT AverageLatency(us)=17.17] [READ AverageLatency(us)=1139.85] 
2014-07-23 01:59:49:830 100 sec: 576243 operations; 17161 current ops/sec; [INSERT AverageLatency(us)=15.93] [READ AverageLatency(us)=1079.31] 
2014-07-23 01:59:59:831 110 sec: 755327 operations; 17906.61 current ops/sec; [INSERT AverageLatency(us)=26.6] [READ AverageLatency(us)=1081.62] 
2014-07-23 02:00:09:831 120 sec: 927524 operations; 17219.7 current ops/sec; [INSERT AverageLatency(us)=25.77] [READ AverageLatency(us)=1164.17] 
2014-07-23 02:00:19:832 130 sec: 1075182 operations; 14764.32 current ops/sec; [INSERT AverageLatency(us)=17.24] [READ AverageLatency(us)=1409.42] 
2014-07-23 02:00:29:832 140 sec: 1270875 operations; 19569.3 current ops/sec; [INSERT AverageLatency(us)=12.47] [READ AverageLatency(us)=1047.68] 
2014-07-23 02:00:39:833 150 sec: 1472386 operations; 20149.09 current ops/sec; [INSERT AverageLatency(us)=12.23] [READ AverageLatency(us)=1029.76] 
2014-07-23 02:00:49:833 160 sec: 1680147 operations; 20776.1 current ops/sec; [INSERT AverageLatency(us)=12.55] [READ AverageLatency(us)=1014.13] 
2014-07-23 02:00:59:834 170 sec: 1871718 operations; 19155.18 current ops/sec; [INSERT AverageLatency(us)=15.06] [READ AverageLatency(us)=1111.1] 
2014-07-23 02:01:09:835 180 sec: 2047471 operations; 17575.3 current ops/sec; [INSERT AverageLatency(us)=15.65] [READ AverageLatency(us)=1220.11] 
2014-07-23 02:01:19:835 190 sec: 2249562 operations; 20207.08 current ops/sec; [INSERT AverageLatency(us)=13.53] [READ AverageLatency(us)=1058.64] 
2014-07-23 02:01:29:835 200 sec: 2454407 operations; 20484.5 current ops/sec; [INSERT AverageLatency(us)=13.35] [READ AverageLatency(us)=1045.94] 
2014-07-23 02:01:39:836 210 sec: 2661643 operations; 20721.53 current ops/sec; [INSERT AverageLatency(us)=12.42] [READ AverageLatency(us)=1036.83] 
2014-07-23 02:01:49:836 220 sec: 2834441 operations; 17279.8 current ops/sec; [INSERT AverageLatency(us)=14.87] [READ AverageLatency(us)=1247.91] 
2014-07-23 02:01:59:837 230 sec: 3023415 operations; 18895.51 current ops/sec; [INSERT AverageLatency(us)=13.68] [READ AverageLatency(us)=1145.53] 
2014-07-23 02:02:09:838 240 sec: 3229650 operations; 20623.5 current ops/sec; [INSERT AverageLatency(us)=13.44] [READ AverageLatency(us)=1050.01] 
2014-07-23 02:02:19:838 250 sec: 3438370 operations; 20869.91 current ops/sec; [INSERT AverageLatency(us)=12.64] [READ AverageLatency(us)=1035.72] 
2014-07-23 02:02:29:839 260 sec: 3643308 operations; 20493.8 current ops/sec; [INSERT AverageLatency(us)=12.5] [READ AverageLatency(us)=1057.2] 
2014-07-23 02:02:39:839 270 sec: 3803114 operations; 15979 current ops/sec; [INSERT AverageLatency(us)=18.18] [READ AverageLatency(us)=1363.34] 
2014-07-23 02:02:49:840 280 sec: 4009303 operations; 20616.84 current ops/sec; [INSERT AverageLatency(us)=12.4] [READ AverageLatency(us)=1051.6] 
2014-07-23 02:02:59:840 290 sec: 4216217 operations; 20691.4 current ops/sec; [INSERT AverageLatency(us)=12.52] [READ AverageLatency(us)=1050.21] 
2014-07-23 02:03:09:841 300 sec: 4420041 operations; 20380.36 current ops/sec; [INSERT AverageLatency(us)=13.1] [READ AverageLatency(us)=1066.08] 
2014-07-23 02:03:19:841 310 sec: 4627319 operations; 20727.8 current ops/sec; [INSERT AverageLatency(us)=12.92] [READ AverageLatency(us)=1048.98] 
2014-07-23 02:03:29:842 320 sec: 4782351 operations; 15501.65 current ops/sec; [INSERT AverageLatency(us)=17.39] [READ AverageLatency(us)=1409.06] 
2014-07-23 02:03:39:842 330 sec: 4988986 operations; 20663.5 current ops/sec; [INSERT AverageLatency(us)=12.73] [READ AverageLatency(us)=1054.44] 
2014-07-23 02:03:49:843 340 sec: 5193892 operations; 20490.6 current ops/sec; [INSERT AverageLatency(us)=13.15] [READ AverageLatency(us)=1063.2] 
2014-07-23 02:03:59:843 350 sec: 5400066 operations; 20615.34 current ops/sec; [INSERT AverageLatency(us)=12.96] [READ AverageLatency(us)=1058.44] 
2014-07-23 02:04:09:844 360 sec: 5595804 operations; 19571.84 current ops/sec; [INSERT AverageLatency(us)=13.39] [READ AverageLatency(us)=1114.56] 
2014-07-23 02:04:19:844 370 sec: 5756679 operations; 16087.5 current ops/sec; [INSERT AverageLatency(us)=15.81] [READ AverageLatency(us)=1361.76] 
2014-07-23 02:04:29:845 380 sec: 5961988 operations; 20528.85 current ops/sec; [INSERT AverageLatency(us)=13.09] [READ AverageLatency(us)=1063.08] 
2014-07-23 02:04:39:845 390 sec: 6167908 operations; 20592 current ops/sec; [INSERT AverageLatency(us)=12.94] [READ AverageLatency(us)=1060.11] 
2014-07-23 02:04:49:846 400 sec: 6378550 operations; 21062.09 current ops/sec; [INSERT AverageLatency(us)=12.91] [READ AverageLatency(us)=1037.69] 
2014-07-23 02:04:59:846 410 sec: 6560988 operations; 18243.8 current ops/sec; [INSERT AverageLatency(us)=14.29] [READ AverageLatency(us)=1200.33] 
2014-07-23 02:05:09:847 420 sec: 6735668 operations; 17466.25 current ops/sec; [INSERT AverageLatency(us)=15.07] [READ AverageLatency(us)=1257.47] 
2014-07-23 02:05:19:847 430 sec: 6935087 operations; 19941.9 current ops/sec; [INSERT AverageLatency(us)=12.14] [READ AverageLatency(us)=1099.16] 
2014-07-23 02:05:29:848 440 sec: 7137631 operations; 20252.37 current ops/sec; [INSERT AverageLatency(us)=12.61] [READ AverageLatency(us)=1083.08] 
2014-07-23 02:05:39:848 450 sec: 7337516 operations; 19988.5 current ops/sec; [INSERT AverageLatency(us)=13.09] [READ AverageLatency(us)=1097.84] 
2014-07-23 02:05:49:849 460 sec: 7505300 operations; 16776.72 current ops/sec; [INSERT AverageLatency(us)=14.94] [READ AverageLatency(us)=1309.75] 
2014-07-23 02:05:59:849 470 sec: 7683695 operations; 17839.5 current ops/sec; [INSERT AverageLatency(us)=15.02] [READ AverageLatency(us)=1231.53] 
2014-07-23 02:06:09:850 480 sec: 7884370 operations; 20065.49 current ops/sec; [INSERT AverageLatency(us)=12.31] [READ AverageLatency(us)=1094.01] 
2014-07-23 02:06:19:850 490 sec: 8086153 operations; 20178.3 current ops/sec; [INSERT AverageLatency(us)=12.43] [READ AverageLatency(us)=1089.7] 
2014-07-23 02:06:29:851 500 sec: 8287961 operations; 20180.8 current ops/sec; [INSERT AverageLatency(us)=12.75] [READ AverageLatency(us)=1084.73] 
2014-07-23 02:06:39:851 510 sec: 8458329 operations; 17035.1 current ops/sec; [INSERT AverageLatency(us)=24.56] [READ AverageLatency(us)=1290.86] 
2014-07-23 02:06:49:852 520 sec: 8589113 operations; 13077.09 current ops/sec; [INSERT AverageLatency(us)=15.78] [READ AverageLatency(us)=1688.44] 
2014-07-23 02:06:59:852 530 sec: 8747773 operations; 15866 current ops/sec; [INSERT AverageLatency(us)=13.27] [READ AverageLatency(us)=1387.5] 
2014-07-23 02:07:09:853 540 sec: 8932368 operations; 18457.65 current ops/sec; [INSERT AverageLatency(us)=12.64] [READ AverageLatency(us)=1188.52] 
2014-07-23 02:07:19:853 550 sec: 9114995 operations; 18262.7 current ops/sec; [INSERT AverageLatency(us)=13.03] [READ AverageLatency(us)=1204.17] 
2014-07-23 02:07:29:854 560 sec: 9318318 operations; 20330.27 current ops/sec; [INSERT AverageLatency(us)=13] [READ AverageLatency(us)=1080.07] 
2014-07-23 02:07:39:854 570 sec: 9476647 operations; 15832.9 current ops/sec; [INSERT AverageLatency(us)=16.74] [READ AverageLatency(us)=1392.01] 
2014-07-23 02:07:49:855 580 sec: 9674649 operations; 19798.22 current ops/sec; [INSERT AverageLatency(us)=12.56] [READ AverageLatency(us)=1108.4] 
2014-07-23 02:07:59:855 590 sec: 9875884 operations; 20123.5 current ops/sec; [INSERT AverageLatency(us)=12.64] [READ AverageLatency(us)=1092.33] 
2014-07-23 02:08:09:856 600 sec: 10075781 operations; 19987.7 current ops/sec; [INSERT AverageLatency(us)=12.77] [READ AverageLatency(us)=1098.36] 
2014-07-23 02:08:19:856 610 sec: 10271534 operations; 19575.3 current ops/sec; [INSERT AverageLatency(us)=13.69] [READ AverageLatency(us)=1125.59] 
2014-07-23 02:08:29:857 620 sec: 10426103 operations; 15455.35 current ops/sec; [INSERT AverageLatency(us)=15.83] [READ AverageLatency(us)=1427.04] 
2014-07-23 02:08:39:857 630 sec: 10626951 operations; 20084.8 current ops/sec; [INSERT AverageLatency(us)=12.43] [READ AverageLatency(us)=1094.14] 
2014-07-23 02:08:49:858 640 sec: 10827601 operations; 20062.99 current ops/sec; [INSERT AverageLatency(us)=12.88] [READ AverageLatency(us)=1097.16] 
2014-07-23 02:08:59:858 650 sec: 11030372 operations; 20277.1 current ops/sec; [INSERT AverageLatency(us)=12.39] [READ AverageLatency(us)=1085.52] 
2014-07-23 02:09:09:859 660 sec: 11224640 operations; 19424.86 current ops/sec; [INSERT AverageLatency(us)=13.19] [READ AverageLatency(us)=1133.61] 
2014-07-23 02:09:19:859 670 sec: 11383328 operations; 15868.8 current ops/sec; [INSERT AverageLatency(us)=20.04] [READ AverageLatency(us)=1387.57] 
2014-07-23 02:09:29:860 680 sec: 11586078 operations; 20272.97 current ops/sec; [INSERT AverageLatency(us)=12.51] [READ AverageLatency(us)=1083.62] 
2014-07-23 02:09:39:860 690 sec: 11790216 operations; 20413.8 current ops/sec; [INSERT AverageLatency(us)=12.75] [READ AverageLatency(us)=1077.61] 
2014-07-23 02:09:49:861 700 sec: 11993509 operations; 20327.27 current ops/sec; [INSERT AverageLatency(us)=12.69] [READ AverageLatency(us)=1082.51] 
2014-07-23 02:09:59:861 710 sec: 12175302 operations; 18179.3 current ops/sec; [INSERT AverageLatency(us)=26.82] [READ AverageLatency(us)=1210.95] 
2014-07-23 02:10:09:862 720 sec: 12342782 operations; 16746.33 current ops/sec; [INSERT AverageLatency(us)=14.58] [READ AverageLatency(us)=1314.91] 
2014-07-23 02:10:19:862 730 sec: 12544960 operations; 20217.8 current ops/sec; [INSERT AverageLatency(us)=12.84] [READ AverageLatency(us)=1085.49] 
2014-07-23 02:10:29:863 740 sec: 12747861 operations; 20288.07 current ops/sec; [INSERT AverageLatency(us)=12.47] [READ AverageLatency(us)=1085.96] 
2014-07-23 02:10:39:863 750 sec: 12950269 operations; 20240.8 current ops/sec; [INSERT AverageLatency(us)=12.21] [READ AverageLatency(us)=1089.49] 
2014-07-23 02:10:49:864 760 sec: 13121551 operations; 17126.49 current ops/sec; [INSERT AverageLatency(us)=14.82] [READ AverageLatency(us)=1287.05] 
2014-07-23 02:10:59:864 770 sec: 13291937 operations; 17038.6 current ops/sec; [INSERT AverageLatency(us)=14.95] [READ AverageLatency(us)=1293.4] 
2014-07-23 02:11:09:865 780 sec: 13495484 operations; 20352.66 current ops/sec; [INSERT AverageLatency(us)=12.7] [READ AverageLatency(us)=1081.74] 
2014-07-23 02:11:19:865 790 sec: 13699305 operations; 20382.1 current ops/sec; [INSERT AverageLatency(us)=12.89] [READ AverageLatency(us)=1079.42] 
2014-07-23 02:11:29:866 800 sec: 13905523 operations; 20619.74 current ops/sec; [INSERT AverageLatency(us)=12.28] [READ AverageLatency(us)=1068.87] 
2014-07-23 02:11:39:866 810 sec: 14073067 operations; 16754.4 current ops/sec; [INSERT AverageLatency(us)=13.83] [READ AverageLatency(us)=1314.56] 
2014-07-23 02:11:49:867 820 sec: 14239605 operations; 16652.13 current ops/sec; [INSERT AverageLatency(us)=15.57] [READ AverageLatency(us)=1324.3] 
2014-07-23 02:11:59:867 830 sec: 14441000 operations; 20139.5 current ops/sec; [INSERT AverageLatency(us)=12.63] [READ AverageLatency(us)=1093.49] 
2014-07-23 02:12:09:868 840 sec: 14643252 operations; 20223.18 current ops/sec; [INSERT AverageLatency(us)=12.92] [READ AverageLatency(us)=1089.9] 
2014-07-23 02:12:19:868 850 sec: 14841984 operations; 19873.2 current ops/sec; [INSERT AverageLatency(us)=13.08] [READ AverageLatency(us)=1108.42] 
2014-07-23 02:12:29:869 860 sec: 15018029 operations; 17602.74 current ops/sec; [INSERT AverageLatency(us)=14.83] [READ AverageLatency(us)=1252.77] 
2014-07-23 02:12:39:869 870 sec: 15189693 operations; 17166.4 current ops/sec; [INSERT AverageLatency(us)=14.82] [READ AverageLatency(us)=1283.76] 
2014-07-23 02:12:49:870 880 sec: 15393320 operations; 20360.66 current ops/sec; [INSERT AverageLatency(us)=12.23] [READ AverageLatency(us)=1081.78] 
2014-07-23 02:12:59:880 890 sec: 15597707 operations; 20418.28 current ops/sec; [INSERT AverageLatency(us)=12.2] [READ AverageLatency(us)=1078.13] 
2014-07-23 02:13:09:881 900 sec: 15797672 operations; 19994.5 current ops/sec; [INSERT AverageLatency(us)=12.18] [READ AverageLatency(us)=1100.79] 
2014-07-23 02:13:19:882 910 sec: 15964002 operations; 16631.34 current ops/sec; [INSERT AverageLatency(us)=15.59] [READ AverageLatency(us)=1327.1] 
2014-07-23 02:13:29:882 920 sec: 16119500 operations; 15549.8 current ops/sec; [INSERT AverageLatency(us)=14.43] [READ AverageLatency(us)=1420.05] 
2014-07-23 02:13:39:883 930 sec: 16306103 operations; 18658.43 current ops/sec; [INSERT AverageLatency(us)=12.56] [READ AverageLatency(us)=1181.94] 
2014-07-23 02:13:49:884 940 sec: 16501688 operations; 19558.5 current ops/sec; [INSERT AverageLatency(us)=12.29] [READ AverageLatency(us)=1125.54] 
2014-07-23 02:13:59:884 950 sec: 16697711 operations; 19600.34 current ops/sec; [INSERT AverageLatency(us)=13.77] [READ AverageLatency(us)=1122.8] 
2014-07-23 02:14:09:885 960 sec: 16871679 operations; 17395.06 current ops/sec; [INSERT AverageLatency(us)=13.75] [READ AverageLatency(us)=1267.87] 
2014-07-23 02:14:19:886 970 sec: 17005449 operations; 13377 current ops/sec; [INSERT AverageLatency(us)=15.48] [READ AverageLatency(us)=1656.52] 
2014-07-23 02:14:29:886 980 sec: 17195701 operations; 19023.3 current ops/sec; [INSERT AverageLatency(us)=13.3] [READ AverageLatency(us)=1156.66] 
2014-07-23 02:14:39:887 990 sec: 17388362 operations; 19264.17 current ops/sec; [INSERT AverageLatency(us)=13.41] [READ AverageLatency(us)=1144.08] 
2014-07-23 02:14:49:887 1000 sec: 17577492 operations; 18913 current ops/sec; [INSERT AverageLatency(us)=14.41] [READ AverageLatency(us)=1164.56] 
2014-07-23 02:14:59:888 1010 sec: 17755430 operations; 17792.02 current ops/sec; [INSERT AverageLatency(us)=13.07] [READ AverageLatency(us)=1239.54] 
2014-07-23 02:15:09:888 1020 sec: 17909793 operations; 15436.3 current ops/sec; [INSERT AverageLatency(us)=16.41] [READ AverageLatency(us)=1431.87] 
2014-07-23 02:15:19:889 1030 sec: 18107268 operations; 19745.53 current ops/sec; [INSERT AverageLatency(us)=13.77] [READ AverageLatency(us)=1116.36] 
2014-07-23 02:15:29:889 1040 sec: 18307775 operations; 20050.7 current ops/sec; [INSERT AverageLatency(us)=12.24] [READ AverageLatency(us)=1099.08] 
2014-07-23 02:15:39:890 1050 sec: 18510507 operations; 20271.17 current ops/sec; [INSERT AverageLatency(us)=12.74] [READ AverageLatency(us)=1085.73] 
2014-07-23 02:15:49:890 1060 sec: 18704269 operations; 19376.2 current ops/sec; [INSERT AverageLatency(us)=13.12] [READ AverageLatency(us)=1136.61] 
2014-07-23 02:15:59:891 1070 sec: 18864001 operations; 15971.6 current ops/sec; [INSERT AverageLatency(us)=15.22] [READ AverageLatency(us)=1381.82] 
2014-07-23 02:16:09:891 1080 sec: 19062105 operations; 19810.4 current ops/sec; [INSERT AverageLatency(us)=12.66] [READ AverageLatency(us)=1112.55] 
2014-07-23 02:16:19:892 1090 sec: 19263922 operations; 20179.68 current ops/sec; [INSERT AverageLatency(us)=12.97] [READ AverageLatency(us)=1091.01] 
2014-07-23 02:16:29:892 1100 sec: 19464165 operations; 20024.3 current ops/sec; [INSERT AverageLatency(us)=12.64] [READ AverageLatency(us)=1099.93] 
2014-07-23 02:16:40:022 1110 sec: 19653178 operations; 18658.74 current ops/sec; [INSERT AverageLatency(us)=13.12] [READ AverageLatency(us)=1166.42] 
2014-07-23 02:16:50:023 1120 sec: 19822994 operations; 16979.9 current ops/sec; [INSERT AverageLatency(us)=18.36] [READ AverageLatency(us)=1314.3] 
2014-07-23 02:17:00:023 1130 sec: 20020247 operations; 19725.3 current ops/sec; [INSERT AverageLatency(us)=12.46] [READ AverageLatency(us)=1119.21] 
2014-07-23 02:17:10:024 1140 sec: 20223579 operations; 20331.17 current ops/sec; [INSERT AverageLatency(us)=12.78] [READ AverageLatency(us)=1082.56] 
2014-07-23 02:17:20:024 1150 sec: 20426442 operations; 20286.3 current ops/sec; [INSERT AverageLatency(us)=12.23] [READ AverageLatency(us)=1085.6] 
2014-07-23 02:17:30:025 1160 sec: 20612604 operations; 18614.34 current ops/sec; [INSERT AverageLatency(us)=12.95] [READ AverageLatency(us)=1184.98] 
2014-07-23 02:17:40:025 1170 sec: 20774200 operations; 16159.6 current ops/sec; [INSERT AverageLatency(us)=15.51] [READ AverageLatency(us)=1364.52] 
2014-07-23 02:17:50:026 1180 sec: 20978702 operations; 20448.16 current ops/sec; [INSERT AverageLatency(us)=12.27] [READ AverageLatency(us)=1077.62] 
2014-07-23 02:18:00:026 1190 sec: 21181044 operations; 20234.2 current ops/sec; [INSERT AverageLatency(us)=13.42] [READ AverageLatency(us)=1090.73] 
2014-07-23 02:18:10:027 1200 sec: 21383320 operations; 20227.6 current ops/sec; [INSERT AverageLatency(us)=12.48] [READ AverageLatency(us)=1089.71] 
2014-07-23 02:18:20:027 1210 sec: 21564854 operations; 18151.58 current ops/sec; [INSERT AverageLatency(us)=14.3] [READ AverageLatency(us)=1213.79] 
2014-07-23 02:18:30:027 1220 sec: 21733519 operations; 16866.5 current ops/sec; [INSERT AverageLatency(us)=14.68] [READ AverageLatency(us)=1305] 
2014-07-23 02:18:40:028 1230 sec: 21935558 operations; 20201.88 current ops/sec; [INSERT AverageLatency(us)=12.18] [READ AverageLatency(us)=1092.57] 
2014-07-23 02:18:50:028 1240 sec: 22140053 operations; 20449.5 current ops/sec; [INSERT AverageLatency(us)=12.28] [READ AverageLatency(us)=1079.15] 
2014-07-23 02:19:00:029 1250 sec: 22339824 operations; 19975.1 current ops/sec; [INSERT AverageLatency(us)=12.26] [READ AverageLatency(us)=1102.81] 
2014-07-23 02:19:10:029 1260 sec: 22524929 operations; 18510.5 current ops/sec; [INSERT AverageLatency(us)=13.99] [READ AverageLatency(us)=1189.72] 
2014-07-23 02:19:20:030 1270 sec: 22687841 operations; 16289.57 current ops/sec; [INSERT AverageLatency(us)=15.97] [READ AverageLatency(us)=1357.52] 
2014-07-23 02:19:30:030 1280 sec: 22891563 operations; 20372.2 current ops/sec; [INSERT AverageLatency(us)=12.76] [READ AverageLatency(us)=1081.69] 
2014-07-23 02:19:40:031 1290 sec: 23093906 operations; 20232.28 current ops/sec; [INSERT AverageLatency(us)=13.05] [READ AverageLatency(us)=1089.54] 
2014-07-23 02:19:50:031 1300 sec: 23294949 operations; 20104.3 current ops/sec; [INSERT AverageLatency(us)=13.29] [READ AverageLatency(us)=1096.29] 
2014-07-23 02:20:00:032 1310 sec: 23474940 operations; 17997.3 current ops/sec; [INSERT AverageLatency(us)=14.14] [READ AverageLatency(us)=1227.19] 
2014-07-23 02:20:10:032 1320 sec: 23642703 operations; 16776.3 current ops/sec; [INSERT AverageLatency(us)=14.26] [READ AverageLatency(us)=1315.4] 
2014-07-23 02:20:20:033 1330 sec: 23818402 operations; 17568.14 current ops/sec; [INSERT AverageLatency(us)=12.12] [READ AverageLatency(us)=1256.67] 
2014-07-23 02:20:30:033 1340 sec: 24016461 operations; 19805.9 current ops/sec; [INSERT AverageLatency(us)=12.7] [READ AverageLatency(us)=1114.53] 
2014-07-23 02:20:40:034 1350 sec: 24215383 operations; 19890.21 current ops/sec; [INSERT AverageLatency(us)=12.76] [READ AverageLatency(us)=1109.36] 
2014-07-23 02:20:50:034 1360 sec: 24397266 operations; 18188.3 current ops/sec; [INSERT AverageLatency(us)=14.3] [READ AverageLatency(us)=1212.59] 
2014-07-23 02:21:00:035 1370 sec: 24550332 operations; 15305.07 current ops/sec; [INSERT AverageLatency(us)=15.31] [READ AverageLatency(us)=1444.96] 
2014-07-23 02:21:10:035 1380 sec: 24717530 operations; 16719.8 current ops/sec; [INSERT AverageLatency(us)=12.39] [READ AverageLatency(us)=1320.77] 
2014-07-23 02:21:20:036 1390 sec: 24911030 operations; 19348.07 current ops/sec; [INSERT AverageLatency(us)=12.73] [READ AverageLatency(us)=1140.27] 
2014-07-23 02:21:30:036 1400 sec: 25112629 operations; 20159.9 current ops/sec; [INSERT AverageLatency(us)=12.38] [READ AverageLatency(us)=1092.81] 
2014-07-23 02:21:40:037 1410 sec: 25302506 operations; 18985.8 current ops/sec; [INSERT AverageLatency(us)=14.01] [READ AverageLatency(us)=1163.13] 
2014-07-23 02:21:50:037 1420 sec: 25474054 operations; 17154.8 current ops/sec; [INSERT AverageLatency(us)=14.84] [READ AverageLatency(us)=1286.5] 
2014-07-23 02:22:00:038 1430 sec: 25675571 operations; 20149.69 current ops/sec; [INSERT AverageLatency(us)=13.38] [READ AverageLatency(us)=1096.3] 
2014-07-23 02:22:10:038 1440 sec: 25875398 operations; 19982.7 current ops/sec; [INSERT AverageLatency(us)=12.41] [READ AverageLatency(us)=1104.2] 
2014-07-23 02:22:20:039 1450 sec: 26078428 operations; 20300.97 current ops/sec; [INSERT AverageLatency(us)=13.11] [READ AverageLatency(us)=1085.68] 
2014-07-23 02:22:30:039 1460 sec: 26260449 operations; 18202.1 current ops/sec; [INSERT AverageLatency(us)=14.08] [READ AverageLatency(us)=1212.91] 
2014-07-23 02:22:40:040 1470 sec: 26425142 operations; 16467.65 current ops/sec; [INSERT AverageLatency(us)=15.86] [READ AverageLatency(us)=1339.95] 
2014-07-23 02:22:50:040 1480 sec: 26620954 operations; 19581.2 current ops/sec; [INSERT AverageLatency(us)=12.31] [READ AverageLatency(us)=1126.19] 
2014-07-23 02:23:00:041 1490 sec: 26822493 operations; 20151.88 current ops/sec; [INSERT AverageLatency(us)=12.1] [READ AverageLatency(us)=1094.54] 
2014-07-23 02:23:10:041 1500 sec: 27019410 operations; 19691.7 current ops/sec; [INSERT AverageLatency(us)=12.91] [READ AverageLatency(us)=1120.17] 
2014-07-23 02:23:20:042 1510 sec: 27207913 operations; 18850.3 current ops/sec; [INSERT AverageLatency(us)=14.48] [READ AverageLatency(us)=1169.43] 
2014-07-23 02:23:30:042 1520 sec: 27377105 operations; 16917.51 current ops/sec; [INSERT AverageLatency(us)=16.18] [READ AverageLatency(us)=1303.66] 
2014-07-23 02:23:40:042 1530 sec: 27561280 operations; 18417.5 current ops/sec; [INSERT AverageLatency(us)=16.63] [READ AverageLatency(us)=1198.58] 
2014-07-23 02:23:50:043 1540 sec: 27763132 operations; 20183.18 current ops/sec; [INSERT AverageLatency(us)=12.96] [READ AverageLatency(us)=1093.76] 
2014-07-23 02:24:00:043 1550 sec: 27961814 operations; 19868.2 current ops/sec; [INSERT AverageLatency(us)=12.51] [READ AverageLatency(us)=1109.67] 
2014-07-23 02:24:10:044 1560 sec: 28135469 operations; 17363.76 current ops/sec; [INSERT AverageLatency(us)=13.9] [READ AverageLatency(us)=1267.1] 
2014-07-23 02:24:20:045 1570 sec: 28290243 operations; 15477.4 current ops/sec; [INSERT AverageLatency(us)=15.54] [READ AverageLatency(us)=1429.14] 
2014-07-23 02:24:30:045 1580 sec: 28471571 operations; 18130.99 current ops/sec; [INSERT AverageLatency(us)=12.35] [READ AverageLatency(us)=1220.1] 
2014-07-23 02:24:40:045 1590 sec: 28649434 operations; 17786.3 current ops/sec; [INSERT AverageLatency(us)=12.37] [READ AverageLatency(us)=1240.55] 
2014-07-23 02:24:50:046 1600 sec: 28846387 operations; 19693.33 current ops/sec; [INSERT AverageLatency(us)=12.41] [READ AverageLatency(us)=1121.31] 
2014-07-23 02:25:00:046 1610 sec: 29037492 operations; 19110.5 current ops/sec; [INSERT AverageLatency(us)=13.34] [READ AverageLatency(us)=1154.78] 
2014-07-23 02:25:10:047 1620 sec: 29201518 operations; 16400.96 current ops/sec; [INSERT AverageLatency(us)=15.98] [READ AverageLatency(us)=1347.25] 
2014-07-23 02:25:20:047 1630 sec: 29387786 operations; 18626.8 current ops/sec; [INSERT AverageLatency(us)=13.77] [READ AverageLatency(us)=1186.31] 
2014-07-23 02:25:30:048 1640 sec: 29581407 operations; 19360.16 current ops/sec; [INSERT AverageLatency(us)=12.35] [READ AverageLatency(us)=1139.29] 
2014-07-23 02:25:40:048 1650 sec: 29777067 operations; 19566 current ops/sec; [INSERT AverageLatency(us)=13.84] [READ AverageLatency(us)=1126.57] 
2014-07-23 02:25:50:053 1660 sec: 29954491 operations; 17733.53 current ops/sec; [INSERT AverageLatency(us)=13.24] [READ AverageLatency(us)=1243.4] 
2014-07-23 02:26:00:054 1670 sec: 30125291 operations; 17078.29 current ops/sec; [INSERT AverageLatency(us)=14.7] [READ AverageLatency(us)=1294.72] 
2014-07-23 02:26:10:054 1680 sec: 30306089 operations; 18079.8 current ops/sec; [INSERT AverageLatency(us)=14.27] [READ AverageLatency(us)=1220.92] 
2014-07-23 02:26:20:055 1690 sec: 30503860 operations; 19775.12 current ops/sec; [INSERT AverageLatency(us)=12.19] [READ AverageLatency(us)=1116.6] 
2014-07-23 02:26:30:055 1700 sec: 30703132 operations; 19927.2 current ops/sec; [INSERT AverageLatency(us)=12.15] [READ AverageLatency(us)=1108.85] 
2014-07-23 02:26:40:056 1710 sec: 30884944 operations; 18179.38 current ops/sec; [INSERT AverageLatency(us)=13.32] [READ AverageLatency(us)=1213.9] 
2014-07-23 02:26:50:056 1720 sec: 31040187 operations; 15524.3 current ops/sec; [INSERT AverageLatency(us)=15.14] [READ AverageLatency(us)=1422.67] 
2014-07-23 02:27:00:057 1730 sec: 31222542 operations; 18233.68 current ops/sec; [INSERT AverageLatency(us)=14.28] [READ AverageLatency(us)=1213.33] 
2014-07-23 02:27:10:057 1740 sec: 31419429 operations; 19688.7 current ops/sec; [INSERT AverageLatency(us)=12.31] [READ AverageLatency(us)=1121.26] 
2014-07-23 02:27:20:058 1750 sec: 31611842 operations; 19239.38 current ops/sec; [INSERT AverageLatency(us)=12.81] [READ AverageLatency(us)=1147.45] 
2014-07-23 02:27:30:058 1760 sec: 31804033 operations; 19219.1 current ops/sec; [INSERT AverageLatency(us)=14.43] [READ AverageLatency(us)=1149.7] 
2014-07-23 02:27:40:059 1770 sec: 31953692 operations; 14964.4 current ops/sec; [INSERT AverageLatency(us)=14.67] [READ AverageLatency(us)=1478] 
2014-07-23 02:27:50:059 1780 sec: 32103271 operations; 14957.9 current ops/sec; [INSERT AverageLatency(us)=14.33] [READ AverageLatency(us)=1478.03] 
2014-07-23 02:28:00:060 1790 sec: 32276067 operations; 17277.87 current ops/sec; [INSERT AverageLatency(us)=13.28] [READ AverageLatency(us)=1279.57] 
2014-07-23 02:28:10:089 1800 sec: 32466987 operations; 19036.79 current ops/sec; [INSERT AverageLatency(us)=14.26] [READ AverageLatency(us)=1158.88] 
2014-07-23 02:28:20:089 1810 sec: 32659816 operations; 19282.9 current ops/sec; [INSERT AverageLatency(us)=13.19] [READ AverageLatency(us)=1147.01] 
2014-07-23 02:28:30:090 1820 sec: 32829684 operations; 16985.1 current ops/sec; [INSERT AverageLatency(us)=14.51] [READ AverageLatency(us)=1299.8] 
2014-07-23 02:28:40:090 1830 sec: 32993384 operations; 16370 current ops/sec; [INSERT AverageLatency(us)=14.58] [READ AverageLatency(us)=1350.68] 
2014-07-23 02:28:50:091 1840 sec: 33182559 operations; 18915.61 current ops/sec; [INSERT AverageLatency(us)=13.15] [READ AverageLatency(us)=1167.42] 
2014-07-23 02:29:00:091 1850 sec: 33361716 operations; 17915.7 current ops/sec; [INSERT AverageLatency(us)=12.41] [READ AverageLatency(us)=1234.55] 
2014-07-23 02:29:10:092 1860 sec: 33554186 operations; 19245.08 current ops/sec; [INSERT AverageLatency(us)=12.57] [READ AverageLatency(us)=1147.06] 
2014-07-23 02:29:20:092 1870 sec: 33735718 operations; 18153.2 current ops/sec; [INSERT AverageLatency(us)=13.6] [READ AverageLatency(us)=1217.5] 
2014-07-23 02:29:30:093 1880 sec: 33899429 operations; 16369.46 current ops/sec; [INSERT AverageLatency(us)=15.76] [READ AverageLatency(us)=1349] 
2014-07-23 02:29:40:093 1890 sec: 34085126 operations; 18569.7 current ops/sec; [INSERT AverageLatency(us)=13.05] [READ AverageLatency(us)=1189.09] 
2014-07-23 02:29:50:094 1900 sec: 34276179 operations; 19103.39 current ops/sec; [INSERT AverageLatency(us)=12.53] [READ AverageLatency(us)=1154.85] 
2014-07-23 02:30:00:094 1910 sec: 34474521 operations; 19834.2 current ops/sec; [INSERT AverageLatency(us)=12.95] [READ AverageLatency(us)=1113.26] 
2014-07-23 02:30:10:095 1920 sec: 34658886 operations; 18434.66 current ops/sec; [INSERT AverageLatency(us)=14.6] [READ AverageLatency(us)=1197.62] 
2014-07-23 02:30:20:095 1930 sec: 34831863 operations; 17297.7 current ops/sec; [INSERT AverageLatency(us)=15.4] [READ AverageLatency(us)=1274.07] 
2014-07-23 02:30:30:096 1940 sec: 35023488 operations; 19160.58 current ops/sec; [INSERT AverageLatency(us)=13.29] [READ AverageLatency(us)=1155.09] 
2014-07-23 02:30:40:096 1950 sec: 35218005 operations; 19451.7 current ops/sec; [INSERT AverageLatency(us)=12.69] [READ AverageLatency(us)=1135.02] 
2014-07-23 02:30:50:097 1960 sec: 35400943 operations; 18291.97 current ops/sec; [INSERT AverageLatency(us)=13.71] [READ AverageLatency(us)=1207.26] 
2014-07-23 02:31:00:098 1970 sec: 35583142 operations; 18219.9 current ops/sec; [INSERT AverageLatency(us)=13.8] [READ AverageLatency(us)=1212.36] 
2014-07-23 02:31:10:099 1980 sec: 35760168 operations; 17700.83 current ops/sec; [INSERT AverageLatency(us)=14.11] [READ AverageLatency(us)=1248.25] 
2014-07-23 02:31:20:099 1990 sec: 35943563 operations; 18337.67 current ops/sec; [INSERT AverageLatency(us)=13.99] [READ AverageLatency(us)=1204.09] 
2014-07-23 02:31:30:100 2000 sec: 36135476 operations; 19189.38 current ops/sec; [INSERT AverageLatency(us)=12.32] [READ AverageLatency(us)=1149.69] 
2014-07-23 02:31:40:101 2010 sec: 36332922 operations; 19742.63 current ops/sec; [INSERT AverageLatency(us)=12.66] [READ AverageLatency(us)=1118.14] 
2014-07-23 02:31:50:101 2020 sec: 36521961 operations; 18903.9 current ops/sec; [INSERT AverageLatency(us)=13.31] [READ AverageLatency(us)=1169.18] 
2014-07-23 02:32:00:102 2030 sec: 36683882 operations; 16190.48 current ops/sec; [INSERT AverageLatency(us)=15.62] [READ AverageLatency(us)=1364.02] 
2014-07-23 02:32:10:102 2040 sec: 36863590 operations; 17970.8 current ops/sec; [INSERT AverageLatency(us)=13.17] [READ AverageLatency(us)=1228.97] 
2014-07-23 02:32:20:103 2050 sec: 37050627 operations; 18701.83 current ops/sec; [INSERT AverageLatency(us)=12.95] [READ AverageLatency(us)=1180.14] 
2014-07-23 02:32:30:104 2060 sec: 37246147 operations; 19550.04 current ops/sec; [INSERT AverageLatency(us)=13.02] [READ AverageLatency(us)=1129.12] 
2014-07-23 02:32:40:110 2070 sec: 37438414 operations; 19215.17 current ops/sec; [INSERT AverageLatency(us)=13.25] [READ AverageLatency(us)=1148.95] 
2014-07-23 02:32:50:111 2080 sec: 37602314 operations; 16388.36 current ops/sec; [INSERT AverageLatency(us)=21.85] [READ AverageLatency(us)=1346.11] 
2014-07-23 02:33:00:111 2090 sec: 37774591 operations; 17227.7 current ops/sec; [INSERT AverageLatency(us)=13.36] [READ AverageLatency(us)=1281.66] 
2014-07-23 02:33:10:112 2100 sec: 37957346 operations; 18273.67 current ops/sec; [INSERT AverageLatency(us)=12.32] [READ AverageLatency(us)=1208.66] 
2014-07-23 02:33:20:112 2110 sec: 38152896 operations; 19555 current ops/sec; [INSERT AverageLatency(us)=12.36] [READ AverageLatency(us)=1128.67] 
2014-07-23 02:33:30:113 2120 sec: 38340614 operations; 18769.92 current ops/sec; [INSERT AverageLatency(us)=13.54] [READ AverageLatency(us)=1171.53] 
2014-07-23 02:33:40:113 2130 sec: 38512737 operations; 17212.3 current ops/sec; [INSERT AverageLatency(us)=13.94] [READ AverageLatency(us)=1288.25] 
2014-07-23 02:33:50:114 2140 sec: 38682726 operations; 16997.2 current ops/sec; [INSERT AverageLatency(us)=14.23] [READ AverageLatency(us)=1301.2] 
2014-07-23 02:34:00:114 2150 sec: 38878593 operations; 19586.7 current ops/sec; [INSERT AverageLatency(us)=12.27] [READ AverageLatency(us)=1125.19] 
2014-07-23 02:34:10:115 2160 sec: 39073378 operations; 19476.55 current ops/sec; [INSERT AverageLatency(us)=13.66] [READ AverageLatency(us)=1134.98] 
2014-07-23 02:34:20:115 2170 sec: 39261581 operations; 18820.3 current ops/sec; [INSERT AverageLatency(us)=13.59] [READ AverageLatency(us)=1173.33] 
2014-07-23 02:34:30:116 2180 sec: 39430316 operations; 16871.81 current ops/sec; [INSERT AverageLatency(us)=15.72] [READ AverageLatency(us)=1301.35] 
2014-07-23 02:34:40:116 2190 sec: 39581444 operations; 15112.8 current ops/sec; [INSERT AverageLatency(us)=15.63] [READ AverageLatency(us)=1472.33] 
2014-07-23 02:34:50:117 2200 sec: 39751720 operations; 17025.9 current ops/sec; [INSERT AverageLatency(us)=12.95] [READ AverageLatency(us)=1299.8] 
2014-07-23 02:35:00:117 2210 sec: 39936284 operations; 18456.4 current ops/sec; [INSERT AverageLatency(us)=13.2] [READ AverageLatency(us)=1195.88] 
2014-07-23 02:35:10:118 2220 sec: 40128801 operations; 19251.7 current ops/sec; [INSERT AverageLatency(us)=12.37] [READ AverageLatency(us)=1147.72] 
2014-07-23 02:35:20:118 2230 sec: 40308679 operations; 17986 current ops/sec; [INSERT AverageLatency(us)=13.78] [READ AverageLatency(us)=1227.99] 
2014-07-23 02:35:30:119 2240 sec: 40471949 operations; 16327 current ops/sec; [INSERT AverageLatency(us)=13.95] [READ AverageLatency(us)=1355.24] 
2014-07-23 02:35:40:120 2250 sec: 40639943 operations; 16796.04 current ops/sec; [INSERT AverageLatency(us)=13.68] [READ AverageLatency(us)=1316.68] 
2014-07-23 02:35:50:121 2260 sec: 40830110 operations; 19014.8 current ops/sec; [INSERT AverageLatency(us)=13.01] [READ AverageLatency(us)=1161.56] 
2014-07-23 02:36:00:121 2270 sec: 41023168 operations; 19305.8 current ops/sec; [INSERT AverageLatency(us)=13.05] [READ AverageLatency(us)=1143.45] 
2014-07-23 02:36:10:122 2280 sec: 41201273 operations; 17808.72 current ops/sec; [INSERT AverageLatency(us)=13.62] [READ AverageLatency(us)=1240.23] 
2014-07-23 02:36:20:122 2290 sec: 41359102 operations; 15782.9 current ops/sec; [INSERT AverageLatency(us)=14.51] [READ AverageLatency(us)=1397.46] 
2014-07-23 02:36:30:123 2300 sec: 41524174 operations; 16505.55 current ops/sec; [INSERT AverageLatency(us)=14.1] [READ AverageLatency(us)=1338.31] 
2014-07-23 02:36:40:123 2310 sec: 41710124 operations; 18595 current ops/sec; [INSERT AverageLatency(us)=12.45] [READ AverageLatency(us)=1187.45] 
2014-07-23 02:36:50:124 2320 sec: 41902256 operations; 19211.28 current ops/sec; [INSERT AverageLatency(us)=12.94] [READ AverageLatency(us)=1149.28] 
2014-07-23 02:37:00:124 2330 sec: 42094223 operations; 19196.7 current ops/sec; [INSERT AverageLatency(us)=13.81] [READ AverageLatency(us)=1149.69] 
2014-07-23 02:37:10:125 2340 sec: 42264354 operations; 17011.4 current ops/sec; [INSERT AverageLatency(us)=13.71] [READ AverageLatency(us)=1299.23] 
2014-07-23 02:37:20:126 2350 sec: 42434756 operations; 17038.5 current ops/sec; [INSERT AverageLatency(us)=16.42] [READ AverageLatency(us)=1296.12] 
2014-07-23 02:37:30:126 2360 sec: 42635188 operations; 20043.2 current ops/sec; [INSERT AverageLatency(us)=12.32] [READ AverageLatency(us)=1102.37] 
2014-07-23 02:37:40:127 2370 sec: 42832535 operations; 19732.73 current ops/sec; [INSERT AverageLatency(us)=13.27] [READ AverageLatency(us)=1119.49] 
2014-07-23 02:37:50:137 2380 sec: 43024518 operations; 19181.04 current ops/sec; [INSERT AverageLatency(us)=13.3] [READ AverageLatency(us)=1148.31] 
2014-07-23 02:38:00:137 2390 sec: 43199047 operations; 17451.15 current ops/sec; [INSERT AverageLatency(us)=23.87] [READ AverageLatency(us)=1260.33] 
2014-07-23 02:38:10:137 2400 sec: 43365931 operations; 16688.4 current ops/sec; [INSERT AverageLatency(us)=14.31] [READ AverageLatency(us)=1330.37] 
2014-07-23 02:38:20:138 2410 sec: 43553343 operations; 18739.33 current ops/sec; [INSERT AverageLatency(us)=13.11] [READ AverageLatency(us)=1177.66] 
2014-07-23 02:38:30:138 2420 sec: 43747924 operations; 19458.1 current ops/sec; [INSERT AverageLatency(us)=13.2] [READ AverageLatency(us)=1133.35] 
2014-07-23 02:38:40:139 2430 sec: 43941067 operations; 19312.37 current ops/sec; [INSERT AverageLatency(us)=12.69] [READ AverageLatency(us)=1142.2] 
2014-07-23 02:38:50:139 2440 sec: 44110196 operations; 16912.9 current ops/sec; [INSERT AverageLatency(us)=14.53] [READ AverageLatency(us)=1307.62] 
2014-07-23 02:39:00:140 2450 sec: 44273575 operations; 16336.27 current ops/sec; [INSERT AverageLatency(us)=14.48] [READ AverageLatency(us)=1352.89] 
2014-07-23 02:39:10:140 2460 sec: 44451648 operations; 17807.3 current ops/sec; [INSERT AverageLatency(us)=12.97] [READ AverageLatency(us)=1240.58] 
2014-07-23 02:39:20:141 2470 sec: 44645220 operations; 19355.26 current ops/sec; [INSERT AverageLatency(us)=13.45] [READ AverageLatency(us)=1140.64] 
2014-07-23 02:39:30:141 2480 sec: 44835910 operations; 19069 current ops/sec; [INSERT AverageLatency(us)=12.5] [READ AverageLatency(us)=1158.01] 
2014-07-23 02:39:40:142 2490 sec: 44996518 operations; 16059.19 current ops/sec; [INSERT AverageLatency(us)=13.45] [READ AverageLatency(us)=1377.94] 
2014-07-23 02:39:50:142 2500 sec: 45143506 operations; 14698.8 current ops/sec; [INSERT AverageLatency(us)=15.92] [READ AverageLatency(us)=1505.16] 
2014-07-23 02:40:00:143 2510 sec: 45301305 operations; 15778.32 current ops/sec; [INSERT AverageLatency(us)=13.85] [READ AverageLatency(us)=1398.87] 
2014-07-23 02:40:10:143 2520 sec: 45492716 operations; 19141.1 current ops/sec; [INSERT AverageLatency(us)=12.55] [READ AverageLatency(us)=1152.91] 
2014-07-23 02:40:20:144 2530 sec: 45678841 operations; 18610.64 current ops/sec; [INSERT AverageLatency(us)=12.44] [READ AverageLatency(us)=1187.04] 
2014-07-23 02:40:30:144 2540 sec: 45853020 operations; 17417.9 current ops/sec; [INSERT AverageLatency(us)=13.48] [READ AverageLatency(us)=1269.7] 
2014-07-23 02:40:40:145 2550 sec: 46026391 operations; 17335.37 current ops/sec; [INSERT AverageLatency(us)=14.57] [READ AverageLatency(us)=1272.38] 
2014-07-23 02:40:50:145 2560 sec: 46193047 operations; 16665.6 current ops/sec; [INSERT AverageLatency(us)=14.48] [READ AverageLatency(us)=1326.84] 
2014-07-23 02:41:00:146 2570 sec: 46381124 operations; 18805.82 current ops/sec; [INSERT AverageLatency(us)=12.65] [READ AverageLatency(us)=1173.7] 
2014-07-23 02:41:10:146 2580 sec: 46574290 operations; 19316.6 current ops/sec; [INSERT AverageLatency(us)=13.05] [READ AverageLatency(us)=1144.31] 
2014-07-23 02:41:20:147 2590 sec: 46761692 operations; 18738.33 current ops/sec; [INSERT AverageLatency(us)=12.79] [READ AverageLatency(us)=1178.94] 
2014-07-23 02:41:30:147 2600 sec: 46936406 operations; 17471.4 current ops/sec; [INSERT AverageLatency(us)=14.58] [READ AverageLatency(us)=1263.96] 
2014-07-23 02:41:40:148 2610 sec: 47087075 operations; 15065.39 current ops/sec; [INSERT AverageLatency(us)=14.7] [READ AverageLatency(us)=1467.46] 
2014-07-23 02:41:50:148 2620 sec: 47243285 operations; 15621 current ops/sec; [INSERT AverageLatency(us)=13.19] [READ AverageLatency(us)=1414.37] 
2014-07-23 02:42:00:148 2630 sec: 47417901 operations; 17461.6 current ops/sec; [INSERT AverageLatency(us)=12.8] [READ AverageLatency(us)=1263.68] 
2014-07-23 02:42:10:149 2640 sec: 47601433 operations; 18351.36 current ops/sec; [INSERT AverageLatency(us)=13.24] [READ AverageLatency(us)=1204.35] 
2014-07-23 02:42:20:149 2650 sec: 47779348 operations; 17791.5 current ops/sec; [INSERT AverageLatency(us)=13.52] [READ AverageLatency(us)=1242.12] 
2014-07-23 02:42:30:150 2660 sec: 47936840 operations; 15747.63 current ops/sec; [INSERT AverageLatency(us)=14.87] [READ AverageLatency(us)=1405.88] 
2014-07-23 02:42:40:150 2670 sec: 48093377 operations; 15653.7 current ops/sec; [INSERT AverageLatency(us)=13.98] [READ AverageLatency(us)=1412.93] 
2014-07-23 02:42:50:151 2680 sec: 48279982 operations; 18658.63 current ops/sec; [INSERT AverageLatency(us)=13.14] [READ AverageLatency(us)=1183.58] 
2014-07-23 02:43:00:151 2690 sec: 48472234 operations; 19225.2 current ops/sec; [INSERT AverageLatency(us)=13.22] [READ AverageLatency(us)=1147.19] 
2014-07-23 02:43:10:158 2700 sec: 48661825 operations; 18945.84 current ops/sec; [INSERT AverageLatency(us)=14.18] [READ AverageLatency(us)=1164.06] 
2014-07-23 02:43:20:158 2710 sec: 48840081 operations; 17825.6 current ops/sec; [INSERT AverageLatency(us)=14.04] [READ AverageLatency(us)=1240.43] 
2014-07-23 02:43:30:159 2720 sec: 49004686 operations; 16458.85 current ops/sec; [INSERT AverageLatency(us)=14.2] [READ AverageLatency(us)=1344.73] 
2014-07-23 02:43:40:159 2730 sec: 49193303 operations; 18861.7 current ops/sec; [INSERT AverageLatency(us)=12.93] [READ AverageLatency(us)=1170.47] 
2014-07-23 02:43:50:160 2740 sec: 49390721 operations; 19739.83 current ops/sec; [INSERT AverageLatency(us)=12.75] [READ AverageLatency(us)=1118.04] 
2014-07-23 02:44:00:160 2750 sec: 49586328 operations; 19560.7 current ops/sec; [INSERT AverageLatency(us)=13.36] [READ AverageLatency(us)=1125.47] 
2014-07-23 02:44:10:161 2760 sec: 49761945 operations; 17559.94 current ops/sec; [INSERT AverageLatency(us)=15.17] [READ AverageLatency(us)=1260.32] 
2014-07-23 02:44:20:161 2770 sec: 49929711 operations; 16776.6 current ops/sec; [INSERT AverageLatency(us)=17.01] [READ AverageLatency(us)=1318.74] 
2014-07-23 02:44:26:471 2776 sec: 50000000 operations; 11139.3 current ops/sec; [UPDATE AverageLatency(us)=86731.1] [INSERT AverageLatency(us)=13.01] [READ AverageLatency(us)=1275.57] [CLEANUP AverageLatency(us)=86849.5] 
+ echo 'end time:'
end time:
++ date +%s
+ echo 1406108666
1406108666
+ echo 'sleeping for 10 sec ...'
sleeping for 10 sec ...
+ sleep 10
+ false
+ false
+ false
+ false
+ let counter=1+1
+ read line
+ set +x
