----------------------------------------------------------
selfdapql AM_FILE_POINTER in begining: 0
selfdapql filelengh: 226808
log_evicted_initial: 0
log_evicted_last: 6
log_evicted_count: 6
storeFileSize: 2.8034672E-5
selfdapql AM_FILE_POINTER in end: 226808
selfdapql RS_FILE_POINTER in begining: 0
selfdapql rs_filelengh: 256404
selfdapql blocking update blocking_updates_count: 0
selfdapql blocking update avg total_blocking_time: 0.0
selfdapql RS_FILE_POINTER in end: 256404
selfdapql DN_FILE_POINTER in begining: 0
selfdapql dn_filelength: 62628
selfdapql total operation time: 135.0
selfdapql total # operations: 23
selfdapql dfs avg read time: 5.869565
selfdapql DN_FILE_POINTER in end: 62628
read proportion = 0.1
write_proportion = 0.9
selfdapql blockedFlushCount: 0
selfdapql unblockedFlushCount: 0
selfdapql evictCount: 6
selfdapql current cache size: 4.8
selfdapql data size: 2.8034672E-5
selfdapql cache-data ratio: 42804.14
enough cache
selfdapql newBlockCacheSize: 0.4
selfdapql newMemstoreSize: 0.4
----------------------------------------------------------
selfdapql AM_FILE_POINTER in begining: 226808
selfdapql filelengh: 447358
log_evicted_initial: 6
log_evicted_last: 8
log_evicted_count: 2
storeFileSize: 2.8034672E-5
selfdapql AM_FILE_POINTER in end: 447358
selfdapql RS_FILE_POINTER in begining: 256404
selfdapql rs_filelengh: 261511
selfdapql blocking update blocking_updates_count: 0
selfdapql blocking update avg total_blocking_time: 0.0
selfdapql RS_FILE_POINTER in end: 261511
selfdapql DN_FILE_POINTER in begining: 62628
selfdapql dn_filelength: 114052
selfdapql total operation time: 5.0
selfdapql total # operations: 2
selfdapql dfs avg read time: 2.5
selfdapql DN_FILE_POINTER in end: 114052
read proportion = 0.1
write_proportion = 0.9
selfdapql blockedFlushCount: 0
selfdapql unblockedFlushCount: 0
selfdapql evictCount: 2
selfdapql current cache size: 4.8
selfdapql data size: 2.8034672E-5
selfdapql cache-data ratio: 42804.14
enough cache
selfdapql newBlockCacheSize: 0.4
selfdapql newMemstoreSize: 0.4
----------------------------------------------------------
selfdapql AM_FILE_POINTER in begining: 447358
selfdapql filelengh: 668206
log_evicted_initial: 8
log_evicted_last: 8
log_evicted_count: 0
storeFileSize: 2.8034672E-5
selfdapql AM_FILE_POINTER in end: 668206
selfdapql RS_FILE_POINTER in begining: 261511
selfdapql rs_filelengh: 261726
selfdapql blocking update blocking_updates_count: 0
selfdapql blocking update avg total_blocking_time: 0.0
selfdapql RS_FILE_POINTER in end: 261726
selfdapql DN_FILE_POINTER in begining: 114052
selfdapql dn_filelength: 165569
selfdapql total operation time: 0.0
selfdapql total # operations: 0
selfdapql dfs avg read time: 0.0
selfdapql DN_FILE_POINTER in end: 165569
read proportion = 0.1
write_proportion = 0.9
selfdapql blockedFlushCount: 0
selfdapql unblockedFlushCount: 0
selfdapql evictCount: 6
selfdapql No Tuning
----------------------------------------------------------
selfdapql AM_FILE_POINTER in begining: 668206
selfdapql filelengh: 889628
log_evicted_initial: 8
log_evicted_last: 8
log_evicted_count: 0
storeFileSize: 2.8034672E-5
selfdapql AM_FILE_POINTER in end: 889628
selfdapql RS_FILE_POINTER in begining: 261726
selfdapql rs_filelengh: 266618
selfdapql blocking update blocking_updates_count: 0
selfdapql blocking update avg total_blocking_time: 0.0
selfdapql RS_FILE_POINTER in end: 266618
selfdapql DN_FILE_POINTER in begining: 165569
selfdapql dn_filelength: 217929
selfdapql total operation time: 70286.0
selfdapql total # operations: 1794
selfdapql dfs avg read time: 39.17837
selfdapql DN_FILE_POINTER in end: 217929
read proportion = 0.1
write_proportion = 0.9
selfdapql blockedFlushCount: 0
selfdapql unblockedFlushCount: 0
selfdapql evictCount: 2
selfdapql No Tuning
----------------------------------------------------------
selfdapql AM_FILE_POINTER in begining: 889628
selfdapql filelengh: 1111126
log_evicted_initial: 8
log_evicted_last: 8
log_evicted_count: 0
storeFileSize: 2.8034672E-5
selfdapql AM_FILE_POINTER in end: 1111126
selfdapql RS_FILE_POINTER in begining: 266618
selfdapql rs_filelengh: 266901
selfdapql blocking update blocking_updates_count: 0
selfdapql blocking update avg total_blocking_time: 0.0
selfdapql RS_FILE_POINTER in end: 266901
selfdapql DN_FILE_POINTER in begining: 217929
selfdapql dn_filelength: 270113
selfdapql total operation time: 0.0
selfdapql total # operations: 0
selfdapql dfs avg read time: 0.0
selfdapql DN_FILE_POINTER in end: 270113
read proportion = 0.1
write_proportion = 0.9
selfdapql blockedFlushCount: 0
selfdapql unblockedFlushCount: 0
selfdapql evictCount: 6
selfdapql No Tuning
----------------------------------------------------------
selfdapql AM_FILE_POINTER in begining: 1111126
selfdapql filelengh: 1332698
log_evicted_initial: 8
log_evicted_last: 8
log_evicted_count: 0
storeFileSize: 2.8034672E-5
selfdapql AM_FILE_POINTER in end: 1332698
selfdapql RS_FILE_POINTER in begining: 266901
selfdapql rs_filelengh: 271510
selfdapql blocking update blocking_updates_count: 0
selfdapql blocking update avg total_blocking_time: 0.0
selfdapql RS_FILE_POINTER in end: 271510
selfdapql DN_FILE_POINTER in begining: 270113
selfdapql dn_filelength: 322133
selfdapql total operation time: 0.0
selfdapql total # operations: 0
selfdapql dfs avg read time: 0.0
selfdapql DN_FILE_POINTER in end: 322133
read proportion = 0.1
write_proportion = 0.9
selfdapql blockedFlushCount: 0
selfdapql unblockedFlushCount: 0
selfdapql evictCount: 2
selfdapql No Tuning
----------------------------------------------------------
selfdapql AM_FILE_POINTER in begining: 1332698
selfdapql filelengh: 1554131
log_evicted_initial: 8
log_evicted_last: 8
log_evicted_count: 0
storeFileSize: 2.8034672E-5
selfdapql AM_FILE_POINTER in end: 1554131
selfdapql RS_FILE_POINTER in begining: 271510
selfdapql rs_filelengh: 276402
selfdapql blocking update blocking_updates_count: 0
selfdapql blocking update avg total_blocking_time: 0.0
selfdapql RS_FILE_POINTER in end: 276402
selfdapql DN_FILE_POINTER in begining: 322133
selfdapql dn_filelength: 374066
selfdapql total operation time: 3.0
selfdapql total # operations: 2
selfdapql dfs avg read time: 1.5
selfdapql DN_FILE_POINTER in end: 374066
read proportion = 0.1
write_proportion = 0.9
selfdapql blockedFlushCount: 0
selfdapql unblockedFlushCount: 0
selfdapql evictCount: 6
selfdapql No Tuning
----------------------------------------------------------
selfdapql AM_FILE_POINTER in begining: 1554131
selfdapql filelengh: 1775213
log_evicted_initial: 8
log_evicted_last: 8
log_evicted_count: 0
storeFileSize: 2.8034672E-5
selfdapql AM_FILE_POINTER in end: 1775213
selfdapql RS_FILE_POINTER in begining: 276402
selfdapql rs_filelengh: 276402
selfdapql blocking update blocking_updates_count: 0
selfdapql blocking update avg total_blocking_time: 0.0
selfdapql RS_FILE_POINTER in end: 276402
selfdapql DN_FILE_POINTER in begining: 374066
selfdapql dn_filelength: 425998
selfdapql total operation time: 0.0
selfdapql total # operations: 0
selfdapql dfs avg read time: 0.0
selfdapql DN_FILE_POINTER in end: 425998
read proportion = 0.1
write_proportion = 0.9
selfdapql blockedFlushCount: 0
selfdapql unblockedFlushCount: 0
selfdapql evictCount: 2
selfdapql No Tuning
----------------------------------------------------------
selfdapql AM_FILE_POINTER in begining: 1775213
selfdapql filelengh: 1996259
log_evicted_initial: 8
log_evicted_last: 8
log_evicted_count: 0
storeFileSize: 2.8034672E-5
selfdapql AM_FILE_POINTER in end: 1996259
selfdapql RS_FILE_POINTER in begining: 276402
selfdapql rs_filelengh: 281298
selfdapql blocking update blocking_updates_count: 0
selfdapql blocking update avg total_blocking_time: 0.0
selfdapql RS_FILE_POINTER in end: 281298
selfdapql DN_FILE_POINTER in begining: 425998
selfdapql dn_filelength: 477947
selfdapql total operation time: 3.0
selfdapql total # operations: 2
selfdapql dfs avg read time: 1.5
selfdapql DN_FILE_POINTER in end: 477947
read proportion = 0.1
write_proportion = 0.9
selfdapql blockedFlushCount: 0
selfdapql unblockedFlushCount: 0
selfdapql evictCount: 6
selfdapql No Tuning
----------------------------------------------------------
selfdapql AM_FILE_POINTER in begining: 1996259
selfdapql filelengh: 2217387
log_evicted_initial: 8
log_evicted_last: 8
log_evicted_count: 0
storeFileSize: 2.8034672E-5
selfdapql AM_FILE_POINTER in end: 2217387
selfdapql RS_FILE_POINTER in begining: 281298
selfdapql rs_filelengh: 281581
selfdapql blocking update blocking_updates_count: 0
selfdapql blocking update avg total_blocking_time: 0.0
selfdapql RS_FILE_POINTER in end: 281581
selfdapql DN_FILE_POINTER in begining: 477947
selfdapql dn_filelength: 529862
selfdapql total operation time: 0.0
selfdapql total # operations: 0
selfdapql dfs avg read time: 0.0
selfdapql DN_FILE_POINTER in end: 529862
read proportion = 0.1
write_proportion = 0.9
selfdapql blockedFlushCount: 0
selfdapql unblockedFlushCount: 0
selfdapql evictCount: 2
selfdapql No Tuning
