threshold: 0.4
threshold: 500.0
----------------------------------------------------------
selfdapql AM_FILE_POINTER in begining: 0
selfdapql filelengh: 400994
log_evicted_initial: 0
log_evicted_last: 0
log_evicted_count: 0
storeFileSize: 0.0
selfdapql AM_FILE_POINTER in end: 400994
selfdapql RS_FILE_POINTER in begining: 0
selfdapql rs_filelengh: 309090
selfdapql blocking update blocking_updates_count: 0
selfdapql blocking update avg total_blocking_time: 0.0
selfdapql RS_FILE_POINTER in end: 309090
selfdapql DN_FILE_POINTER in begining: 0
selfdapql dn_filelength: 74163
selfdapql total operation time: 17595.0
selfdapql total # operations: 70
selfdapql dfs avg read time: 251.35715
selfdapql DN_FILE_POINTER in end: 74163
selfdapql newBlockCacheSize: 0.4
selfdapql newMemstoreSize: 0.4
threshold: 0.4
threshold: 500.0
----------------------------------------------------------
selfdapql AM_FILE_POINTER in begining: 400994
selfdapql filelengh: 997055
log_evicted_initial: 0
log_evicted_last: 0
log_evicted_count: 0
storeFileSize: 1.1111954
selfdapql AM_FILE_POINTER in end: 997055
selfdapql RS_FILE_POINTER in begining: 309090
selfdapql rs_filelengh: 5287652
selfdapql blocking update blocking_updates_count: 0
selfdapql blocking update avg total_blocking_time: 0.0
selfdapql RS_FILE_POINTER in end: 5287652
selfdapql DN_FILE_POINTER in begining: 74163
selfdapql dn_filelength: 129433
selfdapql total operation time: 21209.0
selfdapql total # operations: 37635
selfdapql dfs avg read time: 0.5635446
selfdapql DN_FILE_POINTER in end: 129433
selfdapql newBlockCacheSize: 0.4
selfdapql newMemstoreSize: 0.4
threshold: 0.4
threshold: 500.0
----------------------------------------------------------
selfdapql AM_FILE_POINTER in begining: 997055
selfdapql filelengh: 1594552
log_evicted_initial: 0
log_evicted_last: 27917
log_evicted_count: 27917
storeFileSize: 1.9623954
selfdapql AM_FILE_POINTER in end: 1594552
selfdapql RS_FILE_POINTER in begining: 5287652
selfdapql rs_filelengh: 12252072
selfdapql blocking update blocking_updates_count: 0
selfdapql blocking update avg total_blocking_time: 0.0
selfdapql RS_FILE_POINTER in end: 12252072
selfdapql DN_FILE_POINTER in begining: 129433
selfdapql dn_filelength: 185136
selfdapql total operation time: 222338.0
selfdapql total # operations: 54683
selfdapql dfs avg read time: 4.0659437
selfdapql DN_FILE_POINTER in end: 185136
selfdapql newBlockCacheSize: 0.4
selfdapql newMemstoreSize: 0.4
threshold: 0.4
threshold: 500.0
----------------------------------------------------------
selfdapql AM_FILE_POINTER in begining: 1594552
selfdapql filelengh: 2192800
log_evicted_initial: 27917
log_evicted_last: 90896
log_evicted_count: 62979
storeFileSize: 2.7476842
selfdapql AM_FILE_POINTER in end: 2192800
selfdapql RS_FILE_POINTER in begining: 12252072
selfdapql rs_filelengh: 23153861
selfdapql blocking update blocking_updates_count: 0
selfdapql blocking update avg total_blocking_time: 0.0
selfdapql RS_FILE_POINTER in end: 23153861
selfdapql DN_FILE_POINTER in begining: 185136
selfdapql dn_filelength: 240901
selfdapql total operation time: 455209.0
selfdapql total # operations: 80719
selfdapql dfs avg read time: 5.639428
selfdapql DN_FILE_POINTER in end: 240901
selfdapql newBlockCacheSize: 0.4
selfdapql newMemstoreSize: 0.4
threshold: 0.4
threshold: 500.0
----------------------------------------------------------
selfdapql AM_FILE_POINTER in begining: 2192800
selfdapql filelengh: 2791909
log_evicted_initial: 93980
log_evicted_last: 231790
log_evicted_count: 137810
storeFileSize: 3.4598122
selfdapql AM_FILE_POINTER in end: 2791909
selfdapql RS_FILE_POINTER in begining: 23153861
selfdapql rs_filelengh: 43409708
selfdapql blocking update blocking_updates_count: 0
selfdapql blocking update avg total_blocking_time: 0.0
selfdapql RS_FILE_POINTER in end: 43409708
selfdapql DN_FILE_POINTER in begining: 240901
selfdapql dn_filelength: 296744
selfdapql total operation time: 1338552.0
selfdapql total # operations: 161000
selfdapql dfs avg read time: 8.313988
selfdapql DN_FILE_POINTER in end: 296744
selfdapql newBlockCacheSize: 0.4
selfdapql newMemstoreSize: 0.4
threshold: 0.4
threshold: 500.0
----------------------------------------------------------
selfdapql AM_FILE_POINTER in begining: 2791909
selfdapql filelengh: 3391239
log_evicted_initial: 241046
log_evicted_last: 434069
log_evicted_count: 193023
storeFileSize: 4.1723948
selfdapql AM_FILE_POINTER in end: 3391239
selfdapql RS_FILE_POINTER in begining: 43409708
selfdapql rs_filelengh: 72726571
selfdapql blocking update blocking_updates_count: 0
selfdapql blocking update avg total_blocking_time: 0.0
selfdapql RS_FILE_POINTER in end: 72726571
selfdapql DN_FILE_POINTER in begining: 296744
selfdapql dn_filelength: 355653
selfdapql total operation time: 1949683.0
selfdapql total # operations: 224924
selfdapql dfs avg read time: 8.668185
selfdapql DN_FILE_POINTER in end: 355653
selfdapql newBlockCacheSize: 0.4
selfdapql newMemstoreSize: 0.4
threshold: 0.4
threshold: 500.0
----------------------------------------------------------
selfdapql AM_FILE_POINTER in begining: 3391239
selfdapql filelengh: 3990803
log_evicted_initial: 446407
log_evicted_last: 663425
log_evicted_count: 217018
storeFileSize: 4.8217645
selfdapql AM_FILE_POINTER in end: 3990803
selfdapql RS_FILE_POINTER in begining: 72726571
selfdapql rs_filelengh: 106911125
selfdapql blocking update blocking_updates_count: 0
selfdapql blocking update avg total_blocking_time: 0.0
selfdapql RS_FILE_POINTER in end: 106911125
selfdapql DN_FILE_POINTER in begining: 355653
selfdapql dn_filelength: 408644
selfdapql total operation time: 2348469.0
selfdapql total # operations: 234319
selfdapql dfs avg read time: 10.022529
selfdapql DN_FILE_POINTER in end: 408644
selfdapql newBlockCacheSize: 0.4
selfdapql newMemstoreSize: 0.4
threshold: 0.4
threshold: 500.0
----------------------------------------------------------
selfdapql AM_FILE_POINTER in begining: 3990803
selfdapql filelengh: 4590164
log_evicted_initial: 681930
log_evicted_last: 946545
log_evicted_count: 264615
storeFileSize: 5.476293
selfdapql AM_FILE_POINTER in end: 4590164
selfdapql RS_FILE_POINTER in begining: 106911125
selfdapql rs_filelengh: 148070143
selfdapql blocking update blocking_updates_count: 0
selfdapql blocking update avg total_blocking_time: 0.0
selfdapql RS_FILE_POINTER in end: 148070143
selfdapql DN_FILE_POINTER in begining: 408644
selfdapql dn_filelength: 464671
selfdapql total operation time: 2809978.0
selfdapql total # operations: 281349
selfdapql dfs avg read time: 9.987517
selfdapql DN_FILE_POINTER in end: 464671
selfdapql newBlockCacheSize: 0.4
selfdapql newMemstoreSize: 0.4
threshold: 0.4
threshold: 500.0
----------------------------------------------------------
selfdapql AM_FILE_POINTER in begining: 4590164
selfdapql filelengh: 5189783
log_evicted_initial: 960770
log_evicted_last: 1225234
log_evicted_count: 264464
storeFileSize: 6.000078
selfdapql AM_FILE_POINTER in end: 5189783
selfdapql RS_FILE_POINTER in begining: 148070143
selfdapql rs_filelengh: 190039054
selfdapql blocking update blocking_updates_count: 0
selfdapql blocking update avg total_blocking_time: 0.0
selfdapql RS_FILE_POINTER in end: 190039054
selfdapql DN_FILE_POINTER in begining: 464671
selfdapql dn_filelength: 520741
selfdapql total operation time: 2697080.0
selfdapql total # operations: 267055
selfdapql dfs avg read time: 10.099343
selfdapql DN_FILE_POINTER in end: 520741
selfdapql newBlockCacheSize: 0.4
selfdapql newMemstoreSize: 0.4
threshold: 0.4
threshold: 500.0
----------------------------------------------------------
selfdapql AM_FILE_POINTER in begining: 5189783
selfdapql filelengh: 5789256
log_evicted_initial: 1244726
log_evicted_last: 1494665
log_evicted_count: 249939
storeFileSize: 6.521701
selfdapql AM_FILE_POINTER in end: 5789256
selfdapql RS_FILE_POINTER in begining: 190039054
selfdapql rs_filelengh: 230662084
selfdapql blocking update blocking_updates_count: 0
selfdapql blocking update avg total_blocking_time: 0.0
selfdapql RS_FILE_POINTER in end: 230662084
selfdapql DN_FILE_POINTER in begining: 520741
selfdapql dn_filelength: 570962
selfdapql total operation time: 2566884.0
selfdapql total # operations: 248957
selfdapql dfs avg read time: 10.310552
selfdapql DN_FILE_POINTER in end: 570962
selfdapql newBlockCacheSize: 0.4
selfdapql newMemstoreSize: 0.4
threshold: 0.4
threshold: 500.0
----------------------------------------------------------
selfdapql AM_FILE_POINTER in begining: 5789256
selfdapql filelengh: 6388731
log_evicted_initial: 1513171
log_evicted_last: 1765046
log_evicted_count: 251875
storeFileSize: 7.1058187
selfdapql AM_FILE_POINTER in end: 6388731
selfdapql log rolled
selfdapql RS_FILE_POINTER in begining: 0
selfdapql rs_filelengh: 2439302
selfdapql blocking update blocking_updates_count: 0
selfdapql blocking update avg total_blocking_time: 0.0
selfdapql RS_FILE_POINTER in end: 2439302
selfdapql DN_FILE_POINTER in begining: 570962
selfdapql dn_filelength: 606453
selfdapql total operation time: 1853789.0
selfdapql total # operations: 170808
selfdapql dfs avg read time: 10.853057
selfdapql DN_FILE_POINTER in end: 606453
selfdapql newBlockCacheSize: 0.4
selfdapql newMemstoreSize: 0.4
threshold: 0.4
threshold: 500.0
----------------------------------------------------------
selfdapql AM_FILE_POINTER in begining: 6388731
selfdapql filelengh: 6988305
log_evicted_initial: 1777384
log_evicted_last: 2035068
log_evicted_count: 257684
storeFileSize: 7.4981894
selfdapql AM_FILE_POINTER in end: 6988305
selfdapql RS_FILE_POINTER in begining: 2439302
selfdapql rs_filelengh: 42600119
selfdapql blocking update blocking_updates_count: 0
selfdapql blocking update avg total_blocking_time: 0.0
selfdapql RS_FILE_POINTER in end: 42600119
selfdapql DN_FILE_POINTER in begining: 606453
selfdapql dn_filelength: 677414
selfdapql total operation time: 3756529.0
selfdapql total # operations: 345719
selfdapql dfs avg read time: 10.865845
selfdapql DN_FILE_POINTER in end: 677414
selfdapql newBlockCacheSize: 0.4
selfdapql newMemstoreSize: 0.4
threshold: 0.4
threshold: 500.0
----------------------------------------------------------
selfdapql AM_FILE_POINTER in begining: 6988305
selfdapql filelengh: 7588181
log_evicted_initial: 2050488
log_evicted_last: 2305071
log_evicted_count: 254583
storeFileSize: 7.823815
selfdapql AM_FILE_POINTER in end: 7588181
selfdapql RS_FILE_POINTER in begining: 42600119
selfdapql rs_filelengh: 84196498
selfdapql blocking update blocking_updates_count: 0
selfdapql blocking update avg total_blocking_time: 0.0
selfdapql RS_FILE_POINTER in end: 84196498
selfdapql DN_FILE_POINTER in begining: 677414
selfdapql dn_filelength: 730732
selfdapql total operation time: 2887148.0
selfdapql total # operations: 253398
selfdapql dfs avg read time: 11.393728
selfdapql DN_FILE_POINTER in end: 730732
selfdapql newBlockCacheSize: 0.4
selfdapql newMemstoreSize: 0.4
threshold: 0.4
threshold: 500.0
----------------------------------------------------------
selfdapql AM_FILE_POINTER in begining: 7588181
selfdapql filelengh: 8188048
log_evicted_initial: 2320489
log_evicted_last: 2567067
log_evicted_count: 246578
storeFileSize: 8.14997
selfdapql AM_FILE_POINTER in end: 8188048
selfdapql RS_FILE_POINTER in begining: 84196498
selfdapql rs_filelengh: 123708396
selfdapql blocking update blocking_updates_count: 0
selfdapql blocking update avg total_blocking_time: 0.0
selfdapql RS_FILE_POINTER in end: 123708396
selfdapql DN_FILE_POINTER in begining: 730732
selfdapql dn_filelength: 780972
selfdapql total operation time: 2431803.0
selfdapql total # operations: 189941
selfdapql dfs avg read time: 12.802938
selfdapql DN_FILE_POINTER in end: 780972
selfdapql newBlockCacheSize: 0.4
selfdapql newMemstoreSize: 0.4
