threshold: 700.0
threshold: 700.0
----------------------------------------------------------
selfdapql AM_FILE_POINTER in begining: 0
selfdapql filelengh: 220077
log_evicted_initial: 0
log_evicted_last: 4
log_evicted_count: 4
storeFileSize: 2.2080727E-5
selfdapql AM_FILE_POINTER in end: 220077
selfdapql RS_FILE_POINTER in begining: 0
selfdapql rs_filelengh: 258567
selfdapql blocking update blocking_updates_count: 0
selfdapql blocking update avg total_blocking_time: 0.0
selfdapql RS_FILE_POINTER in end: 258567
selfdapql DN_FILE_POINTER in begining: 0
selfdapql dn_filelength: 59829
selfdapql total operation time: 119.0
selfdapql total # operations: 23
selfdapql dfs avg read time: 5.173913
selfdapql DN_FILE_POINTER in end: 59829
selfdapql newBlockCacheSize: 0.45000002
selfdapql newMemstoreSize: 0.35
threshold: 700.0
threshold: 700.0
----------------------------------------------------------
selfdapql AM_FILE_POINTER in begining: 220077
selfdapql filelengh: 441126
log_evicted_initial: 4
log_evicted_last: 6
log_evicted_count: 2
storeFileSize: 2.2080727E-5
selfdapql AM_FILE_POINTER in end: 441126
selfdapql RS_FILE_POINTER in begining: 258567
selfdapql rs_filelengh: 263674
selfdapql blocking update blocking_updates_count: 0
selfdapql blocking update avg total_blocking_time: 0.0
selfdapql RS_FILE_POINTER in end: 263674
selfdapql DN_FILE_POINTER in begining: 59829
selfdapql dn_filelength: 111369
selfdapql total operation time: 1859.0
selfdapql total # operations: 120
selfdapql dfs avg read time: 15.491667
selfdapql DN_FILE_POINTER in end: 111369
selfdapql newBlockCacheSize: 0.5
selfdapql newMemstoreSize: 0.29999998
threshold: 700.0
threshold: 700.0
----------------------------------------------------------
selfdapql AM_FILE_POINTER in begining: 441126
selfdapql filelengh: 662368
log_evicted_initial: 6
log_evicted_last: 6
log_evicted_count: 0
storeFileSize: 2.2080727E-5
selfdapql AM_FILE_POINTER in end: 662368
selfdapql RS_FILE_POINTER in begining: 263674
selfdapql rs_filelengh: 263889
selfdapql blocking update blocking_updates_count: 0
selfdapql blocking update avg total_blocking_time: 0.0
selfdapql RS_FILE_POINTER in end: 263889
selfdapql DN_FILE_POINTER in begining: 111369
selfdapql dn_filelength: 163607
selfdapql total operation time: 10805.0
selfdapql total # operations: 472
selfdapql dfs avg read time: 22.891949
selfdapql DN_FILE_POINTER in end: 163607
threshold: 700.0
threshold: 700.0
----------------------------------------------------------
selfdapql AM_FILE_POINTER in begining: 662368
selfdapql filelengh: 883512
log_evicted_initial: 6
log_evicted_last: 6
log_evicted_count: 0
storeFileSize: 2.2080727E-5
selfdapql AM_FILE_POINTER in end: 883512
selfdapql RS_FILE_POINTER in begining: 263889
selfdapql rs_filelengh: 268781
selfdapql blocking update blocking_updates_count: 0
selfdapql blocking update avg total_blocking_time: 0.0
selfdapql RS_FILE_POINTER in end: 268781
selfdapql DN_FILE_POINTER in begining: 163607
selfdapql dn_filelength: 215855
selfdapql total operation time: 4302.0
selfdapql total # operations: 270
selfdapql dfs avg read time: 15.933333
selfdapql DN_FILE_POINTER in end: 215855
threshold: 700.0
threshold: 700.0
----------------------------------------------------------
selfdapql AM_FILE_POINTER in begining: 883512
selfdapql filelengh: 1104469
log_evicted_initial: 6
log_evicted_last: 6
log_evicted_count: 0
storeFileSize: 2.2080727E-5
selfdapql AM_FILE_POINTER in end: 1104469
selfdapql RS_FILE_POINTER in begining: 268781
selfdapql rs_filelengh: 269064
selfdapql blocking update blocking_updates_count: 0
selfdapql blocking update avg total_blocking_time: 0.0
selfdapql RS_FILE_POINTER in end: 269064
selfdapql DN_FILE_POINTER in begining: 215855
selfdapql dn_filelength: 268000
selfdapql total operation time: 1769.0
selfdapql total # operations: 159
selfdapql dfs avg read time: 11.125786
selfdapql DN_FILE_POINTER in end: 268000
threshold: 700.0
threshold: 700.0
----------------------------------------------------------
selfdapql AM_FILE_POINTER in begining: 1104469
selfdapql filelengh: 1324848
log_evicted_initial: 6
log_evicted_last: 6
log_evicted_count: 0
storeFileSize: 2.2080727E-5
selfdapql AM_FILE_POINTER in end: 1324848
selfdapql RS_FILE_POINTER in begining: 269064
selfdapql rs_filelengh: 273673
selfdapql blocking update blocking_updates_count: 0
selfdapql blocking update avg total_blocking_time: 0.0
selfdapql RS_FILE_POINTER in end: 273673
selfdapql DN_FILE_POINTER in begining: 268000
selfdapql dn_filelength: 320280
selfdapql total operation time: 9911.0
selfdapql total # operations: 127
selfdapql dfs avg read time: 78.03937
selfdapql DN_FILE_POINTER in end: 320280
threshold: 700.0
threshold: 700.0
----------------------------------------------------------
selfdapql AM_FILE_POINTER in begining: 1324848
selfdapql filelengh: 1545271
log_evicted_initial: 6
log_evicted_last: 6
log_evicted_count: 0
storeFileSize: 2.2080727E-5
selfdapql AM_FILE_POINTER in end: 1545271
selfdapql RS_FILE_POINTER in begining: 273673
selfdapql rs_filelengh: 278565
selfdapql blocking update blocking_updates_count: 0
selfdapql blocking update avg total_blocking_time: 0.0
selfdapql RS_FILE_POINTER in end: 278565
selfdapql DN_FILE_POINTER in begining: 320280
selfdapql dn_filelength: 372677
selfdapql total operation time: 174791.0
selfdapql total # operations: 106
selfdapql dfs avg read time: 1648.9717
selfdapql DN_FILE_POINTER in end: 372677
threshold: 700.0
threshold: 700.0
----------------------------------------------------------
selfdapql AM_FILE_POINTER in begining: 1545271
selfdapql filelengh: 1765908
log_evicted_initial: 6
log_evicted_last: 6
log_evicted_count: 0
storeFileSize: 2.2080727E-5
selfdapql AM_FILE_POINTER in end: 1765908
selfdapql RS_FILE_POINTER in begining: 278565
selfdapql rs_filelengh: 278565
selfdapql blocking update blocking_updates_count: 0
selfdapql blocking update avg total_blocking_time: 0.0
selfdapql RS_FILE_POINTER in end: 278565
selfdapql DN_FILE_POINTER in begining: 372677
selfdapql dn_filelength: 425191
selfdapql total operation time: 0.0
selfdapql total # operations: 0
selfdapql dfs avg read time: 0.0
selfdapql DN_FILE_POINTER in end: 425191
threshold: 700.0
threshold: 700.0
----------------------------------------------------------
selfdapql AM_FILE_POINTER in begining: 1765908
selfdapql filelengh: 1986899
log_evicted_initial: 6
log_evicted_last: 6
log_evicted_count: 0
storeFileSize: 2.2080727E-5
selfdapql AM_FILE_POINTER in end: 1986899
selfdapql RS_FILE_POINTER in begining: 278565
selfdapql rs_filelengh: 283461
selfdapql blocking update blocking_updates_count: 0
selfdapql blocking update avg total_blocking_time: 0.0
selfdapql RS_FILE_POINTER in end: 283461
selfdapql DN_FILE_POINTER in begining: 425191
selfdapql dn_filelength: 477215
selfdapql total operation time: 3.0
selfdapql total # operations: 2
selfdapql dfs avg read time: 1.5
selfdapql DN_FILE_POINTER in end: 477215
threshold: 700.0
threshold: 700.0
----------------------------------------------------------
selfdapql AM_FILE_POINTER in begining: 1986899
selfdapql filelengh: 2208250
log_evicted_initial: 6
log_evicted_last: 6
log_evicted_count: 0
storeFileSize: 2.2080727E-5
selfdapql AM_FILE_POINTER in end: 2208250
selfdapql RS_FILE_POINTER in begining: 283461
selfdapql rs_filelengh: 283744
selfdapql blocking update blocking_updates_count: 0
selfdapql blocking update avg total_blocking_time: 0.0
selfdapql RS_FILE_POINTER in end: 283744
selfdapql DN_FILE_POINTER in begining: 477215
selfdapql dn_filelength: 529209
selfdapql total operation time: 0.0
selfdapql total # operations: 0
selfdapql dfs avg read time: 0.0
selfdapql DN_FILE_POINTER in end: 529209
threshold: 700.0
threshold: 700.0
----------------------------------------------------------
selfdapql AM_FILE_POINTER in begining: 2208250
selfdapql filelengh: 2429570
log_evicted_initial: 6
log_evicted_last: 6
log_evicted_count: 0
storeFileSize: 2.2080727E-5
selfdapql AM_FILE_POINTER in end: 2429570
selfdapql RS_FILE_POINTER in begining: 283744
selfdapql rs_filelengh: 288357
selfdapql blocking update blocking_updates_count: 0
selfdapql blocking update avg total_blocking_time: 0.0
selfdapql RS_FILE_POINTER in end: 288357
selfdapql DN_FILE_POINTER in begining: 529209
selfdapql dn_filelength: 581201
selfdapql total operation time: 0.0
selfdapql total # operations: 0
selfdapql dfs avg read time: 0.0
selfdapql DN_FILE_POINTER in end: 581201
