----------------------------------------------------------
selfdapql AM_FILE_POINTER in begining: 0
selfdapql filelengh: 403345
log_evicted_initial: 0
log_evicted_last: 0
log_evicted_count: 0
storeFileSize: 0.3019659
selfdapql AM_FILE_POINTER in end: 403345
selfdapql RS_FILE_POINTER in begining: 0
selfdapql rs_filelengh: 1198544
selfdapql blocking update blocking_updates_count: 0
selfdapql blocking update avg total_blocking_time: 0.0
selfdapql RS_FILE_POINTER in end: 1198544
selfdapql DN_FILE_POINTER in begining: 0
selfdapql dn_filelength: 77482
selfdapql total operation time: 47144.0
selfdapql total # operations: 6499
selfdapql dfs avg read time: 7.2540393
selfdapql DN_FILE_POINTER in end: 77482
read proportion = 0.1
write_proportion = 0.9
selfdapql blockedFlushCount: 0
selfdapql unblockedFlushCount: 0
selfdapql evictCount: 0
selfdapql No Tuning
----------------------------------------------------------
selfdapql AM_FILE_POINTER in begining: 403345
selfdapql filelengh: 1000159
log_evicted_initial: 0
log_evicted_last: 0
log_evicted_count: 0
storeFileSize: 1.8749324
selfdapql AM_FILE_POINTER in end: 1000159
selfdapql RS_FILE_POINTER in begining: 1198544
selfdapql rs_filelengh: 6036636
selfdapql blocking update blocking_updates_count: 40
selfdapql blocking update avg total_blocking_time: 14006.825
selfdapql RS_FILE_POINTER in end: 6036636
selfdapql DN_FILE_POINTER in begining: 77482
selfdapql dn_filelength: 130192
selfdapql total operation time: 153386.0
selfdapql total # operations: 34200
selfdapql dfs avg read time: 4.4849706
selfdapql DN_FILE_POINTER in end: 130192
read proportion = 0.1
write_proportion = 0.9
selfdapql blockedFlushCount: 0
selfdapql unblockedFlushCount: 0
selfdapql evictCount: 0
selfdapql current cache size: 4.8
selfdapql data size: 1.8749324
selfdapql cache-data ratio: 0.6400231
selfdapql probability ratio: 0.9832081528939669
selfdapql pc by pm ratio: 3.1482221473541416E-4
selfdapql pc_by_pm * am_blockCacheEvictionCount: 0.0
selfdapql rslog_blocking_updates_count: 40
selfdapql newBlockCacheSize: 0.35
selfdapql newMemstoreSize: 0.45000002
----------------------------------------------------------
selfdapql AM_FILE_POINTER in begining: 1000159
selfdapql filelengh: 1299045
log_evicted_initial: 0
log_evicted_last: 0
log_evicted_count: 0
storeFileSize: 2.808783
selfdapql AM_FILE_POINTER in end: 1299045
selfdapql RS_FILE_POINTER in begining: 6036636
selfdapql rs_filelengh: 10123908
selfdapql blocking update blocking_updates_count: 49
selfdapql blocking update avg total_blocking_time: 11490.062
selfdapql RS_FILE_POINTER in end: 10123908
selfdapql DN_FILE_POINTER in begining: 130192
selfdapql dn_filelength: 188829
selfdapql total operation time: 434026.0
selfdapql total # operations: 22635
selfdapql dfs avg read time: 19.174995
selfdapql DN_FILE_POINTER in end: 188829
read proportion = 0.1
write_proportion = 0.9
selfdapql blockedFlushCount: 0
selfdapql unblockedFlushCount: 0
selfdapql evictCount: 0
selfdapql current cache size: 4.2
selfdapql data size: 2.808783
selfdapql cache-data ratio: 0.37382737
selfdapql probability ratio: 0.8462637048466873
selfdapql pc by pm ratio: 0.0014122730281243456
selfdapql pc_by_pm * am_blockCacheEvictionCount: 0.0
selfdapql rslog_blocking_updates_count: 49
selfdapql newBlockCacheSize: 0.29999998
selfdapql newMemstoreSize: 0.5
----------------------------------------------------------
selfdapql AM_FILE_POINTER in begining: 1299045
selfdapql filelengh: 1897748
log_evicted_initial: 0
log_evicted_last: 25980
log_evicted_count: 25980
storeFileSize: 3.2106762
selfdapql AM_FILE_POINTER in end: 1897748
selfdapql RS_FILE_POINTER in begining: 10123908
selfdapql rs_filelengh: 12631525
selfdapql blocking update blocking_updates_count: 31
selfdapql blocking update avg total_blocking_time: 41262.355
selfdapql RS_FILE_POINTER in end: 12631525
selfdapql DN_FILE_POINTER in begining: 188829
selfdapql dn_filelength: 250521
selfdapql total operation time: 752850.0
selfdapql total # operations: 12976
selfdapql dfs avg read time: 58.01865
selfdapql DN_FILE_POINTER in end: 250521
read proportion = 0.1
write_proportion = 0.9
selfdapql blockedFlushCount: 0
selfdapql unblockedFlushCount: 0
selfdapql evictCount: 25980
selfdapql current cache size: 3.6
selfdapql data size: 3.2106762
selfdapql cache-data ratio: 0.28031477
selfdapql probability ratio: 0.7317311303909895
selfdapql pc by pm ratio: 0.0010288810627682734
selfdapql pc_by_pm * am_blockCacheEvictionCount: 26.730330010719744
selfdapql rslog_blocking_updates_count: 31
selfdapql newBlockCacheSize: 0.24999999
selfdapql newMemstoreSize: 0.55
----------------------------------------------------------
selfdapql AM_FILE_POINTER in begining: 1897748
selfdapql filelengh: 2962178
log_evicted_initial: 25980
log_evicted_last: 122307
log_evicted_count: 96327
storeFileSize: 5.5737753
selfdapql AM_FILE_POINTER in end: 2962178
selfdapql RS_FILE_POINTER in begining: 12631525
selfdapql rs_filelengh: 29063931
selfdapql blocking update blocking_updates_count: 0
selfdapql blocking update avg total_blocking_time: 0.0
selfdapql RS_FILE_POINTER in end: 29063931
selfdapql DN_FILE_POINTER in begining: 250521
selfdapql dn_filelength: 309386
selfdapql total operation time: 1709660.0
selfdapql total # operations: 98498
selfdapql dfs avg read time: 17.357307
selfdapql DN_FILE_POINTER in end: 309386
read proportion = 0.1
write_proportion = 0.9
selfdapql blockedFlushCount: 0
selfdapql unblockedFlushCount: 0
selfdapql evictCount: 98256
selfdapql current cache size: 2.9999998
selfdapql data size: 5.5737753
selfdapql cache-data ratio: 0.1345587
selfdapql probability ratio: 0.4390159536509156
selfdapql pc by pm ratio: Infinity
selfdapql pc_by_pm * am_blockCacheEvictionCount: Infinity
selfdapql rslog_blocking_updates_count: 0
selfdapql newBlockCacheSize: 0.29999998
selfdapql newMemstoreSize: 0.5
----------------------------------------------------------
selfdapql AM_FILE_POINTER in begining: 2962178
selfdapql filelengh: 3561842
log_evicted_initial: 130024
log_evicted_last: 245618
log_evicted_count: 115594
storeFileSize: 7.5285497
selfdapql AM_FILE_POINTER in end: 3561842
selfdapql RS_FILE_POINTER in begining: 29063931
selfdapql rs_filelengh: 51377190
selfdapql blocking update blocking_updates_count: 0
selfdapql blocking update avg total_blocking_time: 0.0
selfdapql RS_FILE_POINTER in end: 51377190
selfdapql DN_FILE_POINTER in begining: 309386
selfdapql dn_filelength: 365424
selfdapql total operation time: 2235291.0
selfdapql total # operations: 126520
selfdapql dfs avg read time: 17.667492
selfdapql DN_FILE_POINTER in end: 365424
read proportion = 0.1
write_proportion = 0.9
selfdapql blockedFlushCount: 0
selfdapql unblockedFlushCount: 0
selfdapql evictCount: 149676
selfdapql current cache size: 3.6
selfdapql data size: 7.5285497
selfdapql cache-data ratio: 0.11954493
selfdapql probability ratio: 0.3990631893223634
selfdapql pc by pm ratio: Infinity
selfdapql pc_by_pm * am_blockCacheEvictionCount: Infinity
selfdapql rslog_blocking_updates_count: 0
selfdapql newBlockCacheSize: 0.35
selfdapql newMemstoreSize: 0.45
----------------------------------------------------------
selfdapql AM_FILE_POINTER in begining: 3561842
selfdapql filelengh: 4161640
log_evicted_initial: 252561
log_evicted_last: 374203
log_evicted_count: 121642
storeFileSize: 9.418969
selfdapql AM_FILE_POINTER in end: 4161640
selfdapql RS_FILE_POINTER in begining: 51377190
selfdapql rs_filelengh: 74537750
selfdapql blocking update blocking_updates_count: 0
selfdapql blocking update avg total_blocking_time: 0.0
selfdapql RS_FILE_POINTER in end: 74537750
selfdapql DN_FILE_POINTER in begining: 365424
selfdapql dn_filelength: 421415
selfdapql total operation time: 2988363.0
selfdapql total # operations: 134263
selfdapql dfs avg read time: 22.257532
selfdapql DN_FILE_POINTER in end: 421415
read proportion = 0.1
write_proportion = 0.9
selfdapql blockedFlushCount: 0
selfdapql unblockedFlushCount: 0
selfdapql evictCount: 224527
selfdapql current cache size: 4.2
selfdapql data size: 9.418969
selfdapql cache-data ratio: 0.11147716
selfdapql probability ratio: 0.3767325736971565
selfdapql pc by pm ratio: Infinity
selfdapql pc_by_pm * am_blockCacheEvictionCount: Infinity
selfdapql rslog_blocking_updates_count: 0
selfdapql newBlockCacheSize: 0.4
selfdapql newMemstoreSize: 0.39999998
----------------------------------------------------------
selfdapql AM_FILE_POINTER in begining: 4161640
selfdapql filelengh: 4761866
log_evicted_initial: 382301
log_evicted_last: 506421
log_evicted_count: 124120
storeFileSize: 11.187355
selfdapql AM_FILE_POINTER in end: 4761866
selfdapql RS_FILE_POINTER in begining: 74537750
selfdapql rs_filelengh: 98307575
selfdapql blocking update blocking_updates_count: 0
selfdapql blocking update avg total_blocking_time: 0.0
selfdapql RS_FILE_POINTER in end: 98307575
selfdapql DN_FILE_POINTER in begining: 421415
selfdapql dn_filelength: 474492
selfdapql total operation time: 3247904.0
selfdapql total # operations: 130034
selfdapql dfs avg read time: 24.977345
selfdapql DN_FILE_POINTER in end: 474492
read proportion = 0.1
write_proportion = 0.9
selfdapql blockedFlushCount: 0
selfdapql unblockedFlushCount: 0
selfdapql evictCount: 281894
selfdapql current cache size: 4.8
selfdapql data size: 11.187355
selfdapql cache-data ratio: 0.10726397
selfdapql probability ratio: 0.3648267093923322
selfdapql pc by pm ratio: Infinity
selfdapql pc_by_pm * am_blockCacheEvictionCount: Infinity
selfdapql rslog_blocking_updates_count: 0
selfdapql newBlockCacheSize: 0.45000002
selfdapql newMemstoreSize: 0.34999996
----------------------------------------------------------
selfdapql AM_FILE_POINTER in begining: 4761866
selfdapql filelengh: 5362159
log_evicted_initial: 512592
log_evicted_last: 632607
log_evicted_count: 120015
storeFileSize: 13.016628
selfdapql AM_FILE_POINTER in end: 5362159
selfdapql RS_FILE_POINTER in begining: 98307575
selfdapql rs_filelengh: 121890896
selfdapql blocking update blocking_updates_count: 0
selfdapql blocking update avg total_blocking_time: 0.0
selfdapql RS_FILE_POINTER in end: 121890896
selfdapql DN_FILE_POINTER in begining: 474492
selfdapql dn_filelength: 527600
selfdapql total operation time: 3764046.0
selfdapql total # operations: 130410
selfdapql dfs avg read time: 28.86317
selfdapql DN_FILE_POINTER in end: 527600
read proportion = 0.1
write_proportion = 0.9
selfdapql blockedFlushCount: 0
selfdapql unblockedFlushCount: 0
selfdapql evictCount: 354185
selfdapql current cache size: 5.4
selfdapql data size: 13.016628
selfdapql cache-data ratio: 0.1037135
selfdapql probability ratio: 0.3546617661363405
selfdapql pc by pm ratio: Infinity
selfdapql pc_by_pm * am_blockCacheEvictionCount: Infinity
selfdapql rslog_blocking_updates_count: 0
selfdapql newBlockCacheSize: 0.5
selfdapql newMemstoreSize: 0.29999995
----------------------------------------------------------
selfdapql AM_FILE_POINTER in begining: 5362159
selfdapql filelengh: 5962613
log_evicted_initial: 643022
log_evicted_last: 757580
log_evicted_count: 114558
storeFileSize: 14.640136
selfdapql AM_FILE_POINTER in end: 5962613
selfdapql RS_FILE_POINTER in begining: 121890896
selfdapql rs_filelengh: 144156585
selfdapql blocking update blocking_updates_count: 0
selfdapql blocking update avg total_blocking_time: 0.0
selfdapql RS_FILE_POINTER in end: 144156585
selfdapql DN_FILE_POINTER in begining: 527600
selfdapql dn_filelength: 580720
selfdapql total operation time: 3771137.0
selfdapql total # operations: 121021
selfdapql dfs avg read time: 31.161013
selfdapql DN_FILE_POINTER in end: 580720
read proportion = 0.1
write_proportion = 0.9
selfdapql blockedFlushCount: 0
selfdapql unblockedFlushCount: 0
selfdapql evictCount: 403395
selfdapql current cache size: 6.0
selfdapql data size: 14.640136
selfdapql cache-data ratio: 0.10245807
selfdapql probability ratio: 0.3510383913693439
selfdapql pc by pm ratio: Infinity
selfdapql pc_by_pm * am_blockCacheEvictionCount: Infinity
selfdapql rslog_blocking_updates_count: 0
selfdapql newBlockCacheSize: 0.55
selfdapql newMemstoreSize: 0.24999996
