threshold: 0.7
threshold: 500.0
----------------------------------------------------------
selfdapql AM_FILE_POINTER in begining: 0
selfdapql filelengh: 401336
log_evicted_initial: 0
log_evicted_last: 0
log_evicted_count: 0
storeFileSize: 0.0
selfdapql AM_FILE_POINTER in end: 401336
selfdapql RS_FILE_POINTER in begining: 0
selfdapql rs_filelengh: 290339
selfdapql blocking update blocking_updates_count: 0
selfdapql blocking update avg total_blocking_time: 0.0
selfdapql RS_FILE_POINTER in end: 290339
selfdapql DN_FILE_POINTER in begining: 0
selfdapql dn_filelength: 74225
selfdapql total operation time: 15704.0
selfdapql total # operations: 104
selfdapql dfs avg read time: 151.0
selfdapql DN_FILE_POINTER in end: 74225
selfdapql newBlockCacheSize: 0.7
selfdapql newMemstoreSize: 0.100000024
threshold: 0.7
threshold: 500.0
----------------------------------------------------------
selfdapql AM_FILE_POINTER in begining: 401336
selfdapql filelengh: 997965
log_evicted_initial: 0
log_evicted_last: 4407
log_evicted_count: 4407
storeFileSize: 1.014014
selfdapql AM_FILE_POINTER in end: 997965
selfdapql RS_FILE_POINTER in begining: 290339
selfdapql rs_filelengh: 5711991
selfdapql blocking update blocking_updates_count: 178
selfdapql blocking update avg total_blocking_time: 10300.051
selfdapql RS_FILE_POINTER in end: 5711991
selfdapql DN_FILE_POINTER in begining: 74225
selfdapql dn_filelength: 129726
selfdapql total operation time: 86791.0
selfdapql total # operations: 40692
selfdapql dfs avg read time: 2.1328762
selfdapql DN_FILE_POINTER in end: 129726
selfdapql newBlockCacheSize: 0.7
selfdapql newMemstoreSize: 0.100000024
threshold: 0.7
threshold: 500.0
----------------------------------------------------------
selfdapql AM_FILE_POINTER in begining: 997965
selfdapql filelengh: 1596620
log_evicted_initial: 9039
log_evicted_last: 44161
log_evicted_count: 35122
storeFileSize: 1.8903586
selfdapql AM_FILE_POINTER in end: 1596620
selfdapql RS_FILE_POINTER in begining: 5711991
selfdapql rs_filelengh: 14675080
selfdapql blocking update blocking_updates_count: 69
selfdapql blocking update avg total_blocking_time: 8657.985
selfdapql RS_FILE_POINTER in end: 14675080
selfdapql DN_FILE_POINTER in begining: 129726
selfdapql dn_filelength: 185404
selfdapql total operation time: 193710.0
selfdapql total # operations: 64608
selfdapql dfs avg read time: 2.9982355
selfdapql DN_FILE_POINTER in end: 185404
selfdapql newBlockCacheSize: 0.7
selfdapql newMemstoreSize: 0.100000024
threshold: 0.7
threshold: 500.0
----------------------------------------------------------
selfdapql AM_FILE_POINTER in begining: 1596620
selfdapql filelengh: 2195364
log_evicted_initial: 44161
log_evicted_last: 64324
log_evicted_count: 20163
storeFileSize: 2.714526
selfdapql AM_FILE_POINTER in end: 2195364
selfdapql RS_FILE_POINTER in begining: 14675080
selfdapql rs_filelengh: 21187490
selfdapql blocking update blocking_updates_count: 91
selfdapql blocking update avg total_blocking_time: 4910.088
selfdapql RS_FILE_POINTER in end: 21187490
selfdapql DN_FILE_POINTER in begining: 185404
selfdapql dn_filelength: 238309
selfdapql total operation time: 304580.0
selfdapql total # operations: 44323
selfdapql dfs avg read time: 6.871827
selfdapql DN_FILE_POINTER in end: 238309
selfdapql newBlockCacheSize: 0.7
selfdapql newMemstoreSize: 0.100000024
threshold: 0.7
threshold: 500.0
----------------------------------------------------------
selfdapql AM_FILE_POINTER in begining: 2195364
selfdapql filelengh: 2794660
log_evicted_initial: 64324
log_evicted_last: 106392
log_evicted_count: 42068
storeFileSize: 3.5434923
selfdapql AM_FILE_POINTER in end: 2794660
selfdapql RS_FILE_POINTER in begining: 21187490
selfdapql rs_filelengh: 29809307
selfdapql blocking update blocking_updates_count: 54
selfdapql blocking update avg total_blocking_time: 7104.407
selfdapql RS_FILE_POINTER in end: 29809307
selfdapql DN_FILE_POINTER in begining: 238309
selfdapql dn_filelength: 300163
selfdapql total operation time: 824426.0
selfdapql total # operations: 57925
selfdapql dfs avg read time: 14.232646
selfdapql DN_FILE_POINTER in end: 300163
selfdapql newBlockCacheSize: 0.7
selfdapql newMemstoreSize: 0.100000024
threshold: 0.7
threshold: 500.0
----------------------------------------------------------
selfdapql AM_FILE_POINTER in begining: 2794660
selfdapql filelengh: 3394146
log_evicted_initial: 106392
log_evicted_last: 148949
log_evicted_count: 42557
storeFileSize: 4.3816495
selfdapql AM_FILE_POINTER in end: 3394146
selfdapql RS_FILE_POINTER in begining: 29809307
selfdapql rs_filelengh: 39112950
selfdapql blocking update blocking_updates_count: 52
selfdapql blocking update avg total_blocking_time: 4924.365
selfdapql RS_FILE_POINTER in end: 39112950
selfdapql DN_FILE_POINTER in begining: 300163
selfdapql dn_filelength: 344388
selfdapql total operation time: 752550.0
selfdapql total # operations: 67402
selfdapql dfs avg read time: 11.165099
selfdapql DN_FILE_POINTER in end: 344388
selfdapql newBlockCacheSize: 0.7
selfdapql newMemstoreSize: 0.100000024
threshold: 0.7
threshold: 500.0
----------------------------------------------------------
selfdapql AM_FILE_POINTER in begining: 3394146
selfdapql filelengh: 3993872
log_evicted_initial: 155778
log_evicted_last: 285510
log_evicted_count: 129732
storeFileSize: 5.219924
selfdapql AM_FILE_POINTER in end: 3993872
selfdapql RS_FILE_POINTER in begining: 39112950
selfdapql rs_filelengh: 58623689
selfdapql blocking update blocking_updates_count: 73
selfdapql blocking update avg total_blocking_time: 5751.548
selfdapql RS_FILE_POINTER in end: 58623689
selfdapql DN_FILE_POINTER in begining: 344388
selfdapql dn_filelength: 400502
selfdapql total operation time: 1997152.0
selfdapql total # operations: 150551
selfdapql dfs avg read time: 13.265617
selfdapql DN_FILE_POINTER in end: 400502
selfdapql newBlockCacheSize: 0.7
selfdapql newMemstoreSize: 0.100000024
threshold: 0.7
threshold: 500.0
----------------------------------------------------------
selfdapql AM_FILE_POINTER in begining: 3993872
selfdapql filelengh: 4593477
log_evicted_initial: 292041
log_evicted_last: 478127
log_evicted_count: 186086
storeFileSize: 6.003111
selfdapql AM_FILE_POINTER in end: 4593477
selfdapql RS_FILE_POINTER in begining: 58623689
selfdapql rs_filelengh: 87183286
selfdapql blocking update blocking_updates_count: 46
selfdapql blocking update avg total_blocking_time: 5143.1523
selfdapql RS_FILE_POINTER in end: 87183286
selfdapql DN_FILE_POINTER in begining: 400502
selfdapql dn_filelength: 459467
selfdapql total operation time: 2530603.0
selfdapql total # operations: 215776
selfdapql dfs avg read time: 11.727917
selfdapql DN_FILE_POINTER in end: 459467
selfdapql newBlockCacheSize: 0.7
selfdapql newMemstoreSize: 0.100000024
threshold: 0.7
threshold: 500.0
----------------------------------------------------------
selfdapql AM_FILE_POINTER in begining: 4593477
selfdapql filelengh: 5193346
log_evicted_initial: 500928
log_evicted_last: 697419
log_evicted_count: 196491
storeFileSize: 6.7033715
selfdapql AM_FILE_POINTER in end: 5193346
selfdapql RS_FILE_POINTER in begining: 87183286
selfdapql rs_filelengh: 119122846
selfdapql blocking update blocking_updates_count: 37
selfdapql blocking update avg total_blocking_time: 4730.919
selfdapql RS_FILE_POINTER in end: 119122846
selfdapql DN_FILE_POINTER in begining: 459467
selfdapql dn_filelength: 515561
selfdapql total operation time: 2776371.0
selfdapql total # operations: 220280
selfdapql dfs avg read time: 12.6038265
selfdapql DN_FILE_POINTER in end: 515561
selfdapql newBlockCacheSize: 0.7
selfdapql newMemstoreSize: 0.100000024
threshold: 0.7
threshold: 500.0
----------------------------------------------------------
selfdapql AM_FILE_POINTER in begining: 5193346
selfdapql filelengh: 5793464
log_evicted_initial: 708213
log_evicted_last: 915097
log_evicted_count: 206884
storeFileSize: 7.3249655
selfdapql AM_FILE_POINTER in end: 5793464
selfdapql RS_FILE_POINTER in begining: 119122846
selfdapql rs_filelengh: 151586470
selfdapql blocking update blocking_updates_count: 28
selfdapql blocking update avg total_blocking_time: 2930.3215
selfdapql RS_FILE_POINTER in end: 151586470
selfdapql DN_FILE_POINTER in begining: 515561
selfdapql dn_filelength: 568699
selfdapql total operation time: 2849462.0
selfdapql total # operations: 198525
selfdapql dfs avg read time: 14.353165
selfdapql DN_FILE_POINTER in end: 568699
selfdapql newBlockCacheSize: 0.7
selfdapql newMemstoreSize: 0.100000024
threshold: 0.7
threshold: 500.0
----------------------------------------------------------
selfdapql AM_FILE_POINTER in begining: 5793464
selfdapql filelengh: 6393917
log_evicted_initial: 931288
log_evicted_last: 1144873
log_evicted_count: 213585
storeFileSize: 7.862664
selfdapql AM_FILE_POINTER in end: 6393917
selfdapql RS_FILE_POINTER in begining: 151586470
selfdapql rs_filelengh: 184996867
selfdapql blocking update blocking_updates_count: 22
selfdapql blocking update avg total_blocking_time: 2465.682
selfdapql RS_FILE_POINTER in end: 184996867
selfdapql DN_FILE_POINTER in begining: 568699
selfdapql dn_filelength: 621919
selfdapql total operation time: 3192245.0
selfdapql total # operations: 228934
selfdapql dfs avg read time: 13.9439535
selfdapql DN_FILE_POINTER in end: 621919
selfdapql newBlockCacheSize: 0.7
selfdapql newMemstoreSize: 0.100000024
threshold: 0.7
threshold: 500.0
----------------------------------------------------------
selfdapql AM_FILE_POINTER in begining: 6393917
selfdapql filelengh: 6994283
log_evicted_initial: 1155667
log_evicted_last: 1368306
log_evicted_count: 212639
storeFileSize: 8.386933
selfdapql AM_FILE_POINTER in end: 6994283
selfdapql RS_FILE_POINTER in begining: 184996867
selfdapql rs_filelengh: 218347394
