----------------------------------------------------------
selfdapql AM_FILE_POINTER in begining: 0
selfdapql filelengh: 226258
log_evicted_initial: 0
log_evicted_last: 4
log_evicted_count: 4
storeFileSize: 2.0409003E-5
selfdapql AM_FILE_POINTER in end: 226258
selfdapql RS_FILE_POINTER in begining: 0
selfdapql rs_filelengh: 256797
selfdapql blocking update blocking_updates_count: 0
selfdapql blocking update avg total_blocking_time: 0.0
selfdapql RS_FILE_POINTER in end: 256797
selfdapql DN_FILE_POINTER in begining: 0
selfdapql dn_filelength: 62646
selfdapql total operation time: 126.0
selfdapql total # operations: 23
selfdapql dfs avg read time: 5.478261
selfdapql DN_FILE_POINTER in end: 62646
read proportion = 0.1
write_proportion = 0.9
selfdapql blockedFlushCount: 0
selfdapql unblockedFlushCount: 0
selfdapql evictCount: 4
selfdapql current cache size: 4.8
selfdapql data size: 2.0409003E-5
selfdapql cache-data ratio: 58797.582
enough cache
selfdapql newBlockCacheSize: 0.4
selfdapql newMemstoreSize: 0.4
----------------------------------------------------------
selfdapql AM_FILE_POINTER in begining: 226258
selfdapql filelengh: 446586
log_evicted_initial: 4
log_evicted_last: 6
log_evicted_count: 2
storeFileSize: 2.0409003E-5
selfdapql AM_FILE_POINTER in end: 446586
selfdapql RS_FILE_POINTER in begining: 256797
selfdapql rs_filelengh: 261904
selfdapql blocking update blocking_updates_count: 0
selfdapql blocking update avg total_blocking_time: 0.0
selfdapql RS_FILE_POINTER in end: 261904
selfdapql DN_FILE_POINTER in begining: 62646
selfdapql dn_filelength: 114121
selfdapql total operation time: 4.0
selfdapql total # operations: 2
selfdapql dfs avg read time: 2.0
selfdapql DN_FILE_POINTER in end: 114121
read proportion = 0.1
write_proportion = 0.9
selfdapql blockedFlushCount: 0
selfdapql unblockedFlushCount: 0
selfdapql evictCount: 2
selfdapql current cache size: 4.8
selfdapql data size: 2.0409003E-5
selfdapql cache-data ratio: 58797.582
enough cache
selfdapql newBlockCacheSize: 0.4
selfdapql newMemstoreSize: 0.4
----------------------------------------------------------
selfdapql AM_FILE_POINTER in begining: 446586
selfdapql filelengh: 666950
log_evicted_initial: 6
log_evicted_last: 6
log_evicted_count: 0
storeFileSize: 2.0409003E-5
selfdapql AM_FILE_POINTER in end: 666950
selfdapql RS_FILE_POINTER in begining: 261904
selfdapql rs_filelengh: 262119
selfdapql blocking update blocking_updates_count: 0
selfdapql blocking update avg total_blocking_time: 0.0
selfdapql RS_FILE_POINTER in end: 262119
selfdapql DN_FILE_POINTER in begining: 114121
selfdapql dn_filelength: 165724
selfdapql total operation time: 0.0
selfdapql total # operations: 0
selfdapql dfs avg read time: 0.0
selfdapql DN_FILE_POINTER in end: 165724
read proportion = 0.1
write_proportion = 0.9
selfdapql blockedFlushCount: 0
selfdapql unblockedFlushCount: 0
selfdapql evictCount: 4
selfdapql No Tuning
----------------------------------------------------------
selfdapql AM_FILE_POINTER in begining: 666950
selfdapql filelengh: 887776
log_evicted_initial: 6
log_evicted_last: 6
log_evicted_count: 0
storeFileSize: 2.0409003E-5
selfdapql AM_FILE_POINTER in end: 887776
selfdapql RS_FILE_POINTER in begining: 262119
selfdapql rs_filelengh: 267011
selfdapql blocking update blocking_updates_count: 0
selfdapql blocking update avg total_blocking_time: 0.0
selfdapql RS_FILE_POINTER in end: 267011
selfdapql DN_FILE_POINTER in begining: 165724
selfdapql dn_filelength: 217227
selfdapql total operation time: 4.0
selfdapql total # operations: 2
selfdapql dfs avg read time: 2.0
selfdapql DN_FILE_POINTER in end: 217227
read proportion = 0.1
write_proportion = 0.9
selfdapql blockedFlushCount: 0
selfdapql unblockedFlushCount: 0
selfdapql evictCount: 2
selfdapql No Tuning
----------------------------------------------------------
selfdapql AM_FILE_POINTER in begining: 887776
selfdapql filelengh: 1108751
log_evicted_initial: 6
log_evicted_last: 6
log_evicted_count: 0
storeFileSize: 2.0409003E-5
selfdapql AM_FILE_POINTER in end: 1108751
selfdapql RS_FILE_POINTER in begining: 267011
selfdapql rs_filelengh: 267294
selfdapql blocking update blocking_updates_count: 0
selfdapql blocking update avg total_blocking_time: 0.0
selfdapql RS_FILE_POINTER in end: 267294
selfdapql DN_FILE_POINTER in begining: 217227
selfdapql dn_filelength: 268971
selfdapql total operation time: 6670.0
selfdapql total # operations: 2588
selfdapql dfs avg read time: 2.5772798
selfdapql DN_FILE_POINTER in end: 268971
read proportion = 0.1
write_proportion = 0.9
selfdapql blockedFlushCount: 0
selfdapql unblockedFlushCount: 0
selfdapql evictCount: 4
selfdapql No Tuning
----------------------------------------------------------
selfdapql AM_FILE_POINTER in begining: 1108751
selfdapql filelengh: 1329304
log_evicted_initial: 6
log_evicted_last: 6
log_evicted_count: 0
storeFileSize: 2.0409003E-5
selfdapql AM_FILE_POINTER in end: 1329304
selfdapql RS_FILE_POINTER in begining: 267294
selfdapql rs_filelengh: 271903
selfdapql blocking update blocking_updates_count: 0
selfdapql blocking update avg total_blocking_time: 0.0
selfdapql RS_FILE_POINTER in end: 271903
selfdapql DN_FILE_POINTER in begining: 268971
selfdapql dn_filelength: 321561
selfdapql total operation time: 125811.0
selfdapql total # operations: 8050
selfdapql dfs avg read time: 15.6286955
selfdapql DN_FILE_POINTER in end: 321561
read proportion = 0.1
write_proportion = 0.9
selfdapql blockedFlushCount: 0
selfdapql unblockedFlushCount: 0
selfdapql evictCount: 2
selfdapql No Tuning
----------------------------------------------------------
selfdapql AM_FILE_POINTER in begining: 1329304
selfdapql filelengh: 1550024
log_evicted_initial: 6
log_evicted_last: 6
log_evicted_count: 0
storeFileSize: 2.0409003E-5
selfdapql AM_FILE_POINTER in end: 1550024
selfdapql RS_FILE_POINTER in begining: 271903
selfdapql rs_filelengh: 276795
selfdapql blocking update blocking_updates_count: 0
selfdapql blocking update avg total_blocking_time: 0.0
selfdapql RS_FILE_POINTER in end: 276795
selfdapql DN_FILE_POINTER in begining: 321561
selfdapql dn_filelength: 374246
selfdapql total operation time: 143461.0
selfdapql total # operations: 5729
selfdapql dfs avg read time: 25.041193
selfdapql DN_FILE_POINTER in end: 374246
read proportion = 0.1
write_proportion = 0.9
selfdapql blockedFlushCount: 0
selfdapql unblockedFlushCount: 0
selfdapql evictCount: 4
selfdapql No Tuning
----------------------------------------------------------
selfdapql AM_FILE_POINTER in begining: 1550024
selfdapql filelengh: 1770842
log_evicted_initial: 6
log_evicted_last: 6
log_evicted_count: 0
storeFileSize: 2.0409003E-5
selfdapql AM_FILE_POINTER in end: 1770842
selfdapql RS_FILE_POINTER in begining: 276795
selfdapql rs_filelengh: 276795
selfdapql blocking update blocking_updates_count: 0
selfdapql blocking update avg total_blocking_time: 0.0
selfdapql RS_FILE_POINTER in end: 276795
selfdapql DN_FILE_POINTER in begining: 374246
selfdapql dn_filelength: 427035
selfdapql total operation time: 145588.0
selfdapql total # operations: 3483
selfdapql dfs avg read time: 41.7996
selfdapql DN_FILE_POINTER in end: 427035
read proportion = 0.1
write_proportion = 0.9
selfdapql blockedFlushCount: 0
selfdapql unblockedFlushCount: 0
selfdapql evictCount: 2
selfdapql No Tuning
----------------------------------------------------------
selfdapql AM_FILE_POINTER in begining: 1770842
selfdapql filelengh: 1991935
log_evicted_initial: 6
log_evicted_last: 6
log_evicted_count: 0
storeFileSize: 2.0409003E-5
selfdapql AM_FILE_POINTER in end: 1991935
selfdapql RS_FILE_POINTER in begining: 276795
selfdapql rs_filelengh: 281691
selfdapql blocking update blocking_updates_count: 0
selfdapql blocking update avg total_blocking_time: 0.0
selfdapql RS_FILE_POINTER in end: 281691
selfdapql DN_FILE_POINTER in begining: 427035
selfdapql dn_filelength: 479629
selfdapql total operation time: 16826.0
selfdapql total # operations: 1554
selfdapql dfs avg read time: 10.827541
selfdapql DN_FILE_POINTER in end: 479629
read proportion = 0.1
write_proportion = 0.9
selfdapql blockedFlushCount: 0
selfdapql unblockedFlushCount: 0
selfdapql evictCount: 4
selfdapql No Tuning
----------------------------------------------------------
selfdapql AM_FILE_POINTER in begining: 1991935
selfdapql filelengh: 2213340
log_evicted_initial: 6
log_evicted_last: 6
log_evicted_count: 0
storeFileSize: 2.0409003E-5
selfdapql AM_FILE_POINTER in end: 2213340
selfdapql RS_FILE_POINTER in begining: 281691
selfdapql rs_filelengh: 281974
selfdapql blocking update blocking_updates_count: 0
selfdapql blocking update avg total_blocking_time: 0.0
selfdapql RS_FILE_POINTER in end: 281974
selfdapql DN_FILE_POINTER in begining: 479629
selfdapql dn_filelength: 532315
selfdapql total operation time: 12686.0
selfdapql total # operations: 1177
selfdapql dfs avg read time: 10.77825
selfdapql DN_FILE_POINTER in end: 532315
read proportion = 0.1
write_proportion = 0.9
selfdapql blockedFlushCount: 0
selfdapql unblockedFlushCount: 0
selfdapql evictCount: 2
selfdapql No Tuning
