threshold: 0.2
threshold: 500.0
----------------------------------------------------------
selfdapql AM_FILE_POINTER in begining: 0
selfdapql filelengh: 398233
log_evicted_initial: 0
log_evicted_last: 0
log_evicted_count: 0
storeFileSize: 0.0
selfdapql AM_FILE_POINTER in end: 398233
selfdapql RS_FILE_POINTER in begining: 0
selfdapql rs_filelengh: 305352
selfdapql blocking update blocking_updates_count: 0
selfdapql blocking update avg total_blocking_time: 0.0
selfdapql RS_FILE_POINTER in end: 305352
selfdapql DN_FILE_POINTER in begining: 0
selfdapql dn_filelength: 74143
selfdapql total operation time: 17421.0
selfdapql total # operations: 70
selfdapql dfs avg read time: 248.87143
selfdapql DN_FILE_POINTER in end: 74143
selfdapql newBlockCacheSize: 0.2
selfdapql newMemstoreSize: 0.6
threshold: 0.2
threshold: 500.0
----------------------------------------------------------
selfdapql AM_FILE_POINTER in begining: 398233
selfdapql filelengh: 992384
log_evicted_initial: 0
log_evicted_last: 0
log_evicted_count: 0
storeFileSize: 0.0
selfdapql AM_FILE_POINTER in end: 992384
selfdapql RS_FILE_POINTER in begining: 305352
selfdapql rs_filelengh: 307078
selfdapql blocking update blocking_updates_count: 0
selfdapql blocking update avg total_blocking_time: 0.0
selfdapql RS_FILE_POINTER in end: 307078
selfdapql DN_FILE_POINTER in begining: 74143
selfdapql dn_filelength: 125546
selfdapql total operation time: 0.0
selfdapql total # operations: 0
selfdapql dfs avg read time: 0.0
selfdapql DN_FILE_POINTER in end: 125546
selfdapql newBlockCacheSize: 0.2
selfdapql newMemstoreSize: 0.6
threshold: 0.2
threshold: 500.0
----------------------------------------------------------
selfdapql AM_FILE_POINTER in begining: 992384
selfdapql filelengh: 1587157
log_evicted_initial: 0
log_evicted_last: 0
log_evicted_count: 0
storeFileSize: 0.0
selfdapql AM_FILE_POINTER in end: 1587157
selfdapql RS_FILE_POINTER in begining: 307078
selfdapql rs_filelengh: 308623
selfdapql blocking update blocking_updates_count: 0
selfdapql blocking update avg total_blocking_time: 0.0
selfdapql RS_FILE_POINTER in end: 308623
selfdapql DN_FILE_POINTER in begining: 125546
selfdapql dn_filelength: 176990
selfdapql total operation time: 0.0
selfdapql total # operations: 0
selfdapql dfs avg read time: 0.0
selfdapql DN_FILE_POINTER in end: 176990
selfdapql newBlockCacheSize: 0.2
selfdapql newMemstoreSize: 0.6
threshold: 0.2
threshold: 500.0
----------------------------------------------------------
selfdapql AM_FILE_POINTER in begining: 1587157
selfdapql filelengh: 2182384
log_evicted_initial: 0
log_evicted_last: 0
log_evicted_count: 0
storeFileSize: 0.5487428
selfdapql AM_FILE_POINTER in end: 2182384
selfdapql RS_FILE_POINTER in begining: 308623
selfdapql rs_filelengh: 2868816
selfdapql blocking update blocking_updates_count: 0
selfdapql blocking update avg total_blocking_time: 0.0
selfdapql RS_FILE_POINTER in end: 2868816
selfdapql DN_FILE_POINTER in begining: 176990
selfdapql dn_filelength: 231689
selfdapql total operation time: 11735.0
selfdapql total # operations: 19335
selfdapql dfs avg read time: 0.60693043
selfdapql DN_FILE_POINTER in end: 231689
selfdapql newBlockCacheSize: 0.2
selfdapql newMemstoreSize: 0.6
threshold: 0.2
threshold: 500.0
----------------------------------------------------------
selfdapql AM_FILE_POINTER in begining: 2182384
selfdapql filelengh: 2779030
log_evicted_initial: 0
log_evicted_last: 0
log_evicted_count: 0
storeFileSize: 0.5487428
selfdapql AM_FILE_POINTER in end: 2779030
selfdapql RS_FILE_POINTER in begining: 2868816
selfdapql rs_filelengh: 2870449
selfdapql blocking update blocking_updates_count: 0
selfdapql blocking update avg total_blocking_time: 0.0
selfdapql RS_FILE_POINTER in end: 2870449
selfdapql DN_FILE_POINTER in begining: 231689
selfdapql dn_filelength: 280720
selfdapql total operation time: 0.0
selfdapql total # operations: 0
selfdapql dfs avg read time: 0.0
selfdapql DN_FILE_POINTER in end: 280720
selfdapql newBlockCacheSize: 0.2
selfdapql newMemstoreSize: 0.6
threshold: 0.2
threshold: 500.0
----------------------------------------------------------
selfdapql AM_FILE_POINTER in begining: 2779030
selfdapql filelengh: 3375881
log_evicted_initial: 0
log_evicted_last: 0
log_evicted_count: 0
storeFileSize: 0.5487428
selfdapql AM_FILE_POINTER in end: 3375881
selfdapql RS_FILE_POINTER in begining: 2870449
selfdapql rs_filelengh: 2871656
selfdapql blocking update blocking_updates_count: 0
selfdapql blocking update avg total_blocking_time: 0.0
selfdapql RS_FILE_POINTER in end: 2871656
selfdapql DN_FILE_POINTER in begining: 280720
selfdapql dn_filelength: 332642
selfdapql total operation time: 0.0
selfdapql total # operations: 0
selfdapql dfs avg read time: 0.0
selfdapql DN_FILE_POINTER in end: 332642
selfdapql newBlockCacheSize: 0.2
selfdapql newMemstoreSize: 0.6
threshold: 0.2
threshold: 500.0
----------------------------------------------------------
selfdapql AM_FILE_POINTER in begining: 3375881
selfdapql filelengh: 3972874
log_evicted_initial: 0
log_evicted_last: 0
log_evicted_count: 0
storeFileSize: 1.0800017
selfdapql AM_FILE_POINTER in end: 3972874
selfdapql RS_FILE_POINTER in begining: 2871656
selfdapql rs_filelengh: 5351073
selfdapql blocking update blocking_updates_count: 0
selfdapql blocking update avg total_blocking_time: 0.0
selfdapql RS_FILE_POINTER in end: 5351073
selfdapql DN_FILE_POINTER in begining: 332642
selfdapql dn_filelength: 387822
selfdapql total operation time: 6762.0
selfdapql total # operations: 18734
selfdapql dfs avg read time: 0.360948
selfdapql DN_FILE_POINTER in end: 387822
selfdapql newBlockCacheSize: 0.2
selfdapql newMemstoreSize: 0.6
threshold: 0.2
threshold: 500.0
----------------------------------------------------------
selfdapql AM_FILE_POINTER in begining: 3972874
selfdapql filelengh: 4569747
log_evicted_initial: 0
log_evicted_last: 9267
log_evicted_count: 9267
storeFileSize: 1.0800017
selfdapql AM_FILE_POINTER in end: 4569747
selfdapql RS_FILE_POINTER in begining: 5351073
selfdapql rs_filelengh: 6632489
selfdapql blocking update blocking_updates_count: 0
selfdapql blocking update avg total_blocking_time: 0.0
selfdapql RS_FILE_POINTER in end: 6632489
selfdapql DN_FILE_POINTER in begining: 387822
selfdapql dn_filelength: 440432
selfdapql total operation time: 3707.0
selfdapql total # operations: 9227
selfdapql dfs avg read time: 0.40175572
selfdapql DN_FILE_POINTER in end: 440432
selfdapql newBlockCacheSize: 0.2
selfdapql newMemstoreSize: 0.6
threshold: 0.2
threshold: 500.0
----------------------------------------------------------
selfdapql AM_FILE_POINTER in begining: 4569747
selfdapql filelengh: 5166923
log_evicted_initial: 10813
log_evicted_last: 18535
log_evicted_count: 7722
storeFileSize: 1.0800017
selfdapql AM_FILE_POINTER in end: 5166923
selfdapql RS_FILE_POINTER in begining: 6632489
selfdapql rs_filelengh: 7800139
selfdapql blocking update blocking_updates_count: 0
selfdapql blocking update avg total_blocking_time: 0.0
selfdapql RS_FILE_POINTER in end: 7800139
selfdapql DN_FILE_POINTER in begining: 440432
selfdapql dn_filelength: 493106
selfdapql total operation time: 3127.0
selfdapql total # operations: 7882
selfdapql dfs avg read time: 0.39672673
selfdapql DN_FILE_POINTER in end: 493106
selfdapql newBlockCacheSize: 0.2
selfdapql newMemstoreSize: 0.6
threshold: 0.2
threshold: 500.0
----------------------------------------------------------
selfdapql AM_FILE_POINTER in begining: 5166923
selfdapql filelengh: 5764537
log_evicted_initial: 18535
log_evicted_last: 118022
log_evicted_count: 99487
storeFileSize: 1.60185
selfdapql AM_FILE_POINTER in end: 5764537
selfdapql RS_FILE_POINTER in begining: 7800139
selfdapql rs_filelengh: 21898673
