threshold: 700.0
threshold: 600.0
----------------------------------------------------------
selfdapql AM_FILE_POINTER in begining: 0
selfdapql filelengh: 226878
log_evicted_initial: 0
log_evicted_last: 4
log_evicted_count: 4
storeFileSize: 2.2080727E-5
selfdapql AM_FILE_POINTER in end: 226878
selfdapql RS_FILE_POINTER in begining: 0
selfdapql rs_filelengh: 256509
selfdapql blocking update blocking_updates_count: 0
selfdapql blocking update avg total_blocking_time: 0.0
selfdapql RS_FILE_POINTER in end: 256509
selfdapql DN_FILE_POINTER in begining: 0
selfdapql dn_filelength: 62593
selfdapql total operation time: 128.0
selfdapql total # operations: 25
selfdapql dfs avg read time: 5.12
selfdapql DN_FILE_POINTER in end: 62593
selfdapql newBlockCacheSize: 0.45000002
selfdapql newMemstoreSize: 0.35
threshold: 700.0
threshold: 600.0
----------------------------------------------------------
selfdapql AM_FILE_POINTER in begining: 226878
selfdapql filelengh: 447736
log_evicted_initial: 4
log_evicted_last: 6
log_evicted_count: 2
storeFileSize: 2.2080727E-5
selfdapql AM_FILE_POINTER in end: 447736
selfdapql RS_FILE_POINTER in begining: 256509
selfdapql rs_filelengh: 261616
selfdapql blocking update blocking_updates_count: 0
selfdapql blocking update avg total_blocking_time: 0.0
selfdapql RS_FILE_POINTER in end: 261616
selfdapql DN_FILE_POINTER in begining: 62593
selfdapql dn_filelength: 113921
selfdapql total operation time: 4.0
selfdapql total # operations: 2
selfdapql dfs avg read time: 2.0
selfdapql DN_FILE_POINTER in end: 113921
selfdapql newBlockCacheSize: 0.5
selfdapql newMemstoreSize: 0.29999998
threshold: 700.0
threshold: 600.0
----------------------------------------------------------
selfdapql AM_FILE_POINTER in begining: 447736
selfdapql filelengh: 668657
log_evicted_initial: 6
log_evicted_last: 6
log_evicted_count: 0
storeFileSize: 2.2080727E-5
selfdapql AM_FILE_POINTER in end: 668657
selfdapql RS_FILE_POINTER in begining: 261616
selfdapql rs_filelengh: 261831
selfdapql blocking update blocking_updates_count: 0
selfdapql blocking update avg total_blocking_time: 0.0
selfdapql RS_FILE_POINTER in end: 261831
selfdapql DN_FILE_POINTER in begining: 113921
selfdapql dn_filelength: 165318
selfdapql total operation time: 0.0
selfdapql total # operations: 0
selfdapql dfs avg read time: 0.0
selfdapql DN_FILE_POINTER in end: 165318
threshold: 700.0
threshold: 600.0
----------------------------------------------------------
selfdapql AM_FILE_POINTER in begining: 668657
selfdapql filelengh: 889418
log_evicted_initial: 6
log_evicted_last: 6
log_evicted_count: 0
storeFileSize: 2.2080727E-5
selfdapql AM_FILE_POINTER in end: 889418
selfdapql RS_FILE_POINTER in begining: 261831
selfdapql rs_filelengh: 266723
selfdapql blocking update blocking_updates_count: 0
selfdapql blocking update avg total_blocking_time: 0.0
selfdapql RS_FILE_POINTER in end: 266723
selfdapql DN_FILE_POINTER in begining: 165318
selfdapql dn_filelength: 216843
selfdapql total operation time: 4.0
selfdapql total # operations: 2
selfdapql dfs avg read time: 2.0
selfdapql DN_FILE_POINTER in end: 216843
threshold: 700.0
threshold: 600.0
----------------------------------------------------------
selfdapql AM_FILE_POINTER in begining: 889418
selfdapql filelengh: 1110357
log_evicted_initial: 6
log_evicted_last: 6
log_evicted_count: 0
storeFileSize: 2.2080727E-5
selfdapql AM_FILE_POINTER in end: 1110357
selfdapql RS_FILE_POINTER in begining: 266723
selfdapql rs_filelengh: 267006
selfdapql blocking update blocking_updates_count: 0
selfdapql blocking update avg total_blocking_time: 0.0
selfdapql RS_FILE_POINTER in end: 267006
selfdapql DN_FILE_POINTER in begining: 216843
selfdapql dn_filelength: 268428
selfdapql total operation time: 0.0
selfdapql total # operations: 0
selfdapql dfs avg read time: 0.0
selfdapql DN_FILE_POINTER in end: 268428
threshold: 700.0
threshold: 600.0
----------------------------------------------------------
selfdapql AM_FILE_POINTER in begining: 1110357
selfdapql filelengh: 1330853
log_evicted_initial: 6
log_evicted_last: 6
log_evicted_count: 0
storeFileSize: 2.2080727E-5
selfdapql AM_FILE_POINTER in end: 1330853
selfdapql RS_FILE_POINTER in begining: 267006
selfdapql rs_filelengh: 271615
selfdapql blocking update blocking_updates_count: 0
selfdapql blocking update avg total_blocking_time: 0.0
selfdapql RS_FILE_POINTER in end: 271615
selfdapql DN_FILE_POINTER in begining: 268428
selfdapql dn_filelength: 320021
selfdapql total operation time: 0.0
selfdapql total # operations: 0
selfdapql dfs avg read time: 0.0
selfdapql DN_FILE_POINTER in end: 320021
threshold: 700.0
threshold: 600.0
----------------------------------------------------------
selfdapql AM_FILE_POINTER in begining: 1330853
selfdapql filelengh: 1551477
log_evicted_initial: 6
log_evicted_last: 6
log_evicted_count: 0
storeFileSize: 2.2080727E-5
selfdapql AM_FILE_POINTER in end: 1551477
selfdapql RS_FILE_POINTER in begining: 271615
selfdapql rs_filelengh: 276507
selfdapql blocking update blocking_updates_count: 0
selfdapql blocking update avg total_blocking_time: 0.0
selfdapql RS_FILE_POINTER in end: 276507
selfdapql DN_FILE_POINTER in begining: 320021
selfdapql dn_filelength: 371636
selfdapql total operation time: 5.0
selfdapql total # operations: 2
selfdapql dfs avg read time: 2.5
selfdapql DN_FILE_POINTER in end: 371636
threshold: 700.0
threshold: 600.0
----------------------------------------------------------
selfdapql AM_FILE_POINTER in begining: 1551477
selfdapql filelengh: 1772210
log_evicted_initial: 6
log_evicted_last: 6
log_evicted_count: 0
storeFileSize: 2.2080727E-5
selfdapql AM_FILE_POINTER in end: 1772210
selfdapql RS_FILE_POINTER in begining: 276507
selfdapql rs_filelengh: 276507
selfdapql blocking update blocking_updates_count: 0
selfdapql blocking update avg total_blocking_time: 0.0
selfdapql RS_FILE_POINTER in end: 276507
selfdapql DN_FILE_POINTER in begining: 371636
selfdapql dn_filelength: 423234
selfdapql total operation time: 0.0
selfdapql total # operations: 0
selfdapql dfs avg read time: 0.0
selfdapql DN_FILE_POINTER in end: 423234
threshold: 700.0
threshold: 600.0
----------------------------------------------------------
selfdapql AM_FILE_POINTER in begining: 1772210
selfdapql filelengh: 1993084
log_evicted_initial: 6
log_evicted_last: 6
log_evicted_count: 0
storeFileSize: 2.2080727E-5
selfdapql AM_FILE_POINTER in end: 1993084
selfdapql RS_FILE_POINTER in begining: 276507
selfdapql rs_filelengh: 281403
selfdapql blocking update blocking_updates_count: 0
selfdapql blocking update avg total_blocking_time: 0.0
selfdapql RS_FILE_POINTER in end: 281403
selfdapql DN_FILE_POINTER in begining: 423234
selfdapql dn_filelength: 474955
selfdapql total operation time: 3.0
selfdapql total # operations: 2
selfdapql dfs avg read time: 1.5
selfdapql DN_FILE_POINTER in end: 474955
threshold: 700.0
threshold: 600.0
----------------------------------------------------------
selfdapql AM_FILE_POINTER in begining: 1993084
selfdapql filelengh: 2214101
log_evicted_initial: 6
log_evicted_last: 6
log_evicted_count: 0
storeFileSize: 2.2080727E-5
selfdapql AM_FILE_POINTER in end: 2214101
selfdapql RS_FILE_POINTER in begining: 281403
selfdapql rs_filelengh: 281686
selfdapql blocking update blocking_updates_count: 0
selfdapql blocking update avg total_blocking_time: 0.0
selfdapql RS_FILE_POINTER in end: 281686
selfdapql DN_FILE_POINTER in begining: 474955
selfdapql dn_filelength: 526708
selfdapql total operation time: 0.0
selfdapql total # operations: 0
selfdapql dfs avg read time: 0.0
selfdapql DN_FILE_POINTER in end: 526708
threshold: 700.0
threshold: 600.0
----------------------------------------------------------
selfdapql AM_FILE_POINTER in begining: 2214101
selfdapql filelengh: 2435149
log_evicted_initial: 6
log_evicted_last: 6
log_evicted_count: 0
storeFileSize: 2.2080727E-5
selfdapql AM_FILE_POINTER in end: 2435149
selfdapql RS_FILE_POINTER in begining: 281686
selfdapql rs_filelengh: 286299
selfdapql blocking update blocking_updates_count: 0
selfdapql blocking update avg total_blocking_time: 0.0
selfdapql RS_FILE_POINTER in end: 286299
selfdapql DN_FILE_POINTER in begining: 526708
selfdapql dn_filelength: 578386
selfdapql total operation time: 0.0
selfdapql total # operations: 0
selfdapql dfs avg read time: 0.0
selfdapql DN_FILE_POINTER in end: 578386
threshold: 700.0
threshold: 600.0
----------------------------------------------------------
selfdapql AM_FILE_POINTER in begining: 2435149
selfdapql filelengh: 2656202
log_evicted_initial: 6
log_evicted_last: 6
log_evicted_count: 0
storeFileSize: 2.2080727E-5
selfdapql AM_FILE_POINTER in end: 2656202
selfdapql RS_FILE_POINTER in begining: 286299
selfdapql rs_filelengh: 291195
selfdapql blocking update blocking_updates_count: 0
selfdapql blocking update avg total_blocking_time: 0.0
selfdapql RS_FILE_POINTER in end: 291195
selfdapql DN_FILE_POINTER in begining: 578386
selfdapql dn_filelength: 630066
selfdapql total operation time: 4.0
selfdapql total # operations: 2
selfdapql dfs avg read time: 2.0
selfdapql DN_FILE_POINTER in end: 630066
