+ filename=case343
+ requestdistribution=
+ RESULT_DIR=/home/hadoop/git/physical_design/caseresult/case343
+ TEN=10
+ SIXTY=60
+ SLEEP_TIME=60
+ YCSB_DIR=/home/hadoop/ycsb-0.1.4
+ number_of_operations=25000000
+ number_of_threads=20
+ number_of_records=25000000
+ output_file_suffix=.dat
+ experiment_list_file=/home/hadoop/git/physical_design/case343.list
+ clean=false
+ create=false
+ load=false
+ random_read=false
+ workloada=false
+ workloadb=false
+ workloadc=false
+ workloadc1=false
+ scan=false
+ all=false
+ for i in '$@'
+ '[' case343 == all ']'
+ '[' case343 == clean ']'
+ '[' case343 == create ']'
+ '[' case343 == load ']'
+ '[' case343 == random_read ']'
+ '[' case343 == scan ']'
+ '[' case343 == workloada ']'
+ '[' case343 == workloadb ']'
+ '[' case343 == workloadc ']'
+ '[' case343 == workloadc1 ']'
+ '[' case343 == zipfian ']'
+ '[' case343 == uniform ']'
+ for i in '$@'
+ '[' clean == all ']'
+ '[' clean == clean ']'
+ clean=true
+ for i in '$@'
+ '[' create == all ']'
+ '[' create == clean ']'
+ '[' create == create ']'
+ create=true
+ for i in '$@'
+ '[' workloadc1 == all ']'
+ '[' workloadc1 == clean ']'
+ '[' workloadc1 == create ']'
+ '[' workloadc1 == load ']'
+ '[' workloadc1 == random_read ']'
+ '[' workloadc1 == scan ']'
+ '[' workloadc1 == workloada ']'
+ '[' workloadc1 == workloadb ']'
+ '[' workloadc1 == workloadc ']'
+ '[' workloadc1 == workloadc1 ']'
+ workloadc1=true
+ for i in '$@'
+ '[' zipfian == all ']'
+ '[' zipfian == clean ']'
+ '[' zipfian == create ']'
+ '[' zipfian == load ']'
+ '[' zipfian == random_read ']'
+ '[' zipfian == scan ']'
+ '[' zipfian == workloada ']'
+ '[' zipfian == workloadb ']'
+ '[' zipfian == workloadc ']'
+ '[' zipfian == workloadc1 ']'
+ '[' zipfian == zipfian ']'
+ requestdistribution=zipfian
+ let counter=1
+ cd /home/hadoop/ycsb-0.1.4
++ pwd
+ echo /home/hadoop/ycsb-0.1.4
/home/hadoop/ycsb-0.1.4
+ read line
+ false
+ true
+ echo 'sleeping for 60 ...'
sleeping for 60 ...
+ sleep 60
+ echo 'droping usertable...'
droping usertable...
+ ssh hadoop@slave1 /home/hadoop/hbase/bin/hbase-daemon.sh start regionserver
starting regionserver, logging to /home/hadoop/hbase/bin/../logs/hbase-hadoop-regionserver-sceplus-vm49.out
+ ssh hadoop@master /home/hadoop/hbase/bin/hbase shell /home/hadoop/git/physical_design/delete_table
2014-08-10 23:43:10,714 WARN  [main] util.NativeCodeLoader: Unable to load native-hadoop library for your platform... using builtin-java classes where applicable
0 row(s) in 3.1110 seconds

0 row(s) in 1.3100 seconds

0 row(s) in 0.1010 seconds

+ echo 'sleeping for 60 ...'
sleeping for 60 ...
+ sleep 60
+ false
+ true
+ echo 'creating usertable...'
creating usertable...
+ create_statement='create '\''usertable'\'', { NAME=>'\''family'\'', COMPRESSION=>'\''GZ'\''}, SPLITS => ['\''user1'\'', '\''user2'\'', '\''user3'\'', '\''user4'\'', '\''user5'\'', '\''user6'\'', '\''user7'\'', '\''user8'\'', '\''user9'\'']'
+ echo create ''\''usertable'\'',' '{' 'NAME=>'\''family'\'',' 'COMPRESSION=>'\''GZ'\''},' SPLITS '=>' '['\''user1'\'',' ''\''user2'\'',' ''\''user3'\'',' ''\''user4'\'',' ''\''user5'\'',' ''\''user6'\'',' ''\''user7'\'',' ''\''user8'\'',' ''\''user9'\'']'
+ echo 'exit '
+ scp /home/hadoop/git/physical_design/caseresult/case343/create_1.script hadoop@master:/home/hadoop/git/physical_design/caseresult/case343/create_1.script
+ create_table /home/hadoop/git/physical_design/caseresult/case343/create_1.script
+ echo 'creating table...'
creating table...
+ echo /home/hadoop/git/physical_design/caseresult/case343/create_1.script
/home/hadoop/git/physical_design/caseresult/case343/create_1.script
+ ssh hadoop@master /home/hadoop/hbase/bin/hbase shell /home/hadoop/git/physical_design/caseresult/case343/create_1.script
2014-08-10 23:44:22,590 WARN  [main] util.NativeCodeLoader: Unable to load native-hadoop library for your platform... using builtin-java classes where applicable
0 row(s) in 2.5330 seconds

+ echo 'sleeping for 10 sec ...'
sleeping for 10 sec ...
+ sleep 10
+ false
+ false
+ false
+ false
+ false
+ false
+ false
+ false
+ false
+ false
+ false
+ false
+ false
+ true
+ echo workloadc1...
workloadc1...
+ echo 'start time: '
start time: 
++ date +%s
+ echo 1407711010
1407711010
++ echo /home/hadoop/git/physical_design/caseresult/case343/workloadc1_1.dat
+ ./workloadc1 25000000 20 /home/hadoop/git/physical_design/caseresult/case343/workloadc1_1.dat
Loading workload...
Starting test.
2014-08-10 15:50:10:649 0 sec: 0 operations; 
14/08/10 15:50:11 INFO zookeeper.ZooKeeper: Client environment:zookeeper.version=3.4.6-1569965, built on 02/20/2014 09:09 GMT
14/08/10 15:50:11 INFO zookeeper.ZooKeeper: Client environment:host.name=sceplus-vm43.almaden.ibm.com
14/08/10 15:50:11 INFO zookeeper.ZooKeeper: Client environment:java.version=1.6.0_31
14/08/10 15:50:11 INFO zookeeper.ZooKeeper: Client environment:java.vendor=Sun Microsystems Inc.
14/08/10 15:50:11 INFO zookeeper.ZooKeeper: Client environment:java.home=/usr/lib/jvm/java-6-openjdk-amd64/jre
14/08/10 15:50:11 INFO zookeeper.ZooKeeper: Client environment:java.class.path=/home/hadoop/ycsb-0.1.4/hbase-binding/lib/hbase-binding-0.1.4.jar:/home/hadoop/ycsb-0.1.4/hbase-binding/conf:/home/hadoop/ycsb-0.1.4/core/lib/core-0.1.4.jar:/home/hadoop/ycsb-0.1.4/jdbc-binding/conf
14/08/10 15:50:11 INFO zookeeper.ZooKeeper: Client environment:java.library.path=/usr/lib/jvm/java-6-openjdk-amd64/jre/lib/amd64/server:/usr/lib/jvm/java-6-openjdk-amd64/jre/lib/amd64:/usr/lib/jvm/java-6-openjdk-amd64/jre/../lib/amd64:/usr/java/packages/lib/amd64:/usr/lib/jni:/lib:/usr/lib
14/08/10 15:50:11 INFO zookeeper.ZooKeeper: Client environment:java.io.tmpdir=/tmp
14/08/10 15:50:11 INFO zookeeper.ZooKeeper: Client environment:java.compiler=<NA>
14/08/10 15:50:11 INFO zookeeper.ZooKeeper: Client environment:os.name=Linux
14/08/10 15:50:11 INFO zookeeper.ZooKeeper: Client environment:os.arch=amd64
14/08/10 15:50:11 INFO zookeeper.ZooKeeper: Client environment:os.version=3.13.0-24-generic
14/08/10 15:50:11 INFO zookeeper.ZooKeeper: Client environment:user.name=hadoop
14/08/10 15:50:11 INFO zookeeper.ZooKeeper: Client environment:user.home=/home/hadoop
14/08/10 15:50:11 INFO zookeeper.ZooKeeper: Client environment:user.dir=/home/hadoop/ycsb-0.1.4
14/08/10 15:50:11 INFO zookeeper.ZooKeeper: Initiating client connection, connectString=sceplus-vm49.almaden.ibm.com:2181,sceplus-vm48.almaden.ibm.com:2181 sessionTimeout=90000 watcher=hconnection-0x13f1d038, quorum=sceplus-vm49.almaden.ibm.com:2181,sceplus-vm48.almaden.ibm.com:2181, baseZNode=/hbase
14/08/10 15:50:11 INFO zookeeper.RecoverableZooKeeper: Process identifier=hconnection-0x13f1d038 connecting to ZooKeeper ensemble=sceplus-vm49.almaden.ibm.com:2181,sceplus-vm48.almaden.ibm.com:2181
14/08/10 15:50:11 INFO zookeeper.ClientCnxn: Opening socket connection to server slave1/9.1.143.59:2181. Will not attempt to authenticate using SASL (unknown error)
14/08/10 15:50:11 INFO zookeeper.ClientCnxn: Socket connection established to slave1/9.1.143.59:2181, initiating session
14/08/10 15:50:11 INFO zookeeper.ClientCnxn: Session establishment complete on server slave1/9.1.143.59:2181, sessionid = 0x147c3cd4c28000d, negotiated timeout = 90000
14/08/10 15:50:11 WARN util.DynamicClassLoader: Failed to identify the fs of dir hdfs://master:54310/hbase/lib, ignored
org.apache.hadoop.ipc.RemoteException: Server IPC version 9 cannot communicate with client version 4
	at org.apache.hadoop.ipc.Client.call(Client.java:1113)
	at org.apache.hadoop.ipc.RPC$Invoker.invoke(RPC.java:229)
	at com.sun.proxy.$Proxy5.getProtocolVersion(Unknown Source)
	at sun.reflect.NativeMethodAccessorImpl.invoke0(Native Method)
	at sun.reflect.NativeMethodAccessorImpl.invoke(NativeMethodAccessorImpl.java:57)
	at sun.reflect.DelegatingMethodAccessorImpl.invoke(DelegatingMethodAccessorImpl.java:43)
	at java.lang.reflect.Method.invoke(Method.java:622)
	at org.apache.hadoop.io.retry.RetryInvocationHandler.invokeMethod(RetryInvocationHandler.java:85)
	at org.apache.hadoop.io.retry.RetryInvocationHandler.invoke(RetryInvocationHandler.java:62)
	at com.sun.proxy.$Proxy5.getProtocolVersion(Unknown Source)
	at org.apache.hadoop.ipc.RPC.checkVersion(RPC.java:422)
	at org.apache.hadoop.hdfs.DFSClient.createNamenode(DFSClient.java:183)
	at org.apache.hadoop.hdfs.DFSClient.<init>(DFSClient.java:281)
	at org.apache.hadoop.hdfs.DFSClient.<init>(DFSClient.java:245)
	at org.apache.hadoop.hdfs.DistributedFileSystem.initialize(DistributedFileSystem.java:100)
	at org.apache.hadoop.fs.FileSystem.createFileSystem(FileSystem.java:1446)
	at org.apache.hadoop.fs.FileSystem.access$200(FileSystem.java:67)
	at org.apache.hadoop.fs.FileSystem$Cache.get(FileSystem.java:1464)
	at org.apache.hadoop.fs.FileSystem.get(FileSystem.java:263)
	at org.apache.hadoop.fs.Path.getFileSystem(Path.java:187)
	at org.apache.hadoop.hbase.util.DynamicClassLoader.<init>(DynamicClassLoader.java:104)
	at org.apache.hadoop.hbase.protobuf.ProtobufUtil.<clinit>(ProtobufUtil.java:202)
	at org.apache.hadoop.hbase.ClusterId.parseFrom(ClusterId.java:64)
	at org.apache.hadoop.hbase.zookeeper.ZKClusterId.readClusterIdZNode(ZKClusterId.java:69)
	at org.apache.hadoop.hbase.client.ZooKeeperRegistry.getClusterId(ZooKeeperRegistry.java:83)
	at org.apache.hadoop.hbase.client.HConnectionManager$HConnectionImplementation.retrieveClusterId(HConnectionManager.java:858)
	at org.apache.hadoop.hbase.client.HConnectionManager$HConnectionImplementation.<init>(HConnectionManager.java:663)
	at sun.reflect.NativeConstructorAccessorImpl.newInstance0(Native Method)
	at sun.reflect.NativeConstructorAccessorImpl.newInstance(NativeConstructorAccessorImpl.java:57)
	at sun.reflect.DelegatingConstructorAccessorImpl.newInstance(DelegatingConstructorAccessorImpl.java:45)
	at java.lang.reflect.Constructor.newInstance(Constructor.java:534)
	at org.apache.hadoop.hbase.client.HConnectionManager.createConnection(HConnectionManager.java:415)
	at org.apache.hadoop.hbase.client.HConnectionManager.createConnection(HConnectionManager.java:394)
	at org.apache.hadoop.hbase.client.HConnectionManager.getConnection(HConnectionManager.java:275)
	at org.apache.hadoop.hbase.client.HTable.<init>(HTable.java:197)
	at org.apache.hadoop.hbase.client.HTable.<init>(HTable.java:159)
	at com.yahoo.ycsb.db.HBaseClient.getHTable(HBaseClient.java:118)
	at com.yahoo.ycsb.db.HBaseClient.update(HBaseClient.java:302)
	at com.yahoo.ycsb.db.HBaseClient.insert(HBaseClient.java:357)
	at com.yahoo.ycsb.DBWrapper.insert(DBWrapper.java:148)
	at com.yahoo.ycsb.workloads.CoreWorkload.doTransactionInsert(CoreWorkload.java:639)
	at com.yahoo.ycsb.workloads.CoreWorkload.doTransaction(CoreWorkload.java:487)
	at com.yahoo.ycsb.ClientThread.run(Client.java:241)
2014-08-10 15:50:20:651 10 sec: 199196 operations; 19915.62 current ops/sec; [INSERT AverageLatency(us)=429.32] [READ AverageLatency(us)=42173.45] 
2014-08-10 15:50:30:652 20 sec: 451761 operations; 25253.97 current ops/sec; [INSERT AverageLatency(us)=14.26] [READ AverageLatency(us)=82532.41] 
2014-08-10 15:50:40:653 30 sec: 700145 operations; 24835.92 current ops/sec; [INSERT AverageLatency(us)=16.09] [READ AverageLatency(us)=78456.99] 
2014-08-10 15:50:50:653 40 sec: 926423 operations; 22627.8 current ops/sec; [INSERT AverageLatency(us)=15.46] [READ AverageLatency(us)=84934.66] 
2014-08-10 15:51:00:654 50 sec: 1142537 operations; 21609.24 current ops/sec; [INSERT AverageLatency(us)=15.94] [READ AverageLatency(us)=92816.37] 
2014-08-10 15:51:10:654 60 sec: 1357382 operations; 21484.5 current ops/sec; [INSERT AverageLatency(us)=35.84] [READ AverageLatency(us)=85719.9] 
2014-08-10 15:51:20:655 70 sec: 1547993 operations; 19059.19 current ops/sec; [INSERT AverageLatency(us)=22.47] [READ AverageLatency(us)=105183.54] 
2014-08-10 15:51:30:656 80 sec: 1547993 operations; 0 current ops/sec;   
2014-08-10 15:51:40:657 90 sec: 1547993 operations; 0 current ops/sec;   
2014-08-10 15:51:50:658 100 sec: 1547993 operations; 0 current ops/sec;   
2014-08-10 15:52:00:659 110 sec: 1645606 operations; 9760.32 current ops/sec; [INSERT AverageLatency(us)=17.47] [READ AverageLatency(us)=829332.11] 
2014-08-10 15:52:10:661 120 sec: 1883079 operations; 23742.55 current ops/sec; [INSERT AverageLatency(us)=16.18] [READ AverageLatency(us)=82137.36] 
2014-08-10 15:52:20:663 130 sec: 2126590 operations; 24346.23 current ops/sec; [INSERT AverageLatency(us)=14.78] [READ AverageLatency(us)=70824.39] 
2014-08-10 15:52:30:758 140 sec: 2414600 operations; 28529.97 current ops/sec; [INSERT AverageLatency(us)=13.52] [READ AverageLatency(us)=68369.15] 
2014-08-10 15:52:40:760 150 sec: 2423735 operations; 913.32 current ops/sec; [INSERT AverageLatency(us)=90.51] [READ AverageLatency(us)=22772.43] 
2014-08-10 15:52:50:762 160 sec: 2614340 operations; 19056.69 current ops/sec; [INSERT AverageLatency(us)=1368.42] [READ AverageLatency(us)=73306.03] 
2014-08-10 15:53:00:764 170 sec: 2807737 operations; 19337.77 current ops/sec; [INSERT AverageLatency(us)=14.41] [READ AverageLatency(us)=95460.6] 
2014-08-10 15:53:10:765 180 sec: 2921782 operations; 11402.22 current ops/sec; [INSERT AverageLatency(us)=19.77] [READ AverageLatency(us)=43290.51] 
2014-08-10 15:53:20:767 190 sec: 2959465 operations; 3767.55 current ops/sec; [INSERT AverageLatency(us)=9603.58] [READ AverageLatency(us)=19964.74] 
2014-08-10 15:53:30:768 200 sec: 3164746 operations; 20526.05 current ops/sec; [INSERT AverageLatency(us)=18.22] [READ AverageLatency(us)=89349.72] 
2014-08-10 15:53:41:193 210 sec: 3438857 operations; 26293.62 current ops/sec; [INSERT AverageLatency(us)=17.95] [READ AverageLatency(us)=71532.61] 
2014-08-10 15:53:51:196 220 sec: 3483198 operations; 4432.77 current ops/sec; [INSERT AverageLatency(us)=1169.27] [READ AverageLatency(us)=25804.25] 
2014-08-10 15:54:01:198 230 sec: 3686298 operations; 20305.94 current ops/sec; [INSERT AverageLatency(us)=866.37] [READ AverageLatency(us)=83978.39] 
2014-08-10 15:54:11:200 240 sec: 3970087 operations; 28373.23 current ops/sec; [INSERT AverageLatency(us)=16.63] [READ AverageLatency(us)=66223.13] 
2014-08-10 15:54:21:200 250 sec: 3970087 operations; 0 current ops/sec;   
2014-08-10 15:54:31:201 260 sec: 4088893 operations; 11879.41 current ops/sec; [INSERT AverageLatency(us)=2445.64] [READ AverageLatency(us)=92535.44] 
2014-08-10 15:54:41:201 270 sec: 4308424 operations; 21953.1 current ops/sec; [INSERT AverageLatency(us)=17.05] [READ AverageLatency(us)=88973.94] 
2014-08-10 15:54:51:202 280 sec: 4523677 operations; 21523.15 current ops/sec; [INSERT AverageLatency(us)=144.35] [READ AverageLatency(us)=78305.26] 
2014-08-10 15:55:01:204 290 sec: 4610395 operations; 8670.07 current ops/sec; [INSERT AverageLatency(us)=113.3] [READ AverageLatency(us)=52751.07] 
2014-08-10 15:55:11:205 300 sec: 4723416 operations; 11300.97 current ops/sec; [INSERT AverageLatency(us)=2064.16] [READ AverageLatency(us)=102904.01] 
2014-08-10 15:55:21:207 310 sec: 4988170 operations; 26470.11 current ops/sec; [INSERT AverageLatency(us)=13.59] [READ AverageLatency(us)=68785.11] 
2014-08-10 15:55:31:208 320 sec: 5137023 operations; 14883.81 current ops/sec; [INSERT AverageLatency(us)=565.32] [READ AverageLatency(us)=81918] 
2014-08-10 15:55:41:210 330 sec: 5383550 operations; 24647.77 current ops/sec; [INSERT AverageLatency(us)=13.84] [READ AverageLatency(us)=64626.4] 
2014-08-10 15:55:51:211 340 sec: 5466466 operations; 8290.77 current ops/sec; [INSERT AverageLatency(us)=2140.61] [READ AverageLatency(us)=84287.82] 
2014-08-10 15:56:01:212 350 sec: 5649232 operations; 18274.77 current ops/sec; [INSERT AverageLatency(us)=18.22] [READ AverageLatency(us)=52547.44] 
2014-08-10 15:56:11:213 360 sec: 5667549 operations; 1831.52 current ops/sec; [INSERT AverageLatency(us)=4002.53] [READ AverageLatency(us)=12258.98] 
2014-08-10 15:56:21:214 370 sec: 5865793 operations; 19822.42 current ops/sec; [INSERT AverageLatency(us)=1289.03] [READ AverageLatency(us)=79873.33] 
2014-08-10 15:56:31:215 380 sec: 5996311 operations; 13050.49 current ops/sec; [INSERT AverageLatency(us)=968.22] [READ AverageLatency(us)=58346.59] 
2014-08-10 15:56:41:216 390 sec: 6256441 operations; 26010.4 current ops/sec; [INSERT AverageLatency(us)=21.29] [READ AverageLatency(us)=69055.57] 
2014-08-10 15:56:51:217 400 sec: 6256441 operations; 0 current ops/sec;   
2014-08-10 15:57:01:217 410 sec: 6383002 operations; 12656.1 current ops/sec; [INSERT AverageLatency(us)=2260.35] [READ AverageLatency(us)=98479.65] 
2014-08-10 15:57:11:218 420 sec: 6639914 operations; 25688.63 current ops/sec; [INSERT AverageLatency(us)=16.96] [READ AverageLatency(us)=78448.12] 
2014-08-10 15:57:21:219 430 sec: 6853949 operations; 21401.36 current ops/sec; [INSERT AverageLatency(us)=72.45] [READ AverageLatency(us)=78716.66] 
2014-08-10 15:57:31:221 440 sec: 6853949 operations; 0 current ops/sec;   
2014-08-10 15:57:41:222 450 sec: 6966018 operations; 11204.66 current ops/sec; [INSERT AverageLatency(us)=3039.56] [READ AverageLatency(us)=63483.8] 
2014-08-10 15:57:51:223 460 sec: 7187719 operations; 22167.88 current ops/sec; [INSERT AverageLatency(us)=14.08] [READ AverageLatency(us)=85998.29] 
2014-08-10 15:58:01:224 470 sec: 7436386 operations; 24864.21 current ops/sec; [INSERT AverageLatency(us)=20.09] [READ AverageLatency(us)=83664.95] 
2014-08-10 15:58:11:225 480 sec: 7474905 operations; 3851.51 current ops/sec; [INSERT AverageLatency(us)=3953.11] [READ AverageLatency(us)=17837.35] 
2014-08-10 15:58:21:227 490 sec: 7685994 operations; 21104.68 current ops/sec; [INSERT AverageLatency(us)=293.8] [READ AverageLatency(us)=65894.72] 
2014-08-10 15:58:31:227 500 sec: 7872725 operations; 18673.1 current ops/sec; [INSERT AverageLatency(us)=287.49] [READ AverageLatency(us)=100147.29] 
2014-08-10 15:58:41:228 510 sec: 7878240 operations; 551.44 current ops/sec; [INSERT AverageLatency(us)=12.22] [READ AverageLatency(us)=82464.94] 
2014-08-10 15:58:51:229 520 sec: 7878240 operations; 0 current ops/sec;   
2014-08-10 15:59:01:230 530 sec: 7976594 operations; 9834.42 current ops/sec; [INSERT AverageLatency(us)=18.62] [READ AverageLatency(us)=619773.39] 
2014-08-10 15:59:11:232 540 sec: 8238171 operations; 26152.47 current ops/sec; [INSERT AverageLatency(us)=15.07] [READ AverageLatency(us)=68591.05] 
2014-08-10 15:59:21:233 550 sec: 8272252 operations; 3407.76 current ops/sec; [INSERT AverageLatency(us)=14.29] [READ AverageLatency(us)=72683.78] 
2014-08-10 15:59:31:234 560 sec: 8393913 operations; 12164.88 current ops/sec; [INSERT AverageLatency(us)=2524.45] [READ AverageLatency(us)=68085.1] 
2014-08-10 15:59:41:235 570 sec: 8586633 operations; 19270.07 current ops/sec; [INSERT AverageLatency(us)=12.56] [READ AverageLatency(us)=99635.57] 
2014-08-10 15:59:51:236 580 sec: 8805718 operations; 21906.31 current ops/sec; [INSERT AverageLatency(us)=12.79] [READ AverageLatency(us)=93302.03] 
2014-08-10 16:00:01:238 590 sec: 8918833 operations; 11309.24 current ops/sec; [INSERT AverageLatency(us)=1116.12] [READ AverageLatency(us)=41689.68] 
2014-08-10 16:00:11:239 600 sec: 9093100 operations; 17424.96 current ops/sec; [INSERT AverageLatency(us)=723.88] [READ AverageLatency(us)=49582.88] 
2014-08-10 16:00:21:240 610 sec: 9377368 operations; 28423.96 current ops/sec; [INSERT AverageLatency(us)=17.51] [READ AverageLatency(us)=72112.11] 
2014-08-10 16:00:31:241 620 sec: 9377368 operations; 0 current ops/sec;   
2014-08-10 16:00:41:242 630 sec: 9396298 operations; 1892.81 current ops/sec; [INSERT AverageLatency(us)=21035.08] [READ AverageLatency(us)=56278.2] 
2014-08-10 16:00:51:244 640 sec: 9628810 operations; 23246.55 current ops/sec; [INSERT AverageLatency(us)=12.32] [READ AverageLatency(us)=80360.36] 
2014-08-10 16:01:01:245 650 sec: 9868169 operations; 23933.51 current ops/sec; [INSERT AverageLatency(us)=14.08] [READ AverageLatency(us)=82684.05] 
2014-08-10 16:01:11:246 660 sec: 10050973 operations; 18278.57 current ops/sec; [INSERT AverageLatency(us)=18.91] [READ AverageLatency(us)=56194.16] 
2014-08-10 16:01:21:402 670 sec: 10051377 operations; 39.78 current ops/sec; [INSERT AverageLatency(us)=112830.18] [READ AverageLatency(us)=9085] 
2014-08-10 16:01:31:404 680 sec: 10261940 operations; 21052.09 current ops/sec; [INSERT AverageLatency(us)=1400.21] [READ AverageLatency(us)=74797.53] 
2014-08-10 16:01:41:404 690 sec: 10315507 operations; 5356.7 current ops/sec; [INSERT AverageLatency(us)=13.32] [READ AverageLatency(us)=92059.06] 
2014-08-10 16:01:51:406 700 sec: 10315507 operations; 0 current ops/sec;   
2014-08-10 16:02:01:407 710 sec: 10413234 operations; 9771.72 current ops/sec; [INSERT AverageLatency(us)=13.45] [READ AverageLatency(us)=569471.93] 
2014-08-10 16:02:11:408 720 sec: 10662568 operations; 24930.91 current ops/sec; [INSERT AverageLatency(us)=14.26] [READ AverageLatency(us)=74267.82] 
2014-08-10 16:02:21:410 730 sec: 10743565 operations; 8098.08 current ops/sec; [INSERT AverageLatency(us)=20.02] [READ AverageLatency(us)=37502.34] 
2014-08-10 16:02:31:411 740 sec: 10789066 operations; 4549.65 current ops/sec; [INSERT AverageLatency(us)=7933.37] [READ AverageLatency(us)=29850.13] 
2014-08-10 16:02:41:413 750 sec: 11032518 operations; 24340.33 current ops/sec; [INSERT AverageLatency(us)=12.52] [READ AverageLatency(us)=75260.75] 
2014-08-10 16:02:51:414 760 sec: 11287367 operations; 25482.35 current ops/sec; [INSERT AverageLatency(us)=12.34] [READ AverageLatency(us)=81527.55] 
2014-08-10 16:03:01:415 770 sec: 11350732 operations; 6335.87 current ops/sec; [INSERT AverageLatency(us)=12.26] [READ AverageLatency(us)=78014.12] 
2014-08-10 16:03:11:417 780 sec: 11510511 operations; 15974.71 current ops/sec; [INSERT AverageLatency(us)=104.1] [READ AverageLatency(us)=210293.43] 
2014-08-10 16:03:21:418 790 sec: 11742820 operations; 23228.58 current ops/sec; [INSERT AverageLatency(us)=13.33] [READ AverageLatency(us)=76365.81] 
2014-08-10 16:03:31:420 800 sec: 12043321 operations; 30044.09 current ops/sec; [INSERT AverageLatency(us)=15.64] [READ AverageLatency(us)=65996.53] 
2014-08-10 16:03:41:421 810 sec: 12043321 operations; 0 current ops/sec;   
2014-08-10 16:03:51:422 820 sec: 12186659 operations; 14332.37 current ops/sec; [INSERT AverageLatency(us)=2047.09] [READ AverageLatency(us)=82039.53] 
2014-08-10 16:04:01:423 830 sec: 12420922 operations; 23423.96 current ops/sec; [INSERT AverageLatency(us)=11.89] [READ AverageLatency(us)=75451.47] 
2014-08-10 16:04:11:424 840 sec: 12640960 operations; 22001.6 current ops/sec; [INSERT AverageLatency(us)=12.98] [READ AverageLatency(us)=77862] 
2014-08-10 16:04:21:425 850 sec: 12640960 operations; 0 current ops/sec;   
2014-08-10 16:04:31:426 860 sec: 12710642 operations; 6967.5 current ops/sec; [INSERT AverageLatency(us)=5267.48] [READ AverageLatency(us)=103767.12] 
2014-08-10 16:04:41:428 870 sec: 12963505 operations; 25281.24 current ops/sec; [INSERT AverageLatency(us)=12.79] [READ AverageLatency(us)=75324.3] 
2014-08-10 16:04:51:429 880 sec: 13197871 operations; 23434.26 current ops/sec; [INSERT AverageLatency(us)=14.47] [READ AverageLatency(us)=83480.7] 
2014-08-10 16:05:01:430 890 sec: 13281489 operations; 8360.96 current ops/sec; [INSERT AverageLatency(us)=14.28] [READ AverageLatency(us)=23815.98] 
2014-08-10 16:05:11:432 900 sec: 13395957 operations; 11444.51 current ops/sec; [INSERT AverageLatency(us)=2554.86] [READ AverageLatency(us)=75873.97] 
2014-08-10 16:05:21:433 910 sec: 13631239 operations; 23525.85 current ops/sec; [INSERT AverageLatency(us)=11.89] [READ AverageLatency(us)=83603.11] 
2014-08-10 16:05:31:434 920 sec: 13851520 operations; 22025.9 current ops/sec; [INSERT AverageLatency(us)=40.06] [READ AverageLatency(us)=87649.58] 
2014-08-10 16:05:41:434 930 sec: 13878071 operations; 2655.1 current ops/sec; [INSERT AverageLatency(us)=173.42] [READ AverageLatency(us)=104288.4] 
2014-08-10 16:05:51:435 940 sec: 13878071 operations; 0 current ops/sec;   
2014-08-10 16:06:01:436 950 sec: 13934500 operations; 5642.34 current ops/sec; [INSERT AverageLatency(us)=1575.86] [READ AverageLatency(us)=861054.27] 
2014-08-10 16:06:11:436 960 sec: 13980134 operations; 4563.4 current ops/sec; [INSERT AverageLatency(us)=97.62] [READ AverageLatency(us)=136969.85] 
2014-08-10 16:06:21:437 970 sec: 14161931 operations; 18177.88 current ops/sec; [INSERT AverageLatency(us)=16.74] [READ AverageLatency(us)=179971.09] 
2014-08-10 16:06:31:438 980 sec: 14367745 operations; 20579.34 current ops/sec; [INSERT AverageLatency(us)=16.71] [READ AverageLatency(us)=51806.25] 
2014-08-10 16:06:41:439 990 sec: 14390152 operations; 2240.48 current ops/sec; [INSERT AverageLatency(us)=12313.1] [READ AverageLatency(us)=22354.33] 
2014-08-10 16:06:51:440 1000 sec: 14635403 operations; 24522.65 current ops/sec; [INSERT AverageLatency(us)=12.12] [READ AverageLatency(us)=80305.31] 
2014-08-10 16:07:01:442 1010 sec: 14777254 operations; 14182.26 current ops/sec; [INSERT AverageLatency(us)=21.82] [READ AverageLatency(us)=87562.97] 
2014-08-10 16:07:11:443 1020 sec: 14777254 operations; 0 current ops/sec;   
2014-08-10 16:07:21:444 1030 sec: 14839491 operations; 6223.08 current ops/sec; [INSERT AverageLatency(us)=10.92] [READ AverageLatency(us)=762463.75] 
2014-08-10 16:07:31:446 1040 sec: 15069714 operations; 23017.7 current ops/sec; [INSERT AverageLatency(us)=12.95] [READ AverageLatency(us)=56189.84] 
2014-08-10 16:07:41:447 1050 sec: 15072542 operations; 282.77 current ops/sec; [INSERT AverageLatency(us)=4815.71] [READ AverageLatency(us)=14027.64] 
2014-08-10 16:07:51:492 1060 sec: 15268234 operations; 19481.53 current ops/sec; [INSERT AverageLatency(us)=1488.77] [READ AverageLatency(us)=83973.03] 
2014-08-10 16:08:01:495 1070 sec: 15490332 operations; 22205.36 current ops/sec; [INSERT AverageLatency(us)=47.36] [READ AverageLatency(us)=81957.63] 
2014-08-10 16:08:11:496 1080 sec: 15729170 operations; 23879.02 current ops/sec; [INSERT AverageLatency(us)=12.91] [READ AverageLatency(us)=67443.75] 
2014-08-10 16:08:21:497 1090 sec: 15729170 operations; 0 current ops/sec;   
2014-08-10 16:08:31:498 1100 sec: 15850003 operations; 12082.09 current ops/sec; [INSERT AverageLatency(us)=2854.39] [READ AverageLatency(us)=73447.15] 
2014-08-10 16:08:41:499 1110 sec: 16079366 operations; 22934.01 current ops/sec; [INSERT AverageLatency(us)=13.47] [READ AverageLatency(us)=82714.64] 
2014-08-10 16:08:51:501 1120 sec: 16142267 operations; 6288.84 current ops/sec; [INSERT AverageLatency(us)=10.4] [READ AverageLatency(us)=62318.3] 
2014-08-10 16:09:01:502 1130 sec: 16142267 operations; 0 current ops/sec;   
2014-08-10 16:09:11:504 1140 sec: 16278645 operations; 13635.07 current ops/sec; [INSERT AverageLatency(us)=12.3] [READ AverageLatency(us)=408792.3] 
2014-08-10 16:09:21:504 1150 sec: 16407522 operations; 12887.7 current ops/sec; [INSERT AverageLatency(us)=12.5] [READ AverageLatency(us)=52115.97] 
2014-08-10 16:09:31:506 1160 sec: 16410274 operations; 275.14 current ops/sec; [INSERT AverageLatency(us)=43811.39] [READ AverageLatency(us)=83710.25] 
2014-08-10 16:09:41:507 1170 sec: 16613362 operations; 20306.77 current ops/sec; [INSERT AverageLatency(us)=1191.89] [READ AverageLatency(us)=80805.32] 
2014-08-10 16:09:51:507 1180 sec: 16859872 operations; 24651 current ops/sec; [INSERT AverageLatency(us)=15.62] [READ AverageLatency(us)=77170.17] 
2014-08-10 16:10:01:508 1190 sec: 17100232 operations; 24033.6 current ops/sec; [INSERT AverageLatency(us)=12.93] [READ AverageLatency(us)=68052.58] 
2014-08-10 16:10:11:509 1200 sec: 17112394 operations; 1216.08 current ops/sec; [INSERT AverageLatency(us)=3711.23] [READ AverageLatency(us)=20955.66] 
2014-08-10 16:10:21:511 1210 sec: 17321320 operations; 20888.42 current ops/sec; [INSERT AverageLatency(us)=1092.81] [READ AverageLatency(us)=78544.22] 
2014-08-10 16:10:31:512 1220 sec: 17508311 operations; 18697.23 current ops/sec; [INSERT AverageLatency(us)=13.87] [READ AverageLatency(us)=80393.22] 
2014-08-10 16:10:41:514 1230 sec: 17508311 operations; 0 current ops/sec;   
2014-08-10 16:10:51:515 1240 sec: 17508311 operations; 0 current ops/sec;   
2014-08-10 16:11:01:516 1250 sec: 17697935 operations; 18960.5 current ops/sec; [INSERT AverageLatency(us)=12.28] [READ AverageLatency(us)=294616.25] 
2014-08-10 16:11:11:517 1260 sec: 17710475 operations; 1253.87 current ops/sec; [INSERT AverageLatency(us)=19542.12] [READ AverageLatency(us)=141179.95] 
2014-08-10 16:11:21:519 1270 sec: 17972847 operations; 26231.95 current ops/sec; [INSERT AverageLatency(us)=12.46] [READ AverageLatency(us)=82104.3] 
2014-08-10 16:11:31:520 1280 sec: 18215390 operations; 24251.87 current ops/sec; [INSERT AverageLatency(us)=12.33] [READ AverageLatency(us)=81297.02] 
2014-08-10 16:11:41:521 1290 sec: 18320318 operations; 10491.75 current ops/sec; [INSERT AverageLatency(us)=277.17] [READ AverageLatency(us)=44811.82] 
2014-08-10 16:11:51:523 1300 sec: 18320318 operations; 0 current ops/sec;   
2014-08-10 16:12:01:524 1310 sec: 18349888 operations; 2956.41 current ops/sec; [INSERT AverageLatency(us)=14267.49] [READ AverageLatency(us)=291569.5] 
2014-08-10 16:12:11:525 1320 sec: 18479936 operations; 13003.5 current ops/sec; [INSERT AverageLatency(us)=1038.92] [READ AverageLatency(us)=58097.16] 
2014-08-10 16:12:21:526 1330 sec: 18748330 operations; 26836.72 current ops/sec; [INSERT AverageLatency(us)=13.14] [READ AverageLatency(us)=73085.35] 
2014-08-10 16:12:31:528 1340 sec: 18793551 operations; 4521.2 current ops/sec; [INSERT AverageLatency(us)=10.47] [READ AverageLatency(us)=52471.63] 
2014-08-10 16:12:41:529 1350 sec: 18841028 operations; 4747.23 current ops/sec; [INSERT AverageLatency(us)=6736.08] [READ AverageLatency(us)=149016.42] 
2014-08-10 16:12:51:531 1360 sec: 19068284 operations; 22721.06 current ops/sec; [INSERT AverageLatency(us)=12.94] [READ AverageLatency(us)=82932.14] 
2014-08-10 16:13:01:532 1370 sec: 19157163 operations; 8887.01 current ops/sec; [INSERT AverageLatency(us)=12.35] [READ AverageLatency(us)=76390.21] 
2014-08-10 16:13:11:534 1380 sec: 19157163 operations; 0 current ops/sec;   
2014-08-10 16:13:21:535 1390 sec: 19213075 operations; 5590.64 current ops/sec; [INSERT AverageLatency(us)=21.21] [READ AverageLatency(us)=952011.79] 
2014-08-10 16:13:31:536 1400 sec: 19448124 operations; 23502.55 current ops/sec; [INSERT AverageLatency(us)=13.5] [READ AverageLatency(us)=70170.84] 
2014-08-10 16:13:41:538 1410 sec: 19448124 operations; 0 current ops/sec;   
2014-08-10 16:13:51:540 1420 sec: 19619898 operations; 17173.97 current ops/sec; [INSERT AverageLatency(us)=1683.51] [READ AverageLatency(us)=94187.16] 
2014-08-10 16:14:01:541 1430 sec: 19820220 operations; 20030.2 current ops/sec; [INSERT AverageLatency(us)=160.91] [READ AverageLatency(us)=59556.6] 
2014-08-10 16:14:11:542 1440 sec: 20030489 operations; 21024.8 current ops/sec; [INSERT AverageLatency(us)=11.84] [READ AverageLatency(us)=91637.32] 
2014-08-10 16:14:21:543 1450 sec: 20030489 operations; 0 current ops/sec;   
2014-08-10 16:14:31:545 1460 sec: 20030489 operations; 0 current ops/sec;   
2014-08-10 16:14:41:546 1470 sec: 20131242 operations; 10074.29 current ops/sec; [INSERT AverageLatency(us)=12.99] [READ AverageLatency(us)=520097.88] 
2014-08-10 16:14:51:547 1480 sec: 20131666 operations; 42.4 current ops/sec; [INSERT AverageLatency(us)=70688.47] [READ AverageLatency(us)=26582.33] 
2014-08-10 16:15:01:549 1490 sec: 20319112 operations; 18742.73 current ops/sec; [INSERT AverageLatency(us)=1632.57] [READ AverageLatency(us)=84916.99] 
2014-08-10 16:15:11:550 1500 sec: 20497390 operations; 17824.24 current ops/sec; [INSERT AverageLatency(us)=15.73] [READ AverageLatency(us)=76152.64] 
2014-08-10 16:15:21:551 1510 sec: 20497390 operations; 0 current ops/sec;   
2014-08-10 16:15:31:552 1520 sec: 20504629 operations; 723.83 current ops/sec; [INSERT AverageLatency(us)=11.93] [READ AverageLatency(us)=4976438.72] 
2014-08-10 16:15:41:554 1530 sec: 20800066 operations; 29537.79 current ops/sec; [INSERT AverageLatency(us)=12] [READ AverageLatency(us)=61678.5] 
2014-08-10 16:15:51:555 1540 sec: 20800066 operations; 0 current ops/sec;   
2014-08-10 16:16:01:556 1550 sec: 20833658 operations; 3358.86 current ops/sec; [INSERT AverageLatency(us)=10946.15] [READ AverageLatency(us)=153527.8] 
2014-08-10 16:16:11:558 1560 sec: 21006558 operations; 17286.54 current ops/sec; [INSERT AverageLatency(us)=11.2] [READ AverageLatency(us)=63889.44] 
2014-08-10 16:16:21:559 1570 sec: 21006558 operations; 0 current ops/sec;   
2014-08-10 16:16:31:560 1580 sec: 21086760 operations; 8019.4 current ops/sec; [INSERT AverageLatency(us)=13.71] [READ AverageLatency(us)=560250.9] 
2014-08-10 16:16:41:561 1590 sec: 21316375 operations; 22959.2 current ops/sec; [INSERT AverageLatency(us)=13.1] [READ AverageLatency(us)=86675.04] 
2014-08-10 16:16:51:563 1600 sec: 21559846 operations; 24342.23 current ops/sec; [INSERT AverageLatency(us)=12.17] [READ AverageLatency(us)=74115.62] 
2014-08-10 16:17:01:564 1610 sec: 21615514 operations; 5566.24 current ops/sec; [INSERT AverageLatency(us)=11.02] [READ AverageLatency(us)=77944.81] 
2014-08-10 16:17:11:565 1620 sec: 21615514 operations; 0 current ops/sec;   
2014-08-10 16:17:21:567 1630 sec: 21734744 operations; 11921.81 current ops/sec; [INSERT AverageLatency(us)=13.37] [READ AverageLatency(us)=450382.1] 
2014-08-10 16:17:31:568 1640 sec: 21763455 operations; 2870.53 current ops/sec; [INSERT AverageLatency(us)=5198.56] [READ AverageLatency(us)=105896.8] 
2014-08-10 16:17:41:570 1650 sec: 22026807 operations; 26329.93 current ops/sec; [INSERT AverageLatency(us)=12.39] [READ AverageLatency(us)=81760.27] 
2014-08-10 16:17:51:571 1660 sec: 22026807 operations; 0 current ops/sec;   
2014-08-10 16:18:01:573 1670 sec: 22026807 operations; 0 current ops/sec;   
2014-08-10 16:18:11:575 1680 sec: 22266149 operations; 23929.41 current ops/sec; [INSERT AverageLatency(us)=18.07] [READ AverageLatency(us)=262714.27] 
2014-08-10 16:18:21:576 1690 sec: 22313319 operations; 4716.53 current ops/sec; [INSERT AverageLatency(us)=13.41] [READ AverageLatency(us)=20293.05] 
2014-08-10 16:18:31:578 1700 sec: 22393223 operations; 7988.8 current ops/sec; [INSERT AverageLatency(us)=4061.5] [READ AverageLatency(us)=74423.28] 
2014-08-10 16:18:41:580 1710 sec: 22602528 operations; 20928.41 current ops/sec; [INSERT AverageLatency(us)=13.01] [READ AverageLatency(us)=86302.46] 
2014-08-10 16:18:51:581 1720 sec: 22602528 operations; 0 current ops/sec;   
2014-08-10 16:19:01:583 1730 sec: 22602528 operations; 0 current ops/sec;   
2014-08-10 16:19:11:584 1740 sec: 22764923 operations; 16237.88 current ops/sec; [INSERT AverageLatency(us)=11.11] [READ AverageLatency(us)=382409.99] 
2014-08-10 16:19:21:586 1750 sec: 23034310 operations; 26933.31 current ops/sec; [INSERT AverageLatency(us)=16.01] [READ AverageLatency(us)=65201.2] 
2014-08-10 16:19:31:588 1760 sec: 23176547 operations; 14222.28 current ops/sec; [INSERT AverageLatency(us)=186.35] [READ AverageLatency(us)=65632.07] 
2014-08-10 16:19:41:589 1770 sec: 23207042 operations; 3048.89 current ops/sec; [INSERT AverageLatency(us)=8057.61] [READ AverageLatency(us)=165477.49] 
2014-08-10 16:19:51:591 1780 sec: 23481018 operations; 27392.12 current ops/sec; [INSERT AverageLatency(us)=17.98] [READ AverageLatency(us)=65857.3] 
2014-08-10 16:20:01:592 1790 sec: 23522906 operations; 4188.38 current ops/sec; [INSERT AverageLatency(us)=9.51] [READ AverageLatency(us)=41937.71] 
2014-08-10 16:20:11:593 1800 sec: 23694480 operations; 17155.68 current ops/sec; [INSERT AverageLatency(us)=1471.95] [READ AverageLatency(us)=86041.87] 
2014-08-10 16:20:21:595 1810 sec: 23911795 operations; 21727.15 current ops/sec; [INSERT AverageLatency(us)=13.01] [READ AverageLatency(us)=78985.63] 
2014-08-10 16:20:31:597 1820 sec: 23915338 operations; 354.23 current ops/sec; [INSERT AverageLatency(us)=993.33] [READ AverageLatency(us)=10865.31] 
2014-08-10 16:20:41:599 1830 sec: 23915338 operations; 0 current ops/sec;   
2014-08-10 16:20:51:600 1840 sec: 24018995 operations; 10364.66 current ops/sec; [INSERT AverageLatency(us)=4966.58] [READ AverageLatency(us)=109371.69] 
2014-08-10 16:21:01:602 1850 sec: 24281810 operations; 26276.24 current ops/sec; [INSERT AverageLatency(us)=18.14] [READ AverageLatency(us)=66964.24] 
2014-08-10 16:21:11:604 1860 sec: 24281870 operations; 6 current ops/sec; [INSERT AverageLatency(us)=200257.64] [READ AverageLatency(us)=15905] 
2014-08-10 16:21:21:605 1870 sec: 24460786 operations; 17889.81 current ops/sec; [UPDATE AverageLatency(us)=487046] [INSERT AverageLatency(us)=1429.69] [READ AverageLatency(us)=76668.15] [CLEANUP AverageLatency(us)=487183] 
2014-08-10 16:21:31:607 1880 sec: 24516452 operations; 5565.49 current ops/sec;  [INSERT AverageLatency(us)=13.68] [READ AverageLatency(us)=80362.86]  
2014-08-10 16:21:41:609 1890 sec: 24516452 operations; 0 current ops/sec;     
2014-08-10 16:21:51:611 1900 sec: 24635344 operations; 11888.01 current ops/sec;  [INSERT AverageLatency(us)=16.72] [READ AverageLatency(us)=422384.06]  
2014-08-10 16:22:01:612 1910 sec: 24780242 operations; 14486.9 current ops/sec; [UPDATE AverageLatency(us)=787926.67] [INSERT AverageLatency(us)=699.69] [READ AverageLatency(us)=71759.72] [CLEANUP AverageLatency(us)=788227] 
2014-08-10 16:22:11:614 1920 sec: 24909241 operations; 12897.32 current ops/sec; [UPDATE AverageLatency(us)=1279348.43] [INSERT AverageLatency(us)=10.87] [READ AverageLatency(us)=48189.86] [CLEANUP AverageLatency(us)=1279357.57] 
2014-08-10 16:22:21:616 1930 sec: 24910616 operations; 137.47 current ops/sec; [UPDATE AverageLatency(us)=15608108] [INSERT AverageLatency(us)=43445.51] [READ AverageLatency(us)=74603.8] [CLEANUP AverageLatency(us)=15608116] 
2014-08-10 16:22:28:628 1937 sec: 25000000 operations; 12749.11 current ops/sec; [UPDATE AverageLatency(us)=768603.38] [INSERT AverageLatency(us)=742.16] [READ AverageLatency(us)=27877.25] [CLEANUP AverageLatency(us)=768611.88] 
+ echo 'end time:'
end time:
++ date +%s
+ echo 1407712948
1407712948
+ echo 'sleeping for 10 sec ...'
sleeping for 10 sec ...
+ sleep 10
+ let counter=1+1
+ read line
+ set +x
