----------------------------------------------------------
selfdapql AM_FILE_POINTER in begining: 0
selfdapql filelengh: 375980
log_evicted_initial: 0
log_evicted_last: 0
log_evicted_count: 0
storeFileSize: 0.2976865
selfdapql AM_FILE_POINTER in end: 375980
selfdapql RS_FILE_POINTER in begining: 0
selfdapql rs_filelengh: 1128854
selfdapql blocking update blocking_updates_count: 0
selfdapql blocking update avg total_blocking_time: 0.0
selfdapql RS_FILE_POINTER in end: 1128854
selfdapql DN_FILE_POINTER in begining: 0
selfdapql dn_filelength: 77556
selfdapql total operation time: 64586.0
selfdapql total # operations: 6157
selfdapql dfs avg read time: 10.489849
selfdapql DN_FILE_POINTER in end: 77556
read proportion = 0.1
write_proportion = 0.9
selfdapql blockedFlushCount: 0
selfdapql unblockedFlushCount: 0
selfdapql evictCount: 0
selfdapql No Tuning
----------------------------------------------------------
selfdapql AM_FILE_POINTER in begining: 375980
selfdapql filelengh: 972828
log_evicted_initial: 0
log_evicted_last: 0
log_evicted_count: 0
storeFileSize: 1.9247441
selfdapql AM_FILE_POINTER in end: 972828
selfdapql RS_FILE_POINTER in begining: 1128854
selfdapql rs_filelengh: 6263120
selfdapql blocking update blocking_updates_count: 10
selfdapql blocking update avg total_blocking_time: 958.9
selfdapql RS_FILE_POINTER in end: 6263120
selfdapql DN_FILE_POINTER in begining: 77556
selfdapql dn_filelength: 133210
selfdapql total operation time: 128598.0
selfdapql total # operations: 39085
selfdapql dfs avg read time: 3.2902136
selfdapql DN_FILE_POINTER in end: 133210
read proportion = 0.1
write_proportion = 0.9
selfdapql blockedFlushCount: 0
selfdapql unblockedFlushCount: 0
selfdapql evictCount: 0
selfdapql current cache size: 4.8
selfdapql data size: 1.9247441
selfdapql cache-data ratio: 0.6234595
selfdapql probability ratio: 0.9798976561642152
selfdapql pc by pm ratio: 0.003362261541018487
selfdapql pc_by_pm * am_blockCacheEvictionCount: 0.0
selfdapql rslog_blocking_updates_count: 10
selfdapql newBlockCacheSize: 0.35
selfdapql newMemstoreSize: 0.45000002
----------------------------------------------------------
selfdapql AM_FILE_POINTER in begining: 972828
selfdapql filelengh: 1570996
log_evicted_initial: 0
log_evicted_last: 0
log_evicted_count: 0
storeFileSize: 2.3902845
selfdapql AM_FILE_POINTER in end: 1570996
selfdapql RS_FILE_POINTER in begining: 6263120
selfdapql rs_filelengh: 9013610
selfdapql blocking update blocking_updates_count: 54
selfdapql blocking update avg total_blocking_time: 21750.166
selfdapql RS_FILE_POINTER in end: 9013610
selfdapql DN_FILE_POINTER in begining: 133210
selfdapql dn_filelength: 183145
selfdapql total operation time: 559976.0
selfdapql total # operations: 11267
selfdapql dfs avg read time: 49.700542
selfdapql DN_FILE_POINTER in end: 183145
read proportion = 0.1
write_proportion = 0.9
selfdapql blockedFlushCount: 0
selfdapql unblockedFlushCount: 0
selfdapql evictCount: 0
selfdapql current cache size: 4.2
selfdapql data size: 2.3902845
selfdapql cache-data ratio: 0.43927822
selfdapql probability ratio: 0.9011470520512058
selfdapql pc by pm ratio: 0.0020591796947059308
selfdapql pc_by_pm * am_blockCacheEvictionCount: 0.0
selfdapql rslog_blocking_updates_count: 54
selfdapql newBlockCacheSize: 0.29999998
selfdapql newMemstoreSize: 0.5
----------------------------------------------------------
selfdapql AM_FILE_POINTER in begining: 1570996
selfdapql filelengh: 2136740
log_evicted_initial: 0
log_evicted_last: 62078
log_evicted_count: 62078
storeFileSize: 4.3144865
selfdapql AM_FILE_POINTER in end: 2136740
selfdapql RS_FILE_POINTER in begining: 9013610
selfdapql rs_filelengh: 19590002
selfdapql blocking update blocking_updates_count: 84
selfdapql blocking update avg total_blocking_time: 8366.477
selfdapql RS_FILE_POINTER in end: 19590002
selfdapql DN_FILE_POINTER in begining: 183145
selfdapql dn_filelength: 250829
selfdapql total operation time: 1795320.0
selfdapql total # operations: 63087
selfdapql dfs avg read time: 28.457844
selfdapql DN_FILE_POINTER in end: 250829
read proportion = 0.1
write_proportion = 0.9
selfdapql blockedFlushCount: 0
selfdapql unblockedFlushCount: 0
selfdapql evictCount: 64393
selfdapql current cache size: 3.6
selfdapql data size: 4.3144865
selfdapql cache-data ratio: 0.20859955
selfdapql probability ratio: 0.6077299658363566
selfdapql pc by pm ratio: 0.0020671408363989677
selfdapql pc_by_pm * am_blockCacheEvictionCount: 128.32396884197513
selfdapql rslog_blocking_updates_count: 84
selfdapql newBlockCacheSize: 0.35
selfdapql newMemstoreSize: 0.45
----------------------------------------------------------
selfdapql AM_FILE_POINTER in begining: 2136740
selfdapql filelengh: 2869488
log_evicted_initial: 64393
log_evicted_last: 135359
log_evicted_count: 70966
storeFileSize: 5.92113
selfdapql AM_FILE_POINTER in end: 2869488
selfdapql RS_FILE_POINTER in begining: 19590002
selfdapql rs_filelengh: 34234967
selfdapql blocking update blocking_updates_count: 102
selfdapql blocking update avg total_blocking_time: 6244.8037
selfdapql RS_FILE_POINTER in end: 34234967
selfdapql DN_FILE_POINTER in begining: 250829
selfdapql dn_filelength: 306822
selfdapql total operation time: 1768877.0
selfdapql total # operations: 85713
selfdapql dfs avg read time: 20.637207
selfdapql DN_FILE_POINTER in end: 306822
read proportion = 0.1
write_proportion = 0.9
selfdapql blockedFlushCount: 0
selfdapql unblockedFlushCount: 1
selfdapql evictCount: 73666
selfdapql current cache size: 4.2
selfdapql data size: 5.92113
selfdapql cache-data ratio: 0.177331
selfdapql probability ratio: 0.5419629684143306
selfdapql pc by pm ratio: 0.0017910254446989679
selfdapql pc_by_pm * am_blockCacheEvictionCount: 127.10191170850696
selfdapql rslog_blocking_updates_count: 102
selfdapql newBlockCacheSize: 0.4
selfdapql newMemstoreSize: 0.39999998
----------------------------------------------------------
selfdapql AM_FILE_POINTER in begining: 2869488
selfdapql filelengh: 3469185
log_evicted_initial: 140759
log_evicted_last: 210597
log_evicted_count: 69838
storeFileSize: 7.749809
selfdapql AM_FILE_POINTER in end: 3469185
selfdapql RS_FILE_POINTER in begining: 34234967
selfdapql rs_filelengh: 48946187
selfdapql blocking update blocking_updates_count: 50
selfdapql blocking update avg total_blocking_time: 5970.08
selfdapql RS_FILE_POINTER in end: 48946187
selfdapql DN_FILE_POINTER in begining: 306822
selfdapql dn_filelength: 359904
selfdapql total operation time: 2189742.0
selfdapql total # operations: 82640
selfdapql dfs avg read time: 26.497362
selfdapql DN_FILE_POINTER in end: 359904
read proportion = 0.1
write_proportion = 0.9
selfdapql blockedFlushCount: 0
selfdapql unblockedFlushCount: 0
selfdapql evictCount: 140016
selfdapql current cache size: 4.8
selfdapql data size: 7.749809
selfdapql cache-data ratio: 0.15484254
selfdapql probability ratio: 0.48978821595353905
selfdapql pc by pm ratio: 0.002173856373728631
selfdapql pc_by_pm * am_blockCacheEvictionCount: 151.81778142846014
selfdapql rslog_blocking_updates_count: 50
selfdapql newBlockCacheSize: 0.45000002
selfdapql newMemstoreSize: 0.34999996
----------------------------------------------------------
selfdapql AM_FILE_POINTER in begining: 3469185
selfdapql filelengh: 4069253
log_evicted_initial: 216767
log_evicted_last: 320605
log_evicted_count: 103838
storeFileSize: 10.071027
selfdapql AM_FILE_POINTER in end: 4069253
selfdapql RS_FILE_POINTER in begining: 48946187
selfdapql rs_filelengh: 69290533
selfdapql blocking update blocking_updates_count: 13
selfdapql blocking update avg total_blocking_time: 836.38464
selfdapql RS_FILE_POINTER in end: 69290533
selfdapql DN_FILE_POINTER in begining: 359904
selfdapql dn_filelength: 415984
selfdapql total operation time: 2636362.0
selfdapql total # operations: 120462
selfdapql dfs avg read time: 21.885424
selfdapql DN_FILE_POINTER in end: 415984
read proportion = 0.1
write_proportion = 0.9
selfdapql blockedFlushCount: 0
selfdapql unblockedFlushCount: 0
selfdapql evictCount: 184060
selfdapql current cache size: 5.4
selfdapql data size: 10.071027
selfdapql cache-data ratio: 0.1340479
selfdapql probability ratio: 0.437690335983388
selfdapql pc by pm ratio: 0.011452911004813979
selfdapql pc_by_pm * am_blockCacheEvictionCount: 1189.247372917874
selfdapql rslog_blocking_updates_count: 13
selfdapql newBlockCacheSize: 0.5
selfdapql newMemstoreSize: 0.29999995
----------------------------------------------------------
selfdapql AM_FILE_POINTER in begining: 4069253
selfdapql filelengh: 4669259
log_evicted_initial: 327547
log_evicted_last: 442457
log_evicted_count: 114910
storeFileSize: 12.126785
selfdapql AM_FILE_POINTER in end: 4669259
selfdapql RS_FILE_POINTER in begining: 69290533
selfdapql rs_filelengh: 91546296
selfdapql blocking update blocking_updates_count: 0
selfdapql blocking update avg total_blocking_time: 0.0
selfdapql RS_FILE_POINTER in end: 91546296
selfdapql DN_FILE_POINTER in begining: 415984
selfdapql dn_filelength: 469069
selfdapql total operation time: 2731523.0
selfdapql total # operations: 125588
selfdapql dfs avg read time: 21.749872
selfdapql DN_FILE_POINTER in end: 469069
read proportion = 0.1
write_proportion = 0.9
selfdapql blockedFlushCount: 0
selfdapql unblockedFlushCount: 0
selfdapql evictCount: 266111
selfdapql current cache size: 6.0
selfdapql data size: 12.126785
selfdapql cache-data ratio: 0.12369313
selfdapql probability ratio: 0.41030844493509633
selfdapql pc by pm ratio: Infinity
selfdapql pc_by_pm * am_blockCacheEvictionCount: Infinity
selfdapql rslog_blocking_updates_count: 0
selfdapql newBlockCacheSize: 0.55
selfdapql newMemstoreSize: 0.24999996
----------------------------------------------------------
selfdapql AM_FILE_POINTER in begining: 4669259
selfdapql filelengh: 5269518
log_evicted_initial: 450171
log_evicted_last: 570115
log_evicted_count: 119944
storeFileSize: 13.819439
selfdapql AM_FILE_POINTER in end: 5269518
selfdapql RS_FILE_POINTER in begining: 91546296
selfdapql rs_filelengh: 114153219
selfdapql blocking update blocking_updates_count: 0
selfdapql blocking update avg total_blocking_time: 0.0
selfdapql RS_FILE_POINTER in end: 114153219
selfdapql DN_FILE_POINTER in begining: 469069
selfdapql dn_filelength: 525149
selfdapql total operation time: 3138956.0
selfdapql total # operations: 125995
selfdapql dfs avg read time: 24.913338
selfdapql DN_FILE_POINTER in end: 525149
read proportion = 0.1
write_proportion = 0.9
selfdapql blockedFlushCount: 0
selfdapql unblockedFlushCount: 0
selfdapql evictCount: 319304
selfdapql current cache size: 6.6000004
selfdapql data size: 13.819439
selfdapql cache-data ratio: 0.11939704
selfdapql probability ratio: 0.3986593599736674
selfdapql pc by pm ratio: Infinity
selfdapql pc_by_pm * am_blockCacheEvictionCount: Infinity
selfdapql rslog_blocking_updates_count: 0
selfdapql newBlockCacheSize: 0.6
selfdapql newMemstoreSize: 0.19999996
