SLF4J: Class path contains multiple SLF4J bindings.
SLF4J: Found binding in [jar:file:/home/hadoop/.m2/repository/org/slf4j/slf4j-log4j12/1.7.5/slf4j-log4j12-1.7.5.jar!/org/slf4j/impl/StaticLoggerBinder.class]
SLF4J: Found binding in [jar:file:/home/hadoop/hadoop-2.4.0/share/hadoop/common/lib/slf4j-log4j12-1.7.5.jar!/org/slf4j/impl/StaticLoggerBinder.class]
SLF4J: See http://www.slf4j.org/codes.html#multiple_bindings for an explanation.
SLF4J: Actual binding is of type [org.slf4j.impl.Log4jLoggerFactory]
OpenJDK 64-Bit Server VM warning: You have loaded library /home/hadoop/hadoop-2.4.0/lib/native/libhadoop.so.1.0.0 which might have disabled stack guard. The VM will try to fix the stack guard now.
It's highly recommended that you fix the library with 'execstack -c <libfile>', or link it with '-z noexecstack'.
memstore flush threshold: 200.0
----------------------------------------------------------
selfdapql AM_FILE_POINTER in begining: 0
selfdapql filelengh: 653267
log_evicted_initial: 0
log_evicted_last: 0
log_evicted_count: 0
storeFileSize: 0.33120835
selfdapql AM_FILE_POINTER in end: 653267
selfdapql RS_FILE_POINTER in begining: 0
selfdapql rs_filelengh: 287390
selfdapql blocking update blocking_updates_count: 20
selfdapql blocking update avg total_blocking_time: 4750.7
selfdapql RS_FILE_POINTER in end: 287390
selfdapql DN_FILE_POINTER in begining: 0
selfdapql dn_filelength: 119697
selfdapql total operation time: 8755.0
selfdapql total # operations: 791
selfdapql dfs avg read time: 11.068268
selfdapql DN_FILE_POINTER in end: 119697
selfdapql newBlockCacheSize: 0.35
selfdapql newMemstoreSize: 0.45000002
memstore flush threshold: 200.0
----------------------------------------------------------
selfdapql AM_FILE_POINTER in begining: 653267
selfdapql filelengh: 1250090
log_evicted_initial: 0
log_evicted_last: 0
log_evicted_count: 0
storeFileSize: 2.089926
selfdapql AM_FILE_POINTER in end: 1250090
selfdapql RS_FILE_POINTER in begining: 287390
selfdapql rs_filelengh: 1347734
selfdapql blocking update blocking_updates_count: 138
selfdapql blocking update avg total_blocking_time: 22040.906
selfdapql RS_FILE_POINTER in end: 1347734
selfdapql DN_FILE_POINTER in begining: 119697
selfdapql dn_filelength: 172303
selfdapql total operation time: 102246.0
selfdapql total # operations: 6616
selfdapql dfs avg read time: 15.454353
selfdapql DN_FILE_POINTER in end: 172303
selfdapql newBlockCacheSize: 0.29999998
selfdapql newMemstoreSize: 0.5
memstore flush threshold: 200.0
----------------------------------------------------------
selfdapql AM_FILE_POINTER in begining: 1250090
selfdapql filelengh: 1814632
log_evicted_initial: 0
log_evicted_last: 0
log_evicted_count: 0
storeFileSize: 3.820862
selfdapql AM_FILE_POINTER in end: 1814632
selfdapql RS_FILE_POINTER in begining: 1347734
selfdapql rs_filelengh: 5233480
selfdapql blocking update blocking_updates_count: 60
selfdapql blocking update avg total_blocking_time: 45972.633
selfdapql RS_FILE_POINTER in end: 5233480
selfdapql DN_FILE_POINTER in begining: 172303
selfdapql dn_filelength: 233889
selfdapql total operation time: 431019.0
selfdapql total # operations: 9305
selfdapql dfs avg read time: 46.321224
selfdapql DN_FILE_POINTER in end: 233889
selfdapql newBlockCacheSize: 0.24999999
selfdapql newMemstoreSize: 0.55
memstore flush threshold: 200.0
----------------------------------------------------------
selfdapql AM_FILE_POINTER in begining: 1814632
selfdapql filelengh: 2513073
log_evicted_initial: 2140
log_evicted_last: 4895
log_evicted_count: 2755
storeFileSize: 5.327982
selfdapql AM_FILE_POINTER in end: 2513073
selfdapql RS_FILE_POINTER in begining: 5233480
selfdapql rs_filelengh: 11289950
selfdapql blocking update blocking_updates_count: 140
selfdapql blocking update avg total_blocking_time: 23709.55
selfdapql RS_FILE_POINTER in end: 11289950
selfdapql DN_FILE_POINTER in begining: 233889
selfdapql dn_filelength: 301432
selfdapql total operation time: 936364.0
selfdapql total # operations: 11470
selfdapql dfs avg read time: 81.63592
selfdapql DN_FILE_POINTER in end: 301432
memstore flush threshold: 200.0
----------------------------------------------------------
selfdapql AM_FILE_POINTER in begining: 2513073
selfdapql filelengh: 3112573
log_evicted_initial: 4895
log_evicted_last: 8272
log_evicted_count: 3377
storeFileSize: 6.6142898
selfdapql AM_FILE_POINTER in end: 3112573
selfdapql RS_FILE_POINTER in begining: 11289950
selfdapql rs_filelengh: 15690782
selfdapql blocking update blocking_updates_count: 80
selfdapql blocking update avg total_blocking_time: 30632.25
selfdapql RS_FILE_POINTER in end: 15690782
selfdapql DN_FILE_POINTER in begining: 301432
selfdapql dn_filelength: 339701
selfdapql total operation time: 827878.0
selfdapql total # operations: 6998
selfdapql dfs avg read time: 118.302086
selfdapql DN_FILE_POINTER in end: 339701
memstore flush threshold: 200.0
----------------------------------------------------------
selfdapql AM_FILE_POINTER in begining: 3112573
selfdapql filelengh: 3645618
log_evicted_initial: 8272
log_evicted_last: 13125
log_evicted_count: 4853
storeFileSize: 8.069114
selfdapql AM_FILE_POINTER in end: 3645618
selfdapql RS_FILE_POINTER in begining: 15690782
selfdapql rs_filelengh: 19915596
selfdapql blocking update blocking_updates_count: 40
selfdapql blocking update avg total_blocking_time: 61985.375
selfdapql RS_FILE_POINTER in end: 19915596
selfdapql DN_FILE_POINTER in begining: 339701
selfdapql dn_filelength: 407393
selfdapql total operation time: 756528.0
selfdapql total # operations: 9232
selfdapql dfs avg read time: 81.94627
selfdapql DN_FILE_POINTER in end: 407393
memstore flush threshold: 200.0
----------------------------------------------------------
selfdapql AM_FILE_POINTER in begining: 3645618
selfdapql filelengh: 4446280
log_evicted_initial: 13125
log_evicted_last: 13125
log_evicted_count: 0
storeFileSize: 8.95351
selfdapql AM_FILE_POINTER in end: 4446280
selfdapql RS_FILE_POINTER in begining: 19915596
selfdapql rs_filelengh: 23925380
selfdapql blocking update blocking_updates_count: 121
selfdapql blocking update avg total_blocking_time: 72918.19
selfdapql RS_FILE_POINTER in end: 23925380
selfdapql DN_FILE_POINTER in begining: 407393
selfdapql dn_filelength: 460362
selfdapql total operation time: 1149621.0
selfdapql total # operations: 6193
selfdapql dfs avg read time: 185.63232
selfdapql DN_FILE_POINTER in end: 460362
selfdapql newBlockCacheSize: 0.19999999
selfdapql newMemstoreSize: 0.6
memstore flush threshold: 200.0
----------------------------------------------------------
selfdapql AM_FILE_POINTER in begining: 4446280
selfdapql filelengh: 5013105
log_evicted_initial: 18882
log_evicted_last: 23516
log_evicted_count: 4634
storeFileSize: 9.972358
selfdapql AM_FILE_POINTER in end: 5013105
selfdapql RS_FILE_POINTER in begining: 23925380
selfdapql rs_filelengh: 27831071
selfdapql blocking update blocking_updates_count: 88
selfdapql blocking update avg total_blocking_time: 26831.488
selfdapql RS_FILE_POINTER in end: 27831071
selfdapql DN_FILE_POINTER in begining: 460362
selfdapql dn_filelength: 519282
selfdapql total operation time: 954046.0
selfdapql total # operations: 7967
selfdapql dfs avg read time: 119.74972
selfdapql DN_FILE_POINTER in end: 519282
memstore flush threshold: 200.0
----------------------------------------------------------
selfdapql AM_FILE_POINTER in begining: 5013105
selfdapql filelengh: 5579825
log_evicted_initial: 23516
log_evicted_last: 29691
log_evicted_count: 6175
storeFileSize: 11.007493
selfdapql AM_FILE_POINTER in end: 5579825
selfdapql RS_FILE_POINTER in begining: 27831071
selfdapql rs_filelengh: 31551623
selfdapql blocking update blocking_updates_count: 40
selfdapql blocking update avg total_blocking_time: 76516.15
selfdapql RS_FILE_POINTER in end: 31551623
selfdapql DN_FILE_POINTER in begining: 519282
selfdapql dn_filelength: 610406
selfdapql total operation time: 879614.0
selfdapql total # operations: 4781
selfdapql dfs avg read time: 183.98117
selfdapql DN_FILE_POINTER in end: 610406
memstore flush threshold: 200.0
----------------------------------------------------------
selfdapql AM_FILE_POINTER in begining: 5579825
selfdapql filelengh: 6347256
log_evicted_initial: 29691
log_evicted_last: 35781
log_evicted_count: 6090
storeFileSize: 11.276956
selfdapql AM_FILE_POINTER in end: 6347256
selfdapql RS_FILE_POINTER in begining: 31551623
selfdapql rs_filelengh: 32791930
selfdapql blocking update blocking_updates_count: 0
selfdapql blocking update avg total_blocking_time: 0.0
selfdapql RS_FILE_POINTER in end: 32791930
selfdapql DN_FILE_POINTER in begining: 610406
selfdapql dn_filelength: 672197
selfdapql total operation time: 33930.0
selfdapql total # operations: 1821
selfdapql dfs avg read time: 18.63262
selfdapql DN_FILE_POINTER in end: 672197
selfdapql newBlockCacheSize: 0.24999999
selfdapql newMemstoreSize: 0.55
memstore flush threshold: 200.0
----------------------------------------------------------
selfdapql AM_FILE_POINTER in begining: 6347256
selfdapql filelengh: 7415669
log_evicted_initial: 35781
log_evicted_last: 35781
log_evicted_count: 0
storeFileSize: 11.988782
selfdapql AM_FILE_POINTER in end: 7415669
selfdapql RS_FILE_POINTER in begining: 32791930
selfdapql rs_filelengh: 37972855
selfdapql blocking update blocking_updates_count: 76
selfdapql blocking update avg total_blocking_time: 416967.53
selfdapql RS_FILE_POINTER in end: 37972855
selfdapql DN_FILE_POINTER in begining: 672197
selfdapql dn_filelength: 736963
selfdapql total operation time: 1829387.0
selfdapql total # operations: 3727
selfdapql dfs avg read time: 490.84708
selfdapql DN_FILE_POINTER in end: 736963
selfdapql newBlockCacheSize: 0.19999999
selfdapql newMemstoreSize: 0.6
memstore flush threshold: 200.0
----------------------------------------------------------
selfdapql AM_FILE_POINTER in begining: 7415669
selfdapql filelengh: 8149509
log_evicted_initial: 35781
log_evicted_last: 49945
log_evicted_count: 14164
storeFileSize: 13.020888
selfdapql AM_FILE_POINTER in end: 8149509
selfdapql RS_FILE_POINTER in begining: 37972855
selfdapql rs_filelengh: 42010279
selfdapql blocking update blocking_updates_count: 79
selfdapql blocking update avg total_blocking_time: 45979.293
selfdapql RS_FILE_POINTER in end: 42010279
selfdapql DN_FILE_POINTER in begining: 736963
selfdapql dn_filelength: 792959
selfdapql total operation time: 1452536.0
selfdapql total # operations: 8762
selfdapql dfs avg read time: 165.77676
selfdapql DN_FILE_POINTER in end: 792959
memstore flush threshold: 200.0
----------------------------------------------------------
selfdapql AM_FILE_POINTER in begining: 8149509
selfdapql filelengh: 8849959
log_evicted_initial: 49945
log_evicted_last: 53031
log_evicted_count: 3086
storeFileSize: 13.785942
selfdapql AM_FILE_POINTER in end: 8849959
selfdapql RS_FILE_POINTER in begining: 42010279
selfdapql rs_filelengh: 45365073
selfdapql blocking update blocking_updates_count: 80
selfdapql blocking update avg total_blocking_time: 18486.475
selfdapql RS_FILE_POINTER in end: 45365073
selfdapql DN_FILE_POINTER in begining: 792959
selfdapql dn_filelength: 843116
selfdapql total operation time: 1275004.0
selfdapql total # operations: 6261
selfdapql dfs avg read time: 203.64223
selfdapql DN_FILE_POINTER in end: 843116
memstore flush threshold: 200.0
----------------------------------------------------------
selfdapql AM_FILE_POINTER in begining: 8849959
selfdapql filelengh: 8983293
log_evicted_initial: 53031
log_evicted_last: 54574
log_evicted_count: 1543
storeFileSize: 14.293675
selfdapql AM_FILE_POINTER in end: 8983293
selfdapql RS_FILE_POINTER in begining: 45365073
selfdapql rs_filelengh: 47183384
selfdapql blocking update blocking_updates_count: 20
selfdapql blocking update avg total_blocking_time: 95298.3
selfdapql RS_FILE_POINTER in end: 47183384
selfdapql DN_FILE_POINTER in begining: 843116
selfdapql dn_filelength: 898785
selfdapql total operation time: 477741.0
selfdapql total # operations: 2950
selfdapql dfs avg read time: 161.9461
selfdapql DN_FILE_POINTER in end: 898785
memstore flush threshold: 200.0
----------------------------------------------------------
selfdapql AM_FILE_POINTER in begining: 8983293
selfdapql filelengh: 10083302
log_evicted_initial: 56117
log_evicted_last: 63833
log_evicted_count: 7716
storeFileSize: 15.666113
selfdapql AM_FILE_POINTER in end: 10083302
selfdapql RS_FILE_POINTER in begining: 47183384
selfdapql rs_filelengh: 52259953
