threshold: 0.6
threshold: 500.0
----------------------------------------------------------
selfdapql AM_FILE_POINTER in begining: 0
selfdapql filelengh: 403101
log_evicted_initial: 0
log_evicted_last: 0
log_evicted_count: 0
storeFileSize: 0.30121282
selfdapql AM_FILE_POINTER in end: 403101
selfdapql RS_FILE_POINTER in begining: 0
selfdapql rs_filelengh: 1012541
selfdapql blocking update blocking_updates_count: 0
selfdapql blocking update avg total_blocking_time: 0.0
selfdapql RS_FILE_POINTER in end: 1012541
selfdapql DN_FILE_POINTER in begining: 0
selfdapql dn_filelength: 74578
selfdapql total operation time: 59757.0
selfdapql total # operations: 3770
selfdapql dfs avg read time: 15.850663
selfdapql DN_FILE_POINTER in end: 74578
selfdapql newBlockCacheSize: 0.6
selfdapql newMemstoreSize: 0.19999999
threshold: 0.6
threshold: 500.0
----------------------------------------------------------
selfdapql AM_FILE_POINTER in begining: 403101
selfdapql filelengh: 1000289
log_evicted_initial: 0
log_evicted_last: 5689
log_evicted_count: 5689
storeFileSize: 1.8985078
selfdapql AM_FILE_POINTER in end: 1000289
selfdapql RS_FILE_POINTER in begining: 1012541
selfdapql rs_filelengh: 7217567
selfdapql blocking update blocking_updates_count: 196
selfdapql blocking update avg total_blocking_time: 10737.337
selfdapql RS_FILE_POINTER in end: 7217567
selfdapql DN_FILE_POINTER in begining: 74578
selfdapql dn_filelength: 133129
selfdapql total operation time: 344717.0
selfdapql total # operations: 44567
selfdapql dfs avg read time: 7.7348037
selfdapql DN_FILE_POINTER in end: 133129
selfdapql newBlockCacheSize: 0.6
selfdapql newMemstoreSize: 0.19999999
threshold: 0.6
threshold: 500.0
----------------------------------------------------------
selfdapql AM_FILE_POINTER in begining: 1000289
selfdapql filelengh: 1599307
log_evicted_initial: 5689
log_evicted_last: 20953
log_evicted_count: 15264
storeFileSize: 3.392503
selfdapql AM_FILE_POINTER in end: 1599307
selfdapql RS_FILE_POINTER in begining: 7217567
selfdapql rs_filelengh: 14877408
selfdapql blocking update blocking_updates_count: 172
selfdapql blocking update avg total_blocking_time: 7129.622
selfdapql RS_FILE_POINTER in end: 14877408
selfdapql DN_FILE_POINTER in begining: 133129
selfdapql dn_filelength: 186016
selfdapql total operation time: 1004077.0
selfdapql total # operations: 46286
selfdapql dfs avg read time: 21.692888
selfdapql DN_FILE_POINTER in end: 186016
selfdapql newBlockCacheSize: 0.6
selfdapql newMemstoreSize: 0.19999999
threshold: 0.6
threshold: 500.0
----------------------------------------------------------
selfdapql AM_FILE_POINTER in begining: 1599307
selfdapql filelengh: 2199477
log_evicted_initial: 20953
log_evicted_last: 31015
log_evicted_count: 10062
storeFileSize: 3.9868948
selfdapql AM_FILE_POINTER in end: 2199477
selfdapql RS_FILE_POINTER in begining: 14877408
selfdapql rs_filelengh: 17812663
selfdapql blocking update blocking_updates_count: 63
selfdapql blocking update avg total_blocking_time: 42239.54
selfdapql RS_FILE_POINTER in end: 17812663
selfdapql DN_FILE_POINTER in begining: 186016
selfdapql dn_filelength: 236004
selfdapql total operation time: 1006133.0
selfdapql total # operations: 14827
selfdapql dfs avg read time: 67.85816
selfdapql DN_FILE_POINTER in end: 236004
selfdapql newBlockCacheSize: 0.6
selfdapql newMemstoreSize: 0.19999999
threshold: 0.6
threshold: 500.0
----------------------------------------------------------
selfdapql AM_FILE_POINTER in begining: 2199477
selfdapql filelengh: 2732727
log_evicted_initial: 31015
log_evicted_last: 48621
log_evicted_count: 17606
storeFileSize: 5.4600286
selfdapql AM_FILE_POINTER in end: 2732727
selfdapql RS_FILE_POINTER in begining: 17812663
selfdapql rs_filelengh: 25672458
selfdapql blocking update blocking_updates_count: 295
selfdapql blocking update avg total_blocking_time: 11526.027
selfdapql RS_FILE_POINTER in end: 25672458
selfdapql DN_FILE_POINTER in begining: 236004
selfdapql dn_filelength: 330002
selfdapql total operation time: 2260983.0
selfdapql total # operations: 46647
selfdapql dfs avg read time: 48.470062
selfdapql DN_FILE_POINTER in end: 330002
selfdapql newBlockCacheSize: 0.6
selfdapql newMemstoreSize: 0.19999999
threshold: 0.6
threshold: 500.0
----------------------------------------------------------
selfdapql AM_FILE_POINTER in begining: 2732727
selfdapql filelengh: 3799480
log_evicted_initial: 48621
log_evicted_last: 105100
log_evicted_count: 56479
storeFileSize: 6.8099318
selfdapql AM_FILE_POINTER in end: 3799480
selfdapql RS_FILE_POINTER in begining: 25672458
selfdapql rs_filelengh: 35173442
selfdapql blocking update blocking_updates_count: 177
selfdapql blocking update avg total_blocking_time: 31727.322
selfdapql RS_FILE_POINTER in end: 35173442
selfdapql DN_FILE_POINTER in begining: 330002
selfdapql dn_filelength: 418326
selfdapql total operation time: 3033821.0
selfdapql total # operations: 54181
selfdapql dfs avg read time: 55.994186
selfdapql DN_FILE_POINTER in end: 418326
selfdapql newBlockCacheSize: 0.6
selfdapql newMemstoreSize: 0.19999999
threshold: 0.6
threshold: 500.0
----------------------------------------------------------
selfdapql AM_FILE_POINTER in begining: 3799480
selfdapql filelengh: 4733008
log_evicted_initial: 109728
log_evicted_last: 181459
log_evicted_count: 71731
storeFileSize: 8.302573
selfdapql AM_FILE_POINTER in end: 4733008
selfdapql RS_FILE_POINTER in begining: 35173442
selfdapql rs_filelengh: 48583754
selfdapql blocking update blocking_updates_count: 93
selfdapql blocking update avg total_blocking_time: 3319.6235
selfdapql RS_FILE_POINTER in end: 48583754
selfdapql DN_FILE_POINTER in begining: 418326
selfdapql dn_filelength: 465530
selfdapql total operation time: 2347972.0
selfdapql total # operations: 77289
selfdapql dfs avg read time: 30.379122
selfdapql DN_FILE_POINTER in end: 465530
selfdapql newBlockCacheSize: 0.6
selfdapql newMemstoreSize: 0.19999999
threshold: 0.6
threshold: 500.0
----------------------------------------------------------
selfdapql AM_FILE_POINTER in begining: 4733008
selfdapql filelengh: 5333431
log_evicted_initial: 190716
log_evicted_last: 299454
log_evicted_count: 108738
storeFileSize: 10.33559
selfdapql AM_FILE_POINTER in end: 5333431
selfdapql RS_FILE_POINTER in begining: 48583754
selfdapql rs_filelengh: 67907640
selfdapql blocking update blocking_updates_count: 3
selfdapql blocking update avg total_blocking_time: 308.33334
selfdapql RS_FILE_POINTER in end: 67907640
selfdapql DN_FILE_POINTER in begining: 465530
selfdapql dn_filelength: 524545
selfdapql total operation time: 3400760.0
selfdapql total # operations: 120107
selfdapql dfs avg read time: 28.314419
selfdapql DN_FILE_POINTER in end: 524545
selfdapql newBlockCacheSize: 0.6
selfdapql newMemstoreSize: 0.19999999
threshold: 0.6
threshold: 500.0
----------------------------------------------------------
selfdapql AM_FILE_POINTER in begining: 5333431
selfdapql filelengh: 5933958
log_evicted_initial: 304082
log_evicted_last: 426046
log_evicted_count: 121964
storeFileSize: 12.181587
selfdapql AM_FILE_POINTER in end: 5933958
selfdapql RS_FILE_POINTER in begining: 67907640
selfdapql rs_filelengh: 88525536
selfdapql blocking update blocking_updates_count: 0
selfdapql blocking update avg total_blocking_time: 0.0
selfdapql RS_FILE_POINTER in end: 88525536
selfdapql DN_FILE_POINTER in begining: 524545
selfdapql dn_filelength: 577680
selfdapql total operation time: 2968523.0
selfdapql total # operations: 110042
selfdapql dfs avg read time: 26.976273
selfdapql DN_FILE_POINTER in end: 577680
selfdapql newBlockCacheSize: 0.6
selfdapql newMemstoreSize: 0.19999999
threshold: 0.6
threshold: 500.0
----------------------------------------------------------
selfdapql AM_FILE_POINTER in begining: 5933958
selfdapql filelengh: 6534708
log_evicted_initial: 430673
log_evicted_last: 546495
log_evicted_count: 115822
storeFileSize: 13.811594
selfdapql AM_FILE_POINTER in end: 6534708
selfdapql RS_FILE_POINTER in begining: 88525536
selfdapql rs_filelengh: 109493192
selfdapql blocking update blocking_updates_count: 0
selfdapql blocking update avg total_blocking_time: 0.0
selfdapql RS_FILE_POINTER in end: 109493192
selfdapql DN_FILE_POINTER in begining: 577680
selfdapql dn_filelength: 630876
selfdapql total operation time: 2971420.0
selfdapql total # operations: 112698
selfdapql dfs avg read time: 26.366219
selfdapql DN_FILE_POINTER in end: 630876
selfdapql newBlockCacheSize: 0.6
selfdapql newMemstoreSize: 0.19999999
