threshold: 0.75
threshold: 500.0
----------------------------------------------------------
selfdapql AM_FILE_POINTER in begining: 0
selfdapql filelengh: 403332
log_evicted_initial: 0
log_evicted_last: 0
log_evicted_count: 0
storeFileSize: 0.30116215
selfdapql AM_FILE_POINTER in end: 403332
selfdapql RS_FILE_POINTER in begining: 0
selfdapql rs_filelengh: 1120070
selfdapql blocking update blocking_updates_count: 0
selfdapql blocking update avg total_blocking_time: 0.0
selfdapql RS_FILE_POINTER in end: 1120070
selfdapql DN_FILE_POINTER in begining: 0
selfdapql dn_filelength: 77388
selfdapql total operation time: 33462.0
selfdapql total # operations: 6474
selfdapql dfs avg read time: 5.1686745
selfdapql DN_FILE_POINTER in end: 77388
selfdapql newBlockCacheSize: 0.75
selfdapql newMemstoreSize: 0.050000012
threshold: 0.75
threshold: 500.0
----------------------------------------------------------
selfdapql AM_FILE_POINTER in begining: 403332
selfdapql filelengh: 1000618
log_evicted_initial: 0
log_evicted_last: 13225
log_evicted_count: 13225
storeFileSize: 1.9478787
selfdapql AM_FILE_POINTER in end: 1000618
selfdapql RS_FILE_POINTER in begining: 1120070
selfdapql rs_filelengh: 8973716
selfdapql blocking update blocking_updates_count: 578
selfdapql blocking update avg total_blocking_time: 13343.043
selfdapql RS_FILE_POINTER in end: 8973716
selfdapql DN_FILE_POINTER in begining: 77388
selfdapql dn_filelength: 132906
selfdapql total operation time: 555239.0
selfdapql total # operations: 46972
selfdapql dfs avg read time: 11.820638
selfdapql DN_FILE_POINTER in end: 132906
selfdapql newBlockCacheSize: 0.75
selfdapql newMemstoreSize: 0.050000012
threshold: 0.75
threshold: 500.0
----------------------------------------------------------
selfdapql AM_FILE_POINTER in begining: 1000618
selfdapql filelengh: 1599196
log_evicted_initial: 13225
log_evicted_last: 40528
log_evicted_count: 27303
storeFileSize: 2.9588728
selfdapql AM_FILE_POINTER in end: 1599196
selfdapql RS_FILE_POINTER in begining: 8973716
selfdapql rs_filelengh: 17349668
selfdapql blocking update blocking_updates_count: 656
selfdapql blocking update avg total_blocking_time: 3952.5564
selfdapql RS_FILE_POINTER in end: 17349668
selfdapql DN_FILE_POINTER in begining: 132906
selfdapql dn_filelength: 185667
selfdapql total operation time: 1093407.0
selfdapql total # operations: 44646
selfdapql dfs avg read time: 24.490593
selfdapql DN_FILE_POINTER in end: 185667
selfdapql newBlockCacheSize: 0.75
selfdapql newMemstoreSize: 0.050000012
threshold: 0.75
threshold: 500.0
----------------------------------------------------------
selfdapql AM_FILE_POINTER in begining: 1599196
selfdapql filelengh: 2198338
log_evicted_initial: 40528
log_evicted_last: 69702
log_evicted_count: 29174
storeFileSize: 3.9369168
selfdapql AM_FILE_POINTER in end: 2198338
selfdapql RS_FILE_POINTER in begining: 17349668
selfdapql rs_filelengh: 25770034
selfdapql blocking update blocking_updates_count: 643
selfdapql blocking update avg total_blocking_time: 3982.4604
selfdapql RS_FILE_POINTER in end: 25770034
selfdapql DN_FILE_POINTER in begining: 185667
selfdapql dn_filelength: 238556
selfdapql total operation time: 1484557.0
selfdapql total # operations: 45520
selfdapql dfs avg read time: 32.613293
selfdapql DN_FILE_POINTER in end: 238556
selfdapql newBlockCacheSize: 0.75
selfdapql newMemstoreSize: 0.050000012
threshold: 0.75
threshold: 500.0
----------------------------------------------------------
selfdapql AM_FILE_POINTER in begining: 2198338
selfdapql filelengh: 2797804
log_evicted_initial: 69702
log_evicted_last: 94686
log_evicted_count: 24984
storeFileSize: 4.8772693
selfdapql AM_FILE_POINTER in end: 2797804
selfdapql RS_FILE_POINTER in begining: 25770034
selfdapql rs_filelengh: 34115738
selfdapql blocking update blocking_updates_count: 640
selfdapql blocking update avg total_blocking_time: 4096.0234
selfdapql RS_FILE_POINTER in end: 34115738
selfdapql DN_FILE_POINTER in begining: 238556
selfdapql dn_filelength: 291567
selfdapql total operation time: 1841502.0
selfdapql total # operations: 43943
selfdapql dfs avg read time: 41.906605
selfdapql DN_FILE_POINTER in end: 291567
selfdapql newBlockCacheSize: 0.75
selfdapql newMemstoreSize: 0.050000012
threshold: 0.75
threshold: 500.0
----------------------------------------------------------
selfdapql AM_FILE_POINTER in begining: 2797804
selfdapql filelengh: 3397822
log_evicted_initial: 94686
log_evicted_last: 120455
log_evicted_count: 25769
storeFileSize: 5.8379536
selfdapql AM_FILE_POINTER in end: 3397822
selfdapql RS_FILE_POINTER in begining: 34115738
selfdapql rs_filelengh: 42687222
selfdapql blocking update blocking_updates_count: 601
selfdapql blocking update avg total_blocking_time: 4428.371
selfdapql RS_FILE_POINTER in end: 42687222
selfdapql DN_FILE_POINTER in begining: 291567
selfdapql dn_filelength: 344621
selfdapql total operation time: 1916427.0
selfdapql total # operations: 40465
selfdapql dfs avg read time: 47.360115
selfdapql DN_FILE_POINTER in end: 344621
selfdapql newBlockCacheSize: 0.75
selfdapql newMemstoreSize: 0.050000012
threshold: 0.75
threshold: 500.0
----------------------------------------------------------
selfdapql AM_FILE_POINTER in begining: 3397822
selfdapql filelengh: 3998024
log_evicted_initial: 120455
log_evicted_last: 137334
log_evicted_count: 16879
storeFileSize: 6.8222995
selfdapql AM_FILE_POINTER in end: 3998024
selfdapql RS_FILE_POINTER in begining: 42687222
selfdapql rs_filelengh: 51798580
selfdapql blocking update blocking_updates_count: 641
selfdapql blocking update avg total_blocking_time: 4235.351
selfdapql RS_FILE_POINTER in end: 51798580
selfdapql DN_FILE_POINTER in begining: 344621
selfdapql dn_filelength: 397724
selfdapql total operation time: 1912250.0
selfdapql total # operations: 38579
selfdapql dfs avg read time: 49.567123
selfdapql DN_FILE_POINTER in end: 397724
selfdapql newBlockCacheSize: 0.75
selfdapql newMemstoreSize: 0.050000012
threshold: 0.75
threshold: 500.0
----------------------------------------------------------
selfdapql AM_FILE_POINTER in begining: 3998024
selfdapql filelengh: 4598559
log_evicted_initial: 137334
log_evicted_last: 158846
log_evicted_count: 21512
storeFileSize: 7.680468
selfdapql AM_FILE_POINTER in end: 4598559
selfdapql RS_FILE_POINTER in begining: 51798580
selfdapql rs_filelengh: 59624019
selfdapql blocking update blocking_updates_count: 561
selfdapql blocking update avg total_blocking_time: 4443.016
selfdapql RS_FILE_POINTER in end: 59624019
selfdapql DN_FILE_POINTER in begining: 397724
selfdapql dn_filelength: 450750
selfdapql total operation time: 1949808.0
selfdapql total # operations: 34001
selfdapql dfs avg read time: 57.345608
selfdapql DN_FILE_POINTER in end: 450750
selfdapql newBlockCacheSize: 0.75
selfdapql newMemstoreSize: 0.050000012
threshold: 0.75
threshold: 500.0
----------------------------------------------------------
selfdapql AM_FILE_POINTER in begining: 4598559
selfdapql filelengh: 5199159
log_evicted_initial: 158846
log_evicted_last: 208752
log_evicted_count: 49906
storeFileSize: 8.707245
selfdapql AM_FILE_POINTER in end: 5199159
selfdapql RS_FILE_POINTER in begining: 59624019
selfdapql rs_filelengh: 70673912
selfdapql blocking update blocking_updates_count: 698
selfdapql blocking update avg total_blocking_time: 3989.7234
selfdapql RS_FILE_POINTER in end: 70673912
selfdapql DN_FILE_POINTER in begining: 450750
selfdapql dn_filelength: 503888
selfdapql total operation time: 2144347.0
selfdapql total # operations: 46283
selfdapql dfs avg read time: 46.3312
selfdapql DN_FILE_POINTER in end: 503888
selfdapql newBlockCacheSize: 0.75
selfdapql newMemstoreSize: 0.050000012
threshold: 0.75
threshold: 500.0
----------------------------------------------------------
selfdapql AM_FILE_POINTER in begining: 5199159
selfdapql filelengh: 5799911
log_evicted_initial: 213264
log_evicted_last: 260997
log_evicted_count: 47733
storeFileSize: 9.803288
selfdapql AM_FILE_POINTER in end: 5799911
selfdapql RS_FILE_POINTER in begining: 70673912
selfdapql rs_filelengh: 82688703
selfdapql blocking update blocking_updates_count: 697
selfdapql blocking update avg total_blocking_time: 4291.8735
selfdapql RS_FILE_POINTER in end: 82688703
selfdapql DN_FILE_POINTER in begining: 503888
selfdapql dn_filelength: 559932
selfdapql total operation time: 2353803.0
selfdapql total # operations: 56676
selfdapql dfs avg read time: 41.53086
selfdapql DN_FILE_POINTER in end: 559932
selfdapql newBlockCacheSize: 0.75
selfdapql newMemstoreSize: 0.050000012
threshold: 0.75
threshold: 500.0
----------------------------------------------------------
selfdapql AM_FILE_POINTER in begining: 5799911
selfdapql filelengh: 6400768
log_evicted_initial: 266779
log_evicted_last: 325023
log_evicted_count: 58244
storeFileSize: 10.939461
selfdapql AM_FILE_POINTER in end: 6400768
selfdapql RS_FILE_POINTER in begining: 82688703
selfdapql rs_filelengh: 95816577
selfdapql blocking update blocking_updates_count: 671
selfdapql blocking update avg total_blocking_time: 4452.377
selfdapql RS_FILE_POINTER in end: 95816577
selfdapql DN_FILE_POINTER in begining: 559932
selfdapql dn_filelength: 613097
selfdapql total operation time: 2478164.0
selfdapql total # operations: 62554
selfdapql dfs avg read time: 39.616394
selfdapql DN_FILE_POINTER in end: 613097
selfdapql newBlockCacheSize: 0.75
selfdapql newMemstoreSize: 0.050000012
threshold: 0.75
threshold: 500.0
----------------------------------------------------------
selfdapql AM_FILE_POINTER in begining: 6400768
selfdapql filelengh: 7001568
log_evicted_initial: 334182
log_evicted_last: 391423
log_evicted_count: 57241
storeFileSize: 11.959153
selfdapql AM_FILE_POINTER in end: 7001568
selfdapql RS_FILE_POINTER in begining: 95816577
selfdapql rs_filelengh: 109097312
selfdapql blocking update blocking_updates_count: 681
selfdapql blocking update avg total_blocking_time: 4356.0366
selfdapql RS_FILE_POINTER in end: 109097312
selfdapql DN_FILE_POINTER in begining: 613097
selfdapql dn_filelength: 666175
selfdapql total operation time: 2256388.0
selfdapql total # operations: 60172
selfdapql dfs avg read time: 37.49897
selfdapql DN_FILE_POINTER in end: 666175
selfdapql newBlockCacheSize: 0.75
selfdapql newMemstoreSize: 0.050000012
threshold: 0.75
threshold: 500.0
----------------------------------------------------------
selfdapql AM_FILE_POINTER in begining: 7001568
selfdapql filelengh: 7602328
log_evicted_initial: 397203
log_evicted_last: 456404
log_evicted_count: 59201
storeFileSize: 12.985896
selfdapql AM_FILE_POINTER in end: 7602328
selfdapql RS_FILE_POINTER in begining: 109097312
selfdapql rs_filelengh: 123350979
selfdapql blocking update blocking_updates_count: 680
selfdapql blocking update avg total_blocking_time: 4364.225
selfdapql RS_FILE_POINTER in end: 123350979
selfdapql DN_FILE_POINTER in begining: 666175
selfdapql dn_filelength: 719262
selfdapql total operation time: 2167172.0
selfdapql total # operations: 64453
selfdapql dfs avg read time: 33.624065
selfdapql DN_FILE_POINTER in end: 719262
selfdapql newBlockCacheSize: 0.75
selfdapql newMemstoreSize: 0.050000012
threshold: 0.75
threshold: 500.0
----------------------------------------------------------
selfdapql AM_FILE_POINTER in begining: 7602328
selfdapql filelengh: 8203137
log_evicted_initial: 462184
log_evicted_last: 523197
log_evicted_count: 61013
storeFileSize: 13.989067
selfdapql AM_FILE_POINTER in end: 8203137
selfdapql RS_FILE_POINTER in begining: 123350979
selfdapql rs_filelengh: 137199787
selfdapql blocking update blocking_updates_count: 619
selfdapql blocking update avg total_blocking_time: 4909.659
selfdapql RS_FILE_POINTER in end: 137199787
selfdapql DN_FILE_POINTER in begining: 719262
selfdapql dn_filelength: 772369
selfdapql total operation time: 2153005.0
selfdapql total # operations: 61543
selfdapql dfs avg read time: 34.98375
selfdapql DN_FILE_POINTER in end: 772369
selfdapql newBlockCacheSize: 0.75
selfdapql newMemstoreSize: 0.050000012
threshold: 0.75
threshold: 500.0
----------------------------------------------------------
selfdapql AM_FILE_POINTER in begining: 8203137
selfdapql filelengh: 8803906
log_evicted_initial: 528978
log_evicted_last: 598395
log_evicted_count: 69417
storeFileSize: 15.01549
selfdapql AM_FILE_POINTER in end: 8803906
selfdapql RS_FILE_POINTER in begining: 137199787
selfdapql rs_filelengh: 152109275
selfdapql blocking update blocking_updates_count: 697
selfdapql blocking update avg total_blocking_time: 4128.32
selfdapql RS_FILE_POINTER in end: 152109275
selfdapql DN_FILE_POINTER in begining: 772369
selfdapql dn_filelength: 825584
selfdapql total operation time: 2124653.0
selfdapql total # operations: 66354
selfdapql dfs avg read time: 32.01997
selfdapql DN_FILE_POINTER in end: 825584
selfdapql newBlockCacheSize: 0.75
selfdapql newMemstoreSize: 0.050000012
