threshold: 700.0
threshold: 20000.0
----------------------------------------------------------
selfdapql AM_FILE_POINTER in begining: 0
selfdapql filelengh: 226712
log_evicted_initial: 0
log_evicted_last: 4
log_evicted_count: 4
storeFileSize: 2.169609E-5
selfdapql AM_FILE_POINTER in end: 226712
selfdapql RS_FILE_POINTER in begining: 0
selfdapql rs_filelengh: 255781
selfdapql blocking update blocking_updates_count: 0
selfdapql blocking update avg total_blocking_time: 0.0
selfdapql RS_FILE_POINTER in end: 255781
selfdapql DN_FILE_POINTER in begining: 0
selfdapql dn_filelength: 62579
selfdapql total operation time: 150.0
selfdapql total # operations: 23
selfdapql dfs avg read time: 6.521739
selfdapql DN_FILE_POINTER in end: 62579
selfdapql newBlockCacheSize: 0.45000002
selfdapql newMemstoreSize: 0.35
threshold: 700.0
threshold: 20000.0
----------------------------------------------------------
selfdapql AM_FILE_POINTER in begining: 226712
selfdapql filelengh: 447674
log_evicted_initial: 4
log_evicted_last: 6
log_evicted_count: 2
storeFileSize: 2.169609E-5
selfdapql AM_FILE_POINTER in end: 447674
selfdapql RS_FILE_POINTER in begining: 255781
selfdapql rs_filelengh: 260888
selfdapql blocking update blocking_updates_count: 0
selfdapql blocking update avg total_blocking_time: 0.0
selfdapql RS_FILE_POINTER in end: 260888
selfdapql DN_FILE_POINTER in begining: 62579
selfdapql dn_filelength: 114016
selfdapql total operation time: 3.0
selfdapql total # operations: 2
selfdapql dfs avg read time: 1.5
selfdapql DN_FILE_POINTER in end: 114016
selfdapql newBlockCacheSize: 0.5
selfdapql newMemstoreSize: 0.29999998
threshold: 700.0
threshold: 20000.0
----------------------------------------------------------
selfdapql AM_FILE_POINTER in begining: 447674
selfdapql filelengh: 668447
log_evicted_initial: 6
log_evicted_last: 6
log_evicted_count: 0
storeFileSize: 2.169609E-5
selfdapql AM_FILE_POINTER in end: 668447
selfdapql RS_FILE_POINTER in begining: 260888
selfdapql rs_filelengh: 261103
selfdapql blocking update blocking_updates_count: 0
selfdapql blocking update avg total_blocking_time: 0.0
selfdapql RS_FILE_POINTER in end: 261103
selfdapql DN_FILE_POINTER in begining: 114016
selfdapql dn_filelength: 165591
selfdapql total operation time: 0.0
selfdapql total # operations: 0
selfdapql dfs avg read time: 0.0
selfdapql DN_FILE_POINTER in end: 165591
threshold: 700.0
threshold: 20000.0
----------------------------------------------------------
selfdapql AM_FILE_POINTER in begining: 668447
selfdapql filelengh: 889345
log_evicted_initial: 6
log_evicted_last: 6
log_evicted_count: 0
storeFileSize: 2.169609E-5
selfdapql AM_FILE_POINTER in end: 889345
selfdapql RS_FILE_POINTER in begining: 261103
selfdapql rs_filelengh: 265995
selfdapql blocking update blocking_updates_count: 0
selfdapql blocking update avg total_blocking_time: 0.0
selfdapql RS_FILE_POINTER in end: 265995
selfdapql DN_FILE_POINTER in begining: 165591
selfdapql dn_filelength: 217182
selfdapql total operation time: 3.0
selfdapql total # operations: 2
selfdapql dfs avg read time: 1.5
selfdapql DN_FILE_POINTER in end: 217182
threshold: 700.0
threshold: 20000.0
----------------------------------------------------------
selfdapql AM_FILE_POINTER in begining: 889345
selfdapql filelengh: 1110394
log_evicted_initial: 6
log_evicted_last: 6
log_evicted_count: 0
storeFileSize: 2.169609E-5
selfdapql AM_FILE_POINTER in end: 1110394
selfdapql RS_FILE_POINTER in begining: 265995
selfdapql rs_filelengh: 266278
selfdapql blocking update blocking_updates_count: 0
selfdapql blocking update avg total_blocking_time: 0.0
selfdapql RS_FILE_POINTER in end: 266278
selfdapql DN_FILE_POINTER in begining: 217182
selfdapql dn_filelength: 268773
selfdapql total operation time: 0.0
selfdapql total # operations: 0
selfdapql dfs avg read time: 0.0
selfdapql DN_FILE_POINTER in end: 268773
threshold: 700.0
threshold: 20000.0
----------------------------------------------------------
selfdapql AM_FILE_POINTER in begining: 1110394
selfdapql filelengh: 1331737
log_evicted_initial: 6
log_evicted_last: 6
log_evicted_count: 0
storeFileSize: 2.169609E-5
selfdapql AM_FILE_POINTER in end: 1331737
selfdapql RS_FILE_POINTER in begining: 266278
selfdapql rs_filelengh: 270887
selfdapql blocking update blocking_updates_count: 0
selfdapql blocking update avg total_blocking_time: 0.0
selfdapql RS_FILE_POINTER in end: 270887
selfdapql DN_FILE_POINTER in begining: 268773
selfdapql dn_filelength: 320461
selfdapql total operation time: 0.0
selfdapql total # operations: 0
selfdapql dfs avg read time: 0.0
selfdapql DN_FILE_POINTER in end: 320461
threshold: 700.0
threshold: 20000.0
----------------------------------------------------------
selfdapql AM_FILE_POINTER in begining: 1331737
selfdapql filelengh: 1552675
log_evicted_initial: 6
log_evicted_last: 6
log_evicted_count: 0
storeFileSize: 2.169609E-5
selfdapql AM_FILE_POINTER in end: 1552675
selfdapql RS_FILE_POINTER in begining: 270887
selfdapql rs_filelengh: 275779
selfdapql blocking update blocking_updates_count: 0
selfdapql blocking update avg total_blocking_time: 0.0
selfdapql RS_FILE_POINTER in end: 275779
selfdapql DN_FILE_POINTER in begining: 320461
selfdapql dn_filelength: 372208
selfdapql total operation time: 3.0
selfdapql total # operations: 2
selfdapql dfs avg read time: 1.5
selfdapql DN_FILE_POINTER in end: 372208
threshold: 700.0
threshold: 20000.0
----------------------------------------------------------
selfdapql AM_FILE_POINTER in begining: 1552675
selfdapql filelengh: 1772981
log_evicted_initial: 6
log_evicted_last: 6
log_evicted_count: 0
storeFileSize: 2.169609E-5
selfdapql AM_FILE_POINTER in end: 1772981
selfdapql RS_FILE_POINTER in begining: 275779
selfdapql rs_filelengh: 275779
selfdapql blocking update blocking_updates_count: 0
selfdapql blocking update avg total_blocking_time: 0.0
selfdapql RS_FILE_POINTER in end: 275779
selfdapql DN_FILE_POINTER in begining: 372208
selfdapql dn_filelength: 423856
selfdapql total operation time: 0.0
selfdapql total # operations: 0
selfdapql dfs avg read time: 0.0
selfdapql DN_FILE_POINTER in end: 423856
threshold: 700.0
threshold: 20000.0
----------------------------------------------------------
selfdapql AM_FILE_POINTER in begining: 1772981
selfdapql filelengh: 1993027
log_evicted_initial: 6
log_evicted_last: 6
log_evicted_count: 0
storeFileSize: 2.169609E-5
selfdapql AM_FILE_POINTER in end: 1993027
selfdapql RS_FILE_POINTER in begining: 275779
selfdapql rs_filelengh: 280675
selfdapql blocking update blocking_updates_count: 0
selfdapql blocking update avg total_blocking_time: 0.0
selfdapql RS_FILE_POINTER in end: 280675
selfdapql DN_FILE_POINTER in begining: 423856
selfdapql dn_filelength: 475523
selfdapql total operation time: 5.0
selfdapql total # operations: 2
selfdapql dfs avg read time: 2.5
selfdapql DN_FILE_POINTER in end: 475523
threshold: 700.0
threshold: 20000.0
----------------------------------------------------------
selfdapql AM_FILE_POINTER in begining: 1993027
selfdapql filelengh: 2213286
log_evicted_initial: 6
log_evicted_last: 6
log_evicted_count: 0
storeFileSize: 2.169609E-5
selfdapql AM_FILE_POINTER in end: 2213286
selfdapql RS_FILE_POINTER in begining: 280675
selfdapql rs_filelengh: 280958
selfdapql blocking update blocking_updates_count: 0
selfdapql blocking update avg total_blocking_time: 0.0
selfdapql RS_FILE_POINTER in end: 280958
selfdapql DN_FILE_POINTER in begining: 475523
selfdapql dn_filelength: 527183
selfdapql total operation time: 0.0
selfdapql total # operations: 0
selfdapql dfs avg read time: 0.0
selfdapql DN_FILE_POINTER in end: 527183
threshold: 700.0
threshold: 20000.0
----------------------------------------------------------
selfdapql AM_FILE_POINTER in begining: 2213286
selfdapql filelengh: 2433760
log_evicted_initial: 6
log_evicted_last: 6
log_evicted_count: 0
storeFileSize: 2.169609E-5
selfdapql AM_FILE_POINTER in end: 2433760
selfdapql RS_FILE_POINTER in begining: 280958
selfdapql rs_filelengh: 285571
selfdapql blocking update blocking_updates_count: 0
selfdapql blocking update avg total_blocking_time: 0.0
selfdapql RS_FILE_POINTER in end: 285571
selfdapql DN_FILE_POINTER in begining: 527183
selfdapql dn_filelength: 578911
selfdapql total operation time: 0.0
selfdapql total # operations: 0
selfdapql dfs avg read time: 0.0
selfdapql DN_FILE_POINTER in end: 578911
