----------------------------------------------------------
selfdapql AM_FILE_POINTER in begining: 0
selfdapql filelengh: 226934
log_evicted_initial: 0
log_evicted_last: 2
log_evicted_count: 2
storeFileSize: 2.2613443E-5
selfdapql AM_FILE_POINTER in end: 226934
selfdapql RS_FILE_POINTER in begining: 0
selfdapql rs_filelengh: 301122
selfdapql blocking update blocking_updates_count: 0
selfdapql blocking update avg total_blocking_time: 0.0
selfdapql RS_FILE_POINTER in end: 301122
selfdapql DN_FILE_POINTER in begining: 0
selfdapql dn_filelength: 65359
selfdapql total operation time: 164.0
selfdapql total # operations: 28
selfdapql dfs avg read time: 5.857143
selfdapql DN_FILE_POINTER in end: 65359
selfdapql newBlockCacheSize: 0.45000002
selfdapql newMemstoreSize: 0.35
----------------------------------------------------------
selfdapql AM_FILE_POINTER in begining: 226934
selfdapql filelengh: 447773
log_evicted_initial: 2
log_evicted_last: 4
log_evicted_count: 2
storeFileSize: 2.2613443E-5
selfdapql AM_FILE_POINTER in end: 447773
selfdapql RS_FILE_POINTER in begining: 301122
selfdapql rs_filelengh: 306224
selfdapql blocking update blocking_updates_count: 0
selfdapql blocking update avg total_blocking_time: 0.0
selfdapql RS_FILE_POINTER in end: 306224
selfdapql DN_FILE_POINTER in begining: 65359
selfdapql dn_filelength: 119734
selfdapql total operation time: 13.0
selfdapql total # operations: 2
selfdapql dfs avg read time: 6.5
selfdapql DN_FILE_POINTER in end: 119734
selfdapql newBlockCacheSize: 0.5
selfdapql newMemstoreSize: 0.29999998
----------------------------------------------------------
selfdapql AM_FILE_POINTER in begining: 447773
selfdapql filelengh: 668363
log_evicted_initial: 4
log_evicted_last: 4
log_evicted_count: 0
storeFileSize: 2.2613443E-5
selfdapql AM_FILE_POINTER in end: 668363
selfdapql RS_FILE_POINTER in begining: 306224
selfdapql rs_filelengh: 306439
selfdapql blocking update blocking_updates_count: 0
selfdapql blocking update avg total_blocking_time: 0.0
selfdapql RS_FILE_POINTER in end: 306439
selfdapql DN_FILE_POINTER in begining: 119734
selfdapql dn_filelength: 174153
selfdapql total operation time: 0.0
selfdapql total # operations: 0
selfdapql dfs avg read time: 0.0
selfdapql DN_FILE_POINTER in end: 174153
----------------------------------------------------------
selfdapql AM_FILE_POINTER in begining: 668363
selfdapql filelengh: 889275
log_evicted_initial: 4
log_evicted_last: 4
log_evicted_count: 0
storeFileSize: 2.2613443E-5
selfdapql AM_FILE_POINTER in end: 889275
selfdapql RS_FILE_POINTER in begining: 306439
selfdapql rs_filelengh: 311326
selfdapql blocking update blocking_updates_count: 0
selfdapql blocking update avg total_blocking_time: 0.0
selfdapql RS_FILE_POINTER in end: 311326
selfdapql DN_FILE_POINTER in begining: 174153
selfdapql dn_filelength: 228568
selfdapql total operation time: 4.0
selfdapql total # operations: 2
selfdapql dfs avg read time: 2.0
selfdapql DN_FILE_POINTER in end: 228568
----------------------------------------------------------
selfdapql AM_FILE_POINTER in begining: 889275
selfdapql filelengh: 1110315
log_evicted_initial: 4
log_evicted_last: 4
log_evicted_count: 0
storeFileSize: 2.2613443E-5
selfdapql AM_FILE_POINTER in end: 1110315
selfdapql RS_FILE_POINTER in begining: 311326
selfdapql rs_filelengh: 311605
selfdapql blocking update blocking_updates_count: 0
selfdapql blocking update avg total_blocking_time: 0.0
selfdapql RS_FILE_POINTER in end: 311605
selfdapql DN_FILE_POINTER in begining: 228568
selfdapql dn_filelength: 283008
selfdapql total operation time: 0.0
selfdapql total # operations: 0
selfdapql dfs avg read time: 0.0
selfdapql DN_FILE_POINTER in end: 283008
----------------------------------------------------------
selfdapql AM_FILE_POINTER in begining: 1110315
selfdapql filelengh: 1330867
log_evicted_initial: 4
log_evicted_last: 4
log_evicted_count: 0
storeFileSize: 2.2613443E-5
selfdapql AM_FILE_POINTER in end: 1330867
selfdapql RS_FILE_POINTER in begining: 311605
selfdapql rs_filelengh: 316213
selfdapql blocking update blocking_updates_count: 0
selfdapql blocking update avg total_blocking_time: 0.0
selfdapql RS_FILE_POINTER in end: 316213
selfdapql DN_FILE_POINTER in begining: 283008
selfdapql dn_filelength: 337458
selfdapql total operation time: 0.0
selfdapql total # operations: 0
selfdapql dfs avg read time: 0.0
selfdapql DN_FILE_POINTER in end: 337458
----------------------------------------------------------
selfdapql AM_FILE_POINTER in begining: 1330867
selfdapql filelengh: 1551523
log_evicted_initial: 4
log_evicted_last: 4
log_evicted_count: 0
storeFileSize: 2.2613443E-5
selfdapql AM_FILE_POINTER in end: 1551523
selfdapql RS_FILE_POINTER in begining: 316213
selfdapql rs_filelengh: 321100
selfdapql blocking update blocking_updates_count: 0
selfdapql blocking update avg total_blocking_time: 0.0
selfdapql RS_FILE_POINTER in end: 321100
selfdapql DN_FILE_POINTER in begining: 337458
selfdapql dn_filelength: 391904
selfdapql total operation time: 12.0
selfdapql total # operations: 2
selfdapql dfs avg read time: 6.0
selfdapql DN_FILE_POINTER in end: 391904
----------------------------------------------------------
selfdapql AM_FILE_POINTER in begining: 1551523
selfdapql filelengh: 1772445
log_evicted_initial: 4
log_evicted_last: 4
log_evicted_count: 0
storeFileSize: 2.2613443E-5
selfdapql AM_FILE_POINTER in end: 1772445
selfdapql RS_FILE_POINTER in begining: 321100
selfdapql rs_filelengh: 321100
selfdapql blocking update blocking_updates_count: 0
selfdapql blocking update avg total_blocking_time: 0.0
selfdapql RS_FILE_POINTER in end: 321100
selfdapql DN_FILE_POINTER in begining: 391904
selfdapql dn_filelength: 446432
selfdapql total operation time: 0.0
selfdapql total # operations: 0
selfdapql dfs avg read time: 0.0
selfdapql DN_FILE_POINTER in end: 446432
----------------------------------------------------------
selfdapql AM_FILE_POINTER in begining: 1772445
selfdapql filelengh: 1993835
log_evicted_initial: 4
log_evicted_last: 4
log_evicted_count: 0
storeFileSize: 2.2613443E-5
selfdapql AM_FILE_POINTER in end: 1993835
selfdapql RS_FILE_POINTER in begining: 321100
selfdapql rs_filelengh: 325991
selfdapql blocking update blocking_updates_count: 0
selfdapql blocking update avg total_blocking_time: 0.0
selfdapql RS_FILE_POINTER in end: 325991
selfdapql DN_FILE_POINTER in begining: 446432
selfdapql dn_filelength: 501026
selfdapql total operation time: 4.0
selfdapql total # operations: 2
selfdapql dfs avg read time: 2.0
selfdapql DN_FILE_POINTER in end: 501026
----------------------------------------------------------
selfdapql AM_FILE_POINTER in begining: 1993835
selfdapql filelengh: 2215638
log_evicted_initial: 4
log_evicted_last: 4
log_evicted_count: 0
storeFileSize: 2.2613443E-5
selfdapql AM_FILE_POINTER in end: 2215638
selfdapql RS_FILE_POINTER in begining: 325991
selfdapql rs_filelengh: 326270
selfdapql blocking update blocking_updates_count: 0
selfdapql blocking update avg total_blocking_time: 0.0
selfdapql RS_FILE_POINTER in end: 326270
selfdapql DN_FILE_POINTER in begining: 501026
selfdapql dn_filelength: 555498
selfdapql total operation time: 0.0
selfdapql total # operations: 0
selfdapql dfs avg read time: 0.0
selfdapql DN_FILE_POINTER in end: 555498
