----------------------------------------------------------
selfdapql AM_FILE_POINTER in begining: 0
selfdapql filelengh: 398017
log_evicted_initial: 0
log_evicted_last: 0
log_evicted_count: 0
storeFileSize: 0.0
selfdapql AM_FILE_POINTER in end: 398017
selfdapql RS_FILE_POINTER in begining: 0
selfdapql rs_filelengh: 354795
selfdapql blocking update blocking_updates_count: 0
selfdapql blocking update avg total_blocking_time: 0.0
selfdapql RS_FILE_POINTER in end: 354795
selfdapql DN_FILE_POINTER in begining: 0
selfdapql dn_filelength: 74210
selfdapql total operation time: 23559.0
selfdapql total # operations: 154
selfdapql dfs avg read time: 152.98051
selfdapql DN_FILE_POINTER in end: 74210
----------------------------------------------------------
selfdapql AM_FILE_POINTER in begining: 398017
selfdapql filelengh: 992046
log_evicted_initial: 0
log_evicted_last: 0
log_evicted_count: 0
storeFileSize: 0.0
selfdapql AM_FILE_POINTER in end: 992046
selfdapql RS_FILE_POINTER in begining: 354795
selfdapql rs_filelengh: 356068
selfdapql blocking update blocking_updates_count: 0
selfdapql blocking update avg total_blocking_time: 0.0
selfdapql RS_FILE_POINTER in end: 356068
selfdapql DN_FILE_POINTER in begining: 74210
selfdapql dn_filelength: 125700
selfdapql total operation time: 0.0
selfdapql total # operations: 0
selfdapql dfs avg read time: 0.0
selfdapql DN_FILE_POINTER in end: 125700
----------------------------------------------------------
selfdapql AM_FILE_POINTER in begining: 992046
selfdapql filelengh: 1586436
log_evicted_initial: 0
log_evicted_last: 0
log_evicted_count: 0
storeFileSize: 0.0
selfdapql AM_FILE_POINTER in end: 1586436
selfdapql RS_FILE_POINTER in begining: 356068
selfdapql rs_filelengh: 356744
selfdapql blocking update blocking_updates_count: 0
selfdapql blocking update avg total_blocking_time: 0.0
selfdapql RS_FILE_POINTER in end: 356744
selfdapql DN_FILE_POINTER in begining: 125700
selfdapql dn_filelength: 177271
selfdapql total operation time: 0.0
selfdapql total # operations: 0
selfdapql dfs avg read time: 0.0
selfdapql DN_FILE_POINTER in end: 177271
----------------------------------------------------------
selfdapql AM_FILE_POINTER in begining: 1586436
selfdapql filelengh: 2181535
log_evicted_initial: 0
log_evicted_last: 0
log_evicted_count: 0
storeFileSize: 0.40826094
selfdapql AM_FILE_POINTER in end: 2181535
selfdapql RS_FILE_POINTER in begining: 356744
selfdapql rs_filelengh: 2637199
selfdapql blocking update blocking_updates_count: 0
selfdapql blocking update avg total_blocking_time: 0.0
selfdapql RS_FILE_POINTER in end: 2637199
selfdapql DN_FILE_POINTER in begining: 177271
selfdapql dn_filelength: 231796
selfdapql total operation time: 11150.0
selfdapql total # operations: 17729
selfdapql dfs avg read time: 0.6289131
selfdapql DN_FILE_POINTER in end: 231796
----------------------------------------------------------
selfdapql AM_FILE_POINTER in begining: 2181535
selfdapql filelengh: 2777829
log_evicted_initial: 0
log_evicted_last: 0
log_evicted_count: 0
storeFileSize: 0.54807895
selfdapql AM_FILE_POINTER in end: 2777829
selfdapql RS_FILE_POINTER in begining: 2637199
selfdapql rs_filelengh: 2918967
selfdapql blocking update blocking_updates_count: 0
selfdapql blocking update avg total_blocking_time: 0.0
selfdapql RS_FILE_POINTER in end: 2918967
selfdapql DN_FILE_POINTER in begining: 231796
selfdapql dn_filelength: 280895
selfdapql total operation time: 21.0
selfdapql total # operations: 34
selfdapql dfs avg read time: 0.61764705
selfdapql DN_FILE_POINTER in end: 280895
----------------------------------------------------------
selfdapql AM_FILE_POINTER in begining: 2777829
selfdapql filelengh: 3374540
log_evicted_initial: 0
log_evicted_last: 0
log_evicted_count: 0
storeFileSize: 0.54807895
selfdapql AM_FILE_POINTER in end: 3374540
selfdapql RS_FILE_POINTER in begining: 2918967
selfdapql rs_filelengh: 2919981
selfdapql blocking update blocking_updates_count: 0
selfdapql blocking update avg total_blocking_time: 0.0
selfdapql RS_FILE_POINTER in end: 2919981
selfdapql DN_FILE_POINTER in begining: 280895
selfdapql dn_filelength: 332916
selfdapql total operation time: 0.0
selfdapql total # operations: 0
selfdapql dfs avg read time: 0.0
selfdapql DN_FILE_POINTER in end: 332916
----------------------------------------------------------
selfdapql AM_FILE_POINTER in begining: 3374540
selfdapql filelengh: 3971044
log_evicted_initial: 0
log_evicted_last: 0
log_evicted_count: 0
storeFileSize: 0.6768253
selfdapql AM_FILE_POINTER in end: 3971044
selfdapql RS_FILE_POINTER in begining: 2919981
selfdapql rs_filelengh: 3524676
selfdapql blocking update blocking_updates_count: 0
selfdapql blocking update avg total_blocking_time: 0.0
selfdapql RS_FILE_POINTER in end: 3524676
selfdapql DN_FILE_POINTER in begining: 332916
selfdapql dn_filelength: 387923
selfdapql total operation time: 1815.0
selfdapql total # operations: 4562
selfdapql dfs avg read time: 0.39785182
selfdapql DN_FILE_POINTER in end: 387923
----------------------------------------------------------
selfdapql AM_FILE_POINTER in begining: 3971044
selfdapql filelengh: 4567741
log_evicted_initial: 0
log_evicted_last: 0
log_evicted_count: 0
storeFileSize: 1.0790706
selfdapql AM_FILE_POINTER in end: 4567741
selfdapql RS_FILE_POINTER in begining: 3524676
selfdapql rs_filelengh: 5415913
selfdapql blocking update blocking_updates_count: 0
selfdapql blocking update avg total_blocking_time: 0.0
selfdapql RS_FILE_POINTER in end: 5415913
selfdapql DN_FILE_POINTER in begining: 387923
selfdapql dn_filelength: 440197
selfdapql total operation time: 5564.0
selfdapql total # operations: 14271
selfdapql dfs avg read time: 0.38988158
selfdapql DN_FILE_POINTER in end: 440197
----------------------------------------------------------
selfdapql AM_FILE_POINTER in begining: 4567741
selfdapql filelengh: 5164600
log_evicted_initial: 0
log_evicted_last: 0
log_evicted_count: 0
storeFileSize: 1.0790706
selfdapql AM_FILE_POINTER in end: 5164600
selfdapql RS_FILE_POINTER in begining: 5415913
selfdapql rs_filelengh: 5417225
selfdapql blocking update blocking_updates_count: 0
selfdapql blocking update avg total_blocking_time: 0.0
selfdapql RS_FILE_POINTER in end: 5417225
selfdapql DN_FILE_POINTER in begining: 440197
selfdapql dn_filelength: 489251
selfdapql total operation time: 0.0
selfdapql total # operations: 0
selfdapql dfs avg read time: 0.0
selfdapql DN_FILE_POINTER in end: 489251
----------------------------------------------------------
selfdapql AM_FILE_POINTER in begining: 5164600
selfdapql filelengh: 5761841
log_evicted_initial: 0
log_evicted_last: 6700
log_evicted_count: 6700
storeFileSize: 1.2098008
selfdapql AM_FILE_POINTER in end: 5761841
selfdapql RS_FILE_POINTER in begining: 5417225
selfdapql rs_filelengh: 6925952
selfdapql blocking update blocking_updates_count: 0
selfdapql blocking update avg total_blocking_time: 0.0
selfdapql RS_FILE_POINTER in end: 6925952
selfdapql DN_FILE_POINTER in begining: 489251
selfdapql dn_filelength: 544408
selfdapql total operation time: 44279.0
selfdapql total # operations: 10588
selfdapql dfs avg read time: 4.1819983
selfdapql DN_FILE_POINTER in end: 544408
selfdapql newBlockCacheSize: 0.45000002
selfdapql newMemstoreSize: 0.35
