threshold: 0.4
threshold: 500.0
----------------------------------------------------------
selfdapql AM_FILE_POINTER in begining: 0
selfdapql filelengh: 226714
log_evicted_initial: 0
log_evicted_last: 4
log_evicted_count: 4
storeFileSize: 2.2080727E-5
selfdapql AM_FILE_POINTER in end: 226714
selfdapql RS_FILE_POINTER in begining: 0
selfdapql rs_filelengh: 258362
selfdapql blocking update blocking_updates_count: 0
selfdapql blocking update avg total_blocking_time: 0.0
selfdapql RS_FILE_POINTER in end: 258362
selfdapql DN_FILE_POINTER in begining: 0
selfdapql dn_filelength: 62682
selfdapql total operation time: 129.0
selfdapql total # operations: 23
selfdapql dfs avg read time: 5.6086955
selfdapql DN_FILE_POINTER in end: 62682
selfdapql newBlockCacheSize: 0.4
selfdapql newMemstoreSize: 0.4
threshold: 0.4
threshold: 500.0
----------------------------------------------------------
selfdapql AM_FILE_POINTER in begining: 226714
selfdapql filelengh: 448237
log_evicted_initial: 4
log_evicted_last: 6
log_evicted_count: 2
storeFileSize: 2.2080727E-5
selfdapql AM_FILE_POINTER in end: 448237
selfdapql RS_FILE_POINTER in begining: 258362
selfdapql rs_filelengh: 263469
selfdapql blocking update blocking_updates_count: 0
selfdapql blocking update avg total_blocking_time: 0.0
selfdapql RS_FILE_POINTER in end: 263469
selfdapql DN_FILE_POINTER in begining: 62682
selfdapql dn_filelength: 114174
selfdapql total operation time: 6.0
selfdapql total # operations: 2
selfdapql dfs avg read time: 3.0
selfdapql DN_FILE_POINTER in end: 114174
selfdapql newBlockCacheSize: 0.4
selfdapql newMemstoreSize: 0.4
threshold: 0.4
threshold: 500.0
----------------------------------------------------------
selfdapql AM_FILE_POINTER in begining: 448237
selfdapql filelengh: 669432
log_evicted_initial: 6
log_evicted_last: 6
log_evicted_count: 0
storeFileSize: 2.2080727E-5
selfdapql AM_FILE_POINTER in end: 669432
selfdapql RS_FILE_POINTER in begining: 263469
selfdapql rs_filelengh: 263684
selfdapql blocking update blocking_updates_count: 0
selfdapql blocking update avg total_blocking_time: 0.0
selfdapql RS_FILE_POINTER in end: 263684
selfdapql DN_FILE_POINTER in begining: 114174
selfdapql dn_filelength: 165614
selfdapql total operation time: 0.0
selfdapql total # operations: 0
selfdapql dfs avg read time: 0.0
selfdapql DN_FILE_POINTER in end: 165614
selfdapql newBlockCacheSize: 0.4
selfdapql newMemstoreSize: 0.4
threshold: 0.4
threshold: 500.0
----------------------------------------------------------
selfdapql AM_FILE_POINTER in begining: 669432
selfdapql filelengh: 890438
log_evicted_initial: 6
log_evicted_last: 6
log_evicted_count: 0
storeFileSize: 2.2080727E-5
selfdapql AM_FILE_POINTER in end: 890438
selfdapql RS_FILE_POINTER in begining: 263684
selfdapql rs_filelengh: 268791
selfdapql blocking update blocking_updates_count: 0
selfdapql blocking update avg total_blocking_time: 0.0
selfdapql RS_FILE_POINTER in end: 268791
selfdapql DN_FILE_POINTER in begining: 165614
selfdapql dn_filelength: 217132
selfdapql total operation time: 6.0
selfdapql total # operations: 2
selfdapql dfs avg read time: 3.0
selfdapql DN_FILE_POINTER in end: 217132
selfdapql newBlockCacheSize: 0.4
selfdapql newMemstoreSize: 0.4
threshold: 0.4
threshold: 500.0
----------------------------------------------------------
selfdapql AM_FILE_POINTER in begining: 890438
selfdapql filelengh: 1111357
log_evicted_initial: 6
log_evicted_last: 6
log_evicted_count: 0
storeFileSize: 2.2080727E-5
selfdapql AM_FILE_POINTER in end: 1111357
selfdapql RS_FILE_POINTER in begining: 268791
selfdapql rs_filelengh: 269289
selfdapql blocking update blocking_updates_count: 0
selfdapql blocking update avg total_blocking_time: 0.0
selfdapql RS_FILE_POINTER in end: 269289
selfdapql DN_FILE_POINTER in begining: 217132
selfdapql dn_filelength: 268678
selfdapql total operation time: 0.0
selfdapql total # operations: 0
selfdapql dfs avg read time: 0.0
selfdapql DN_FILE_POINTER in end: 268678
selfdapql newBlockCacheSize: 0.4
selfdapql newMemstoreSize: 0.4
threshold: 0.4
threshold: 500.0
----------------------------------------------------------
selfdapql AM_FILE_POINTER in begining: 1111357
selfdapql filelengh: 1332120
log_evicted_initial: 6
log_evicted_last: 6
log_evicted_count: 0
storeFileSize: 2.2080727E-5
selfdapql AM_FILE_POINTER in end: 1332120
selfdapql RS_FILE_POINTER in begining: 269289
selfdapql rs_filelengh: 274113
selfdapql blocking update blocking_updates_count: 0
selfdapql blocking update avg total_blocking_time: 0.0
selfdapql RS_FILE_POINTER in end: 274113
selfdapql DN_FILE_POINTER in begining: 268678
selfdapql dn_filelength: 320288
selfdapql total operation time: 0.0
selfdapql total # operations: 0
selfdapql dfs avg read time: 0.0
selfdapql DN_FILE_POINTER in end: 320288
selfdapql newBlockCacheSize: 0.4
selfdapql newMemstoreSize: 0.4
threshold: 0.4
threshold: 500.0
----------------------------------------------------------
selfdapql AM_FILE_POINTER in begining: 1332120
selfdapql filelengh: 1552759
log_evicted_initial: 6
log_evicted_last: 6
log_evicted_count: 0
storeFileSize: 2.2080727E-5
selfdapql AM_FILE_POINTER in end: 1552759
selfdapql RS_FILE_POINTER in begining: 274113
selfdapql rs_filelengh: 279220
selfdapql blocking update blocking_updates_count: 0
selfdapql blocking update avg total_blocking_time: 0.0
selfdapql RS_FILE_POINTER in end: 279220
selfdapql DN_FILE_POINTER in begining: 320288
selfdapql dn_filelength: 371943
selfdapql total operation time: 5.0
selfdapql total # operations: 2
selfdapql dfs avg read time: 2.5
selfdapql DN_FILE_POINTER in end: 371943
selfdapql newBlockCacheSize: 0.4
selfdapql newMemstoreSize: 0.4
threshold: 0.4
threshold: 500.0
----------------------------------------------------------
selfdapql AM_FILE_POINTER in begining: 1552759
selfdapql filelengh: 1773245
log_evicted_initial: 6
log_evicted_last: 6
log_evicted_count: 0
storeFileSize: 2.2080727E-5
selfdapql AM_FILE_POINTER in end: 1773245
selfdapql RS_FILE_POINTER in begining: 279220
selfdapql rs_filelengh: 279435
selfdapql blocking update blocking_updates_count: 0
selfdapql blocking update avg total_blocking_time: 0.0
selfdapql RS_FILE_POINTER in end: 279435
selfdapql DN_FILE_POINTER in begining: 371943
selfdapql dn_filelength: 423582
selfdapql total operation time: 0.0
selfdapql total # operations: 0
selfdapql dfs avg read time: 0.0
selfdapql DN_FILE_POINTER in end: 423582
selfdapql newBlockCacheSize: 0.4
selfdapql newMemstoreSize: 0.4
threshold: 0.4
threshold: 500.0
----------------------------------------------------------
selfdapql AM_FILE_POINTER in begining: 1773245
selfdapql filelengh: 1994031
log_evicted_initial: 6
log_evicted_last: 6
log_evicted_count: 0
storeFileSize: 2.2080727E-5
selfdapql AM_FILE_POINTER in end: 1994031
selfdapql RS_FILE_POINTER in begining: 279435
selfdapql rs_filelengh: 284546
selfdapql blocking update blocking_updates_count: 0
selfdapql blocking update avg total_blocking_time: 0.0
selfdapql RS_FILE_POINTER in end: 284546
selfdapql DN_FILE_POINTER in begining: 423582
selfdapql dn_filelength: 475263
selfdapql total operation time: 3.0
selfdapql total # operations: 2
selfdapql dfs avg read time: 1.5
selfdapql DN_FILE_POINTER in end: 475263
selfdapql newBlockCacheSize: 0.4
selfdapql newMemstoreSize: 0.4
threshold: 0.4
threshold: 500.0
----------------------------------------------------------
selfdapql AM_FILE_POINTER in begining: 1994031
selfdapql filelengh: 2215052
log_evicted_initial: 6
log_evicted_last: 6
log_evicted_count: 0
storeFileSize: 2.2080727E-5
selfdapql AM_FILE_POINTER in end: 2215052
selfdapql RS_FILE_POINTER in begining: 284546
selfdapql rs_filelengh: 285044
selfdapql blocking update blocking_updates_count: 0
selfdapql blocking update avg total_blocking_time: 0.0
selfdapql RS_FILE_POINTER in end: 285044
selfdapql DN_FILE_POINTER in begining: 475263
selfdapql dn_filelength: 526906
selfdapql total operation time: 0.0
selfdapql total # operations: 0
selfdapql dfs avg read time: 0.0
selfdapql DN_FILE_POINTER in end: 526906
selfdapql newBlockCacheSize: 0.4
selfdapql newMemstoreSize: 0.4
threshold: 0.4
threshold: 500.0
----------------------------------------------------------
selfdapql AM_FILE_POINTER in begining: 2215052
selfdapql filelengh: 2436191
log_evicted_initial: 6
log_evicted_last: 6
log_evicted_count: 0
storeFileSize: 2.2080727E-5
selfdapql AM_FILE_POINTER in end: 2436191
selfdapql RS_FILE_POINTER in begining: 285044
selfdapql rs_filelengh: 289872
selfdapql blocking update blocking_updates_count: 0
selfdapql blocking update avg total_blocking_time: 0.0
selfdapql RS_FILE_POINTER in end: 289872
selfdapql DN_FILE_POINTER in begining: 526906
selfdapql dn_filelength: 578519
selfdapql total operation time: 0.0
selfdapql total # operations: 0
selfdapql dfs avg read time: 0.0
selfdapql DN_FILE_POINTER in end: 578519
selfdapql newBlockCacheSize: 0.4
selfdapql newMemstoreSize: 0.4
threshold: 0.4
threshold: 500.0
----------------------------------------------------------
selfdapql AM_FILE_POINTER in begining: 2436191
selfdapql filelengh: 2657136
log_evicted_initial: 6
log_evicted_last: 6
log_evicted_count: 0
storeFileSize: 2.2080727E-5
selfdapql AM_FILE_POINTER in end: 2657136
selfdapql RS_FILE_POINTER in begining: 289872
selfdapql rs_filelengh: 294983
selfdapql blocking update blocking_updates_count: 0
selfdapql blocking update avg total_blocking_time: 0.0
selfdapql RS_FILE_POINTER in end: 294983
selfdapql DN_FILE_POINTER in begining: 578519
selfdapql dn_filelength: 630164
selfdapql total operation time: 4.0
selfdapql total # operations: 2
selfdapql dfs avg read time: 2.0
selfdapql DN_FILE_POINTER in end: 630164
selfdapql newBlockCacheSize: 0.4
selfdapql newMemstoreSize: 0.4
threshold: 0.4
threshold: 500.0
----------------------------------------------------------
selfdapql AM_FILE_POINTER in begining: 2657136
selfdapql filelengh: 2878001
log_evicted_initial: 6
log_evicted_last: 6
log_evicted_count: 0
storeFileSize: 2.2080727E-5
selfdapql AM_FILE_POINTER in end: 2878001
selfdapql RS_FILE_POINTER in begining: 294983
selfdapql rs_filelengh: 295198
selfdapql blocking update blocking_updates_count: 0
selfdapql blocking update avg total_blocking_time: 0.0
selfdapql RS_FILE_POINTER in end: 295198
selfdapql DN_FILE_POINTER in begining: 630164
selfdapql dn_filelength: 681848
selfdapql total operation time: 0.0
selfdapql total # operations: 0
selfdapql dfs avg read time: 0.0
selfdapql DN_FILE_POINTER in end: 681848
selfdapql newBlockCacheSize: 0.4
selfdapql newMemstoreSize: 0.4
threshold: 0.4
threshold: 500.0
----------------------------------------------------------
selfdapql AM_FILE_POINTER in begining: 2878001
selfdapql filelengh: 3098864
log_evicted_initial: 6
log_evicted_last: 6
log_evicted_count: 0
storeFileSize: 2.2080727E-5
selfdapql AM_FILE_POINTER in end: 3098864
selfdapql RS_FILE_POINTER in begining: 295198
selfdapql rs_filelengh: 300309
selfdapql blocking update blocking_updates_count: 0
selfdapql blocking update avg total_blocking_time: 0.0
selfdapql RS_FILE_POINTER in end: 300309
selfdapql DN_FILE_POINTER in begining: 681848
selfdapql dn_filelength: 733633
selfdapql total operation time: 4.0
selfdapql total # operations: 2
selfdapql dfs avg read time: 2.0
selfdapql DN_FILE_POINTER in end: 733633
selfdapql newBlockCacheSize: 0.4
selfdapql newMemstoreSize: 0.4
