threshold: 700.0
threshold: 20000.0
----------------------------------------------------------
selfdapql AM_FILE_POINTER in begining: 0
selfdapql filelengh: 226770
log_evicted_initial: 0
log_evicted_last: 4
log_evicted_count: 4
storeFileSize: 2.1956861E-5
selfdapql AM_FILE_POINTER in end: 226770
selfdapql RS_FILE_POINTER in begining: 0
selfdapql rs_filelengh: 255909
selfdapql blocking update blocking_updates_count: 0
selfdapql blocking update avg total_blocking_time: 0.0
selfdapql RS_FILE_POINTER in end: 255909
selfdapql DN_FILE_POINTER in begining: 0
selfdapql dn_filelength: 62628
selfdapql total operation time: 122.0
selfdapql total # operations: 23
selfdapql dfs avg read time: 5.304348
selfdapql DN_FILE_POINTER in end: 62628
selfdapql newBlockCacheSize: 0.45000002
selfdapql newMemstoreSize: 0.35
threshold: 700.0
threshold: 20000.0
----------------------------------------------------------
selfdapql AM_FILE_POINTER in begining: 226770
selfdapql filelengh: 448132
log_evicted_initial: 4
log_evicted_last: 6
log_evicted_count: 2
storeFileSize: 2.1956861E-5
selfdapql AM_FILE_POINTER in end: 448132
selfdapql RS_FILE_POINTER in begining: 255909
selfdapql rs_filelengh: 261016
selfdapql blocking update blocking_updates_count: 0
selfdapql blocking update avg total_blocking_time: 0.0
selfdapql RS_FILE_POINTER in end: 261016
selfdapql DN_FILE_POINTER in begining: 62628
selfdapql dn_filelength: 114360
selfdapql total operation time: 3149.0
selfdapql total # operations: 658
selfdapql dfs avg read time: 4.785714
selfdapql DN_FILE_POINTER in end: 114360
selfdapql newBlockCacheSize: 0.5
selfdapql newMemstoreSize: 0.29999998
threshold: 700.0
threshold: 20000.0
----------------------------------------------------------
selfdapql AM_FILE_POINTER in begining: 448132
selfdapql filelengh: 669655
log_evicted_initial: 6
log_evicted_last: 6
log_evicted_count: 0
storeFileSize: 2.1956861E-5
selfdapql AM_FILE_POINTER in end: 669655
selfdapql RS_FILE_POINTER in begining: 261016
selfdapql rs_filelengh: 261231
selfdapql blocking update blocking_updates_count: 0
selfdapql blocking update avg total_blocking_time: 0.0
selfdapql RS_FILE_POINTER in end: 261231
selfdapql DN_FILE_POINTER in begining: 114360
selfdapql dn_filelength: 166655
selfdapql total operation time: 17265.0
selfdapql total # operations: 794
selfdapql dfs avg read time: 21.744333
selfdapql DN_FILE_POINTER in end: 166655
threshold: 700.0
threshold: 20000.0
----------------------------------------------------------
selfdapql AM_FILE_POINTER in begining: 669655
selfdapql filelengh: 891058
log_evicted_initial: 6
log_evicted_last: 6
log_evicted_count: 0
storeFileSize: 2.1956861E-5
selfdapql AM_FILE_POINTER in end: 891058
selfdapql RS_FILE_POINTER in begining: 261231
selfdapql rs_filelengh: 266123
selfdapql blocking update blocking_updates_count: 0
selfdapql blocking update avg total_blocking_time: 0.0
selfdapql RS_FILE_POINTER in end: 266123
selfdapql DN_FILE_POINTER in begining: 166655
selfdapql dn_filelength: 218732
selfdapql total operation time: 3652.0
selfdapql total # operations: 194
selfdapql dfs avg read time: 18.824741
selfdapql DN_FILE_POINTER in end: 218732
threshold: 700.0
threshold: 20000.0
----------------------------------------------------------
selfdapql AM_FILE_POINTER in begining: 891058
selfdapql filelengh: 1112507
log_evicted_initial: 6
log_evicted_last: 6
log_evicted_count: 0
storeFileSize: 2.1956861E-5
selfdapql AM_FILE_POINTER in end: 1112507
selfdapql RS_FILE_POINTER in begining: 266123
selfdapql rs_filelengh: 266406
selfdapql blocking update blocking_updates_count: 0
selfdapql blocking update avg total_blocking_time: 0.0
selfdapql RS_FILE_POINTER in end: 266406
selfdapql DN_FILE_POINTER in begining: 218732
selfdapql dn_filelength: 271246
selfdapql total operation time: 16886.0
selfdapql total # operations: 1117
selfdapql dfs avg read time: 15.117278
selfdapql DN_FILE_POINTER in end: 271246
threshold: 700.0
threshold: 20000.0
----------------------------------------------------------
selfdapql AM_FILE_POINTER in begining: 1112507
selfdapql filelengh: 1334416
log_evicted_initial: 6
log_evicted_last: 6
log_evicted_count: 0
storeFileSize: 2.1956861E-5
selfdapql AM_FILE_POINTER in end: 1334416
selfdapql RS_FILE_POINTER in begining: 266406
selfdapql rs_filelengh: 271015
selfdapql blocking update blocking_updates_count: 0
selfdapql blocking update avg total_blocking_time: 0.0
selfdapql RS_FILE_POINTER in end: 271015
selfdapql DN_FILE_POINTER in begining: 271246
selfdapql dn_filelength: 323770
selfdapql total operation time: 382605.0
selfdapql total # operations: 832
selfdapql dfs avg read time: 459.8618
selfdapql DN_FILE_POINTER in end: 323770
threshold: 700.0
threshold: 20000.0
----------------------------------------------------------
selfdapql AM_FILE_POINTER in begining: 1334416
selfdapql filelengh: 1555998
log_evicted_initial: 6
log_evicted_last: 6
log_evicted_count: 0
storeFileSize: 2.1956861E-5
selfdapql AM_FILE_POINTER in end: 1555998
selfdapql RS_FILE_POINTER in begining: 271015
selfdapql rs_filelengh: 275907
selfdapql blocking update blocking_updates_count: 0
selfdapql blocking update avg total_blocking_time: 0.0
selfdapql RS_FILE_POINTER in end: 275907
selfdapql DN_FILE_POINTER in begining: 323770
selfdapql dn_filelength: 376142
selfdapql total operation time: 126352.0
selfdapql total # operations: 231
selfdapql dfs avg read time: 546.97833
selfdapql DN_FILE_POINTER in end: 376142
threshold: 700.0
threshold: 20000.0
----------------------------------------------------------
selfdapql AM_FILE_POINTER in begining: 1555998
selfdapql filelengh: 1777189
log_evicted_initial: 6
log_evicted_last: 6
log_evicted_count: 0
storeFileSize: 2.1956861E-5
selfdapql AM_FILE_POINTER in end: 1777189
selfdapql RS_FILE_POINTER in begining: 275907
selfdapql rs_filelengh: 275907
selfdapql blocking update blocking_updates_count: 0
selfdapql blocking update avg total_blocking_time: 0.0
selfdapql RS_FILE_POINTER in end: 275907
selfdapql DN_FILE_POINTER in begining: 376142
selfdapql dn_filelength: 428233
selfdapql total operation time: 472.0
selfdapql total # operations: 43
selfdapql dfs avg read time: 10.976745
selfdapql DN_FILE_POINTER in end: 428233
threshold: 700.0
threshold: 20000.0
----------------------------------------------------------
selfdapql AM_FILE_POINTER in begining: 1777189
selfdapql filelengh: 1998520
log_evicted_initial: 6
log_evicted_last: 6
log_evicted_count: 0
storeFileSize: 2.1956861E-5
selfdapql AM_FILE_POINTER in end: 1998520
selfdapql RS_FILE_POINTER in begining: 275907
selfdapql rs_filelengh: 280803
selfdapql blocking update blocking_updates_count: 0
selfdapql blocking update avg total_blocking_time: 0.0
selfdapql RS_FILE_POINTER in end: 280803
selfdapql DN_FILE_POINTER in begining: 428233
selfdapql dn_filelength: 480573
selfdapql total operation time: 1248.0
selfdapql total # operations: 92
selfdapql dfs avg read time: 13.565217
selfdapql DN_FILE_POINTER in end: 480573
threshold: 700.0
threshold: 20000.0
----------------------------------------------------------
selfdapql AM_FILE_POINTER in begining: 1998520
selfdapql filelengh: 2220039
log_evicted_initial: 6
log_evicted_last: 6
log_evicted_count: 0
storeFileSize: 2.1956861E-5
selfdapql AM_FILE_POINTER in end: 2220039
selfdapql RS_FILE_POINTER in begining: 280803
selfdapql rs_filelengh: 281090
selfdapql blocking update blocking_updates_count: 0
selfdapql blocking update avg total_blocking_time: 0.0
selfdapql RS_FILE_POINTER in end: 281090
selfdapql DN_FILE_POINTER in begining: 480573
selfdapql dn_filelength: 532897
selfdapql total operation time: 2508.0
selfdapql total # operations: 277
selfdapql dfs avg read time: 9.054152
selfdapql DN_FILE_POINTER in end: 532897
threshold: 700.0
threshold: 20000.0
----------------------------------------------------------
selfdapql AM_FILE_POINTER in begining: 2220039
selfdapql filelengh: 2441428
log_evicted_initial: 6
log_evicted_last: 6
log_evicted_count: 0
storeFileSize: 2.1956861E-5
selfdapql AM_FILE_POINTER in end: 2441428
selfdapql RS_FILE_POINTER in begining: 281090
selfdapql rs_filelengh: 285703
selfdapql blocking update blocking_updates_count: 0
selfdapql blocking update avg total_blocking_time: 0.0
selfdapql RS_FILE_POINTER in end: 285703
selfdapql DN_FILE_POINTER in begining: 532897
selfdapql dn_filelength: 585193
selfdapql total operation time: 8510.0
selfdapql total # operations: 302
selfdapql dfs avg read time: 28.178808
selfdapql DN_FILE_POINTER in end: 585193
threshold: 700.0
threshold: 20000.0
----------------------------------------------------------
selfdapql AM_FILE_POINTER in begining: 2441428
selfdapql filelengh: 2662657
log_evicted_initial: 6
log_evicted_last: 6
log_evicted_count: 0
storeFileSize: 2.1956861E-5
selfdapql AM_FILE_POINTER in end: 2662657
selfdapql RS_FILE_POINTER in begining: 285703
selfdapql rs_filelengh: 290603
selfdapql blocking update blocking_updates_count: 0
selfdapql blocking update avg total_blocking_time: 0.0
selfdapql RS_FILE_POINTER in end: 290603
selfdapql DN_FILE_POINTER in begining: 585193
selfdapql dn_filelength: 637585
selfdapql total operation time: 3957.0
selfdapql total # operations: 64
selfdapql dfs avg read time: 61.828125
selfdapql DN_FILE_POINTER in end: 637585
threshold: 700.0
threshold: 20000.0
----------------------------------------------------------
selfdapql AM_FILE_POINTER in begining: 2662657
selfdapql filelengh: 2883742
log_evicted_initial: 6
log_evicted_last: 6
log_evicted_count: 0
storeFileSize: 2.1956861E-5
selfdapql AM_FILE_POINTER in end: 2883742
selfdapql RS_FILE_POINTER in begining: 290603
selfdapql rs_filelengh: 290603
selfdapql blocking update blocking_updates_count: 0
selfdapql blocking update avg total_blocking_time: 0.0
selfdapql RS_FILE_POINTER in end: 290603
selfdapql DN_FILE_POINTER in begining: 637585
selfdapql dn_filelength: 689741
selfdapql total operation time: 1699.0
selfdapql total # operations: 257
selfdapql dfs avg read time: 6.610895
selfdapql DN_FILE_POINTER in end: 689741
threshold: 700.0
threshold: 20000.0
----------------------------------------------------------
selfdapql AM_FILE_POINTER in begining: 2883742
selfdapql filelengh: 3104703
log_evicted_initial: 6
log_evicted_last: 6
log_evicted_count: 0
storeFileSize: 2.1956861E-5
selfdapql AM_FILE_POINTER in end: 3104703
selfdapql RS_FILE_POINTER in begining: 290603
selfdapql rs_filelengh: 295503
selfdapql blocking update blocking_updates_count: 0
selfdapql blocking update avg total_blocking_time: 0.0
selfdapql RS_FILE_POINTER in end: 295503
selfdapql DN_FILE_POINTER in begining: 689741
selfdapql dn_filelength: 741849
selfdapql total operation time: 6119.0
selfdapql total # operations: 411
selfdapql dfs avg read time: 14.888078
selfdapql DN_FILE_POINTER in end: 741849
threshold: 700.0
threshold: 20000.0
----------------------------------------------------------
selfdapql AM_FILE_POINTER in begining: 3104703
selfdapql filelengh: 3325794
log_evicted_initial: 6
log_evicted_last: 6
log_evicted_count: 0
storeFileSize: 2.1956861E-5
selfdapql AM_FILE_POINTER in end: 3325794
selfdapql RS_FILE_POINTER in begining: 295503
selfdapql rs_filelengh: 295790
selfdapql blocking update blocking_updates_count: 0
selfdapql blocking update avg total_blocking_time: 0.0
selfdapql RS_FILE_POINTER in end: 295790
selfdapql DN_FILE_POINTER in begining: 741849
selfdapql dn_filelength: 793642
selfdapql total operation time: 0.0
selfdapql total # operations: 0
selfdapql dfs avg read time: 0.0
selfdapql DN_FILE_POINTER in end: 793642
threshold: 700.0
threshold: 20000.0
----------------------------------------------------------
selfdapql AM_FILE_POINTER in begining: 3325794
selfdapql filelengh: 3546899
log_evicted_initial: 6
log_evicted_last: 6
log_evicted_count: 0
storeFileSize: 2.1956861E-5
selfdapql AM_FILE_POINTER in end: 3546899
selfdapql RS_FILE_POINTER in begining: 295790
selfdapql rs_filelengh: 300403
selfdapql blocking update blocking_updates_count: 0
selfdapql blocking update avg total_blocking_time: 0.0
selfdapql RS_FILE_POINTER in end: 300403
selfdapql DN_FILE_POINTER in begining: 793642
selfdapql dn_filelength: 845472
selfdapql total operation time: 150.0
selfdapql total # operations: 12
selfdapql dfs avg read time: 12.5
selfdapql DN_FILE_POINTER in end: 845472
threshold: 700.0
threshold: 20000.0
----------------------------------------------------------
selfdapql AM_FILE_POINTER in begining: 3546899
selfdapql filelengh: 3768261
log_evicted_initial: 6
log_evicted_last: 6
log_evicted_count: 0
storeFileSize: 2.1956861E-5
selfdapql AM_FILE_POINTER in end: 3768261
selfdapql RS_FILE_POINTER in begining: 300403
selfdapql rs_filelengh: 305303
selfdapql blocking update blocking_updates_count: 0
selfdapql blocking update avg total_blocking_time: 0.0
selfdapql RS_FILE_POINTER in end: 305303
selfdapql DN_FILE_POINTER in begining: 845472
selfdapql dn_filelength: 898129
selfdapql total operation time: 40133.0
selfdapql total # operations: 575
selfdapql dfs avg read time: 69.796524
selfdapql DN_FILE_POINTER in end: 898129
threshold: 700.0
threshold: 20000.0
----------------------------------------------------------
selfdapql AM_FILE_POINTER in begining: 3768261
selfdapql filelengh: 3989803
log_evicted_initial: 6
log_evicted_last: 6
log_evicted_count: 0
storeFileSize: 2.1956861E-5
selfdapql AM_FILE_POINTER in end: 3989803
selfdapql RS_FILE_POINTER in begining: 305303
selfdapql rs_filelengh: 305303
selfdapql blocking update blocking_updates_count: 0
selfdapql blocking update avg total_blocking_time: 0.0
selfdapql RS_FILE_POINTER in end: 305303
selfdapql DN_FILE_POINTER in begining: 898129
selfdapql dn_filelength: 950795
selfdapql total operation time: 11726.0
selfdapql total # operations: 566
selfdapql dfs avg read time: 20.717314
selfdapql DN_FILE_POINTER in end: 950795
threshold: 700.0
threshold: 20000.0
----------------------------------------------------------
selfdapql AM_FILE_POINTER in begining: 3989803
selfdapql filelengh: 4211006
log_evicted_initial: 6
log_evicted_last: 6
log_evicted_count: 0
storeFileSize: 2.1956861E-5
selfdapql AM_FILE_POINTER in end: 4211006
selfdapql RS_FILE_POINTER in begining: 305303
selfdapql rs_filelengh: 310203
selfdapql blocking update blocking_updates_count: 0
selfdapql blocking update avg total_blocking_time: 0.0
selfdapql RS_FILE_POINTER in end: 310203
selfdapql DN_FILE_POINTER in begining: 950795
selfdapql dn_filelength: 1003225
selfdapql total operation time: 4570.0
selfdapql total # operations: 253
selfdapql dfs avg read time: 18.063242
selfdapql DN_FILE_POINTER in end: 1003225
threshold: 700.0
threshold: 20000.0
----------------------------------------------------------
selfdapql AM_FILE_POINTER in begining: 4211006
selfdapql filelengh: 4432111
log_evicted_initial: 6
log_evicted_last: 6
log_evicted_count: 0
storeFileSize: 2.1956861E-5
selfdapql AM_FILE_POINTER in end: 4432111
selfdapql RS_FILE_POINTER in begining: 310203
selfdapql rs_filelengh: 310903
selfdapql blocking update blocking_updates_count: 0
selfdapql blocking update avg total_blocking_time: 0.0
selfdapql RS_FILE_POINTER in end: 310903
selfdapql DN_FILE_POINTER in begining: 1003225
selfdapql dn_filelength: 1055770
selfdapql total operation time: 0.0
selfdapql total # operations: 0
selfdapql dfs avg read time: 0.0
selfdapql DN_FILE_POINTER in end: 1055770
threshold: 700.0
threshold: 20000.0
----------------------------------------------------------
selfdapql AM_FILE_POINTER in begining: 4432111
selfdapql filelengh: 4653183
log_evicted_initial: 6
log_evicted_last: 6
log_evicted_count: 0
storeFileSize: 3.9823353E-5
selfdapql AM_FILE_POINTER in end: 4653183
selfdapql RS_FILE_POINTER in begining: 310903
selfdapql rs_filelengh: 317795
selfdapql blocking update blocking_updates_count: 0
selfdapql blocking update avg total_blocking_time: 0.0
selfdapql RS_FILE_POINTER in end: 317795
selfdapql DN_FILE_POINTER in begining: 1055770
selfdapql dn_filelength: 1107669
selfdapql total operation time: 7.0
selfdapql total # operations: 6
selfdapql dfs avg read time: 1.1666666
selfdapql DN_FILE_POINTER in end: 1107669
threshold: 700.0
threshold: 20000.0
----------------------------------------------------------
selfdapql AM_FILE_POINTER in begining: 4653183
selfdapql filelengh: 4874263
log_evicted_initial: 6
log_evicted_last: 6
log_evicted_count: 0
storeFileSize: 3.9823353E-5
selfdapql AM_FILE_POINTER in end: 4874263
selfdapql RS_FILE_POINTER in begining: 317795
selfdapql rs_filelengh: 322695
selfdapql blocking update blocking_updates_count: 0
selfdapql blocking update avg total_blocking_time: 0.0
selfdapql RS_FILE_POINTER in end: 322695
selfdapql DN_FILE_POINTER in begining: 1107669
selfdapql dn_filelength: 1160070
selfdapql total operation time: 711121.0
selfdapql total # operations: 261
selfdapql dfs avg read time: 2724.6016
selfdapql DN_FILE_POINTER in end: 1160070
threshold: 700.0
threshold: 20000.0
----------------------------------------------------------
selfdapql AM_FILE_POINTER in begining: 4874263
selfdapql filelengh: 5095362
log_evicted_initial: 6
log_evicted_last: 6
log_evicted_count: 0
storeFileSize: 3.9823353E-5
selfdapql AM_FILE_POINTER in end: 5095362
selfdapql RS_FILE_POINTER in begining: 322695
selfdapql rs_filelengh: 322695
selfdapql blocking update blocking_updates_count: 0
selfdapql blocking update avg total_blocking_time: 0.0
selfdapql RS_FILE_POINTER in end: 322695
selfdapql DN_FILE_POINTER in begining: 1160070
selfdapql dn_filelength: 1212287
selfdapql total operation time: 0.0
selfdapql total # operations: 0
selfdapql dfs avg read time: 0.0
selfdapql DN_FILE_POINTER in end: 1212287
threshold: 700.0
threshold: 20000.0
----------------------------------------------------------
selfdapql AM_FILE_POINTER in begining: 5095362
selfdapql filelengh: 5316255
log_evicted_initial: 6
log_evicted_last: 6
log_evicted_count: 0
storeFileSize: 3.9823353E-5
selfdapql AM_FILE_POINTER in end: 5316255
selfdapql RS_FILE_POINTER in begining: 322695
selfdapql rs_filelengh: 327595
selfdapql blocking update blocking_updates_count: 0
selfdapql blocking update avg total_blocking_time: 0.0
selfdapql RS_FILE_POINTER in end: 327595
selfdapql DN_FILE_POINTER in begining: 1212287
selfdapql dn_filelength: 1264884
selfdapql total operation time: 359972.0
selfdapql total # operations: 306
selfdapql dfs avg read time: 1176.379
selfdapql DN_FILE_POINTER in end: 1264884
threshold: 700.0
threshold: 20000.0
----------------------------------------------------------
selfdapql AM_FILE_POINTER in begining: 5316255
selfdapql filelengh: 5537114
log_evicted_initial: 6
log_evicted_last: 6
log_evicted_count: 0
storeFileSize: 3.9823353E-5
selfdapql AM_FILE_POINTER in end: 5537114
selfdapql RS_FILE_POINTER in begining: 327595
selfdapql rs_filelengh: 327882
selfdapql blocking update blocking_updates_count: 0
selfdapql blocking update avg total_blocking_time: 0.0
selfdapql RS_FILE_POINTER in end: 327882
selfdapql DN_FILE_POINTER in begining: 1264884
selfdapql dn_filelength: 1317409
selfdapql total operation time: 7307.0
selfdapql total # operations: 675
selfdapql dfs avg read time: 10.825185
selfdapql DN_FILE_POINTER in end: 1317409
threshold: 700.0
threshold: 20000.0
----------------------------------------------------------
selfdapql AM_FILE_POINTER in begining: 5537114
selfdapql filelengh: 5757750
log_evicted_initial: 6
log_evicted_last: 6
log_evicted_count: 0
storeFileSize: 3.9823353E-5
selfdapql AM_FILE_POINTER in end: 5757750
selfdapql RS_FILE_POINTER in begining: 327882
selfdapql rs_filelengh: 332495
selfdapql blocking update blocking_updates_count: 0
selfdapql blocking update avg total_blocking_time: 0.0
selfdapql RS_FILE_POINTER in end: 332495
selfdapql DN_FILE_POINTER in begining: 1317409
selfdapql dn_filelength: 1369985
selfdapql total operation time: 284340.0
selfdapql total # operations: 1130
selfdapql dfs avg read time: 251.62831
selfdapql DN_FILE_POINTER in end: 1369985
