SLF4J: Class path contains multiple SLF4J bindings.
SLF4J: Found binding in [jar:file:/home/hadoop/.m2/repository/org/slf4j/slf4j-log4j12/1.7.5/slf4j-log4j12-1.7.5.jar!/org/slf4j/impl/StaticLoggerBinder.class]
SLF4J: Found binding in [jar:file:/home/hadoop/hadoop-2.4.0/share/hadoop/common/lib/slf4j-log4j12-1.7.5.jar!/org/slf4j/impl/StaticLoggerBinder.class]
SLF4J: See http://www.slf4j.org/codes.html#multiple_bindings for an explanation.
SLF4J: Actual binding is of type [org.slf4j.impl.Log4jLoggerFactory]
OpenJDK 64-Bit Server VM warning: You have loaded library /home/hadoop/hadoop-2.4.0/lib/native/libhadoop.so.1.0.0 which might have disabled stack guard. The VM will try to fix the stack guard now.
It's highly recommended that you fix the library with 'execstack -c <libfile>', or link it with '-z noexecstack'.
----------------------------------------------------------
selfdapql AM_FILE_POINTER in begining: 0
selfdapql filelengh: 619685
log_evicted_initial: 0
log_evicted_last: 0
log_evicted_count: 0
storeFileSize: 0.8504185
selfdapql AM_FILE_POINTER in end: 619685
selfdapql RS_FILE_POINTER in begining: 0
selfdapql rs_filelengh: 2484172
selfdapql blocking update blocking_updates_count: 0
selfdapql blocking update avg total_blocking_time: 0.0
selfdapql RS_FILE_POINTER in end: 2484172
selfdapql DN_FILE_POINTER in begining: 0
selfdapql dn_filelength: 168332
selfdapql total operation time: 43469.0
selfdapql total # operations: 18371
selfdapql dfs avg read time: 2.366175
selfdapql DN_FILE_POINTER in end: 168332
read proportion = 0.1
write_proportion = 0.9
selfdapql blockedFlushCount: 0
selfdapql unblockedFlushCount: 0
selfdapql evictCount: 0
selfdapql No Tuning
----------------------------------------------------------
selfdapql AM_FILE_POINTER in begining: 619685
selfdapql filelengh: 1216949
log_evicted_initial: 0
log_evicted_last: 0
log_evicted_count: 0
storeFileSize: 2.3298805
selfdapql AM_FILE_POINTER in end: 1216949
selfdapql RS_FILE_POINTER in begining: 2484172
selfdapql rs_filelengh: 6866813
selfdapql blocking update blocking_updates_count: 109
selfdapql blocking update avg total_blocking_time: 13313.211
selfdapql RS_FILE_POINTER in end: 6866813
selfdapql DN_FILE_POINTER in begining: 168332
selfdapql dn_filelength: 235680
selfdapql total operation time: 372531.0
selfdapql total # operations: 31478
selfdapql dfs avg read time: 11.834646
selfdapql DN_FILE_POINTER in end: 235680
read proportion = 0.1
write_proportion = 0.9
selfdapql blockedFlushCount: 0
selfdapql unblockedFlushCount: 0
selfdapql evictCount: 0
selfdapql current cache size: 4.8
selfdapql data size: 2.3298805
selfdapql cache-data ratio: 0.5150479
selfdapql probability ratio: 0.041241188
selfdapql pc by pm ratio: 4.073438E-6
selfdapql pc_by_pm * am_blockCacheEvictionCount: 0.0
selfdapql rslog_blocking_updates_count: 109
selfdapql newBlockCacheSize: 0.35
selfdapql newMemstoreSize: 0.45000002
----------------------------------------------------------
selfdapql AM_FILE_POINTER in begining: 1216949
selfdapql filelengh: 1948395
log_evicted_initial: 0
log_evicted_last: 38604
log_evicted_count: 38604
storeFileSize: 3.8842995
selfdapql AM_FILE_POINTER in end: 1948395
selfdapql RS_FILE_POINTER in begining: 6866813
selfdapql rs_filelengh: 16467676
selfdapql blocking update blocking_updates_count: 96
selfdapql blocking update avg total_blocking_time: 8417.042
selfdapql RS_FILE_POINTER in end: 16467676
selfdapql DN_FILE_POINTER in begining: 235680
selfdapql dn_filelength: 291494
selfdapql total operation time: 1138297.0
selfdapql total # operations: 60423
selfdapql dfs avg read time: 18.838802
selfdapql DN_FILE_POINTER in end: 291494
read proportion = 0.1
write_proportion = 0.9
selfdapql blockedFlushCount: 0
selfdapql unblockedFlushCount: 0
selfdapql evictCount: 47801
selfdapql current cache size: 4.2
selfdapql data size: 3.8842995
selfdapql cache-data ratio: 0.27031898
selfdapql probability ratio: 0.027409235
selfdapql pc by pm ratio: 6.8162926E-6
selfdapql pc_by_pm * am_blockCacheEvictionCount: 0.26313615
selfdapql rslog_blocking_updates_count: 96
selfdapql newBlockCacheSize: 0.29999998
selfdapql newMemstoreSize: 0.5
----------------------------------------------------------
selfdapql AM_FILE_POINTER in begining: 1948395
selfdapql filelengh: 2547970
log_evicted_initial: 47801
log_evicted_last: 128746
log_evicted_count: 80945
storeFileSize: 5.625646
selfdapql AM_FILE_POINTER in end: 2547970
selfdapql RS_FILE_POINTER in begining: 16467676
selfdapql rs_filelengh: 31048423
selfdapql blocking update blocking_updates_count: 0
selfdapql blocking update avg total_blocking_time: 0.0
selfdapql RS_FILE_POINTER in end: 31048423
selfdapql DN_FILE_POINTER in begining: 291494
selfdapql dn_filelength: 344492
selfdapql total operation time: 1882640.0
selfdapql total # operations: 83510
selfdapql dfs avg read time: 22.543886
selfdapql DN_FILE_POINTER in end: 344492
read proportion = 0.1
write_proportion = 0.9
selfdapql blockedFlushCount: 0
selfdapql unblockedFlushCount: 0
selfdapql evictCount: 85577
selfdapql current cache size: 3.6
selfdapql data size: 5.625646
selfdapql cache-data ratio: 0.15998162
selfdapql probability ratio: 0.023809
selfdapql pc by pm ratio: Infinity
selfdapql pc_by_pm * am_blockCacheEvictionCount: Infinity
selfdapql rslog_blocking_updates_count: 0
selfdapql newBlockCacheSize: 0.35
selfdapql newMemstoreSize: 0.45
----------------------------------------------------------
selfdapql AM_FILE_POINTER in begining: 2547970
selfdapql filelengh: 3147653
log_evicted_initial: 133378
log_evicted_last: 226259
log_evicted_count: 92881
storeFileSize: 7.738735
selfdapql AM_FILE_POINTER in end: 3147653
selfdapql RS_FILE_POINTER in begining: 31048423
selfdapql rs_filelengh: 49556350
selfdapql blocking update blocking_updates_count: 20
selfdapql blocking update avg total_blocking_time: 2864.2
selfdapql RS_FILE_POINTER in end: 49556350
selfdapql DN_FILE_POINTER in begining: 344492
selfdapql dn_filelength: 400433
selfdapql total operation time: 2177342.0
selfdapql total # operations: 108998
selfdapql dfs avg read time: 19.97598
selfdapql DN_FILE_POINTER in end: 400433
read proportion = 0.1
write_proportion = 0.9
selfdapql blockedFlushCount: 0
selfdapql unblockedFlushCount: 0
selfdapql evictCount: 152959
selfdapql current cache size: 4.2
selfdapql data size: 7.738735
selfdapql cache-data ratio: 0.13568108
selfdapql probability ratio: 0.023139607
selfdapql pc by pm ratio: 1.7931568E-5
selfdapql pc_by_pm * am_blockCacheEvictionCount: 1.665502
selfdapql rslog_blocking_updates_count: 20
selfdapql newBlockCacheSize: 0.29999998
selfdapql newMemstoreSize: 0.5
----------------------------------------------------------
selfdapql AM_FILE_POINTER in begining: 3147653
selfdapql filelengh: 3780960
log_evicted_initial: 238536
log_evicted_last: 369268
log_evicted_count: 130732
storeFileSize: 10.112137
selfdapql AM_FILE_POINTER in end: 3780960
selfdapql RS_FILE_POINTER in begining: 49556350
selfdapql rs_filelengh: 71307367
selfdapql blocking update blocking_updates_count: 0
selfdapql blocking update avg total_blocking_time: 0.0
selfdapql RS_FILE_POINTER in end: 71307367
selfdapql DN_FILE_POINTER in begining: 400433
selfdapql dn_filelength: 456446
selfdapql total operation time: 2550049.0
selfdapql total # operations: 130985
selfdapql dfs avg read time: 19.468252
selfdapql DN_FILE_POINTER in end: 456446
read proportion = 0.1
write_proportion = 0.9
selfdapql blockedFlushCount: 0
selfdapql unblockedFlushCount: 0
selfdapql evictCount: 216309
selfdapql current cache size: 3.6
selfdapql data size: 10.112137
selfdapql cache-data ratio: 0.08900196
selfdapql probability ratio: 0.021953942
selfdapql pc by pm ratio: Infinity
selfdapql pc_by_pm * am_blockCacheEvictionCount: Infinity
selfdapql rslog_blocking_updates_count: 0
selfdapql newBlockCacheSize: 0.35
selfdapql newMemstoreSize: 0.45
----------------------------------------------------------
selfdapql AM_FILE_POINTER in begining: 3780960
selfdapql filelengh: 4380844
log_evicted_initial: 376214
log_evicted_last: 496573
log_evicted_count: 120359
storeFileSize: 11.916926
selfdapql AM_FILE_POINTER in end: 4380844
selfdapql RS_FILE_POINTER in begining: 71307367
selfdapql rs_filelengh: 94773527
selfdapql blocking update blocking_updates_count: 0
selfdapql blocking update avg total_blocking_time: 0.0
selfdapql RS_FILE_POINTER in end: 94773527
selfdapql DN_FILE_POINTER in begining: 456446
selfdapql dn_filelength: 509629
selfdapql total operation time: 3156210.0
selfdapql total # operations: 130920
selfdapql dfs avg read time: 24.10793
selfdapql DN_FILE_POINTER in end: 509629
read proportion = 0.1
write_proportion = 0.9
selfdapql blockedFlushCount: 0
selfdapql unblockedFlushCount: 0
selfdapql evictCount: 280264
selfdapql current cache size: 4.2
selfdapql data size: 11.916926
selfdapql cache-data ratio: 0.08810996
selfdapql probability ratio: 0.021932468
selfdapql pc by pm ratio: Infinity
selfdapql pc_by_pm * am_blockCacheEvictionCount: Infinity
selfdapql rslog_blocking_updates_count: 0
selfdapql newBlockCacheSize: 0.4
selfdapql newMemstoreSize: 0.39999998
----------------------------------------------------------
selfdapql AM_FILE_POINTER in begining: 4380844
selfdapql filelengh: 4980891
log_evicted_initial: 504673
log_evicted_last: 626715
log_evicted_count: 122042
storeFileSize: 13.611731
selfdapql AM_FILE_POINTER in end: 4980891
selfdapql RS_FILE_POINTER in begining: 94773527
selfdapql rs_filelengh: 118429942
selfdapql blocking update blocking_updates_count: 0
selfdapql blocking update avg total_blocking_time: 0.0
selfdapql RS_FILE_POINTER in end: 118429942
selfdapql DN_FILE_POINTER in begining: 509629
selfdapql dn_filelength: 562801
selfdapql total operation time: 3068870.0
selfdapql total # operations: 130793
selfdapql dfs avg read time: 23.463564
selfdapql DN_FILE_POINTER in end: 562801
read proportion = 0.1
write_proportion = 0.9
selfdapql blockedFlushCount: 0
selfdapql unblockedFlushCount: 0
selfdapql evictCount: 346451
selfdapql current cache size: 4.8
selfdapql data size: 13.611731
selfdapql cache-data ratio: 0.088159256
selfdapql probability ratio: 0.021933654
selfdapql pc by pm ratio: Infinity
selfdapql pc_by_pm * am_blockCacheEvictionCount: Infinity
selfdapql rslog_blocking_updates_count: 0
selfdapql newBlockCacheSize: 0.45000002
selfdapql newMemstoreSize: 0.34999996
----------------------------------------------------------
selfdapql AM_FILE_POINTER in begining: 4980891
selfdapql filelengh: 5581112
log_evicted_initial: 632888
log_evicted_last: 739161
log_evicted_count: 106273
storeFileSize: 15.24485
selfdapql AM_FILE_POINTER in end: 5581112
selfdapql RS_FILE_POINTER in begining: 118429942
selfdapql rs_filelengh: 139750998
selfdapql blocking update blocking_updates_count: 0
selfdapql blocking update avg total_blocking_time: 0.0
selfdapql RS_FILE_POINTER in end: 139750998
selfdapql DN_FILE_POINTER in begining: 562801
selfdapql dn_filelength: 609966
selfdapql total operation time: 3474264.0
selfdapql total # operations: 82997
selfdapql dfs avg read time: 41.860115
selfdapql DN_FILE_POINTER in end: 609966
read proportion = 0.01
write_proportion = 0.99
selfdapql blockedFlushCount: 0
selfdapql unblockedFlushCount: 0
selfdapql evictCount: 392710
selfdapql current cache size: 5.4
selfdapql data size: 15.24485
selfdapql cache-data ratio: 0.088554494
selfdapql probability ratio: 0.021943165
selfdapql pc by pm ratio: Infinity
selfdapql pc_by_pm * am_blockCacheEvictionCount: Infinity
selfdapql rslog_blocking_updates_count: 0
selfdapql newBlockCacheSize: 0.5
selfdapql newMemstoreSize: 0.29999995
----------------------------------------------------------
selfdapql AM_FILE_POINTER in begining: 5581112
selfdapql filelengh: 6058749
log_evicted_initial: 739161
log_evicted_last: 821250
log_evicted_count: 82089
storeFileSize: 0.5705172
selfdapql AM_FILE_POINTER in end: 6058749
selfdapql RS_FILE_POINTER in begining: 139750998
selfdapql rs_filelengh: 140961161
selfdapql blocking update blocking_updates_count: 56
selfdapql blocking update avg total_blocking_time: 9513.375
selfdapql RS_FILE_POINTER in end: 140961161
selfdapql DN_FILE_POINTER in begining: 609966
selfdapql dn_filelength: 656840
selfdapql total operation time: 56414.0
selfdapql total # operations: 1036
selfdapql dfs avg read time: 54.453667
selfdapql DN_FILE_POINTER in end: 656840
read proportion = 0.01
write_proportion = 0.99
selfdapql blockedFlushCount: 0
selfdapql unblockedFlushCount: 0
selfdapql evictCount: 428540
selfdapql current cache size: 6.0
selfdapql data size: 0.5705172
selfdapql cache-data ratio: 2.6291933
enough cache
rslog_blocking_updates_count: 56
selfdapql newBlockCacheSize: 0.45
selfdapql newMemstoreSize: 0.34999996
----------------------------------------------------------
selfdapql AM_FILE_POINTER in begining: 6058749
selfdapql filelengh: 6623384
log_evicted_initial: 821250
log_evicted_last: 821250
log_evicted_count: 0
storeFileSize: 2.4885228
selfdapql AM_FILE_POINTER in end: 6623384
selfdapql RS_FILE_POINTER in begining: 140961161
selfdapql rs_filelengh: 142780060
selfdapql blocking update blocking_updates_count: 204
selfdapql blocking update avg total_blocking_time: 10901.167
selfdapql RS_FILE_POINTER in end: 142780060
selfdapql DN_FILE_POINTER in begining: 656840
selfdapql dn_filelength: 709963
selfdapql total operation time: 166481.0
selfdapql total # operations: 8190
selfdapql dfs avg read time: 20.32735
selfdapql DN_FILE_POINTER in end: 709963
read proportion = 0.01
write_proportion = 0.99
selfdapql blockedFlushCount: 0
selfdapql unblockedFlushCount: 0
selfdapql evictCount: 392710
selfdapql current cache size: 5.3999996
selfdapql data size: 2.4885228
selfdapql cache-data ratio: 0.5424905
selfdapql probability ratio: 0.043714937
selfdapql pc by pm ratio: 8.233841E-7
selfdapql pc_by_pm * am_blockCacheEvictionCount: 0.0
selfdapql rslog_blocking_updates_count: 204
selfdapql newBlockCacheSize: 0.39999998
selfdapql newMemstoreSize: 0.39999998
----------------------------------------------------------
selfdapql AM_FILE_POINTER in begining: 6623384
selfdapql filelengh: 7255710
log_evicted_initial: 821250
log_evicted_last: 825148
log_evicted_count: 3898
storeFileSize: 4.2515965
selfdapql AM_FILE_POINTER in end: 7255710
selfdapql RS_FILE_POINTER in begining: 142780060
selfdapql rs_filelengh: 149284221
selfdapql blocking update blocking_updates_count: 141
selfdapql blocking update avg total_blocking_time: 22179.518
selfdapql RS_FILE_POINTER in end: 149284221
selfdapql DN_FILE_POINTER in begining: 709963
selfdapql dn_filelength: 766132
selfdapql total operation time: 853534.0
selfdapql total # operations: 11683
selfdapql dfs avg read time: 73.05778
selfdapql DN_FILE_POINTER in end: 766132
read proportion = 0.01
write_proportion = 0.99
selfdapql blockedFlushCount: 0
selfdapql unblockedFlushCount: 0
selfdapql evictCount: 432438
selfdapql current cache size: 4.7999997
selfdapql data size: 4.2515965
selfdapql cache-data ratio: 0.2822469
selfdapql probability ratio: 0.027864734
selfdapql pc by pm ratio: 9.271159E-7
selfdapql pc_by_pm * am_blockCacheEvictionCount: 0.0036138976
selfdapql rslog_blocking_updates_count: 141
selfdapql newBlockCacheSize: 0.34999996
selfdapql newMemstoreSize: 0.45
----------------------------------------------------------
selfdapql AM_FILE_POINTER in begining: 7255710
selfdapql filelengh: 7788683
log_evicted_initial: 825148
log_evicted_last: 831813
log_evicted_count: 6665
storeFileSize: 6.072952
selfdapql AM_FILE_POINTER in end: 7788683
selfdapql RS_FILE_POINTER in begining: 149284221
selfdapql rs_filelengh: 155147945
selfdapql blocking update blocking_updates_count: 109
selfdapql blocking update avg total_blocking_time: 23435.514
selfdapql RS_FILE_POINTER in end: 155147945
selfdapql DN_FILE_POINTER in begining: 766132
selfdapql dn_filelength: 819295
selfdapql total operation time: 1020568.0
selfdapql total # operations: 10964
selfdapql dfs avg read time: 93.08355
selfdapql DN_FILE_POINTER in end: 819295
read proportion = 0.01
write_proportion = 0.99
selfdapql blockedFlushCount: 0
selfdapql unblockedFlushCount: 0
selfdapql evictCount: 399375
selfdapql current cache size: 4.2
selfdapql data size: 6.072952
selfdapql cache-data ratio: 0.17289779
selfdapql probability ratio: 0.024180807
selfdapql pc by pm ratio: 9.701392E-7
selfdapql pc_by_pm * am_blockCacheEvictionCount: 0.006465978
selfdapql rslog_blocking_updates_count: 109
selfdapql newBlockCacheSize: 0.29999995
selfdapql newMemstoreSize: 0.5
----------------------------------------------------------
selfdapql AM_FILE_POINTER in begining: 7788683
selfdapql filelengh: 8388639
log_evicted_initial: 831813
log_evicted_last: 831813
log_evicted_count: 0
storeFileSize: 7.706347
selfdapql AM_FILE_POINTER in end: 8388639
selfdapql RS_FILE_POINTER in begining: 155147945
selfdapql rs_filelengh: 160766633
selfdapql blocking update blocking_updates_count: 95
selfdapql blocking update avg total_blocking_time: 24517.947
selfdapql RS_FILE_POINTER in end: 160766633
selfdapql DN_FILE_POINTER in begining: 819295
selfdapql dn_filelength: 875453
selfdapql total operation time: 1131314.0
selfdapql total # operations: 12544
selfdapql dfs avg read time: 90.18766
selfdapql DN_FILE_POINTER in end: 875453
read proportion = 0.01
write_proportion = 0.99
selfdapql blockedFlushCount: 0
selfdapql unblockedFlushCount: 0
selfdapql evictCount: 432438
selfdapql current cache size: 3.5999994
selfdapql data size: 7.706347
selfdapql cache-data ratio: 0.11678683
selfdapql probability ratio: 0.022644589
selfdapql pc by pm ratio: 8.4138014E-7
selfdapql pc_by_pm * am_blockCacheEvictionCount: 0.0
selfdapql rslog_blocking_updates_count: 95
selfdapql newBlockCacheSize: 0.24999996
selfdapql newMemstoreSize: 0.55
----------------------------------------------------------
selfdapql AM_FILE_POINTER in begining: 8388639
selfdapql filelengh: 8988905
log_evicted_initial: 831813
log_evicted_last: 837201
log_evicted_count: 5388
storeFileSize: 9.015209
selfdapql AM_FILE_POINTER in end: 8988905
selfdapql RS_FILE_POINTER in begining: 160766633
selfdapql rs_filelengh: 165460169
selfdapql blocking update blocking_updates_count: 153
selfdapql blocking update avg total_blocking_time: 12346.889
selfdapql RS_FILE_POINTER in end: 165460169
selfdapql DN_FILE_POINTER in begining: 875453
selfdapql dn_filelength: 928819
selfdapql total operation time: 848860.0
selfdapql total # operations: 9119
selfdapql dfs avg read time: 93.08696
selfdapql DN_FILE_POINTER in end: 928819
read proportion = 0.01
write_proportion = 0.99
selfdapql blockedFlushCount: 0
selfdapql unblockedFlushCount: 0
selfdapql evictCount: 404763
selfdapql current cache size: 2.9999995
selfdapql data size: 9.015209
selfdapql cache-data ratio: 0.08319273
selfdapql probability ratio: 0.021814834
selfdapql pc by pm ratio: 1.6612998E-6
selfdapql pc_by_pm * am_blockCacheEvictionCount: 0.008951084
selfdapql rslog_blocking_updates_count: 153
selfdapql newBlockCacheSize: 0.19999996
selfdapql newMemstoreSize: 0.6
----------------------------------------------------------
selfdapql AM_FILE_POINTER in begining: 8988905
selfdapql filelengh: 9689030
log_evicted_initial: 837201
log_evicted_last: 852705
log_evicted_count: 15504
storeFileSize: 10.100492
selfdapql AM_FILE_POINTER in end: 9689030
selfdapql RS_FILE_POINTER in begining: 165460169
selfdapql rs_filelengh: 170408984
selfdapql blocking update blocking_updates_count: 67
selfdapql blocking update avg total_blocking_time: 44351.45
selfdapql RS_FILE_POINTER in end: 170408984
selfdapql DN_FILE_POINTER in begining: 928819
selfdapql dn_filelength: 994008
selfdapql total operation time: 1936993.0
selfdapql total # operations: 11154
selfdapql dfs avg read time: 173.65904
selfdapql DN_FILE_POINTER in end: 994008
read proportion = 0.01
write_proportion = 0.99
selfdapql blockedFlushCount: 0
selfdapql unblockedFlushCount: 0
selfdapql evictCount: 447942
selfdapql current cache size: 2.3999996
selfdapql data size: 10.100492
selfdapql cache-data ratio: 0.05940304
selfdapql probability ratio: 0.021263093
selfdapql pc by pm ratio: 8.4097064E-7
selfdapql pc_by_pm * am_blockCacheEvictionCount: 0.013038409
selfdapql rslog_blocking_updates_count: 67
selfdapql newBlockCacheSize: 0.14999996
selfdapql newMemstoreSize: 0.65000004
----------------------------------------------------------
selfdapql AM_FILE_POINTER in begining: 9689030
selfdapql filelengh: 10289293
log_evicted_initial: 852705
log_evicted_last: 868988
log_evicted_count: 16283
storeFileSize: 11.25905
selfdapql AM_FILE_POINTER in end: 10289293
selfdapql RS_FILE_POINTER in begining: 170408984
selfdapql rs_filelengh: 174248225
selfdapql blocking update blocking_updates_count: 60
selfdapql blocking update avg total_blocking_time: 18976.8
selfdapql RS_FILE_POINTER in end: 174248225
selfdapql DN_FILE_POINTER in begining: 994008
selfdapql dn_filelength: 1035514
selfdapql total operation time: 1251256.0
selfdapql total # operations: 6447
selfdapql dfs avg read time: 194.08345
selfdapql DN_FILE_POINTER in end: 1035514
read proportion = 0.01
write_proportion = 0.99
selfdapql blockedFlushCount: 0
selfdapql unblockedFlushCount: 0
selfdapql evictCount: 421046
selfdapql current cache size: 1.7999995
selfdapql data size: 11.25905
selfdapql cache-data ratio: 0.039967835
selfdapql probability ratio: 0.020832635
selfdapql pc by pm ratio: 2.1521598E-6
selfdapql pc_by_pm * am_blockCacheEvictionCount: 0.03504362
selfdapql rslog_blocking_updates_count: 60
selfdapql newBlockCacheSize: 0.099999964
selfdapql newMemstoreSize: 0.70000005
----------------------------------------------------------
selfdapql AM_FILE_POINTER in begining: 10289293
selfdapql filelengh: 10889628
log_evicted_initial: 868988
log_evicted_last: 887264
log_evicted_count: 18276
storeFileSize: 12.1683
selfdapql AM_FILE_POINTER in end: 10889628
selfdapql RS_FILE_POINTER in begining: 174248225
selfdapql rs_filelengh: 178342334
selfdapql blocking update blocking_updates_count: 60
selfdapql blocking update avg total_blocking_time: 31007.75
selfdapql RS_FILE_POINTER in end: 178342334
selfdapql DN_FILE_POINTER in begining: 1035514
selfdapql dn_filelength: 1097771
selfdapql total operation time: 1452647.0
selfdapql total # operations: 10311
selfdapql dfs avg read time: 140.88322
selfdapql DN_FILE_POINTER in end: 1097771
read proportion = 0.01
write_proportion = 0.99
selfdapql blockedFlushCount: 0
selfdapql unblockedFlushCount: 0
selfdapql evictCount: 470251
selfdapql current cache size: 1.1999996
selfdapql data size: 12.1683
selfdapql cache-data ratio: 0.024654217
selfdapql probability ratio: 0.020505548
selfdapql pc by pm ratio: 9.4107713E-7
selfdapql pc_by_pm * am_blockCacheEvictionCount: 0.017199125
selfdapql rslog_blocking_updates_count: 60
selfdapql newBlockCacheSize: 0.049999963
selfdapql newMemstoreSize: 0.75000006
----------------------------------------------------------
selfdapql AM_FILE_POINTER in begining: 10889628
selfdapql filelengh: 11456748
log_evicted_initial: 891297
log_evicted_last: 907420
log_evicted_count: 16123
storeFileSize: 13.4807415
selfdapql AM_FILE_POINTER in end: 11456748
selfdapql RS_FILE_POINTER in begining: 178342334
selfdapql rs_filelengh: 182788958
selfdapql blocking update blocking_updates_count: 85
selfdapql blocking update avg total_blocking_time: 14066.718
selfdapql RS_FILE_POINTER in end: 182788958
selfdapql DN_FILE_POINTER in begining: 1097771
selfdapql dn_filelength: 1148159
selfdapql total operation time: 906317.0
selfdapql total # operations: 9893
selfdapql dfs avg read time: 91.611946
selfdapql DN_FILE_POINTER in end: 1148159
read proportion = 0.01
write_proportion = 0.99
selfdapql blockedFlushCount: 0
selfdapql unblockedFlushCount: 0
selfdapql evictCount: 437555
selfdapql current cache size: 0.59999955
selfdapql data size: 13.4807415
selfdapql cache-data ratio: 0.0111269755
selfdapql probability ratio: 0.020225042
selfdapql pc by pm ratio: 1.3304959E-6
selfdapql pc_by_pm * am_blockCacheEvictionCount: 0.021451587
selfdapql rslog_blocking_updates_count: 85
selfdapql newBlockCacheSize: 0.0
selfdapql newMemstoreSize: 0.8
----------------------------------------------------------
selfdapql AM_FILE_POINTER in begining: 11456748
selfdapql filelengh: 12157392
log_evicted_initial: 907806
log_evicted_last: 1029454
log_evicted_count: 121648
storeFileSize: 14.859129
selfdapql AM_FILE_POINTER in end: 12157392
selfdapql RS_FILE_POINTER in begining: 182788958
selfdapql rs_filelengh: 201761995
selfdapql blocking update blocking_updates_count: 66
selfdapql blocking update avg total_blocking_time: 12761.712
selfdapql RS_FILE_POINTER in end: 201761995
selfdapql DN_FILE_POINTER in begining: 1148159
selfdapql dn_filelength: 1204615
selfdapql total operation time: 2272158.0
selfdapql total # operations: 111251
selfdapql dfs avg read time: 20.423708
selfdapql DN_FILE_POINTER in end: 1204615
read proportion = 0.01
write_proportion = 0.99
selfdapql blockedFlushCount: 0
selfdapql unblockedFlushCount: 0
selfdapql evictCount: 594389
selfdapql current cache size: 0.0
selfdapql data size: 14.859129
selfdapql cache-data ratio: 0.0
selfdapql probability ratio: 0.02
selfdapql pc by pm ratio: 3.2331099E-7
selfdapql pc_by_pm * am_blockCacheEvictionCount: 0.039330136
selfdapql rslog_blocking_updates_count: 66
selfdapql newBlockCacheSize: 0.0
selfdapql newMemstoreSize: 0.8
