----------------------------------------------------------
selfdapql AM_FILE_POINTER in begining: 0
selfdapql filelengh: 398202
log_evicted_initial: 0
log_evicted_last: 0
log_evicted_count: 0
storeFileSize: 0.0
selfdapql AM_FILE_POINTER in end: 398202
selfdapql RS_FILE_POINTER in begining: 0
selfdapql rs_filelengh: 314336
selfdapql blocking update blocking_updates_count: 0
selfdapql blocking update avg total_blocking_time: 0.0
selfdapql RS_FILE_POINTER in end: 314336
selfdapql DN_FILE_POINTER in begining: 0
selfdapql dn_filelength: 74280
selfdapql total operation time: 17928.0
selfdapql total # operations: 112
selfdapql dfs avg read time: 160.07143
selfdapql DN_FILE_POINTER in end: 74280
read proportion = 0.01
write_proportion = 0.99
selfdapql blockedFlushCount: 0
selfdapql unblockedFlushCount: 0
selfdapql evictCount: 0
selfdapql No Tuning
----------------------------------------------------------
selfdapql AM_FILE_POINTER in begining: 398202
selfdapql filelengh: 992415
log_evicted_initial: 0
log_evicted_last: 0
log_evicted_count: 0
storeFileSize: 0.0
selfdapql AM_FILE_POINTER in end: 992415
selfdapql RS_FILE_POINTER in begining: 314336
selfdapql rs_filelengh: 315609
selfdapql blocking update blocking_updates_count: 0
selfdapql blocking update avg total_blocking_time: 0.0
selfdapql RS_FILE_POINTER in end: 315609
selfdapql DN_FILE_POINTER in begining: 74280
selfdapql dn_filelength: 125788
selfdapql total operation time: 0.0
selfdapql total # operations: 0
selfdapql dfs avg read time: 0.0
selfdapql DN_FILE_POINTER in end: 125788
read proportion = 0.01
write_proportion = 0.99
selfdapql blockedFlushCount: 0
selfdapql unblockedFlushCount: 0
selfdapql evictCount: 0
selfdapql No Tuning
----------------------------------------------------------
selfdapql AM_FILE_POINTER in begining: 992415
selfdapql filelengh: 1586940
log_evicted_initial: 0
log_evicted_last: 0
log_evicted_count: 0
storeFileSize: 0.0
selfdapql AM_FILE_POINTER in end: 1586940
selfdapql RS_FILE_POINTER in begining: 315609
selfdapql rs_filelengh: 316623
selfdapql blocking update blocking_updates_count: 0
selfdapql blocking update avg total_blocking_time: 0.0
selfdapql RS_FILE_POINTER in end: 316623
selfdapql DN_FILE_POINTER in begining: 125788
selfdapql dn_filelength: 177266
selfdapql total operation time: 0.0
selfdapql total # operations: 0
selfdapql dfs avg read time: 0.0
selfdapql DN_FILE_POINTER in end: 177266
read proportion = 0.01
write_proportion = 0.99
selfdapql blockedFlushCount: 0
selfdapql unblockedFlushCount: 0
selfdapql evictCount: 0
selfdapql No Tuning
----------------------------------------------------------
selfdapql AM_FILE_POINTER in begining: 1586940
selfdapql filelengh: 2182055
log_evicted_initial: 0
log_evicted_last: 0
log_evicted_count: 0
storeFileSize: 0.5465948
selfdapql AM_FILE_POINTER in end: 2182055
selfdapql RS_FILE_POINTER in begining: 316623
selfdapql rs_filelengh: 2869777
selfdapql blocking update blocking_updates_count: 0
selfdapql blocking update avg total_blocking_time: 0.0
selfdapql RS_FILE_POINTER in end: 2869777
selfdapql DN_FILE_POINTER in begining: 177266
selfdapql dn_filelength: 232002
selfdapql total operation time: 11924.0
selfdapql total # operations: 19283
selfdapql dfs avg read time: 0.6183685
selfdapql DN_FILE_POINTER in end: 232002
read proportion = 0.01
write_proportion = 0.99
selfdapql blockedFlushCount: 0
selfdapql unblockedFlushCount: 0
selfdapql evictCount: 0
selfdapql No Tuning
----------------------------------------------------------
selfdapql AM_FILE_POINTER in begining: 2182055
selfdapql filelengh: 2778539
log_evicted_initial: 0
log_evicted_last: 0
log_evicted_count: 0
storeFileSize: 0.5465948
selfdapql AM_FILE_POINTER in end: 2778539
selfdapql RS_FILE_POINTER in begining: 2869777
selfdapql rs_filelengh: 2871217
selfdapql blocking update blocking_updates_count: 0
selfdapql blocking update avg total_blocking_time: 0.0
selfdapql RS_FILE_POINTER in end: 2871217
selfdapql DN_FILE_POINTER in begining: 232002
selfdapql dn_filelength: 280942
selfdapql total operation time: 1.0
selfdapql total # operations: 1
selfdapql dfs avg read time: 1.0
selfdapql DN_FILE_POINTER in end: 280942
read proportion = 0.01
write_proportion = 0.99
selfdapql blockedFlushCount: 0
selfdapql unblockedFlushCount: 0
selfdapql evictCount: 0
selfdapql No Tuning
----------------------------------------------------------
selfdapql AM_FILE_POINTER in begining: 2778539
selfdapql filelengh: 3375187
log_evicted_initial: 0
log_evicted_last: 0
log_evicted_count: 0
storeFileSize: 0.5465948
selfdapql AM_FILE_POINTER in end: 3375187
selfdapql RS_FILE_POINTER in begining: 2871217
selfdapql rs_filelengh: 2872569
selfdapql blocking update blocking_updates_count: 0
selfdapql blocking update avg total_blocking_time: 0.0
selfdapql RS_FILE_POINTER in end: 2872569
selfdapql DN_FILE_POINTER in begining: 280942
selfdapql dn_filelength: 332722
selfdapql total operation time: 0.0
selfdapql total # operations: 0
selfdapql dfs avg read time: 0.0
selfdapql DN_FILE_POINTER in end: 332722
read proportion = 0.01
write_proportion = 0.99
selfdapql blockedFlushCount: 0
selfdapql unblockedFlushCount: 0
selfdapql evictCount: 0
selfdapql No Tuning
----------------------------------------------------------
selfdapql AM_FILE_POINTER in begining: 3375187
selfdapql filelengh: 3971866
log_evicted_initial: 0
log_evicted_last: 0
log_evicted_count: 0
storeFileSize: 0.934412
selfdapql AM_FILE_POINTER in end: 3971866
selfdapql RS_FILE_POINTER in begining: 2872569
selfdapql rs_filelengh: 4463364
selfdapql blocking update blocking_updates_count: 0
selfdapql blocking update avg total_blocking_time: 0.0
selfdapql RS_FILE_POINTER in end: 4463364
selfdapql DN_FILE_POINTER in begining: 332722
selfdapql dn_filelength: 384977
selfdapql total operation time: 3539.0
selfdapql total # operations: 8689
selfdapql dfs avg read time: 0.40729657
selfdapql DN_FILE_POINTER in end: 384977
read proportion = 0.01
write_proportion = 0.99
selfdapql blockedFlushCount: 0
selfdapql unblockedFlushCount: 0
selfdapql evictCount: 0
selfdapql No Tuning
----------------------------------------------------------
selfdapql AM_FILE_POINTER in begining: 3971866
selfdapql filelengh: 4568609
log_evicted_initial: 0
log_evicted_last: 0
log_evicted_count: 0
storeFileSize: 1.072825
selfdapql AM_FILE_POINTER in end: 4568609
selfdapql RS_FILE_POINTER in begining: 4463364
selfdapql rs_filelengh: 5343974
selfdapql blocking update blocking_updates_count: 0
selfdapql blocking update avg total_blocking_time: 0.0
selfdapql RS_FILE_POINTER in end: 5343974
selfdapql DN_FILE_POINTER in begining: 384977
selfdapql dn_filelength: 437147
selfdapql total operation time: 1467.0
selfdapql total # operations: 4493
selfdapql dfs avg read time: 0.3265079
selfdapql DN_FILE_POINTER in end: 437147
read proportion = 0.01
write_proportion = 0.99
selfdapql blockedFlushCount: 0
selfdapql unblockedFlushCount: 0
selfdapql evictCount: 0
selfdapql No Tuning
----------------------------------------------------------
selfdapql AM_FILE_POINTER in begining: 4568609
selfdapql filelengh: 5165672
log_evicted_initial: 0
log_evicted_last: 0
log_evicted_count: 0
storeFileSize: 1.072825
selfdapql AM_FILE_POINTER in end: 5165672
selfdapql RS_FILE_POINTER in begining: 5343974
selfdapql rs_filelengh: 5345478
selfdapql blocking update blocking_updates_count: 0
selfdapql blocking update avg total_blocking_time: 0.0
selfdapql RS_FILE_POINTER in end: 5345478
selfdapql DN_FILE_POINTER in begining: 437147
selfdapql dn_filelength: 489131
selfdapql total operation time: 0.0
selfdapql total # operations: 0
selfdapql dfs avg read time: 0.0
selfdapql DN_FILE_POINTER in end: 489131
read proportion = 0.01
write_proportion = 0.99
selfdapql blockedFlushCount: 0
selfdapql unblockedFlushCount: 0
selfdapql evictCount: 0
selfdapql No Tuning
----------------------------------------------------------
selfdapql AM_FILE_POINTER in begining: 5165672
selfdapql filelengh: 5763138
log_evicted_initial: 0
log_evicted_last: 13526
log_evicted_count: 13526
storeFileSize: 1.4669373
selfdapql AM_FILE_POINTER in end: 5763138
selfdapql RS_FILE_POINTER in begining: 5345478
selfdapql rs_filelengh: 8927605
selfdapql blocking update blocking_updates_count: 0
selfdapql blocking update avg total_blocking_time: 0.0
selfdapql RS_FILE_POINTER in end: 8927605
selfdapql DN_FILE_POINTER in begining: 489131
selfdapql dn_filelength: 544424
selfdapql total operation time: 80361.0
selfdapql total # operations: 25885
selfdapql dfs avg read time: 3.1045394
selfdapql DN_FILE_POINTER in end: 544424
read proportion = 0.01
write_proportion = 0.99
selfdapql blockedFlushCount: 0
selfdapql unblockedFlushCount: 0
selfdapql evictCount: 13526
selfdapql current cache size: 4.8
selfdapql data size: 1.4669373
selfdapql cache-data ratio: 0.8180309
selfdapql probability ratio: 0.8306378346638077
selfdapql pc by pm ratio: Infinity
selfdapql pc_by_pm * am_blockCacheEvictionCount: Infinity
selfdapql rslog_blocking_updates_count: 0
selfdapql newBlockCacheSize: 0.45000002
selfdapql newMemstoreSize: 0.35
