----------------------------------------------------------
selfdapql AM_FILE_POINTER in begining: 0
selfdapql filelengh: 403231
log_evicted_initial: 0
log_evicted_last: 0
log_evicted_count: 0
storeFileSize: 0.29848707
selfdapql AM_FILE_POINTER in end: 403231
selfdapql RS_FILE_POINTER in begining: 0
selfdapql rs_filelengh: 1108015
selfdapql blocking update blocking_updates_count: 0
selfdapql blocking update avg total_blocking_time: 0.0
selfdapql RS_FILE_POINTER in end: 1108015
selfdapql DN_FILE_POINTER in begining: 0
selfdapql dn_filelength: 77473
selfdapql total operation time: 46063.0
selfdapql total # operations: 6134
selfdapql dfs avg read time: 7.5094557
selfdapql DN_FILE_POINTER in end: 77473
read proportion = 0.1
write_proportion = 0.9
selfdapql blockedFlushCount: 0
selfdapql unblockedFlushCount: 0
selfdapql evictCount: 0
selfdapql No Tuning
----------------------------------------------------------
selfdapql AM_FILE_POINTER in begining: 403231
selfdapql filelengh: 1000136
log_evicted_initial: 0
log_evicted_last: 0
log_evicted_count: 0
storeFileSize: 1.6465731
selfdapql AM_FILE_POINTER in end: 1000136
selfdapql RS_FILE_POINTER in begining: 1108015
selfdapql rs_filelengh: 5780679
selfdapql blocking update blocking_updates_count: 40
selfdapql blocking update avg total_blocking_time: 13635.875
selfdapql RS_FILE_POINTER in end: 5780679
selfdapql DN_FILE_POINTER in begining: 77473
selfdapql dn_filelength: 133083
selfdapql total operation time: 145573.0
selfdapql total # operations: 34635
selfdapql dfs avg read time: 4.2030606
selfdapql DN_FILE_POINTER in end: 133083
read proportion = 0.1
write_proportion = 0.9
selfdapql blockedFlushCount: 0
selfdapql unblockedFlushCount: 0
selfdapql evictCount: 0
selfdapql current cache size: 4.8
selfdapql data size: 1.6465731
selfdapql cache-data ratio: 0.7287864
selfdapql probability ratio: 0.9945893954088822
selfdapql pc by pm ratio: 3.4063085005212595E-5
selfdapql pc_by_pm * am_blockCacheEvictionCount: 0.0
selfdapql rslog_blocking_updates_count: 40
selfdapql newBlockCacheSize: 0.35
selfdapql newMemstoreSize: 0.45000002
----------------------------------------------------------
selfdapql AM_FILE_POINTER in begining: 1000136
selfdapql filelengh: 1598374
log_evicted_initial: 0
log_evicted_last: 8649
log_evicted_count: 8649
storeFileSize: 3.0371103
selfdapql AM_FILE_POINTER in end: 1598374
selfdapql RS_FILE_POINTER in begining: 5780679
selfdapql rs_filelengh: 11069224
selfdapql blocking update blocking_updates_count: 40
selfdapql blocking update avg total_blocking_time: 12680.575
selfdapql RS_FILE_POINTER in end: 11069224
selfdapql DN_FILE_POINTER in begining: 133083
selfdapql dn_filelength: 185943
selfdapql total operation time: 782559.0
selfdapql total # operations: 30524
selfdapql dfs avg read time: 25.637499
selfdapql DN_FILE_POINTER in end: 185943
read proportion = 0.1
write_proportion = 0.9
selfdapql blockedFlushCount: 0
selfdapql unblockedFlushCount: 0
selfdapql evictCount: 8649
selfdapql current cache size: 4.2
selfdapql data size: 3.0371103
selfdapql cache-data ratio: 0.34572336
selfdapql probability ratio: 0.816749327254765
selfdapql pc by pm ratio: 1.8347757286223904E-4
selfdapql pc_by_pm * am_blockCacheEvictionCount: 1.5868975276855055
selfdapql rslog_blocking_updates_count: 40
selfdapql newBlockCacheSize: 0.29999998
selfdapql newMemstoreSize: 0.5
----------------------------------------------------------
selfdapql AM_FILE_POINTER in begining: 1598374
selfdapql filelengh: 2197646
log_evicted_initial: 8649
log_evicted_last: 81312
log_evicted_count: 72663
storeFileSize: 4.6880083
selfdapql AM_FILE_POINTER in end: 2197646
selfdapql RS_FILE_POINTER in begining: 11069224
selfdapql rs_filelengh: 22424104
selfdapql blocking update blocking_updates_count: 62
selfdapql blocking update avg total_blocking_time: 3424.6775
selfdapql RS_FILE_POINTER in end: 22424104
selfdapql DN_FILE_POINTER in begining: 185943
selfdapql dn_filelength: 241815
selfdapql total operation time: 1457743.0
selfdapql total # operations: 72036
selfdapql dfs avg read time: 20.236313
selfdapql DN_FILE_POINTER in end: 241815
read proportion = 0.1
write_proportion = 0.9
selfdapql blockedFlushCount: 0
selfdapql unblockedFlushCount: 0
selfdapql evictCount: 72663
selfdapql current cache size: 3.6
selfdapql data size: 4.6880083
selfdapql cache-data ratio: 0.19197917
selfdapql probability ratio: 0.5737246430026783
selfdapql pc by pm ratio: 3.766801293432576E-4
selfdapql pc_by_pm * am_blockCacheEvictionCount: 27.370708238469128
selfdapql rslog_blocking_updates_count: 62
selfdapql newBlockCacheSize: 0.24999999
selfdapql newMemstoreSize: 0.55
----------------------------------------------------------
selfdapql AM_FILE_POINTER in begining: 2197646
selfdapql filelengh: 2797180
log_evicted_initial: 85942
log_evicted_last: 193686
log_evicted_count: 107744
storeFileSize: 6.36391
selfdapql AM_FILE_POINTER in end: 2797180
selfdapql RS_FILE_POINTER in begining: 22424104
selfdapql rs_filelengh: 40198150
selfdapql blocking update blocking_updates_count: 20
selfdapql blocking update avg total_blocking_time: 3883.25
selfdapql RS_FILE_POINTER in end: 40198150
selfdapql DN_FILE_POINTER in begining: 241815
selfdapql dn_filelength: 297741
selfdapql total operation time: 2069333.0
selfdapql total # operations: 106842
selfdapql dfs avg read time: 19.36816
selfdapql DN_FILE_POINTER in end: 297741
read proportion = 0.1
write_proportion = 0.9
selfdapql blockedFlushCount: 0
selfdapql unblockedFlushCount: 0
selfdapql evictCount: 121023
selfdapql current cache size: 2.9999998
selfdapql data size: 6.36391
selfdapql cache-data ratio: 0.11785206
selfdapql probability ratio: 0.3944282116694615
selfdapql pc by pm ratio: 2.185840712068376E-4
selfdapql pc_by_pm * am_blockCacheEvictionCount: 23.551122168109508
selfdapql rslog_blocking_updates_count: 20
selfdapql newBlockCacheSize: 0.29999998
selfdapql newMemstoreSize: 0.5
----------------------------------------------------------
selfdapql AM_FILE_POINTER in begining: 2797180
selfdapql filelengh: 3396962
log_evicted_initial: 197543
log_evicted_last: 296803
log_evicted_count: 99260
storeFileSize: 8.3513365
selfdapql AM_FILE_POINTER in end: 3396962
selfdapql RS_FILE_POINTER in begining: 40198150
selfdapql rs_filelengh: 59674599
selfdapql blocking update blocking_updates_count: 0
selfdapql blocking update avg total_blocking_time: 0.0
selfdapql RS_FILE_POINTER in end: 59674599
selfdapql DN_FILE_POINTER in begining: 297741
selfdapql dn_filelength: 353647
selfdapql total operation time: 2420462.0
selfdapql total # operations: 117496
selfdapql dfs avg read time: 20.600378
selfdapql DN_FILE_POINTER in end: 353647
read proportion = 0.1
write_proportion = 0.9
selfdapql blockedFlushCount: 0
selfdapql unblockedFlushCount: 0
selfdapql evictCount: 175780
selfdapql current cache size: 3.6
selfdapql data size: 8.3513365
selfdapql cache-data ratio: 0.10776718
selfdapql probability ratio: 0.36625753735004296
selfdapql pc by pm ratio: Infinity
selfdapql pc_by_pm * am_blockCacheEvictionCount: Infinity
selfdapql rslog_blocking_updates_count: 0
selfdapql newBlockCacheSize: 0.35
selfdapql newMemstoreSize: 0.45
----------------------------------------------------------
selfdapql AM_FILE_POINTER in begining: 3396962
selfdapql filelengh: 3997022
log_evicted_initial: 303749
log_evicted_last: 412293
log_evicted_count: 108544
storeFileSize: 10.669516
selfdapql AM_FILE_POINTER in end: 3997022
selfdapql RS_FILE_POINTER in begining: 59674599
selfdapql rs_filelengh: 81250919
selfdapql blocking update blocking_updates_count: 0
selfdapql blocking update avg total_blocking_time: 0.0
selfdapql RS_FILE_POINTER in end: 81250919
selfdapql DN_FILE_POINTER in begining: 353647
selfdapql dn_filelength: 406664
selfdapql total operation time: 2918915.0
selfdapql total # operations: 120347
selfdapql dfs avg read time: 24.254156
selfdapql DN_FILE_POINTER in end: 406664
read proportion = 0.1
write_proportion = 0.9
selfdapql blockedFlushCount: 0
selfdapql unblockedFlushCount: 0
selfdapql evictCount: 239213
selfdapql current cache size: 4.2
selfdapql data size: 10.669516
selfdapql cache-data ratio: 0.09841121
selfdapql probability ratio: 0.3392547838538833
selfdapql pc by pm ratio: Infinity
selfdapql pc_by_pm * am_blockCacheEvictionCount: Infinity
selfdapql rslog_blocking_updates_count: 0
selfdapql newBlockCacheSize: 0.4
selfdapql newMemstoreSize: 0.39999998
----------------------------------------------------------
selfdapql AM_FILE_POINTER in begining: 3997022
selfdapql filelengh: 4596972
log_evicted_initial: 420394
log_evicted_last: 538340
log_evicted_count: 117946
storeFileSize: 12.534844
selfdapql AM_FILE_POINTER in end: 4596972
selfdapql RS_FILE_POINTER in begining: 81250919
selfdapql rs_filelengh: 104589177
selfdapql blocking update blocking_updates_count: 0
selfdapql blocking update avg total_blocking_time: 0.0
selfdapql RS_FILE_POINTER in end: 104589177
selfdapql DN_FILE_POINTER in begining: 406664
selfdapql dn_filelength: 459750
selfdapql total operation time: 2866381.0
selfdapql total # operations: 129084
selfdapql dfs avg read time: 22.20555
selfdapql DN_FILE_POINTER in end: 459750
read proportion = 0.1
write_proportion = 0.9
selfdapql blockedFlushCount: 0
selfdapql unblockedFlushCount: 0
selfdapql evictCount: 302213
selfdapql current cache size: 4.8
selfdapql data size: 12.534844
selfdapql cache-data ratio: 0.09573314
selfdapql probability ratio: 0.33136915076546025
selfdapql pc by pm ratio: Infinity
selfdapql pc_by_pm * am_blockCacheEvictionCount: Infinity
selfdapql rslog_blocking_updates_count: 0
selfdapql newBlockCacheSize: 0.45000002
selfdapql newMemstoreSize: 0.34999996
----------------------------------------------------------
selfdapql AM_FILE_POINTER in begining: 4596972
selfdapql filelengh: 5197239
log_evicted_initial: 547598
log_evicted_last: 663816
log_evicted_count: 116218
storeFileSize: 14.224334
selfdapql AM_FILE_POINTER in end: 5197239
selfdapql RS_FILE_POINTER in begining: 104589177
selfdapql rs_filelengh: 127395908
selfdapql blocking update blocking_updates_count: 0
selfdapql blocking update avg total_blocking_time: 0.0
selfdapql RS_FILE_POINTER in end: 127395908
selfdapql DN_FILE_POINTER in begining: 459750
selfdapql dn_filelength: 512865
selfdapql total operation time: 3093952.0
selfdapql total # operations: 125328
selfdapql dfs avg read time: 24.686838
selfdapql DN_FILE_POINTER in end: 512865
read proportion = 0.1
write_proportion = 0.9
selfdapql blockedFlushCount: 0
selfdapql unblockedFlushCount: 0
selfdapql evictCount: 365075
selfdapql current cache size: 5.4
selfdapql data size: 14.224334
selfdapql cache-data ratio: 0.09490778
selfdapql probability ratio: 0.32892452974571085
selfdapql pc by pm ratio: Infinity
selfdapql pc_by_pm * am_blockCacheEvictionCount: Infinity
selfdapql rslog_blocking_updates_count: 0
selfdapql newBlockCacheSize: 0.5
selfdapql newMemstoreSize: 0.29999995
