threshold: 700.0
threshold: 200.0
----------------------------------------------------------
selfdapql AM_FILE_POINTER in begining: 0
selfdapql filelengh: 337363
log_evicted_initial: 0
log_evicted_last: 0
log_evicted_count: 0
storeFileSize: 0.12838928
selfdapql AM_FILE_POINTER in end: 337363
selfdapql RS_FILE_POINTER in begining: 0
selfdapql rs_filelengh: 412325
selfdapql blocking update blocking_updates_count: 0
selfdapql blocking update avg total_blocking_time: 0.0
selfdapql RS_FILE_POINTER in end: 412325
selfdapql DN_FILE_POINTER in begining: 0
selfdapql dn_filelength: 80306
selfdapql total operation time: 30148.0
selfdapql total # operations: 430
selfdapql dfs avg read time: 70.111626
selfdapql DN_FILE_POINTER in end: 80306
threshold: 700.0
threshold: 200.0
----------------------------------------------------------
selfdapql AM_FILE_POINTER in begining: 337363
selfdapql filelengh: 1066247
log_evicted_initial: 0
log_evicted_last: 0
log_evicted_count: 0
storeFileSize: 1.6838588
selfdapql AM_FILE_POINTER in end: 1066247
selfdapql RS_FILE_POINTER in begining: 412325
selfdapql rs_filelengh: 1167495
selfdapql blocking update blocking_updates_count: 80
selfdapql blocking update avg total_blocking_time: 32724.312
selfdapql RS_FILE_POINTER in end: 1167495
selfdapql DN_FILE_POINTER in begining: 80306
selfdapql dn_filelength: 132905
selfdapql total operation time: 62243.0
selfdapql total # operations: 4237
selfdapql dfs avg read time: 14.690347
selfdapql DN_FILE_POINTER in end: 132905
selfdapql newBlockCacheSize: 0.35
selfdapql newMemstoreSize: 0.45000002
threshold: 700.0
threshold: 200.0
----------------------------------------------------------
selfdapql AM_FILE_POINTER in begining: 1066247
selfdapql filelengh: 1663853
log_evicted_initial: 0
log_evicted_last: 0
log_evicted_count: 0
storeFileSize: 3.1481168
selfdapql AM_FILE_POINTER in end: 1663853
selfdapql RS_FILE_POINTER in begining: 1167495
selfdapql rs_filelengh: 4257527
selfdapql blocking update blocking_updates_count: 120
selfdapql blocking update avg total_blocking_time: 27313.434
selfdapql RS_FILE_POINTER in end: 4257527
selfdapql DN_FILE_POINTER in begining: 132905
selfdapql dn_filelength: 185654
selfdapql total operation time: 298934.0
selfdapql total # operations: 8120
selfdapql dfs avg read time: 36.814533
selfdapql DN_FILE_POINTER in end: 185654
selfdapql newBlockCacheSize: 0.29999998
selfdapql newMemstoreSize: 0.5
threshold: 700.0
threshold: 200.0
----------------------------------------------------------
selfdapql AM_FILE_POINTER in begining: 1663853
selfdapql filelengh: 2262408
log_evicted_initial: 0
log_evicted_last: 4515
log_evicted_count: 4515
storeFileSize: 4.6814404
selfdapql AM_FILE_POINTER in end: 2262408
selfdapql RS_FILE_POINTER in begining: 4257527
selfdapql rs_filelengh: 9516252
selfdapql blocking update blocking_updates_count: 99
selfdapql blocking update avg total_blocking_time: 28024.516
selfdapql RS_FILE_POINTER in end: 9516252
selfdapql DN_FILE_POINTER in begining: 185654
selfdapql dn_filelength: 241471
selfdapql total operation time: 662442.0
selfdapql total # operations: 10140
selfdapql dfs avg read time: 65.32958
selfdapql DN_FILE_POINTER in end: 241471
selfdapql newBlockCacheSize: 0.35
selfdapql newMemstoreSize: 0.45
threshold: 700.0
threshold: 200.0
----------------------------------------------------------
selfdapql AM_FILE_POINTER in begining: 2262408
selfdapql filelengh: 2595294
log_evicted_initial: 4515
log_evicted_last: 7734
log_evicted_count: 3219
storeFileSize: 5.8434024
selfdapql AM_FILE_POINTER in end: 2595294
selfdapql RS_FILE_POINTER in begining: 9516252
selfdapql rs_filelengh: 13254420
selfdapql blocking update blocking_updates_count: 81
selfdapql blocking update avg total_blocking_time: 28176.729
selfdapql RS_FILE_POINTER in end: 13254420
selfdapql DN_FILE_POINTER in begining: 241471
selfdapql dn_filelength: 311840
selfdapql total operation time: 290852.0
selfdapql total # operations: 5579
selfdapql dfs avg read time: 52.133358
selfdapql DN_FILE_POINTER in end: 311840
selfdapql newBlockCacheSize: 0.4
selfdapql newMemstoreSize: 0.39999998
threshold: 700.0
threshold: 200.0
----------------------------------------------------------
selfdapql AM_FILE_POINTER in begining: 2595294
selfdapql filelengh: 3660925
log_evicted_initial: 7734
log_evicted_last: 11930
log_evicted_count: 4196
storeFileSize: 7.471759
selfdapql AM_FILE_POINTER in end: 3660925
selfdapql RS_FILE_POINTER in begining: 13254420
selfdapql rs_filelengh: 19303012
selfdapql blocking update blocking_updates_count: 89
selfdapql blocking update avg total_blocking_time: 37188.36
selfdapql RS_FILE_POINTER in end: 19303012
selfdapql DN_FILE_POINTER in begining: 311840
selfdapql dn_filelength: 367700
selfdapql total operation time: 1403688.0
selfdapql total # operations: 10908
selfdapql dfs avg read time: 128.68427
selfdapql DN_FILE_POINTER in end: 367700
selfdapql newBlockCacheSize: 0.45000002
selfdapql newMemstoreSize: 0.34999996
threshold: 700.0
threshold: 200.0
----------------------------------------------------------
selfdapql AM_FILE_POINTER in begining: 3660925
selfdapql filelengh: 4260990
log_evicted_initial: 11930
log_evicted_last: 17091
log_evicted_count: 5161
storeFileSize: 9.373152
selfdapql AM_FILE_POINTER in end: 4260990
selfdapql RS_FILE_POINTER in begining: 19303012
selfdapql rs_filelengh: 25721557
selfdapql blocking update blocking_updates_count: 173
selfdapql blocking update avg total_blocking_time: 17859.658
selfdapql RS_FILE_POINTER in end: 25721557
selfdapql DN_FILE_POINTER in begining: 367700
selfdapql dn_filelength: 420648
selfdapql total operation time: 989186.0
selfdapql total # operations: 12922
selfdapql dfs avg read time: 76.55054
selfdapql DN_FILE_POINTER in end: 420648
selfdapql newBlockCacheSize: 0.5
selfdapql newMemstoreSize: 0.29999995
threshold: 700.0
threshold: 200.0
----------------------------------------------------------
selfdapql AM_FILE_POINTER in begining: 4260990
selfdapql filelengh: 4861286
log_evicted_initial: 17091
log_evicted_last: 24398
log_evicted_count: 7307
storeFileSize: 11.20836
selfdapql AM_FILE_POINTER in end: 4861286
selfdapql RS_FILE_POINTER in begining: 25721557
selfdapql rs_filelengh: 32111026
selfdapql blocking update blocking_updates_count: 268
selfdapql blocking update avg total_blocking_time: 11554.283
selfdapql RS_FILE_POINTER in end: 32111026
selfdapql DN_FILE_POINTER in begining: 420648
selfdapql dn_filelength: 473655
selfdapql total operation time: 1061977.0
selfdapql total # operations: 13126
selfdapql dfs avg read time: 80.90637
selfdapql DN_FILE_POINTER in end: 473655
selfdapql newBlockCacheSize: 0.55
selfdapql newMemstoreSize: 0.24999996
threshold: 700.0
threshold: 200.0
----------------------------------------------------------
selfdapql AM_FILE_POINTER in begining: 4861286
selfdapql filelengh: 5461511
log_evicted_initial: 24398
log_evicted_last: 24398
log_evicted_count: 0
storeFileSize: 13.266054
selfdapql AM_FILE_POINTER in end: 5461511
selfdapql RS_FILE_POINTER in begining: 32111026
selfdapql rs_filelengh: 38421321
selfdapql blocking update blocking_updates_count: 202
selfdapql blocking update avg total_blocking_time: 12519.931
selfdapql RS_FILE_POINTER in end: 38421321
selfdapql DN_FILE_POINTER in begining: 473655
selfdapql dn_filelength: 526641
selfdapql total operation time: 1714740.0
selfdapql total # operations: 13644
selfdapql dfs avg read time: 125.67722
selfdapql DN_FILE_POINTER in end: 526641
selfdapql newBlockCacheSize: 0.5
selfdapql newMemstoreSize: 0.29999995
threshold: 700.0
threshold: 200.0
----------------------------------------------------------
selfdapql AM_FILE_POINTER in begining: 5461511
selfdapql filelengh: 6061967
log_evicted_initial: 24398
log_evicted_last: 33753
log_evicted_count: 9355
storeFileSize: 14.212606
selfdapql AM_FILE_POINTER in end: 6061967
selfdapql RS_FILE_POINTER in begining: 38421321
selfdapql rs_filelengh: 42128213
selfdapql blocking update blocking_updates_count: 70
selfdapql blocking update avg total_blocking_time: 28025.186
selfdapql RS_FILE_POINTER in end: 42128213
selfdapql DN_FILE_POINTER in begining: 526641
selfdapql dn_filelength: 576625
selfdapql total operation time: 1134683.0
selfdapql total # operations: 6378
selfdapql dfs avg read time: 177.90578
selfdapql DN_FILE_POINTER in end: 576625
selfdapql newBlockCacheSize: 0.55
selfdapql newMemstoreSize: 0.24999996
threshold: 700.0
threshold: 200.0
----------------------------------------------------------
selfdapql AM_FILE_POINTER in begining: 6061967
selfdapql filelengh: 6662408
log_evicted_initial: 33753
log_evicted_last: 33753
log_evicted_count: 0
storeFileSize: 16.216093
selfdapql AM_FILE_POINTER in end: 6662408
selfdapql RS_FILE_POINTER in begining: 42128213
selfdapql rs_filelengh: 48666468
selfdapql blocking update blocking_updates_count: 177
selfdapql blocking update avg total_blocking_time: 16186.039
selfdapql RS_FILE_POINTER in end: 48666468
selfdapql DN_FILE_POINTER in begining: 576625
selfdapql dn_filelength: 629691
selfdapql total operation time: 1594812.0
selfdapql total # operations: 13021
selfdapql dfs avg read time: 122.479996
selfdapql DN_FILE_POINTER in end: 629691
selfdapql newBlockCacheSize: 0.5
selfdapql newMemstoreSize: 0.29999995
