+ filename=case348
+ requestdistribution=
+ RESULT_DIR=/home/hadoop/git/physical_design/caseresult/case348
+ TEN=10
+ SIXTY=60
+ SLEEP_TIME=60
+ YCSB_DIR=/home/hadoop/ycsb-0.1.4
+ number_of_operations=25000000
+ number_of_threads=20
+ number_of_records=25000000
+ output_file_suffix=.dat
+ experiment_list_file=/home/hadoop/git/physical_design/case348.list
+ clean=false
+ create=false
+ load=false
+ random_read=false
+ workloada=false
+ workloadb=false
+ workloadc=false
+ workloadc1=false
+ scan=false
+ all=false
+ for i in '$@'
+ '[' case348 == all ']'
+ '[' case348 == clean ']'
+ '[' case348 == create ']'
+ '[' case348 == load ']'
+ '[' case348 == random_read ']'
+ '[' case348 == scan ']'
+ '[' case348 == workloada ']'
+ '[' case348 == workloadb ']'
+ '[' case348 == workloadc ']'
+ '[' case348 == workloadc1 ']'
+ '[' case348 == zipfian ']'
+ '[' case348 == uniform ']'
+ for i in '$@'
+ '[' clean == all ']'
+ '[' clean == clean ']'
+ clean=true
+ for i in '$@'
+ '[' create == all ']'
+ '[' create == clean ']'
+ '[' create == create ']'
+ create=true
+ for i in '$@'
+ '[' workloadc1 == all ']'
+ '[' workloadc1 == clean ']'
+ '[' workloadc1 == create ']'
+ '[' workloadc1 == load ']'
+ '[' workloadc1 == random_read ']'
+ '[' workloadc1 == scan ']'
+ '[' workloadc1 == workloada ']'
+ '[' workloadc1 == workloadb ']'
+ '[' workloadc1 == workloadc ']'
+ '[' workloadc1 == workloadc1 ']'
+ workloadc1=true
+ for i in '$@'
+ '[' zipfian == all ']'
+ '[' zipfian == clean ']'
+ '[' zipfian == create ']'
+ '[' zipfian == load ']'
+ '[' zipfian == random_read ']'
+ '[' zipfian == scan ']'
+ '[' zipfian == workloada ']'
+ '[' zipfian == workloadb ']'
+ '[' zipfian == workloadc ']'
+ '[' zipfian == workloadc1 ']'
+ '[' zipfian == zipfian ']'
+ requestdistribution=zipfian
+ let counter=1
+ cd /home/hadoop/ycsb-0.1.4
++ pwd
+ echo /home/hadoop/ycsb-0.1.4
/home/hadoop/ycsb-0.1.4
+ read line
+ false
+ true
+ echo 'sleeping for 60 ...'
sleeping for 60 ...
+ sleep 60
+ echo 'droping usertable...'
droping usertable...
+ ssh hadoop@slave1 /home/hadoop/hbase/bin/hbase-daemon.sh start regionserver
starting regionserver, logging to /home/hadoop/hbase/bin/../logs/hbase-hadoop-regionserver-sceplus-vm49.out
+ ssh hadoop@master /home/hadoop/hbase/bin/hbase shell /home/hadoop/git/physical_design/delete_table
2014-08-11 04:52:07,850 WARN  [main] util.NativeCodeLoader: Unable to load native-hadoop library for your platform... using builtin-java classes where applicable
0 row(s) in 3.0260 seconds

0 row(s) in 2.2940 seconds

0 row(s) in 0.0930 seconds

+ echo 'sleeping for 60 ...'
sleeping for 60 ...
+ sleep 60
+ false
+ true
+ echo 'creating usertable...'
creating usertable...
+ create_statement='create '\''usertable'\'', { NAME=>'\''family'\'', COMPRESSION=>'\''GZ'\''}, SPLITS => ['\''user1'\'', '\''user2'\'', '\''user3'\'', '\''user4'\'', '\''user5'\'', '\''user6'\'', '\''user7'\'', '\''user8'\'', '\''user9'\'']'
+ echo create ''\''usertable'\'',' '{' 'NAME=>'\''family'\'',' 'COMPRESSION=>'\''GZ'\''},' SPLITS '=>' '['\''user1'\'',' ''\''user2'\'',' ''\''user3'\'',' ''\''user4'\'',' ''\''user5'\'',' ''\''user6'\'',' ''\''user7'\'',' ''\''user8'\'',' ''\''user9'\'']'
+ echo 'exit '
+ scp /home/hadoop/git/physical_design/caseresult/case348/create_1.script hadoop@master:/home/hadoop/git/physical_design/caseresult/case348/create_1.script
+ create_table /home/hadoop/git/physical_design/caseresult/case348/create_1.script
+ echo 'creating table...'
creating table...
+ echo /home/hadoop/git/physical_design/caseresult/case348/create_1.script
/home/hadoop/git/physical_design/caseresult/case348/create_1.script
+ ssh hadoop@master /home/hadoop/hbase/bin/hbase shell /home/hadoop/git/physical_design/caseresult/case348/create_1.script
2014-08-11 04:53:20,471 WARN  [main] util.NativeCodeLoader: Unable to load native-hadoop library for your platform... using builtin-java classes where applicable
0 row(s) in 2.5560 seconds

+ echo 'sleeping for 10 sec ...'
sleeping for 10 sec ...
+ sleep 10
+ false
+ false
+ false
+ false
+ false
+ false
+ false
+ false
+ false
+ false
+ false
+ false
+ false
+ true
+ echo workloadc1...
workloadc1...
+ echo 'start time: '
start time: 
++ date +%s
+ echo 1407729548
1407729548
++ echo /home/hadoop/git/physical_design/caseresult/case348/workloadc1_1.dat
+ ./workloadc1 25000000 20 /home/hadoop/git/physical_design/caseresult/case348/workloadc1_1.dat
Loading workload...
Starting test.
2014-08-10 20:59:08:463 0 sec: 0 operations; 
14/08/10 20:59:08 INFO zookeeper.ZooKeeper: Client environment:zookeeper.version=3.4.6-1569965, built on 02/20/2014 09:09 GMT
14/08/10 20:59:08 INFO zookeeper.ZooKeeper: Client environment:host.name=sceplus-vm43.almaden.ibm.com
14/08/10 20:59:08 INFO zookeeper.ZooKeeper: Client environment:java.version=1.6.0_31
14/08/10 20:59:08 INFO zookeeper.ZooKeeper: Client environment:java.vendor=Sun Microsystems Inc.
14/08/10 20:59:08 INFO zookeeper.ZooKeeper: Client environment:java.home=/usr/lib/jvm/java-6-openjdk-amd64/jre
14/08/10 20:59:08 INFO zookeeper.ZooKeeper: Client environment:java.class.path=/home/hadoop/ycsb-0.1.4/hbase-binding/lib/hbase-binding-0.1.4.jar:/home/hadoop/ycsb-0.1.4/hbase-binding/conf:/home/hadoop/ycsb-0.1.4/core/lib/core-0.1.4.jar:/home/hadoop/ycsb-0.1.4/jdbc-binding/conf
14/08/10 20:59:08 INFO zookeeper.ZooKeeper: Client environment:java.library.path=/usr/lib/jvm/java-6-openjdk-amd64/jre/lib/amd64/server:/usr/lib/jvm/java-6-openjdk-amd64/jre/lib/amd64:/usr/lib/jvm/java-6-openjdk-amd64/jre/../lib/amd64:/usr/java/packages/lib/amd64:/usr/lib/jni:/lib:/usr/lib
14/08/10 20:59:08 INFO zookeeper.ZooKeeper: Client environment:java.io.tmpdir=/tmp
14/08/10 20:59:08 INFO zookeeper.ZooKeeper: Client environment:java.compiler=<NA>
14/08/10 20:59:08 INFO zookeeper.ZooKeeper: Client environment:os.name=Linux
14/08/10 20:59:08 INFO zookeeper.ZooKeeper: Client environment:os.arch=amd64
14/08/10 20:59:08 INFO zookeeper.ZooKeeper: Client environment:os.version=3.13.0-24-generic
14/08/10 20:59:08 INFO zookeeper.ZooKeeper: Client environment:user.name=hadoop
14/08/10 20:59:08 INFO zookeeper.ZooKeeper: Client environment:user.home=/home/hadoop
14/08/10 20:59:08 INFO zookeeper.ZooKeeper: Client environment:user.dir=/home/hadoop/ycsb-0.1.4
14/08/10 20:59:08 INFO zookeeper.ZooKeeper: Initiating client connection, connectString=sceplus-vm49.almaden.ibm.com:2181,sceplus-vm48.almaden.ibm.com:2181 sessionTimeout=90000 watcher=hconnection-0x62565cf8, quorum=sceplus-vm49.almaden.ibm.com:2181,sceplus-vm48.almaden.ibm.com:2181, baseZNode=/hbase
14/08/10 20:59:08 INFO zookeeper.ClientCnxn: Opening socket connection to server master/9.1.143.58:2181. Will not attempt to authenticate using SASL (unknown error)
14/08/10 20:59:08 INFO zookeeper.RecoverableZooKeeper: Process identifier=hconnection-0x62565cf8 connecting to ZooKeeper ensemble=sceplus-vm49.almaden.ibm.com:2181,sceplus-vm48.almaden.ibm.com:2181
14/08/10 20:59:08 INFO zookeeper.ClientCnxn: Socket connection established to master/9.1.143.58:2181, initiating session
14/08/10 20:59:08 INFO zookeeper.ClientCnxn: Session establishment complete on server master/9.1.143.58:2181, sessionid = 0x47c4e824a3000d, negotiated timeout = 90000
14/08/10 20:59:09 WARN util.DynamicClassLoader: Failed to identify the fs of dir hdfs://master:54310/hbase/lib, ignored
org.apache.hadoop.ipc.RemoteException: Server IPC version 9 cannot communicate with client version 4
	at org.apache.hadoop.ipc.Client.call(Client.java:1113)
	at org.apache.hadoop.ipc.RPC$Invoker.invoke(RPC.java:229)
	at com.sun.proxy.$Proxy5.getProtocolVersion(Unknown Source)
	at sun.reflect.NativeMethodAccessorImpl.invoke0(Native Method)
	at sun.reflect.NativeMethodAccessorImpl.invoke(NativeMethodAccessorImpl.java:57)
	at sun.reflect.DelegatingMethodAccessorImpl.invoke(DelegatingMethodAccessorImpl.java:43)
	at java.lang.reflect.Method.invoke(Method.java:622)
	at org.apache.hadoop.io.retry.RetryInvocationHandler.invokeMethod(RetryInvocationHandler.java:85)
	at org.apache.hadoop.io.retry.RetryInvocationHandler.invoke(RetryInvocationHandler.java:62)
	at com.sun.proxy.$Proxy5.getProtocolVersion(Unknown Source)
	at org.apache.hadoop.ipc.RPC.checkVersion(RPC.java:422)
	at org.apache.hadoop.hdfs.DFSClient.createNamenode(DFSClient.java:183)
	at org.apache.hadoop.hdfs.DFSClient.<init>(DFSClient.java:281)
	at org.apache.hadoop.hdfs.DFSClient.<init>(DFSClient.java:245)
	at org.apache.hadoop.hdfs.DistributedFileSystem.initialize(DistributedFileSystem.java:100)
	at org.apache.hadoop.fs.FileSystem.createFileSystem(FileSystem.java:1446)
	at org.apache.hadoop.fs.FileSystem.access$200(FileSystem.java:67)
	at org.apache.hadoop.fs.FileSystem$Cache.get(FileSystem.java:1464)
	at org.apache.hadoop.fs.FileSystem.get(FileSystem.java:263)
	at org.apache.hadoop.fs.Path.getFileSystem(Path.java:187)
	at org.apache.hadoop.hbase.util.DynamicClassLoader.<init>(DynamicClassLoader.java:104)
	at org.apache.hadoop.hbase.protobuf.ProtobufUtil.<clinit>(ProtobufUtil.java:202)
	at org.apache.hadoop.hbase.ClusterId.parseFrom(ClusterId.java:64)
	at org.apache.hadoop.hbase.zookeeper.ZKClusterId.readClusterIdZNode(ZKClusterId.java:69)
	at org.apache.hadoop.hbase.client.ZooKeeperRegistry.getClusterId(ZooKeeperRegistry.java:83)
	at org.apache.hadoop.hbase.client.HConnectionManager$HConnectionImplementation.retrieveClusterId(HConnectionManager.java:858)
	at org.apache.hadoop.hbase.client.HConnectionManager$HConnectionImplementation.<init>(HConnectionManager.java:663)
	at sun.reflect.NativeConstructorAccessorImpl.newInstance0(Native Method)
	at sun.reflect.NativeConstructorAccessorImpl.newInstance(NativeConstructorAccessorImpl.java:57)
	at sun.reflect.DelegatingConstructorAccessorImpl.newInstance(DelegatingConstructorAccessorImpl.java:45)
	at java.lang.reflect.Constructor.newInstance(Constructor.java:534)
	at org.apache.hadoop.hbase.client.HConnectionManager.createConnection(HConnectionManager.java:415)
	at org.apache.hadoop.hbase.client.HConnectionManager.createConnection(HConnectionManager.java:394)
	at org.apache.hadoop.hbase.client.HConnectionManager.getConnection(HConnectionManager.java:275)
	at org.apache.hadoop.hbase.client.HTable.<init>(HTable.java:197)
	at org.apache.hadoop.hbase.client.HTable.<init>(HTable.java:159)
	at com.yahoo.ycsb.db.HBaseClient.getHTable(HBaseClient.java:118)
	at com.yahoo.ycsb.db.HBaseClient.update(HBaseClient.java:302)
	at com.yahoo.ycsb.db.HBaseClient.insert(HBaseClient.java:357)
	at com.yahoo.ycsb.DBWrapper.insert(DBWrapper.java:148)
	at com.yahoo.ycsb.workloads.CoreWorkload.doTransactionInsert(CoreWorkload.java:639)
	at com.yahoo.ycsb.workloads.CoreWorkload.doTransaction(CoreWorkload.java:487)
	at com.yahoo.ycsb.ClientThread.run(Client.java:241)
2014-08-10 20:59:18:464 10 sec: 194997 operations; 19497.75 current ops/sec; [INSERT AverageLatency(us)=686.27] [READ AverageLatency(us)=20857.86] 
2014-08-10 20:59:28:466 20 sec: 450279 operations; 25523.1 current ops/sec; [INSERT AverageLatency(us)=18.5] [READ AverageLatency(us)=79454.35] 
2014-08-10 20:59:38:467 30 sec: 674598 operations; 22429.66 current ops/sec; [INSERT AverageLatency(us)=14.69] [READ AverageLatency(us)=81909.91] 
2014-08-10 20:59:48:469 40 sec: 916011 operations; 24136.47 current ops/sec; [INSERT AverageLatency(us)=15.63] [READ AverageLatency(us)=81463.53] 
2014-08-10 20:59:58:470 50 sec: 1137176 operations; 22114.29 current ops/sec; [INSERT AverageLatency(us)=12.51] [READ AverageLatency(us)=84964.22] 
2014-08-10 21:00:08:472 60 sec: 1355775 operations; 21855.53 current ops/sec; [INSERT AverageLatency(us)=16.46] [READ AverageLatency(us)=90466.09] 
2014-08-10 21:00:18:473 70 sec: 1529893 operations; 17410.06 current ops/sec; [INSERT AverageLatency(us)=16.84] [READ AverageLatency(us)=111843.9] 
2014-08-10 21:00:28:475 80 sec: 1714032 operations; 18412.06 current ops/sec; [INSERT AverageLatency(us)=14.01] [READ AverageLatency(us)=112214.04] 
2014-08-10 21:00:38:476 90 sec: 1775743 operations; 6169.87 current ops/sec; [INSERT AverageLatency(us)=13.02] [READ AverageLatency(us)=102621.77] 
2014-08-10 21:00:48:478 100 sec: 1775743 operations; 0 current ops/sec;   
2014-08-10 21:00:58:479 110 sec: 1775743 operations; 0 current ops/sec;   
2014-08-10 21:01:08:481 120 sec: 1775743 operations; 0 current ops/sec;   
2014-08-10 21:01:18:481 130 sec: 1775743 operations; 0 current ops/sec;   
2014-08-10 21:01:28:482 140 sec: 1775743 operations; 0 current ops/sec;   
2014-08-10 21:01:38:482 150 sec: 1775743 operations; 0 current ops/sec;   
2014-08-10 21:01:48:484 160 sec: 1834136 operations; 5838.13 current ops/sec; [INSERT AverageLatency(us)=13.88] [READ AverageLatency(us)=2434340.48] 
2014-08-10 21:01:58:485 170 sec: 2063361 operations; 22920.21 current ops/sec; [INSERT AverageLatency(us)=14.67] [READ AverageLatency(us)=101555.69] 
2014-08-10 21:02:08:487 180 sec: 2211127 operations; 14773.65 current ops/sec; [INSERT AverageLatency(us)=410.79] [READ AverageLatency(us)=92864.23] 
2014-08-10 21:02:18:489 190 sec: 2404949 operations; 19378.32 current ops/sec; [INSERT AverageLatency(us)=19.97] [READ AverageLatency(us)=83047.88] 
2014-08-10 21:02:28:490 200 sec: 2404949 operations; 0 current ops/sec;   
2014-08-10 21:02:38:492 210 sec: 2526435 operations; 12146.17 current ops/sec; [INSERT AverageLatency(us)=2722.59] [READ AverageLatency(us)=79377.97] 
2014-08-10 21:02:48:493 220 sec: 2769054 operations; 24259.47 current ops/sec; [INSERT AverageLatency(us)=17.3] [READ AverageLatency(us)=76971.55] 
2014-08-10 21:02:58:495 230 sec: 2888725 operations; 11964.71 current ops/sec; [INSERT AverageLatency(us)=33.24] [READ AverageLatency(us)=71127.73] 
2014-08-10 21:03:08:497 240 sec: 2917176 operations; 2844.53 current ops/sec; [INSERT AverageLatency(us)=3171.76] [READ AverageLatency(us)=9070.98] 
2014-08-10 21:03:18:499 250 sec: 3109157 operations; 19194.26 current ops/sec; [INSERT AverageLatency(us)=1315.53] [READ AverageLatency(us)=86189.97] 
2014-08-10 21:03:28:501 260 sec: 3321985 operations; 21278.54 current ops/sec; [INSERT AverageLatency(us)=13.76] [READ AverageLatency(us)=87990.65] 
2014-08-10 21:03:38:502 270 sec: 3434193 operations; 11219.68 current ops/sec; [INSERT AverageLatency(us)=12.63] [READ AverageLatency(us)=48677.12] 
2014-08-10 21:03:48:504 280 sec: 3596303 operations; 16207.76 current ops/sec; [INSERT AverageLatency(us)=1300.53] [READ AverageLatency(us)=79890.38] 
2014-08-10 21:03:58:505 290 sec: 3856438 operations; 26010.9 current ops/sec; [INSERT AverageLatency(us)=12.95] [READ AverageLatency(us)=82532.84] 
2014-08-10 21:04:08:507 300 sec: 3927490 operations; 7103.78 current ops/sec; [INSERT AverageLatency(us)=13.06] [READ AverageLatency(us)=20788.91] 
2014-08-10 21:04:18:509 310 sec: 4034966 operations; 10745.45 current ops/sec; [INSERT AverageLatency(us)=2803.79] [READ AverageLatency(us)=78280.74] 
2014-08-10 21:04:28:511 320 sec: 4231256 operations; 19625.07 current ops/sec; [INSERT AverageLatency(us)=20.16] [READ AverageLatency(us)=98395.87] 
2014-08-10 21:04:38:512 330 sec: 4462123 operations; 23084.39 current ops/sec; [INSERT AverageLatency(us)=87.37] [READ AverageLatency(us)=65499.17] 
2014-08-10 21:04:48:513 340 sec: 4608167 operations; 14602.94 current ops/sec; [INSERT AverageLatency(us)=534.75] [READ AverageLatency(us)=58979.23] 
2014-08-10 21:04:58:515 350 sec: 4809625 operations; 20141.77 current ops/sec; [INSERT AverageLatency(us)=475.04] [READ AverageLatency(us)=79735.23] 
2014-08-10 21:05:08:516 360 sec: 4930862 operations; 12122.49 current ops/sec; [INSERT AverageLatency(us)=751.08] [READ AverageLatency(us)=102804.26] 
2014-08-10 21:05:18:518 370 sec: 5054506 operations; 12363.16 current ops/sec; [INSERT AverageLatency(us)=127.88] [READ AverageLatency(us)=48067.06] 
2014-08-10 21:05:28:640 380 sec: 5294330 operations; 23691 current ops/sec; [INSERT AverageLatency(us)=679.68] [READ AverageLatency(us)=68230.21] 
2014-08-10 21:05:38:641 390 sec: 5328442 operations; 3410.86 current ops/sec; [INSERT AverageLatency(us)=928.85] [READ AverageLatency(us)=68403.22] 
2014-08-10 21:05:48:641 400 sec: 5459378 operations; 13093.6 current ops/sec; [INSERT AverageLatency(us)=1652.82] [READ AverageLatency(us)=90750.11] 
2014-08-10 21:05:58:643 410 sec: 5615886 operations; 15647.67 current ops/sec; [INSERT AverageLatency(us)=15.74] [READ AverageLatency(us)=55629.87] 
2014-08-10 21:06:08:644 420 sec: 5755701 operations; 13980.1 current ops/sec; [INSERT AverageLatency(us)=1412.44] [READ AverageLatency(us)=94117.54] 
2014-08-10 21:06:18:646 430 sec: 5933646 operations; 17792.72 current ops/sec; [INSERT AverageLatency(us)=10.9] [READ AverageLatency(us)=64778.03] 
2014-08-10 21:06:28:647 440 sec: 6061151 operations; 12747.95 current ops/sec; [INSERT AverageLatency(us)=1259.88] [READ AverageLatency(us)=78147.64] 
2014-08-10 21:06:38:648 450 sec: 6232474 operations; 17130.59 current ops/sec; [INSERT AverageLatency(us)=17.79] [READ AverageLatency(us)=55653.7] 
2014-08-10 21:06:48:650 460 sec: 6319555 operations; 8706.36 current ops/sec; [INSERT AverageLatency(us)=2925.67] [READ AverageLatency(us)=84002.5] 
2014-08-10 21:06:58:651 470 sec: 6540800 operations; 22122.29 current ops/sec; [INSERT AverageLatency(us)=14.17] [READ AverageLatency(us)=66778.7] 
2014-08-10 21:07:08:653 480 sec: 6683566 operations; 14273.75 current ops/sec; [INSERT AverageLatency(us)=761.43] [READ AverageLatency(us)=95558.62] 
2014-08-10 21:07:18:654 490 sec: 6849225 operations; 16564.24 current ops/sec; [INSERT AverageLatency(us)=19.32] [READ AverageLatency(us)=49149.31] 
2014-08-10 21:07:28:656 500 sec: 6923528 operations; 7428.81 current ops/sec; [INSERT AverageLatency(us)=3396.28] [READ AverageLatency(us)=77032.75] 
2014-08-10 21:07:38:658 510 sec: 7158072 operations; 23449.71 current ops/sec; [INSERT AverageLatency(us)=33.15] [READ AverageLatency(us)=70078.97] 
2014-08-10 21:07:48:659 520 sec: 7283827 operations; 12574.24 current ops/sec; [INSERT AverageLatency(us)=702.15] [READ AverageLatency(us)=83049.17] 
2014-08-10 21:07:58:660 530 sec: 7482829 operations; 19898.21 current ops/sec; [INSERT AverageLatency(us)=186.46] [READ AverageLatency(us)=64396.2] 
2014-08-10 21:08:08:662 540 sec: 7679538 operations; 19666.97 current ops/sec; [INSERT AverageLatency(us)=357.26] [READ AverageLatency(us)=62720.73] 
2014-08-10 21:08:18:664 550 sec: 7825202 operations; 14564.94 current ops/sec; [INSERT AverageLatency(us)=901.42] [READ AverageLatency(us)=86593.92] 
2014-08-10 21:08:28:665 560 sec: 8002275 operations; 17703.76 current ops/sec; [INSERT AverageLatency(us)=329.18] [READ AverageLatency(us)=70685.48] 
2014-08-10 21:08:38:666 570 sec: 8112016 operations; 10973 current ops/sec; [INSERT AverageLatency(us)=10.57] [READ AverageLatency(us)=85654.49] 
2014-08-10 21:08:48:668 580 sec: 8112016 operations; 0 current ops/sec;   
2014-08-10 21:08:58:670 590 sec: 8112016 operations; 0 current ops/sec;   
2014-08-10 21:09:08:671 600 sec: 8239116 operations; 12708.73 current ops/sec; [INSERT AverageLatency(us)=22.48] [READ AverageLatency(us)=539304.55] 
2014-08-10 21:09:18:673 610 sec: 8239116 operations; 0 current ops/sec;   
2014-08-10 21:09:28:674 620 sec: 8243371 operations; 425.46 current ops/sec; [INSERT AverageLatency(us)=98936.05] [READ AverageLatency(us)=747998.15] 
2014-08-10 21:09:38:676 630 sec: 8477904 operations; 23448.61 current ops/sec; [INSERT AverageLatency(us)=12.18] [READ AverageLatency(us)=87068.7] 
2014-08-10 21:09:48:677 640 sec: 8714374 operations; 23644.64 current ops/sec; [INSERT AverageLatency(us)=12.59] [READ AverageLatency(us)=79247.64] 
2014-08-10 21:09:58:678 650 sec: 8889114 operations; 17472.25 current ops/sec; [INSERT AverageLatency(us)=13.39] [READ AverageLatency(us)=57700.72] 
2014-08-10 21:10:08:680 660 sec: 9045632 operations; 15648.67 current ops/sec; [INSERT AverageLatency(us)=1012.96] [READ AverageLatency(us)=59683.14] 
2014-08-10 21:10:18:682 670 sec: 9076553 operations; 3091.48 current ops/sec; [INSERT AverageLatency(us)=6423.32] [READ AverageLatency(us)=43788.45] 
2014-08-10 21:10:28:683 680 sec: 9372900 operations; 29631.74 current ops/sec; [INSERT AverageLatency(us)=12.13] [READ AverageLatency(us)=74619.01] 
2014-08-10 21:10:38:685 690 sec: 9372900 operations; 0 current ops/sec;   
2014-08-10 21:10:48:686 700 sec: 9469983 operations; 9707.33 current ops/sec; [INSERT AverageLatency(us)=3383.35] [READ AverageLatency(us)=84995.9] 
2014-08-10 21:10:58:688 710 sec: 9696935 operations; 22690.66 current ops/sec; [INSERT AverageLatency(us)=12.53] [READ AverageLatency(us)=86133.88] 
2014-08-10 21:11:08:689 720 sec: 9842358 operations; 14540.85 current ops/sec; [INSERT AverageLatency(us)=121.94] [READ AverageLatency(us)=70518.79] 
2014-08-10 21:11:18:690 730 sec: 9842358 operations; 0 current ops/sec;   
2014-08-10 21:11:28:692 740 sec: 9945923 operations; 10354.43 current ops/sec; [INSERT AverageLatency(us)=3900.85] [READ AverageLatency(us)=85037.38] 
2014-08-10 21:11:38:693 750 sec: 10188617 operations; 24266.97 current ops/sec; [INSERT AverageLatency(us)=16.42] [READ AverageLatency(us)=66301.78] 
2014-08-10 21:11:49:083 760 sec: 10375883 operations; 18023.68 current ops/sec; [INSERT AverageLatency(us)=467.92] [READ AverageLatency(us)=77386.86] 
2014-08-10 21:11:59:085 770 sec: 10530209 operations; 15429.51 current ops/sec; [INSERT AverageLatency(us)=96.07] [READ AverageLatency(us)=68115.67] 
2014-08-10 21:12:09:086 780 sec: 10570567 operations; 4035.4 current ops/sec; [INSERT AverageLatency(us)=6612.4] [READ AverageLatency(us)=32482.23] 
2014-08-10 21:12:19:187 790 sec: 10838932 operations; 26568.16 current ops/sec; [INSERT AverageLatency(us)=56.88] [READ AverageLatency(us)=71405.29] 
2014-08-10 21:12:29:187 800 sec: 10976467 operations; 13753.5 current ops/sec; [INSERT AverageLatency(us)=362.55] [READ AverageLatency(us)=94280.37] 
2014-08-10 21:12:39:189 810 sec: 11170506 operations; 19400.02 current ops/sec; [INSERT AverageLatency(us)=14.81] [READ AverageLatency(us)=77651.42] 
2014-08-10 21:12:49:190 820 sec: 11170506 operations; 0 current ops/sec;   
2014-08-10 21:12:59:191 830 sec: 11314431 operations; 14391.06 current ops/sec; [INSERT AverageLatency(us)=2302.22] [READ AverageLatency(us)=98347.33] 
2014-08-10 21:13:09:192 840 sec: 11526536 operations; 21208.38 current ops/sec; [INSERT AverageLatency(us)=12.11] [READ AverageLatency(us)=82799.99] 
2014-08-10 21:13:19:193 850 sec: 11782486 operations; 25592.44 current ops/sec; [INSERT AverageLatency(us)=12.79] [READ AverageLatency(us)=70296.12] 
2014-08-10 21:13:29:195 860 sec: 11782486 operations; 0 current ops/sec;   
2014-08-10 21:13:39:196 870 sec: 11903758 operations; 12125.99 current ops/sec; [INSERT AverageLatency(us)=2697.41] [READ AverageLatency(us)=84866.55] 
2014-08-10 21:13:49:197 880 sec: 12105726 operations; 20194.78 current ops/sec; [INSERT AverageLatency(us)=320.47] [READ AverageLatency(us)=70238.9] 
2014-08-10 21:13:59:198 890 sec: 12351604 operations; 24585.34 current ops/sec; [INSERT AverageLatency(us)=15.14] [READ AverageLatency(us)=63978.95] 
2014-08-10 21:14:09:200 900 sec: 12351604 operations; 0 current ops/sec;   
2014-08-10 21:14:19:201 910 sec: 12384341 operations; 3273.37 current ops/sec; [INSERT AverageLatency(us)=3509.25] [READ AverageLatency(us)=18192.36] 
2014-08-10 21:14:29:202 920 sec: 12571997 operations; 18763.72 current ops/sec; [INSERT AverageLatency(us)=1771.32] [READ AverageLatency(us)=96074.26] 
2014-08-10 21:14:39:204 930 sec: 12697829 operations; 12580.68 current ops/sec; [INSERT AverageLatency(us)=10.67] [READ AverageLatency(us)=81222.25] 
2014-08-10 21:14:49:205 940 sec: 12699827 operations; 199.78 current ops/sec; [INSERT AverageLatency(us)=37672.91] [READ AverageLatency(us)=105064.12] 
2014-08-10 21:14:59:207 950 sec: 12910450 operations; 21060.19 current ops/sec; [INSERT AverageLatency(us)=1250.81] [READ AverageLatency(us)=75824.76] 
2014-08-10 21:15:09:208 960 sec: 13137446 operations; 22695.06 current ops/sec; [INSERT AverageLatency(us)=20.94] [READ AverageLatency(us)=89624.05] 
2014-08-10 21:15:19:209 970 sec: 13318493 operations; 18102.89 current ops/sec; [INSERT AverageLatency(us)=537.8] [READ AverageLatency(us)=41358.04] 
2014-08-10 21:15:29:211 980 sec: 13414084 operations; 9557.19 current ops/sec; [INSERT AverageLatency(us)=459.21] [READ AverageLatency(us)=65406.35] 
2014-08-10 21:15:39:212 990 sec: 13581930 operations; 16782.92 current ops/sec; [INSERT AverageLatency(us)=1031.05] [READ AverageLatency(us)=85492.55] 
2014-08-10 21:15:49:214 1000 sec: 13689173 operations; 10722.16 current ops/sec; [INSERT AverageLatency(us)=15.12] [READ AverageLatency(us)=52137.1] 
2014-08-10 21:15:59:215 1010 sec: 13797247 operations; 10806.32 current ops/sec; [INSERT AverageLatency(us)=2285.7] [READ AverageLatency(us)=98616.18] 
2014-08-10 21:16:09:217 1020 sec: 13983268 operations; 18598.38 current ops/sec; [INSERT AverageLatency(us)=13.5] [READ AverageLatency(us)=76322.27] 
2014-08-10 21:16:19:218 1030 sec: 14122466 operations; 13918.41 current ops/sec; [INSERT AverageLatency(us)=818.58] [READ AverageLatency(us)=92711.92] 
2014-08-10 21:16:29:219 1040 sec: 14253675 operations; 13119.59 current ops/sec; [INSERT AverageLatency(us)=16.89] [READ AverageLatency(us)=54097.35] 
2014-08-10 21:16:39:221 1050 sec: 14398789 operations; 14508.5 current ops/sec; [INSERT AverageLatency(us)=1392.42] [READ AverageLatency(us)=87681.18] 
2014-08-10 21:16:49:222 1060 sec: 14526644 operations; 12784.22 current ops/sec; [INSERT AverageLatency(us)=777.45] [READ AverageLatency(us)=76243.98] 
2014-08-10 21:16:59:224 1070 sec: 14780198 operations; 25350.33 current ops/sec; [INSERT AverageLatency(us)=11.74] [READ AverageLatency(us)=68586.33] 
2014-08-10 21:17:09:225 1080 sec: 14808662 operations; 2846.12 current ops/sec; [INSERT AverageLatency(us)=2046.65] [READ AverageLatency(us)=19777.7] 
2014-08-10 21:17:19:227 1090 sec: 14879770 operations; 7110.09 current ops/sec; [INSERT AverageLatency(us)=3909.35] [READ AverageLatency(us)=47482.09] 
2014-08-10 21:17:29:228 1100 sec: 15083749 operations; 20393.82 current ops/sec; [INSERT AverageLatency(us)=437.18] [READ AverageLatency(us)=76525.69] 
2014-08-10 21:17:39:229 1110 sec: 15086599 operations; 284.97 current ops/sec; [INSERT AverageLatency(us)=22756.73] [READ AverageLatency(us)=50032.39] 
2014-08-10 21:17:49:231 1120 sec: 15293993 operations; 20735.25 current ops/sec; [INSERT AverageLatency(us)=870.85] [READ AverageLatency(us)=85795.7] 
2014-08-10 21:17:59:232 1130 sec: 15513620 operations; 21960.5 current ops/sec; [INSERT AverageLatency(us)=12.31] [READ AverageLatency(us)=91273.87] 
2014-08-10 21:18:09:233 1140 sec: 15619611 operations; 10598.04 current ops/sec; [INSERT AverageLatency(us)=11.46] [READ AverageLatency(us)=55788.07] 
2014-08-10 21:18:19:235 1150 sec: 15815776 operations; 19612.58 current ops/sec; [INSERT AverageLatency(us)=973.54] [READ AverageLatency(us)=69862.98] 
2014-08-10 21:18:29:235 1160 sec: 15871643 operations; 5586.7 current ops/sec; [INSERT AverageLatency(us)=1070.62] [READ AverageLatency(us)=136171.38] 
2014-08-10 21:18:39:237 1170 sec: 15871643 operations; 0 current ops/sec;   
2014-08-10 21:18:49:238 1180 sec: 15871643 operations; 0 current ops/sec;   
2014-08-10 21:18:59:239 1190 sec: 15871643 operations; 0 current ops/sec;   
2014-08-10 21:19:09:240 1200 sec: 15871643 operations; 0 current ops/sec;   
2014-08-10 21:19:19:240 1210 sec: 15871643 operations; 0 current ops/sec;   
2014-08-10 21:19:29:241 1220 sec: 15871643 operations; 0 current ops/sec;   
2014-08-10 21:19:39:242 1230 sec: 15871643 operations; 0 current ops/sec;   
2014-08-10 21:19:49:243 1240 sec: 15871643 operations; 0 current ops/sec;   
2014-08-10 21:19:59:244 1250 sec: 15871643 operations; 0 current ops/sec;   
2014-08-10 21:20:09:245 1260 sec: 15871643 operations; 0 current ops/sec;   
2014-08-10 21:20:19:245 1270 sec: 15871643 operations; 0 current ops/sec;   
2014-08-10 21:20:29:246 1280 sec: 15871643 operations; 0 current ops/sec;   
2014-08-10 21:20:39:247 1290 sec: 15871643 operations; 0 current ops/sec;   
2014-08-10 21:20:49:248 1300 sec: 15871643 operations; 0 current ops/sec;   
14/08/10 21:20:53 INFO client.AsyncProcess: #10, table=usertable, attempt=10/35 failed 4696 ops, last exception: java.net.SocketTimeoutException: Call to slave1/9.1.143.59:16020 failed because java.net.SocketTimeoutException: 60000 millis timeout while waiting for channel to be ready for write. ch : java.nio.channels.SocketChannel[connected local=/9.1.143.53:47431 remote=slave1/9.1.143.59:16020] on slave1,16020,1407757921455, tracking started Sun Aug 10 21:18:22 PDT 2014, retrying after 10039 ms, replay 4696 ops.
14/08/10 21:20:53 INFO client.AsyncProcess: #7, table=usertable, attempt=10/35 failed 4696 ops, last exception: java.net.SocketTimeoutException: Call to slave1/9.1.143.59:16020 failed because java.net.SocketTimeoutException: 60000 millis timeout while waiting for channel to be ready for write. ch : java.nio.channels.SocketChannel[connected local=/9.1.143.53:47431 remote=slave1/9.1.143.59:16020] on slave1,16020,1407757921455, tracking started Sun Aug 10 21:18:22 PDT 2014, retrying after 10093 ms, replay 4696 ops.
14/08/10 21:20:53 INFO client.AsyncProcess: #4, table=usertable, attempt=10/35 failed 4696 ops, last exception: java.net.SocketTimeoutException: Call to slave1/9.1.143.59:16020 failed because java.net.SocketTimeoutException: 60000 millis timeout while waiting for channel to be ready for write. ch : java.nio.channels.SocketChannel[connected local=/9.1.143.53:47431 remote=slave1/9.1.143.59:16020] on slave1,16020,1407757921455, tracking started Sun Aug 10 21:18:22 PDT 2014, retrying after 10016 ms, replay 4696 ops.
14/08/10 21:20:53 INFO client.AsyncProcess: #11, table=usertable, attempt=10/35 failed 4696 ops, last exception: java.net.SocketTimeoutException: Call to slave1/9.1.143.59:16020 failed because java.net.SocketTimeoutException: 60000 millis timeout while waiting for channel to be ready for write. ch : java.nio.channels.SocketChannel[connected local=/9.1.143.53:47431 remote=slave1/9.1.143.59:16020] on slave1,16020,1407757921455, tracking started Sun Aug 10 21:18:24 PDT 2014, retrying after 10061 ms, replay 4696 ops.
14/08/10 21:20:53 INFO client.AsyncProcess: #1, table=usertable, attempt=10/35 failed 4696 ops, last exception: java.net.SocketTimeoutException: Call to slave1/9.1.143.59:16020 failed because java.net.SocketTimeoutException: 60000 millis timeout while waiting for channel to be ready for write. ch : java.nio.channels.SocketChannel[connected local=/9.1.143.53:47431 remote=slave1/9.1.143.59:16020] on slave1,16020,1407757921455, tracking started Sun Aug 10 21:18:22 PDT 2014, retrying after 10090 ms, replay 4696 ops.
14/08/10 21:20:53 INFO client.AsyncProcess: #15, table=usertable, attempt=10/35 failed 4696 ops, last exception: java.net.SocketTimeoutException: Call to slave1/9.1.143.59:16020 failed because java.net.SocketTimeoutException: 60000 millis timeout while waiting for channel to be ready for write. ch : java.nio.channels.SocketChannel[connected local=/9.1.143.53:47431 remote=slave1/9.1.143.59:16020] on slave1,16020,1407757921455, tracking started Sun Aug 10 21:18:23 PDT 2014, retrying after 10091 ms, replay 4696 ops.
14/08/10 21:20:53 INFO client.AsyncProcess: #2, table=usertable, attempt=10/35 failed 4696 ops, last exception: java.net.SocketTimeoutException: Call to slave1/9.1.143.59:16020 failed because java.net.SocketTimeoutException: 60000 millis timeout while waiting for channel to be ready for write. ch : java.nio.channels.SocketChannel[connected local=/9.1.143.53:47431 remote=slave1/9.1.143.59:16020] on slave1,16020,1407757921455, tracking started Sun Aug 10 21:18:22 PDT 2014, retrying after 10037 ms, replay 4696 ops.
14/08/10 21:20:53 INFO client.AsyncProcess: #3, table=usertable, attempt=10/35 failed 4696 ops, last exception: java.net.SocketTimeoutException: Call to slave1/9.1.143.59:16020 failed because java.net.SocketTimeoutException: 60000 millis timeout while waiting for channel to be ready for write. ch : java.nio.channels.SocketChannel[connected local=/9.1.143.53:47431 remote=slave1/9.1.143.59:16020] on slave1,16020,1407757921455, tracking started Sun Aug 10 21:18:22 PDT 2014, retrying after 10072 ms, replay 4696 ops.
14/08/10 21:20:54 INFO client.AsyncProcess: #12, table=usertable, attempt=10/35 failed 4696 ops, last exception: java.net.SocketTimeoutException: Call to slave1/9.1.143.59:16020 failed because java.net.SocketTimeoutException: 60000 millis timeout while waiting for channel to be ready for write. ch : java.nio.channels.SocketChannel[connected local=/9.1.143.53:47431 remote=slave1/9.1.143.59:16020] on slave1,16020,1407757921455, tracking started Sun Aug 10 21:18:22 PDT 2014, retrying after 10055 ms, replay 4696 ops.
14/08/10 21:20:54 INFO client.AsyncProcess: #14, table=usertable, attempt=10/35 failed 4696 ops, last exception: java.net.SocketTimeoutException: Call to slave1/9.1.143.59:16020 failed because java.net.SocketTimeoutException: 60000 millis timeout while waiting for channel to be ready for write. ch : java.nio.channels.SocketChannel[connected local=/9.1.143.53:47431 remote=slave1/9.1.143.59:16020] on slave1,16020,1407757921455, tracking started Sun Aug 10 21:18:22 PDT 2014, retrying after 10047 ms, replay 4696 ops.
14/08/10 21:20:54 INFO client.AsyncProcess: #8, table=usertable, attempt=10/35 failed 4696 ops, last exception: java.net.SocketTimeoutException: Call to slave1/9.1.143.59:16020 failed because java.net.SocketTimeoutException: 60000 millis timeout while waiting for channel to be ready for write. ch : java.nio.channels.SocketChannel[connected local=/9.1.143.53:47431 remote=slave1/9.1.143.59:16020] on slave1,16020,1407757921455, tracking started Sun Aug 10 21:18:22 PDT 2014, retrying after 10014 ms, replay 4696 ops.
2014-08-10 21:20:59:249 1310 sec: 15871643 operations; 0 current ops/sec;   
14/08/10 21:21:03 INFO client.AsyncProcess: #4, table=usertable, attempt=11/35 failed 4696 ops, last exception: java.net.SocketTimeoutException: Call to slave1/9.1.143.59:16020 failed because java.net.SocketTimeoutException: 60000 millis timeout while waiting for channel to be ready for write. ch : java.nio.channels.SocketChannel[connected local=/9.1.143.53:47431 remote=slave1/9.1.143.59:16020] on slave1,16020,1407757921455, tracking started Sun Aug 10 21:18:22 PDT 2014, retrying after 10004 ms, replay 4696 ops.
14/08/10 21:21:03 INFO client.AsyncProcess: #10, table=usertable, attempt=11/35 failed 4696 ops, last exception: java.net.SocketTimeoutException: Call to slave1/9.1.143.59:16020 failed because java.net.SocketTimeoutException: 60000 millis timeout while waiting for channel to be ready for write. ch : java.nio.channels.SocketChannel[connected local=/9.1.143.53:47431 remote=slave1/9.1.143.59:16020] on slave1,16020,1407757921455, tracking started Sun Aug 10 21:18:22 PDT 2014, retrying after 10084 ms, replay 4696 ops.
14/08/10 21:21:03 INFO client.AsyncProcess: #11, table=usertable, attempt=11/35 failed 4696 ops, last exception: java.net.SocketTimeoutException: Call to slave1/9.1.143.59:16020 failed because java.net.SocketTimeoutException: 60000 millis timeout while waiting for channel to be ready for write. ch : java.nio.channels.SocketChannel[connected local=/9.1.143.53:47431 remote=slave1/9.1.143.59:16020] on slave1,16020,1407757921455, tracking started Sun Aug 10 21:18:24 PDT 2014, retrying after 10033 ms, replay 4696 ops.
14/08/10 21:21:03 INFO client.AsyncProcess: #7, table=usertable, attempt=11/35 failed 4696 ops, last exception: java.net.SocketTimeoutException: Call to slave1/9.1.143.59:16020 failed because java.net.SocketTimeoutException: 60000 millis timeout while waiting for channel to be ready for write. ch : java.nio.channels.SocketChannel[connected local=/9.1.143.53:47431 remote=slave1/9.1.143.59:16020] on slave1,16020,1407757921455, tracking started Sun Aug 10 21:18:22 PDT 2014, retrying after 10054 ms, replay 4696 ops.
14/08/10 21:21:03 INFO client.AsyncProcess: #15, table=usertable, attempt=11/35 failed 4696 ops, last exception: java.net.SocketTimeoutException: Call to slave1/9.1.143.59:16020 failed because java.net.SocketTimeoutException: 60000 millis timeout while waiting for channel to be ready for write. ch : java.nio.channels.SocketChannel[connected local=/9.1.143.53:47431 remote=slave1/9.1.143.59:16020] on slave1,16020,1407757921455, tracking started Sun Aug 10 21:18:23 PDT 2014, retrying after 10053 ms, replay 4696 ops.
14/08/10 21:21:03 INFO client.AsyncProcess: #1, table=usertable, attempt=11/35 failed 4696 ops, last exception: java.net.SocketTimeoutException: Call to slave1/9.1.143.59:16020 failed because java.net.SocketTimeoutException: 60000 millis timeout while waiting for channel to be ready for write. ch : java.nio.channels.SocketChannel[connected local=/9.1.143.53:47431 remote=slave1/9.1.143.59:16020] on slave1,16020,1407757921455, tracking started Sun Aug 10 21:18:22 PDT 2014, retrying after 10073 ms, replay 4696 ops.
14/08/10 21:21:03 INFO client.AsyncProcess: #2, table=usertable, attempt=11/35 failed 4696 ops, last exception: java.net.SocketTimeoutException: Call to slave1/9.1.143.59:16020 failed because java.net.SocketTimeoutException: 60000 millis timeout while waiting for channel to be ready for write. ch : java.nio.channels.SocketChannel[connected local=/9.1.143.53:47431 remote=slave1/9.1.143.59:16020] on slave1,16020,1407757921455, tracking started Sun Aug 10 21:18:22 PDT 2014, retrying after 10037 ms, replay 4696 ops.
14/08/10 21:21:03 INFO client.AsyncProcess: #3, table=usertable, attempt=11/35 failed 4696 ops, last exception: java.net.SocketTimeoutException: Call to slave1/9.1.143.59:16020 failed because java.net.SocketTimeoutException: 60000 millis timeout while waiting for channel to be ready for write. ch : java.nio.channels.SocketChannel[connected local=/9.1.143.53:47431 remote=slave1/9.1.143.59:16020] on slave1,16020,1407757921455, tracking started Sun Aug 10 21:18:22 PDT 2014, retrying after 10068 ms, replay 4696 ops.
14/08/10 21:21:04 INFO client.AsyncProcess: #8, table=usertable, attempt=11/35 failed 4696 ops, last exception: java.net.SocketTimeoutException: Call to slave1/9.1.143.59:16020 failed because java.net.SocketTimeoutException: 60000 millis timeout while waiting for channel to be ready for write. ch : java.nio.channels.SocketChannel[connected local=/9.1.143.53:47431 remote=slave1/9.1.143.59:16020] on slave1,16020,1407757921455, tracking started Sun Aug 10 21:18:22 PDT 2014, retrying after 10086 ms, replay 4696 ops.
14/08/10 21:21:04 INFO client.AsyncProcess: #14, table=usertable, attempt=11/35 failed 4696 ops, last exception: java.net.SocketTimeoutException: Call to slave1/9.1.143.59:16020 failed because java.net.SocketTimeoutException: 60000 millis timeout while waiting for channel to be ready for write. ch : java.nio.channels.SocketChannel[connected local=/9.1.143.53:47431 remote=slave1/9.1.143.59:16020] on slave1,16020,1407757921455, tracking started Sun Aug 10 21:18:22 PDT 2014, retrying after 10055 ms, replay 4696 ops.
14/08/10 21:21:04 INFO client.AsyncProcess: #12, table=usertable, attempt=11/35 failed 4696 ops, last exception: java.net.SocketTimeoutException: Call to slave1/9.1.143.59:16020 failed because java.net.SocketTimeoutException: 60000 millis timeout while waiting for channel to be ready for write. ch : java.nio.channels.SocketChannel[connected local=/9.1.143.53:47431 remote=slave1/9.1.143.59:16020] on slave1,16020,1407757921455, tracking started Sun Aug 10 21:18:22 PDT 2014, retrying after 10071 ms, replay 4696 ops.
2014-08-10 21:21:09:250 1320 sec: 15871643 operations; 0 current ops/sec;   
14/08/10 21:21:13 INFO client.AsyncProcess: #4, table=usertable, attempt=12/35 failed 4696 ops, last exception: java.net.SocketTimeoutException: Call to slave1/9.1.143.59:16020 failed because java.net.SocketTimeoutException: 60000 millis timeout while waiting for channel to be ready for write. ch : java.nio.channels.SocketChannel[connected local=/9.1.143.53:47431 remote=slave1/9.1.143.59:16020] on slave1,16020,1407757921455, tracking started Sun Aug 10 21:18:22 PDT 2014, retrying after 20071 ms, replay 4696 ops.
14/08/10 21:21:13 INFO client.AsyncProcess: #11, table=usertable, attempt=12/35 failed 4696 ops, last exception: java.net.SocketTimeoutException: Call to slave1/9.1.143.59:16020 failed because java.net.SocketTimeoutException: 60000 millis timeout while waiting for channel to be ready for write. ch : java.nio.channels.SocketChannel[connected local=/9.1.143.53:47431 remote=slave1/9.1.143.59:16020] on slave1,16020,1407757921455, tracking started Sun Aug 10 21:18:24 PDT 2014, retrying after 20031 ms, replay 4696 ops.
14/08/10 21:21:13 INFO client.AsyncProcess: #10, table=usertable, attempt=12/35 failed 4696 ops, last exception: java.net.SocketTimeoutException: Call to slave1/9.1.143.59:16020 failed because java.net.SocketTimeoutException: 60000 millis timeout while waiting for channel to be ready for write. ch : java.nio.channels.SocketChannel[connected local=/9.1.143.53:47431 remote=slave1/9.1.143.59:16020] on slave1,16020,1407757921455, tracking started Sun Aug 10 21:18:22 PDT 2014, retrying after 20001 ms, replay 4696 ops.
14/08/10 21:21:13 INFO client.AsyncProcess: #7, table=usertable, attempt=12/35 failed 4696 ops, last exception: java.net.SocketTimeoutException: Call to slave1/9.1.143.59:16020 failed because java.net.SocketTimeoutException: 60000 millis timeout while waiting for channel to be ready for write. ch : java.nio.channels.SocketChannel[connected local=/9.1.143.53:47431 remote=slave1/9.1.143.59:16020] on slave1,16020,1407757921455, tracking started Sun Aug 10 21:18:22 PDT 2014, retrying after 20197 ms, replay 4696 ops.
14/08/10 21:21:13 INFO client.AsyncProcess: #2, table=usertable, attempt=12/35 failed 4696 ops, last exception: java.net.SocketTimeoutException: Call to slave1/9.1.143.59:16020 failed because java.net.SocketTimeoutException: 60000 millis timeout while waiting for channel to be ready for write. ch : java.nio.channels.SocketChannel[connected local=/9.1.143.53:47431 remote=slave1/9.1.143.59:16020] on slave1,16020,1407757921455, tracking started Sun Aug 10 21:18:22 PDT 2014, retrying after 20119 ms, replay 4696 ops.
14/08/10 21:21:13 INFO client.AsyncProcess: #15, table=usertable, attempt=12/35 failed 4696 ops, last exception: java.net.SocketTimeoutException: Call to slave1/9.1.143.59:16020 failed because java.net.SocketTimeoutException: 60000 millis timeout while waiting for channel to be ready for write. ch : java.nio.channels.SocketChannel[connected local=/9.1.143.53:47431 remote=slave1/9.1.143.59:16020] on slave1,16020,1407757921455, tracking started Sun Aug 10 21:18:23 PDT 2014, retrying after 20133 ms, replay 4696 ops.
14/08/10 21:21:14 INFO client.AsyncProcess: #1, table=usertable, attempt=12/35 failed 4696 ops, last exception: java.net.SocketTimeoutException: Call to slave1/9.1.143.59:16020 failed because java.net.SocketTimeoutException: 60000 millis timeout while waiting for channel to be ready for write. ch : java.nio.channels.SocketChannel[connected local=/9.1.143.53:47431 remote=slave1/9.1.143.59:16020] on slave1,16020,1407757921455, tracking started Sun Aug 10 21:18:22 PDT 2014, retrying after 20143 ms, replay 4696 ops.
14/08/10 21:21:14 INFO client.AsyncProcess: #3, table=usertable, attempt=12/35 failed 4696 ops, last exception: java.net.SocketTimeoutException: Call to slave1/9.1.143.59:16020 failed because java.net.SocketTimeoutException: 60000 millis timeout while waiting for channel to be ready for write. ch : java.nio.channels.SocketChannel[connected local=/9.1.143.53:47431 remote=slave1/9.1.143.59:16020] on slave1,16020,1407757921455, tracking started Sun Aug 10 21:18:22 PDT 2014, retrying after 20182 ms, replay 4696 ops.
14/08/10 21:21:14 INFO client.AsyncProcess: #12, table=usertable, attempt=12/35 failed 4696 ops, last exception: java.net.SocketTimeoutException: Call to slave1/9.1.143.59:16020 failed because java.net.SocketTimeoutException: 60000 millis timeout while waiting for channel to be ready for write. ch : java.nio.channels.SocketChannel[connected local=/9.1.143.53:47431 remote=slave1/9.1.143.59:16020] on slave1,16020,1407757921455, tracking started Sun Aug 10 21:18:22 PDT 2014, retrying after 20074 ms, replay 4696 ops.
14/08/10 21:21:14 INFO client.AsyncProcess: #14, table=usertable, attempt=12/35 failed 4696 ops, last exception: java.net.SocketTimeoutException: Call to slave1/9.1.143.59:16020 failed because java.net.SocketTimeoutException: 60000 millis timeout while waiting for channel to be ready for write. ch : java.nio.channels.SocketChannel[connected local=/9.1.143.53:47431 remote=slave1/9.1.143.59:16020] on slave1,16020,1407757921455, tracking started Sun Aug 10 21:18:22 PDT 2014, retrying after 20034 ms, replay 4696 ops.
14/08/10 21:21:14 INFO client.AsyncProcess: #8, table=usertable, attempt=12/35 failed 4696 ops, last exception: java.net.SocketTimeoutException: Call to slave1/9.1.143.59:16020 failed because java.net.SocketTimeoutException: 60000 millis timeout while waiting for channel to be ready for write. ch : java.nio.channels.SocketChannel[connected local=/9.1.143.53:47431 remote=slave1/9.1.143.59:16020] on slave1,16020,1407757921455, tracking started Sun Aug 10 21:18:22 PDT 2014, retrying after 20095 ms, replay 4696 ops.
2014-08-10 21:21:19:252 1330 sec: 15871643 operations; 0 current ops/sec;   
2014-08-10 21:21:29:260 1340 sec: 15871643 operations; 0 current ops/sec;   
14/08/10 21:21:35 INFO client.AsyncProcess: #4, table=usertable, attempt=13/35 SUCCEEDED on slave1,16020,1407757921455, tracking started Sun Aug 10 21:18:22 PDT 2014
14/08/10 21:21:35 INFO client.AsyncProcess: #8, table=usertable, attempt=13/35 SUCCEEDED on slave1,16020,1407757921455, tracking started Sun Aug 10 21:18:22 PDT 2014
14/08/10 21:21:35 INFO client.AsyncProcess: #12, table=usertable, attempt=13/35 SUCCEEDED on slave1,16020,1407757921455, tracking started Sun Aug 10 21:18:22 PDT 2014
14/08/10 21:21:35 INFO client.AsyncProcess: #14, table=usertable, attempt=13/35 SUCCEEDED on slave1,16020,1407757921455, tracking started Sun Aug 10 21:18:22 PDT 2014
14/08/10 21:21:35 INFO client.AsyncProcess: #3, table=usertable, attempt=13/35 SUCCEEDED on slave1,16020,1407757921455, tracking started Sun Aug 10 21:18:22 PDT 2014
14/08/10 21:21:36 INFO client.AsyncProcess: #1, table=usertable, attempt=13/35 SUCCEEDED on slave1,16020,1407757921455, tracking started Sun Aug 10 21:18:22 PDT 2014
14/08/10 21:21:37 INFO client.AsyncProcess: #7, table=usertable, attempt=13/35 SUCCEEDED on slave1,16020,1407757921455, tracking started Sun Aug 10 21:18:22 PDT 2014
14/08/10 21:21:37 INFO client.AsyncProcess: #15, table=usertable, attempt=13/35 SUCCEEDED on slave1,16020,1407757921455, tracking started Sun Aug 10 21:18:23 PDT 2014
14/08/10 21:21:37 INFO client.AsyncProcess: #2, table=usertable, attempt=13/35 SUCCEEDED on slave1,16020,1407757921455, tracking started Sun Aug 10 21:18:22 PDT 2014
14/08/10 21:21:37 INFO client.AsyncProcess: #11, table=usertable, attempt=13/35 SUCCEEDED on slave1,16020,1407757921455, tracking started Sun Aug 10 21:18:24 PDT 2014
14/08/10 21:21:37 INFO client.AsyncProcess: #10, table=usertable, attempt=13/35 SUCCEEDED on slave1,16020,1407757921455, tracking started Sun Aug 10 21:18:22 PDT 2014
2014-08-10 21:21:39:261 1350 sec: 15989275 operations; 11762.02 current ops/sec; [INSERT AverageLatency(us)=84.48] [READ AverageLatency(us)=3197158.91] 
2014-08-10 21:21:49:261 1360 sec: 16221896 operations; 23262.1 current ops/sec; [INSERT AverageLatency(us)=12.5] [READ AverageLatency(us)=87417.67] 
2014-08-10 21:21:59:262 1370 sec: 16467928 operations; 24600.74 current ops/sec; [INSERT AverageLatency(us)=11.81] [READ AverageLatency(us)=76530.83] 
2014-08-10 21:22:09:262 1380 sec: 16723651 operations; 25572.3 current ops/sec; [INSERT AverageLatency(us)=15.45] [READ AverageLatency(us)=80798.47] 
2014-08-10 21:22:19:263 1390 sec: 16982348 operations; 25867.11 current ops/sec; [INSERT AverageLatency(us)=12.45] [READ AverageLatency(us)=74405.28] 
2014-08-10 21:22:29:264 1400 sec: 17203353 operations; 22098.29 current ops/sec; [INSERT AverageLatency(us)=13.32] [READ AverageLatency(us)=88160.67] 
2014-08-10 21:22:39:264 1410 sec: 17404001 operations; 20064.8 current ops/sec; [INSERT AverageLatency(us)=10.78] [READ AverageLatency(us)=97873.47] 
2014-08-10 21:22:49:265 1420 sec: 17623602 operations; 21957.9 current ops/sec; [INSERT AverageLatency(us)=18.22] [READ AverageLatency(us)=85194.92] 
2014-08-10 21:22:59:266 1430 sec: 17815688 operations; 19206.68 current ops/sec; [INSERT AverageLatency(us)=12.33] [READ AverageLatency(us)=65577.27] 
2014-08-10 21:23:09:267 1440 sec: 17981686 operations; 16598.14 current ops/sec; [INSERT AverageLatency(us)=940.47] [READ AverageLatency(us)=59644.81] 
2014-08-10 21:23:19:268 1450 sec: 18140823 operations; 15912.11 current ops/sec; [INSERT AverageLatency(us)=677.6] [READ AverageLatency(us)=67194.32] 
2014-08-10 21:23:29:269 1460 sec: 18206029 operations; 6519.95 current ops/sec; [INSERT AverageLatency(us)=689.08] [READ AverageLatency(us)=51287.68] 
2014-08-10 21:23:39:271 1470 sec: 18412281 operations; 20621.08 current ops/sec; [INSERT AverageLatency(us)=780.53] [READ AverageLatency(us)=75349.98] 
2014-08-10 21:23:49:271 1480 sec: 18624220 operations; 21193.9 current ops/sec; [INSERT AverageLatency(us)=163.04] [READ AverageLatency(us)=89251.88] 
2014-08-10 21:23:59:280 1490 sec: 18828734 operations; 20433.01 current ops/sec; [INSERT AverageLatency(us)=38.5] [READ AverageLatency(us)=75578.4] 
2014-08-10 21:24:09:281 1500 sec: 19011130 operations; 18237.78 current ops/sec; [INSERT AverageLatency(us)=404.72] [READ AverageLatency(us)=65200.33] 
2014-08-10 21:24:19:282 1510 sec: 19219754 operations; 20860.31 current ops/sec; [INSERT AverageLatency(us)=485.91] [READ AverageLatency(us)=61046.7] 
2014-08-10 21:24:29:283 1520 sec: 19235960 operations; 1620.44 current ops/sec; [INSERT AverageLatency(us)=12948.12] [READ AverageLatency(us)=12086.46] 
2014-08-10 21:24:39:284 1530 sec: 19443496 operations; 20751.52 current ops/sec; [INSERT AverageLatency(us)=97.94] [READ AverageLatency(us)=73013.94] 
2014-08-10 21:24:49:285 1540 sec: 19665641 operations; 22212.28 current ops/sec; [INSERT AverageLatency(us)=237.57] [READ AverageLatency(us)=70435.75] 
2014-08-10 21:24:59:287 1550 sec: 19683087 operations; 1744.43 current ops/sec; [INSERT AverageLatency(us)=10852.82] [READ AverageLatency(us)=65509.68] 
2014-08-10 21:25:09:287 1560 sec: 19878600 operations; 19549.35 current ops/sec; [INSERT AverageLatency(us)=289.45] [READ AverageLatency(us)=80068.03] 
2014-08-10 21:25:19:288 1570 sec: 19883709 operations; 510.85 current ops/sec; [INSERT AverageLatency(us)=9.32] [READ AverageLatency(us)=144185.98] 
2014-08-10 21:25:29:289 1580 sec: 19883709 operations; 0 current ops/sec;   
2014-08-10 21:25:39:290 1590 sec: 19883709 operations; 0 current ops/sec;   
2014-08-10 21:25:49:291 1600 sec: 19883709 operations; 0 current ops/sec;   
2014-08-10 21:25:59:292 1610 sec: 19883709 operations; 0 current ops/sec;   
2014-08-10 21:26:09:292 1620 sec: 19883709 operations; 0 current ops/sec;   
2014-08-10 21:26:19:293 1630 sec: 19955913 operations; 7219.68 current ops/sec; [INSERT AverageLatency(us)=16.73] [READ AverageLatency(us)=1870998.28] 
2014-08-10 21:26:29:294 1640 sec: 20002434 operations; 4651.63 current ops/sec; [INSERT AverageLatency(us)=11.3] [READ AverageLatency(us)=82952.26] 
2014-08-10 21:26:39:295 1650 sec: 20122220 operations; 11977.4 current ops/sec; [INSERT AverageLatency(us)=2472.33] [READ AverageLatency(us)=73714.73] 
2014-08-10 21:26:49:296 1660 sec: 20154265 operations; 3204.18 current ops/sec; [INSERT AverageLatency(us)=14.79] [READ AverageLatency(us)=11036.32] 
2014-08-10 21:26:59:298 1670 sec: 20315538 operations; 16124.08 current ops/sec; [INSERT AverageLatency(us)=1575.36] [READ AverageLatency(us)=60013.5] 
2014-08-10 21:27:09:299 1680 sec: 20443745 operations; 12819.42 current ops/sec; [INSERT AverageLatency(us)=1015] [READ AverageLatency(us)=91481.77] 
2014-08-10 21:27:19:300 1690 sec: 20581158 operations; 13739.93 current ops/sec; [INSERT AverageLatency(us)=126.65] [READ AverageLatency(us)=54887.13] 
2014-08-10 21:27:29:301 1700 sec: 20712176 operations; 13100.49 current ops/sec; [INSERT AverageLatency(us)=1435.13] [READ AverageLatency(us)=90056.93] 
2014-08-10 21:27:39:303 1710 sec: 20911701 operations; 19948.51 current ops/sec; [INSERT AverageLatency(us)=457.73] [READ AverageLatency(us)=53085.37] 
2014-08-10 21:27:49:304 1720 sec: 21079572 operations; 16785.42 current ops/sec; [INSERT AverageLatency(us)=107.83] [READ AverageLatency(us)=68560.7] 
2014-08-10 21:27:59:305 1730 sec: 21269014 operations; 18942.31 current ops/sec; [INSERT AverageLatency(us)=614.32] [READ AverageLatency(us)=59671.69] 
2014-08-10 21:28:09:306 1740 sec: 21380873 operations; 11184.78 current ops/sec; [INSERT AverageLatency(us)=995.36] [READ AverageLatency(us)=121642.7] 
2014-08-10 21:28:19:307 1750 sec: 21502157 operations; 12127.19 current ops/sec; [INSERT AverageLatency(us)=1262.6] [READ AverageLatency(us)=32134.79] 
2014-08-10 21:28:29:308 1760 sec: 21645720 operations; 14354.86 current ops/sec; [INSERT AverageLatency(us)=71.85] [READ AverageLatency(us)=128882.94] 
2014-08-10 21:28:39:310 1770 sec: 21876278 operations; 23051.19 current ops/sec; [INSERT AverageLatency(us)=12] [READ AverageLatency(us)=55434.17] 
2014-08-10 21:28:49:312 1780 sec: 22004341 operations; 12803.74 current ops/sec; [INSERT AverageLatency(us)=910.2] [READ AverageLatency(us)=64515.14] 
2014-08-10 21:28:59:313 1790 sec: 22147633 operations; 14327.77 current ops/sec; [INSERT AverageLatency(us)=1061.5] [READ AverageLatency(us)=86031.05] 
2014-08-10 21:29:09:315 1800 sec: 22254620 operations; 10696.56 current ops/sec; [INSERT AverageLatency(us)=1161.82] [READ AverageLatency(us)=47290.15] 
2014-08-10 21:29:19:316 1810 sec: 22445438 operations; 19079.89 current ops/sec; [INSERT AverageLatency(us)=13.32] [READ AverageLatency(us)=72220.61] 
2014-08-10 21:29:29:318 1820 sec: 22649360 operations; 20388.12 current ops/sec; [INSERT AverageLatency(us)=612.46] [READ AverageLatency(us)=67966.78] 
2014-08-10 21:29:39:319 1830 sec: 22782606 operations; 13324.6 current ops/sec; [INSERT AverageLatency(us)=750.06] [READ AverageLatency(us)=91275.06] 
2014-08-10 21:29:49:320 1840 sec: 22934924 operations; 15228.75 current ops/sec; [INSERT AverageLatency(us)=506.09] [READ AverageLatency(us)=78633.04] 
2014-08-10 21:29:59:320 1850 sec: 23174643 operations; 23971.9 current ops/sec; [INSERT AverageLatency(us)=12.33] [READ AverageLatency(us)=79933.9] 
2014-08-10 21:30:09:321 1860 sec: 23198445 operations; 2379.96 current ops/sec; [INSERT AverageLatency(us)=11.31] [READ AverageLatency(us)=75660.76] 
2014-08-10 21:30:19:322 1870 sec: 23198445 operations; 0 current ops/sec;   
2014-08-10 21:30:29:323 1880 sec: 23198445 operations; 0 current ops/sec;   
2014-08-10 21:30:39:325 1890 sec: 23198445 operations; 0 current ops/sec;   
2014-08-10 21:30:49:326 1900 sec: 23198445 operations; 0 current ops/sec;   
2014-08-10 21:30:59:328 1910 sec: 23198445 operations; 0 current ops/sec;   
2014-08-10 21:31:09:329 1920 sec: 23198445 operations; 0 current ops/sec;   
2014-08-10 21:31:19:331 1930 sec: 23198445 operations; 0 current ops/sec;   
2014-08-10 21:31:29:332 1940 sec: 23198445 operations; 0 current ops/sec;   
2014-08-10 21:31:39:334 1950 sec: 23198445 operations; 0 current ops/sec;   
2014-08-10 21:31:49:335 1960 sec: 23198445 operations; 0 current ops/sec;   
2014-08-10 21:31:59:337 1970 sec: 23198445 operations; 0 current ops/sec;   
2014-08-10 21:32:09:338 1980 sec: 23198445 operations; 0 current ops/sec;   
2014-08-10 21:32:19:340 1990 sec: 23198445 operations; 0 current ops/sec;   
14/08/10 21:32:28 INFO client.AsyncProcess: #6, table=usertable, attempt=10/35 failed 4696 ops, last exception: java.net.SocketTimeoutException: Call to slave1/9.1.143.59:16020 failed because java.net.SocketTimeoutException: 60000 millis timeout while waiting for channel to be ready for write. ch : java.nio.channels.SocketChannel[connected local=/9.1.143.53:47438 remote=slave1/9.1.143.59:16020] on slave1,16020,1407757921455, tracking started Sun Aug 10 21:29:58 PDT 2014, retrying after 10037 ms, replay 4696 ops.
14/08/10 21:32:28 INFO client.AsyncProcess: #20, table=usertable, attempt=10/35 failed 4696 ops, last exception: java.net.SocketTimeoutException: Call to slave1/9.1.143.59:16020 failed because java.net.SocketTimeoutException: 60000 millis timeout while waiting for channel to be ready for write. ch : java.nio.channels.SocketChannel[connected local=/9.1.143.53:47438 remote=slave1/9.1.143.59:16020] on slave1,16020,1407757921455, tracking started Sun Aug 10 21:29:59 PDT 2014, retrying after 10064 ms, replay 4696 ops.
14/08/10 21:32:29 INFO client.AsyncProcess: #7, table=usertable, attempt=10/35 failed 4696 ops, last exception: java.net.SocketTimeoutException: Call to slave1/9.1.143.59:16020 failed because java.net.SocketTimeoutException: 60000 millis timeout while waiting for channel to be ready for write. ch : java.nio.channels.SocketChannel[connected local=/9.1.143.53:47438 remote=slave1/9.1.143.59:16020] on slave1,16020,1407757921455, tracking started Sun Aug 10 21:29:59 PDT 2014, retrying after 10017 ms, replay 4696 ops.
14/08/10 21:32:29 INFO client.AsyncProcess: #5, table=usertable, attempt=10/35 failed 4696 ops, last exception: java.net.SocketTimeoutException: Call to slave1/9.1.143.59:16020 failed because java.net.SocketTimeoutException: 60000 millis timeout while waiting for channel to be ready for write. ch : java.nio.channels.SocketChannel[connected local=/9.1.143.53:47438 remote=slave1/9.1.143.59:16020] on slave1,16020,1407757921455, tracking started Sun Aug 10 21:30:00 PDT 2014, retrying after 10078 ms, replay 4696 ops.
14/08/10 21:32:29 INFO client.AsyncProcess: #12, table=usertable, attempt=10/35 failed 4696 ops, last exception: java.net.SocketTimeoutException: Call to slave1/9.1.143.59:16020 failed because java.net.SocketTimeoutException: 60000 millis timeout while waiting for channel to be ready for write. ch : java.nio.channels.SocketChannel[connected local=/9.1.143.53:47438 remote=slave1/9.1.143.59:16020] on slave1,16020,1407757921455, tracking started Sun Aug 10 21:29:57 PDT 2014, retrying after 10059 ms, replay 4696 ops.
14/08/10 21:32:29 INFO client.AsyncProcess: #10, table=usertable, attempt=10/35 failed 4696 ops, last exception: java.net.SocketTimeoutException: Call to slave1/9.1.143.59:16020 failed because java.net.SocketTimeoutException: 60000 millis timeout while waiting for channel to be ready for write. ch : java.nio.channels.SocketChannel[connected local=/9.1.143.53:47438 remote=slave1/9.1.143.59:16020] on slave1,16020,1407757921455, tracking started Sun Aug 10 21:29:57 PDT 2014, retrying after 10072 ms, replay 4696 ops.
14/08/10 21:32:29 INFO client.AsyncProcess: #11, table=usertable, attempt=10/35 failed 4696 ops, last exception: java.net.SocketTimeoutException: Call to slave1/9.1.143.59:16020 failed because java.net.SocketTimeoutException: 60000 millis timeout while waiting for channel to be ready for write. ch : java.nio.channels.SocketChannel[connected local=/9.1.143.53:47438 remote=slave1/9.1.143.59:16020] on slave1,16020,1407757921455, tracking started Sun Aug 10 21:30:00 PDT 2014, retrying after 10083 ms, replay 4696 ops.
14/08/10 21:32:29 INFO client.AsyncProcess: #9, table=usertable, attempt=10/35 failed 4696 ops, last exception: java.net.SocketTimeoutException: Call to slave1/9.1.143.59:16020 failed because java.net.SocketTimeoutException: 60000 millis timeout while waiting for channel to be ready for write. ch : java.nio.channels.SocketChannel[connected local=/9.1.143.53:47438 remote=slave1/9.1.143.59:16020] on slave1,16020,1407757921455, tracking started Sun Aug 10 21:29:57 PDT 2014, retrying after 10011 ms, replay 4696 ops.
14/08/10 21:32:29 INFO client.AsyncProcess: #17, table=usertable, attempt=10/35 failed 4696 ops, last exception: java.net.SocketTimeoutException: Call to slave1/9.1.143.59:16020 failed because java.net.SocketTimeoutException: 60000 millis timeout while waiting for channel to be ready for write. ch : java.nio.channels.SocketChannel[connected local=/9.1.143.53:47438 remote=slave1/9.1.143.59:16020] on slave1,16020,1407757921455, tracking started Sun Aug 10 21:29:59 PDT 2014, retrying after 10087 ms, replay 4696 ops.
14/08/10 21:32:29 INFO client.AsyncProcess: #8, table=usertable, attempt=10/35 failed 4696 ops, last exception: java.net.SocketTimeoutException: Call to slave1/9.1.143.59:16020 failed because java.net.SocketTimeoutException: 60000 millis timeout while waiting for channel to be ready for write. ch : java.nio.channels.SocketChannel[connected local=/9.1.143.53:47438 remote=slave1/9.1.143.59:16020] on slave1,16020,1407757921455, tracking started Sun Aug 10 21:29:58 PDT 2014, retrying after 10007 ms, replay 4696 ops.
14/08/10 21:32:29 INFO client.AsyncProcess: #19, table=usertable, attempt=10/35 failed 4696 ops, last exception: java.net.SocketTimeoutException: Call to slave1/9.1.143.59:16020 failed because java.net.SocketTimeoutException: 60000 millis timeout while waiting for channel to be ready for write. ch : java.nio.channels.SocketChannel[connected local=/9.1.143.53:47438 remote=slave1/9.1.143.59:16020] on slave1,16020,1407757921455, tracking started Sun Aug 10 21:29:59 PDT 2014, retrying after 10070 ms, replay 4696 ops.
14/08/10 21:32:29 INFO client.AsyncProcess: #4, table=usertable, attempt=10/35 failed 4696 ops, last exception: java.net.SocketTimeoutException: Call to slave1/9.1.143.59:16020 failed because java.net.SocketTimeoutException: 60000 millis timeout while waiting for channel to be ready for write. ch : java.nio.channels.SocketChannel[connected local=/9.1.143.53:47438 remote=slave1/9.1.143.59:16020] on slave1,16020,1407757921455, tracking started Sun Aug 10 21:29:59 PDT 2014, retrying after 10060 ms, replay 4696 ops.
14/08/10 21:32:29 INFO client.AsyncProcess: #2, table=usertable, attempt=10/35 failed 4696 ops, last exception: java.net.SocketTimeoutException: Call to slave1/9.1.143.59:16020 failed because java.net.SocketTimeoutException: 60000 millis timeout while waiting for channel to be ready for write. ch : java.nio.channels.SocketChannel[connected local=/9.1.143.53:47438 remote=slave1/9.1.143.59:16020] on slave1,16020,1407757921455, tracking started Sun Aug 10 21:29:59 PDT 2014, retrying after 10028 ms, replay 4696 ops.
14/08/10 21:32:29 INFO client.AsyncProcess: #13, table=usertable, attempt=10/35 failed 4696 ops, last exception: java.net.SocketTimeoutException: Call to slave1/9.1.143.59:16020 failed because java.net.SocketTimeoutException: 60000 millis timeout while waiting for channel to be ready for write. ch : java.nio.channels.SocketChannel[connected local=/9.1.143.53:47438 remote=slave1/9.1.143.59:16020] on slave1,16020,1407757921455, tracking started Sun Aug 10 21:29:57 PDT 2014, retrying after 10017 ms, replay 4696 ops.
14/08/10 21:32:29 INFO client.AsyncProcess: #1, table=usertable, attempt=10/35 failed 4696 ops, last exception: java.net.SocketTimeoutException: Call to slave1/9.1.143.59:16020 failed because java.net.SocketTimeoutException: 60000 millis timeout while waiting for channel to be ready for write. ch : java.nio.channels.SocketChannel[connected local=/9.1.143.53:47438 remote=slave1/9.1.143.59:16020] on slave1,16020,1407757921455, tracking started Sun Aug 10 21:29:59 PDT 2014, retrying after 10015 ms, replay 4696 ops.
14/08/10 21:32:29 INFO client.AsyncProcess: #3, table=usertable, attempt=10/35 failed 4696 ops, last exception: java.net.SocketTimeoutException: Call to slave1/9.1.143.59:16020 failed because java.net.SocketTimeoutException: 60000 millis timeout while waiting for channel to be ready for write. ch : java.nio.channels.SocketChannel[connected local=/9.1.143.53:47438 remote=slave1/9.1.143.59:16020] on slave1,16020,1407757921455, tracking started Sun Aug 10 21:29:58 PDT 2014, retrying after 10015 ms, replay 4696 ops.
14/08/10 21:32:29 INFO client.AsyncProcess: #16, table=usertable, attempt=10/35 failed 4696 ops, last exception: java.net.SocketTimeoutException: Call to slave1/9.1.143.59:16020 failed because java.net.SocketTimeoutException: 60000 millis timeout while waiting for channel to be ready for write. ch : java.nio.channels.SocketChannel[connected local=/9.1.143.53:47438 remote=slave1/9.1.143.59:16020] on slave1,16020,1407757921455, tracking started Sun Aug 10 21:29:59 PDT 2014, retrying after 10067 ms, replay 4696 ops.
14/08/10 21:32:29 INFO client.AsyncProcess: #18, table=usertable, attempt=10/35 failed 4696 ops, last exception: java.net.SocketTimeoutException: Call to slave1/9.1.143.59:16020 failed because java.net.SocketTimeoutException: 60000 millis timeout while waiting for channel to be ready for write. ch : java.nio.channels.SocketChannel[connected local=/9.1.143.53:47438 remote=slave1/9.1.143.59:16020] on slave1,16020,1407757921455, tracking started Sun Aug 10 21:29:59 PDT 2014, retrying after 10052 ms, replay 4696 ops.
14/08/10 21:32:29 INFO client.AsyncProcess: #15, table=usertable, attempt=10/35 failed 4696 ops, last exception: java.net.SocketTimeoutException: Call to slave1/9.1.143.59:16020 failed because java.net.SocketTimeoutException: 60000 millis timeout while waiting for channel to be ready for write. ch : java.nio.channels.SocketChannel[connected local=/9.1.143.53:47438 remote=slave1/9.1.143.59:16020] on slave1,16020,1407757921455, tracking started Sun Aug 10 21:29:59 PDT 2014, retrying after 10059 ms, replay 4696 ops.
2014-08-10 21:32:29:341 2000 sec: 23198445 operations; 0 current ops/sec;   
14/08/10 21:32:39 INFO client.AsyncProcess: #6, table=usertable, attempt=11/35 failed 4696 ops, last exception: java.net.SocketTimeoutException: Call to slave1/9.1.143.59:16020 failed because java.net.SocketTimeoutException: 60000 millis timeout while waiting for channel to be ready for write. ch : java.nio.channels.SocketChannel[connected local=/9.1.143.53:47438 remote=slave1/9.1.143.59:16020] on slave1,16020,1407757921455, tracking started Sun Aug 10 21:29:58 PDT 2014, retrying after 10090 ms, replay 4696 ops.
14/08/10 21:32:39 INFO client.AsyncProcess: #7, table=usertable, attempt=11/35 failed 4696 ops, last exception: java.net.SocketTimeoutException: Call to slave1/9.1.143.59:16020 failed because java.net.SocketTimeoutException: 60000 millis timeout while waiting for channel to be ready for write. ch : java.nio.channels.SocketChannel[connected local=/9.1.143.53:47438 remote=slave1/9.1.143.59:16020] on slave1,16020,1407757921455, tracking started Sun Aug 10 21:29:59 PDT 2014, retrying after 10099 ms, replay 4696 ops.
14/08/10 21:32:39 INFO client.AsyncProcess: #20, table=usertable, attempt=11/35 failed 4696 ops, last exception: java.net.SocketTimeoutException: Call to slave1/9.1.143.59:16020 failed because java.net.SocketTimeoutException: 60000 millis timeout while waiting for channel to be ready for write. ch : java.nio.channels.SocketChannel[connected local=/9.1.143.53:47438 remote=slave1/9.1.143.59:16020] on slave1,16020,1407757921455, tracking started Sun Aug 10 21:29:59 PDT 2014, retrying after 10086 ms, replay 4696 ops.
14/08/10 21:32:39 INFO client.AsyncProcess: #9, table=usertable, attempt=11/35 failed 4696 ops, last exception: java.net.SocketTimeoutException: Call to slave1/9.1.143.59:16020 failed because java.net.SocketTimeoutException: 60000 millis timeout while waiting for channel to be ready for write. ch : java.nio.channels.SocketChannel[connected local=/9.1.143.53:47438 remote=slave1/9.1.143.59:16020] on slave1,16020,1407757921455, tracking started Sun Aug 10 21:29:57 PDT 2014, retrying after 10099 ms, replay 4696 ops.
14/08/10 21:32:39 INFO client.AsyncProcess: #8, table=usertable, attempt=11/35 failed 4696 ops, last exception: java.net.SocketTimeoutException: Call to slave1/9.1.143.59:16020 failed because java.net.SocketTimeoutException: 60000 millis timeout while waiting for channel to be ready for write. ch : java.nio.channels.SocketChannel[connected local=/9.1.143.53:47438 remote=slave1/9.1.143.59:16020] on slave1,16020,1407757921455, tracking started Sun Aug 10 21:29:58 PDT 2014, retrying after 10011 ms, replay 4696 ops.
14/08/10 21:32:39 INFO client.AsyncProcess: #12, table=usertable, attempt=11/35 failed 4696 ops, last exception: java.net.SocketTimeoutException: Call to slave1/9.1.143.59:16020 failed because java.net.SocketTimeoutException: 60000 millis timeout while waiting for channel to be ready for write. ch : java.nio.channels.SocketChannel[connected local=/9.1.143.53:47438 remote=slave1/9.1.143.59:16020] on slave1,16020,1407757921455, tracking started Sun Aug 10 21:29:57 PDT 2014, retrying after 10042 ms, replay 4696 ops.
14/08/10 21:32:39 INFO client.AsyncProcess: #2, table=usertable, attempt=11/35 failed 4696 ops, last exception: java.net.SocketTimeoutException: Call to slave1/9.1.143.59:16020 failed because java.net.SocketTimeoutException: 60000 millis timeout while waiting for channel to be ready for write. ch : java.nio.channels.SocketChannel[connected local=/9.1.143.53:47438 remote=slave1/9.1.143.59:16020] on slave1,16020,1407757921455, tracking started Sun Aug 10 21:29:59 PDT 2014, retrying after 10051 ms, replay 4696 ops.
14/08/10 21:32:39 INFO client.AsyncProcess: #5, table=usertable, attempt=11/35 failed 4696 ops, last exception: java.net.SocketTimeoutException: Call to slave1/9.1.143.59:16020 failed because java.net.SocketTimeoutException: 60000 millis timeout while waiting for channel to be ready for write. ch : java.nio.channels.SocketChannel[connected local=/9.1.143.53:47438 remote=slave1/9.1.143.59:16020] on slave1,16020,1407757921455, tracking started Sun Aug 10 21:30:00 PDT 2014, retrying after 10085 ms, replay 4696 ops.
14/08/10 21:32:39 INFO client.AsyncProcess: #11, table=usertable, attempt=11/35 failed 4696 ops, last exception: java.net.SocketTimeoutException: Call to slave1/9.1.143.59:16020 failed because java.net.SocketTimeoutException: 60000 millis timeout while waiting for channel to be ready for write. ch : java.nio.channels.SocketChannel[connected local=/9.1.143.53:47438 remote=slave1/9.1.143.59:16020] on slave1,16020,1407757921455, tracking started Sun Aug 10 21:30:00 PDT 2014, retrying after 10008 ms, replay 4696 ops.
14/08/10 21:32:39 INFO client.AsyncProcess: #17, table=usertable, attempt=11/35 failed 4696 ops, last exception: java.net.SocketTimeoutException: Call to slave1/9.1.143.59:16020 failed because java.net.SocketTimeoutException: 60000 millis timeout while waiting for channel to be ready for write. ch : java.nio.channels.SocketChannel[connected local=/9.1.143.53:47438 remote=slave1/9.1.143.59:16020] on slave1,16020,1407757921455, tracking started Sun Aug 10 21:29:59 PDT 2014, retrying after 10002 ms, replay 4696 ops.
14/08/10 21:32:39 INFO client.AsyncProcess: #10, table=usertable, attempt=11/35 failed 4696 ops, last exception: java.net.SocketTimeoutException: Call to slave1/9.1.143.59:16020 failed because java.net.SocketTimeoutException: 60000 millis timeout while waiting for channel to be ready for write. ch : java.nio.channels.SocketChannel[connected local=/9.1.143.53:47438 remote=slave1/9.1.143.59:16020] on slave1,16020,1407757921455, tracking started Sun Aug 10 21:29:57 PDT 2014, retrying after 10097 ms, replay 4696 ops.
14/08/10 21:32:39 INFO client.AsyncProcess: #1, table=usertable, attempt=11/35 failed 4696 ops, last exception: java.net.SocketTimeoutException: Call to slave1/9.1.143.59:16020 failed because java.net.SocketTimeoutException: 60000 millis timeout while waiting for channel to be ready for write. ch : java.nio.channels.SocketChannel[connected local=/9.1.143.53:47438 remote=slave1/9.1.143.59:16020] on slave1,16020,1407757921455, tracking started Sun Aug 10 21:29:59 PDT 2014, retrying after 10092 ms, replay 4696 ops.
14/08/10 21:32:39 INFO client.AsyncProcess: #19, table=usertable, attempt=11/35 failed 4696 ops, last exception: java.net.SocketTimeoutException: Call to slave1/9.1.143.59:16020 failed because java.net.SocketTimeoutException: 60000 millis timeout while waiting for channel to be ready for write. ch : java.nio.channels.SocketChannel[connected local=/9.1.143.53:47438 remote=slave1/9.1.143.59:16020] on slave1,16020,1407757921455, tracking started Sun Aug 10 21:29:59 PDT 2014, retrying after 10084 ms, replay 4696 ops.
14/08/10 21:32:39 INFO client.AsyncProcess: #13, table=usertable, attempt=11/35 failed 4696 ops, last exception: java.net.SocketTimeoutException: Call to slave1/9.1.143.59:16020 failed because java.net.SocketTimeoutException: 60000 millis timeout while waiting for channel to be ready for write. ch : java.nio.channels.SocketChannel[connected local=/9.1.143.53:47438 remote=slave1/9.1.143.59:16020] on slave1,16020,1407757921455, tracking started Sun Aug 10 21:29:57 PDT 2014, retrying after 10063 ms, replay 4696 ops.
14/08/10 21:32:39 INFO client.AsyncProcess: #4, table=usertable, attempt=11/35 failed 4696 ops, last exception: java.net.SocketTimeoutException: Call to slave1/9.1.143.59:16020 failed because java.net.SocketTimeoutException: 60000 millis timeout while waiting for channel to be ready for write. ch : java.nio.channels.SocketChannel[connected local=/9.1.143.53:47438 remote=slave1/9.1.143.59:16020] on slave1,16020,1407757921455, tracking started Sun Aug 10 21:29:59 PDT 2014, retrying after 10060 ms, replay 4696 ops.
14/08/10 21:32:39 INFO client.AsyncProcess: #3, table=usertable, attempt=11/35 failed 4696 ops, last exception: java.net.SocketTimeoutException: Call to slave1/9.1.143.59:16020 failed because java.net.SocketTimeoutException: 60000 millis timeout while waiting for channel to be ready for write. ch : java.nio.channels.SocketChannel[connected local=/9.1.143.53:47438 remote=slave1/9.1.143.59:16020] on slave1,16020,1407757921455, tracking started Sun Aug 10 21:29:58 PDT 2014, retrying after 10075 ms, replay 4696 ops.
14/08/10 21:32:39 INFO client.AsyncProcess: #16, table=usertable, attempt=11/35 failed 4696 ops, last exception: java.net.SocketTimeoutException: Call to slave1/9.1.143.59:16020 failed because java.net.SocketTimeoutException: 60000 millis timeout while waiting for channel to be ready for write. ch : java.nio.channels.SocketChannel[connected local=/9.1.143.53:47438 remote=slave1/9.1.143.59:16020] on slave1,16020,1407757921455, tracking started Sun Aug 10 21:29:59 PDT 2014, retrying after 10084 ms, replay 4696 ops.
2014-08-10 21:32:39:342 2010 sec: 23198445 operations; 0 current ops/sec;   
14/08/10 21:32:39 INFO client.AsyncProcess: #15, table=usertable, attempt=11/35 failed 4696 ops, last exception: java.net.SocketTimeoutException: Call to slave1/9.1.143.59:16020 failed because java.net.SocketTimeoutException: 60000 millis timeout while waiting for channel to be ready for write. ch : java.nio.channels.SocketChannel[connected local=/9.1.143.53:47438 remote=slave1/9.1.143.59:16020] on slave1,16020,1407757921455, tracking started Sun Aug 10 21:29:59 PDT 2014, retrying after 10010 ms, replay 4696 ops.
14/08/10 21:32:39 INFO client.AsyncProcess: #18, table=usertable, attempt=11/35 failed 4696 ops, last exception: java.net.SocketTimeoutException: Call to slave1/9.1.143.59:16020 failed because java.net.SocketTimeoutException: 60000 millis timeout while waiting for channel to be ready for write. ch : java.nio.channels.SocketChannel[connected local=/9.1.143.53:47438 remote=slave1/9.1.143.59:16020] on slave1,16020,1407757921455, tracking started Sun Aug 10 21:29:59 PDT 2014, retrying after 10049 ms, replay 4696 ops.
14/08/10 21:32:49 INFO client.AsyncProcess: #8, table=usertable, attempt=12/35 failed 4696 ops, last exception: java.net.SocketTimeoutException: Call to slave1/9.1.143.59:16020 failed because java.net.SocketTimeoutException: 60000 millis timeout while waiting for channel to be ready for write. ch : java.nio.channels.SocketChannel[connected local=/9.1.143.53:47438 remote=slave1/9.1.143.59:16020] on slave1,16020,1407757921455, tracking started Sun Aug 10 21:29:58 PDT 2014, retrying after 20197 ms, replay 4696 ops.
14/08/10 21:32:49 INFO client.AsyncProcess: #6, table=usertable, attempt=12/35 failed 4696 ops, last exception: java.net.SocketTimeoutException: Call to slave1/9.1.143.59:16020 failed because java.net.SocketTimeoutException: 60000 millis timeout while waiting for channel to be ready for write. ch : java.nio.channels.SocketChannel[connected local=/9.1.143.53:47438 remote=slave1/9.1.143.59:16020] on slave1,16020,1407757921455, tracking started Sun Aug 10 21:29:58 PDT 2014, retrying after 20164 ms, replay 4696 ops.
14/08/10 21:32:49 INFO client.AsyncProcess: #7, table=usertable, attempt=12/35 failed 4696 ops, last exception: java.net.SocketTimeoutException: Call to slave1/9.1.143.59:16020 failed because java.net.SocketTimeoutException: 60000 millis timeout while waiting for channel to be ready for write. ch : java.nio.channels.SocketChannel[connected local=/9.1.143.53:47438 remote=slave1/9.1.143.59:16020] on slave1,16020,1407757921455, tracking started Sun Aug 10 21:29:59 PDT 2014, retrying after 20095 ms, replay 4696 ops.
14/08/10 21:32:49 INFO client.AsyncProcess: #20, table=usertable, attempt=12/35 failed 4696 ops, last exception: java.net.SocketTimeoutException: Call to slave1/9.1.143.59:16020 failed because java.net.SocketTimeoutException: 60000 millis timeout while waiting for channel to be ready for write. ch : java.nio.channels.SocketChannel[connected local=/9.1.143.53:47438 remote=slave1/9.1.143.59:16020] on slave1,16020,1407757921455, tracking started Sun Aug 10 21:29:59 PDT 2014, retrying after 20178 ms, replay 4696 ops.
14/08/10 21:32:49 INFO client.AsyncProcess: #11, table=usertable, attempt=12/35 failed 4696 ops, last exception: java.net.SocketTimeoutException: Call to slave1/9.1.143.59:16020 failed because java.net.SocketTimeoutException: 60000 millis timeout while waiting for channel to be ready for write. ch : java.nio.channels.SocketChannel[connected local=/9.1.143.53:47438 remote=slave1/9.1.143.59:16020] on slave1,16020,1407757921455, tracking started Sun Aug 10 21:30:00 PDT 2014, retrying after 20066 ms, replay 4696 ops.
14/08/10 21:32:49 INFO client.AsyncProcess: #12, table=usertable, attempt=12/35 failed 4696 ops, last exception: java.net.SocketTimeoutException: Call to slave1/9.1.143.59:16020 failed because java.net.SocketTimeoutException: 60000 millis timeout while waiting for channel to be ready for write. ch : java.nio.channels.SocketChannel[connected local=/9.1.143.53:47438 remote=slave1/9.1.143.59:16020] on slave1,16020,1407757921455, tracking started Sun Aug 10 21:29:57 PDT 2014, retrying after 20092 ms, replay 4696 ops.
14/08/10 21:32:49 INFO client.AsyncProcess: #9, table=usertable, attempt=12/35 failed 4696 ops, last exception: java.net.SocketTimeoutException: Call to slave1/9.1.143.59:16020 failed because java.net.SocketTimeoutException: 60000 millis timeout while waiting for channel to be ready for write. ch : java.nio.channels.SocketChannel[connected local=/9.1.143.53:47438 remote=slave1/9.1.143.59:16020] on slave1,16020,1407757921455, tracking started Sun Aug 10 21:29:57 PDT 2014, retrying after 20120 ms, replay 4696 ops.
14/08/10 21:32:49 INFO client.AsyncProcess: #17, table=usertable, attempt=12/35 failed 4696 ops, last exception: java.net.SocketTimeoutException: Call to slave1/9.1.143.59:16020 failed because java.net.SocketTimeoutException: 60000 millis timeout while waiting for channel to be ready for write. ch : java.nio.channels.SocketChannel[connected local=/9.1.143.53:47438 remote=slave1/9.1.143.59:16020] on slave1,16020,1407757921455, tracking started Sun Aug 10 21:29:59 PDT 2014, retrying after 20099 ms, replay 4696 ops.
14/08/10 21:32:49 INFO client.AsyncProcess: #2, table=usertable, attempt=12/35 failed 4696 ops, last exception: java.net.SocketTimeoutException: Call to slave1/9.1.143.59:16020 failed because java.net.SocketTimeoutException: 60000 millis timeout while waiting for channel to be ready for write. ch : java.nio.channels.SocketChannel[connected local=/9.1.143.53:47438 remote=slave1/9.1.143.59:16020] on slave1,16020,1407757921455, tracking started Sun Aug 10 21:29:59 PDT 2014, retrying after 20094 ms, replay 4696 ops.
14/08/10 21:32:49 INFO client.AsyncProcess: #5, table=usertable, attempt=12/35 failed 4696 ops, last exception: java.net.SocketTimeoutException: Call to slave1/9.1.143.59:16020 failed because java.net.SocketTimeoutException: 60000 millis timeout while waiting for channel to be ready for write. ch : java.nio.channels.SocketChannel[connected local=/9.1.143.53:47438 remote=slave1/9.1.143.59:16020] on slave1,16020,1407757921455, tracking started Sun Aug 10 21:30:00 PDT 2014, retrying after 20124 ms, replay 4696 ops.
14/08/10 21:32:49 INFO client.AsyncProcess: #4, table=usertable, attempt=12/35 failed 4696 ops, last exception: java.net.SocketTimeoutException: Call to slave1/9.1.143.59:16020 failed because java.net.SocketTimeoutException: 60000 millis timeout while waiting for channel to be ready for write. ch : java.nio.channels.SocketChannel[connected local=/9.1.143.53:47438 remote=slave1/9.1.143.59:16020] on slave1,16020,1407757921455, tracking started Sun Aug 10 21:29:59 PDT 2014, retrying after 20066 ms, replay 4696 ops.
14/08/10 21:32:49 INFO client.AsyncProcess: #10, table=usertable, attempt=12/35 failed 4696 ops, last exception: java.net.SocketTimeoutException: Call to slave1/9.1.143.59:16020 failed because java.net.SocketTimeoutException: 60000 millis timeout while waiting for channel to be ready for write. ch : java.nio.channels.SocketChannel[connected local=/9.1.143.53:47438 remote=slave1/9.1.143.59:16020] on slave1,16020,1407757921455, tracking started Sun Aug 10 21:29:57 PDT 2014, retrying after 20023 ms, replay 4696 ops.
14/08/10 21:32:49 INFO client.AsyncProcess: #13, table=usertable, attempt=12/35 failed 4696 ops, last exception: java.net.SocketTimeoutException: Call to slave1/9.1.143.59:16020 failed because java.net.SocketTimeoutException: 60000 millis timeout while waiting for channel to be ready for write. ch : java.nio.channels.SocketChannel[connected local=/9.1.143.53:47438 remote=slave1/9.1.143.59:16020] on slave1,16020,1407757921455, tracking started Sun Aug 10 21:29:57 PDT 2014, retrying after 20131 ms, replay 4696 ops.
14/08/10 21:32:49 INFO client.AsyncProcess: #19, table=usertable, attempt=12/35 failed 4696 ops, last exception: java.net.SocketTimeoutException: Call to slave1/9.1.143.59:16020 failed because java.net.SocketTimeoutException: 60000 millis timeout while waiting for channel to be ready for write. ch : java.nio.channels.SocketChannel[connected local=/9.1.143.53:47438 remote=slave1/9.1.143.59:16020] on slave1,16020,1407757921455, tracking started Sun Aug 10 21:29:59 PDT 2014, retrying after 20093 ms, replay 4696 ops.
14/08/10 21:32:49 INFO client.AsyncProcess: #1, table=usertable, attempt=12/35 failed 4696 ops, last exception: java.net.SocketTimeoutException: Call to slave1/9.1.143.59:16020 failed because java.net.SocketTimeoutException: 60000 millis timeout while waiting for channel to be ready for write. ch : java.nio.channels.SocketChannel[connected local=/9.1.143.53:47438 remote=slave1/9.1.143.59:16020] on slave1,16020,1407757921455, tracking started Sun Aug 10 21:29:59 PDT 2014, retrying after 20074 ms, replay 4696 ops.
14/08/10 21:32:49 INFO client.AsyncProcess: #3, table=usertable, attempt=12/35 failed 4696 ops, last exception: java.net.SocketTimeoutException: Call to slave1/9.1.143.59:16020 failed because java.net.SocketTimeoutException: 60000 millis timeout while waiting for channel to be ready for write. ch : java.nio.channels.SocketChannel[connected local=/9.1.143.53:47438 remote=slave1/9.1.143.59:16020] on slave1,16020,1407757921455, tracking started Sun Aug 10 21:29:58 PDT 2014, retrying after 20117 ms, replay 4696 ops.
2014-08-10 21:32:49:342 2020 sec: 23198445 operations; 0 current ops/sec;   
14/08/10 21:32:49 INFO client.AsyncProcess: #15, table=usertable, attempt=12/35 failed 4696 ops, last exception: java.net.SocketTimeoutException: Call to slave1/9.1.143.59:16020 failed because java.net.SocketTimeoutException: 60000 millis timeout while waiting for channel to be ready for write. ch : java.nio.channels.SocketChannel[connected local=/9.1.143.53:47438 remote=slave1/9.1.143.59:16020] on slave1,16020,1407757921455, tracking started Sun Aug 10 21:29:59 PDT 2014, retrying after 20124 ms, replay 4696 ops.
14/08/10 21:32:49 INFO client.AsyncProcess: #16, table=usertable, attempt=12/35 failed 4696 ops, last exception: java.net.SocketTimeoutException: Call to slave1/9.1.143.59:16020 failed because java.net.SocketTimeoutException: 60000 millis timeout while waiting for channel to be ready for write. ch : java.nio.channels.SocketChannel[connected local=/9.1.143.53:47438 remote=slave1/9.1.143.59:16020] on slave1,16020,1407757921455, tracking started Sun Aug 10 21:29:59 PDT 2014, retrying after 20132 ms, replay 4696 ops.
14/08/10 21:32:49 INFO client.AsyncProcess: #18, table=usertable, attempt=12/35 failed 4696 ops, last exception: java.net.SocketTimeoutException: Call to slave1/9.1.143.59:16020 failed because java.net.SocketTimeoutException: 60000 millis timeout while waiting for channel to be ready for write. ch : java.nio.channels.SocketChannel[connected local=/9.1.143.53:47438 remote=slave1/9.1.143.59:16020] on slave1,16020,1407757921455, tracking started Sun Aug 10 21:29:59 PDT 2014, retrying after 20013 ms, replay 4696 ops.
2014-08-10 21:32:59:343 2030 sec: 23198445 operations; 0 current ops/sec;   
2014-08-10 21:33:09:343 2040 sec: 23207193 operations; 874.8 current ops/sec; [INSERT AverageLatency(us)=11.43] [READ AverageLatency(us)=36934910.58] 
2014-08-10 21:33:19:344 2050 sec: 23256628 operations; 4943.01 current ops/sec; [INSERT AverageLatency(us)=9.4] [READ AverageLatency(us)=173689.74] 
2014-08-10 21:33:29:344 2060 sec: 23256628 operations; 0 current ops/sec;   
14/08/10 21:33:31 INFO client.AsyncProcess: #9, table=usertable, attempt=13/35 SUCCEEDED on slave1,16020,1407757921455, tracking started Sun Aug 10 21:29:57 PDT 2014
14/08/10 21:33:31 INFO client.AsyncProcess: #13, table=usertable, attempt=13/35 SUCCEEDED on slave1,16020,1407757921455, tracking started Sun Aug 10 21:29:57 PDT 2014
14/08/10 21:33:31 INFO client.AsyncProcess: #6, table=usertable, attempt=13/35 SUCCEEDED on slave1,16020,1407757921455, tracking started Sun Aug 10 21:29:58 PDT 2014
14/08/10 21:33:31 INFO client.AsyncProcess: #20, table=usertable, attempt=13/35 SUCCEEDED on slave1,16020,1407757921455, tracking started Sun Aug 10 21:29:59 PDT 2014
14/08/10 21:33:31 INFO client.AsyncProcess: #7, table=usertable, attempt=13/35 SUCCEEDED on slave1,16020,1407757921455, tracking started Sun Aug 10 21:29:59 PDT 2014
14/08/10 21:33:31 INFO client.AsyncProcess: #4, table=usertable, attempt=13/35 SUCCEEDED on slave1,16020,1407757921455, tracking started Sun Aug 10 21:29:59 PDT 2014
14/08/10 21:33:31 INFO client.AsyncProcess: #16, table=usertable, attempt=13/35 SUCCEEDED on slave1,16020,1407757921455, tracking started Sun Aug 10 21:29:59 PDT 2014
14/08/10 21:33:31 INFO client.AsyncProcess: #10, table=usertable, attempt=13/35 SUCCEEDED on slave1,16020,1407757921455, tracking started Sun Aug 10 21:29:57 PDT 2014
14/08/10 21:33:31 INFO client.AsyncProcess: #8, table=usertable, attempt=13/35 SUCCEEDED on slave1,16020,1407757921455, tracking started Sun Aug 10 21:29:58 PDT 2014
14/08/10 21:33:31 INFO client.AsyncProcess: #3, table=usertable, attempt=13/35 SUCCEEDED on slave1,16020,1407757921455, tracking started Sun Aug 10 21:29:58 PDT 2014
14/08/10 21:33:31 INFO client.AsyncProcess: #18, table=usertable, attempt=13/35 SUCCEEDED on slave1,16020,1407757921455, tracking started Sun Aug 10 21:29:59 PDT 2014
14/08/10 21:33:31 INFO client.AsyncProcess: #11, table=usertable, attempt=13/35 SUCCEEDED on slave1,16020,1407757921455, tracking started Sun Aug 10 21:30:00 PDT 2014
14/08/10 21:33:31 INFO client.AsyncProcess: #15, table=usertable, attempt=13/35 SUCCEEDED on slave1,16020,1407757921455, tracking started Sun Aug 10 21:29:59 PDT 2014
14/08/10 21:33:31 INFO client.AsyncProcess: #5, table=usertable, attempt=13/35 SUCCEEDED on slave1,16020,1407757921455, tracking started Sun Aug 10 21:30:00 PDT 2014
14/08/10 21:33:31 INFO client.AsyncProcess: #12, table=usertable, attempt=13/35 SUCCEEDED on slave1,16020,1407757921455, tracking started Sun Aug 10 21:29:57 PDT 2014
14/08/10 21:33:31 INFO client.AsyncProcess: #2, table=usertable, attempt=13/35 SUCCEEDED on slave1,16020,1407757921455, tracking started Sun Aug 10 21:29:59 PDT 2014
14/08/10 21:33:31 INFO client.AsyncProcess: #1, table=usertable, attempt=13/35 SUCCEEDED on slave1,16020,1407757921455, tracking started Sun Aug 10 21:29:59 PDT 2014
14/08/10 21:33:31 INFO client.AsyncProcess: #17, table=usertable, attempt=13/35 SUCCEEDED on slave1,16020,1407757921455, tracking started Sun Aug 10 21:29:59 PDT 2014
14/08/10 21:33:31 INFO client.AsyncProcess: #19, table=usertable, attempt=13/35 SUCCEEDED on slave1,16020,1407757921455, tracking started Sun Aug 10 21:29:59 PDT 2014
2014-08-10 21:33:39:345 2070 sec: 23351475 operations; 9483.75 current ops/sec; [INSERT AverageLatency(us)=7882.61] [READ AverageLatency(us)=65489.5] 
2014-08-10 21:33:49:346 2080 sec: 23495593 operations; 14411.8 current ops/sec; [INSERT AverageLatency(us)=1059.2] [READ AverageLatency(us)=99391.75] 
2014-08-10 21:33:59:346 2090 sec: 23697678 operations; 20206.48 current ops/sec; [INSERT AverageLatency(us)=11.94] [READ AverageLatency(us)=53767.27] 
2014-08-10 21:34:09:348 2100 sec: 23716859 operations; 1917.72 current ops/sec; [INSERT AverageLatency(us)=3657.24] [READ AverageLatency(us)=16961.78] 
2014-08-10 21:34:19:348 2110 sec: 23905324 operations; 18846.5 current ops/sec; [INSERT AverageLatency(us)=1271.98] [READ AverageLatency(us)=88452.99] 
2014-08-10 21:34:29:349 2120 sec: 24112984 operations; 20763.92 current ops/sec; [INSERT AverageLatency(us)=12.65] [READ AverageLatency(us)=70034.75] 
2014-08-10 21:34:39:350 2130 sec: 24188515 operations; 7552.34 current ops/sec; [INSERT AverageLatency(us)=2646.06] [READ AverageLatency(us)=67394.66] 
2014-08-10 21:34:49:350 2140 sec: 24407457 operations; 21894.2 current ops/sec; [UPDATE AverageLatency(us)=14170615] [INSERT AverageLatency(us)=42.89] [READ AverageLatency(us)=83545.85] [CLEANUP AverageLatency(us)=14170737] 
2014-08-10 21:34:59:351 2150 sec: 24525625 operations; 11815.62 current ops/sec;  [INSERT AverageLatency(us)=10.27] [READ AverageLatency(us)=52659.81]  
2014-08-10 21:35:09:352 2160 sec: 24615376 operations; 8974.2 current ops/sec; [UPDATE AverageLatency(us)=798399.67] [INSERT AverageLatency(us)=2408.79] [READ AverageLatency(us)=87356.73] [CLEANUP AverageLatency(us)=798840.67] 
2014-08-10 21:35:19:353 2170 sec: 24815571 operations; 20017.5 current ops/sec; [UPDATE AverageLatency(us)=1356273] [INSERT AverageLatency(us)=27.61] [READ AverageLatency(us)=75871.22] [CLEANUP AverageLatency(us)=1356292.67] 
2014-08-10 21:35:29:353 2180 sec: 24916718 operations; 10114.7 current ops/sec; [UPDATE AverageLatency(us)=7865193.33] [INSERT AverageLatency(us)=676.83] [READ AverageLatency(us)=31229.68] [CLEANUP AverageLatency(us)=7865204] 
2014-08-10 21:35:35:803 2187 sec: 25000000 operations; 12911.94 current ops/sec; [UPDATE AverageLatency(us)=1086369.2] [INSERT AverageLatency(us)=23.51] [READ AverageLatency(us)=30975.14] [CLEANUP AverageLatency(us)=1086378.6] 
+ echo 'end time:'
end time:
++ date +%s
+ echo 1407731736
1407731736
+ echo 'sleeping for 10 sec ...'
sleeping for 10 sec ...
+ sleep 10
+ let counter=1+1
+ read line
+ set +x
