----------------------------------------------------------
selfdapql AM_FILE_POINTER in begining: 0
selfdapql filelengh: 226446
log_evicted_initial: 0
log_evicted_last: 4
log_evicted_count: 4
storeFileSize: 2.1833926E-5
selfdapql AM_FILE_POINTER in end: 226446
selfdapql RS_FILE_POINTER in begining: 0
selfdapql rs_filelengh: 256153
selfdapql blocking update blocking_updates_count: 0
selfdapql blocking update avg total_blocking_time: 0.0
selfdapql RS_FILE_POINTER in end: 256153
selfdapql DN_FILE_POINTER in begining: 0
selfdapql dn_filelength: 62625
selfdapql total operation time: 120.0
selfdapql total # operations: 23
selfdapql dfs avg read time: 5.2173915
selfdapql DN_FILE_POINTER in end: 62625
selfdapql newBlockCacheSize: 0.45000002
selfdapql newMemstoreSize: 0.35
----------------------------------------------------------
selfdapql AM_FILE_POINTER in begining: 226446
selfdapql filelengh: 446926
log_evicted_initial: 4
log_evicted_last: 6
log_evicted_count: 2
storeFileSize: 2.1833926E-5
selfdapql AM_FILE_POINTER in end: 446926
selfdapql RS_FILE_POINTER in begining: 256153
selfdapql rs_filelengh: 261258
selfdapql blocking update blocking_updates_count: 0
selfdapql blocking update avg total_blocking_time: 0.0
selfdapql RS_FILE_POINTER in end: 261258
selfdapql DN_FILE_POINTER in begining: 62625
selfdapql dn_filelength: 114123
selfdapql total operation time: 5.0
selfdapql total # operations: 2
selfdapql dfs avg read time: 2.5
selfdapql DN_FILE_POINTER in end: 114123
selfdapql newBlockCacheSize: 0.5
selfdapql newMemstoreSize: 0.29999998
----------------------------------------------------------
selfdapql AM_FILE_POINTER in begining: 446926
selfdapql filelengh: 667479
log_evicted_initial: 6
log_evicted_last: 6
log_evicted_count: 0
storeFileSize: 2.1833926E-5
selfdapql AM_FILE_POINTER in end: 667479
selfdapql RS_FILE_POINTER in begining: 261258
selfdapql rs_filelengh: 261473
selfdapql blocking update blocking_updates_count: 0
selfdapql blocking update avg total_blocking_time: 0.0
selfdapql RS_FILE_POINTER in end: 261473
selfdapql DN_FILE_POINTER in begining: 114123
selfdapql dn_filelength: 165563
selfdapql total operation time: 0.0
selfdapql total # operations: 0
selfdapql dfs avg read time: 0.0
selfdapql DN_FILE_POINTER in end: 165563
----------------------------------------------------------
selfdapql AM_FILE_POINTER in begining: 667479
selfdapql filelengh: 888527
log_evicted_initial: 6
log_evicted_last: 6
log_evicted_count: 0
storeFileSize: 2.1833926E-5
selfdapql AM_FILE_POINTER in end: 888527
selfdapql RS_FILE_POINTER in begining: 261473
selfdapql rs_filelengh: 266363
selfdapql blocking update blocking_updates_count: 0
selfdapql blocking update avg total_blocking_time: 0.0
selfdapql RS_FILE_POINTER in end: 266363
selfdapql DN_FILE_POINTER in begining: 165563
selfdapql dn_filelength: 217894
selfdapql total operation time: 85527.0
selfdapql total # operations: 3828
selfdapql dfs avg read time: 22.342476
selfdapql DN_FILE_POINTER in end: 217894
----------------------------------------------------------
selfdapql AM_FILE_POINTER in begining: 888527
selfdapql filelengh: 1109715
log_evicted_initial: 6
log_evicted_last: 6
log_evicted_count: 0
storeFileSize: 2.1833926E-5
selfdapql AM_FILE_POINTER in end: 1109715
selfdapql RS_FILE_POINTER in begining: 266363
selfdapql rs_filelengh: 266646
selfdapql blocking update blocking_updates_count: 0
selfdapql blocking update avg total_blocking_time: 0.0
selfdapql RS_FILE_POINTER in end: 266646
selfdapql DN_FILE_POINTER in begining: 217894
selfdapql dn_filelength: 270282
selfdapql total operation time: 10787.0
selfdapql total # operations: 1821
selfdapql dfs avg read time: 5.9236684
selfdapql DN_FILE_POINTER in end: 270282
----------------------------------------------------------
selfdapql AM_FILE_POINTER in begining: 1109715
selfdapql filelengh: 1330640
log_evicted_initial: 6
log_evicted_last: 6
log_evicted_count: 0
storeFileSize: 2.1833926E-5
selfdapql AM_FILE_POINTER in end: 1330640
selfdapql RS_FILE_POINTER in begining: 266646
selfdapql rs_filelengh: 271253
selfdapql blocking update blocking_updates_count: 0
selfdapql blocking update avg total_blocking_time: 0.0
selfdapql RS_FILE_POINTER in end: 271253
selfdapql DN_FILE_POINTER in begining: 270282
selfdapql dn_filelength: 322898
selfdapql total operation time: 148775.0
selfdapql total # operations: 6662
selfdapql dfs avg read time: 22.331882
selfdapql DN_FILE_POINTER in end: 322898
----------------------------------------------------------
selfdapql AM_FILE_POINTER in begining: 1330640
selfdapql filelengh: 1551762
log_evicted_initial: 6
log_evicted_last: 6
log_evicted_count: 0
storeFileSize: 2.1833926E-5
selfdapql AM_FILE_POINTER in end: 1551762
selfdapql RS_FILE_POINTER in begining: 271253
selfdapql rs_filelengh: 276143
selfdapql blocking update blocking_updates_count: 0
selfdapql blocking update avg total_blocking_time: 0.0
selfdapql RS_FILE_POINTER in end: 276143
selfdapql DN_FILE_POINTER in begining: 322898
selfdapql dn_filelength: 375621
selfdapql total operation time: 87171.0
selfdapql total # operations: 6592
selfdapql dfs avg read time: 13.223756
selfdapql DN_FILE_POINTER in end: 375621
----------------------------------------------------------
selfdapql AM_FILE_POINTER in begining: 1551762
selfdapql filelengh: 1773020
log_evicted_initial: 6
log_evicted_last: 6
log_evicted_count: 0
storeFileSize: 2.1833926E-5
selfdapql AM_FILE_POINTER in end: 1773020
selfdapql RS_FILE_POINTER in begining: 276143
selfdapql rs_filelengh: 276143
selfdapql blocking update blocking_updates_count: 0
selfdapql blocking update avg total_blocking_time: 0.0
selfdapql RS_FILE_POINTER in end: 276143
selfdapql DN_FILE_POINTER in begining: 375621
selfdapql dn_filelength: 428303
selfdapql total operation time: 63393.0
selfdapql total # operations: 5593
selfdapql dfs avg read time: 11.334347
selfdapql DN_FILE_POINTER in end: 428303
----------------------------------------------------------
selfdapql AM_FILE_POINTER in begining: 1773020
selfdapql filelengh: 1994016
log_evicted_initial: 6
log_evicted_last: 6
log_evicted_count: 0
storeFileSize: 2.1833926E-5
selfdapql AM_FILE_POINTER in end: 1994016
selfdapql RS_FILE_POINTER in begining: 276143
selfdapql rs_filelengh: 281037
selfdapql blocking update blocking_updates_count: 0
selfdapql blocking update avg total_blocking_time: 0.0
selfdapql RS_FILE_POINTER in end: 281037
selfdapql DN_FILE_POINTER in begining: 428303
selfdapql dn_filelength: 481054
selfdapql total operation time: 56858.0
selfdapql total # operations: 4889
selfdapql dfs avg read time: 11.629781
selfdapql DN_FILE_POINTER in end: 481054
----------------------------------------------------------
selfdapql AM_FILE_POINTER in begining: 1994016
selfdapql filelengh: 2214602
log_evicted_initial: 6
log_evicted_last: 6
log_evicted_count: 0
storeFileSize: 2.1833926E-5
selfdapql AM_FILE_POINTER in end: 2214602
selfdapql RS_FILE_POINTER in begining: 281037
selfdapql rs_filelengh: 281320
selfdapql blocking update blocking_updates_count: 0
selfdapql blocking update avg total_blocking_time: 0.0
selfdapql RS_FILE_POINTER in end: 281320
selfdapql DN_FILE_POINTER in begining: 481054
selfdapql dn_filelength: 533865
selfdapql total operation time: 198653.0
selfdapql total # operations: 4258
selfdapql dfs avg read time: 46.654064
selfdapql DN_FILE_POINTER in end: 533865
----------------------------------------------------------
selfdapql AM_FILE_POINTER in begining: 2214602
selfdapql filelengh: 2435411
log_evicted_initial: 6
log_evicted_last: 6
log_evicted_count: 0
storeFileSize: 2.1833926E-5
selfdapql AM_FILE_POINTER in end: 2435411
selfdapql RS_FILE_POINTER in begining: 281320
selfdapql rs_filelengh: 285931
selfdapql blocking update blocking_updates_count: 0
selfdapql blocking update avg total_blocking_time: 0.0
selfdapql RS_FILE_POINTER in end: 285931
selfdapql DN_FILE_POINTER in begining: 533865
selfdapql dn_filelength: 586553
selfdapql total operation time: 133483.0
selfdapql total # operations: 2784
selfdapql dfs avg read time: 47.94648
selfdapql DN_FILE_POINTER in end: 586553
----------------------------------------------------------
selfdapql AM_FILE_POINTER in begining: 2435411
selfdapql filelengh: 2656115
log_evicted_initial: 6
log_evicted_last: 6
log_evicted_count: 0
storeFileSize: 2.1833926E-5
selfdapql AM_FILE_POINTER in end: 2656115
selfdapql RS_FILE_POINTER in begining: 285931
selfdapql rs_filelengh: 290825
selfdapql blocking update blocking_updates_count: 0
selfdapql blocking update avg total_blocking_time: 0.0
selfdapql RS_FILE_POINTER in end: 290825
selfdapql DN_FILE_POINTER in begining: 586553
selfdapql dn_filelength: 639233
selfdapql total operation time: 10696.0
selfdapql total # operations: 2982
selfdapql dfs avg read time: 3.5868545
selfdapql DN_FILE_POINTER in end: 639233
----------------------------------------------------------
selfdapql AM_FILE_POINTER in begining: 2656115
selfdapql filelengh: 2877043
log_evicted_initial: 6
log_evicted_last: 6
log_evicted_count: 0
storeFileSize: 2.1833926E-5
selfdapql AM_FILE_POINTER in end: 2877043
selfdapql RS_FILE_POINTER in begining: 290825
selfdapql rs_filelengh: 290825
selfdapql blocking update blocking_updates_count: 0
selfdapql blocking update avg total_blocking_time: 0.0
selfdapql RS_FILE_POINTER in end: 290825
selfdapql DN_FILE_POINTER in begining: 639233
selfdapql dn_filelength: 691933
selfdapql total operation time: 6242.0
selfdapql total # operations: 4041
selfdapql dfs avg read time: 1.5446671
selfdapql DN_FILE_POINTER in end: 691933
----------------------------------------------------------
selfdapql AM_FILE_POINTER in begining: 2877043
selfdapql filelengh: 3098071
log_evicted_initial: 6
log_evicted_last: 6
log_evicted_count: 0
storeFileSize: 2.1833926E-5
selfdapql AM_FILE_POINTER in end: 3098071
selfdapql RS_FILE_POINTER in begining: 290825
selfdapql rs_filelengh: 295719
selfdapql blocking update blocking_updates_count: 0
selfdapql blocking update avg total_blocking_time: 0.0
selfdapql RS_FILE_POINTER in end: 295719
selfdapql DN_FILE_POINTER in begining: 691933
selfdapql dn_filelength: 744665
selfdapql total operation time: 12247.0
selfdapql total # operations: 4421
selfdapql dfs avg read time: 2.7701879
selfdapql DN_FILE_POINTER in end: 744665
----------------------------------------------------------
selfdapql AM_FILE_POINTER in begining: 3098071
selfdapql filelengh: 3319107
log_evicted_initial: 6
log_evicted_last: 6
log_evicted_count: 0
storeFileSize: 2.1833926E-5
selfdapql AM_FILE_POINTER in end: 3319107
selfdapql RS_FILE_POINTER in begining: 295719
selfdapql rs_filelengh: 296002
selfdapql blocking update blocking_updates_count: 0
selfdapql blocking update avg total_blocking_time: 0.0
selfdapql RS_FILE_POINTER in end: 296002
selfdapql DN_FILE_POINTER in begining: 744665
selfdapql dn_filelength: 797420
selfdapql total operation time: 8412.0
selfdapql total # operations: 4098
selfdapql dfs avg read time: 2.0527086
selfdapql DN_FILE_POINTER in end: 797420
----------------------------------------------------------
selfdapql AM_FILE_POINTER in begining: 3319107
selfdapql filelengh: 3539658
log_evicted_initial: 6
log_evicted_last: 6
log_evicted_count: 0
storeFileSize: 2.1833926E-5
selfdapql AM_FILE_POINTER in end: 3539658
selfdapql RS_FILE_POINTER in begining: 296002
selfdapql rs_filelengh: 300613
selfdapql blocking update blocking_updates_count: 0
selfdapql blocking update avg total_blocking_time: 0.0
selfdapql RS_FILE_POINTER in end: 300613
selfdapql DN_FILE_POINTER in begining: 797420
selfdapql dn_filelength: 850143
selfdapql total operation time: 13154.0
selfdapql total # operations: 4176
selfdapql dfs avg read time: 3.1499043
selfdapql DN_FILE_POINTER in end: 850143
----------------------------------------------------------
selfdapql AM_FILE_POINTER in begining: 3539658
selfdapql filelengh: 3760536
log_evicted_initial: 6
log_evicted_last: 6
log_evicted_count: 0
storeFileSize: 2.1833926E-5
selfdapql AM_FILE_POINTER in end: 3760536
selfdapql RS_FILE_POINTER in begining: 300613
selfdapql rs_filelengh: 305507
selfdapql blocking update blocking_updates_count: 0
selfdapql blocking update avg total_blocking_time: 0.0
selfdapql RS_FILE_POINTER in end: 305507
selfdapql DN_FILE_POINTER in begining: 850143
selfdapql dn_filelength: 902920
selfdapql total operation time: 14096.0
selfdapql total # operations: 4663
selfdapql dfs avg read time: 3.0229466
selfdapql DN_FILE_POINTER in end: 902920
----------------------------------------------------------
selfdapql AM_FILE_POINTER in begining: 3760536
selfdapql filelengh: 3982174
log_evicted_initial: 6
log_evicted_last: 6
log_evicted_count: 0
storeFileSize: 2.1833926E-5
selfdapql AM_FILE_POINTER in end: 3982174
selfdapql RS_FILE_POINTER in begining: 305507
selfdapql rs_filelengh: 305507
selfdapql blocking update blocking_updates_count: 0
selfdapql blocking update avg total_blocking_time: 0.0
selfdapql RS_FILE_POINTER in end: 305507
selfdapql DN_FILE_POINTER in begining: 902920
selfdapql dn_filelength: 955725
selfdapql total operation time: 69513.0
selfdapql total # operations: 4716
selfdapql dfs avg read time: 14.739821
selfdapql DN_FILE_POINTER in end: 955725
----------------------------------------------------------
selfdapql AM_FILE_POINTER in begining: 3982174
selfdapql filelengh: 4203409
log_evicted_initial: 6
log_evicted_last: 6
log_evicted_count: 0
storeFileSize: 2.1833926E-5
selfdapql AM_FILE_POINTER in end: 4203409
selfdapql RS_FILE_POINTER in begining: 305507
selfdapql rs_filelengh: 310401
selfdapql blocking update blocking_updates_count: 0
selfdapql blocking update avg total_blocking_time: 0.0
selfdapql RS_FILE_POINTER in end: 310401
selfdapql DN_FILE_POINTER in begining: 955725
selfdapql dn_filelength: 1008442
selfdapql total operation time: 982.0
selfdapql total # operations: 237
selfdapql dfs avg read time: 4.14346
selfdapql DN_FILE_POINTER in end: 1008442
----------------------------------------------------------
selfdapql AM_FILE_POINTER in begining: 4203409
selfdapql filelengh: 4424272
log_evicted_initial: 6
log_evicted_last: 6
log_evicted_count: 0
storeFileSize: 2.1833926E-5
selfdapql AM_FILE_POINTER in end: 4424272
selfdapql RS_FILE_POINTER in begining: 310401
selfdapql rs_filelengh: 311097
selfdapql blocking update blocking_updates_count: 0
selfdapql blocking update avg total_blocking_time: 0.0
selfdapql RS_FILE_POINTER in end: 311097
selfdapql DN_FILE_POINTER in begining: 1008442
selfdapql dn_filelength: 1061264
selfdapql total operation time: 887.0
selfdapql total # operations: 235
selfdapql dfs avg read time: 3.7744682
selfdapql DN_FILE_POINTER in end: 1061264
----------------------------------------------------------
selfdapql AM_FILE_POINTER in begining: 4424272
selfdapql filelengh: 4645577
log_evicted_initial: 6
log_evicted_last: 6
log_evicted_count: 0
storeFileSize: 3.970042E-5
selfdapql AM_FILE_POINTER in end: 4645577
selfdapql RS_FILE_POINTER in begining: 311097
selfdapql rs_filelengh: 317438
selfdapql blocking update blocking_updates_count: 0
selfdapql blocking update avg total_blocking_time: 0.0
selfdapql RS_FILE_POINTER in end: 317438
selfdapql DN_FILE_POINTER in begining: 1061264
selfdapql dn_filelength: 1113981
selfdapql total operation time: 889.0
selfdapql total # operations: 221
selfdapql dfs avg read time: 4.0226245
selfdapql DN_FILE_POINTER in end: 1113981
----------------------------------------------------------
selfdapql AM_FILE_POINTER in begining: 4645577
selfdapql filelengh: 4866825
log_evicted_initial: 6
log_evicted_last: 6
log_evicted_count: 0
storeFileSize: 3.970042E-5
selfdapql AM_FILE_POINTER in end: 4866825
selfdapql RS_FILE_POINTER in begining: 317438
selfdapql rs_filelengh: 322332
selfdapql blocking update blocking_updates_count: 0
selfdapql blocking update avg total_blocking_time: 0.0
selfdapql RS_FILE_POINTER in end: 322332
selfdapql DN_FILE_POINTER in begining: 1113981
selfdapql dn_filelength: 1166771
selfdapql total operation time: 833.0
selfdapql total # operations: 227
selfdapql dfs avg read time: 3.6696036
selfdapql DN_FILE_POINTER in end: 1166771
----------------------------------------------------------
selfdapql AM_FILE_POINTER in begining: 4866825
selfdapql filelengh: 5088314
log_evicted_initial: 6
log_evicted_last: 6
log_evicted_count: 0
storeFileSize: 3.970042E-5
selfdapql AM_FILE_POINTER in end: 5088314
selfdapql RS_FILE_POINTER in begining: 322332
selfdapql rs_filelengh: 322332
selfdapql blocking update blocking_updates_count: 0
selfdapql blocking update avg total_blocking_time: 0.0
selfdapql RS_FILE_POINTER in end: 322332
selfdapql DN_FILE_POINTER in begining: 1166771
selfdapql dn_filelength: 1219540
selfdapql total operation time: 809.0
selfdapql total # operations: 224
selfdapql dfs avg read time: 3.611607
selfdapql DN_FILE_POINTER in end: 1219540
----------------------------------------------------------
selfdapql AM_FILE_POINTER in begining: 5088314
selfdapql filelengh: 5309592
log_evicted_initial: 6
log_evicted_last: 6
log_evicted_count: 0
storeFileSize: 3.970042E-5
selfdapql AM_FILE_POINTER in end: 5309592
selfdapql RS_FILE_POINTER in begining: 322332
selfdapql rs_filelengh: 327226
selfdapql blocking update blocking_updates_count: 0
selfdapql blocking update avg total_blocking_time: 0.0
selfdapql RS_FILE_POINTER in end: 327226
selfdapql DN_FILE_POINTER in begining: 1219540
selfdapql dn_filelength: 1272320
selfdapql total operation time: 774.0
selfdapql total # operations: 235
selfdapql dfs avg read time: 3.293617
selfdapql DN_FILE_POINTER in end: 1272320
----------------------------------------------------------
selfdapql AM_FILE_POINTER in begining: 5309592
selfdapql filelengh: 5530813
log_evicted_initial: 6
log_evicted_last: 6
log_evicted_count: 0
storeFileSize: 3.970042E-5
selfdapql AM_FILE_POINTER in end: 5530813
selfdapql RS_FILE_POINTER in begining: 327226
selfdapql rs_filelengh: 327509
selfdapql blocking update blocking_updates_count: 0
selfdapql blocking update avg total_blocking_time: 0.0
selfdapql RS_FILE_POINTER in end: 327509
selfdapql DN_FILE_POINTER in begining: 1272320
selfdapql dn_filelength: 1325105
selfdapql total operation time: 1009.0
selfdapql total # operations: 230
selfdapql dfs avg read time: 4.3869567
selfdapql DN_FILE_POINTER in end: 1325105
----------------------------------------------------------
selfdapql AM_FILE_POINTER in begining: 5530813
selfdapql filelengh: 5752302
log_evicted_initial: 6
log_evicted_last: 6
log_evicted_count: 0
storeFileSize: 3.970042E-5
selfdapql AM_FILE_POINTER in end: 5752302
selfdapql RS_FILE_POINTER in begining: 327509
selfdapql rs_filelengh: 332120
selfdapql blocking update blocking_updates_count: 0
selfdapql blocking update avg total_blocking_time: 0.0
selfdapql RS_FILE_POINTER in end: 332120
selfdapql DN_FILE_POINTER in begining: 1325105
selfdapql dn_filelength: 1377848
selfdapql total operation time: 725.0
selfdapql total # operations: 247
selfdapql dfs avg read time: 2.9352226
selfdapql DN_FILE_POINTER in end: 1377848
----------------------------------------------------------
selfdapql AM_FILE_POINTER in begining: 5752302
selfdapql filelengh: 5973647
log_evicted_initial: 6
log_evicted_last: 6
log_evicted_count: 0
storeFileSize: 3.970042E-5
selfdapql AM_FILE_POINTER in end: 5973647
selfdapql RS_FILE_POINTER in begining: 332120
selfdapql rs_filelengh: 337014
selfdapql blocking update blocking_updates_count: 0
selfdapql blocking update avg total_blocking_time: 0.0
selfdapql RS_FILE_POINTER in end: 337014
selfdapql DN_FILE_POINTER in begining: 1377848
selfdapql dn_filelength: 1430524
selfdapql total operation time: 625.0
selfdapql total # operations: 232
selfdapql dfs avg read time: 2.6939654
selfdapql DN_FILE_POINTER in end: 1430524
----------------------------------------------------------
selfdapql AM_FILE_POINTER in begining: 5973647
selfdapql filelengh: 6194825
log_evicted_initial: 6
log_evicted_last: 6
log_evicted_count: 0
storeFileSize: 3.970042E-5
selfdapql AM_FILE_POINTER in end: 6194825
selfdapql RS_FILE_POINTER in begining: 337014
selfdapql rs_filelengh: 337014
selfdapql blocking update blocking_updates_count: 0
selfdapql blocking update avg total_blocking_time: 0.0
selfdapql RS_FILE_POINTER in end: 337014
selfdapql DN_FILE_POINTER in begining: 1430524
selfdapql dn_filelength: 1483177
selfdapql total operation time: 528.0
selfdapql total # operations: 218
selfdapql dfs avg read time: 2.4220183
selfdapql DN_FILE_POINTER in end: 1483177
----------------------------------------------------------
selfdapql AM_FILE_POINTER in begining: 6194825
selfdapql filelengh: 6416162
log_evicted_initial: 6
log_evicted_last: 6
log_evicted_count: 0
storeFileSize: 3.970042E-5
selfdapql AM_FILE_POINTER in end: 6416162
selfdapql RS_FILE_POINTER in begining: 337014
selfdapql rs_filelengh: 341908
selfdapql blocking update blocking_updates_count: 0
selfdapql blocking update avg total_blocking_time: 0.0
selfdapql RS_FILE_POINTER in end: 341908
selfdapql DN_FILE_POINTER in begining: 1483177
selfdapql dn_filelength: 1535866
selfdapql total operation time: 558.0
selfdapql total # operations: 237
selfdapql dfs avg read time: 2.3544304
selfdapql DN_FILE_POINTER in end: 1535866
----------------------------------------------------------
selfdapql AM_FILE_POINTER in begining: 6416162
selfdapql filelengh: 6637632
log_evicted_initial: 6
log_evicted_last: 6
log_evicted_count: 0
storeFileSize: 3.970042E-5
selfdapql AM_FILE_POINTER in end: 6637632
selfdapql RS_FILE_POINTER in begining: 341908
selfdapql rs_filelengh: 342191
selfdapql blocking update blocking_updates_count: 0
selfdapql blocking update avg total_blocking_time: 0.0
selfdapql RS_FILE_POINTER in end: 342191
selfdapql DN_FILE_POINTER in begining: 1535866
selfdapql dn_filelength: 1588527
selfdapql total operation time: 646.0
selfdapql total # operations: 202
selfdapql dfs avg read time: 3.1980197
selfdapql DN_FILE_POINTER in end: 1588527
----------------------------------------------------------
selfdapql AM_FILE_POINTER in begining: 6637632
selfdapql filelengh: 6859307
log_evicted_initial: 6
log_evicted_last: 6
log_evicted_count: 0
storeFileSize: 3.970042E-5
selfdapql AM_FILE_POINTER in end: 6859307
selfdapql RS_FILE_POINTER in begining: 342191
selfdapql rs_filelengh: 346802
selfdapql blocking update blocking_updates_count: 0
selfdapql blocking update avg total_blocking_time: 0.0
selfdapql RS_FILE_POINTER in end: 346802
selfdapql DN_FILE_POINTER in begining: 1588527
selfdapql dn_filelength: 1641181
selfdapql total operation time: 511.0
selfdapql total # operations: 234
selfdapql dfs avg read time: 2.1837606
selfdapql DN_FILE_POINTER in end: 1641181
----------------------------------------------------------
selfdapql AM_FILE_POINTER in begining: 6859307
selfdapql filelengh: 7081164
log_evicted_initial: 6
log_evicted_last: 6
log_evicted_count: 0
storeFileSize: 3.970042E-5
selfdapql AM_FILE_POINTER in end: 7081164
selfdapql RS_FILE_POINTER in begining: 346802
selfdapql rs_filelengh: 351696
selfdapql blocking update blocking_updates_count: 0
selfdapql blocking update avg total_blocking_time: 0.0
selfdapql RS_FILE_POINTER in end: 351696
selfdapql DN_FILE_POINTER in begining: 1641181
selfdapql dn_filelength: 1693862
selfdapql total operation time: 477.0
selfdapql total # operations: 232
selfdapql dfs avg read time: 2.0560346
selfdapql DN_FILE_POINTER in end: 1693862
----------------------------------------------------------
selfdapql AM_FILE_POINTER in begining: 7081164
selfdapql filelengh: 7302997
log_evicted_initial: 6
log_evicted_last: 6
log_evicted_count: 0
storeFileSize: 3.970042E-5
selfdapql AM_FILE_POINTER in end: 7302997
selfdapql RS_FILE_POINTER in begining: 351696
selfdapql rs_filelengh: 351696
selfdapql blocking update blocking_updates_count: 0
selfdapql blocking update avg total_blocking_time: 0.0
selfdapql RS_FILE_POINTER in end: 351696
selfdapql DN_FILE_POINTER in begining: 1693862
selfdapql dn_filelength: 1746586
selfdapql total operation time: 425.0
selfdapql total # operations: 220
selfdapql dfs avg read time: 1.9318181
selfdapql DN_FILE_POINTER in end: 1746586
----------------------------------------------------------
selfdapql AM_FILE_POINTER in begining: 7302997
selfdapql filelengh: 7524693
log_evicted_initial: 6
log_evicted_last: 6
log_evicted_count: 0
storeFileSize: 3.970042E-5
selfdapql AM_FILE_POINTER in end: 7524693
selfdapql RS_FILE_POINTER in begining: 351696
selfdapql rs_filelengh: 356590
selfdapql blocking update blocking_updates_count: 0
selfdapql blocking update avg total_blocking_time: 0.0
selfdapql RS_FILE_POINTER in end: 356590
selfdapql DN_FILE_POINTER in begining: 1746586
selfdapql dn_filelength: 1799361
selfdapql total operation time: 536.0
selfdapql total # operations: 224
selfdapql dfs avg read time: 2.392857
selfdapql DN_FILE_POINTER in end: 1799361
----------------------------------------------------------
selfdapql AM_FILE_POINTER in begining: 7524693
selfdapql filelengh: 7746428
log_evicted_initial: 6
log_evicted_last: 6
log_evicted_count: 0
storeFileSize: 3.970042E-5
selfdapql AM_FILE_POINTER in end: 7746428
selfdapql RS_FILE_POINTER in begining: 356590
selfdapql rs_filelengh: 356873
selfdapql blocking update blocking_updates_count: 0
selfdapql blocking update avg total_blocking_time: 0.0
selfdapql RS_FILE_POINTER in end: 356873
selfdapql DN_FILE_POINTER in begining: 1799361
selfdapql dn_filelength: 1852091
selfdapql total operation time: 555.0
selfdapql total # operations: 226
selfdapql dfs avg read time: 2.4557521
selfdapql DN_FILE_POINTER in end: 1852091
----------------------------------------------------------
selfdapql AM_FILE_POINTER in begining: 7746428
selfdapql filelengh: 7967686
log_evicted_initial: 6
log_evicted_last: 6
log_evicted_count: 0
storeFileSize: 3.970042E-5
selfdapql AM_FILE_POINTER in end: 7967686
selfdapql RS_FILE_POINTER in begining: 356873
selfdapql rs_filelengh: 361484
selfdapql blocking update blocking_updates_count: 0
selfdapql blocking update avg total_blocking_time: 0.0
selfdapql RS_FILE_POINTER in end: 361484
selfdapql DN_FILE_POINTER in begining: 1852091
selfdapql dn_filelength: 1904742
selfdapql total operation time: 467.0
selfdapql total # operations: 231
selfdapql dfs avg read time: 2.021645
selfdapql DN_FILE_POINTER in end: 1904742
----------------------------------------------------------
selfdapql AM_FILE_POINTER in begining: 7967686
selfdapql filelengh: 8189054
log_evicted_initial: 6
log_evicted_last: 6
log_evicted_count: 0
storeFileSize: 3.970042E-5
selfdapql AM_FILE_POINTER in end: 8189054
selfdapql RS_FILE_POINTER in begining: 361484
selfdapql rs_filelengh: 366378
selfdapql blocking update blocking_updates_count: 0
selfdapql blocking update avg total_blocking_time: 0.0
selfdapql RS_FILE_POINTER in end: 366378
selfdapql DN_FILE_POINTER in begining: 1904742
selfdapql dn_filelength: 1957472
selfdapql total operation time: 575.0
selfdapql total # operations: 240
selfdapql dfs avg read time: 2.3958333
selfdapql DN_FILE_POINTER in end: 1957472
----------------------------------------------------------
selfdapql AM_FILE_POINTER in begining: 8189054
selfdapql filelengh: 8410258
log_evicted_initial: 6
log_evicted_last: 6
log_evicted_count: 0
storeFileSize: 3.970042E-5
selfdapql AM_FILE_POINTER in end: 8410258
selfdapql RS_FILE_POINTER in begining: 366378
selfdapql rs_filelengh: 366378
selfdapql blocking update blocking_updates_count: 0
selfdapql blocking update avg total_blocking_time: 0.0
selfdapql RS_FILE_POINTER in end: 366378
selfdapql DN_FILE_POINTER in begining: 1957472
selfdapql dn_filelength: 2010168
selfdapql total operation time: 432.0
selfdapql total # operations: 169
selfdapql dfs avg read time: 2.556213
selfdapql DN_FILE_POINTER in end: 2010168
----------------------------------------------------------
selfdapql AM_FILE_POINTER in begining: 8410258
selfdapql filelengh: 8631544
log_evicted_initial: 6
log_evicted_last: 6
log_evicted_count: 0
storeFileSize: 3.970042E-5
selfdapql AM_FILE_POINTER in end: 8631544
selfdapql RS_FILE_POINTER in begining: 366378
selfdapql rs_filelengh: 371272
selfdapql blocking update blocking_updates_count: 0
selfdapql blocking update avg total_blocking_time: 0.0
selfdapql RS_FILE_POINTER in end: 371272
selfdapql DN_FILE_POINTER in begining: 2010168
selfdapql dn_filelength: 2062324
selfdapql total operation time: 137.0
selfdapql total # operations: 20
selfdapql dfs avg read time: 6.85
selfdapql DN_FILE_POINTER in end: 2062324
----------------------------------------------------------
selfdapql AM_FILE_POINTER in begining: 8631544
selfdapql filelengh: 8852975
log_evicted_initial: 6
log_evicted_last: 6
log_evicted_count: 0
storeFileSize: 3.970042E-5
selfdapql AM_FILE_POINTER in end: 8852975
selfdapql RS_FILE_POINTER in begining: 371272
selfdapql rs_filelengh: 371972
selfdapql blocking update blocking_updates_count: 0
selfdapql blocking update avg total_blocking_time: 0.0
selfdapql RS_FILE_POINTER in end: 371972
selfdapql DN_FILE_POINTER in begining: 2062324
selfdapql dn_filelength: 2115160
selfdapql total operation time: 153884.0
selfdapql total # operations: 1928
selfdapql dfs avg read time: 79.81535
selfdapql DN_FILE_POINTER in end: 2115160
----------------------------------------------------------
selfdapql AM_FILE_POINTER in begining: 8852975
selfdapql filelengh: 9074239
log_evicted_initial: 6
log_evicted_last: 6
log_evicted_count: 0
storeFileSize: 3.970042E-5
selfdapql AM_FILE_POINTER in end: 9074239
selfdapql RS_FILE_POINTER in begining: 371972
selfdapql rs_filelengh: 376996
selfdapql blocking update blocking_updates_count: 0
selfdapql blocking update avg total_blocking_time: 0.0
selfdapql RS_FILE_POINTER in end: 376996
selfdapql DN_FILE_POINTER in begining: 2115160
selfdapql dn_filelength: 2168153
selfdapql total operation time: 24019.0
selfdapql total # operations: 3595
selfdapql dfs avg read time: 6.681224
selfdapql DN_FILE_POINTER in end: 2168153
----------------------------------------------------------
selfdapql AM_FILE_POINTER in begining: 9074239
selfdapql filelengh: 9295547
log_evicted_initial: 6
log_evicted_last: 10
log_evicted_count: 4
storeFileSize: 2.2326596E-5
selfdapql AM_FILE_POINTER in end: 9295547
selfdapql RS_FILE_POINTER in begining: 376996
selfdapql rs_filelengh: 384392
selfdapql blocking update blocking_updates_count: 0
selfdapql blocking update avg total_blocking_time: 0.0
selfdapql RS_FILE_POINTER in end: 384392
selfdapql DN_FILE_POINTER in begining: 2168153
selfdapql dn_filelength: 2221068
selfdapql total operation time: 326795.0
selfdapql total # operations: 3487
selfdapql dfs avg read time: 93.718094
selfdapql DN_FILE_POINTER in end: 2221068
selfdapql newBlockCacheSize: 0.55
selfdapql newMemstoreSize: 0.24999999
----------------------------------------------------------
selfdapql AM_FILE_POINTER in begining: 9295547
selfdapql filelengh: 9517042
log_evicted_initial: 10
log_evicted_last: 10
log_evicted_count: 0
storeFileSize: 2.2326596E-5
selfdapql AM_FILE_POINTER in end: 9517042
selfdapql RS_FILE_POINTER in begining: 384392
selfdapql rs_filelengh: 384607
selfdapql blocking update blocking_updates_count: 0
selfdapql blocking update avg total_blocking_time: 0.0
selfdapql RS_FILE_POINTER in end: 384607
selfdapql DN_FILE_POINTER in begining: 2221068
selfdapql dn_filelength: 2273969
selfdapql total operation time: 9748.0
selfdapql total # operations: 1630
selfdapql dfs avg read time: 5.980368
selfdapql DN_FILE_POINTER in end: 2273969
----------------------------------------------------------
selfdapql AM_FILE_POINTER in begining: 9517042
selfdapql filelengh: 9738529
log_evicted_initial: 10
log_evicted_last: 10
log_evicted_count: 0
storeFileSize: 2.2326596E-5
selfdapql AM_FILE_POINTER in end: 9738529
selfdapql RS_FILE_POINTER in begining: 384607
selfdapql rs_filelengh: 389506
selfdapql blocking update blocking_updates_count: 0
selfdapql blocking update avg total_blocking_time: 0.0
selfdapql RS_FILE_POINTER in end: 389506
selfdapql DN_FILE_POINTER in begining: 2273969
selfdapql dn_filelength: 2326447
selfdapql total operation time: 4.0
selfdapql total # operations: 4
selfdapql dfs avg read time: 1.0
selfdapql DN_FILE_POINTER in end: 2326447
----------------------------------------------------------
selfdapql AM_FILE_POINTER in begining: 9738529
selfdapql filelengh: 9960070
log_evicted_initial: 10
log_evicted_last: 10
log_evicted_count: 0
storeFileSize: 2.2326596E-5
selfdapql AM_FILE_POINTER in end: 9960070
selfdapql RS_FILE_POINTER in begining: 389506
selfdapql rs_filelengh: 389794
selfdapql blocking update blocking_updates_count: 0
selfdapql blocking update avg total_blocking_time: 0.0
selfdapql RS_FILE_POINTER in end: 389794
selfdapql DN_FILE_POINTER in begining: 2326447
selfdapql dn_filelength: 2378853
selfdapql total operation time: 0.0
selfdapql total # operations: 0
selfdapql dfs avg read time: 0.0
selfdapql DN_FILE_POINTER in end: 2378853
----------------------------------------------------------
selfdapql AM_FILE_POINTER in begining: 9960070
selfdapql filelengh: 10181808
log_evicted_initial: 10
log_evicted_last: 10
log_evicted_count: 0
storeFileSize: 2.2326596E-5
selfdapql AM_FILE_POINTER in end: 10181808
selfdapql RS_FILE_POINTER in begining: 389794
selfdapql rs_filelengh: 394405
selfdapql blocking update blocking_updates_count: 0
selfdapql blocking update avg total_blocking_time: 0.0
selfdapql RS_FILE_POINTER in end: 394405
selfdapql DN_FILE_POINTER in begining: 2378853
selfdapql dn_filelength: 2431161
selfdapql total operation time: 0.0
selfdapql total # operations: 0
selfdapql dfs avg read time: 0.0
selfdapql DN_FILE_POINTER in end: 2431161
----------------------------------------------------------
selfdapql AM_FILE_POINTER in begining: 10181808
selfdapql filelengh: 10403417
log_evicted_initial: 10
log_evicted_last: 10
log_evicted_count: 0
storeFileSize: 2.2326596E-5
selfdapql AM_FILE_POINTER in end: 10403417
selfdapql RS_FILE_POINTER in begining: 394405
selfdapql rs_filelengh: 399304
selfdapql blocking update blocking_updates_count: 0
selfdapql blocking update avg total_blocking_time: 0.0
selfdapql RS_FILE_POINTER in end: 399304
selfdapql DN_FILE_POINTER in begining: 2431161
selfdapql dn_filelength: 2483397
selfdapql total operation time: 3.0
selfdapql total # operations: 3
selfdapql dfs avg read time: 1.0
selfdapql DN_FILE_POINTER in end: 2483397
----------------------------------------------------------
selfdapql AM_FILE_POINTER in begining: 10403417
selfdapql filelengh: 10624913
log_evicted_initial: 10
log_evicted_last: 10
log_evicted_count: 0
storeFileSize: 2.2326596E-5
selfdapql AM_FILE_POINTER in end: 10624913
selfdapql RS_FILE_POINTER in begining: 399304
selfdapql rs_filelengh: 399304
selfdapql blocking update blocking_updates_count: 0
selfdapql blocking update avg total_blocking_time: 0.0
selfdapql RS_FILE_POINTER in end: 399304
selfdapql DN_FILE_POINTER in begining: 2483397
selfdapql dn_filelength: 2535618
selfdapql total operation time: 0.0
selfdapql total # operations: 0
selfdapql dfs avg read time: 0.0
selfdapql DN_FILE_POINTER in end: 2535618
----------------------------------------------------------
selfdapql AM_FILE_POINTER in begining: 10624913
selfdapql filelengh: 10846386
log_evicted_initial: 10
log_evicted_last: 10
log_evicted_count: 0
storeFileSize: 2.2326596E-5
selfdapql AM_FILE_POINTER in end: 10846386
selfdapql RS_FILE_POINTER in begining: 399304
selfdapql rs_filelengh: 404203
selfdapql blocking update blocking_updates_count: 0
selfdapql blocking update avg total_blocking_time: 0.0
selfdapql RS_FILE_POINTER in end: 404203
selfdapql DN_FILE_POINTER in begining: 2535618
selfdapql dn_filelength: 2587853
selfdapql total operation time: 2.0
selfdapql total # operations: 2
selfdapql dfs avg read time: 1.0
selfdapql DN_FILE_POINTER in end: 2587853
----------------------------------------------------------
selfdapql AM_FILE_POINTER in begining: 10846386
selfdapql filelengh: 11067918
log_evicted_initial: 10
log_evicted_last: 10
log_evicted_count: 0
storeFileSize: 2.2326596E-5
selfdapql AM_FILE_POINTER in end: 11067918
selfdapql RS_FILE_POINTER in begining: 404203
selfdapql rs_filelengh: 404491
selfdapql blocking update blocking_updates_count: 0
selfdapql blocking update avg total_blocking_time: 0.0
selfdapql RS_FILE_POINTER in end: 404491
selfdapql DN_FILE_POINTER in begining: 2587853
selfdapql dn_filelength: 2640204
selfdapql total operation time: 0.0
selfdapql total # operations: 0
selfdapql dfs avg read time: 0.0
selfdapql DN_FILE_POINTER in end: 2640204
----------------------------------------------------------
selfdapql AM_FILE_POINTER in begining: 11067918
selfdapql filelengh: 11289414
log_evicted_initial: 10
log_evicted_last: 10
log_evicted_count: 0
storeFileSize: 2.2326596E-5
selfdapql AM_FILE_POINTER in end: 11289414
selfdapql RS_FILE_POINTER in begining: 404491
selfdapql rs_filelengh: 409102
selfdapql blocking update blocking_updates_count: 0
selfdapql blocking update avg total_blocking_time: 0.0
selfdapql RS_FILE_POINTER in end: 409102
selfdapql DN_FILE_POINTER in begining: 2640204
selfdapql dn_filelength: 2692615
selfdapql total operation time: 0.0
selfdapql total # operations: 0
selfdapql dfs avg read time: 0.0
selfdapql DN_FILE_POINTER in end: 2692615
----------------------------------------------------------
selfdapql AM_FILE_POINTER in begining: 11289414
selfdapql filelengh: 11510833
log_evicted_initial: 10
log_evicted_last: 10
log_evicted_count: 0
storeFileSize: 2.2326596E-5
selfdapql AM_FILE_POINTER in end: 11510833
selfdapql RS_FILE_POINTER in begining: 409102
selfdapql rs_filelengh: 414001
selfdapql blocking update blocking_updates_count: 0
selfdapql blocking update avg total_blocking_time: 0.0
selfdapql RS_FILE_POINTER in end: 414001
selfdapql DN_FILE_POINTER in begining: 2692615
selfdapql dn_filelength: 2744917
selfdapql total operation time: 2.0
selfdapql total # operations: 2
selfdapql dfs avg read time: 1.0
selfdapql DN_FILE_POINTER in end: 2744917
----------------------------------------------------------
selfdapql AM_FILE_POINTER in begining: 11510833
selfdapql filelengh: 11732283
log_evicted_initial: 10
log_evicted_last: 10
log_evicted_count: 0
storeFileSize: 2.2326596E-5
selfdapql AM_FILE_POINTER in end: 11732283
selfdapql RS_FILE_POINTER in begining: 414001
selfdapql rs_filelengh: 414001
selfdapql blocking update blocking_updates_count: 0
selfdapql blocking update avg total_blocking_time: 0.0
selfdapql RS_FILE_POINTER in end: 414001
selfdapql DN_FILE_POINTER in begining: 2744917
selfdapql dn_filelength: 2797274
selfdapql total operation time: 0.0
selfdapql total # operations: 0
selfdapql dfs avg read time: 0.0
selfdapql DN_FILE_POINTER in end: 2797274
----------------------------------------------------------
selfdapql AM_FILE_POINTER in begining: 11732283
selfdapql filelengh: 11954016
log_evicted_initial: 10
log_evicted_last: 10
log_evicted_count: 0
storeFileSize: 2.2326596E-5
selfdapql AM_FILE_POINTER in end: 11954016
selfdapql RS_FILE_POINTER in begining: 414001
selfdapql rs_filelengh: 418900
selfdapql blocking update blocking_updates_count: 0
selfdapql blocking update avg total_blocking_time: 0.0
selfdapql RS_FILE_POINTER in end: 418900
selfdapql DN_FILE_POINTER in begining: 2797274
selfdapql dn_filelength: 2849601
selfdapql total operation time: 3.0
selfdapql total # operations: 2
selfdapql dfs avg read time: 1.5
selfdapql DN_FILE_POINTER in end: 2849601
----------------------------------------------------------
selfdapql AM_FILE_POINTER in begining: 11954016
selfdapql filelengh: 12175750
log_evicted_initial: 10
log_evicted_last: 10
log_evicted_count: 0
storeFileSize: 2.2326596E-5
selfdapql AM_FILE_POINTER in end: 12175750
selfdapql RS_FILE_POINTER in begining: 418900
selfdapql rs_filelengh: 419188
selfdapql blocking update blocking_updates_count: 0
selfdapql blocking update avg total_blocking_time: 0.0
selfdapql RS_FILE_POINTER in end: 419188
selfdapql DN_FILE_POINTER in begining: 2849601
selfdapql dn_filelength: 2901933
selfdapql total operation time: 0.0
selfdapql total # operations: 0
selfdapql dfs avg read time: 0.0
selfdapql DN_FILE_POINTER in end: 2901933
----------------------------------------------------------
selfdapql AM_FILE_POINTER in begining: 12175750
selfdapql filelengh: 12396422
log_evicted_initial: 10
log_evicted_last: 10
log_evicted_count: 0
storeFileSize: 2.2326596E-5
selfdapql AM_FILE_POINTER in end: 12396422
selfdapql RS_FILE_POINTER in begining: 419188
selfdapql rs_filelengh: 423799
selfdapql blocking update blocking_updates_count: 0
selfdapql blocking update avg total_blocking_time: 0.0
selfdapql RS_FILE_POINTER in end: 423799
selfdapql DN_FILE_POINTER in begining: 2901933
selfdapql dn_filelength: 2954314
selfdapql total operation time: 0.0
selfdapql total # operations: 0
selfdapql dfs avg read time: 0.0
selfdapql DN_FILE_POINTER in end: 2954314
----------------------------------------------------------
selfdapql AM_FILE_POINTER in begining: 12396422
selfdapql filelengh: 12617306
log_evicted_initial: 10
log_evicted_last: 10
log_evicted_count: 0
storeFileSize: 2.2326596E-5
selfdapql AM_FILE_POINTER in end: 12617306
selfdapql RS_FILE_POINTER in begining: 423799
selfdapql rs_filelengh: 428698
selfdapql blocking update blocking_updates_count: 0
selfdapql blocking update avg total_blocking_time: 0.0
selfdapql RS_FILE_POINTER in end: 428698
selfdapql DN_FILE_POINTER in begining: 2954314
selfdapql dn_filelength: 3006749
selfdapql total operation time: 2.0
selfdapql total # operations: 2
selfdapql dfs avg read time: 1.0
selfdapql DN_FILE_POINTER in end: 3006749
----------------------------------------------------------
selfdapql AM_FILE_POINTER in begining: 12617306
selfdapql filelengh: 12838640
log_evicted_initial: 10
log_evicted_last: 10
log_evicted_count: 0
storeFileSize: 2.2326596E-5
selfdapql AM_FILE_POINTER in end: 12838640
selfdapql RS_FILE_POINTER in begining: 428698
selfdapql rs_filelengh: 428698
selfdapql blocking update blocking_updates_count: 0
selfdapql blocking update avg total_blocking_time: 0.0
selfdapql RS_FILE_POINTER in end: 428698
selfdapql DN_FILE_POINTER in begining: 3006749
selfdapql dn_filelength: 3059082
selfdapql total operation time: 0.0
selfdapql total # operations: 0
selfdapql dfs avg read time: 0.0
selfdapql DN_FILE_POINTER in end: 3059082
----------------------------------------------------------
selfdapql AM_FILE_POINTER in begining: 12838640
selfdapql filelengh: 13059955
log_evicted_initial: 10
log_evicted_last: 10
log_evicted_count: 0
storeFileSize: 2.2326596E-5
selfdapql AM_FILE_POINTER in end: 13059955
selfdapql RS_FILE_POINTER in begining: 428698
selfdapql rs_filelengh: 433597
selfdapql blocking update blocking_updates_count: 0
selfdapql blocking update avg total_blocking_time: 0.0
selfdapql RS_FILE_POINTER in end: 433597
selfdapql DN_FILE_POINTER in begining: 3059082
selfdapql dn_filelength: 3111518
selfdapql total operation time: 2.0
selfdapql total # operations: 2
selfdapql dfs avg read time: 1.0
selfdapql DN_FILE_POINTER in end: 3111518
----------------------------------------------------------
selfdapql AM_FILE_POINTER in begining: 13059955
selfdapql filelengh: 13281320
log_evicted_initial: 10
log_evicted_last: 10
log_evicted_count: 0
storeFileSize: 2.2326596E-5
selfdapql AM_FILE_POINTER in end: 13281320
selfdapql RS_FILE_POINTER in begining: 433597
selfdapql rs_filelengh: 434298
selfdapql blocking update blocking_updates_count: 0
selfdapql blocking update avg total_blocking_time: 0.0
selfdapql RS_FILE_POINTER in end: 434298
selfdapql DN_FILE_POINTER in begining: 3111518
selfdapql dn_filelength: 3163897
selfdapql total operation time: 0.0
selfdapql total # operations: 0
selfdapql dfs avg read time: 0.0
selfdapql DN_FILE_POINTER in end: 3163897
----------------------------------------------------------
selfdapql AM_FILE_POINTER in begining: 13281320
selfdapql filelengh: 13502708
log_evicted_initial: 10
log_evicted_last: 10
log_evicted_count: 0
storeFileSize: 2.2326596E-5
selfdapql AM_FILE_POINTER in end: 13502708
selfdapql RS_FILE_POINTER in begining: 434298
selfdapql rs_filelengh: 439322
selfdapql blocking update blocking_updates_count: 0
selfdapql blocking update avg total_blocking_time: 0.0
selfdapql RS_FILE_POINTER in end: 439322
selfdapql DN_FILE_POINTER in begining: 3163897
selfdapql dn_filelength: 3216347
selfdapql total operation time: 0.0
selfdapql total # operations: 0
selfdapql dfs avg read time: 0.0
selfdapql DN_FILE_POINTER in end: 3216347
----------------------------------------------------------
selfdapql AM_FILE_POINTER in begining: 13502708
selfdapql filelengh: 13724078
log_evicted_initial: 10
log_evicted_last: 10
log_evicted_count: 0
storeFileSize: 2.2326596E-5
selfdapql AM_FILE_POINTER in end: 13724078
selfdapql RS_FILE_POINTER in begining: 439322
selfdapql rs_filelengh: 444221
selfdapql blocking update blocking_updates_count: 0
selfdapql blocking update avg total_blocking_time: 0.0
selfdapql RS_FILE_POINTER in end: 444221
selfdapql DN_FILE_POINTER in begining: 3216347
selfdapql dn_filelength: 3268743
selfdapql total operation time: 3.0
selfdapql total # operations: 2
selfdapql dfs avg read time: 1.5
selfdapql DN_FILE_POINTER in end: 3268743
----------------------------------------------------------
selfdapql AM_FILE_POINTER in begining: 13724078
selfdapql filelengh: 13945429
log_evicted_initial: 10
log_evicted_last: 10
log_evicted_count: 0
storeFileSize: 2.2326596E-5
selfdapql AM_FILE_POINTER in end: 13945429
selfdapql RS_FILE_POINTER in begining: 444221
selfdapql rs_filelengh: 444221
selfdapql blocking update blocking_updates_count: 0
selfdapql blocking update avg total_blocking_time: 0.0
selfdapql RS_FILE_POINTER in end: 444221
selfdapql DN_FILE_POINTER in begining: 3268743
selfdapql dn_filelength: 3321162
selfdapql total operation time: 0.0
selfdapql total # operations: 0
selfdapql dfs avg read time: 0.0
selfdapql DN_FILE_POINTER in end: 3321162
----------------------------------------------------------
selfdapql AM_FILE_POINTER in begining: 13945429
selfdapql filelengh: 14166564
log_evicted_initial: 10
log_evicted_last: 10
log_evicted_count: 0
storeFileSize: 3.1197444E-5
selfdapql AM_FILE_POINTER in end: 14166564
selfdapql RS_FILE_POINTER in begining: 444221
selfdapql rs_filelengh: 450082
selfdapql blocking update blocking_updates_count: 0
selfdapql blocking update avg total_blocking_time: 0.0
selfdapql RS_FILE_POINTER in end: 450082
selfdapql DN_FILE_POINTER in begining: 3321162
selfdapql dn_filelength: 3373625
selfdapql total operation time: 6.0
selfdapql total # operations: 6
selfdapql dfs avg read time: 1.0
selfdapql DN_FILE_POINTER in end: 3373625
----------------------------------------------------------
selfdapql AM_FILE_POINTER in begining: 14166564
selfdapql filelengh: 14387631
log_evicted_initial: 10
log_evicted_last: 10
log_evicted_count: 0
storeFileSize: 3.1197444E-5
selfdapql AM_FILE_POINTER in end: 14387631
selfdapql RS_FILE_POINTER in begining: 450082
selfdapql rs_filelengh: 450370
selfdapql blocking update blocking_updates_count: 0
selfdapql blocking update avg total_blocking_time: 0.0
selfdapql RS_FILE_POINTER in end: 450370
selfdapql DN_FILE_POINTER in begining: 3373625
selfdapql dn_filelength: 3426196
selfdapql total operation time: 0.0
selfdapql total # operations: 0
selfdapql dfs avg read time: 0.0
selfdapql DN_FILE_POINTER in end: 3426196
----------------------------------------------------------
selfdapql AM_FILE_POINTER in begining: 14387631
selfdapql filelengh: 14608714
log_evicted_initial: 10
log_evicted_last: 10
log_evicted_count: 0
storeFileSize: 3.1197444E-5
selfdapql AM_FILE_POINTER in end: 14608714
selfdapql RS_FILE_POINTER in begining: 450370
selfdapql rs_filelengh: 454981
selfdapql blocking update blocking_updates_count: 0
selfdapql blocking update avg total_blocking_time: 0.0
selfdapql RS_FILE_POINTER in end: 454981
selfdapql DN_FILE_POINTER in begining: 3426196
selfdapql dn_filelength: 3479066
selfdapql total operation time: 0.0
selfdapql total # operations: 0
selfdapql dfs avg read time: 0.0
selfdapql DN_FILE_POINTER in end: 3479066
----------------------------------------------------------
selfdapql AM_FILE_POINTER in begining: 14608714
selfdapql filelengh: 14829897
log_evicted_initial: 10
log_evicted_last: 10
log_evicted_count: 0
storeFileSize: 3.1197444E-5
selfdapql AM_FILE_POINTER in end: 14829897
selfdapql RS_FILE_POINTER in begining: 454981
selfdapql rs_filelengh: 459880
selfdapql blocking update blocking_updates_count: 0
selfdapql blocking update avg total_blocking_time: 0.0
selfdapql RS_FILE_POINTER in end: 459880
selfdapql DN_FILE_POINTER in begining: 3479066
selfdapql dn_filelength: 3531785
selfdapql total operation time: 2.0
selfdapql total # operations: 2
selfdapql dfs avg read time: 1.0
selfdapql DN_FILE_POINTER in end: 3531785
----------------------------------------------------------
selfdapql AM_FILE_POINTER in begining: 14829897
selfdapql filelengh: 15051263
log_evicted_initial: 10
log_evicted_last: 10
log_evicted_count: 0
storeFileSize: 3.1197444E-5
selfdapql AM_FILE_POINTER in end: 15051263
selfdapql RS_FILE_POINTER in begining: 459880
selfdapql rs_filelengh: 459880
selfdapql blocking update blocking_updates_count: 0
selfdapql blocking update avg total_blocking_time: 0.0
selfdapql RS_FILE_POINTER in end: 459880
selfdapql DN_FILE_POINTER in begining: 3531785
selfdapql dn_filelength: 3584207
selfdapql total operation time: 0.0
selfdapql total # operations: 0
selfdapql dfs avg read time: 0.0
selfdapql DN_FILE_POINTER in end: 3584207
----------------------------------------------------------
selfdapql AM_FILE_POINTER in begining: 15051263
selfdapql filelengh: 15272602
log_evicted_initial: 10
log_evicted_last: 10
log_evicted_count: 0
storeFileSize: 3.1197444E-5
selfdapql AM_FILE_POINTER in end: 15272602
selfdapql RS_FILE_POINTER in begining: 459880
selfdapql rs_filelengh: 464779
selfdapql blocking update blocking_updates_count: 0
selfdapql blocking update avg total_blocking_time: 0.0
selfdapql RS_FILE_POINTER in end: 464779
selfdapql DN_FILE_POINTER in begining: 3584207
selfdapql dn_filelength: 3636623
selfdapql total operation time: 3.0
selfdapql total # operations: 2
selfdapql dfs avg read time: 1.5
selfdapql DN_FILE_POINTER in end: 3636623
----------------------------------------------------------
selfdapql AM_FILE_POINTER in begining: 15272602
selfdapql filelengh: 15493983
log_evicted_initial: 10
log_evicted_last: 10
log_evicted_count: 0
storeFileSize: 3.1197444E-5
selfdapql AM_FILE_POINTER in end: 15493983
selfdapql RS_FILE_POINTER in begining: 464779
selfdapql rs_filelengh: 465067
selfdapql blocking update blocking_updates_count: 0
selfdapql blocking update avg total_blocking_time: 0.0
selfdapql RS_FILE_POINTER in end: 465067
selfdapql DN_FILE_POINTER in begining: 3636623
selfdapql dn_filelength: 3688980
selfdapql total operation time: 0.0
selfdapql total # operations: 0
selfdapql dfs avg read time: 0.0
selfdapql DN_FILE_POINTER in end: 3688980
----------------------------------------------------------
selfdapql AM_FILE_POINTER in begining: 15493983
selfdapql filelengh: 15715310
log_evicted_initial: 10
log_evicted_last: 10
log_evicted_count: 0
storeFileSize: 3.1197444E-5
selfdapql AM_FILE_POINTER in end: 15715310
selfdapql RS_FILE_POINTER in begining: 465067
selfdapql rs_filelengh: 469678
selfdapql blocking update blocking_updates_count: 0
selfdapql blocking update avg total_blocking_time: 0.0
selfdapql RS_FILE_POINTER in end: 469678
selfdapql DN_FILE_POINTER in begining: 3688980
selfdapql dn_filelength: 3741247
selfdapql total operation time: 0.0
selfdapql total # operations: 0
selfdapql dfs avg read time: 0.0
selfdapql DN_FILE_POINTER in end: 3741247
----------------------------------------------------------
selfdapql AM_FILE_POINTER in begining: 15715310
selfdapql filelengh: 15936584
log_evicted_initial: 10
log_evicted_last: 10
log_evicted_count: 0
storeFileSize: 3.1197444E-5
selfdapql AM_FILE_POINTER in end: 15936584
selfdapql RS_FILE_POINTER in begining: 469678
selfdapql rs_filelengh: 474577
selfdapql blocking update blocking_updates_count: 0
selfdapql blocking update avg total_blocking_time: 0.0
selfdapql RS_FILE_POINTER in end: 474577
selfdapql DN_FILE_POINTER in begining: 3741247
selfdapql dn_filelength: 3793641
selfdapql total operation time: 2.0
selfdapql total # operations: 2
selfdapql dfs avg read time: 1.0
selfdapql DN_FILE_POINTER in end: 3793641
----------------------------------------------------------
selfdapql AM_FILE_POINTER in begining: 15936584
selfdapql filelengh: 16157726
log_evicted_initial: 10
log_evicted_last: 10
log_evicted_count: 0
storeFileSize: 3.1197444E-5
selfdapql AM_FILE_POINTER in end: 16157726
selfdapql RS_FILE_POINTER in begining: 474577
selfdapql rs_filelengh: 474577
selfdapql blocking update blocking_updates_count: 0
selfdapql blocking update avg total_blocking_time: 0.0
selfdapql RS_FILE_POINTER in end: 474577
selfdapql DN_FILE_POINTER in begining: 3793641
selfdapql dn_filelength: 3846084
selfdapql total operation time: 0.0
selfdapql total # operations: 0
selfdapql dfs avg read time: 0.0
selfdapql DN_FILE_POINTER in end: 3846084
----------------------------------------------------------
selfdapql AM_FILE_POINTER in begining: 16157726
selfdapql filelengh: 16378675
log_evicted_initial: 10
log_evicted_last: 10
log_evicted_count: 0
storeFileSize: 3.1197444E-5
selfdapql AM_FILE_POINTER in end: 16378675
selfdapql RS_FILE_POINTER in begining: 474577
selfdapql rs_filelengh: 479476
selfdapql blocking update blocking_updates_count: 0
selfdapql blocking update avg total_blocking_time: 0.0
selfdapql RS_FILE_POINTER in end: 479476
selfdapql DN_FILE_POINTER in begining: 3846084
selfdapql dn_filelength: 3898803
selfdapql total operation time: 53.0
selfdapql total # operations: 32
selfdapql dfs avg read time: 1.65625
selfdapql DN_FILE_POINTER in end: 3898803
----------------------------------------------------------
selfdapql AM_FILE_POINTER in begining: 16378675
selfdapql filelengh: 16599588
log_evicted_initial: 10
log_evicted_last: 10
log_evicted_count: 0
storeFileSize: 3.1197444E-5
selfdapql AM_FILE_POINTER in end: 16599588
selfdapql RS_FILE_POINTER in begining: 479476
selfdapql rs_filelengh: 479764
selfdapql blocking update blocking_updates_count: 0
selfdapql blocking update avg total_blocking_time: 0.0
selfdapql RS_FILE_POINTER in end: 479764
selfdapql DN_FILE_POINTER in begining: 3898803
selfdapql dn_filelength: 3951573
selfdapql total operation time: 747.0
selfdapql total # operations: 78
selfdapql dfs avg read time: 9.576923
selfdapql DN_FILE_POINTER in end: 3951573
----------------------------------------------------------
selfdapql AM_FILE_POINTER in begining: 16599588
selfdapql filelengh: 16821002
log_evicted_initial: 10
log_evicted_last: 10
log_evicted_count: 0
storeFileSize: 3.1197444E-5
selfdapql AM_FILE_POINTER in end: 16821002
selfdapql RS_FILE_POINTER in begining: 479764
selfdapql rs_filelengh: 484375
selfdapql blocking update blocking_updates_count: 0
selfdapql blocking update avg total_blocking_time: 0.0
selfdapql RS_FILE_POINTER in end: 484375
selfdapql DN_FILE_POINTER in begining: 3951573
selfdapql dn_filelength: 4004289
selfdapql total operation time: 635.0
selfdapql total # operations: 47
selfdapql dfs avg read time: 13.510638
selfdapql DN_FILE_POINTER in end: 4004289
----------------------------------------------------------
selfdapql AM_FILE_POINTER in begining: 16821002
selfdapql filelengh: 17042429
log_evicted_initial: 10
log_evicted_last: 10
log_evicted_count: 0
storeFileSize: 3.1197444E-5
selfdapql AM_FILE_POINTER in end: 17042429
selfdapql RS_FILE_POINTER in begining: 484375
selfdapql rs_filelengh: 489274
selfdapql blocking update blocking_updates_count: 0
selfdapql blocking update avg total_blocking_time: 0.0
selfdapql RS_FILE_POINTER in end: 489274
selfdapql DN_FILE_POINTER in begining: 4004289
selfdapql dn_filelength: 4056965
selfdapql total operation time: 7234.0
selfdapql total # operations: 28
selfdapql dfs avg read time: 258.35715
selfdapql DN_FILE_POINTER in end: 4056965
----------------------------------------------------------
selfdapql AM_FILE_POINTER in begining: 17042429
selfdapql filelengh: 17263728
log_evicted_initial: 10
log_evicted_last: 10
log_evicted_count: 0
storeFileSize: 3.1197444E-5
selfdapql AM_FILE_POINTER in end: 17263728
selfdapql RS_FILE_POINTER in begining: 489274
selfdapql rs_filelengh: 489274
selfdapql blocking update blocking_updates_count: 0
selfdapql blocking update avg total_blocking_time: 0.0
selfdapql RS_FILE_POINTER in end: 489274
selfdapql DN_FILE_POINTER in begining: 4056965
selfdapql dn_filelength: 4109874
selfdapql total operation time: 138988.0
selfdapql total # operations: 179
selfdapql dfs avg read time: 776.4693
selfdapql DN_FILE_POINTER in end: 4109874
----------------------------------------------------------
selfdapql AM_FILE_POINTER in begining: 17263728
selfdapql filelengh: 17484760
log_evicted_initial: 10
log_evicted_last: 10
log_evicted_count: 0
storeFileSize: 3.1197444E-5
selfdapql AM_FILE_POINTER in end: 17484760
selfdapql RS_FILE_POINTER in begining: 489274
selfdapql rs_filelengh: 494173
selfdapql blocking update blocking_updates_count: 0
selfdapql blocking update avg total_blocking_time: 0.0
selfdapql RS_FILE_POINTER in end: 494173
selfdapql DN_FILE_POINTER in begining: 4109874
selfdapql dn_filelength: 4162774
selfdapql total operation time: 1906.0
selfdapql total # operations: 186
selfdapql dfs avg read time: 10.247312
selfdapql DN_FILE_POINTER in end: 4162774
----------------------------------------------------------
selfdapql AM_FILE_POINTER in begining: 17484760
selfdapql filelengh: 17705738
log_evicted_initial: 10
log_evicted_last: 10
log_evicted_count: 0
storeFileSize: 3.1197444E-5
selfdapql AM_FILE_POINTER in end: 17705738
selfdapql RS_FILE_POINTER in begining: 494173
selfdapql rs_filelengh: 494461
selfdapql blocking update blocking_updates_count: 0
selfdapql blocking update avg total_blocking_time: 0.0
selfdapql RS_FILE_POINTER in end: 494461
selfdapql DN_FILE_POINTER in begining: 4162774
selfdapql dn_filelength: 4215510
selfdapql total operation time: 1168.0
selfdapql total # operations: 117
selfdapql dfs avg read time: 9.982906
selfdapql DN_FILE_POINTER in end: 4215510
----------------------------------------------------------
selfdapql AM_FILE_POINTER in begining: 17705738
selfdapql filelengh: 17926491
log_evicted_initial: 10
log_evicted_last: 10
log_evicted_count: 0
storeFileSize: 3.1197444E-5
selfdapql AM_FILE_POINTER in end: 17926491
selfdapql RS_FILE_POINTER in begining: 494461
selfdapql rs_filelengh: 499898
selfdapql blocking update blocking_updates_count: 0
selfdapql blocking update avg total_blocking_time: 0.0
selfdapql RS_FILE_POINTER in end: 499898
selfdapql DN_FILE_POINTER in begining: 4215510
selfdapql dn_filelength: 4268255
selfdapql total operation time: 1864.0
selfdapql total # operations: 68
selfdapql dfs avg read time: 27.411764
selfdapql DN_FILE_POINTER in end: 4268255
----------------------------------------------------------
selfdapql AM_FILE_POINTER in begining: 17926491
selfdapql filelengh: 18147267
log_evicted_initial: 10
log_evicted_last: 10
log_evicted_count: 0
storeFileSize: 3.1197444E-5
selfdapql AM_FILE_POINTER in end: 18147267
selfdapql RS_FILE_POINTER in begining: 499898
selfdapql rs_filelengh: 504797
selfdapql blocking update blocking_updates_count: 0
selfdapql blocking update avg total_blocking_time: 0.0
selfdapql RS_FILE_POINTER in end: 504797
selfdapql DN_FILE_POINTER in begining: 4268255
selfdapql dn_filelength: 4321048
selfdapql total operation time: 837.0
selfdapql total # operations: 99
selfdapql dfs avg read time: 8.454545
selfdapql DN_FILE_POINTER in end: 4321048
----------------------------------------------------------
selfdapql AM_FILE_POINTER in begining: 18147267
selfdapql filelengh: 18368254
log_evicted_initial: 10
log_evicted_last: 10
log_evicted_count: 0
storeFileSize: 3.1197444E-5
selfdapql AM_FILE_POINTER in end: 18368254
selfdapql RS_FILE_POINTER in begining: 504797
selfdapql rs_filelengh: 504797
selfdapql blocking update blocking_updates_count: 0
selfdapql blocking update avg total_blocking_time: 0.0
selfdapql RS_FILE_POINTER in end: 504797
selfdapql DN_FILE_POINTER in begining: 4321048
selfdapql dn_filelength: 4373739
selfdapql total operation time: 412.0
selfdapql total # operations: 54
selfdapql dfs avg read time: 7.6296296
selfdapql DN_FILE_POINTER in end: 4373739
----------------------------------------------------------
selfdapql AM_FILE_POINTER in begining: 18368254
selfdapql filelengh: 18589315
log_evicted_initial: 10
log_evicted_last: 10
log_evicted_count: 0
storeFileSize: 3.1197444E-5
selfdapql AM_FILE_POINTER in end: 18589315
selfdapql RS_FILE_POINTER in begining: 504797
selfdapql rs_filelengh: 509696
selfdapql blocking update blocking_updates_count: 0
selfdapql blocking update avg total_blocking_time: 0.0
selfdapql RS_FILE_POINTER in end: 509696
selfdapql DN_FILE_POINTER in begining: 4373739
selfdapql dn_filelength: 4426357
selfdapql total operation time: 507.0
selfdapql total # operations: 62
selfdapql dfs avg read time: 8.17742
selfdapql DN_FILE_POINTER in end: 4426357
----------------------------------------------------------
selfdapql AM_FILE_POINTER in begining: 18589315
selfdapql filelengh: 18810221
log_evicted_initial: 10
log_evicted_last: 10
log_evicted_count: 0
storeFileSize: 3.1197444E-5
selfdapql AM_FILE_POINTER in end: 18810221
selfdapql RS_FILE_POINTER in begining: 509696
selfdapql rs_filelengh: 509984
selfdapql blocking update blocking_updates_count: 0
selfdapql blocking update avg total_blocking_time: 0.0
selfdapql RS_FILE_POINTER in end: 509984
selfdapql DN_FILE_POINTER in begining: 4426357
selfdapql dn_filelength: 4479176
selfdapql total operation time: 1307.0
selfdapql total # operations: 330
selfdapql dfs avg read time: 3.960606
selfdapql DN_FILE_POINTER in end: 4479176
----------------------------------------------------------
selfdapql AM_FILE_POINTER in begining: 18810221
selfdapql filelengh: 19031346
log_evicted_initial: 10
log_evicted_last: 13
log_evicted_count: 3
storeFileSize: 2.2326596E-5
selfdapql AM_FILE_POINTER in end: 19031346
selfdapql RS_FILE_POINTER in begining: 509984
selfdapql rs_filelengh: 517093
selfdapql blocking update blocking_updates_count: 0
selfdapql blocking update avg total_blocking_time: 0.0
selfdapql RS_FILE_POINTER in end: 517093
selfdapql DN_FILE_POINTER in begining: 4479176
selfdapql dn_filelength: 4532208
selfdapql total operation time: 92650.0
selfdapql total # operations: 479
selfdapql dfs avg read time: 193.4238
selfdapql DN_FILE_POINTER in end: 4532208
selfdapql newBlockCacheSize: 0.6
selfdapql newMemstoreSize: 0.19999999
----------------------------------------------------------
selfdapql AM_FILE_POINTER in begining: 19031346
selfdapql filelengh: 19252460
log_evicted_initial: 13
log_evicted_last: 13
log_evicted_count: 0
storeFileSize: 2.2326596E-5
selfdapql AM_FILE_POINTER in end: 19252460
selfdapql RS_FILE_POINTER in begining: 517093
selfdapql rs_filelengh: 522207
selfdapql blocking update blocking_updates_count: 0
selfdapql blocking update avg total_blocking_time: 0.0
selfdapql RS_FILE_POINTER in end: 522207
selfdapql DN_FILE_POINTER in begining: 4532208
selfdapql dn_filelength: 4585058
selfdapql total operation time: 83054.0
selfdapql total # operations: 309
selfdapql dfs avg read time: 268.78317
selfdapql DN_FILE_POINTER in end: 4585058
----------------------------------------------------------
selfdapql AM_FILE_POINTER in begining: 19252460
selfdapql filelengh: 19473790
log_evicted_initial: 13
log_evicted_last: 13
log_evicted_count: 0
storeFileSize: 2.2326596E-5
selfdapql AM_FILE_POINTER in end: 19473790
selfdapql RS_FILE_POINTER in begining: 522207
selfdapql rs_filelengh: 522207
selfdapql blocking update blocking_updates_count: 0
selfdapql blocking update avg total_blocking_time: 0.0
selfdapql RS_FILE_POINTER in end: 522207
selfdapql DN_FILE_POINTER in begining: 4585058
selfdapql dn_filelength: 4637717
selfdapql total operation time: 36718.0
selfdapql total # operations: 63
selfdapql dfs avg read time: 582.8254
selfdapql DN_FILE_POINTER in end: 4637717
----------------------------------------------------------
selfdapql AM_FILE_POINTER in begining: 19473790
selfdapql filelengh: 19695027
log_evicted_initial: 13
log_evicted_last: 13
log_evicted_count: 0
storeFileSize: 2.2326596E-5
selfdapql AM_FILE_POINTER in end: 19695027
selfdapql RS_FILE_POINTER in begining: 522207
selfdapql rs_filelengh: 527106
selfdapql blocking update blocking_updates_count: 0
selfdapql blocking update avg total_blocking_time: 0.0
selfdapql RS_FILE_POINTER in end: 527106
selfdapql DN_FILE_POINTER in begining: 4637717
selfdapql dn_filelength: 4690541
selfdapql total operation time: 2387.0
selfdapql total # operations: 189
selfdapql dfs avg read time: 12.62963
selfdapql DN_FILE_POINTER in end: 4690541
----------------------------------------------------------
selfdapql AM_FILE_POINTER in begining: 19695027
selfdapql filelengh: 19916169
log_evicted_initial: 13
log_evicted_last: 13
log_evicted_count: 0
storeFileSize: 2.2326596E-5
selfdapql AM_FILE_POINTER in end: 19916169
selfdapql RS_FILE_POINTER in begining: 527106
selfdapql rs_filelengh: 527394
selfdapql blocking update blocking_updates_count: 0
selfdapql blocking update avg total_blocking_time: 0.0
selfdapql RS_FILE_POINTER in end: 527394
selfdapql DN_FILE_POINTER in begining: 4690541
selfdapql dn_filelength: 4743374
selfdapql total operation time: 2185.0
selfdapql total # operations: 176
selfdapql dfs avg read time: 12.414773
selfdapql DN_FILE_POINTER in end: 4743374
----------------------------------------------------------
selfdapql AM_FILE_POINTER in begining: 19916169
selfdapql filelengh: 20137596
log_evicted_initial: 13
log_evicted_last: 13
log_evicted_count: 0
storeFileSize: 2.2326596E-5
selfdapql AM_FILE_POINTER in end: 20137596
selfdapql RS_FILE_POINTER in begining: 527394
selfdapql rs_filelengh: 532005
selfdapql blocking update blocking_updates_count: 0
selfdapql blocking update avg total_blocking_time: 0.0
selfdapql RS_FILE_POINTER in end: 532005
selfdapql DN_FILE_POINTER in begining: 4743374
selfdapql dn_filelength: 4795964
selfdapql total operation time: 320.0
selfdapql total # operations: 36
selfdapql dfs avg read time: 8.888889
selfdapql DN_FILE_POINTER in end: 4795964
----------------------------------------------------------
selfdapql AM_FILE_POINTER in begining: 20137596
selfdapql filelengh: 20359128
log_evicted_initial: 13
log_evicted_last: 13
log_evicted_count: 0
storeFileSize: 2.2326596E-5
selfdapql AM_FILE_POINTER in end: 20359128
selfdapql RS_FILE_POINTER in begining: 532005
selfdapql rs_filelengh: 536904
selfdapql blocking update blocking_updates_count: 0
selfdapql blocking update avg total_blocking_time: 0.0
selfdapql RS_FILE_POINTER in end: 536904
selfdapql DN_FILE_POINTER in begining: 4795964
selfdapql dn_filelength: 4848773
selfdapql total operation time: 984.0
selfdapql total # operations: 46
selfdapql dfs avg read time: 21.391304
selfdapql DN_FILE_POINTER in end: 4848773
----------------------------------------------------------
selfdapql AM_FILE_POINTER in begining: 20359128
selfdapql filelengh: 20580656
log_evicted_initial: 13
log_evicted_last: 13
log_evicted_count: 0
storeFileSize: 2.2326596E-5
selfdapql AM_FILE_POINTER in end: 20580656
selfdapql RS_FILE_POINTER in begining: 536904
selfdapql rs_filelengh: 536904
selfdapql blocking update blocking_updates_count: 0
selfdapql blocking update avg total_blocking_time: 0.0
selfdapql RS_FILE_POINTER in end: 536904
selfdapql DN_FILE_POINTER in begining: 4848773
selfdapql dn_filelength: 4901643
selfdapql total operation time: 180917.0
selfdapql total # operations: 22
selfdapql dfs avg read time: 8223.5
selfdapql DN_FILE_POINTER in end: 4901643
----------------------------------------------------------
selfdapql AM_FILE_POINTER in begining: 20580656
selfdapql filelengh: 20802052
log_evicted_initial: 13
log_evicted_last: 13
log_evicted_count: 0
storeFileSize: 2.2326596E-5
selfdapql AM_FILE_POINTER in end: 20802052
selfdapql RS_FILE_POINTER in begining: 536904
selfdapql rs_filelengh: 541803
selfdapql blocking update blocking_updates_count: 0
selfdapql blocking update avg total_blocking_time: 0.0
selfdapql RS_FILE_POINTER in end: 541803
selfdapql DN_FILE_POINTER in begining: 4901643
selfdapql dn_filelength: 4954692
selfdapql total operation time: 3485.0
selfdapql total # operations: 355
selfdapql dfs avg read time: 9.816901
selfdapql DN_FILE_POINTER in end: 4954692
----------------------------------------------------------
selfdapql AM_FILE_POINTER in begining: 20802052
selfdapql filelengh: 21023555
log_evicted_initial: 13
log_evicted_last: 13
log_evicted_count: 0
storeFileSize: 2.2326596E-5
selfdapql AM_FILE_POINTER in end: 21023555
selfdapql RS_FILE_POINTER in begining: 541803
selfdapql rs_filelengh: 542091
selfdapql blocking update blocking_updates_count: 0
selfdapql blocking update avg total_blocking_time: 0.0
selfdapql RS_FILE_POINTER in end: 542091
selfdapql DN_FILE_POINTER in begining: 4954692
selfdapql dn_filelength: 5007669
selfdapql total operation time: 0.0
selfdapql total # operations: 0
selfdapql dfs avg read time: 0.0
selfdapql DN_FILE_POINTER in end: 5007669
----------------------------------------------------------
selfdapql AM_FILE_POINTER in begining: 21023555
selfdapql filelengh: 21244802
log_evicted_initial: 13
log_evicted_last: 13
log_evicted_count: 0
storeFileSize: 2.2326596E-5
selfdapql AM_FILE_POINTER in end: 21244802
selfdapql RS_FILE_POINTER in begining: 542091
selfdapql rs_filelengh: 546702
selfdapql blocking update blocking_updates_count: 0
selfdapql blocking update avg total_blocking_time: 0.0
selfdapql RS_FILE_POINTER in end: 546702
selfdapql DN_FILE_POINTER in begining: 5007669
selfdapql dn_filelength: 5060597
selfdapql total operation time: 4948.0
selfdapql total # operations: 361
selfdapql dfs avg read time: 13.706371
selfdapql DN_FILE_POINTER in end: 5060597
----------------------------------------------------------
selfdapql AM_FILE_POINTER in begining: 21244802
selfdapql filelengh: 21466142
log_evicted_initial: 13
log_evicted_last: 13
log_evicted_count: 0
storeFileSize: 2.2326596E-5
selfdapql AM_FILE_POINTER in end: 21466142
selfdapql RS_FILE_POINTER in begining: 546702
selfdapql rs_filelengh: 551601
selfdapql blocking update blocking_updates_count: 0
selfdapql blocking update avg total_blocking_time: 0.0
selfdapql RS_FILE_POINTER in end: 551601
selfdapql DN_FILE_POINTER in begining: 5060597
selfdapql dn_filelength: 5113748
selfdapql total operation time: 198968.0
selfdapql total # operations: 288
selfdapql dfs avg read time: 690.8611
selfdapql DN_FILE_POINTER in end: 5113748
----------------------------------------------------------
selfdapql AM_FILE_POINTER in begining: 21466142
selfdapql filelengh: 21687678
log_evicted_initial: 13
log_evicted_last: 13
log_evicted_count: 0
storeFileSize: 2.2326596E-5
selfdapql AM_FILE_POINTER in end: 21687678
selfdapql RS_FILE_POINTER in begining: 551601
selfdapql rs_filelengh: 551601
selfdapql blocking update blocking_updates_count: 0
selfdapql blocking update avg total_blocking_time: 0.0
selfdapql RS_FILE_POINTER in end: 551601
selfdapql DN_FILE_POINTER in begining: 5113748
selfdapql dn_filelength: 5166910
selfdapql total operation time: 148814.0
selfdapql total # operations: 231
selfdapql dfs avg read time: 644.21643
selfdapql DN_FILE_POINTER in end: 5166910
----------------------------------------------------------
selfdapql AM_FILE_POINTER in begining: 21687678
selfdapql filelengh: 21909388
log_evicted_initial: 13
log_evicted_last: 13
log_evicted_count: 0
storeFileSize: 2.2326596E-5
selfdapql AM_FILE_POINTER in end: 21909388
selfdapql RS_FILE_POINTER in begining: 551601
selfdapql rs_filelengh: 556500
selfdapql blocking update blocking_updates_count: 0
selfdapql blocking update avg total_blocking_time: 0.0
selfdapql RS_FILE_POINTER in end: 556500
selfdapql DN_FILE_POINTER in begining: 5166910
selfdapql dn_filelength: 5219958
selfdapql total operation time: 3897.0
selfdapql total # operations: 372
selfdapql dfs avg read time: 10.475806
selfdapql DN_FILE_POINTER in end: 5219958
----------------------------------------------------------
selfdapql AM_FILE_POINTER in begining: 21909388
selfdapql filelengh: 22131169
log_evicted_initial: 13
log_evicted_last: 13
log_evicted_count: 0
storeFileSize: 2.2326596E-5
selfdapql AM_FILE_POINTER in end: 22131169
selfdapql RS_FILE_POINTER in begining: 556500
selfdapql rs_filelengh: 556788
selfdapql blocking update blocking_updates_count: 0
selfdapql blocking update avg total_blocking_time: 0.0
selfdapql RS_FILE_POINTER in end: 556788
selfdapql DN_FILE_POINTER in begining: 5219958
selfdapql dn_filelength: 5273043
selfdapql total operation time: 3731.0
selfdapql total # operations: 280
selfdapql dfs avg read time: 13.325
selfdapql DN_FILE_POINTER in end: 5273043
