+ filename=case362
+ requestdistribution=
+ RESULT_DIR=/home/hadoop/git/physical_design/caseresult/case362
+ TEN=10
+ SIXTY=60
+ SLEEP_TIME=60
+ YCSB_DIR=/home/hadoop/ycsb-0.1.4
+ number_of_operations=25000000
+ number_of_threads=20
+ number_of_records=25000000
+ output_file_suffix=.dat
+ experiment_list_file=/home/hadoop/git/physical_design/case362.list
+ clean=false
+ create=false
+ load=false
+ random_read=false
+ workloada=false
+ workloadb=false
+ workloadc=false
+ workloadc1=false
+ scan=false
+ all=false
+ for i in '$@'
+ '[' case362 == all ']'
+ '[' case362 == clean ']'
+ '[' case362 == create ']'
+ '[' case362 == load ']'
+ '[' case362 == random_read ']'
+ '[' case362 == scan ']'
+ '[' case362 == workloada ']'
+ '[' case362 == workloadb ']'
+ '[' case362 == workloadc ']'
+ '[' case362 == workloadc1 ']'
+ '[' case362 == zipfian ']'
+ '[' case362 == uniform ']'
+ for i in '$@'
+ '[' clean == all ']'
+ '[' clean == clean ']'
+ clean=true
+ for i in '$@'
+ '[' create == all ']'
+ '[' create == clean ']'
+ '[' create == create ']'
+ create=true
+ for i in '$@'
+ '[' workloadc == all ']'
+ '[' workloadc == clean ']'
+ '[' workloadc == create ']'
+ '[' workloadc == load ']'
+ '[' workloadc == random_read ']'
+ '[' workloadc == scan ']'
+ '[' workloadc == workloada ']'
+ '[' workloadc == workloadb ']'
+ '[' workloadc == workloadc ']'
+ workloadc=true
+ for i in '$@'
+ '[' zipfian == all ']'
+ '[' zipfian == clean ']'
+ '[' zipfian == create ']'
+ '[' zipfian == load ']'
+ '[' zipfian == random_read ']'
+ '[' zipfian == scan ']'
+ '[' zipfian == workloada ']'
+ '[' zipfian == workloadb ']'
+ '[' zipfian == workloadc ']'
+ '[' zipfian == workloadc1 ']'
+ '[' zipfian == zipfian ']'
+ requestdistribution=zipfian
+ let counter=1
+ cd /home/hadoop/ycsb-0.1.4
++ pwd
+ echo /home/hadoop/ycsb-0.1.4
/home/hadoop/ycsb-0.1.4
+ read line
+ false
+ true
+ echo 'sleeping for 60 ...'
sleeping for 60 ...
+ sleep 60
+ echo 'droping usertable...'
droping usertable...
+ ssh hadoop@slave1 /home/hadoop/hbase/bin/hbase-daemon.sh start regionserver
starting regionserver, logging to /home/hadoop/hbase/bin/../logs/hbase-hadoop-regionserver-sceplus-vm49.out
+ ssh hadoop@master /home/hadoop/hbase/bin/hbase shell /home/hadoop/git/physical_design/delete_table
2014-08-12 01:33:33,879 WARN  [main] util.NativeCodeLoader: Unable to load native-hadoop library for your platform... using builtin-java classes where applicable
0 row(s) in 3.1060 seconds

0 row(s) in 1.2810 seconds

0 row(s) in 0.0900 seconds

+ echo 'sleeping for 60 ...'
sleeping for 60 ...
+ sleep 60
+ false
+ true
+ echo 'creating usertable...'
creating usertable...
+ create_statement='create '\''usertable'\'', { NAME=>'\''family'\'', COMPRESSION=>'\''GZ'\''}, SPLITS => ['\''user1'\'', '\''user2'\'', '\''user3'\'', '\''user4'\'', '\''user5'\'', '\''user6'\'', '\''user7'\'', '\''user8'\'', '\''user9'\'']'
+ echo create ''\''usertable'\'',' '{' 'NAME=>'\''family'\'',' 'COMPRESSION=>'\''GZ'\''},' SPLITS '=>' '['\''user1'\'',' ''\''user2'\'',' ''\''user3'\'',' ''\''user4'\'',' ''\''user5'\'',' ''\''user6'\'',' ''\''user7'\'',' ''\''user8'\'',' ''\''user9'\'']'
+ echo 'exit '
+ scp /home/hadoop/git/physical_design/caseresult/case362/create_1.script hadoop@master:/home/hadoop/git/physical_design/caseresult/case362/create_1.script
+ create_table /home/hadoop/git/physical_design/caseresult/case362/create_1.script
+ echo 'creating table...'
creating table...
+ echo /home/hadoop/git/physical_design/caseresult/case362/create_1.script
/home/hadoop/git/physical_design/caseresult/case362/create_1.script
+ ssh hadoop@master /home/hadoop/hbase/bin/hbase shell /home/hadoop/git/physical_design/caseresult/case362/create_1.script
2014-08-12 01:34:45,533 WARN  [main] util.NativeCodeLoader: Unable to load native-hadoop library for your platform... using builtin-java classes where applicable
0 row(s) in 2.5060 seconds

+ echo 'sleeping for 10 sec ...'
sleeping for 10 sec ...
+ sleep 10
+ false
+ false
+ false
+ false
+ false
+ false
+ false
+ false
+ false
+ false
+ false
+ true
+ echo workloadc...
workloadc...
+ echo 'start time: '
start time: 
++ date +%s
+ echo 1407804032
1407804032
++ echo /home/hadoop/git/physical_design/caseresult/case362/workloadc_1.dat
+ ./workloadc 25000000 20 /home/hadoop/git/physical_design/caseresult/case362/workloadc_1.dat
Loading workload...
Starting test.
2014-08-11 17:40:33:047 0 sec: 0 operations; 
14/08/11 17:40:33 INFO zookeeper.ZooKeeper: Client environment:zookeeper.version=3.4.6-1569965, built on 02/20/2014 09:09 GMT
14/08/11 17:40:33 INFO zookeeper.ZooKeeper: Client environment:host.name=sceplus-vm43.almaden.ibm.com
14/08/11 17:40:33 INFO zookeeper.ZooKeeper: Client environment:java.version=1.6.0_31
14/08/11 17:40:33 INFO zookeeper.ZooKeeper: Client environment:java.vendor=Sun Microsystems Inc.
14/08/11 17:40:33 INFO zookeeper.ZooKeeper: Client environment:java.home=/usr/lib/jvm/java-6-openjdk-amd64/jre
14/08/11 17:40:33 INFO zookeeper.ZooKeeper: Client environment:java.class.path=/home/hadoop/ycsb-0.1.4/hbase-binding/lib/hbase-binding-0.1.4.jar:/home/hadoop/ycsb-0.1.4/hbase-binding/conf:/home/hadoop/ycsb-0.1.4/core/lib/core-0.1.4.jar:/home/hadoop/ycsb-0.1.4/jdbc-binding/conf
14/08/11 17:40:33 INFO zookeeper.ZooKeeper: Client environment:java.library.path=/usr/lib/jvm/java-6-openjdk-amd64/jre/lib/amd64/server:/usr/lib/jvm/java-6-openjdk-amd64/jre/lib/amd64:/usr/lib/jvm/java-6-openjdk-amd64/jre/../lib/amd64:/usr/java/packages/lib/amd64:/usr/lib/jni:/lib:/usr/lib
14/08/11 17:40:33 INFO zookeeper.ZooKeeper: Client environment:java.io.tmpdir=/tmp
14/08/11 17:40:33 INFO zookeeper.ZooKeeper: Client environment:java.compiler=<NA>
14/08/11 17:40:33 INFO zookeeper.ZooKeeper: Client environment:os.name=Linux
14/08/11 17:40:33 INFO zookeeper.ZooKeeper: Client environment:os.arch=amd64
14/08/11 17:40:33 INFO zookeeper.ZooKeeper: Client environment:os.version=3.13.0-24-generic
14/08/11 17:40:33 INFO zookeeper.ZooKeeper: Client environment:user.name=hadoop
14/08/11 17:40:33 INFO zookeeper.ZooKeeper: Client environment:user.home=/home/hadoop
14/08/11 17:40:33 INFO zookeeper.ZooKeeper: Client environment:user.dir=/home/hadoop/ycsb-0.1.4
14/08/11 17:40:33 INFO zookeeper.ZooKeeper: Initiating client connection, connectString=sceplus-vm49.almaden.ibm.com:2181,sceplus-vm48.almaden.ibm.com:2181 sessionTimeout=90000 watcher=hconnection-0x13f1d038, quorum=sceplus-vm49.almaden.ibm.com:2181,sceplus-vm48.almaden.ibm.com:2181, baseZNode=/hbase
14/08/11 17:40:33 INFO zookeeper.RecoverableZooKeeper: Process identifier=hconnection-0x13f1d038 connecting to ZooKeeper ensemble=sceplus-vm49.almaden.ibm.com:2181,sceplus-vm48.almaden.ibm.com:2181
14/08/11 17:40:33 INFO zookeeper.ClientCnxn: Opening socket connection to server slave1/9.1.143.59:2181. Will not attempt to authenticate using SASL (unknown error)
14/08/11 17:40:33 INFO zookeeper.ClientCnxn: Socket connection established to slave1/9.1.143.59:2181, initiating session
14/08/11 17:40:33 INFO zookeeper.ClientCnxn: Session establishment complete on server slave1/9.1.143.59:2181, sessionid = 0x147c958b4ba0007, negotiated timeout = 90000
14/08/11 17:40:33 WARN util.DynamicClassLoader: Failed to identify the fs of dir hdfs://master:54310/hbase/lib, ignored
org.apache.hadoop.ipc.RemoteException: Server IPC version 9 cannot communicate with client version 4
	at org.apache.hadoop.ipc.Client.call(Client.java:1113)
	at org.apache.hadoop.ipc.RPC$Invoker.invoke(RPC.java:229)
	at com.sun.proxy.$Proxy5.getProtocolVersion(Unknown Source)
	at sun.reflect.NativeMethodAccessorImpl.invoke0(Native Method)
	at sun.reflect.NativeMethodAccessorImpl.invoke(NativeMethodAccessorImpl.java:57)
	at sun.reflect.DelegatingMethodAccessorImpl.invoke(DelegatingMethodAccessorImpl.java:43)
	at java.lang.reflect.Method.invoke(Method.java:622)
	at org.apache.hadoop.io.retry.RetryInvocationHandler.invokeMethod(RetryInvocationHandler.java:85)
	at org.apache.hadoop.io.retry.RetryInvocationHandler.invoke(RetryInvocationHandler.java:62)
	at com.sun.proxy.$Proxy5.getProtocolVersion(Unknown Source)
	at org.apache.hadoop.ipc.RPC.checkVersion(RPC.java:422)
	at org.apache.hadoop.hdfs.DFSClient.createNamenode(DFSClient.java:183)
	at org.apache.hadoop.hdfs.DFSClient.<init>(DFSClient.java:281)
	at org.apache.hadoop.hdfs.DFSClient.<init>(DFSClient.java:245)
	at org.apache.hadoop.hdfs.DistributedFileSystem.initialize(DistributedFileSystem.java:100)
	at org.apache.hadoop.fs.FileSystem.createFileSystem(FileSystem.java:1446)
	at org.apache.hadoop.fs.FileSystem.access$200(FileSystem.java:67)
	at org.apache.hadoop.fs.FileSystem$Cache.get(FileSystem.java:1464)
	at org.apache.hadoop.fs.FileSystem.get(FileSystem.java:263)
	at org.apache.hadoop.fs.Path.getFileSystem(Path.java:187)
	at org.apache.hadoop.hbase.util.DynamicClassLoader.<init>(DynamicClassLoader.java:104)
	at org.apache.hadoop.hbase.protobuf.ProtobufUtil.<clinit>(ProtobufUtil.java:202)
	at org.apache.hadoop.hbase.ClusterId.parseFrom(ClusterId.java:64)
	at org.apache.hadoop.hbase.zookeeper.ZKClusterId.readClusterIdZNode(ZKClusterId.java:69)
	at org.apache.hadoop.hbase.client.ZooKeeperRegistry.getClusterId(ZooKeeperRegistry.java:83)
	at org.apache.hadoop.hbase.client.HConnectionManager$HConnectionImplementation.retrieveClusterId(HConnectionManager.java:858)
	at org.apache.hadoop.hbase.client.HConnectionManager$HConnectionImplementation.<init>(HConnectionManager.java:663)
	at sun.reflect.NativeConstructorAccessorImpl.newInstance0(Native Method)
	at sun.reflect.NativeConstructorAccessorImpl.newInstance(NativeConstructorAccessorImpl.java:57)
	at sun.reflect.DelegatingConstructorAccessorImpl.newInstance(DelegatingConstructorAccessorImpl.java:45)
	at java.lang.reflect.Constructor.newInstance(Constructor.java:534)
	at org.apache.hadoop.hbase.client.HConnectionManager.createConnection(HConnectionManager.java:415)
	at org.apache.hadoop.hbase.client.HConnectionManager.createConnection(HConnectionManager.java:394)
	at org.apache.hadoop.hbase.client.HConnectionManager.getConnection(HConnectionManager.java:275)
	at org.apache.hadoop.hbase.client.HTable.<init>(HTable.java:197)
	at org.apache.hadoop.hbase.client.HTable.<init>(HTable.java:159)
	at com.yahoo.ycsb.db.HBaseClient.getHTable(HBaseClient.java:118)
	at com.yahoo.ycsb.db.HBaseClient.update(HBaseClient.java:302)
	at com.yahoo.ycsb.db.HBaseClient.insert(HBaseClient.java:357)
	at com.yahoo.ycsb.DBWrapper.insert(DBWrapper.java:148)
	at com.yahoo.ycsb.workloads.CoreWorkload.doTransactionInsert(CoreWorkload.java:639)
	at com.yahoo.ycsb.workloads.CoreWorkload.doTransaction(CoreWorkload.java:487)
	at com.yahoo.ycsb.ClientThread.run(Client.java:241)
2014-08-11 17:40:43:049 10 sec: 177956 operations; 17792.04 current ops/sec; [INSERT AverageLatency(us)=124.76] [READ AverageLatency(us)=6116.08] 
2014-08-11 17:40:53:050 20 sec: 314366 operations; 13639.64 current ops/sec; [INSERT AverageLatency(us)=103.8] [READ AverageLatency(us)=14230.13] 
2014-08-11 17:41:03:052 30 sec: 532418 operations; 21800.84 current ops/sec; [INSERT AverageLatency(us)=12.97] [READ AverageLatency(us)=8687] 
2014-08-11 17:41:13:053 40 sec: 818638 operations; 28619.14 current ops/sec; [INSERT AverageLatency(us)=12.59] [READ AverageLatency(us)=6993.61] 
2014-08-11 17:41:23:054 50 sec: 1039183 operations; 22052.29 current ops/sec; [INSERT AverageLatency(us)=13.15] [READ AverageLatency(us)=8938.49] 
2014-08-11 17:41:33:055 60 sec: 1242794 operations; 20359.06 current ops/sec; [INSERT AverageLatency(us)=13.14] [READ AverageLatency(us)=9518.92] 
2014-08-11 17:41:43:057 70 sec: 1448175 operations; 20533.99 current ops/sec; [INSERT AverageLatency(us)=13.14] [READ AverageLatency(us)=9496.57] 
2014-08-11 17:41:53:058 80 sec: 1614480 operations; 16628.84 current ops/sec; [INSERT AverageLatency(us)=12.71] [READ AverageLatency(us)=12097.86] 
2014-08-11 17:42:03:063 90 sec: 1786526 operations; 17196 current ops/sec; [INSERT AverageLatency(us)=13.24] [READ AverageLatency(us)=11213.45] 
2014-08-11 17:42:13:074 100 sec: 1995425 operations; 20869.03 current ops/sec; [INSERT AverageLatency(us)=12.45] [READ AverageLatency(us)=9468.45] 
2014-08-11 17:42:23:075 110 sec: 2196917 operations; 20145.17 current ops/sec; [INSERT AverageLatency(us)=14.61] [READ AverageLatency(us)=9703.95] 
2014-08-11 17:42:33:076 120 sec: 2391061 operations; 19412.46 current ops/sec; [INSERT AverageLatency(us)=13.09] [READ AverageLatency(us)=10203.32] 
2014-08-11 17:42:43:078 130 sec: 2581334 operations; 19023.5 current ops/sec; [INSERT AverageLatency(us)=14.39] [READ AverageLatency(us)=10392.86] 
2014-08-11 17:42:53:079 140 sec: 2727630 operations; 14628.14 current ops/sec; [INSERT AverageLatency(us)=13.26] [READ AverageLatency(us)=12761.61] 
2014-08-11 17:43:03:081 150 sec: 2926901 operations; 19923.12 current ops/sec; [INSERT AverageLatency(us)=11.74] [READ AverageLatency(us)=10219.18] 
2014-08-11 17:43:13:082 160 sec: 3121990 operations; 19506.95 current ops/sec; [INSERT AverageLatency(us)=13.43] [READ AverageLatency(us)=10375.05] 
2014-08-11 17:43:23:084 170 sec: 3289138 operations; 16711.46 current ops/sec; [INSERT AverageLatency(us)=13.64] [READ AverageLatency(us)=11818.93] 
2014-08-11 17:43:33:085 180 sec: 3463695 operations; 17453.95 current ops/sec; [INSERT AverageLatency(us)=13.57] [READ AverageLatency(us)=11110.63] 
2014-08-11 17:43:43:087 190 sec: 3624998 operations; 16127.07 current ops/sec; [INSERT AverageLatency(us)=12.92] [READ AverageLatency(us)=11827.7] 
2014-08-11 17:43:53:088 200 sec: 3780000 operations; 15498.65 current ops/sec; [INSERT AverageLatency(us)=13.58] [READ AverageLatency(us)=13021.41] 
2014-08-11 17:44:03:090 210 sec: 3940815 operations; 16078.28 current ops/sec; [INSERT AverageLatency(us)=12.97] [READ AverageLatency(us)=12369.38] 
2014-08-11 17:44:13:091 220 sec: 3953489 operations; 1267.27 current ops/sec; [INSERT AverageLatency(us)=11.79] [READ AverageLatency(us)=21235.21] 
2014-08-11 17:44:23:093 230 sec: 3953489 operations; 0 current ops/sec;   
2014-08-11 17:44:33:094 240 sec: 3953489 operations; 0 current ops/sec;   
2014-08-11 17:44:43:095 250 sec: 4119992 operations; 16648.64 current ops/sec; [INSERT AverageLatency(us)=12.62] [READ AverageLatency(us)=45510.96] 
2014-08-11 17:44:53:097 260 sec: 4284217 operations; 16419.22 current ops/sec; [INSERT AverageLatency(us)=12.16] [READ AverageLatency(us)=10123.52] 
2014-08-11 17:45:03:099 270 sec: 4415946 operations; 13170.27 current ops/sec; [INSERT AverageLatency(us)=11.96] [READ AverageLatency(us)=17579.58] 
2014-08-11 17:45:13:101 280 sec: 4609717 operations; 19373.23 current ops/sec; [INSERT AverageLatency(us)=12.95] [READ AverageLatency(us)=9251.21] 
2014-08-11 17:45:23:103 290 sec: 4839120 operations; 22935.71 current ops/sec; [INSERT AverageLatency(us)=12.95] [READ AverageLatency(us)=9154.18] 
2014-08-11 17:45:33:105 300 sec: 5041796 operations; 20263.55 current ops/sec; [INSERT AverageLatency(us)=11.72] [READ AverageLatency(us)=9881.16] 
2014-08-11 17:45:43:106 310 sec: 5284777 operations; 24295.67 current ops/sec; [INSERT AverageLatency(us)=12.67] [READ AverageLatency(us)=8165.77] 
2014-08-11 17:45:53:108 320 sec: 5489823 operations; 20500.5 current ops/sec; [INSERT AverageLatency(us)=12.36] [READ AverageLatency(us)=9705.68] 
2014-08-11 17:46:03:144 330 sec: 5711752 operations; 22113.29 current ops/sec; [INSERT AverageLatency(us)=11.96] [READ AverageLatency(us)=8867.68] 
2014-08-11 17:46:13:145 340 sec: 5957775 operations; 24599.84 current ops/sec; [INSERT AverageLatency(us)=15.09] [READ AverageLatency(us)=7926.8] 
2014-08-11 17:46:23:147 350 sec: 6124593 operations; 16678.46 current ops/sec; [INSERT AverageLatency(us)=64] [READ AverageLatency(us)=11444.43] 
2014-08-11 17:46:33:149 360 sec: 6357739 operations; 23309.94 current ops/sec; [INSERT AverageLatency(us)=12.81] [READ AverageLatency(us)=8332.21] 
2014-08-11 17:46:43:151 370 sec: 6532132 operations; 17437.56 current ops/sec; [INSERT AverageLatency(us)=12.74] [READ AverageLatency(us)=11419.47] 
2014-08-11 17:46:53:152 380 sec: 6715264 operations; 18309.54 current ops/sec; [INSERT AverageLatency(us)=11.97] [READ AverageLatency(us)=10689.54] 
2014-08-11 17:47:03:153 390 sec: 6926341 operations; 21107.7 current ops/sec; [INSERT AverageLatency(us)=12.58] [READ AverageLatency(us)=9219.88] 
2014-08-11 17:47:13:161 400 sec: 7110658 operations; 18415.13 current ops/sec; [INSERT AverageLatency(us)=12.15] [READ AverageLatency(us)=10620.85] 
2014-08-11 17:47:23:162 410 sec: 7298707 operations; 18803.02 current ops/sec; [INSERT AverageLatency(us)=12.59] [READ AverageLatency(us)=10610.98] 
2014-08-11 17:47:33:163 420 sec: 7505835 operations; 20710.73 current ops/sec; [INSERT AverageLatency(us)=11.81] [READ AverageLatency(us)=9468.4] 
2014-08-11 17:47:43:163 430 sec: 7682032 operations; 17619.7 current ops/sec; [INSERT AverageLatency(us)=11.4] [READ AverageLatency(us)=11015.9] 
2014-08-11 17:47:53:164 440 sec: 7839077 operations; 15702.93 current ops/sec; [INSERT AverageLatency(us)=55.96] [READ AverageLatency(us)=12325.58] 
2014-08-11 17:48:03:165 450 sec: 8027772 operations; 18867.61 current ops/sec; [INSERT AverageLatency(us)=12.43] [READ AverageLatency(us)=10603.76] 
2014-08-11 17:48:13:165 460 sec: 8226698 operations; 19892.6 current ops/sec; [INSERT AverageLatency(us)=11.16] [READ AverageLatency(us)=9296.5] 
2014-08-11 17:48:23:166 470 sec: 8400856 operations; 17414.06 current ops/sec; [INSERT AverageLatency(us)=12.29] [READ AverageLatency(us)=11793.81] 
2014-08-11 17:48:33:167 480 sec: 8564952 operations; 16407.96 current ops/sec; [INSERT AverageLatency(us)=13.19] [READ AverageLatency(us)=12166.19] 
2014-08-11 17:48:43:168 490 sec: 8739177 operations; 17422.5 current ops/sec; [INSERT AverageLatency(us)=84.31] [READ AverageLatency(us)=10532.45] 
2014-08-11 17:48:53:168 500 sec: 8906761 operations; 16756.72 current ops/sec; [INSERT AverageLatency(us)=12.42] [READ AverageLatency(us)=11566.82] 
2014-08-11 17:49:03:169 510 sec: 9070453 operations; 16367.56 current ops/sec; [INSERT AverageLatency(us)=13.02] [READ AverageLatency(us)=12212.99] 
2014-08-11 17:49:13:171 520 sec: 9281458 operations; 21096.28 current ops/sec; [INSERT AverageLatency(us)=11.46] [READ AverageLatency(us)=9356.92] 
2014-08-11 17:49:23:171 530 sec: 9475556 operations; 19409.8 current ops/sec; [INSERT AverageLatency(us)=10.61] [READ AverageLatency(us)=8526.08] 
2014-08-11 17:49:33:172 540 sec: 9544891 operations; 6932.81 current ops/sec; [INSERT AverageLatency(us)=2082.41] [READ AverageLatency(us)=14657.66] 
2014-08-11 17:49:43:173 550 sec: 9700209 operations; 15530.25 current ops/sec; [INSERT AverageLatency(us)=12.15] [READ AverageLatency(us)=11702.11] 
2014-08-11 17:49:53:174 560 sec: 9700209 operations; 0 current ops/sec;   
2014-08-11 17:50:03:175 570 sec: 9700209 operations; 0 current ops/sec;   
2014-08-11 17:50:13:177 580 sec: 9802959 operations; 10272.95 current ops/sec; [INSERT AverageLatency(us)=11.42] [READ AverageLatency(us)=57566.47] 
2014-08-11 17:50:23:178 590 sec: 10004577 operations; 20159.78 current ops/sec; [INSERT AverageLatency(us)=11.67] [READ AverageLatency(us)=10438.3] 
2014-08-11 17:50:33:179 600 sec: 10173295 operations; 16870.11 current ops/sec; [INSERT AverageLatency(us)=12.54] [READ AverageLatency(us)=11657.15] 
2014-08-11 17:50:43:179 610 sec: 10334587 operations; 16129.2 current ops/sec; [INSERT AverageLatency(us)=11.35] [READ AverageLatency(us)=12457.94] 
2014-08-11 17:50:53:180 620 sec: 10506879 operations; 17227.48 current ops/sec; [INSERT AverageLatency(us)=11.99] [READ AverageLatency(us)=11159.49] 
2014-08-11 17:51:03:181 630 sec: 10662736 operations; 15584.14 current ops/sec; [INSERT AverageLatency(us)=13.23] [READ AverageLatency(us)=12554.21] 
2014-08-11 17:51:13:183 640 sec: 10846999 operations; 18422.62 current ops/sec; [INSERT AverageLatency(us)=11.84] [READ AverageLatency(us)=10520.57] 
2014-08-11 17:51:23:184 650 sec: 11002455 operations; 15544.05 current ops/sec; [INSERT AverageLatency(us)=11.5] [READ AverageLatency(us)=13254.06] 
2014-08-11 17:51:33:185 660 sec: 11163576 operations; 16110.49 current ops/sec; [INSERT AverageLatency(us)=11.13] [READ AverageLatency(us)=12068.82] 
2014-08-11 17:51:43:185 670 sec: 11345985 operations; 18240.9 current ops/sec; [INSERT AverageLatency(us)=11.77] [READ AverageLatency(us)=11199.05] 
2014-08-11 17:51:53:186 680 sec: 11513929 operations; 16792.72 current ops/sec; [INSERT AverageLatency(us)=11.83] [READ AverageLatency(us)=11761.46] 
2014-08-11 17:52:03:186 690 sec: 11667550 operations; 15362.1 current ops/sec; [INSERT AverageLatency(us)=11.6] [READ AverageLatency(us)=12893.23] 
2014-08-11 17:52:13:187 700 sec: 11849392 operations; 18182.38 current ops/sec; [INSERT AverageLatency(us)=11.63] [READ AverageLatency(us)=10740.78] 
2014-08-11 17:52:23:187 710 sec: 12019709 operations; 17031.7 current ops/sec; [INSERT AverageLatency(us)=11.55] [READ AverageLatency(us)=11057.08] 
2014-08-11 17:52:33:188 720 sec: 12198903 operations; 17917.61 current ops/sec; [INSERT AverageLatency(us)=12.02] [READ AverageLatency(us)=11453.5] 
2014-08-11 17:52:43:189 730 sec: 12345813 operations; 14689.53 current ops/sec; [INSERT AverageLatency(us)=12.92] [READ AverageLatency(us)=13414.99] 
2014-08-11 17:52:53:190 740 sec: 12520858 operations; 17502.75 current ops/sec; [INSERT AverageLatency(us)=11.75] [READ AverageLatency(us)=11161.39] 
2014-08-11 17:53:03:191 750 sec: 12690760 operations; 16988.5 current ops/sec; [INSERT AverageLatency(us)=11.51] [READ AverageLatency(us)=11736.5] 
2014-08-11 17:53:13:193 760 sec: 12842223 operations; 15143.27 current ops/sec; [INSERT AverageLatency(us)=11.86] [READ AverageLatency(us)=12759.11] 
2014-08-11 17:53:23:243 770 sec: 13013592 operations; 17051.64 current ops/sec; [INSERT AverageLatency(us)=11.41] [READ AverageLatency(us)=11766.21] 
2014-08-11 17:53:33:244 780 sec: 13176731 operations; 16312.27 current ops/sec; [INSERT AverageLatency(us)=11.53] [READ AverageLatency(us)=12179.57] 
2014-08-11 17:53:43:244 790 sec: 13330204 operations; 15347.3 current ops/sec; [INSERT AverageLatency(us)=11.95] [READ AverageLatency(us)=12962.49] 
2014-08-11 17:53:53:245 800 sec: 13490260 operations; 16004 current ops/sec; [INSERT AverageLatency(us)=10.52] [READ AverageLatency(us)=12355.16] 
2014-08-11 17:54:03:246 810 sec: 13645578 operations; 15530.25 current ops/sec; [INSERT AverageLatency(us)=11.38] [READ AverageLatency(us)=12723.64] 
2014-08-11 17:54:13:246 820 sec: 13797200 operations; 15162.2 current ops/sec; [INSERT AverageLatency(us)=11.41] [READ AverageLatency(us)=13051.89] 
2014-08-11 17:54:23:247 830 sec: 13944624 operations; 14740.93 current ops/sec; [INSERT AverageLatency(us)=11.81] [READ AverageLatency(us)=13400.78] 
2014-08-11 17:54:33:248 840 sec: 14111734 operations; 16711 current ops/sec; [INSERT AverageLatency(us)=12.09] [READ AverageLatency(us)=11972.58] 
2014-08-11 17:54:43:248 850 sec: 14264547 operations; 15279.77 current ops/sec; [INSERT AverageLatency(us)=11.38] [READ AverageLatency(us)=12984.76] 
2014-08-11 17:54:53:249 860 sec: 14415179 operations; 15061.69 current ops/sec; [INSERT AverageLatency(us)=11.42] [READ AverageLatency(us)=13064.9] 
2014-08-11 17:55:03:249 870 sec: 14578423 operations; 16324.4 current ops/sec; [INSERT AverageLatency(us)=11.49] [READ AverageLatency(us)=12023.25] 
2014-08-11 17:55:13:250 880 sec: 14738068 operations; 15962.9 current ops/sec; [INSERT AverageLatency(us)=11.26] [READ AverageLatency(us)=12431.81] 
2014-08-11 17:55:23:250 890 sec: 14891158 operations; 15309 current ops/sec; [INSERT AverageLatency(us)=10.94] [READ AverageLatency(us)=13106.9] 
2014-08-11 17:55:33:251 900 sec: 15043180 operations; 15200.68 current ops/sec; [INSERT AverageLatency(us)=11.54] [READ AverageLatency(us)=12575.97] 
2014-08-11 17:55:43:252 910 sec: 15195600 operations; 15240.48 current ops/sec; [INSERT AverageLatency(us)=11.16] [READ AverageLatency(us)=13164.53] 
2014-08-11 17:55:53:253 920 sec: 15354085 operations; 15848.5 current ops/sec; [INSERT AverageLatency(us)=11.55] [READ AverageLatency(us)=12449.48] 
2014-08-11 17:56:03:253 930 sec: 15519604 operations; 16550.24 current ops/sec; [INSERT AverageLatency(us)=11.26] [READ AverageLatency(us)=11944.04] 
2014-08-11 17:56:13:254 940 sec: 15679414 operations; 15979.4 current ops/sec; [INSERT AverageLatency(us)=11.2] [READ AverageLatency(us)=12161.12] 
2014-08-11 17:56:23:255 950 sec: 15840579 operations; 16114.89 current ops/sec; [INSERT AverageLatency(us)=10.85] [READ AverageLatency(us)=12436.04] 
2014-08-11 17:56:33:255 960 sec: 15981847 operations; 14126.8 current ops/sec; [INSERT AverageLatency(us)=12.01] [READ AverageLatency(us)=14185.24] 
2014-08-11 17:56:43:256 970 sec: 16135690 operations; 15382.76 current ops/sec; [INSERT AverageLatency(us)=11.34] [READ AverageLatency(us)=13021.86] 
2014-08-11 17:56:53:257 980 sec: 16278575 operations; 14287.07 current ops/sec; [INSERT AverageLatency(us)=11.27] [READ AverageLatency(us)=14029.51] 
2014-08-11 17:57:03:257 990 sec: 16433543 operations; 15496.8 current ops/sec; [INSERT AverageLatency(us)=11.04] [READ AverageLatency(us)=12619.35] 
2014-08-11 17:57:13:258 1000 sec: 16605085 operations; 17152.48 current ops/sec; [INSERT AverageLatency(us)=12.32] [READ AverageLatency(us)=11357.09] 
2014-08-11 17:57:23:258 1010 sec: 16744427 operations; 13934.2 current ops/sec; [INSERT AverageLatency(us)=11.31] [READ AverageLatency(us)=14537.08] 
2014-08-11 17:57:33:259 1020 sec: 16906895 operations; 16245.18 current ops/sec; [INSERT AverageLatency(us)=11.16] [READ AverageLatency(us)=12220.16] 
2014-08-11 17:57:43:260 1030 sec: 17044030 operations; 13712.13 current ops/sec; [INSERT AverageLatency(us)=11.39] [READ AverageLatency(us)=14272.28] 
2014-08-11 17:57:53:260 1040 sec: 17200859 operations; 15682.9 current ops/sec; [INSERT AverageLatency(us)=11.5] [READ AverageLatency(us)=12596.7] 
2014-08-11 17:58:03:261 1050 sec: 17342429 operations; 14155.58 current ops/sec; [INSERT AverageLatency(us)=11.24] [READ AverageLatency(us)=13570.99] 
2014-08-11 17:58:13:262 1060 sec: 17483069 operations; 14062.59 current ops/sec; [INSERT AverageLatency(us)=11] [READ AverageLatency(us)=14268.81] 
2014-08-11 17:58:23:263 1070 sec: 17632189 operations; 14910.51 current ops/sec; [INSERT AverageLatency(us)=11.68] [READ AverageLatency(us)=13168.14] 
2014-08-11 17:58:33:264 1080 sec: 17777316 operations; 14511.25 current ops/sec; [INSERT AverageLatency(us)=11.4] [READ AverageLatency(us)=13995.38] 
2014-08-11 17:58:43:265 1090 sec: 17919469 operations; 14213.88 current ops/sec; [INSERT AverageLatency(us)=11.42] [READ AverageLatency(us)=13910.9] 
2014-08-11 17:58:53:265 1100 sec: 18071378 operations; 15190.9 current ops/sec; [INSERT AverageLatency(us)=11.9] [READ AverageLatency(us)=12912.62] 
2014-08-11 17:59:03:266 1110 sec: 18227968 operations; 15657.43 current ops/sec; [INSERT AverageLatency(us)=10.83] [READ AverageLatency(us)=12672.98] 
2014-08-11 17:59:13:267 1120 sec: 18367611 operations; 13964.3 current ops/sec; [INSERT AverageLatency(us)=11.49] [READ AverageLatency(us)=13897.47] 
2014-08-11 17:59:23:267 1130 sec: 18515017 operations; 14739.13 current ops/sec; [INSERT AverageLatency(us)=11.98] [READ AverageLatency(us)=13025.77] 
2014-08-11 17:59:33:269 1140 sec: 18673433 operations; 15840.02 current ops/sec; [INSERT AverageLatency(us)=11.29] [READ AverageLatency(us)=12857.63] 
2014-08-11 17:59:43:270 1150 sec: 18823546 operations; 15008.3 current ops/sec; [INSERT AverageLatency(us)=11.37] [READ AverageLatency(us)=13164.34] 
2014-08-11 17:59:53:272 1160 sec: 18984218 operations; 16065.59 current ops/sec; [INSERT AverageLatency(us)=11.21] [READ AverageLatency(us)=11681.37] 
2014-08-11 18:00:03:273 1170 sec: 19135700 operations; 15145.17 current ops/sec; [INSERT AverageLatency(us)=10.82] [READ AverageLatency(us)=13379.59] 
2014-08-11 18:00:13:274 1180 sec: 19277296 operations; 14158.18 current ops/sec; [INSERT AverageLatency(us)=11.7] [READ AverageLatency(us)=14470.79] 
2014-08-11 18:00:23:276 1190 sec: 19413922 operations; 13659.87 current ops/sec; [INSERT AverageLatency(us)=11.05] [READ AverageLatency(us)=14019.1] 
2014-08-11 18:00:33:277 1200 sec: 19568701 operations; 15476.35 current ops/sec; [INSERT AverageLatency(us)=11.01] [READ AverageLatency(us)=13214.51] 
2014-08-11 18:00:43:279 1210 sec: 19714694 operations; 14596.38 current ops/sec; [INSERT AverageLatency(us)=11.15] [READ AverageLatency(us)=13500.41] 
2014-08-11 18:00:53:280 1220 sec: 19855440 operations; 14073.19 current ops/sec; [INSERT AverageLatency(us)=10.92] [READ AverageLatency(us)=13890.25] 
2014-08-11 18:01:03:282 1230 sec: 20017660 operations; 16218.76 current ops/sec; [INSERT AverageLatency(us)=11.94] [READ AverageLatency(us)=11988] 
2014-08-11 18:01:13:283 1240 sec: 20162163 operations; 14448.86 current ops/sec; [INSERT AverageLatency(us)=11.08] [READ AverageLatency(us)=14111.44] 
2014-08-11 18:01:23:285 1250 sec: 20317126 operations; 15493.2 current ops/sec; [INSERT AverageLatency(us)=11.88] [READ AverageLatency(us)=12598.9] 
2014-08-11 18:01:33:286 1260 sec: 20475669 operations; 15852.71 current ops/sec; [INSERT AverageLatency(us)=10.25] [READ AverageLatency(us)=12336.93] 
2014-08-11 18:01:43:288 1270 sec: 20611161 operations; 13547.85 current ops/sec; [INSERT AverageLatency(us)=11.03] [READ AverageLatency(us)=14091.84] 
2014-08-11 18:01:53:289 1280 sec: 20755764 operations; 14457.41 current ops/sec; [INSERT AverageLatency(us)=11.77] [READ AverageLatency(us)=14155.37] 
2014-08-11 18:02:03:290 1290 sec: 20911616 operations; 15583.64 current ops/sec; [INSERT AverageLatency(us)=10.88] [READ AverageLatency(us)=12706.68] 
2014-08-11 18:02:13:291 1300 sec: 21046039 operations; 13440.96 current ops/sec; [INSERT AverageLatency(us)=10.83] [READ AverageLatency(us)=14207.31] 
2014-08-11 18:02:23:293 1310 sec: 21182821 operations; 13676.83 current ops/sec; [INSERT AverageLatency(us)=11] [READ AverageLatency(us)=14946.21] 
2014-08-11 18:02:33:293 1320 sec: 21332564 operations; 14972.8 current ops/sec; [INSERT AverageLatency(us)=11.25] [READ AverageLatency(us)=13168.24] 
2014-08-11 18:02:43:294 1330 sec: 21459099 operations; 12652.23 current ops/sec; [INSERT AverageLatency(us)=10.53] [READ AverageLatency(us)=14867.32] 
2014-08-11 18:02:53:295 1340 sec: 21597094 operations; 13798.12 current ops/sec; [INSERT AverageLatency(us)=10.98] [READ AverageLatency(us)=14674.16] 
2014-08-11 18:03:03:297 1350 sec: 21743126 operations; 14600.28 current ops/sec; [INSERT AverageLatency(us)=10.57] [READ AverageLatency(us)=13712.48] 
2014-08-11 18:03:13:299 1360 sec: 21875916 operations; 13276.34 current ops/sec; [INSERT AverageLatency(us)=10.48] [READ AverageLatency(us)=14851.65] 
2014-08-11 18:03:23:301 1370 sec: 22026507 operations; 15056.09 current ops/sec; [INSERT AverageLatency(us)=11.13] [READ AverageLatency(us)=13134.63] 
2014-08-11 18:03:33:303 1380 sec: 22172333 operations; 14579.68 current ops/sec; [INSERT AverageLatency(us)=11.35] [READ AverageLatency(us)=13647.74] 
2014-08-11 18:03:43:304 1390 sec: 22311908 operations; 13956.1 current ops/sec; [INSERT AverageLatency(us)=12.36] [READ AverageLatency(us)=14204.67] 
2014-08-11 18:03:53:305 1400 sec: 22461931 operations; 15000.8 current ops/sec; [INSERT AverageLatency(us)=11] [READ AverageLatency(us)=13187.01] 
2014-08-11 18:04:03:305 1410 sec: 22607753 operations; 14582.2 current ops/sec; [INSERT AverageLatency(us)=11.56] [READ AverageLatency(us)=13491.53] 
2014-08-11 18:04:13:306 1420 sec: 22743222 operations; 13545.55 current ops/sec; [INSERT AverageLatency(us)=11.43] [READ AverageLatency(us)=14646.13] 
2014-08-11 18:04:23:307 1430 sec: 22892238 operations; 14900.11 current ops/sec; [INSERT AverageLatency(us)=11.43] [READ AverageLatency(us)=13236.63] 
2014-08-11 18:04:33:307 1440 sec: 23041665 operations; 14942.7 current ops/sec; [INSERT AverageLatency(us)=10.87] [READ AverageLatency(us)=13005.2] 
2014-08-11 18:04:43:308 1450 sec: 23180399 operations; 13872.01 current ops/sec; [INSERT AverageLatency(us)=11.37] [READ AverageLatency(us)=13912.08] 
2014-08-11 18:04:53:310 1460 sec: 23327328 operations; 14689.96 current ops/sec; [INSERT AverageLatency(us)=11.55] [READ AverageLatency(us)=13520.09] 
2014-08-11 18:05:03:311 1470 sec: 23481756 operations; 15441.26 current ops/sec; [INSERT AverageLatency(us)=11.61] [READ AverageLatency(us)=13259.39] 
2014-08-11 18:05:13:312 1480 sec: 23627719 operations; 14594.84 current ops/sec; [INSERT AverageLatency(us)=11.13] [READ AverageLatency(us)=13604.46] 
2014-08-11 18:05:23:313 1490 sec: 23760754 operations; 13302.17 current ops/sec; [INSERT AverageLatency(us)=10.78] [READ AverageLatency(us)=14287.96] 
2014-08-11 18:05:33:314 1500 sec: 23904577 operations; 14380.86 current ops/sec; [INSERT AverageLatency(us)=11.07] [READ AverageLatency(us)=14282.02] 
2014-08-11 18:05:43:314 1510 sec: 24049775 operations; 14519.8 current ops/sec; [INSERT AverageLatency(us)=11.54] [READ AverageLatency(us)=13625.19] 
2014-08-11 18:05:53:315 1520 sec: 24198491 operations; 14870.11 current ops/sec; [INSERT AverageLatency(us)=11.3] [READ AverageLatency(us)=13346.85] 
2014-08-11 18:06:03:316 1530 sec: 24343909 operations; 14540.35 current ops/sec; [INSERT AverageLatency(us)=11.25] [READ AverageLatency(us)=13710.55] 
2014-08-11 18:06:13:317 1540 sec: 24487880 operations; 14397.1 current ops/sec; [INSERT AverageLatency(us)=10.43] [READ AverageLatency(us)=13679.81] 
2014-08-11 18:06:23:317 1550 sec: 24633099 operations; 14520.45 current ops/sec; [INSERT AverageLatency(us)=11.14] [READ AverageLatency(us)=13527.02] 
2014-08-11 18:06:33:318 1560 sec: 24775699 operations; 14258.57 current ops/sec; [INSERT AverageLatency(us)=11.18] [READ AverageLatency(us)=14014.98] 
2014-08-11 18:06:43:319 1570 sec: 24906378 operations; 13066.59 current ops/sec; [UPDATE AverageLatency(us)=340068] [INSERT AverageLatency(us)=11.2] [READ AverageLatency(us)=13959.17] [CLEANUP AverageLatency(us)=340302.5] 
2014-08-11 18:06:53:319 1580 sec: 24998000 operations; 9162.2 current ops/sec; [UPDATE AverageLatency(us)=489328.31] [INSERT AverageLatency(us)=10.88] [READ AverageLatency(us)=11498.58] [CLEANUP AverageLatency(us)=489334.85] 
2014-08-11 18:06:54:760 1581 sec: 25000000 operations; 1388.89 current ops/sec; [UPDATE AverageLatency(us)=308441.67] [INSERT AverageLatency(us)=10.27] [READ AverageLatency(us)=7041.94] [CLEANUP AverageLatency(us)=308449] 
+ echo 'end time:'
end time:
++ date +%s
+ echo 1407805615
1407805615
+ echo 'sleeping for 10 sec ...'
sleeping for 10 sec ...
+ sleep 10
+ false
+ false
+ let counter=1+1
+ read line
+ set +x
