threshold: 0.2
threshold: 500.0
----------------------------------------------------------
selfdapql AM_FILE_POINTER in begining: 0
selfdapql filelengh: 226270
log_evicted_initial: 0
log_evicted_last: 4
log_evicted_count: 4
storeFileSize: 2.2080727E-5
selfdapql AM_FILE_POINTER in end: 226270
selfdapql RS_FILE_POINTER in begining: 0
selfdapql rs_filelengh: 257301
selfdapql blocking update blocking_updates_count: 0
selfdapql blocking update avg total_blocking_time: 0.0
selfdapql RS_FILE_POINTER in end: 257301
selfdapql DN_FILE_POINTER in begining: 0
selfdapql dn_filelength: 62564
selfdapql total operation time: 130.0
selfdapql total # operations: 23
selfdapql dfs avg read time: 5.652174
selfdapql DN_FILE_POINTER in end: 62564
selfdapql newBlockCacheSize: 0.2
selfdapql newMemstoreSize: 0.6
threshold: 0.2
threshold: 500.0
----------------------------------------------------------
selfdapql AM_FILE_POINTER in begining: 226270
selfdapql filelengh: 446738
log_evicted_initial: 4
log_evicted_last: 6
log_evicted_count: 2
storeFileSize: 2.2080727E-5
selfdapql AM_FILE_POINTER in end: 446738
selfdapql RS_FILE_POINTER in begining: 257301
selfdapql rs_filelengh: 262406
selfdapql blocking update blocking_updates_count: 0
selfdapql blocking update avg total_blocking_time: 0.0
selfdapql RS_FILE_POINTER in end: 262406
selfdapql DN_FILE_POINTER in begining: 62564
selfdapql dn_filelength: 113907
selfdapql total operation time: 5.0
selfdapql total # operations: 2
selfdapql dfs avg read time: 2.5
selfdapql DN_FILE_POINTER in end: 113907
selfdapql newBlockCacheSize: 0.2
selfdapql newMemstoreSize: 0.6
threshold: 0.2
threshold: 500.0
----------------------------------------------------------
selfdapql AM_FILE_POINTER in begining: 446738
selfdapql filelengh: 667374
log_evicted_initial: 6
log_evicted_last: 6
log_evicted_count: 0
storeFileSize: 2.2080727E-5
selfdapql AM_FILE_POINTER in end: 667374
selfdapql RS_FILE_POINTER in begining: 262406
selfdapql rs_filelengh: 262621
selfdapql blocking update blocking_updates_count: 0
selfdapql blocking update avg total_blocking_time: 0.0
selfdapql RS_FILE_POINTER in end: 262621
selfdapql DN_FILE_POINTER in begining: 113907
selfdapql dn_filelength: 165307
selfdapql total operation time: 0.0
selfdapql total # operations: 0
selfdapql dfs avg read time: 0.0
selfdapql DN_FILE_POINTER in end: 165307
selfdapql newBlockCacheSize: 0.2
selfdapql newMemstoreSize: 0.6
threshold: 0.2
threshold: 500.0
----------------------------------------------------------
selfdapql AM_FILE_POINTER in begining: 667374
selfdapql filelengh: 887933
log_evicted_initial: 6
log_evicted_last: 6
log_evicted_count: 0
storeFileSize: 2.2080727E-5
selfdapql AM_FILE_POINTER in end: 887933
selfdapql RS_FILE_POINTER in begining: 262621
selfdapql rs_filelengh: 267726
selfdapql blocking update blocking_updates_count: 0
selfdapql blocking update avg total_blocking_time: 0.0
selfdapql RS_FILE_POINTER in end: 267726
selfdapql DN_FILE_POINTER in begining: 165307
selfdapql dn_filelength: 216716
selfdapql total operation time: 4.0
selfdapql total # operations: 2
selfdapql dfs avg read time: 2.0
selfdapql DN_FILE_POINTER in end: 216716
selfdapql newBlockCacheSize: 0.2
selfdapql newMemstoreSize: 0.6
threshold: 0.2
threshold: 500.0
----------------------------------------------------------
selfdapql AM_FILE_POINTER in begining: 887933
selfdapql filelengh: 1108502
log_evicted_initial: 6
log_evicted_last: 6
log_evicted_count: 0
storeFileSize: 2.2080727E-5
selfdapql AM_FILE_POINTER in end: 1108502
selfdapql RS_FILE_POINTER in begining: 267726
selfdapql rs_filelengh: 268224
selfdapql blocking update blocking_updates_count: 0
selfdapql blocking update avg total_blocking_time: 0.0
selfdapql RS_FILE_POINTER in end: 268224
selfdapql DN_FILE_POINTER in begining: 216716
selfdapql dn_filelength: 268148
selfdapql total operation time: 0.0
selfdapql total # operations: 0
selfdapql dfs avg read time: 0.0
selfdapql DN_FILE_POINTER in end: 268148
selfdapql newBlockCacheSize: 0.2
selfdapql newMemstoreSize: 0.6
threshold: 0.2
threshold: 500.0
----------------------------------------------------------
selfdapql AM_FILE_POINTER in begining: 1108502
selfdapql filelengh: 1328228
log_evicted_initial: 6
log_evicted_last: 6
log_evicted_count: 0
storeFileSize: 2.2080727E-5
selfdapql AM_FILE_POINTER in end: 1328228
selfdapql RS_FILE_POINTER in begining: 268224
selfdapql rs_filelengh: 273046
selfdapql blocking update blocking_updates_count: 0
selfdapql blocking update avg total_blocking_time: 0.0
selfdapql RS_FILE_POINTER in end: 273046
selfdapql DN_FILE_POINTER in begining: 268148
selfdapql dn_filelength: 319594
selfdapql total operation time: 0.0
selfdapql total # operations: 0
selfdapql dfs avg read time: 0.0
selfdapql DN_FILE_POINTER in end: 319594
selfdapql newBlockCacheSize: 0.2
selfdapql newMemstoreSize: 0.6
threshold: 0.2
threshold: 500.0
----------------------------------------------------------
selfdapql AM_FILE_POINTER in begining: 1328228
selfdapql filelengh: 1547747
log_evicted_initial: 6
log_evicted_last: 6
log_evicted_count: 0
storeFileSize: 2.2080727E-5
selfdapql AM_FILE_POINTER in end: 1547747
selfdapql RS_FILE_POINTER in begining: 273046
selfdapql rs_filelengh: 278151
selfdapql blocking update blocking_updates_count: 0
selfdapql blocking update avg total_blocking_time: 0.0
selfdapql RS_FILE_POINTER in end: 278151
selfdapql DN_FILE_POINTER in begining: 319594
selfdapql dn_filelength: 371016
selfdapql total operation time: 4.0
selfdapql total # operations: 2
selfdapql dfs avg read time: 2.0
selfdapql DN_FILE_POINTER in end: 371016
selfdapql newBlockCacheSize: 0.2
selfdapql newMemstoreSize: 0.6
threshold: 0.2
threshold: 500.0
----------------------------------------------------------
selfdapql AM_FILE_POINTER in begining: 1547747
selfdapql filelengh: 1767265
log_evicted_initial: 6
log_evicted_last: 6
log_evicted_count: 0
storeFileSize: 2.2080727E-5
selfdapql AM_FILE_POINTER in end: 1767265
selfdapql RS_FILE_POINTER in begining: 278151
selfdapql rs_filelengh: 278366
selfdapql blocking update blocking_updates_count: 0
selfdapql blocking update avg total_blocking_time: 0.0
selfdapql RS_FILE_POINTER in end: 278366
selfdapql DN_FILE_POINTER in begining: 371016
selfdapql dn_filelength: 422487
selfdapql total operation time: 0.0
selfdapql total # operations: 0
selfdapql dfs avg read time: 0.0
selfdapql DN_FILE_POINTER in end: 422487
selfdapql newBlockCacheSize: 0.2
selfdapql newMemstoreSize: 0.6
threshold: 0.2
threshold: 500.0
----------------------------------------------------------
selfdapql AM_FILE_POINTER in begining: 1767265
selfdapql filelengh: 1987333
log_evicted_initial: 6
log_evicted_last: 6
log_evicted_count: 0
storeFileSize: 2.2080727E-5
selfdapql AM_FILE_POINTER in end: 1987333
selfdapql RS_FILE_POINTER in begining: 278366
selfdapql rs_filelengh: 283475
selfdapql blocking update blocking_updates_count: 0
selfdapql blocking update avg total_blocking_time: 0.0
selfdapql RS_FILE_POINTER in end: 283475
selfdapql DN_FILE_POINTER in begining: 422487
selfdapql dn_filelength: 473958
selfdapql total operation time: 5.0
selfdapql total # operations: 2
selfdapql dfs avg read time: 2.5
selfdapql DN_FILE_POINTER in end: 473958
selfdapql newBlockCacheSize: 0.2
selfdapql newMemstoreSize: 0.6
threshold: 0.2
threshold: 500.0
----------------------------------------------------------
selfdapql AM_FILE_POINTER in begining: 1987333
selfdapql filelengh: 2207658
log_evicted_initial: 6
log_evicted_last: 6
log_evicted_count: 0
storeFileSize: 2.2080727E-5
selfdapql AM_FILE_POINTER in end: 2207658
selfdapql RS_FILE_POINTER in begining: 283475
selfdapql rs_filelengh: 283973
selfdapql blocking update blocking_updates_count: 0
selfdapql blocking update avg total_blocking_time: 0.0
selfdapql RS_FILE_POINTER in end: 283973
selfdapql DN_FILE_POINTER in begining: 473958
selfdapql dn_filelength: 525462
selfdapql total operation time: 0.0
selfdapql total # operations: 0
selfdapql dfs avg read time: 0.0
selfdapql DN_FILE_POINTER in end: 525462
selfdapql newBlockCacheSize: 0.2
selfdapql newMemstoreSize: 0.6
