+ filename=case378
+ requestdistribution=
+ RESULT_DIR=/home/hadoop/git/physical_design/caseresult/case378
+ TEN=10
+ SIXTY=60
+ SLEEP_TIME=60
+ YCSB_DIR=/home/hadoop/ycsb-0.1.4
+ number_of_operations=25000000
+ number_of_threads=20
+ number_of_records=25000000
+ output_file_suffix=.dat
+ experiment_list_file=/home/hadoop/git/physical_design/case378.list
+ clean=false
+ create=false
+ load=false
+ random_read=false
+ workloada=false
+ workloadb=false
+ workloadc=false
+ workloadc1=false
+ scan=false
+ all=false
+ for i in '$@'
+ '[' case378 == all ']'
+ '[' case378 == clean ']'
+ '[' case378 == create ']'
+ '[' case378 == load ']'
+ '[' case378 == random_read ']'
+ '[' case378 == scan ']'
+ '[' case378 == workloada ']'
+ '[' case378 == workloadb ']'
+ '[' case378 == workloadc ']'
+ '[' case378 == workloadc1 ']'
+ '[' case378 == zipfian ']'
+ '[' case378 == uniform ']'
+ for i in '$@'
+ '[' clean == all ']'
+ '[' clean == clean ']'
+ clean=true
+ for i in '$@'
+ '[' create == all ']'
+ '[' create == clean ']'
+ '[' create == create ']'
+ create=true
+ for i in '$@'
+ '[' workloadc == all ']'
+ '[' workloadc == clean ']'
+ '[' workloadc == create ']'
+ '[' workloadc == load ']'
+ '[' workloadc == random_read ']'
+ '[' workloadc == scan ']'
+ '[' workloadc == workloada ']'
+ '[' workloadc == workloadb ']'
+ '[' workloadc == workloadc ']'
+ workloadc=true
+ for i in '$@'
+ '[' zipfian == all ']'
+ '[' zipfian == clean ']'
+ '[' zipfian == create ']'
+ '[' zipfian == load ']'
+ '[' zipfian == random_read ']'
+ '[' zipfian == scan ']'
+ '[' zipfian == workloada ']'
+ '[' zipfian == workloadb ']'
+ '[' zipfian == workloadc ']'
+ '[' zipfian == workloadc1 ']'
+ '[' zipfian == zipfian ']'
+ requestdistribution=zipfian
+ let counter=1
+ cd /home/hadoop/ycsb-0.1.4
++ pwd
+ echo /home/hadoop/ycsb-0.1.4
/home/hadoop/ycsb-0.1.4
+ read line
+ false
+ true
+ echo 'sleeping for 60 ...'
sleeping for 60 ...
+ sleep 60
+ echo 'droping usertable...'
droping usertable...
+ ssh hadoop@slave1 /home/hadoop/hbase/bin/hbase-daemon.sh start regionserver
starting regionserver, logging to /home/hadoop/hbase/bin/../logs/hbase-hadoop-regionserver-sceplus-vm49.out
+ ssh hadoop@master /home/hadoop/hbase/bin/hbase shell /home/hadoop/git/physical_design/delete_table
2014-08-12 11:54:10,225 WARN  [main] util.NativeCodeLoader: Unable to load native-hadoop library for your platform... using builtin-java classes where applicable
0 row(s) in 3.0720 seconds

0 row(s) in 1.3000 seconds

0 row(s) in 0.0930 seconds

+ echo 'sleeping for 60 ...'
sleeping for 60 ...
+ sleep 60
+ false
+ true
+ echo 'creating usertable...'
creating usertable...
+ create_statement='create '\''usertable'\'', { NAME=>'\''family'\'', COMPRESSION=>'\''GZ'\''}, SPLITS => ['\''user1'\'', '\''user2'\'', '\''user3'\'', '\''user4'\'', '\''user5'\'', '\''user6'\'', '\''user7'\'', '\''user8'\'', '\''user9'\'']'
+ echo create ''\''usertable'\'',' '{' 'NAME=>'\''family'\'',' 'COMPRESSION=>'\''GZ'\''},' SPLITS '=>' '['\''user1'\'',' ''\''user2'\'',' ''\''user3'\'',' ''\''user4'\'',' ''\''user5'\'',' ''\''user6'\'',' ''\''user7'\'',' ''\''user8'\'',' ''\''user9'\'']'
+ echo 'exit '
+ scp /home/hadoop/git/physical_design/caseresult/case378/create_1.script hadoop@master:/home/hadoop/git/physical_design/caseresult/case378/create_1.script
+ create_table /home/hadoop/git/physical_design/caseresult/case378/create_1.script
+ echo 'creating table...'
creating table...
+ echo /home/hadoop/git/physical_design/caseresult/case378/create_1.script
/home/hadoop/git/physical_design/caseresult/case378/create_1.script
+ ssh hadoop@master /home/hadoop/hbase/bin/hbase shell /home/hadoop/git/physical_design/caseresult/case378/create_1.script
2014-08-12 11:55:21,748 WARN  [main] util.NativeCodeLoader: Unable to load native-hadoop library for your platform... using builtin-java classes where applicable
0 row(s) in 2.9950 seconds

+ echo 'sleeping for 10 sec ...'
sleeping for 10 sec ...
+ sleep 10
+ false
+ false
+ false
+ false
+ false
+ false
+ false
+ false
+ false
+ false
+ false
+ true
+ echo workloadc...
workloadc...
+ echo 'start time: '
start time: 
++ date +%s
+ echo 1407841269
1407841269
++ echo /home/hadoop/git/physical_design/caseresult/case378/workloadc_1.dat
+ ./workloadc 25000000 20 /home/hadoop/git/physical_design/caseresult/case378/workloadc_1.dat
Loading workload...
Starting test.
2014-08-12 04:01:09:587 0 sec: 0 operations; 
14/08/12 04:01:09 INFO zookeeper.ZooKeeper: Client environment:zookeeper.version=3.4.6-1569965, built on 02/20/2014 09:09 GMT
14/08/12 04:01:09 INFO zookeeper.ZooKeeper: Client environment:host.name=sceplus-vm43.almaden.ibm.com
14/08/12 04:01:09 INFO zookeeper.ZooKeeper: Client environment:java.version=1.6.0_31
14/08/12 04:01:09 INFO zookeeper.ZooKeeper: Client environment:java.vendor=Sun Microsystems Inc.
14/08/12 04:01:09 INFO zookeeper.ZooKeeper: Client environment:java.home=/usr/lib/jvm/java-6-openjdk-amd64/jre
14/08/12 04:01:09 INFO zookeeper.ZooKeeper: Client environment:java.class.path=/home/hadoop/ycsb-0.1.4/hbase-binding/lib/hbase-binding-0.1.4.jar:/home/hadoop/ycsb-0.1.4/hbase-binding/conf:/home/hadoop/ycsb-0.1.4/core/lib/core-0.1.4.jar:/home/hadoop/ycsb-0.1.4/jdbc-binding/conf
14/08/12 04:01:09 INFO zookeeper.ZooKeeper: Client environment:java.library.path=/usr/lib/jvm/java-6-openjdk-amd64/jre/lib/amd64/server:/usr/lib/jvm/java-6-openjdk-amd64/jre/lib/amd64:/usr/lib/jvm/java-6-openjdk-amd64/jre/../lib/amd64:/usr/java/packages/lib/amd64:/usr/lib/jni:/lib:/usr/lib
14/08/12 04:01:09 INFO zookeeper.ZooKeeper: Client environment:java.io.tmpdir=/tmp
14/08/12 04:01:09 INFO zookeeper.ZooKeeper: Client environment:java.compiler=<NA>
14/08/12 04:01:09 INFO zookeeper.ZooKeeper: Client environment:os.name=Linux
14/08/12 04:01:09 INFO zookeeper.ZooKeeper: Client environment:os.arch=amd64
14/08/12 04:01:09 INFO zookeeper.ZooKeeper: Client environment:os.version=3.13.0-24-generic
14/08/12 04:01:09 INFO zookeeper.ZooKeeper: Client environment:user.name=hadoop
14/08/12 04:01:09 INFO zookeeper.ZooKeeper: Client environment:user.home=/home/hadoop
14/08/12 04:01:09 INFO zookeeper.ZooKeeper: Client environment:user.dir=/home/hadoop/ycsb-0.1.4
14/08/12 04:01:09 INFO zookeeper.ZooKeeper: Initiating client connection, connectString=sceplus-vm49.almaden.ibm.com:2181,sceplus-vm48.almaden.ibm.com:2181 sessionTimeout=90000 watcher=hconnection-0x3588d364, quorum=sceplus-vm49.almaden.ibm.com:2181,sceplus-vm48.almaden.ibm.com:2181, baseZNode=/hbase
14/08/12 04:01:09 INFO zookeeper.RecoverableZooKeeper: Process identifier=hconnection-0x3588d364 connecting to ZooKeeper ensemble=sceplus-vm49.almaden.ibm.com:2181,sceplus-vm48.almaden.ibm.com:2181
14/08/12 04:01:09 INFO zookeeper.ClientCnxn: Opening socket connection to server master/9.1.143.58:2181. Will not attempt to authenticate using SASL (unknown error)
14/08/12 04:01:10 INFO zookeeper.ClientCnxn: Socket connection established to master/9.1.143.58:2181, initiating session
14/08/12 04:01:10 INFO zookeeper.ClientCnxn: Session establishment complete on server master/9.1.143.58:2181, sessionid = 0x47cb90e9cd000a, negotiated timeout = 90000
14/08/12 04:01:10 WARN util.DynamicClassLoader: Failed to identify the fs of dir hdfs://master:54310/hbase/lib, ignored
org.apache.hadoop.ipc.RemoteException: Server IPC version 9 cannot communicate with client version 4
	at org.apache.hadoop.ipc.Client.call(Client.java:1113)
	at org.apache.hadoop.ipc.RPC$Invoker.invoke(RPC.java:229)
	at com.sun.proxy.$Proxy5.getProtocolVersion(Unknown Source)
	at sun.reflect.NativeMethodAccessorImpl.invoke0(Native Method)
	at sun.reflect.NativeMethodAccessorImpl.invoke(NativeMethodAccessorImpl.java:57)
	at sun.reflect.DelegatingMethodAccessorImpl.invoke(DelegatingMethodAccessorImpl.java:43)
	at java.lang.reflect.Method.invoke(Method.java:622)
	at org.apache.hadoop.io.retry.RetryInvocationHandler.invokeMethod(RetryInvocationHandler.java:85)
	at org.apache.hadoop.io.retry.RetryInvocationHandler.invoke(RetryInvocationHandler.java:62)
	at com.sun.proxy.$Proxy5.getProtocolVersion(Unknown Source)
	at org.apache.hadoop.ipc.RPC.checkVersion(RPC.java:422)
	at org.apache.hadoop.hdfs.DFSClient.createNamenode(DFSClient.java:183)
	at org.apache.hadoop.hdfs.DFSClient.<init>(DFSClient.java:281)
	at org.apache.hadoop.hdfs.DFSClient.<init>(DFSClient.java:245)
	at org.apache.hadoop.hdfs.DistributedFileSystem.initialize(DistributedFileSystem.java:100)
	at org.apache.hadoop.fs.FileSystem.createFileSystem(FileSystem.java:1446)
	at org.apache.hadoop.fs.FileSystem.access$200(FileSystem.java:67)
	at org.apache.hadoop.fs.FileSystem$Cache.get(FileSystem.java:1464)
	at org.apache.hadoop.fs.FileSystem.get(FileSystem.java:263)
	at org.apache.hadoop.fs.Path.getFileSystem(Path.java:187)
	at org.apache.hadoop.hbase.util.DynamicClassLoader.<init>(DynamicClassLoader.java:104)
	at org.apache.hadoop.hbase.protobuf.ProtobufUtil.<clinit>(ProtobufUtil.java:202)
	at org.apache.hadoop.hbase.ClusterId.parseFrom(ClusterId.java:64)
	at org.apache.hadoop.hbase.zookeeper.ZKClusterId.readClusterIdZNode(ZKClusterId.java:69)
	at org.apache.hadoop.hbase.client.ZooKeeperRegistry.getClusterId(ZooKeeperRegistry.java:83)
	at org.apache.hadoop.hbase.client.HConnectionManager$HConnectionImplementation.retrieveClusterId(HConnectionManager.java:858)
	at org.apache.hadoop.hbase.client.HConnectionManager$HConnectionImplementation.<init>(HConnectionManager.java:663)
	at sun.reflect.NativeConstructorAccessorImpl.newInstance0(Native Method)
	at sun.reflect.NativeConstructorAccessorImpl.newInstance(NativeConstructorAccessorImpl.java:57)
	at sun.reflect.DelegatingConstructorAccessorImpl.newInstance(DelegatingConstructorAccessorImpl.java:45)
	at java.lang.reflect.Constructor.newInstance(Constructor.java:534)
	at org.apache.hadoop.hbase.client.HConnectionManager.createConnection(HConnectionManager.java:415)
	at org.apache.hadoop.hbase.client.HConnectionManager.createConnection(HConnectionManager.java:394)
	at org.apache.hadoop.hbase.client.HConnectionManager.getConnection(HConnectionManager.java:275)
	at org.apache.hadoop.hbase.client.HTable.<init>(HTable.java:197)
	at org.apache.hadoop.hbase.client.HTable.<init>(HTable.java:159)
	at com.yahoo.ycsb.db.HBaseClient.getHTable(HBaseClient.java:118)
	at com.yahoo.ycsb.db.HBaseClient.update(HBaseClient.java:302)
	at com.yahoo.ycsb.db.HBaseClient.insert(HBaseClient.java:357)
	at com.yahoo.ycsb.DBWrapper.insert(DBWrapper.java:148)
	at com.yahoo.ycsb.workloads.CoreWorkload.doTransactionInsert(CoreWorkload.java:639)
	at com.yahoo.ycsb.workloads.CoreWorkload.doTransaction(CoreWorkload.java:487)
	at com.yahoo.ycsb.ClientThread.run(Client.java:241)
2014-08-12 04:01:19:589 10 sec: 179738 operations; 17972 current ops/sec; [INSERT AverageLatency(us)=143.7] [READ AverageLatency(us)=5925.95] 
2014-08-12 04:01:29:589 20 sec: 318823 operations; 13907.11 current ops/sec; [INSERT AverageLatency(us)=43.69] [READ AverageLatency(us)=15066.34] 
2014-08-12 04:01:39:590 30 sec: 566770 operations; 24792.22 current ops/sec; [INSERT AverageLatency(us)=12.33] [READ AverageLatency(us)=7760.08] 
2014-08-12 04:01:49:591 40 sec: 830571 operations; 26377.46 current ops/sec; [INSERT AverageLatency(us)=13.24] [READ AverageLatency(us)=7309.18] 
2014-08-12 04:01:59:591 50 sec: 1050974 operations; 22040.3 current ops/sec; [INSERT AverageLatency(us)=12.96] [READ AverageLatency(us)=8851.77] 
2014-08-12 04:02:09:592 60 sec: 1259969 operations; 20897.41 current ops/sec; [INSERT AverageLatency(us)=12.06] [READ AverageLatency(us)=9278.01] 
2014-08-12 04:02:19:592 70 sec: 1466473 operations; 20650.4 current ops/sec; [INSERT AverageLatency(us)=13.35] [READ AverageLatency(us)=9542.75] 
2014-08-12 04:02:29:593 80 sec: 1675177 operations; 20868.31 current ops/sec; [INSERT AverageLatency(us)=12.08] [READ AverageLatency(us)=9459.4] 
2014-08-12 04:02:39:599 90 sec: 1868746 operations; 19345.29 current ops/sec; [INSERT AverageLatency(us)=15.03] [READ AverageLatency(us)=10094.46] 
2014-08-12 04:02:49:600 100 sec: 2065331 operations; 19656.53 current ops/sec; [INSERT AverageLatency(us)=20.19] [READ AverageLatency(us)=9842.15] 
2014-08-12 04:02:59:600 110 sec: 2129133 operations; 6380.2 current ops/sec; [INSERT AverageLatency(us)=12.03] [READ AverageLatency(us)=3232.02] 
2014-08-12 04:03:09:601 120 sec: 2129133 operations; 0 current ops/sec;   
2014-08-12 04:03:19:601 130 sec: 2129133 operations; 0 current ops/sec;   
2014-08-12 04:03:29:602 140 sec: 2165703 operations; 3656.63 current ops/sec; [INSERT AverageLatency(us)=7786.91] [READ AverageLatency(us)=4259.52] 
2014-08-12 04:03:39:602 150 sec: 2273053 operations; 10735 current ops/sec; [INSERT AverageLatency(us)=6009.62] [READ AverageLatency(us)=10971.68] 
2014-08-12 04:03:49:603 160 sec: 2390255 operations; 11719.03 current ops/sec; [INSERT AverageLatency(us)=1428.72] [READ AverageLatency(us)=3312.67] 
2014-08-12 04:03:59:603 170 sec: 2520685 operations; 13043 current ops/sec; [INSERT AverageLatency(us)=575.98] [READ AverageLatency(us)=9384.25] 
2014-08-12 04:04:09:749 180 sec: 2712741 operations; 18929.23 current ops/sec; [INSERT AverageLatency(us)=374.66] [READ AverageLatency(us)=7026.66] 
2014-08-12 04:04:19:749 190 sec: 2836208 operations; 12346.7 current ops/sec; [INSERT AverageLatency(us)=835.82] [READ AverageLatency(us)=10811.23] 
2014-08-12 04:04:29:750 200 sec: 2953580 operations; 11736.03 current ops/sec; [INSERT AverageLatency(us)=411.58] [READ AverageLatency(us)=4039.25] 
2014-08-12 04:04:39:750 210 sec: 3032872 operations; 7929.2 current ops/sec; [INSERT AverageLatency(us)=2955.71] [READ AverageLatency(us)=7130.16] 
2014-08-12 04:04:49:751 220 sec: 3079201 operations; 4632.44 current ops/sec; [INSERT AverageLatency(us)=4969.19] [READ AverageLatency(us)=2037.15] 
2014-08-12 04:04:59:751 230 sec: 3204433 operations; 12523.2 current ops/sec; [INSERT AverageLatency(us)=150.33] [READ AverageLatency(us)=7921.6] 
2014-08-12 04:05:09:752 240 sec: 3324628 operations; 12018.3 current ops/sec; [INSERT AverageLatency(us)=1916.17] [READ AverageLatency(us)=7013.9] 
2014-08-12 04:05:19:753 250 sec: 3402900 operations; 7826.42 current ops/sec; [INSERT AverageLatency(us)=1254.32] [READ AverageLatency(us)=4115.46] 
2014-08-12 04:05:29:754 260 sec: 3467768 operations; 6486.8 current ops/sec; [INSERT AverageLatency(us)=3374.15] [READ AverageLatency(us)=6409.68] 
2014-08-12 04:05:39:754 270 sec: 3539104 operations; 7132.89 current ops/sec; [INSERT AverageLatency(us)=2327.02] [READ AverageLatency(us)=2822.46] 
2014-08-12 04:05:49:755 280 sec: 3658944 operations; 11982.8 current ops/sec; [INSERT AverageLatency(us)=1097.55] [READ AverageLatency(us)=5908.27] 
2014-08-12 04:05:59:755 290 sec: 3728614 operations; 6967 current ops/sec; [INSERT AverageLatency(us)=3047.52] [READ AverageLatency(us)=5750.17] 
2014-08-12 04:06:09:768 300 sec: 3820789 operations; 9205.53 current ops/sec; [INSERT AverageLatency(us)=1654.21] [READ AverageLatency(us)=3232.44] 
2014-08-12 04:06:19:769 310 sec: 3909190 operations; 8839.22 current ops/sec; [INSERT AverageLatency(us)=1707.03] [READ AverageLatency(us)=4545.55] 
2014-08-12 04:06:29:769 320 sec: 4024061 operations; 11487.1 current ops/sec; [INSERT AverageLatency(us)=1739.6] [READ AverageLatency(us)=5321.3] 
2014-08-12 04:06:39:770 330 sec: 4074620 operations; 5055.39 current ops/sec; [INSERT AverageLatency(us)=4427.81] [READ AverageLatency(us)=9694.33] 
2014-08-12 04:06:49:771 340 sec: 4160041 operations; 8542.1 current ops/sec; [INSERT AverageLatency(us)=1675.03] [READ AverageLatency(us)=4396.43] 
2014-08-12 04:06:59:784 350 sec: 4211002 operations; 5088.98 current ops/sec; [INSERT AverageLatency(us)=1931.02] [READ AverageLatency(us)=32280.1] 
2014-08-12 04:07:09:784 360 sec: 4368563 operations; 15756.1 current ops/sec; [INSERT AverageLatency(us)=346.91] [READ AverageLatency(us)=4742.64] 
2014-08-12 04:07:19:785 370 sec: 4436597 operations; 6802.72 current ops/sec; [INSERT AverageLatency(us)=3184.2] [READ AverageLatency(us)=4025.4] 
2014-08-12 04:07:29:785 380 sec: 4515020 operations; 7842.3 current ops/sec; [INSERT AverageLatency(us)=2091.82] [READ AverageLatency(us)=5285.79] 
2014-08-12 04:07:39:786 390 sec: 4629623 operations; 11459.15 current ops/sec; [INSERT AverageLatency(us)=919.76] [READ AverageLatency(us)=5344.51] 
2014-08-12 04:07:49:786 400 sec: 4738974 operations; 10935.1 current ops/sec; [INSERT AverageLatency(us)=2147.08] [READ AverageLatency(us)=6779.84] 
2014-08-12 04:07:59:787 410 sec: 4780709 operations; 4173.08 current ops/sec; [INSERT AverageLatency(us)=1128.86] [READ AverageLatency(us)=3176.92] 
2014-08-12 04:08:09:798 420 sec: 4909271 operations; 12842.07 current ops/sec; [INSERT AverageLatency(us)=1832.91] [READ AverageLatency(us)=7351.29] 
2014-08-12 04:08:19:799 430 sec: 4947957 operations; 3868.21 current ops/sec; [INSERT AverageLatency(us)=6170.92] [READ AverageLatency(us)=3352.56] 
2014-08-12 04:08:29:799 440 sec: 5067785 operations; 11982.8 current ops/sec; [INSERT AverageLatency(us)=576.68] [READ AverageLatency(us)=6021.3] 
2014-08-12 04:08:39:800 450 sec: 5172223 operations; 10442.76 current ops/sec; [INSERT AverageLatency(us)=1853.23] [READ AverageLatency(us)=5047.11] 
2014-08-12 04:08:49:801 460 sec: 5216517 operations; 4429.4 current ops/sec; [INSERT AverageLatency(us)=4895.63] [READ AverageLatency(us)=10284.04] 
2014-08-12 04:08:59:801 470 sec: 5320384 operations; 10385.66 current ops/sec; [INSERT AverageLatency(us)=1335.74] [READ AverageLatency(us)=3284.31] 
2014-08-12 04:09:09:802 480 sec: 5407085 operations; 8669.23 current ops/sec; [INSERT AverageLatency(us)=1885.2] [READ AverageLatency(us)=4116.47] 
2014-08-12 04:09:19:802 490 sec: 5495771 operations; 8868.6 current ops/sec; [INSERT AverageLatency(us)=1410.23] [READ AverageLatency(us)=4450.8] 
2014-08-12 04:09:29:803 500 sec: 5610315 operations; 11453.25 current ops/sec; [INSERT AverageLatency(us)=2126.59] [READ AverageLatency(us)=5455.48] 
2014-08-12 04:09:39:804 510 sec: 5678166 operations; 6784.42 current ops/sec; [INSERT AverageLatency(us)=1725.82] [READ AverageLatency(us)=3717.27] 
2014-08-12 04:09:49:804 520 sec: 5782254 operations; 10408.8 current ops/sec; [INSERT AverageLatency(us)=2112.97] [READ AverageLatency(us)=5121.13] 
2014-08-12 04:09:59:805 530 sec: 5862280 operations; 8001.8 current ops/sec; [INSERT AverageLatency(us)=2264.74] [READ AverageLatency(us)=6496.47] 
2014-08-12 04:10:09:805 540 sec: 5934228 operations; 7194.8 current ops/sec; [INSERT AverageLatency(us)=1739.75] [READ AverageLatency(us)=4256.93] 
2014-08-12 04:10:19:806 550 sec: 6048189 operations; 11394.96 current ops/sec; [INSERT AverageLatency(us)=1848.62] [READ AverageLatency(us)=7815.28] 
2014-08-12 04:10:29:807 560 sec: 6121287 operations; 7309.07 current ops/sec; [INSERT AverageLatency(us)=1435.05] [READ AverageLatency(us)=4409.47] 
2014-08-12 04:10:39:807 570 sec: 6190069 operations; 6878.2 current ops/sec; [INSERT AverageLatency(us)=3272.75] [READ AverageLatency(us)=6942.77] 
2014-08-12 04:10:49:808 580 sec: 6298910 operations; 10883.01 current ops/sec; [INSERT AverageLatency(us)=1145.8] [READ AverageLatency(us)=3916.76] 
2014-08-12 04:10:59:808 590 sec: 6387551 operations; 8864.1 current ops/sec; [INSERT AverageLatency(us)=1925.77] [READ AverageLatency(us)=4940.44] 
2014-08-12 04:11:09:967 600 sec: 6486993 operations; 9788.56 current ops/sec; [INSERT AverageLatency(us)=2296.62] [READ AverageLatency(us)=6097.34] 
2014-08-12 04:11:19:968 610 sec: 6555032 operations; 6803.22 current ops/sec; [INSERT AverageLatency(us)=1358.08] [READ AverageLatency(us)=4794.37] 
2014-08-12 04:11:29:968 620 sec: 6653628 operations; 9859.6 current ops/sec; [INSERT AverageLatency(us)=2312.34] [READ AverageLatency(us)=6916.38] 
2014-08-12 04:11:39:969 630 sec: 6726697 operations; 7306.17 current ops/sec; [INSERT AverageLatency(us)=2439.14] [READ AverageLatency(us)=4186.57] 
2014-08-12 04:11:49:970 640 sec: 6810085 operations; 8338.8 current ops/sec; [INSERT AverageLatency(us)=991.45] [READ AverageLatency(us)=5043.47] 
2014-08-12 04:11:59:970 650 sec: 6919652 operations; 10955.6 current ops/sec; [INSERT AverageLatency(us)=2017.56] [READ AverageLatency(us)=5890.96] 
2014-08-12 04:12:09:971 660 sec: 7013613 operations; 9395.16 current ops/sec; [INSERT AverageLatency(us)=1988.38] [READ AverageLatency(us)=5102.86] 
2014-08-12 04:12:19:971 670 sec: 7101504 operations; 8789.1 current ops/sec; [INSERT AverageLatency(us)=1884.56] [READ AverageLatency(us)=4772.27] 
2014-08-12 04:12:29:972 680 sec: 7144434 operations; 4292.57 current ops/sec; [INSERT AverageLatency(us)=4168.42] [READ AverageLatency(us)=7213.71] 
2014-08-12 04:12:39:973 690 sec: 7253350 operations; 10891.6 current ops/sec; [INSERT AverageLatency(us)=1343.9] [READ AverageLatency(us)=4817.58] 
2014-08-12 04:12:49:973 700 sec: 7346873 operations; 9351.36 current ops/sec; [INSERT AverageLatency(us)=2153.9] [READ AverageLatency(us)=6759.25] 
2014-08-12 04:12:59:974 710 sec: 7405317 operations; 5843.82 current ops/sec; [INSERT AverageLatency(us)=3148.29] [READ AverageLatency(us)=5836.3] 
2014-08-12 04:13:09:974 720 sec: 7508705 operations; 10338.8 current ops/sec; [INSERT AverageLatency(us)=1008.73] [READ AverageLatency(us)=4729.02] 
2014-08-12 04:13:19:975 730 sec: 7606993 operations; 9827.82 current ops/sec; [INSERT AverageLatency(us)=1939.33] [READ AverageLatency(us)=5338.33] 
2014-08-12 04:13:29:976 740 sec: 7660432 operations; 5343.37 current ops/sec; [INSERT AverageLatency(us)=4072.8] [READ AverageLatency(us)=6794.45] 
2014-08-12 04:13:39:976 750 sec: 7769947 operations; 10951.5 current ops/sec; [INSERT AverageLatency(us)=962.44] [READ AverageLatency(us)=5147.26] 
2014-08-12 04:13:50:251 760 sec: 7848468 operations; 7641.95 current ops/sec; [INSERT AverageLatency(us)=2361.04] [READ AverageLatency(us)=5643.47] 
2014-08-12 04:14:00:252 770 sec: 7938261 operations; 8978.4 current ops/sec; [INSERT AverageLatency(us)=2132.06] [READ AverageLatency(us)=6301.15] 
2014-08-12 04:14:10:253 780 sec: 7999771 operations; 6151 current ops/sec; [INSERT AverageLatency(us)=3224.8] [READ AverageLatency(us)=5047.53] 
2014-08-12 04:14:20:253 790 sec: 8103978 operations; 10419.66 current ops/sec; [INSERT AverageLatency(us)=967.27] [READ AverageLatency(us)=5284.03] 
2014-08-12 04:14:30:254 800 sec: 8197961 operations; 9397.36 current ops/sec; [INSERT AverageLatency(us)=1929.18] [READ AverageLatency(us)=5504.52] 
2014-08-12 04:14:40:254 810 sec: 8297647 operations; 9968.6 current ops/sec; [INSERT AverageLatency(us)=2076.87] [READ AverageLatency(us)=6145.75] 
2014-08-12 04:14:50:255 820 sec: 8360744 operations; 6309.07 current ops/sec; [INSERT AverageLatency(us)=2190.11] [READ AverageLatency(us)=5696.96] 
2014-08-12 04:15:00:256 830 sec: 8424167 operations; 6342.3 current ops/sec; [INSERT AverageLatency(us)=2455.26] [READ AverageLatency(us)=5462.15] 
2014-08-12 04:15:10:256 840 sec: 8542454 operations; 11827.52 current ops/sec; [INSERT AverageLatency(us)=1699.41] [READ AverageLatency(us)=7384.01] 
2014-08-12 04:15:20:257 850 sec: 8613938 operations; 7147.69 current ops/sec; [INSERT AverageLatency(us)=1548.27] [READ AverageLatency(us)=5036.19] 
2014-08-12 04:15:30:257 860 sec: 8688751 operations; 7481.3 current ops/sec; [INSERT AverageLatency(us)=2208.93] [READ AverageLatency(us)=8159.5] 
2014-08-12 04:15:40:258 870 sec: 8776208 operations; 8744.83 current ops/sec; [INSERT AverageLatency(us)=2407.78] [READ AverageLatency(us)=6470.25] 
2014-08-12 04:15:50:258 880 sec: 8829624 operations; 5341.6 current ops/sec; [INSERT AverageLatency(us)=3852.74] [READ AverageLatency(us)=6173.61] 
2014-08-12 04:16:00:259 890 sec: 8917906 operations; 8827.32 current ops/sec; [INSERT AverageLatency(us)=743.72] [READ AverageLatency(us)=5911.63] 
2014-08-12 04:16:10:260 900 sec: 9036074 operations; 11815.62 current ops/sec; [INSERT AverageLatency(us)=1388.86] [READ AverageLatency(us)=7763.58] 
2014-08-12 04:16:20:260 910 sec: 9059169 operations; 2309.5 current ops/sec; [INSERT AverageLatency(us)=11075.29] [READ AverageLatency(us)=10269.42] 
2014-08-12 04:16:30:261 920 sec: 9180143 operations; 12096.19 current ops/sec; [INSERT AverageLatency(us)=12.55] [READ AverageLatency(us)=16202.19] 
2014-08-12 04:16:40:268 930 sec: 9298659 operations; 11843.31 current ops/sec; [INSERT AverageLatency(us)=778.16] [READ AverageLatency(us)=6609.22] 
2014-08-12 04:16:50:269 940 sec: 9361310 operations; 6264.47 current ops/sec; [INSERT AverageLatency(us)=1693.36] [READ AverageLatency(us)=5073.61] 
2014-08-12 04:17:00:269 950 sec: 9470787 operations; 10947.7 current ops/sec; [INSERT AverageLatency(us)=1817] [READ AverageLatency(us)=7314.65] 
2014-08-12 04:17:10:270 960 sec: 9524343 operations; 5355.06 current ops/sec; [INSERT AverageLatency(us)=4021.13] [READ AverageLatency(us)=11445.07] 
2014-08-12 04:17:20:271 970 sec: 9612024 operations; 8768.1 current ops/sec; [INSERT AverageLatency(us)=1489.72] [READ AverageLatency(us)=5291.48] 
2014-08-12 04:17:30:271 980 sec: 9721129 operations; 10909.41 current ops/sec; [INSERT AverageLatency(us)=958.93] [READ AverageLatency(us)=5093.16] 
2014-08-12 04:17:40:272 990 sec: 9820604 operations; 9946.51 current ops/sec; [INSERT AverageLatency(us)=2032.58] [READ AverageLatency(us)=6277.93] 
2014-08-12 04:17:50:272 1000 sec: 9888176 operations; 6757.2 current ops/sec; [INSERT AverageLatency(us)=1898.65] [READ AverageLatency(us)=7735.97] 
2014-08-12 04:18:00:273 1010 sec: 9997768 operations; 10958.1 current ops/sec; [INSERT AverageLatency(us)=1683.65] [READ AverageLatency(us)=5910.01] 
2014-08-12 04:18:10:274 1020 sec: 10040019 operations; 4224.68 current ops/sec; [INSERT AverageLatency(us)=4486.49] [READ AverageLatency(us)=8191.03] 
2014-08-12 04:18:20:274 1030 sec: 10112674 operations; 7265.5 current ops/sec; [INSERT AverageLatency(us)=3024.48] [READ AverageLatency(us)=4064.63] 
2014-08-12 04:18:30:275 1040 sec: 10222264 operations; 10957.9 current ops/sec; [INSERT AverageLatency(us)=657.75] [READ AverageLatency(us)=6127.95] 
2014-08-12 04:18:40:275 1050 sec: 10326271 operations; 10400.7 current ops/sec; [INSERT AverageLatency(us)=1625.21] [READ AverageLatency(us)=6619.09] 
2014-08-12 04:18:50:276 1060 sec: 10422144 operations; 9586.34 current ops/sec; [INSERT AverageLatency(us)=1967.33] [READ AverageLatency(us)=6496.69] 
2014-08-12 04:19:00:277 1070 sec: 10487968 operations; 6581.74 current ops/sec; [INSERT AverageLatency(us)=1402.13] [READ AverageLatency(us)=4392.28] 
2014-08-12 04:19:10:277 1080 sec: 10590326 operations; 10235.8 current ops/sec; [INSERT AverageLatency(us)=2043.44] [READ AverageLatency(us)=7686.94] 
2014-08-12 04:19:20:278 1090 sec: 10667817 operations; 7748.33 current ops/sec; [INSERT AverageLatency(us)=2371.56] [READ AverageLatency(us)=7001.5] 
2014-08-12 04:19:30:278 1100 sec: 10752351 operations; 8453.4 current ops/sec; [INSERT AverageLatency(us)=1649.99] [READ AverageLatency(us)=5802.14] 
2014-08-12 04:19:40:279 1110 sec: 10853506 operations; 10114.49 current ops/sec; [INSERT AverageLatency(us)=1349.05] [READ AverageLatency(us)=5302.67] 
2014-08-12 04:19:50:280 1120 sec: 10931788 operations; 7827.42 current ops/sec; [INSERT AverageLatency(us)=1941.49] [READ AverageLatency(us)=5977.02] 
2014-08-12 04:20:00:280 1130 sec: 10979769 operations; 4798.1 current ops/sec; [INSERT AverageLatency(us)=4642.72] [READ AverageLatency(us)=8617.1] 
2014-08-12 04:20:10:281 1140 sec: 11083229 operations; 10344.97 current ops/sec; [INSERT AverageLatency(us)=901.04] [READ AverageLatency(us)=12765] 
2014-08-12 04:20:20:281 1150 sec: 11192665 operations; 10943.6 current ops/sec; [INSERT AverageLatency(us)=852.08] [READ AverageLatency(us)=6848.43] 
2014-08-12 04:20:30:334 1160 sec: 11284465 operations; 9131.6 current ops/sec; [INSERT AverageLatency(us)=2161.77] [READ AverageLatency(us)=6523.32] 
2014-08-12 04:20:40:334 1170 sec: 11351485 operations; 6702 current ops/sec; [INSERT AverageLatency(us)=1836.37] [READ AverageLatency(us)=5550.48] 
2014-08-12 04:20:50:335 1180 sec: 11464151 operations; 11265.47 current ops/sec; [INSERT AverageLatency(us)=1730.98] [READ AverageLatency(us)=7861.59] 
2014-08-12 04:21:00:335 1190 sec: 11531220 operations; 6706.9 current ops/sec; [INSERT AverageLatency(us)=1581.98] [READ AverageLatency(us)=5274.07] 
2014-08-12 04:21:10:336 1200 sec: 11600118 operations; 6889.11 current ops/sec; [INSERT AverageLatency(us)=3186.6] [READ AverageLatency(us)=8999.47] 
2014-08-12 04:21:20:336 1210 sec: 11688892 operations; 8877.4 current ops/sec; [INSERT AverageLatency(us)=1293.95] [READ AverageLatency(us)=4921.92] 
2014-08-12 04:21:30:337 1220 sec: 11798224 operations; 10932.11 current ops/sec; [INSERT AverageLatency(us)=1751.72] [READ AverageLatency(us)=7845.55] 
2014-08-12 04:21:40:337 1230 sec: 11798328 operations; 10.4 current ops/sec; [INSERT AverageLatency(us)=344052.95] [READ AverageLatency(us)=47098.2] 
2014-08-12 04:21:50:338 1240 sec: 11798328 operations; 0 current ops/sec;   
2014-08-12 04:22:00:338 1250 sec: 11798340 operations; 1.2 current ops/sec; [INSERT AverageLatency(us)=14.91] [READ AverageLatency(us)=29229950] 
2014-08-12 04:22:10:339 1260 sec: 11866035 operations; 6768.82 current ops/sec; [INSERT AverageLatency(us)=5480.1] [READ AverageLatency(us)=17791.02] 
2014-08-12 04:22:20:340 1270 sec: 11975685 operations; 10963.9 current ops/sec; [INSERT AverageLatency(us)=3977.44] [READ AverageLatency(us)=5799.57] 
2014-08-12 04:22:30:340 1280 sec: 12072473 operations; 9678.8 current ops/sec; [INSERT AverageLatency(us)=2013.82] [READ AverageLatency(us)=6593.51] 
2014-08-12 04:22:40:341 1290 sec: 12111903 operations; 3942.61 current ops/sec; [INSERT AverageLatency(us)=3764.93] [READ AverageLatency(us)=8742.64] 
2014-08-12 04:22:50:341 1300 sec: 12216697 operations; 10479.4 current ops/sec; [INSERT AverageLatency(us)=1766.27] [READ AverageLatency(us)=5809.45] 
2014-08-12 04:23:00:342 1310 sec: 12325341 operations; 10863.31 current ops/sec; [INSERT AverageLatency(us)=803.25] [READ AverageLatency(us)=6062.2] 
2014-08-12 04:23:10:353 1320 sec: 12403802 operations; 7837.48 current ops/sec; [INSERT AverageLatency(us)=2592] [READ AverageLatency(us)=5032.46] 
2014-08-12 04:23:20:353 1330 sec: 12518410 operations; 11460.8 current ops/sec; [INSERT AverageLatency(us)=879.53] [READ AverageLatency(us)=6238.34] 
2014-08-12 04:23:30:354 1340 sec: 12633101 operations; 11467.95 current ops/sec; [INSERT AverageLatency(us)=1699.78] [READ AverageLatency(us)=5662.26] 
2014-08-12 04:23:40:354 1350 sec: 12695755 operations; 6265.4 current ops/sec; [INSERT AverageLatency(us)=1504.85] [READ AverageLatency(us)=4795.77] 
2014-08-12 04:23:50:355 1360 sec: 12805228 operations; 10946.21 current ops/sec; [INSERT AverageLatency(us)=1915.49] [READ AverageLatency(us)=6715.24] 
2014-08-12 04:24:00:356 1370 sec: 12905554 operations; 10031.6 current ops/sec; [INSERT AverageLatency(us)=1850.34] [READ AverageLatency(us)=6121.6] 
2014-08-12 04:24:10:356 1380 sec: 12998574 operations; 9302 current ops/sec; [INSERT AverageLatency(us)=1394.4] [READ AverageLatency(us)=5786.35] 
2014-08-12 04:24:20:357 1390 sec: 13083421 operations; 8483.85 current ops/sec; [INSERT AverageLatency(us)=2278.03] [READ AverageLatency(us)=6338.28] 
2014-08-12 04:24:30:357 1400 sec: 13183238 operations; 9981.7 current ops/sec; [INSERT AverageLatency(us)=1557.35] [READ AverageLatency(us)=6439.36] 
2014-08-12 04:24:40:358 1410 sec: 13259406 operations; 7616.04 current ops/sec; [INSERT AverageLatency(us)=1332.52] [READ AverageLatency(us)=5287.98] 
2014-08-12 04:24:50:358 1420 sec: 13379356 operations; 11995 current ops/sec; [INSERT AverageLatency(us)=1597.99] [READ AverageLatency(us)=7140.68] 
2014-08-12 04:25:00:359 1430 sec: 13471910 operations; 9254.47 current ops/sec; [INSERT AverageLatency(us)=2005.05] [READ AverageLatency(us)=7532.55] 
2014-08-12 04:25:10:359 1440 sec: 13546031 operations; 7412.1 current ops/sec; [INSERT AverageLatency(us)=2105.47] [READ AverageLatency(us)=7511.32] 
2014-08-12 04:25:20:360 1450 sec: 13635370 operations; 8933.01 current ops/sec; [INSERT AverageLatency(us)=1632.79] [READ AverageLatency(us)=7223.99] 
2014-08-12 04:25:30:361 1460 sec: 13744283 operations; 10890.21 current ops/sec; [INSERT AverageLatency(us)=780.93] [READ AverageLatency(us)=6012.23] 
2014-08-12 04:25:40:361 1470 sec: 13867512 operations; 12322.9 current ops/sec; [INSERT AverageLatency(us)=1455.84] [READ AverageLatency(us)=10066.67] 
2014-08-12 04:25:50:362 1480 sec: 13890811 operations; 2329.67 current ops/sec; [INSERT AverageLatency(us)=2773.03] [READ AverageLatency(us)=8683.88] 
2014-08-12 04:26:00:362 1490 sec: 14036464 operations; 14565.3 current ops/sec; [INSERT AverageLatency(us)=838.84] [READ AverageLatency(us)=9959.72] 
2014-08-12 04:26:10:363 1500 sec: 14114792 operations; 7832.02 current ops/sec; [INSERT AverageLatency(us)=1363.2] [READ AverageLatency(us)=6869.47] 
2014-08-12 04:26:20:363 1510 sec: 14229599 operations; 11480.7 current ops/sec; [INSERT AverageLatency(us)=1510.69] [READ AverageLatency(us)=7878.34] 
2014-08-12 04:26:30:364 1520 sec: 14334047 operations; 10443.76 current ops/sec; [INSERT AverageLatency(us)=1831.71] [READ AverageLatency(us)=8030.73] 
2014-08-12 04:26:40:364 1530 sec: 14417557 operations; 8351 current ops/sec; [INSERT AverageLatency(us)=1680.04] [READ AverageLatency(us)=6769.1] 
2014-08-12 04:26:50:365 1540 sec: 14480879 operations; 6331.57 current ops/sec; [INSERT AverageLatency(us)=2359.14] [READ AverageLatency(us)=6817.95] 
2014-08-12 04:27:00:366 1550 sec: 14589090 operations; 10820.02 current ops/sec; [INSERT AverageLatency(us)=831.49] [READ AverageLatency(us)=13430.8] 
2014-08-12 04:27:10:366 1560 sec: 14678494 operations; 8940.4 current ops/sec; [INSERT AverageLatency(us)=1786.22] [READ AverageLatency(us)=6043.32] 
2014-08-12 04:27:20:367 1570 sec: 14798283 operations; 11977.7 current ops/sec; [INSERT AverageLatency(us)=582.1] [READ AverageLatency(us)=7346.38] 
2014-08-12 04:27:30:367 1580 sec: 14860372 operations; 6208.9 current ops/sec; [INSERT AverageLatency(us)=3370.52] [READ AverageLatency(us)=12039.6] 
2014-08-12 04:27:40:368 1590 sec: 14965295 operations; 10491.25 current ops/sec; [INSERT AverageLatency(us)=342.71] [READ AverageLatency(us)=6980.4] 
2014-08-12 04:27:50:368 1600 sec: 15071809 operations; 10651.4 current ops/sec; [INSERT AverageLatency(us)=1669.52] [READ AverageLatency(us)=8117.58] 
2014-08-12 04:28:00:369 1610 sec: 15170396 operations; 9857.71 current ops/sec; [INSERT AverageLatency(us)=1618.33] [READ AverageLatency(us)=7206.53] 
2014-08-12 04:28:10:369 1620 sec: 15259540 operations; 8914.4 current ops/sec; [INSERT AverageLatency(us)=1895.43] [READ AverageLatency(us)=7210.62] 
2014-08-12 04:28:20:370 1630 sec: 15354633 operations; 9508.35 current ops/sec; [INSERT AverageLatency(us)=1163.64] [READ AverageLatency(us)=5099.32] 
2014-08-12 04:28:30:370 1640 sec: 15419535 operations; 6490.2 current ops/sec; [INSERT AverageLatency(us)=3219.52] [READ AverageLatency(us)=7727.28] 
2014-08-12 04:28:40:371 1650 sec: 15530055 operations; 11050.89 current ops/sec; [INSERT AverageLatency(us)=828.85] [READ AverageLatency(us)=7094.43] 
2014-08-12 04:28:50:371 1660 sec: 15633519 operations; 10346.4 current ops/sec; [INSERT AverageLatency(us)=1802.07] [READ AverageLatency(us)=9834.09] 
2014-08-12 04:29:00:372 1670 sec: 15712502 operations; 7897.51 current ops/sec; [INSERT AverageLatency(us)=1235.64] [READ AverageLatency(us)=6440.84] 
2014-08-12 04:29:10:372 1680 sec: 15810588 operations; 9808.6 current ops/sec; [INSERT AverageLatency(us)=1816.19] [READ AverageLatency(us)=7448.08] 
2014-08-12 04:29:20:373 1690 sec: 15905942 operations; 9534.45 current ops/sec; [INSERT AverageLatency(us)=1676.29] [READ AverageLatency(us)=6322.45] 
2014-08-12 04:29:30:373 1700 sec: 15988873 operations; 8293.1 current ops/sec; [INSERT AverageLatency(us)=1901.61] [READ AverageLatency(us)=5747.48] 
2014-08-12 04:29:40:374 1710 sec: 16108314 operations; 11942.91 current ops/sec; [INSERT AverageLatency(us)=707.82] [READ AverageLatency(us)=7213.09] 
2014-08-12 04:29:50:374 1720 sec: 16187578 operations; 7926.4 current ops/sec; [INSERT AverageLatency(us)=2342.9] [READ AverageLatency(us)=8282.41] 
2014-08-12 04:30:00:375 1730 sec: 16267697 operations; 8011.1 current ops/sec; [INSERT AverageLatency(us)=2258.37] [READ AverageLatency(us)=6276.23] 
2014-08-12 04:30:10:375 1740 sec: 16377367 operations; 10967 current ops/sec; [INSERT AverageLatency(us)=927.19] [READ AverageLatency(us)=6678.02] 
2014-08-12 04:30:20:376 1750 sec: 16464535 operations; 8715.93 current ops/sec; [INSERT AverageLatency(us)=1771.36] [READ AverageLatency(us)=9263.96] 
2014-08-12 04:30:30:377 1760 sec: 16464535 operations; 0 current ops/sec;   
2014-08-12 04:30:40:377 1770 sec: 16527124 operations; 6258.9 current ops/sec; [INSERT AverageLatency(us)=1456.63] [READ AverageLatency(us)=54765.32] 
2014-08-12 04:30:50:377 1780 sec: 16674897 operations; 14777.3 current ops/sec; [INSERT AverageLatency(us)=56.78] [READ AverageLatency(us)=14427.95] 
2014-08-12 04:31:00:378 1790 sec: 16828257 operations; 15334.47 current ops/sec; [INSERT AverageLatency(us)=78.07] [READ AverageLatency(us)=11683.05] 
2014-08-12 04:31:10:379 1800 sec: 16982734 operations; 15446.16 current ops/sec; [INSERT AverageLatency(us)=13.64] [READ AverageLatency(us)=13254.58] 
2014-08-12 04:31:20:379 1810 sec: 17159789 operations; 17705.5 current ops/sec; [INSERT AverageLatency(us)=11.69] [READ AverageLatency(us)=10796.06] 
2014-08-12 04:31:30:380 1820 sec: 17210249 operations; 5045.5 current ops/sec; [INSERT AverageLatency(us)=2703.55] [READ AverageLatency(us)=12617.28] 
2014-08-12 04:31:40:380 1830 sec: 17340641 operations; 13039.2 current ops/sec; [INSERT AverageLatency(us)=649.76] [READ AverageLatency(us)=5253.46] 
2014-08-12 04:31:50:381 1840 sec: 17439393 operations; 9874.21 current ops/sec; [INSERT AverageLatency(us)=1894.73] [READ AverageLatency(us)=7965.71] 
2014-08-12 04:32:00:381 1850 sec: 17543587 operations; 10419.4 current ops/sec; [INSERT AverageLatency(us)=1071] [READ AverageLatency(us)=6896.36] 
2014-08-12 04:32:10:382 1860 sec: 17606052 operations; 6246.5 current ops/sec; [INSERT AverageLatency(us)=1454.68] [READ AverageLatency(us)=5773.72] 
2014-08-12 04:32:20:382 1870 sec: 17720840 operations; 11477.65 current ops/sec; [INSERT AverageLatency(us)=1493.45] [READ AverageLatency(us)=9840.56] 
2014-08-12 04:32:30:383 1880 sec: 17764293 operations; 4345.3 current ops/sec; [INSERT AverageLatency(us)=4619.15] [READ AverageLatency(us)=20270.55] 
2014-08-12 04:32:40:383 1890 sec: 17901905 operations; 13759.82 current ops/sec; [INSERT AverageLatency(us)=183.71] [READ AverageLatency(us)=10391.26] 
2014-08-12 04:32:50:384 1900 sec: 17990998 operations; 8908.41 current ops/sec; [INSERT AverageLatency(us)=1034.11] [READ AverageLatency(us)=7419.65] 
2014-08-12 04:33:00:384 1910 sec: 18087092 operations; 9609.4 current ops/sec; [INSERT AverageLatency(us)=1953.16] [READ AverageLatency(us)=7800.78] 
2014-08-12 04:33:10:385 1920 sec: 18185270 operations; 9816.82 current ops/sec; [INSERT AverageLatency(us)=1692.95] [READ AverageLatency(us)=6361.02] 
2014-08-12 04:33:20:385 1930 sec: 18258673 operations; 7340.3 current ops/sec; [INSERT AverageLatency(us)=2430.19] [READ AverageLatency(us)=6795.22] 
2014-08-12 04:33:30:386 1940 sec: 18373185 operations; 11450.05 current ops/sec; [INSERT AverageLatency(us)=508.72] [READ AverageLatency(us)=7027.08] 
2014-08-12 04:33:40:386 1950 sec: 18472441 operations; 9925.6 current ops/sec; [INSERT AverageLatency(us)=1612.07] [READ AverageLatency(us)=7307.54] 
2014-08-12 04:33:50:387 1960 sec: 18558196 operations; 8574.64 current ops/sec; [INSERT AverageLatency(us)=1832.84] [READ AverageLatency(us)=12143.81] 
2014-08-12 04:34:00:387 1970 sec: 18642263 operations; 8406.7 current ops/sec; [INSERT AverageLatency(us)=1683.57] [READ AverageLatency(us)=8061.6] 
2014-08-12 04:34:10:388 1980 sec: 18732785 operations; 9051.29 current ops/sec; [INSERT AverageLatency(us)=1601.32] [READ AverageLatency(us)=6215.36] 
2014-08-12 04:34:20:388 1990 sec: 18840051 operations; 10726.6 current ops/sec; [INSERT AverageLatency(us)=1074.96] [READ AverageLatency(us)=6999.2] 
2014-08-12 04:34:30:389 2000 sec: 18942141 operations; 10207.98 current ops/sec; [INSERT AverageLatency(us)=1472.95] [READ AverageLatency(us)=7886.54] 
2014-08-12 04:34:40:389 2010 sec: 19025577 operations; 8343.6 current ops/sec; [INSERT AverageLatency(us)=1406.74] [READ AverageLatency(us)=6615.84] 
2014-08-12 04:34:50:390 2020 sec: 19107765 operations; 8217.98 current ops/sec; [INSERT AverageLatency(us)=1786.35] [READ AverageLatency(us)=7838.22] 
2014-08-12 04:35:00:390 2030 sec: 19197507 operations; 8974.2 current ops/sec; [INSERT AverageLatency(us)=1769.74] [READ AverageLatency(us)=6825.09] 
2014-08-12 04:35:10:400 2040 sec: 19277668 operations; 8008.09 current ops/sec; [INSERT AverageLatency(us)=2406.61] [READ AverageLatency(us)=8983.52] 
2014-08-12 04:35:20:400 2050 sec: 19373301 operations; 9563.3 current ops/sec; [INSERT AverageLatency(us)=1275.17] [READ AverageLatency(us)=6298.01] 
2014-08-12 04:35:30:401 2060 sec: 19448480 operations; 7517.15 current ops/sec; [INSERT AverageLatency(us)=2618.09] [READ AverageLatency(us)=7362.71] 
2014-08-12 04:35:40:402 2070 sec: 19536996 operations; 8851.6 current ops/sec; [INSERT AverageLatency(us)=1408.8] [READ AverageLatency(us)=6655.19] 
2014-08-12 04:35:50:402 2080 sec: 19646331 operations; 10932.41 current ops/sec; [INSERT AverageLatency(us)=1087.03] [READ AverageLatency(us)=7396.95] 
2014-08-12 04:36:00:403 2090 sec: 19714791 operations; 6845.32 current ops/sec; [INSERT AverageLatency(us)=2437.19] [READ AverageLatency(us)=9836.11] 
2014-08-12 04:36:10:403 2100 sec: 19824645 operations; 10985.4 current ops/sec; [INSERT AverageLatency(us)=979.61] [READ AverageLatency(us)=11784.89] 
2014-08-12 04:36:20:404 2110 sec: 19919985 operations; 9533.05 current ops/sec; [INSERT AverageLatency(us)=1413.06] [READ AverageLatency(us)=8586.04] 
2014-08-12 04:36:30:404 2120 sec: 19996200 operations; 7621.5 current ops/sec; [INSERT AverageLatency(us)=2326.61] [READ AverageLatency(us)=6100.21] 
2014-08-12 04:36:40:405 2130 sec: 20100366 operations; 10415.56 current ops/sec; [INSERT AverageLatency(us)=485.17] [READ AverageLatency(us)=8491] 
2014-08-12 04:36:50:405 2140 sec: 20209918 operations; 10955.2 current ops/sec; [INSERT AverageLatency(us)=1310.38] [READ AverageLatency(us)=7821.29] 
2014-08-12 04:37:00:406 2150 sec: 20298512 operations; 8858.51 current ops/sec; [INSERT AverageLatency(us)=1541.52] [READ AverageLatency(us)=7444.76] 
2014-08-12 04:37:10:406 2160 sec: 20397097 operations; 9858.5 current ops/sec; [INSERT AverageLatency(us)=1808.2] [READ AverageLatency(us)=7285.96] 
2014-08-12 04:37:20:407 2170 sec: 20471161 operations; 7405.66 current ops/sec; [INSERT AverageLatency(us)=2208.09] [READ AverageLatency(us)=6756.12] 
2014-08-12 04:37:30:407 2180 sec: 20586002 operations; 11484.1 current ops/sec; [INSERT AverageLatency(us)=1017.6] [READ AverageLatency(us)=7598.52] 
2014-08-12 04:37:40:408 2190 sec: 20664242 operations; 7823.22 current ops/sec; [INSERT AverageLatency(us)=2061.33] [READ AverageLatency(us)=6970.47] 
2014-08-12 04:37:50:408 2200 sec: 20779031 operations; 11478.9 current ops/sec; [INSERT AverageLatency(us)=993.19] [READ AverageLatency(us)=7024.24] 
2014-08-12 04:38:00:476 2210 sec: 20873493 operations; 9382.4 current ops/sec; [INSERT AverageLatency(us)=1905.64] [READ AverageLatency(us)=7945.44] 
2014-08-12 04:38:10:476 2220 sec: 20947220 operations; 7372.7 current ops/sec; [INSERT AverageLatency(us)=1471.42] [READ AverageLatency(us)=8183.73] 
2014-08-12 04:38:20:477 2230 sec: 21045759 operations; 9852.91 current ops/sec; [INSERT AverageLatency(us)=1799.05] [READ AverageLatency(us)=11356.25] 
2014-08-12 04:38:30:478 2240 sec: 21144404 operations; 9864.5 current ops/sec; [INSERT AverageLatency(us)=759.62] [READ AverageLatency(us)=7170.19] 
2014-08-12 04:38:40:478 2250 sec: 21217127 operations; 7271.57 current ops/sec; [INSERT AverageLatency(us)=1302.56] [READ AverageLatency(us)=6976.96] 
2014-08-12 04:38:50:478 2260 sec: 21259721 operations; 4259.4 current ops/sec; [INSERT AverageLatency(us)=4047.67] [READ AverageLatency(us)=40683.2] 
2014-08-12 04:39:00:479 2270 sec: 21389535 operations; 12980.1 current ops/sec; [INSERT AverageLatency(us)=241.82] [READ AverageLatency(us)=13145.01] 
2014-08-12 04:39:10:516 2280 sec: 21492073 operations; 10216 current ops/sec; [INSERT AverageLatency(us)=803.05] [READ AverageLatency(us)=9435.84] 
2014-08-12 04:39:20:516 2290 sec: 21562107 operations; 7003.4 current ops/sec; [INSERT AverageLatency(us)=2253.52] [READ AverageLatency(us)=5988.45] 
2014-08-12 04:39:30:517 2300 sec: 21562107 operations; 0 current ops/sec;   
2014-08-12 04:39:40:517 2310 sec: 21651546 operations; 8943.9 current ops/sec; [INSERT AverageLatency(us)=1978.5] [READ AverageLatency(us)=29616.58] 
2014-08-12 04:39:50:518 2320 sec: 21775488 operations; 12392.96 current ops/sec; [INSERT AverageLatency(us)=875.81] [READ AverageLatency(us)=8710.68] 
2014-08-12 04:40:00:518 2330 sec: 21827716 operations; 5222.8 current ops/sec; [INSERT AverageLatency(us)=3310.48] [READ AverageLatency(us)=8552.09] 
2014-08-12 04:40:10:519 2340 sec: 21943802 operations; 11607.44 current ops/sec; [INSERT AverageLatency(us)=706.32] [READ AverageLatency(us)=9233.43] 
2014-08-12 04:40:20:519 2350 sec: 22046401 operations; 10259.9 current ops/sec; [INSERT AverageLatency(us)=902.87] [READ AverageLatency(us)=8064.79] 
2014-08-12 04:40:30:520 2360 sec: 22139688 operations; 9327.77 current ops/sec; [INSERT AverageLatency(us)=1767.14] [READ AverageLatency(us)=8347.74] 
2014-08-12 04:40:40:520 2370 sec: 22228880 operations; 8919.2 current ops/sec; [INSERT AverageLatency(us)=1702.85] [READ AverageLatency(us)=9727.03] 
2014-08-12 04:40:50:521 2380 sec: 22329962 operations; 10107.19 current ops/sec; [INSERT AverageLatency(us)=875.49] [READ AverageLatency(us)=6517.24] 
2014-08-12 04:41:00:521 2390 sec: 22427963 operations; 9800.1 current ops/sec; [INSERT AverageLatency(us)=1820.23] [READ AverageLatency(us)=7710.48] 
2014-08-12 04:41:10:522 2400 sec: 22499560 operations; 7158.98 current ops/sec; [INSERT AverageLatency(us)=1877.15] [READ AverageLatency(us)=8029.94] 
2014-08-12 04:41:20:522 2410 sec: 22614138 operations; 11457.8 current ops/sec; [INSERT AverageLatency(us)=1306.33] [READ AverageLatency(us)=10957.4] 
2014-08-12 04:41:30:523 2420 sec: 22682848 operations; 6870.31 current ops/sec; [INSERT AverageLatency(us)=2116.6] [READ AverageLatency(us)=7549.11] 
2014-08-12 04:41:40:523 2430 sec: 22795935 operations; 11308.7 current ops/sec; [INSERT AverageLatency(us)=420.93] [READ AverageLatency(us)=11442.62] 
2014-08-12 04:41:50:524 2440 sec: 22887131 operations; 9118.69 current ops/sec; [INSERT AverageLatency(us)=1624.27] [READ AverageLatency(us)=9770.38] 
2014-08-12 04:42:00:524 2450 sec: 22979428 operations; 9229.7 current ops/sec; [INSERT AverageLatency(us)=1170.61] [READ AverageLatency(us)=9563.81] 
2014-08-12 04:42:10:525 2460 sec: 23058605 operations; 7916.91 current ops/sec; [INSERT AverageLatency(us)=2319.99] [READ AverageLatency(us)=6502.04] 
2014-08-12 04:42:20:525 2470 sec: 23168121 operations; 10951.6 current ops/sec; [INSERT AverageLatency(us)=801.89] [READ AverageLatency(us)=8296.31] 
2014-08-12 04:42:30:526 2480 sec: 23261915 operations; 9378.46 current ops/sec; [INSERT AverageLatency(us)=1075.94] [READ AverageLatency(us)=7573.02] 
2014-08-12 04:42:40:526 2490 sec: 23355577 operations; 9366.2 current ops/sec; [INSERT AverageLatency(us)=1524.16] [READ AverageLatency(us)=7154.13] 
2014-08-12 04:42:50:527 2500 sec: 23450647 operations; 9506.05 current ops/sec; [INSERT AverageLatency(us)=2044.84] [READ AverageLatency(us)=9181.19] 
2014-08-12 04:43:00:527 2510 sec: 23535003 operations; 8435.6 current ops/sec; [INSERT AverageLatency(us)=1497.43] [READ AverageLatency(us)=7664.23] 
2014-08-12 04:43:10:528 2520 sec: 23555401 operations; 2039.6 current ops/sec; [INSERT AverageLatency(us)=5259.02] [READ AverageLatency(us)=75514.7] 
2014-08-12 04:43:20:528 2530 sec: 23730204 operations; 17480.3 current ops/sec; [INSERT AverageLatency(us)=40.9] [READ AverageLatency(us)=11040.09] 
2014-08-12 04:43:30:529 2540 sec: 23825235 operations; 9502.15 current ops/sec; [INSERT AverageLatency(us)=367.64] [READ AverageLatency(us)=8714.66] 
2014-08-12 04:43:40:529 2550 sec: 23920114 operations; 9487.9 current ops/sec; [INSERT AverageLatency(us)=1921.01] [READ AverageLatency(us)=9893.84] 
2014-08-12 04:43:50:530 2560 sec: 23997915 operations; 7779.32 current ops/sec; [INSERT AverageLatency(us)=2289.34] [READ AverageLatency(us)=7090.83] 
2014-08-12 04:44:00:530 2570 sec: 24096810 operations; 9889.5 current ops/sec; [INSERT AverageLatency(us)=873.57] [READ AverageLatency(us)=9449.69] 
2014-08-12 04:44:10:531 2580 sec: 24198800 operations; 10197.98 current ops/sec; [INSERT AverageLatency(us)=1517.9] [READ AverageLatency(us)=9107.2] 
2014-08-12 04:44:20:531 2590 sec: 24280911 operations; 8211.1 current ops/sec; [INSERT AverageLatency(us)=1480.2] [READ AverageLatency(us)=9081.16] 
2014-08-12 04:44:30:532 2600 sec: 24363021 operations; 8211 current ops/sec; [INSERT AverageLatency(us)=1731.35] [READ AverageLatency(us)=6764.6] 
2014-08-12 04:44:40:532 2610 sec: 24477657 operations; 11462.45 current ops/sec; [INSERT AverageLatency(us)=506.93] [READ AverageLatency(us)=12501.8] 
2014-08-12 04:44:50:532 2620 sec: 24555796 operations; 7813.9 current ops/sec; [INSERT AverageLatency(us)=1905.93] [READ AverageLatency(us)=9558.02] 
2014-08-12 04:45:00:533 2630 sec: 24643457 operations; 8765.22 current ops/sec; [INSERT AverageLatency(us)=1020.2] [READ AverageLatency(us)=6970.67] 
2014-08-12 04:45:10:533 2640 sec: 24715930 operations; 7247.3 current ops/sec; [UPDATE AverageLatency(us)=19639751] [INSERT AverageLatency(us)=2282.41] [READ AverageLatency(us)=8730.33] [CLEANUP AverageLatency(us)=19639931] 
2014-08-12 04:45:20:534 2650 sec: 24795203 operations; 7926.51 current ops/sec; [UPDATE AverageLatency(us)=19798064.5] [INSERT AverageLatency(us)=990.99] [READ AverageLatency(us)=7525.9] [CLEANUP AverageLatency(us)=19798491] 
2014-08-12 04:45:30:535 2660 sec: 24860836 operations; 6562.64 current ops/sec; [UPDATE AverageLatency(us)=15930692.5] [INSERT AverageLatency(us)=1152.05] [READ AverageLatency(us)=7881.82] [CLEANUP AverageLatency(us)=15930704] 
2014-08-12 04:45:40:535 2670 sec: 24911363 operations; 5052.7 current ops/sec; [UPDATE AverageLatency(us)=10221508.4] [INSERT AverageLatency(us)=1041.93] [READ AverageLatency(us)=6866.83] [CLEANUP AverageLatency(us)=10221516] 
2014-08-12 04:45:50:536 2680 sec: 24983600 operations; 7222.98 current ops/sec; [UPDATE AverageLatency(us)=5611504.4] [INSERT AverageLatency(us)=523.86] [READ AverageLatency(us)=7172.19] [CLEANUP AverageLatency(us)=5611513] 
2014-08-12 04:45:58:227 2688 sec: 25000000 operations; 2132.36 current ops/sec; [UPDATE AverageLatency(us)=675769.8] [INSERT AverageLatency(us)=10.64] [READ AverageLatency(us)=5312.18] [CLEANUP AverageLatency(us)=675776.6] 
+ echo 'end time:'
end time:
++ date +%s
+ echo 1407843958
1407843958
+ echo 'sleeping for 10 sec ...'
sleeping for 10 sec ...
+ sleep 10
+ false
+ false
+ let counter=1+1
+ read line
+ set +x
