threshold: 700.0
threshold: 100.0
----------------------------------------------------------
selfdapql AM_FILE_POINTER in begining: 0
selfdapql filelengh: 226784
log_evicted_initial: 0
log_evicted_last: 5
log_evicted_count: 5
storeFileSize: 2.2080727E-5
selfdapql AM_FILE_POINTER in end: 226784
selfdapql RS_FILE_POINTER in begining: 0
selfdapql rs_filelengh: 258935
selfdapql blocking update blocking_updates_count: 0
selfdapql blocking update avg total_blocking_time: 0.0
selfdapql RS_FILE_POINTER in end: 258935
selfdapql DN_FILE_POINTER in begining: 0
selfdapql dn_filelength: 62762
selfdapql total operation time: 5255.0
selfdapql total # operations: 27
selfdapql dfs avg read time: 194.62962
selfdapql DN_FILE_POINTER in end: 62762
selfdapql newBlockCacheSize: 0.45000002
selfdapql newMemstoreSize: 0.35
threshold: 700.0
threshold: 100.0
----------------------------------------------------------
selfdapql AM_FILE_POINTER in begining: 226784
selfdapql filelengh: 447637
log_evicted_initial: 5
log_evicted_last: 7
log_evicted_count: 2
storeFileSize: 2.2080727E-5
selfdapql AM_FILE_POINTER in end: 447637
selfdapql RS_FILE_POINTER in begining: 258935
selfdapql rs_filelengh: 264042
selfdapql blocking update blocking_updates_count: 0
selfdapql blocking update avg total_blocking_time: 0.0
selfdapql RS_FILE_POINTER in end: 264042
selfdapql DN_FILE_POINTER in begining: 62762
selfdapql dn_filelength: 114264
selfdapql total operation time: 3.0
selfdapql total # operations: 2
selfdapql dfs avg read time: 1.5
selfdapql DN_FILE_POINTER in end: 114264
selfdapql newBlockCacheSize: 0.5
selfdapql newMemstoreSize: 0.29999998
threshold: 700.0
threshold: 100.0
----------------------------------------------------------
selfdapql AM_FILE_POINTER in begining: 447637
selfdapql filelengh: 668267
log_evicted_initial: 7
log_evicted_last: 7
log_evicted_count: 0
storeFileSize: 2.2080727E-5
selfdapql AM_FILE_POINTER in end: 668267
selfdapql RS_FILE_POINTER in begining: 264042
selfdapql rs_filelengh: 264257
selfdapql blocking update blocking_updates_count: 0
selfdapql blocking update avg total_blocking_time: 0.0
selfdapql RS_FILE_POINTER in end: 264257
selfdapql DN_FILE_POINTER in begining: 114264
selfdapql dn_filelength: 165857
selfdapql total operation time: 0.0
selfdapql total # operations: 0
selfdapql dfs avg read time: 0.0
selfdapql DN_FILE_POINTER in end: 165857
threshold: 700.0
threshold: 100.0
----------------------------------------------------------
selfdapql AM_FILE_POINTER in begining: 668267
selfdapql filelengh: 888741
log_evicted_initial: 7
log_evicted_last: 7
log_evicted_count: 0
storeFileSize: 2.2080727E-5
selfdapql AM_FILE_POINTER in end: 888741
selfdapql RS_FILE_POINTER in begining: 264257
selfdapql rs_filelengh: 269149
selfdapql blocking update blocking_updates_count: 0
selfdapql blocking update avg total_blocking_time: 0.0
selfdapql RS_FILE_POINTER in end: 269149
selfdapql DN_FILE_POINTER in begining: 165857
selfdapql dn_filelength: 217578
selfdapql total operation time: 4.0
selfdapql total # operations: 2
selfdapql dfs avg read time: 2.0
selfdapql DN_FILE_POINTER in end: 217578
threshold: 700.0
threshold: 100.0
----------------------------------------------------------
selfdapql AM_FILE_POINTER in begining: 888741
selfdapql filelengh: 1109265
log_evicted_initial: 7
log_evicted_last: 7
log_evicted_count: 0
storeFileSize: 2.2080727E-5
selfdapql AM_FILE_POINTER in end: 1109265
selfdapql RS_FILE_POINTER in begining: 269149
selfdapql rs_filelengh: 269432
selfdapql blocking update blocking_updates_count: 0
selfdapql blocking update avg total_blocking_time: 0.0
selfdapql RS_FILE_POINTER in end: 269432
selfdapql DN_FILE_POINTER in begining: 217578
selfdapql dn_filelength: 269312
selfdapql total operation time: 0.0
selfdapql total # operations: 0
selfdapql dfs avg read time: 0.0
selfdapql DN_FILE_POINTER in end: 269312
threshold: 700.0
threshold: 100.0
----------------------------------------------------------
selfdapql AM_FILE_POINTER in begining: 1109265
selfdapql filelengh: 1329059
log_evicted_initial: 7
log_evicted_last: 7
log_evicted_count: 0
storeFileSize: 2.2080727E-5
selfdapql AM_FILE_POINTER in end: 1329059
selfdapql RS_FILE_POINTER in begining: 269432
selfdapql rs_filelengh: 274041
selfdapql blocking update blocking_updates_count: 0
selfdapql blocking update avg total_blocking_time: 0.0
selfdapql RS_FILE_POINTER in end: 274041
selfdapql DN_FILE_POINTER in begining: 269312
selfdapql dn_filelength: 320975
selfdapql total operation time: 0.0
selfdapql total # operations: 0
selfdapql dfs avg read time: 0.0
selfdapql DN_FILE_POINTER in end: 320975
threshold: 700.0
threshold: 100.0
----------------------------------------------------------
selfdapql AM_FILE_POINTER in begining: 1329059
selfdapql filelengh: 1548938
log_evicted_initial: 7
log_evicted_last: 7
log_evicted_count: 0
storeFileSize: 2.2080727E-5
selfdapql AM_FILE_POINTER in end: 1548938
selfdapql RS_FILE_POINTER in begining: 274041
selfdapql rs_filelengh: 278933
selfdapql blocking update blocking_updates_count: 0
selfdapql blocking update avg total_blocking_time: 0.0
selfdapql RS_FILE_POINTER in end: 278933
selfdapql DN_FILE_POINTER in begining: 320975
selfdapql dn_filelength: 372675
selfdapql total operation time: 4.0
selfdapql total # operations: 2
selfdapql dfs avg read time: 2.0
selfdapql DN_FILE_POINTER in end: 372675
threshold: 700.0
threshold: 100.0
----------------------------------------------------------
selfdapql AM_FILE_POINTER in begining: 1548938
selfdapql filelengh: 1768911
log_evicted_initial: 7
log_evicted_last: 7
log_evicted_count: 0
storeFileSize: 2.2080727E-5
selfdapql AM_FILE_POINTER in end: 1768911
selfdapql RS_FILE_POINTER in begining: 278933
selfdapql rs_filelengh: 278933
selfdapql blocking update blocking_updates_count: 0
selfdapql blocking update avg total_blocking_time: 0.0
selfdapql RS_FILE_POINTER in end: 278933
selfdapql DN_FILE_POINTER in begining: 372675
selfdapql dn_filelength: 424462
selfdapql total operation time: 0.0
selfdapql total # operations: 0
selfdapql dfs avg read time: 0.0
selfdapql DN_FILE_POINTER in end: 424462
threshold: 700.0
threshold: 100.0
----------------------------------------------------------
selfdapql AM_FILE_POINTER in begining: 1768911
selfdapql filelengh: 1989468
log_evicted_initial: 7
log_evicted_last: 7
log_evicted_count: 0
storeFileSize: 2.2080727E-5
selfdapql AM_FILE_POINTER in end: 1989468
selfdapql RS_FILE_POINTER in begining: 278933
selfdapql rs_filelengh: 283829
selfdapql blocking update blocking_updates_count: 0
selfdapql blocking update avg total_blocking_time: 0.0
selfdapql RS_FILE_POINTER in end: 283829
selfdapql DN_FILE_POINTER in begining: 424462
selfdapql dn_filelength: 476223
selfdapql total operation time: 5.0
selfdapql total # operations: 2
selfdapql dfs avg read time: 2.5
selfdapql DN_FILE_POINTER in end: 476223
threshold: 700.0
threshold: 100.0
----------------------------------------------------------
selfdapql AM_FILE_POINTER in begining: 1989468
selfdapql filelengh: 2210387
log_evicted_initial: 7
log_evicted_last: 7
log_evicted_count: 0
storeFileSize: 2.2080727E-5
selfdapql AM_FILE_POINTER in end: 2210387
selfdapql RS_FILE_POINTER in begining: 283829
selfdapql rs_filelengh: 284112
selfdapql blocking update blocking_updates_count: 0
selfdapql blocking update avg total_blocking_time: 0.0
selfdapql RS_FILE_POINTER in end: 284112
selfdapql DN_FILE_POINTER in begining: 476223
selfdapql dn_filelength: 528020
selfdapql total operation time: 0.0
selfdapql total # operations: 0
selfdapql dfs avg read time: 0.0
selfdapql DN_FILE_POINTER in end: 528020
