memstore flush threshold: 40.0
----------------------------------------------------------
selfdapql AM_FILE_POINTER in begining: 0
selfdapql filelengh: 403800
log_evicted_initial: 0
log_evicted_last: 0
log_evicted_count: 0
storeFileSize: 0.22809961
selfdapql AM_FILE_POINTER in end: 403800
selfdapql RS_FILE_POINTER in begining: 0
selfdapql rs_filelengh: 416559
selfdapql blocking update blocking_updates_count: 0
selfdapql blocking update avg total_blocking_time: 0.0
selfdapql RS_FILE_POINTER in end: 416559
selfdapql DN_FILE_POINTER in begining: 0
selfdapql dn_filelength: 83208
selfdapql total operation time: 22595.0
selfdapql total # operations: 649
selfdapql dfs avg read time: 34.8151
selfdapql DN_FILE_POINTER in end: 83208
memstore flush threshold: 40.0
----------------------------------------------------------
selfdapql AM_FILE_POINTER in begining: 403800
selfdapql filelengh: 1000533
log_evicted_initial: 0
log_evicted_last: 0
log_evicted_count: 0
storeFileSize: 1.6966829
selfdapql AM_FILE_POINTER in end: 1000533
selfdapql RS_FILE_POINTER in begining: 416559
selfdapql rs_filelengh: 1196566
selfdapql blocking update blocking_updates_count: 80
selfdapql blocking update avg total_blocking_time: 28638.6
selfdapql RS_FILE_POINTER in end: 1196566
selfdapql DN_FILE_POINTER in begining: 83208
selfdapql dn_filelength: 127053
selfdapql total operation time: 81065.0
selfdapql total # operations: 4663
selfdapql dfs avg read time: 17.384731
selfdapql DN_FILE_POINTER in end: 127053
selfdapql newBlockCacheSize: 0.35
selfdapql newMemstoreSize: 0.45000002
memstore flush threshold: 40.0
----------------------------------------------------------
selfdapql AM_FILE_POINTER in begining: 1000533
selfdapql filelengh: 1598343
log_evicted_initial: 0
log_evicted_last: 0
log_evicted_count: 0
storeFileSize: 3.6029246
selfdapql AM_FILE_POINTER in end: 1598343
selfdapql RS_FILE_POINTER in begining: 1196566
selfdapql rs_filelengh: 5039620
selfdapql blocking update blocking_updates_count: 199
selfdapql blocking update avg total_blocking_time: 11905.859
selfdapql RS_FILE_POINTER in end: 5039620
selfdapql DN_FILE_POINTER in begining: 127053
selfdapql dn_filelength: 182702
selfdapql total operation time: 423706.0
selfdapql total # operations: 9813
selfdapql dfs avg read time: 43.17803
selfdapql DN_FILE_POINTER in end: 182702
selfdapql newBlockCacheSize: 0.29999998
selfdapql newMemstoreSize: 0.5
memstore flush threshold: 40.0
----------------------------------------------------------
selfdapql AM_FILE_POINTER in begining: 1598343
selfdapql filelengh: 2197194
log_evicted_initial: 1910
log_evicted_last: 4570
log_evicted_count: 2660
storeFileSize: 5.2062583
selfdapql AM_FILE_POINTER in end: 2197194
selfdapql RS_FILE_POINTER in begining: 5039620
selfdapql rs_filelengh: 10602845
selfdapql blocking update blocking_updates_count: 120
selfdapql blocking update avg total_blocking_time: 19347.824
selfdapql RS_FILE_POINTER in end: 10602845
selfdapql DN_FILE_POINTER in begining: 182702
selfdapql dn_filelength: 235497
selfdapql total operation time: 680341.0
selfdapql total # operations: 10417
selfdapql dfs avg read time: 65.310646
selfdapql DN_FILE_POINTER in end: 235497
selfdapql newBlockCacheSize: 0.24999999
selfdapql newMemstoreSize: 0.55
memstore flush threshold: 40.0
----------------------------------------------------------
selfdapql AM_FILE_POINTER in begining: 2197194
selfdapql filelengh: 2796536
log_evicted_initial: 4570
log_evicted_last: 7909
log_evicted_count: 3339
storeFileSize: 7.017838
selfdapql AM_FILE_POINTER in end: 2796536
selfdapql RS_FILE_POINTER in begining: 10602845
selfdapql rs_filelengh: 16385307
selfdapql blocking update blocking_updates_count: 60
selfdapql blocking update avg total_blocking_time: 40679.5
selfdapql RS_FILE_POINTER in end: 16385307
selfdapql DN_FILE_POINTER in begining: 235497
selfdapql dn_filelength: 288476
selfdapql total operation time: 1004190.0
selfdapql total # operations: 12130
selfdapql dfs avg read time: 82.78565
selfdapql DN_FILE_POINTER in end: 288476
selfdapql newBlockCacheSize: 0.19999999
selfdapql newMemstoreSize: 0.6
memstore flush threshold: 40.0
----------------------------------------------------------
selfdapql AM_FILE_POINTER in begining: 2796536
selfdapql filelengh: 3396324
log_evicted_initial: 7909
log_evicted_last: 12600
log_evicted_count: 4691
storeFileSize: 8.15123
selfdapql AM_FILE_POINTER in end: 3396324
selfdapql RS_FILE_POINTER in begining: 16385307
selfdapql rs_filelengh: 20571475
selfdapql blocking update blocking_updates_count: 80
selfdapql blocking update avg total_blocking_time: 16377.838
selfdapql RS_FILE_POINTER in end: 20571475
selfdapql DN_FILE_POINTER in begining: 288476
selfdapql dn_filelength: 341482
selfdapql total operation time: 823848.0
selfdapql total # operations: 8927
selfdapql dfs avg read time: 92.28722
selfdapql DN_FILE_POINTER in end: 341482
selfdapql newBlockCacheSize: 0.14999999
selfdapql newMemstoreSize: 0.65000004
memstore flush threshold: 40.0
----------------------------------------------------------
selfdapql AM_FILE_POINTER in begining: 3396324
selfdapql filelengh: 3996331
log_evicted_initial: 12600
log_evicted_last: 34317
log_evicted_count: 21717
storeFileSize: 9.591782
selfdapql AM_FILE_POINTER in end: 3996331
selfdapql RS_FILE_POINTER in begining: 20571475
selfdapql rs_filelengh: 25896109
selfdapql blocking update blocking_updates_count: 80
selfdapql blocking update avg total_blocking_time: 25574.574
selfdapql RS_FILE_POINTER in end: 25896109
selfdapql DN_FILE_POINTER in begining: 341482
selfdapql dn_filelength: 400357
selfdapql total operation time: 1158962.0
selfdapql total # operations: 10384
selfdapql dfs avg read time: 111.61036
selfdapql DN_FILE_POINTER in end: 400357
selfdapql newBlockCacheSize: 0.099999994
selfdapql newMemstoreSize: 0.70000005
memstore flush threshold: 40.0
----------------------------------------------------------
selfdapql AM_FILE_POINTER in begining: 3996331
selfdapql filelengh: 4663104
log_evicted_initial: 34317
log_evicted_last: 49267
log_evicted_count: 14950
storeFileSize: 10.530784
selfdapql AM_FILE_POINTER in end: 4663104
selfdapql RS_FILE_POINTER in begining: 25896109
selfdapql rs_filelengh: 30422524
selfdapql blocking update blocking_updates_count: 99
selfdapql blocking update avg total_blocking_time: 14869.728
selfdapql RS_FILE_POINTER in end: 30422524
selfdapql DN_FILE_POINTER in begining: 400357
selfdapql dn_filelength: 456263
selfdapql total operation time: 1456431.0
selfdapql total # operations: 10853
selfdapql dfs avg read time: 134.19617
selfdapql DN_FILE_POINTER in end: 456263
selfdapql newBlockCacheSize: 0.049999993
selfdapql newMemstoreSize: 0.75000006
memstore flush threshold: 40.0
----------------------------------------------------------
selfdapql AM_FILE_POINTER in begining: 4663104
selfdapql filelengh: 5163111
log_evicted_initial: 50811
log_evicted_last: 70016
log_evicted_count: 19205
storeFileSize: 11.931876
selfdapql AM_FILE_POINTER in end: 5163111
selfdapql RS_FILE_POINTER in begining: 30422524
selfdapql rs_filelengh: 35047127
selfdapql blocking update blocking_updates_count: 114
selfdapql blocking update avg total_blocking_time: 10988.359
selfdapql RS_FILE_POINTER in end: 35047127
selfdapql DN_FILE_POINTER in begining: 456263
selfdapql dn_filelength: 509300
selfdapql total operation time: 760915.0
selfdapql total # operations: 9583
selfdapql dfs avg read time: 79.40259
selfdapql DN_FILE_POINTER in end: 509300
selfdapql newBlockCacheSize: 0.0
selfdapql newMemstoreSize: 0.8
memstore flush threshold: 40.0
----------------------------------------------------------
selfdapql AM_FILE_POINTER in begining: 5163111
selfdapql filelengh: 5796735
log_evicted_initial: 71178
log_evicted_last: 187320
log_evicted_count: 116142
storeFileSize: 13.361951
selfdapql AM_FILE_POINTER in end: 5796735
selfdapql RS_FILE_POINTER in begining: 35047127
selfdapql rs_filelengh: 55140640
selfdapql blocking update blocking_updates_count: 46
selfdapql blocking update avg total_blocking_time: 44247.324
selfdapql RS_FILE_POINTER in end: 55140640
selfdapql DN_FILE_POINTER in begining: 509300
selfdapql dn_filelength: 577091
selfdapql total operation time: 1991861.0
selfdapql total # operations: 154904
selfdapql dfs avg read time: 12.85868
selfdapql DN_FILE_POINTER in end: 577091
selfdapql newBlockCacheSize: 0.0
selfdapql newMemstoreSize: 0.8
memstore flush threshold: 40.0
----------------------------------------------------------
selfdapql AM_FILE_POINTER in begining: 5796735
selfdapql filelengh: 6497329
log_evicted_initial: 197597
log_evicted_last: 327599
log_evicted_count: 130002
storeFileSize: 14.7891865
selfdapql AM_FILE_POINTER in end: 6497329
selfdapql RS_FILE_POINTER in begining: 55140640
selfdapql rs_filelengh: 76989445
