++ ls caseresult/ -ltr
++ wc -l
+ filename=case184
+ mkdir caseresult/case184
+ ssh hadoop@master mkdir /home/hadoop/git/physical_design/caseresult/case184
+ RESULT_DIR=/home/hadoop/git/physical_design/caseresult/case184
+ TEN=10
+ SIXTY=60
+ SLEEP_TIME=300
+ YCSB_DIR=/home/hadoop/ycsb-0.1.4
+ number_of_operations=50000000
+ number_of_threads=20
+ number_of_records=50000000
+ output_file_suffix=.dat
+ experiment_list_file=/home/hadoop/git/physical_design/case184.list
+ clean=false
+ create=false
+ load=false
+ random_read=false
+ workloada=false
+ workloadb=false
+ workloadc=false
+ scan=false
+ all=false
+ for i in '$@'
+ '[' clean == all ']'
+ '[' clean == clean ']'
+ clean=true
+ for i in '$@'
+ '[' create == all ']'
+ '[' create == clean ']'
+ '[' create == create ']'
+ create=true
+ for i in '$@'
+ '[' workloada == all ']'
+ '[' workloada == clean ']'
+ '[' workloada == create ']'
+ '[' workloada == load ']'
+ '[' workloada == random_read ']'
+ '[' workloada == scan ']'
+ '[' workloada == workloada ']'
+ workloada=true
+ let counter=1
+ cd /home/hadoop/ycsb-0.1.4
++ pwd
+ echo /home/hadoop/ycsb-0.1.4
/home/hadoop/ycsb-0.1.4
+ read line
+ false
+ true
+ echo 'sleeping for 60 ...'
sleeping for 60 ...
+ sleep 60
+ echo 'droping usertable...'
droping usertable...
+ ssh hadoop@master /home/hadoop/hbase/bin/hbase shell /home/hadoop/git/physical_design/delete_table
0 row(s) in 2.8050 seconds

0 row(s) in 2.3800 seconds

0 row(s) in 0.0730 seconds

+ echo 'sleeping for 300 ...'
sleeping for 300 ...
+ sleep 300
+ false
+ true
+ echo 'creating usertable...'
creating usertable...
+ create_statement='create '\''usertable'\'', { NAME=>'\''family'\'', COMPRESSION=>'\''GZ'\''}, SPLITS => ['\''user1'\'', '\''user2'\'', '\''user3'\'', '\''user4'\'', '\''user5'\'', '\''user6'\'', '\''user7'\'', '\''user8'\'', '\''user9'\'']'
+ echo create ''\''usertable'\'',' '{' 'NAME=>'\''family'\'',' 'COMPRESSION=>'\''GZ'\''},' SPLITS '=>' '['\''user1'\'',' ''\''user2'\'',' ''\''user3'\'',' ''\''user4'\'',' ''\''user5'\'',' ''\''user6'\'',' ''\''user7'\'',' ''\''user8'\'',' ''\''user9'\'']'
+ echo 'exit '
+ scp /home/hadoop/git/physical_design/caseresult/case184/create_1.script hadoop@master:/home/hadoop/git/physical_design/caseresult/case184/create_1.script
+ create_table /home/hadoop/git/physical_design/caseresult/case184/create_1.script
+ echo 'creating table...'
creating table...
+ echo /home/hadoop/git/physical_design/caseresult/case184/create_1.script
/home/hadoop/git/physical_design/caseresult/case184/create_1.script
+ ssh hadoop@master /home/hadoop/hbase/bin/hbase shell /home/hadoop/git/physical_design/caseresult/case184/create_1.script
0 row(s) in 1.7720 seconds

+ echo 'sleeping for 10 sec ...'
sleeping for 10 sec ...
+ sleep 10
+ false
+ false
+ false
+ false
+ false
+ true
+ echo workloada...
workloada...
+ echo 'start time: '
start time: 
++ date +%s
+ echo 1405907554
1405907554
++ echo /home/hadoop/git/physical_design/caseresult/case184/workloada_1.dat
+ ./workloada 50000000 20 /home/hadoop/git/physical_design/caseresult/case184/workloada_1.dat
Loading workload...
Starting test.
2014-07-20 18:52:34:982 0 sec: 0 operations; 
14/07/20 18:52:35 INFO zookeeper.ZooKeeper: Client environment:zookeeper.version=3.4.6-1569965, built on 02/20/2014 09:09 GMT
14/07/20 18:52:35 INFO zookeeper.ZooKeeper: Client environment:host.name=sceplus-vm43.almaden.ibm.com
14/07/20 18:52:35 INFO zookeeper.ZooKeeper: Client environment:java.version=1.6.0_31
14/07/20 18:52:35 INFO zookeeper.ZooKeeper: Client environment:java.vendor=Sun Microsystems Inc.
14/07/20 18:52:35 INFO zookeeper.ZooKeeper: Client environment:java.home=/usr/lib/jvm/java-6-openjdk-amd64/jre
14/07/20 18:52:35 INFO zookeeper.ZooKeeper: Client environment:java.class.path=/home/hadoop/ycsb-0.1.4/hbase-binding/lib/hbase-binding-0.1.4.jar:/home/hadoop/ycsb-0.1.4/hbase-binding/conf:/home/hadoop/ycsb-0.1.4/core/lib/core-0.1.4.jar:/home/hadoop/ycsb-0.1.4/jdbc-binding/conf
14/07/20 18:52:35 INFO zookeeper.ZooKeeper: Client environment:java.library.path=/usr/lib/jvm/java-6-openjdk-amd64/jre/lib/amd64/server:/usr/lib/jvm/java-6-openjdk-amd64/jre/lib/amd64:/usr/lib/jvm/java-6-openjdk-amd64/jre/../lib/amd64:/usr/java/packages/lib/amd64:/usr/lib/jni:/lib:/usr/lib
14/07/20 18:52:35 INFO zookeeper.ZooKeeper: Client environment:java.io.tmpdir=/tmp
14/07/20 18:52:35 INFO zookeeper.ZooKeeper: Client environment:java.compiler=<NA>
14/07/20 18:52:35 INFO zookeeper.ZooKeeper: Client environment:os.name=Linux
14/07/20 18:52:35 INFO zookeeper.ZooKeeper: Client environment:os.arch=amd64
14/07/20 18:52:35 INFO zookeeper.ZooKeeper: Client environment:os.version=3.13.0-24-generic
14/07/20 18:52:35 INFO zookeeper.ZooKeeper: Client environment:user.name=hadoop
14/07/20 18:52:35 INFO zookeeper.ZooKeeper: Client environment:user.home=/home/hadoop
14/07/20 18:52:35 INFO zookeeper.ZooKeeper: Client environment:user.dir=/home/hadoop/ycsb-0.1.4
14/07/20 18:52:35 INFO zookeeper.ZooKeeper: Initiating client connection, connectString=sceplus-vm49.almaden.ibm.com:2181,sceplus-vm48.almaden.ibm.com:2181 sessionTimeout=90000 watcher=hconnection-0xfaaf84c, quorum=sceplus-vm49.almaden.ibm.com:2181,sceplus-vm48.almaden.ibm.com:2181, baseZNode=/hbase
14/07/20 18:52:35 INFO zookeeper.RecoverableZooKeeper: Process identifier=hconnection-0xfaaf84c connecting to ZooKeeper ensemble=sceplus-vm49.almaden.ibm.com:2181,sceplus-vm48.almaden.ibm.com:2181
14/07/20 18:52:35 INFO zookeeper.ClientCnxn: Opening socket connection to server slave1/9.1.143.59:2181. Will not attempt to authenticate using SASL (unknown error)
14/07/20 18:52:35 INFO zookeeper.ClientCnxn: Socket connection established to slave1/9.1.143.59:2181, initiating session
14/07/20 18:52:35 INFO zookeeper.ClientCnxn: Session establishment complete on server slave1/9.1.143.59:2181, sessionid = 0x147584b095b000b, negotiated timeout = 90000
2014-07-20 18:52:44:983 10 sec: 5863 operations; 586.24 current ops/sec; [INSERT AverageLatency(us)=4849.65] [READ AverageLatency(us)=13603.78] 
2014-07-20 18:52:54:984 20 sec: 13333 operations; 746.93 current ops/sec; [INSERT AverageLatency(us)=70.22] [READ AverageLatency(us)=8813.68] 
2014-07-20 18:53:04:985 30 sec: 23473 operations; 1013.9 current ops/sec; [INSERT AverageLatency(us)=25.29] [READ AverageLatency(us)=7527.12] 
2014-07-20 18:53:14:985 40 sec: 40481 operations; 1700.8 current ops/sec; [INSERT AverageLatency(us)=46.17] [READ AverageLatency(us)=7232.89] 
2014-07-20 18:53:24:985 50 sec: 66456 operations; 2597.5 current ops/sec; [INSERT AverageLatency(us)=22.43] [READ AverageLatency(us)=4643.1] 
2014-07-20 18:53:34:986 60 sec: 113796 operations; 4733.53 current ops/sec; [INSERT AverageLatency(us)=24.02] [READ AverageLatency(us)=2854.77] 
2014-07-20 18:53:44:986 70 sec: 188068 operations; 7427.2 current ops/sec; [INSERT AverageLatency(us)=20.29] [READ AverageLatency(us)=1987.81] 
2014-07-20 18:53:54:987 80 sec: 327355 operations; 13927.31 current ops/sec; [INSERT AverageLatency(us)=17.58] [READ AverageLatency(us)=1233.05] 
2014-07-20 18:54:04:987 90 sec: 495181 operations; 16782.6 current ops/sec; [INSERT AverageLatency(us)=15.6] [READ AverageLatency(us)=1091.91] 
2014-07-20 18:54:14:988 100 sec: 676284 operations; 18108.49 current ops/sec; [INSERT AverageLatency(us)=15.73] [READ AverageLatency(us)=1054.14] 
2014-07-20 18:54:24:988 110 sec: 866541 operations; 19025.7 current ops/sec; [INSERT AverageLatency(us)=14.2] [READ AverageLatency(us)=1045.02] 
2014-07-20 18:54:34:989 120 sec: 982669 operations; 11611.64 current ops/sec; [INSERT AverageLatency(us)=32.24] [READ AverageLatency(us)=1806.96] 
2014-07-20 18:54:44:989 130 sec: 1174997 operations; 19232.8 current ops/sec; [INSERT AverageLatency(us)=12.92] [READ AverageLatency(us)=1067.72] 
2014-07-20 18:54:54:990 140 sec: 1366965 operations; 19194.88 current ops/sec; [INSERT AverageLatency(us)=12.92] [READ AverageLatency(us)=1077.91] 
2014-07-20 18:55:04:990 150 sec: 1553937 operations; 18697.2 current ops/sec; [INSERT AverageLatency(us)=12.42] [READ AverageLatency(us)=1115.06] 
2014-07-20 18:55:14:991 160 sec: 1758977 operations; 20501.95 current ops/sec; [INSERT AverageLatency(us)=12.94] [READ AverageLatency(us)=1024.68] 
2014-07-20 18:55:24:991 170 sec: 1911324 operations; 15234.7 current ops/sec; [INSERT AverageLatency(us)=21.23] [READ AverageLatency(us)=1404.9] 
2014-07-20 18:55:34:992 180 sec: 2089175 operations; 17783.32 current ops/sec; [INSERT AverageLatency(us)=11.71] [READ AverageLatency(us)=1202.72] 
2014-07-20 18:55:44:992 190 sec: 2283129 operations; 19395.4 current ops/sec; [INSERT AverageLatency(us)=16.14] [READ AverageLatency(us)=1096.72] 
2014-07-20 18:55:54:993 200 sec: 2482241 operations; 19909.21 current ops/sec; [INSERT AverageLatency(us)=12] [READ AverageLatency(us)=1077.32] 
2014-07-20 18:56:04:993 210 sec: 2684057 operations; 20181.6 current ops/sec; [INSERT AverageLatency(us)=11.94] [READ AverageLatency(us)=1062.44] 
2014-07-20 18:56:14:994 220 sec: 2844863 operations; 16078.99 current ops/sec; [INSERT AverageLatency(us)=15.9] [READ AverageLatency(us)=1345.78] 
2014-07-20 18:56:24:994 230 sec: 3035566 operations; 19070.3 current ops/sec; [INSERT AverageLatency(us)=12.18] [READ AverageLatency(us)=1131.3] 
2014-07-20 18:56:34:995 240 sec: 3237994 operations; 20240.78 current ops/sec; [INSERT AverageLatency(us)=11.89] [READ AverageLatency(us)=1064.9] 
2014-07-20 18:56:44:995 250 sec: 3443258 operations; 20526.4 current ops/sec; [INSERT AverageLatency(us)=12.2] [READ AverageLatency(us)=1052.08] 
2014-07-20 18:56:54:996 260 sec: 3649839 operations; 20656.03 current ops/sec; [INSERT AverageLatency(us)=11.79] [READ AverageLatency(us)=1047.3] 
2014-07-20 18:57:04:996 270 sec: 3807354 operations; 15751.5 current ops/sec; [INSERT AverageLatency(us)=16.7] [READ AverageLatency(us)=1382.39] 
2014-07-20 18:57:14:997 280 sec: 4016242 operations; 20886.71 current ops/sec; [INSERT AverageLatency(us)=12.01] [READ AverageLatency(us)=1038.28] 
2014-07-20 18:57:24:997 290 sec: 4224146 operations; 20790.4 current ops/sec; [INSERT AverageLatency(us)=12.04] [READ AverageLatency(us)=1044.8] 
2014-07-20 18:57:34:998 300 sec: 4435172 operations; 21100.49 current ops/sec; [INSERT AverageLatency(us)=12.48] [READ AverageLatency(us)=1029.45] 
2014-07-20 18:57:44:998 310 sec: 4641605 operations; 20643.3 current ops/sec; [INSERT AverageLatency(us)=12.31] [READ AverageLatency(us)=1049.22] 
2014-07-20 18:57:54:999 320 sec: 4792524 operations; 15090.39 current ops/sec; [INSERT AverageLatency(us)=16.96] [READ AverageLatency(us)=1451.97] 
2014-07-20 18:58:04:999 330 sec: 5000946 operations; 20842.2 current ops/sec; [INSERT AverageLatency(us)=12.18] [READ AverageLatency(us)=1041.38] 
2014-07-20 18:58:15:000 340 sec: 5211035 operations; 21006.8 current ops/sec; [INSERT AverageLatency(us)=11.96] [READ AverageLatency(us)=1040.1] 
2014-07-20 18:58:25:000 350 sec: 5416334 operations; 20529.9 current ops/sec; [INSERT AverageLatency(us)=11.87] [READ AverageLatency(us)=1061.14] 
2014-07-20 18:58:35:001 360 sec: 5614106 operations; 19775.22 current ops/sec; [INSERT AverageLatency(us)=12.98] [READ AverageLatency(us)=1102.33] 
2014-07-20 18:58:45:001 370 sec: 5790353 operations; 17624.7 current ops/sec; [INSERT AverageLatency(us)=14.76] [READ AverageLatency(us)=1242.52] 
2014-07-20 18:58:55:002 380 sec: 5999279 operations; 20892.6 current ops/sec; [INSERT AverageLatency(us)=12.9] [READ AverageLatency(us)=1043.65] 
2014-07-20 18:59:05:002 390 sec: 6212984 operations; 21368.36 current ops/sec; [INSERT AverageLatency(us)=12.79] [READ AverageLatency(us)=1019.82] 
2014-07-20 18:59:15:003 400 sec: 6427483 operations; 21449.9 current ops/sec; [INSERT AverageLatency(us)=11.91] [READ AverageLatency(us)=1021.1] 
2014-07-20 18:59:25:003 410 sec: 6589644 operations; 16214.48 current ops/sec; [INSERT AverageLatency(us)=15.58] [READ AverageLatency(us)=1352.51] 
2014-07-20 18:59:35:003 420 sec: 6787248 operations; 19760.4 current ops/sec; [INSERT AverageLatency(us)=14.81] [READ AverageLatency(us)=1111.17] 
2014-07-20 18:59:45:004 430 sec: 7004494 operations; 21722.43 current ops/sec; [INSERT AverageLatency(us)=12.84] [READ AverageLatency(us)=1007.69] 
2014-07-20 18:59:55:004 440 sec: 7216599 operations; 21210.5 current ops/sec; [INSERT AverageLatency(us)=12.28] [READ AverageLatency(us)=1030.57] 
2014-07-20 19:00:05:005 450 sec: 7435310 operations; 21868.91 current ops/sec; [INSERT AverageLatency(us)=12.34] [READ AverageLatency(us)=1005.72] 
2014-07-20 19:00:15:005 460 sec: 7597568 operations; 16225.8 current ops/sec; [INSERT AverageLatency(us)=15.61] [READ AverageLatency(us)=1356.27] 
2014-07-20 19:00:25:006 470 sec: 7811715 operations; 21412.56 current ops/sec; [INSERT AverageLatency(us)=12.3] [READ AverageLatency(us)=1024.76] 
2014-07-20 19:00:35:006 480 sec: 8022085 operations; 21037 current ops/sec; [INSERT AverageLatency(us)=12] [READ AverageLatency(us)=1044.54] 
2014-07-20 19:00:45:007 490 sec: 8234114 operations; 21200.78 current ops/sec; [INSERT AverageLatency(us)=12.3] [READ AverageLatency(us)=1034.36] 
2014-07-20 19:00:55:007 500 sec: 8420390 operations; 18627.6 current ops/sec; [INSERT AverageLatency(us)=13.67] [READ AverageLatency(us)=1175.79] 
2014-07-20 19:01:05:008 510 sec: 8554848 operations; 13444.46 current ops/sec; [INSERT AverageLatency(us)=14.97] [READ AverageLatency(us)=1643.35] 
2014-07-20 19:01:15:008 520 sec: 8721577 operations; 16672.9 current ops/sec; [INSERT AverageLatency(us)=11.84] [READ AverageLatency(us)=1319.49] 
2014-07-20 19:01:25:009 530 sec: 8925737 operations; 20413.96 current ops/sec; [INSERT AverageLatency(us)=12.86] [READ AverageLatency(us)=1075.16] 
2014-07-20 19:01:35:009 540 sec: 9134020 operations; 20828.3 current ops/sec; [INSERT AverageLatency(us)=12.77] [READ AverageLatency(us)=1054.98] 
2014-07-20 19:01:45:010 550 sec: 9318030 operations; 18399.16 current ops/sec; [INSERT AverageLatency(us)=12.51] [READ AverageLatency(us)=1191.02] 
2014-07-20 19:01:55:010 560 sec: 9463662 operations; 14563.2 current ops/sec; [INSERT AverageLatency(us)=14.84] [READ AverageLatency(us)=1518.76] 
2014-07-20 19:02:05:011 570 sec: 9669309 operations; 20562.64 current ops/sec; [INSERT AverageLatency(us)=13.4] [READ AverageLatency(us)=1067.84] 
2014-07-20 19:02:15:011 580 sec: 9876803 operations; 20749.4 current ops/sec; [INSERT AverageLatency(us)=11.79] [READ AverageLatency(us)=1058.92] 
2014-07-20 19:02:25:012 590 sec: 10087925 operations; 21110.09 current ops/sec; [INSERT AverageLatency(us)=12.09] [READ AverageLatency(us)=1040.63] 
2014-07-20 19:02:35:012 600 sec: 10278945 operations; 19102 current ops/sec; [INSERT AverageLatency(us)=13.76] [READ AverageLatency(us)=1150.21] 
2014-07-20 19:02:45:013 610 sec: 10446938 operations; 16799.3 current ops/sec; [INSERT AverageLatency(us)=14.37] [READ AverageLatency(us)=1310.75] 
2014-07-20 19:02:55:013 620 sec: 10655253 operations; 20829.42 current ops/sec; [INSERT AverageLatency(us)=12.23] [READ AverageLatency(us)=1053.5] 
2014-07-20 19:03:05:013 630 sec: 10865414 operations; 21016.1 current ops/sec; [INSERT AverageLatency(us)=11.99] [READ AverageLatency(us)=1048.22] 
2014-07-20 19:03:15:014 640 sec: 11075270 operations; 20983.5 current ops/sec; [INSERT AverageLatency(us)=20.12] [READ AverageLatency(us)=1045.81] 
2014-07-20 19:03:25:014 650 sec: 11258438 operations; 18316.8 current ops/sec; [INSERT AverageLatency(us)=13.57] [READ AverageLatency(us)=1199.23] 
2014-07-20 19:03:35:015 660 sec: 11446157 operations; 18770.02 current ops/sec; [INSERT AverageLatency(us)=13.9] [READ AverageLatency(us)=1173.86] 
2014-07-20 19:03:45:015 670 sec: 11659103 operations; 21294.6 current ops/sec; [INSERT AverageLatency(us)=11.84] [READ AverageLatency(us)=1030.85] 
2014-07-20 19:03:55:016 680 sec: 11869723 operations; 21059.89 current ops/sec; [INSERT AverageLatency(us)=12.64] [READ AverageLatency(us)=1046.56] 
2014-07-20 19:04:05:016 690 sec: 12077568 operations; 20784.5 current ops/sec; [INSERT AverageLatency(us)=12.6] [READ AverageLatency(us)=1058.11] 
2014-07-20 19:04:15:017 700 sec: 12242374 operations; 16478.95 current ops/sec; [INSERT AverageLatency(us)=15.81] [READ AverageLatency(us)=1337.19] 
2014-07-20 19:04:25:017 710 sec: 12450074 operations; 20770 current ops/sec; [INSERT AverageLatency(us)=12.87] [READ AverageLatency(us)=1059.02] 
2014-07-20 19:04:35:018 720 sec: 12661118 operations; 21102.29 current ops/sec; [INSERT AverageLatency(us)=12.47] [READ AverageLatency(us)=1041.42] 
2014-07-20 19:04:45:018 730 sec: 12870237 operations; 20911.9 current ops/sec; [INSERT AverageLatency(us)=11.82] [READ AverageLatency(us)=1051.05] 
2014-07-20 19:04:55:019 740 sec: 13075524 operations; 20526.65 current ops/sec; [INSERT AverageLatency(us)=13.1] [READ AverageLatency(us)=1068.04] 
2014-07-20 19:05:05:020 750 sec: 13236029 operations; 16048.9 current ops/sec; [INSERT AverageLatency(us)=15.73] [READ AverageLatency(us)=1377.85] 
2014-07-20 19:05:15:020 760 sec: 13446964 operations; 21093.5 current ops/sec; [INSERT AverageLatency(us)=11.81] [READ AverageLatency(us)=1042.44] 
2014-07-20 19:05:25:021 770 sec: 13657404 operations; 21041.9 current ops/sec; [INSERT AverageLatency(us)=12.28] [READ AverageLatency(us)=1046.45] 
2014-07-20 19:05:35:021 780 sec: 13867165 operations; 20976.1 current ops/sec; [INSERT AverageLatency(us)=11.97] [READ AverageLatency(us)=1050.23] 
2014-07-20 19:05:45:022 790 sec: 14053370 operations; 18618.64 current ops/sec; [INSERT AverageLatency(us)=15.29] [READ AverageLatency(us)=1184.6] 
2014-07-20 19:05:55:022 800 sec: 14232076 operations; 17870.6 current ops/sec; [INSERT AverageLatency(us)=14.29] [READ AverageLatency(us)=1233.44] 
2014-07-20 19:06:05:023 810 sec: 14440322 operations; 20824.6 current ops/sec; [INSERT AverageLatency(us)=12.08] [READ AverageLatency(us)=1056.37] 
2014-07-20 19:06:15:023 820 sec: 14651332 operations; 21098.89 current ops/sec; [INSERT AverageLatency(us)=12.02] [READ AverageLatency(us)=1042.89] 
2014-07-20 19:06:25:024 830 sec: 14860093 operations; 20874.01 current ops/sec; [INSERT AverageLatency(us)=13.07] [READ AverageLatency(us)=1054.22] 
2014-07-20 19:06:35:024 840 sec: 15029863 operations; 16977 current ops/sec; [INSERT AverageLatency(us)=14.97] [READ AverageLatency(us)=1298.73] 
2014-07-20 19:06:45:025 850 sec: 15221745 operations; 19186.28 current ops/sec; [INSERT AverageLatency(us)=12.82] [READ AverageLatency(us)=1148.12] 
2014-07-20 19:06:55:025 860 sec: 15430462 operations; 20871.7 current ops/sec; [INSERT AverageLatency(us)=11.9] [READ AverageLatency(us)=1055.48] 
2014-07-20 19:07:05:026 870 sec: 15640971 operations; 21048.8 current ops/sec; [INSERT AverageLatency(us)=11.9] [READ AverageLatency(us)=1045.47] 
2014-07-20 19:07:15:026 880 sec: 15847015 operations; 20604.4 current ops/sec; [INSERT AverageLatency(us)=13.03] [READ AverageLatency(us)=1069] 
2014-07-20 19:07:25:027 890 sec: 16004597 operations; 15756.62 current ops/sec; [INSERT AverageLatency(us)=15.11] [READ AverageLatency(us)=1399.9] 
2014-07-20 19:07:35:027 900 sec: 16181851 operations; 17725.4 current ops/sec; [INSERT AverageLatency(us)=13.32] [READ AverageLatency(us)=1243.37] 
2014-07-20 19:07:45:028 910 sec: 16386688 operations; 20481.65 current ops/sec; [INSERT AverageLatency(us)=11.94] [READ AverageLatency(us)=1075.69] 
2014-07-20 19:07:55:028 920 sec: 16590103 operations; 20341.5 current ops/sec; [INSERT AverageLatency(us)=12.4] [READ AverageLatency(us)=1082.94] 
2014-07-20 19:08:05:029 930 sec: 16783329 operations; 19320.67 current ops/sec; [INSERT AverageLatency(us)=13.1] [READ AverageLatency(us)=1139.52] 
2014-07-20 19:08:15:029 940 sec: 16937741 operations; 15441.2 current ops/sec; [INSERT AverageLatency(us)=15.81] [READ AverageLatency(us)=1431.38] 
2014-07-20 19:08:25:030 950 sec: 17111298 operations; 17353.96 current ops/sec; [INSERT AverageLatency(us)=13.07] [READ AverageLatency(us)=1271.95] 
2014-07-20 19:08:35:030 960 sec: 17310132 operations; 19883.4 current ops/sec; [INSERT AverageLatency(us)=11.91] [READ AverageLatency(us)=1106.58] 
2014-07-20 19:08:45:031 970 sec: 17515592 operations; 20543.95 current ops/sec; [INSERT AverageLatency(us)=11.81] [READ AverageLatency(us)=1069.54] 
2014-07-20 19:08:55:031 980 sec: 17717435 operations; 20184.3 current ops/sec; [INSERT AverageLatency(us)=19.95] [READ AverageLatency(us)=1089.61] 
2014-07-20 19:09:05:032 990 sec: 17879799 operations; 16234.78 current ops/sec; [INSERT AverageLatency(us)=15.58] [READ AverageLatency(us)=1361.89] 
2014-07-20 19:09:15:032 1000 sec: 18078683 operations; 19888.4 current ops/sec; [INSERT AverageLatency(us)=13.06] [READ AverageLatency(us)=1108.89] 
2014-07-20 19:09:25:033 1010 sec: 18285455 operations; 20675.13 current ops/sec; [INSERT AverageLatency(us)=12.47] [READ AverageLatency(us)=1066.25] 
2014-07-20 19:09:35:033 1020 sec: 18477870 operations; 19241.5 current ops/sec; [INSERT AverageLatency(us)=12.88] [READ AverageLatency(us)=1145.1] 
2014-07-20 19:09:45:034 1030 sec: 18657794 operations; 17990.6 current ops/sec; [INSERT AverageLatency(us)=13.04] [READ AverageLatency(us)=1209.51] 
2014-07-20 19:09:55:034 1040 sec: 18784678 operations; 12688.4 current ops/sec; [INSERT AverageLatency(us)=19.06] [READ AverageLatency(us)=1753.79] 
2014-07-20 19:10:05:035 1050 sec: 18930235 operations; 14554.24 current ops/sec; [INSERT AverageLatency(us)=15.78] [READ AverageLatency(us)=1518.94] 
2014-07-20 19:10:15:035 1060 sec: 19136588 operations; 20635.3 current ops/sec; [INSERT AverageLatency(us)=12.56] [READ AverageLatency(us)=1070.9] 
2014-07-20 19:10:25:036 1070 sec: 19339926 operations; 20331.77 current ops/sec; [INSERT AverageLatency(us)=12.23] [READ AverageLatency(us)=1084.01] 
2014-07-20 19:10:35:036 1080 sec: 19543611 operations; 20368.5 current ops/sec; [INSERT AverageLatency(us)=12.65] [READ AverageLatency(us)=1081.82] 
2014-07-20 19:10:45:037 1090 sec: 19713389 operations; 16976.1 current ops/sec; [INSERT AverageLatency(us)=14.32] [READ AverageLatency(us)=1300.47] 
2014-07-20 19:10:55:037 1100 sec: 19895808 operations; 18241.9 current ops/sec; [INSERT AverageLatency(us)=14.41] [READ AverageLatency(us)=1208.33] 
2014-07-20 19:11:05:038 1110 sec: 20102701 operations; 20687.23 current ops/sec; [INSERT AverageLatency(us)=11.72] [READ AverageLatency(us)=1066.46] 
2014-07-20 19:11:15:038 1120 sec: 20307242 operations; 20454.1 current ops/sec; [INSERT AverageLatency(us)=12.13] [READ AverageLatency(us)=1076.2] 
2014-07-20 19:11:25:039 1130 sec: 20512910 operations; 20564.74 current ops/sec; [INSERT AverageLatency(us)=11.95] [READ AverageLatency(us)=1072.31] 
2014-07-20 19:11:35:039 1140 sec: 20674529 operations; 16161.9 current ops/sec; [INSERT AverageLatency(us)=14.43] [READ AverageLatency(us)=1364.36] 
2014-07-20 19:11:45:040 1150 sec: 20838705 operations; 16415.96 current ops/sec; [INSERT AverageLatency(us)=13.5] [READ AverageLatency(us)=1341.97] 
2014-07-20 19:11:55:040 1160 sec: 21036325 operations; 19762 current ops/sec; [INSERT AverageLatency(us)=12.25] [READ AverageLatency(us)=1115.21] 
2014-07-20 19:12:05:041 1170 sec: 21240630 operations; 20428.46 current ops/sec; [INSERT AverageLatency(us)=12.96] [READ AverageLatency(us)=1080.26] 
2014-07-20 19:12:15:041 1180 sec: 21443305 operations; 20267.5 current ops/sec; [INSERT AverageLatency(us)=13.39] [READ AverageLatency(us)=1087.39] 
2014-07-20 19:12:25:042 1190 sec: 21608956 operations; 16563.44 current ops/sec; [INSERT AverageLatency(us)=14.86] [READ AverageLatency(us)=1330.54] 
2014-07-20 19:12:35:042 1200 sec: 21793429 operations; 18447.3 current ops/sec; [INSERT AverageLatency(us)=13.61] [READ AverageLatency(us)=1196.46] 
2014-07-20 19:12:45:043 1210 sec: 22001128 operations; 20769.9 current ops/sec; [INSERT AverageLatency(us)=12.14] [READ AverageLatency(us)=1061.57] 
2014-07-20 19:12:55:043 1220 sec: 22204939 operations; 20379.06 current ops/sec; [INSERT AverageLatency(us)=11.86] [READ AverageLatency(us)=1081.89] 
2014-07-20 19:13:05:044 1230 sec: 22408299 operations; 20333.97 current ops/sec; [INSERT AverageLatency(us)=12.44] [READ AverageLatency(us)=1082.13] 
2014-07-20 19:13:15:044 1240 sec: 22571017 operations; 16271.8 current ops/sec; [INSERT AverageLatency(us)=13.87] [READ AverageLatency(us)=1358.54] 
2014-07-20 19:13:25:045 1250 sec: 22754271 operations; 18325.4 current ops/sec; [INSERT AverageLatency(us)=12.59] [READ AverageLatency(us)=1205.21] 
2014-07-20 19:13:35:045 1260 sec: 22957177 operations; 20288.57 current ops/sec; [INSERT AverageLatency(us)=11.76] [READ AverageLatency(us)=1086.32] 
2014-07-20 19:13:45:046 1270 sec: 23161791 operations; 20461.4 current ops/sec; [INSERT AverageLatency(us)=12.89] [READ AverageLatency(us)=1079.1] 
2014-07-20 19:13:55:046 1280 sec: 23354603 operations; 19279.27 current ops/sec; [INSERT AverageLatency(us)=14.16] [READ AverageLatency(us)=1143.25] 
2014-07-20 19:14:05:046 1290 sec: 23512837 operations; 15823.4 current ops/sec; [INSERT AverageLatency(us)=14.8] [READ AverageLatency(us)=1395.7] 
2014-07-20 19:14:15:047 1300 sec: 23682959 operations; 17010.5 current ops/sec; [INSERT AverageLatency(us)=13.27] [READ AverageLatency(us)=1293.68] 
2014-07-20 19:14:25:047 1310 sec: 23847746 operations; 16478.7 current ops/sec; [INSERT AverageLatency(us)=12.65] [READ AverageLatency(us)=1344.14] 
2014-07-20 19:14:35:048 1320 sec: 24028856 operations; 18109.19 current ops/sec; [INSERT AverageLatency(us)=11.81] [READ AverageLatency(us)=1215.34] 
2014-07-20 19:14:45:048 1330 sec: 24199404 operations; 17054.8 current ops/sec; [INSERT AverageLatency(us)=11.9] [READ AverageLatency(us)=1298.99] 
2014-07-20 19:14:55:049 1340 sec: 24362334 operations; 16291.37 current ops/sec; [INSERT AverageLatency(us)=13.54] [READ AverageLatency(us)=1353.63] 
2014-07-20 19:15:05:049 1350 sec: 24501706 operations; 13937.2 current ops/sec; [INSERT AverageLatency(us)=14.14] [READ AverageLatency(us)=1585.73] 
2014-07-20 19:15:15:050 1360 sec: 24668477 operations; 16675.43 current ops/sec; [INSERT AverageLatency(us)=12.27] [READ AverageLatency(us)=1323.12] 
2014-07-20 19:15:25:051 1370 sec: 24859748 operations; 19127.1 current ops/sec; [INSERT AverageLatency(us)=12.36] [READ AverageLatency(us)=1150.9] 
2014-07-20 19:15:35:051 1380 sec: 25019746 operations; 15998.2 current ops/sec; [INSERT AverageLatency(us)=11.71] [READ AverageLatency(us)=1380.33] 
2014-07-20 19:15:45:051 1390 sec: 25193158 operations; 17341.2 current ops/sec; [INSERT AverageLatency(us)=12.63] [READ AverageLatency(us)=1273.4] 
2014-07-20 19:15:55:052 1400 sec: 25286402 operations; 9323.47 current ops/sec; [INSERT AverageLatency(us)=14.43] [READ AverageLatency(us)=2362.21] 
2014-07-20 19:16:05:052 1410 sec: 25414545 operations; 12814.3 current ops/sec; [INSERT AverageLatency(us)=14.1] [READ AverageLatency(us)=1736.66] 
2014-07-20 19:16:15:053 1420 sec: 25582178 operations; 16761.62 current ops/sec; [INSERT AverageLatency(us)=12.55] [READ AverageLatency(us)=1316.3] 
2014-07-20 19:16:25:053 1430 sec: 25764656 operations; 18247.8 current ops/sec; [INSERT AverageLatency(us)=13.72] [READ AverageLatency(us)=1207.3] 
2014-07-20 19:16:35:054 1440 sec: 25961509 operations; 19683.33 current ops/sec; [INSERT AverageLatency(us)=13.77] [READ AverageLatency(us)=1119.04] 
2014-07-20 19:16:45:054 1450 sec: 26165713 operations; 20420.4 current ops/sec; [INSERT AverageLatency(us)=12.56] [READ AverageLatency(us)=1079.62] 
2014-07-20 19:16:55:055 1460 sec: 26330363 operations; 16463.35 current ops/sec; [INSERT AverageLatency(us)=16.38] [READ AverageLatency(us)=1341.33] 
2014-07-20 19:17:05:055 1470 sec: 26504021 operations; 17365.8 current ops/sec; [INSERT AverageLatency(us)=13.44] [READ AverageLatency(us)=1270.23] 
2014-07-20 19:17:15:056 1480 sec: 26704946 operations; 20090.49 current ops/sec; [INSERT AverageLatency(us)=11.86] [READ AverageLatency(us)=1097.35] 
2014-07-20 19:17:25:056 1490 sec: 26907314 operations; 20236.8 current ops/sec; [INSERT AverageLatency(us)=12.78] [READ AverageLatency(us)=1089.99] 
2014-07-20 19:17:35:057 1500 sec: 27098513 operations; 19117.99 current ops/sec; [INSERT AverageLatency(us)=13.3] [READ AverageLatency(us)=1153.28] 
2014-07-20 19:17:45:057 1510 sec: 27261562 operations; 16304.9 current ops/sec; [INSERT AverageLatency(us)=15.38] [READ AverageLatency(us)=1351.28] 
2014-07-20 19:17:55:058 1520 sec: 27427587 operations; 16600.84 current ops/sec; [INSERT AverageLatency(us)=13.02] [READ AverageLatency(us)=1334.08] 
2014-07-20 19:18:05:058 1530 sec: 27629530 operations; 20194.3 current ops/sec; [INSERT AverageLatency(us)=12.02] [READ AverageLatency(us)=1091.68] 
2014-07-20 19:18:15:059 1540 sec: 27829589 operations; 20003.9 current ops/sec; [INSERT AverageLatency(us)=11.93] [READ AverageLatency(us)=1103.36] 
2014-07-20 19:18:25:059 1550 sec: 28032310 operations; 20272.1 current ops/sec; [INSERT AverageLatency(us)=12.14] [READ AverageLatency(us)=1089.2] 
2014-07-20 19:18:35:060 1560 sec: 28196462 operations; 16413.56 current ops/sec; [INSERT AverageLatency(us)=14.88] [READ AverageLatency(us)=1345.72] 
2014-07-20 19:18:45:060 1570 sec: 28377159 operations; 18069.7 current ops/sec; [INSERT AverageLatency(us)=13.67] [READ AverageLatency(us)=1221.98] 
2014-07-20 19:18:55:061 1580 sec: 28586534 operations; 20935.41 current ops/sec; [INSERT AverageLatency(us)=12.43] [READ AverageLatency(us)=1055.25] 
2014-07-20 19:19:05:061 1590 sec: 28796043 operations; 20950.9 current ops/sec; [INSERT AverageLatency(us)=11.85] [READ AverageLatency(us)=1053.58] 
2014-07-20 19:19:15:062 1600 sec: 28993181 operations; 19711.83 current ops/sec; [INSERT AverageLatency(us)=12.66] [READ AverageLatency(us)=1118.89] 
2014-07-20 19:19:25:062 1610 sec: 29168641 operations; 17546 current ops/sec; [INSERT AverageLatency(us)=14.69] [READ AverageLatency(us)=1259.23] 
2014-07-20 19:19:35:063 1620 sec: 29356740 operations; 18808.02 current ops/sec; [INSERT AverageLatency(us)=12.85] [READ AverageLatency(us)=1175.78] 
2014-07-20 19:19:45:063 1630 sec: 29555971 operations; 19923.1 current ops/sec; [INSERT AverageLatency(us)=12.37] [READ AverageLatency(us)=1107.97] 
2014-07-20 19:19:55:064 1640 sec: 29744450 operations; 18846.02 current ops/sec; [INSERT AverageLatency(us)=12.06] [READ AverageLatency(us)=1170.69] 
2014-07-20 19:20:05:064 1650 sec: 29925499 operations; 18104.9 current ops/sec; [INSERT AverageLatency(us)=12.98] [READ AverageLatency(us)=1220.23] 
2014-07-20 19:20:15:065 1660 sec: 30090724 operations; 16520.85 current ops/sec; [INSERT AverageLatency(us)=13.7] [READ AverageLatency(us)=1328.42] 
2014-07-20 19:20:25:065 1670 sec: 30272448 operations; 18172.4 current ops/sec; [INSERT AverageLatency(us)=13.59] [READ AverageLatency(us)=1224.16] 
2014-07-20 19:20:35:066 1680 sec: 30470685 operations; 19821.72 current ops/sec; [INSERT AverageLatency(us)=12.52] [READ AverageLatency(us)=1115.27] 
2014-07-20 19:20:45:066 1690 sec: 30661453 operations; 19076.8 current ops/sec; [INSERT AverageLatency(us)=13.03] [READ AverageLatency(us)=1157.86] 
2014-07-20 19:20:55:067 1700 sec: 30854619 operations; 19314.67 current ops/sec; [INSERT AverageLatency(us)=12.49] [READ AverageLatency(us)=1140.87] 
2014-07-20 19:21:05:067 1710 sec: 31012958 operations; 15833.9 current ops/sec; [INSERT AverageLatency(us)=15.56] [READ AverageLatency(us)=1401.37] 
2014-07-20 19:21:15:068 1720 sec: 31191487 operations; 17851.11 current ops/sec; [INSERT AverageLatency(us)=13.42] [READ AverageLatency(us)=1236.37] 
2014-07-20 19:21:25:068 1730 sec: 31382838 operations; 19135.1 current ops/sec; [INSERT AverageLatency(us)=11.98] [READ AverageLatency(us)=1153.91] 
2014-07-20 19:21:35:069 1740 sec: 31578543 operations; 19568.54 current ops/sec; [INSERT AverageLatency(us)=12.48] [READ AverageLatency(us)=1129.38] 
2014-07-20 19:21:45:069 1750 sec: 31775418 operations; 19687.5 current ops/sec; [INSERT AverageLatency(us)=12.89] [READ AverageLatency(us)=1120.68] 
2014-07-20 19:21:55:070 1760 sec: 31920176 operations; 14474.35 current ops/sec; [INSERT AverageLatency(us)=14.94] [READ AverageLatency(us)=1524.82] 
2014-07-20 19:22:05:070 1770 sec: 32060471 operations; 14029.5 current ops/sec; [INSERT AverageLatency(us)=14.88] [READ AverageLatency(us)=1578.65] 
2014-07-20 19:22:15:071 1780 sec: 32208833 operations; 14834.72 current ops/sec; [INSERT AverageLatency(us)=11.93] [READ AverageLatency(us)=1490.25] 
2014-07-20 19:22:25:071 1790 sec: 32369988 operations; 16115.5 current ops/sec; [INSERT AverageLatency(us)=12.33] [READ AverageLatency(us)=1370.86] 
2014-07-20 19:22:35:072 1800 sec: 32552277 operations; 18227.08 current ops/sec; [INSERT AverageLatency(us)=11.98] [READ AverageLatency(us)=1211.86] 
2014-07-20 19:22:45:072 1810 sec: 32736726 operations; 18444.9 current ops/sec; [INSERT AverageLatency(us)=13.24] [READ AverageLatency(us)=1199.49] 
2014-07-20 19:22:55:073 1820 sec: 32851787 operations; 11504.95 current ops/sec; [INSERT AverageLatency(us)=15.18] [READ AverageLatency(us)=1923.57] 
2014-07-20 19:23:05:073 1830 sec: 32998937 operations; 14715 current ops/sec; [INSERT AverageLatency(us)=14.59] [READ AverageLatency(us)=1505.93] 
2014-07-20 19:23:15:074 1840 sec: 33172653 operations; 17369.86 current ops/sec; [INSERT AverageLatency(us)=12.32] [READ AverageLatency(us)=1268.31] 
2014-07-20 19:23:25:074 1850 sec: 33366022 operations; 19336.9 current ops/sec; [INSERT AverageLatency(us)=17.34] [READ AverageLatency(us)=1143.56] 
2014-07-20 19:23:35:075 1860 sec: 33560131 operations; 19408.96 current ops/sec; [INSERT AverageLatency(us)=12.72] [READ AverageLatency(us)=1137.86] 
2014-07-20 19:23:45:078 1870 sec: 33724712 operations; 16453.16 current ops/sec; [INSERT AverageLatency(us)=13.86] [READ AverageLatency(us)=1341.27] 
2014-07-20 19:23:55:078 1880 sec: 33814364 operations; 8965.2 current ops/sec; [INSERT AverageLatency(us)=16.48] [READ AverageLatency(us)=2460.49] 
2014-07-20 19:24:05:079 1890 sec: 33938872 operations; 12449.56 current ops/sec; [INSERT AverageLatency(us)=14.13] [READ AverageLatency(us)=1783.83] 
2014-07-20 19:24:15:079 1900 sec: 34103049 operations; 16417.7 current ops/sec; [INSERT AverageLatency(us)=13.42] [READ AverageLatency(us)=1346.7] 
2014-07-20 19:24:25:080 1910 sec: 34294519 operations; 19145.09 current ops/sec; [INSERT AverageLatency(us)=12.58] [READ AverageLatency(us)=1154.62] 
2014-07-20 19:24:35:080 1920 sec: 34487616 operations; 19309.7 current ops/sec; [INSERT AverageLatency(us)=13.04] [READ AverageLatency(us)=1141.04] 
2014-07-20 19:24:45:081 1930 sec: 34663744 operations; 17611.04 current ops/sec; [INSERT AverageLatency(us)=13.1] [READ AverageLatency(us)=1254.94] 
2014-07-20 19:24:55:081 1940 sec: 34799365 operations; 13562.1 current ops/sec; [INSERT AverageLatency(us)=15.41] [READ AverageLatency(us)=1631.78] 
2014-07-20 19:25:05:082 1950 sec: 34941355 operations; 14197.58 current ops/sec; [INSERT AverageLatency(us)=14.13] [READ AverageLatency(us)=1559.1] 
2014-07-20 19:25:15:082 1960 sec: 35118057 operations; 17670.2 current ops/sec; [INSERT AverageLatency(us)=11.99] [READ AverageLatency(us)=1253.71] 
2014-07-20 19:25:25:083 1970 sec: 35300834 operations; 18275.87 current ops/sec; [INSERT AverageLatency(us)=12.89] [READ AverageLatency(us)=1208.36] 
2014-07-20 19:25:35:083 1980 sec: 35493588 operations; 19275.4 current ops/sec; [INSERT AverageLatency(us)=12.75] [READ AverageLatency(us)=1145.4] 
2014-07-20 19:25:45:084 1990 sec: 35657621 operations; 16401.66 current ops/sec; [INSERT AverageLatency(us)=14.21] [READ AverageLatency(us)=1344.65] 
2014-07-20 19:25:55:084 2000 sec: 35821517 operations; 16389.6 current ops/sec; [INSERT AverageLatency(us)=14.65] [READ AverageLatency(us)=1346.95] 
2014-07-20 19:26:05:085 2010 sec: 36020165 operations; 19862.81 current ops/sec; [INSERT AverageLatency(us)=13.36] [READ AverageLatency(us)=1109.7] 
2014-07-20 19:26:15:085 2020 sec: 36219910 operations; 19974.5 current ops/sec; [INSERT AverageLatency(us)=12.03] [READ AverageLatency(us)=1107.14] 
2014-07-20 19:26:25:086 2030 sec: 36416399 operations; 19646.94 current ops/sec; [INSERT AverageLatency(us)=12.5] [READ AverageLatency(us)=1124.44] 
2014-07-20 19:26:35:086 2040 sec: 36568539 operations; 15214 current ops/sec; [INSERT AverageLatency(us)=13.81] [READ AverageLatency(us)=1453.5] 
2014-07-20 19:26:45:087 2050 sec: 36721725 operations; 15318.6 current ops/sec; [INSERT AverageLatency(us)=14.02] [READ AverageLatency(us)=1443.67] 
2014-07-20 19:26:55:087 2060 sec: 36919090 operations; 19734.53 current ops/sec; [INSERT AverageLatency(us)=11.99] [READ AverageLatency(us)=1119.96] 
2014-07-20 19:27:05:088 2070 sec: 37118793 operations; 19968.3 current ops/sec; [INSERT AverageLatency(us)=11.91] [READ AverageLatency(us)=1105.34] 
2014-07-20 19:27:15:088 2080 sec: 37319691 operations; 20089.8 current ops/sec; [INSERT AverageLatency(us)=12.25] [READ AverageLatency(us)=1095.62] 
2014-07-20 19:27:25:089 2090 sec: 37495109 operations; 17540.05 current ops/sec; [INSERT AverageLatency(us)=13.26] [READ AverageLatency(us)=1264.33] 
2014-07-20 19:27:35:089 2100 sec: 37650852 operations; 15574.3 current ops/sec; [INSERT AverageLatency(us)=15.23] [READ AverageLatency(us)=1421.13] 
2014-07-20 19:27:45:090 2110 sec: 37843800 operations; 19292.87 current ops/sec; [INSERT AverageLatency(us)=13.34] [READ AverageLatency(us)=1144.29] 
2014-07-20 19:27:55:090 2120 sec: 38041301 operations; 19750.1 current ops/sec; [INSERT AverageLatency(us)=12.44] [READ AverageLatency(us)=1118.34] 
2014-07-20 19:28:05:091 2130 sec: 38243123 operations; 20182.2 current ops/sec; [INSERT AverageLatency(us)=13.02] [READ AverageLatency(us)=1093.27] 
2014-07-20 19:28:15:091 2140 sec: 38423774 operations; 18063.29 current ops/sec; [INSERT AverageLatency(us)=13.71] [READ AverageLatency(us)=1217.68] 
2014-07-20 19:28:25:091 2150 sec: 38583907 operations; 16013.3 current ops/sec; [INSERT AverageLatency(us)=14.92] [READ AverageLatency(us)=1384.85] 
2014-07-20 19:28:35:092 2160 sec: 38776708 operations; 19278.17 current ops/sec; [INSERT AverageLatency(us)=11.96] [READ AverageLatency(us)=1147.16] 
2014-07-20 19:28:45:092 2170 sec: 38972389 operations; 19568.1 current ops/sec; [INSERT AverageLatency(us)=12.71] [READ AverageLatency(us)=1126.94] 
2014-07-20 19:28:55:093 2180 sec: 39174971 operations; 20256.17 current ops/sec; [INSERT AverageLatency(us)=11.97] [READ AverageLatency(us)=1090.03] 
2014-07-20 19:29:05:093 2190 sec: 39349528 operations; 17455.7 current ops/sec; [INSERT AverageLatency(us)=12.88] [READ AverageLatency(us)=1265.96] 
2014-07-20 19:29:15:094 2200 sec: 39491376 operations; 14183.38 current ops/sec; [INSERT AverageLatency(us)=16.08] [READ AverageLatency(us)=1562.38] 
2014-07-20 19:29:25:094 2210 sec: 39640323 operations; 14894.7 current ops/sec; [INSERT AverageLatency(us)=13.85] [READ AverageLatency(us)=1483.7] 
2014-07-20 19:29:35:095 2220 sec: 39813193 operations; 17285.27 current ops/sec; [INSERT AverageLatency(us)=12.17] [READ AverageLatency(us)=1276.82] 
2014-07-20 19:29:45:095 2230 sec: 39997708 operations; 18451.5 current ops/sec; [INSERT AverageLatency(us)=12.41] [READ AverageLatency(us)=1199.19] 
2014-07-20 19:29:55:096 2240 sec: 40178882 operations; 18115.59 current ops/sec; [INSERT AverageLatency(us)=13.2] [READ AverageLatency(us)=1219.76] 
2014-07-20 19:30:05:096 2250 sec: 40333312 operations; 15443 current ops/sec; [INSERT AverageLatency(us)=13.9] [READ AverageLatency(us)=1431.37] 
2014-07-20 19:30:15:097 2260 sec: 40466743 operations; 13341.77 current ops/sec; [INSERT AverageLatency(us)=14.65] [READ AverageLatency(us)=1658.28] 
2014-07-20 19:30:25:097 2270 sec: 40649664 operations; 18292.1 current ops/sec; [INSERT AverageLatency(us)=18.26] [READ AverageLatency(us)=1207.51] 
2014-07-20 19:30:35:098 2280 sec: 40840076 operations; 19039.3 current ops/sec; [INSERT AverageLatency(us)=11.84] [READ AverageLatency(us)=1161.84] 
2014-07-20 19:30:45:098 2290 sec: 41031616 operations; 19154 current ops/sec; [INSERT AverageLatency(us)=13.69] [READ AverageLatency(us)=1151.68] 
2014-07-20 19:30:55:099 2300 sec: 41215409 operations; 18377.46 current ops/sec; [INSERT AverageLatency(us)=13.02] [READ AverageLatency(us)=1203.79] 
2014-07-20 19:31:05:099 2310 sec: 41380587 operations; 16517.8 current ops/sec; [INSERT AverageLatency(us)=15.83] [READ AverageLatency(us)=1338.85] 
2014-07-20 19:31:15:100 2320 sec: 41567788 operations; 18718.23 current ops/sec; [INSERT AverageLatency(us)=12.48] [READ AverageLatency(us)=1176.91] 
2014-07-20 19:31:25:100 2330 sec: 41771117 operations; 20332.9 current ops/sec; [INSERT AverageLatency(us)=11.68] [READ AverageLatency(us)=1087.03] 
2014-07-20 19:31:35:101 2340 sec: 41975840 operations; 20470.25 current ops/sec; [INSERT AverageLatency(us)=11.92] [READ AverageLatency(us)=1077.85] 
2014-07-20 19:31:45:101 2350 sec: 42161626 operations; 18578.6 current ops/sec; [INSERT AverageLatency(us)=13.15] [READ AverageLatency(us)=1190.33] 
2014-07-20 19:31:55:102 2360 sec: 42319848 operations; 15820.62 current ops/sec; [INSERT AverageLatency(us)=15.27] [READ AverageLatency(us)=1397.86] 
2014-07-20 19:32:05:102 2370 sec: 42502439 operations; 18259.1 current ops/sec; [INSERT AverageLatency(us)=13.28] [READ AverageLatency(us)=1208.66] 
2014-07-20 19:32:15:103 2380 sec: 42702282 operations; 19982.3 current ops/sec; [INSERT AverageLatency(us)=13] [READ AverageLatency(us)=1104.17] 
2014-07-20 19:32:25:103 2390 sec: 42905184 operations; 20290.2 current ops/sec; [INSERT AverageLatency(us)=12.47] [READ AverageLatency(us)=1089.49] 
2014-07-20 19:32:35:104 2400 sec: 43096367 operations; 19116.39 current ops/sec; [INSERT AverageLatency(us)=12.48] [READ AverageLatency(us)=1150] 
2014-07-20 19:32:45:104 2410 sec: 43256338 operations; 15997.1 current ops/sec; [INSERT AverageLatency(us)=15.46] [READ AverageLatency(us)=1387.22] 
2014-07-20 19:32:55:105 2420 sec: 43448620 operations; 19228.2 current ops/sec; [INSERT AverageLatency(us)=13.38] [READ AverageLatency(us)=1149.84] 
2014-07-20 19:33:05:105 2430 sec: 43653170 operations; 20452.95 current ops/sec; [INSERT AverageLatency(us)=11.93] [READ AverageLatency(us)=1080.19] 
2014-07-20 19:33:15:105 2440 sec: 43856092 operations; 20292.2 current ops/sec; [INSERT AverageLatency(us)=12.58] [READ AverageLatency(us)=1087.8] 
2014-07-20 19:33:25:106 2450 sec: 44043989 operations; 18787.82 current ops/sec; [INSERT AverageLatency(us)=13.28] [READ AverageLatency(us)=1176.4] 
2014-07-20 19:33:35:106 2460 sec: 44193369 operations; 14938 current ops/sec; [INSERT AverageLatency(us)=15.99] [READ AverageLatency(us)=1481.38] 
2014-07-20 19:33:45:107 2470 sec: 44386458 operations; 19306.97 current ops/sec; [INSERT AverageLatency(us)=12.42] [READ AverageLatency(us)=1144.65] 
2014-07-20 19:33:55:107 2480 sec: 44585146 operations; 19868.8 current ops/sec; [INSERT AverageLatency(us)=12.75] [READ AverageLatency(us)=1111.99] 
2014-07-20 19:34:05:108 2490 sec: 44786207 operations; 20104.09 current ops/sec; [INSERT AverageLatency(us)=12.16] [READ AverageLatency(us)=1096.43] 
2014-07-20 19:34:15:108 2500 sec: 44972728 operations; 18652.1 current ops/sec; [INSERT AverageLatency(us)=12.45] [READ AverageLatency(us)=1183.2] 
2014-07-20 19:34:25:109 2510 sec: 45124218 operations; 15147.49 current ops/sec; [INSERT AverageLatency(us)=15.54] [READ AverageLatency(us)=1457.2] 
2014-07-20 19:34:35:109 2520 sec: 45304157 operations; 17993.9 current ops/sec; [INSERT AverageLatency(us)=13.67] [READ AverageLatency(us)=1229.18] 
2014-07-20 19:34:45:110 2530 sec: 45503092 operations; 19891.51 current ops/sec; [INSERT AverageLatency(us)=13.03] [READ AverageLatency(us)=1110.7] 
2014-07-20 19:34:55:110 2540 sec: 45700478 operations; 19738.6 current ops/sec; [INSERT AverageLatency(us)=12] [READ AverageLatency(us)=1118.44] 
2014-07-20 19:35:05:111 2550 sec: 45859910 operations; 15941.61 current ops/sec; [INSERT AverageLatency(us)=13.66] [READ AverageLatency(us)=1384.08] 
2014-07-20 19:35:15:111 2560 sec: 45993299 operations; 13338.9 current ops/sec; [INSERT AverageLatency(us)=14.85] [READ AverageLatency(us)=1661.52] 
2014-07-20 19:35:25:112 2570 sec: 46120112 operations; 12680.03 current ops/sec; [INSERT AverageLatency(us)=14.34] [READ AverageLatency(us)=1745.59] 
2014-07-20 19:35:35:112 2580 sec: 46298131 operations; 17801.9 current ops/sec; [INSERT AverageLatency(us)=12.08] [READ AverageLatency(us)=1242.73] 
2014-07-20 19:35:45:113 2590 sec: 46494955 operations; 19682.4 current ops/sec; [INSERT AverageLatency(us)=12.19] [READ AverageLatency(us)=1120.83] 
2014-07-20 19:35:55:113 2600 sec: 46685237 operations; 19026.3 current ops/sec; [INSERT AverageLatency(us)=12.06] [READ AverageLatency(us)=1161.31] 
2014-07-20 19:36:05:113 2610 sec: 46860590 operations; 17535.3 current ops/sec; [INSERT AverageLatency(us)=12.74] [READ AverageLatency(us)=1259.98] 
2014-07-20 19:36:15:114 2620 sec: 47008970 operations; 14836.52 current ops/sec; [INSERT AverageLatency(us)=17.03] [READ AverageLatency(us)=1495.75] 
2014-07-20 19:36:25:114 2630 sec: 47154004 operations; 14503.4 current ops/sec; [INSERT AverageLatency(us)=12.93] [READ AverageLatency(us)=1527.03] 
2014-07-20 19:36:35:115 2640 sec: 47317152 operations; 16313.17 current ops/sec; [INSERT AverageLatency(us)=12.33] [READ AverageLatency(us)=1353.35] 
2014-07-20 19:36:45:115 2650 sec: 47495300 operations; 17814.8 current ops/sec; [INSERT AverageLatency(us)=11.74] [READ AverageLatency(us)=1241.54] 
2014-07-20 19:36:55:116 2660 sec: 47649807 operations; 15449.16 current ops/sec; [INSERT AverageLatency(us)=12.43] [READ AverageLatency(us)=1434.67] 
2014-07-20 19:37:05:116 2670 sec: 47799111 operations; 14930.4 current ops/sec; [INSERT AverageLatency(us)=14.9] [READ AverageLatency(us)=1475.76] 
2014-07-20 19:37:15:117 2680 sec: 47888522 operations; 8940.21 current ops/sec; [INSERT AverageLatency(us)=14.14] [READ AverageLatency(us)=2479.82] 
2014-07-20 19:37:25:117 2690 sec: 48020384 operations; 13186.2 current ops/sec; [INSERT AverageLatency(us)=13.63] [READ AverageLatency(us)=1681.15] 
2014-07-20 19:37:35:118 2700 sec: 48165451 operations; 14506.7 current ops/sec; [INSERT AverageLatency(us)=12.47] [READ AverageLatency(us)=1524.77] 
2014-07-20 19:37:45:118 2710 sec: 48321645 operations; 15617.84 current ops/sec; [INSERT AverageLatency(us)=11.64] [READ AverageLatency(us)=1415.63] 
2014-07-20 19:37:55:118 2720 sec: 48456504 operations; 13485.9 current ops/sec; [INSERT AverageLatency(us)=11.82] [READ AverageLatency(us)=1640.48] 
2014-07-20 19:38:05:119 2730 sec: 48542042 operations; 8552.94 current ops/sec; [INSERT AverageLatency(us)=13] [READ AverageLatency(us)=2596.44] 
2014-07-20 19:38:15:119 2740 sec: 48649746 operations; 10770.4 current ops/sec; [INSERT AverageLatency(us)=13.3] [READ AverageLatency(us)=2054.43] 
2014-07-20 19:38:25:120 2750 sec: 48773736 operations; 12397.76 current ops/sec; [INSERT AverageLatency(us)=14.45] [READ AverageLatency(us)=1780.01] 
2014-07-20 19:38:35:120 2760 sec: 48879576 operations; 10584 current ops/sec; [INSERT AverageLatency(us)=14.36] [READ AverageLatency(us)=2096.29] 
2014-07-20 19:38:45:121 2770 sec: 49006182 operations; 12659.33 current ops/sec; [INSERT AverageLatency(us)=13.71] [READ AverageLatency(us)=1745.81] 
2014-07-20 19:38:55:121 2780 sec: 49052007 operations; 4582.5 current ops/sec; [INSERT AverageLatency(us)=13.01] [READ AverageLatency(us)=4840.29] 
2014-07-20 19:39:05:122 2790 sec: 49126083 operations; 7406.86 current ops/sec; [INSERT AverageLatency(us)=11.82] [READ AverageLatency(us)=2989.67] 
2014-07-20 19:39:15:122 2800 sec: 49233489 operations; 10740.6 current ops/sec; [INSERT AverageLatency(us)=11.96] [READ AverageLatency(us)=2063.23] 
2014-07-20 19:39:25:123 2810 sec: 49337336 operations; 10384.7 current ops/sec; [INSERT AverageLatency(us)=12.66] [READ AverageLatency(us)=2136.78] 
2014-07-20 19:39:35:123 2820 sec: 49498196 operations; 16084.39 current ops/sec; [INSERT AverageLatency(us)=12.03] [READ AverageLatency(us)=1374.83] 
2014-07-20 19:39:45:123 2830 sec: 49639615 operations; 14141.9 current ops/sec; [INSERT AverageLatency(us)=13.03] [READ AverageLatency(us)=1564.2] 
2014-07-20 19:39:55:124 2840 sec: 49772897 operations; 13326.87 current ops/sec; [INSERT AverageLatency(us)=14.83] [READ AverageLatency(us)=1658.66] 
2014-07-20 19:40:05:124 2850 sec: 49924536 operations; 15163.9 current ops/sec; [INSERT AverageLatency(us)=13.27] [READ AverageLatency(us)=1458.4] 
2014-07-20 19:40:11:960 2856 sec: 50000000 operations; 11039.2 current ops/sec; [UPDATE AverageLatency(us)=107411.55] [INSERT AverageLatency(us)=11.69] [READ AverageLatency(us)=1604.96] [CLEANUP AverageLatency(us)=107539.55] 
+ echo 'end time:'
end time:
++ date +%s
+ echo 1405910412
1405910412
+ echo 'sleeping for 10 sec ...'
sleeping for 10 sec ...
+ sleep 10
+ false
+ false
+ false
+ false
+ let counter=1+1
+ read line
+ set +x
