threshold: 700.0
threshold: 1000.0
----------------------------------------------------------
selfdapql AM_FILE_POINTER in begining: 0
selfdapql filelengh: 337718
log_evicted_initial: 0
log_evicted_last: 0
log_evicted_count: 0
storeFileSize: 0.12883916
selfdapql AM_FILE_POINTER in end: 337718
selfdapql RS_FILE_POINTER in begining: 0
selfdapql rs_filelengh: 413154
selfdapql blocking update blocking_updates_count: 0
selfdapql blocking update avg total_blocking_time: 0.0
selfdapql RS_FILE_POINTER in end: 413154
selfdapql DN_FILE_POINTER in begining: 0
selfdapql dn_filelength: 115151
selfdapql total operation time: 24139.0
selfdapql total # operations: 336
selfdapql dfs avg read time: 71.84226
selfdapql DN_FILE_POINTER in end: 115151
threshold: 700.0
threshold: 1000.0
----------------------------------------------------------
selfdapql AM_FILE_POINTER in begining: 337718
selfdapql filelengh: 1430497
log_evicted_initial: 0
log_evicted_last: 0
log_evicted_count: 0
storeFileSize: 1.3379605
selfdapql AM_FILE_POINTER in end: 1430497
selfdapql RS_FILE_POINTER in begining: 413154
selfdapql rs_filelengh: 1060939
selfdapql blocking update blocking_updates_count: 90
selfdapql blocking update avg total_blocking_time: 26806.91
selfdapql RS_FILE_POINTER in end: 1060939
selfdapql DN_FILE_POINTER in begining: 115151
selfdapql dn_filelength: 167682
selfdapql total operation time: 48650.0
selfdapql total # operations: 3425
selfdapql dfs avg read time: 14.20438
selfdapql DN_FILE_POINTER in end: 167682
selfdapql newBlockCacheSize: 0.35
selfdapql newMemstoreSize: 0.45000002
threshold: 700.0
threshold: 1000.0
----------------------------------------------------------
selfdapql AM_FILE_POINTER in begining: 1430497
selfdapql filelengh: 2027922
log_evicted_initial: 0
log_evicted_last: 0
log_evicted_count: 0
storeFileSize: 3.1919634
selfdapql AM_FILE_POINTER in end: 2027922
selfdapql RS_FILE_POINTER in begining: 1060939
selfdapql rs_filelengh: 3930965
selfdapql blocking update blocking_updates_count: 160
selfdapql blocking update avg total_blocking_time: 18425.605
selfdapql RS_FILE_POINTER in end: 3930965
selfdapql DN_FILE_POINTER in begining: 167682
selfdapql dn_filelength: 220412
selfdapql total operation time: 200496.0
selfdapql total # operations: 8673
selfdapql dfs avg read time: 23.11726
selfdapql DN_FILE_POINTER in end: 220412
selfdapql newBlockCacheSize: 0.29999998
selfdapql newMemstoreSize: 0.5
threshold: 700.0
threshold: 1000.0
----------------------------------------------------------
selfdapql AM_FILE_POINTER in begining: 2027922
selfdapql filelengh: 2660006
log_evicted_initial: 0
log_evicted_last: 4734
log_evicted_count: 4734
storeFileSize: 4.815231
selfdapql AM_FILE_POINTER in end: 2660006
selfdapql RS_FILE_POINTER in begining: 3930965
selfdapql rs_filelengh: 10059748
selfdapql blocking update blocking_updates_count: 160
selfdapql blocking update avg total_blocking_time: 18697.025
selfdapql RS_FILE_POINTER in end: 10059748
selfdapql DN_FILE_POINTER in begining: 220412
selfdapql dn_filelength: 276201
selfdapql total operation time: 758829.0
selfdapql total # operations: 10178
selfdapql dfs avg read time: 74.55581
selfdapql DN_FILE_POINTER in end: 276201
selfdapql newBlockCacheSize: 0.35
selfdapql newMemstoreSize: 0.45
threshold: 700.0
threshold: 1000.0
----------------------------------------------------------
selfdapql AM_FILE_POINTER in begining: 2660006
selfdapql filelengh: 3259492
log_evicted_initial: 4734
log_evicted_last: 7783
log_evicted_count: 3049
storeFileSize: 6.560941
selfdapql AM_FILE_POINTER in end: 3259492
selfdapql RS_FILE_POINTER in begining: 10059748
selfdapql rs_filelengh: 15199098
selfdapql blocking update blocking_updates_count: 60
selfdapql blocking update avg total_blocking_time: 58635.934
selfdapql RS_FILE_POINTER in end: 15199098
selfdapql DN_FILE_POINTER in begining: 276201
selfdapql dn_filelength: 329067
selfdapql total operation time: 754466.0
selfdapql total # operations: 9494
selfdapql dfs avg read time: 79.46767
selfdapql DN_FILE_POINTER in end: 329067
selfdapql newBlockCacheSize: 0.4
selfdapql newMemstoreSize: 0.39999998
threshold: 700.0
threshold: 1000.0
----------------------------------------------------------
selfdapql AM_FILE_POINTER in begining: 3259492
selfdapql filelengh: 3859230
log_evicted_initial: 7783
log_evicted_last: 11984
log_evicted_count: 4201
storeFileSize: 8.287565
selfdapql AM_FILE_POINTER in end: 3859230
selfdapql RS_FILE_POINTER in begining: 15199098
selfdapql rs_filelengh: 21996947
selfdapql blocking update blocking_updates_count: 141
selfdapql blocking update avg total_blocking_time: 25494.143
selfdapql RS_FILE_POINTER in end: 21996947
selfdapql DN_FILE_POINTER in begining: 329067
selfdapql dn_filelength: 385027
selfdapql total operation time: 892034.0
selfdapql total # operations: 13425
selfdapql dfs avg read time: 66.44573
selfdapql DN_FILE_POINTER in end: 385027
selfdapql newBlockCacheSize: 0.45000002
selfdapql newMemstoreSize: 0.34999996
threshold: 700.0
threshold: 1000.0
----------------------------------------------------------
selfdapql AM_FILE_POINTER in begining: 3859230
selfdapql filelengh: 4459301
log_evicted_initial: 11984
log_evicted_last: 17832
log_evicted_count: 5848
storeFileSize: 10.381845
selfdapql AM_FILE_POINTER in end: 4459301
selfdapql RS_FILE_POINTER in begining: 21996947
selfdapql rs_filelengh: 28600324
selfdapql blocking update blocking_updates_count: 208
selfdapql blocking update avg total_blocking_time: 14772.27
selfdapql RS_FILE_POINTER in end: 28600324
selfdapql DN_FILE_POINTER in begining: 385027
selfdapql dn_filelength: 435096
selfdapql total operation time: 997144.0
selfdapql total # operations: 12230
selfdapql dfs avg read time: 81.53262
selfdapql DN_FILE_POINTER in end: 435096
selfdapql newBlockCacheSize: 0.5
selfdapql newMemstoreSize: 0.29999995
threshold: 700.0
threshold: 1000.0
----------------------------------------------------------
selfdapql AM_FILE_POINTER in begining: 4459301
selfdapql filelengh: 5059515
log_evicted_initial: 17832
log_evicted_last: 25532
log_evicted_count: 7700
storeFileSize: 12.126667
selfdapql AM_FILE_POINTER in end: 5059515
selfdapql RS_FILE_POINTER in begining: 28600324
selfdapql rs_filelengh: 35004398
selfdapql blocking update blocking_updates_count: 201
selfdapql blocking update avg total_blocking_time: 15917.612
selfdapql RS_FILE_POINTER in end: 35004398
selfdapql DN_FILE_POINTER in begining: 435096
selfdapql dn_filelength: 488171
selfdapql total operation time: 1086898.0
selfdapql total # operations: 13844
selfdapql dfs avg read time: 78.5104
selfdapql DN_FILE_POINTER in end: 488171
selfdapql newBlockCacheSize: 0.55
selfdapql newMemstoreSize: 0.24999996
threshold: 700.0
threshold: 1000.0
----------------------------------------------------------
selfdapql AM_FILE_POINTER in begining: 5059515
selfdapql filelengh: 5659858
log_evicted_initial: 25532
log_evicted_last: 25532
log_evicted_count: 0
storeFileSize: 14.192308
selfdapql AM_FILE_POINTER in end: 5659858
selfdapql RS_FILE_POINTER in begining: 35004398
selfdapql rs_filelengh: 41098882
selfdapql blocking update blocking_updates_count: 187
selfdapql blocking update avg total_blocking_time: 14847.075
selfdapql RS_FILE_POINTER in end: 41098882
selfdapql DN_FILE_POINTER in begining: 488171
selfdapql dn_filelength: 541231
selfdapql total operation time: 1650770.0
selfdapql total # operations: 13168
selfdapql dfs avg read time: 125.36224
selfdapql DN_FILE_POINTER in end: 541231
selfdapql newBlockCacheSize: 0.5
selfdapql newMemstoreSize: 0.29999995
threshold: 700.0
threshold: 1000.0
----------------------------------------------------------
selfdapql AM_FILE_POINTER in begining: 5659858
selfdapql filelengh: 6260392
log_evicted_initial: 25532
log_evicted_last: 35518
log_evicted_count: 9986
storeFileSize: 15.208621
selfdapql AM_FILE_POINTER in end: 6260392
selfdapql RS_FILE_POINTER in begining: 41098882
selfdapql rs_filelengh: 44929528
selfdapql blocking update blocking_updates_count: 137
selfdapql blocking update avg total_blocking_time: 10822.7295
selfdapql RS_FILE_POINTER in end: 44929528
selfdapql DN_FILE_POINTER in begining: 541231
selfdapql dn_filelength: 591279
selfdapql total operation time: 1083070.0
selfdapql total # operations: 8100
selfdapql dfs avg read time: 133.71234
selfdapql DN_FILE_POINTER in end: 591279
selfdapql newBlockCacheSize: 0.55
selfdapql newMemstoreSize: 0.24999996
