threshold: 0.2
threshold: 500.0
----------------------------------------------------------
selfdapql AM_FILE_POINTER in begining: 0
selfdapql filelengh: 226511
log_evicted_initial: 0
log_evicted_last: 4
log_evicted_count: 4
storeFileSize: 2.2080727E-5
selfdapql AM_FILE_POINTER in end: 226511
selfdapql RS_FILE_POINTER in begining: 0
selfdapql rs_filelengh: 256516
selfdapql blocking update blocking_updates_count: 0
selfdapql blocking update avg total_blocking_time: 0.0
selfdapql RS_FILE_POINTER in end: 256516
selfdapql DN_FILE_POINTER in begining: 0
selfdapql dn_filelength: 62582
selfdapql total operation time: 123.0
selfdapql total # operations: 23
selfdapql dfs avg read time: 5.347826
selfdapql DN_FILE_POINTER in end: 62582
selfdapql newBlockCacheSize: 0.2
selfdapql newMemstoreSize: 0.6
threshold: 0.2
threshold: 500.0
----------------------------------------------------------
selfdapql AM_FILE_POINTER in begining: 226511
selfdapql filelengh: 447804
log_evicted_initial: 4
log_evicted_last: 6
log_evicted_count: 2
storeFileSize: 2.2080727E-5
selfdapql AM_FILE_POINTER in end: 447804
selfdapql RS_FILE_POINTER in begining: 256516
selfdapql rs_filelengh: 261623
selfdapql blocking update blocking_updates_count: 0
selfdapql blocking update avg total_blocking_time: 0.0
selfdapql RS_FILE_POINTER in end: 261623
selfdapql DN_FILE_POINTER in begining: 62582
selfdapql dn_filelength: 114046
selfdapql total operation time: 4.0
selfdapql total # operations: 2
selfdapql dfs avg read time: 2.0
selfdapql DN_FILE_POINTER in end: 114046
selfdapql newBlockCacheSize: 0.2
selfdapql newMemstoreSize: 0.6
threshold: 0.2
threshold: 500.0
----------------------------------------------------------
selfdapql AM_FILE_POINTER in begining: 447804
selfdapql filelengh: 668669
log_evicted_initial: 6
log_evicted_last: 6
log_evicted_count: 0
storeFileSize: 2.2080727E-5
selfdapql AM_FILE_POINTER in end: 668669
selfdapql RS_FILE_POINTER in begining: 261623
selfdapql rs_filelengh: 261838
selfdapql blocking update blocking_updates_count: 0
selfdapql blocking update avg total_blocking_time: 0.0
selfdapql RS_FILE_POINTER in end: 261838
selfdapql DN_FILE_POINTER in begining: 114046
selfdapql dn_filelength: 165599
selfdapql total operation time: 0.0
selfdapql total # operations: 0
selfdapql dfs avg read time: 0.0
selfdapql DN_FILE_POINTER in end: 165599
threshold: 0.2
threshold: 500.0
----------------------------------------------------------
selfdapql AM_FILE_POINTER in begining: 668669
selfdapql filelengh: 889475
log_evicted_initial: 6
log_evicted_last: 6
log_evicted_count: 0
storeFileSize: 2.2080727E-5
selfdapql AM_FILE_POINTER in end: 889475
selfdapql RS_FILE_POINTER in begining: 261838
selfdapql rs_filelengh: 266730
selfdapql blocking update blocking_updates_count: 0
selfdapql blocking update avg total_blocking_time: 0.0
selfdapql RS_FILE_POINTER in end: 266730
selfdapql DN_FILE_POINTER in begining: 165599
selfdapql dn_filelength: 217256
selfdapql total operation time: 3.0
selfdapql total # operations: 2
selfdapql dfs avg read time: 1.5
selfdapql DN_FILE_POINTER in end: 217256
threshold: 0.2
threshold: 500.0
----------------------------------------------------------
selfdapql AM_FILE_POINTER in begining: 889475
selfdapql filelengh: 1110185
log_evicted_initial: 6
log_evicted_last: 6
log_evicted_count: 0
storeFileSize: 2.2080727E-5
selfdapql AM_FILE_POINTER in end: 1110185
selfdapql RS_FILE_POINTER in begining: 266730
selfdapql rs_filelengh: 267013
selfdapql blocking update blocking_updates_count: 0
selfdapql blocking update avg total_blocking_time: 0.0
selfdapql RS_FILE_POINTER in end: 267013
selfdapql DN_FILE_POINTER in begining: 217256
selfdapql dn_filelength: 268868
selfdapql total operation time: 0.0
selfdapql total # operations: 0
selfdapql dfs avg read time: 0.0
selfdapql DN_FILE_POINTER in end: 268868
threshold: 0.2
threshold: 500.0
----------------------------------------------------------
selfdapql AM_FILE_POINTER in begining: 1110185
selfdapql filelengh: 1330736
log_evicted_initial: 6
log_evicted_last: 6
log_evicted_count: 0
storeFileSize: 2.2080727E-5
selfdapql AM_FILE_POINTER in end: 1330736
selfdapql RS_FILE_POINTER in begining: 267013
selfdapql rs_filelengh: 271622
selfdapql blocking update blocking_updates_count: 0
selfdapql blocking update avg total_blocking_time: 0.0
selfdapql RS_FILE_POINTER in end: 271622
selfdapql DN_FILE_POINTER in begining: 268868
selfdapql dn_filelength: 320577
selfdapql total operation time: 0.0
selfdapql total # operations: 0
selfdapql dfs avg read time: 0.0
selfdapql DN_FILE_POINTER in end: 320577
threshold: 0.2
threshold: 500.0
----------------------------------------------------------
selfdapql AM_FILE_POINTER in begining: 1330736
selfdapql filelengh: 1551387
log_evicted_initial: 6
log_evicted_last: 6
log_evicted_count: 0
storeFileSize: 2.2080727E-5
selfdapql AM_FILE_POINTER in end: 1551387
selfdapql RS_FILE_POINTER in begining: 271622
selfdapql rs_filelengh: 276514
selfdapql blocking update blocking_updates_count: 0
selfdapql blocking update avg total_blocking_time: 0.0
selfdapql RS_FILE_POINTER in end: 276514
selfdapql DN_FILE_POINTER in begining: 320577
selfdapql dn_filelength: 372236
selfdapql total operation time: 4.0
selfdapql total # operations: 2
selfdapql dfs avg read time: 2.0
selfdapql DN_FILE_POINTER in end: 372236
threshold: 0.2
threshold: 500.0
----------------------------------------------------------
selfdapql AM_FILE_POINTER in begining: 1551387
selfdapql filelengh: 1772110
log_evicted_initial: 6
log_evicted_last: 6
log_evicted_count: 0
storeFileSize: 2.2080727E-5
selfdapql AM_FILE_POINTER in end: 1772110
selfdapql RS_FILE_POINTER in begining: 276514
selfdapql rs_filelengh: 276514
selfdapql blocking update blocking_updates_count: 0
selfdapql blocking update avg total_blocking_time: 0.0
selfdapql RS_FILE_POINTER in end: 276514
selfdapql DN_FILE_POINTER in begining: 372236
selfdapql dn_filelength: 423977
selfdapql total operation time: 0.0
selfdapql total # operations: 0
selfdapql dfs avg read time: 0.0
selfdapql DN_FILE_POINTER in end: 423977
threshold: 0.2
threshold: 500.0
----------------------------------------------------------
selfdapql AM_FILE_POINTER in begining: 1772110
selfdapql filelengh: 1992820
log_evicted_initial: 6
log_evicted_last: 6
log_evicted_count: 0
storeFileSize: 2.2080727E-5
selfdapql AM_FILE_POINTER in end: 1992820
selfdapql RS_FILE_POINTER in begining: 276514
selfdapql rs_filelengh: 281410
selfdapql blocking update blocking_updates_count: 0
selfdapql blocking update avg total_blocking_time: 0.0
selfdapql RS_FILE_POINTER in end: 281410
selfdapql DN_FILE_POINTER in begining: 423977
selfdapql dn_filelength: 475654
selfdapql total operation time: 3.0
selfdapql total # operations: 2
selfdapql dfs avg read time: 1.5
selfdapql DN_FILE_POINTER in end: 475654
