SLF4J: Class path contains multiple SLF4J bindings.
SLF4J: Found binding in [jar:file:/home/hadoop/.m2/repository/org/slf4j/slf4j-log4j12/1.7.5/slf4j-log4j12-1.7.5.jar!/org/slf4j/impl/StaticLoggerBinder.class]
SLF4J: Found binding in [jar:file:/home/hadoop/hadoop-2.4.0/share/hadoop/common/lib/slf4j-log4j12-1.7.5.jar!/org/slf4j/impl/StaticLoggerBinder.class]
SLF4J: See http://www.slf4j.org/codes.html#multiple_bindings for an explanation.
SLF4J: Actual binding is of type [org.slf4j.impl.Log4jLoggerFactory]
OpenJDK 64-Bit Server VM warning: You have loaded library /home/hadoop/hadoop-2.4.0/lib/native/libhadoop.so.1.0.0 which might have disabled stack guard. The VM will try to fix the stack guard now.
It's highly recommended that you fix the library with 'execstack -c <libfile>', or link it with '-z noexecstack'.
memstore flush threshold: 100.0
----------------------------------------------------------
selfdapql AM_FILE_POINTER in begining: 0
selfdapql filelengh: 559406
log_evicted_initial: 0
log_evicted_last: 0
log_evicted_count: 0
storeFileSize: 0.1297313
selfdapql AM_FILE_POINTER in end: 559406
selfdapql RS_FILE_POINTER in begining: 0
selfdapql rs_filelengh: 286787
selfdapql blocking update blocking_updates_count: 0
selfdapql blocking update avg total_blocking_time: 0.0
selfdapql RS_FILE_POINTER in end: 286787
selfdapql DN_FILE_POINTER in begining: 0
selfdapql dn_filelength: 110911
selfdapql total operation time: 1447.0
selfdapql total # operations: 245
selfdapql dfs avg read time: 5.9061227
selfdapql DN_FILE_POINTER in end: 110911
memstore flush threshold: 100.0
----------------------------------------------------------
selfdapql AM_FILE_POINTER in begining: 559406
selfdapql filelengh: 1156148
log_evicted_initial: 0
log_evicted_last: 0
log_evicted_count: 0
storeFileSize: 1.8938051
selfdapql AM_FILE_POINTER in end: 1156148
selfdapql RS_FILE_POINTER in begining: 286787
selfdapql rs_filelengh: 1265803
selfdapql blocking update blocking_updates_count: 130
selfdapql blocking update avg total_blocking_time: 22720.63
selfdapql RS_FILE_POINTER in end: 1265803
selfdapql DN_FILE_POINTER in begining: 110911
selfdapql dn_filelength: 166323
selfdapql total operation time: 96584.0
selfdapql total # operations: 5518
selfdapql dfs avg read time: 17.503443
selfdapql DN_FILE_POINTER in end: 166323
selfdapql newBlockCacheSize: 0.35
selfdapql newMemstoreSize: 0.45000002
memstore flush threshold: 100.0
----------------------------------------------------------
selfdapql AM_FILE_POINTER in begining: 1156148
selfdapql filelengh: 1754165
log_evicted_initial: 0
log_evicted_last: 1930
log_evicted_count: 1930
storeFileSize: 3.6921854
selfdapql AM_FILE_POINTER in end: 1754165
selfdapql RS_FILE_POINTER in begining: 1265803
selfdapql rs_filelengh: 5933708
selfdapql blocking update blocking_updates_count: 192
selfdapql blocking update avg total_blocking_time: 13368.125
selfdapql RS_FILE_POINTER in end: 5933708
selfdapql DN_FILE_POINTER in begining: 166323
selfdapql dn_filelength: 222049
selfdapql total operation time: 515008.0
selfdapql total # operations: 10468
selfdapql dfs avg read time: 49.19832
selfdapql DN_FILE_POINTER in end: 222049
selfdapql newBlockCacheSize: 0.29999998
selfdapql newMemstoreSize: 0.5
memstore flush threshold: 100.0
----------------------------------------------------------
selfdapql AM_FILE_POINTER in begining: 1754165
selfdapql filelengh: 2353065
log_evicted_initial: 1930
log_evicted_last: 7797
log_evicted_count: 5867
storeFileSize: 5.538008
selfdapql AM_FILE_POINTER in end: 2353065
selfdapql RS_FILE_POINTER in begining: 5933708
selfdapql rs_filelengh: 12219418
selfdapql blocking update blocking_updates_count: 143
selfdapql blocking update avg total_blocking_time: 18154.924
selfdapql RS_FILE_POINTER in end: 12219418
selfdapql DN_FILE_POINTER in begining: 222049
selfdapql dn_filelength: 272055
selfdapql total operation time: 647942.0
selfdapql total # operations: 10429
selfdapql dfs avg read time: 62.128872
selfdapql DN_FILE_POINTER in end: 272055
selfdapql newBlockCacheSize: 0.24999999
selfdapql newMemstoreSize: 0.55
memstore flush threshold: 100.0
----------------------------------------------------------
selfdapql AM_FILE_POINTER in begining: 2353065
selfdapql filelengh: 2952569
log_evicted_initial: 7797
log_evicted_last: 12402
log_evicted_count: 4605
storeFileSize: 7.365546
selfdapql AM_FILE_POINTER in end: 2952569
selfdapql RS_FILE_POINTER in begining: 12219418
selfdapql rs_filelengh: 17781833
selfdapql blocking update blocking_updates_count: 60
selfdapql blocking update avg total_blocking_time: 44238.95
selfdapql RS_FILE_POINTER in end: 17781833
selfdapql DN_FILE_POINTER in begining: 272055
selfdapql dn_filelength: 333789
selfdapql total operation time: 882403.0
selfdapql total # operations: 12512
selfdapql dfs avg read time: 70.524536
selfdapql DN_FILE_POINTER in end: 333789
memstore flush threshold: 100.0
----------------------------------------------------------
selfdapql AM_FILE_POINTER in begining: 2952569
selfdapql filelengh: 3485411
log_evicted_initial: 12402
log_evicted_last: 12402
log_evicted_count: 0
storeFileSize: 8.526075
selfdapql AM_FILE_POINTER in end: 3485411
selfdapql RS_FILE_POINTER in begining: 17781833
selfdapql rs_filelengh: 22032626
selfdapql blocking update blocking_updates_count: 85
selfdapql blocking update avg total_blocking_time: 25998.295
selfdapql RS_FILE_POINTER in end: 22032626
selfdapql DN_FILE_POINTER in begining: 333789
selfdapql dn_filelength: 380893
selfdapql total operation time: 884866.0
selfdapql total # operations: 7998
selfdapql dfs avg read time: 110.63591
selfdapql DN_FILE_POINTER in end: 380893
selfdapql newBlockCacheSize: 0.19999999
selfdapql newMemstoreSize: 0.6
memstore flush threshold: 100.0
----------------------------------------------------------
selfdapql AM_FILE_POINTER in begining: 3485411
selfdapql filelengh: 4151933
log_evicted_initial: 12402
log_evicted_last: 23254
log_evicted_count: 10852
storeFileSize: 9.833908
selfdapql AM_FILE_POINTER in end: 4151933
selfdapql RS_FILE_POINTER in begining: 22032626
selfdapql rs_filelengh: 27211172
selfdapql blocking update blocking_updates_count: 119
selfdapql blocking update avg total_blocking_time: 12575.059
selfdapql RS_FILE_POINTER in end: 27211172
selfdapql DN_FILE_POINTER in begining: 380893
selfdapql dn_filelength: 433940
selfdapql total operation time: 986415.0
selfdapql total # operations: 9997
selfdapql dfs avg read time: 98.671104
selfdapql DN_FILE_POINTER in end: 433940
selfdapql newBlockCacheSize: 0.14999999
selfdapql newMemstoreSize: 0.65000004
memstore flush threshold: 100.0
----------------------------------------------------------
selfdapql AM_FILE_POINTER in begining: 4151933
selfdapql filelengh: 4751737
log_evicted_initial: 23254
log_evicted_last: 42140
log_evicted_count: 18886
storeFileSize: 10.907538
selfdapql AM_FILE_POINTER in end: 4751737
selfdapql RS_FILE_POINTER in begining: 27211172
selfdapql rs_filelengh: 31569492
selfdapql blocking update blocking_updates_count: 67
selfdapql blocking update avg total_blocking_time: 20721.225
selfdapql RS_FILE_POINTER in end: 31569492
selfdapql DN_FILE_POINTER in begining: 433940
selfdapql dn_filelength: 487037
selfdapql total operation time: 1005488.0
selfdapql total # operations: 9298
selfdapql dfs avg read time: 108.14024
selfdapql DN_FILE_POINTER in end: 487037
memstore flush threshold: 100.0
----------------------------------------------------------
selfdapql AM_FILE_POINTER in begining: 4751737
selfdapql filelengh: 5318370
log_evicted_initial: 43298
log_evicted_last: 51901
log_evicted_count: 8603
storeFileSize: 12.511732
selfdapql AM_FILE_POINTER in end: 5318370
selfdapql RS_FILE_POINTER in begining: 31569492
selfdapql rs_filelengh: 36134586
selfdapql blocking update blocking_updates_count: 40
selfdapql blocking update avg total_blocking_time: 143403.9
selfdapql RS_FILE_POINTER in end: 36134586
selfdapql DN_FILE_POINTER in begining: 487037
selfdapql dn_filelength: 543046
selfdapql total operation time: 674406.0
selfdapql total # operations: 8137
selfdapql dfs avg read time: 82.88141
selfdapql DN_FILE_POINTER in end: 543046
memstore flush threshold: 100.0
----------------------------------------------------------
selfdapql AM_FILE_POINTER in begining: 5318370
selfdapql filelengh: 6018305
log_evicted_initial: 51901
log_evicted_last: 64639
log_evicted_count: 12738
storeFileSize: 13.669939
selfdapql AM_FILE_POINTER in end: 6018305
selfdapql RS_FILE_POINTER in begining: 36134586
selfdapql rs_filelengh: 41689817
selfdapql blocking update blocking_updates_count: 60
selfdapql blocking update avg total_blocking_time: 78939.78
selfdapql RS_FILE_POINTER in end: 41689817
selfdapql DN_FILE_POINTER in begining: 543046
selfdapql dn_filelength: 599013
selfdapql total operation time: 1283988.0
selfdapql total # operations: 11699
selfdapql dfs avg read time: 109.751945
selfdapql DN_FILE_POINTER in end: 599013
memstore flush threshold: 100.0
----------------------------------------------------------
selfdapql AM_FILE_POINTER in begining: 6018305
selfdapql filelengh: 6618602
log_evicted_initial: 65798
log_evicted_last: 75179
log_evicted_count: 9381
storeFileSize: 15.172843
selfdapql AM_FILE_POINTER in end: 6618602
selfdapql RS_FILE_POINTER in begining: 41689817
selfdapql rs_filelengh: 47256099
