+ filename=case356
+ requestdistribution=
+ RESULT_DIR=/home/hadoop/git/physical_design/caseresult/case356
+ TEN=10
+ SIXTY=60
+ SLEEP_TIME=60
+ YCSB_DIR=/home/hadoop/ycsb-0.1.4
+ number_of_operations=25000000
+ number_of_threads=20
+ number_of_records=25000000
+ output_file_suffix=.dat
+ experiment_list_file=/home/hadoop/git/physical_design/case356.list
+ clean=false
+ create=false
+ load=false
+ random_read=false
+ workloada=false
+ workloadb=false
+ workloadc=false
+ workloadc1=false
+ scan=false
+ all=false
+ for i in '$@'
+ '[' case356 == all ']'
+ '[' case356 == clean ']'
+ '[' case356 == create ']'
+ '[' case356 == load ']'
+ '[' case356 == random_read ']'
+ '[' case356 == scan ']'
+ '[' case356 == workloada ']'
+ '[' case356 == workloadb ']'
+ '[' case356 == workloadc ']'
+ '[' case356 == workloadc1 ']'
+ '[' case356 == zipfian ']'
+ '[' case356 == uniform ']'
+ for i in '$@'
+ '[' clean == all ']'
+ '[' clean == clean ']'
+ clean=true
+ for i in '$@'
+ '[' create == all ']'
+ '[' create == clean ']'
+ '[' create == create ']'
+ create=true
+ for i in '$@'
+ '[' workloadc1 == all ']'
+ '[' workloadc1 == clean ']'
+ '[' workloadc1 == create ']'
+ '[' workloadc1 == load ']'
+ '[' workloadc1 == random_read ']'
+ '[' workloadc1 == scan ']'
+ '[' workloadc1 == workloada ']'
+ '[' workloadc1 == workloadb ']'
+ '[' workloadc1 == workloadc ']'
+ '[' workloadc1 == workloadc1 ']'
+ workloadc1=true
+ for i in '$@'
+ '[' zipfian == all ']'
+ '[' zipfian == clean ']'
+ '[' zipfian == create ']'
+ '[' zipfian == load ']'
+ '[' zipfian == random_read ']'
+ '[' zipfian == scan ']'
+ '[' zipfian == workloada ']'
+ '[' zipfian == workloadb ']'
+ '[' zipfian == workloadc ']'
+ '[' zipfian == workloadc1 ']'
+ '[' zipfian == zipfian ']'
+ requestdistribution=zipfian
+ let counter=1
+ cd /home/hadoop/ycsb-0.1.4
++ pwd
+ echo /home/hadoop/ycsb-0.1.4
/home/hadoop/ycsb-0.1.4
+ read line
+ false
+ true
+ echo 'sleeping for 60 ...'
sleeping for 60 ...
+ sleep 60
+ echo 'droping usertable...'
droping usertable...
+ ssh hadoop@slave1 /home/hadoop/hbase/bin/hbase-daemon.sh start regionserver
starting regionserver, logging to /home/hadoop/hbase/bin/../logs/hbase-hadoop-regionserver-sceplus-vm49.out
+ ssh hadoop@master /home/hadoop/hbase/bin/hbase shell /home/hadoop/git/physical_design/delete_table
2014-08-11 18:33:39,853 WARN  [main] util.NativeCodeLoader: Unable to load native-hadoop library for your platform... using builtin-java classes where applicable
0 row(s) in 2.9880 seconds

0 row(s) in 1.2900 seconds

0 row(s) in 0.0970 seconds

+ echo 'sleeping for 60 ...'
sleeping for 60 ...
+ sleep 60
+ false
+ true
+ echo 'creating usertable...'
creating usertable...
+ create_statement='create '\''usertable'\'', { NAME=>'\''family'\'', COMPRESSION=>'\''GZ'\''}, SPLITS => ['\''user1'\'', '\''user2'\'', '\''user3'\'', '\''user4'\'', '\''user5'\'', '\''user6'\'', '\''user7'\'', '\''user8'\'', '\''user9'\'']'
+ echo create ''\''usertable'\'',' '{' 'NAME=>'\''family'\'',' 'COMPRESSION=>'\''GZ'\''},' SPLITS '=>' '['\''user1'\'',' ''\''user2'\'',' ''\''user3'\'',' ''\''user4'\'',' ''\''user5'\'',' ''\''user6'\'',' ''\''user7'\'',' ''\''user8'\'',' ''\''user9'\'']'
+ echo 'exit '
+ scp /home/hadoop/git/physical_design/caseresult/case356/create_1.script hadoop@master:/home/hadoop/git/physical_design/caseresult/case356/create_1.script
+ create_table /home/hadoop/git/physical_design/caseresult/case356/create_1.script
+ echo 'creating table...'
creating table...
+ echo /home/hadoop/git/physical_design/caseresult/case356/create_1.script
/home/hadoop/git/physical_design/caseresult/case356/create_1.script
+ ssh hadoop@master /home/hadoop/hbase/bin/hbase shell /home/hadoop/git/physical_design/caseresult/case356/create_1.script
2014-08-11 18:34:51,263 WARN  [main] util.NativeCodeLoader: Unable to load native-hadoop library for your platform... using builtin-java classes where applicable
0 row(s) in 2.4860 seconds

+ echo 'sleeping for 10 sec ...'
sleeping for 10 sec ...
+ sleep 10
+ false
+ false
+ false
+ false
+ false
+ false
+ false
+ false
+ false
+ false
+ false
+ false
+ false
+ true
+ echo workloadc1...
workloadc1...
+ echo 'start time: '
start time: 
++ date +%s
+ echo 1407778838
1407778838
++ echo /home/hadoop/git/physical_design/caseresult/case356/workloadc1_1.dat
+ ./workloadc1 25000000 20 /home/hadoop/git/physical_design/caseresult/case356/workloadc1_1.dat
Loading workload...
Starting test.
2014-08-11 10:40:38:915 0 sec: 0 operations; 
14/08/11 10:40:39 INFO zookeeper.ZooKeeper: Client environment:zookeeper.version=3.4.6-1569965, built on 02/20/2014 09:09 GMT
14/08/11 10:40:39 INFO zookeeper.ZooKeeper: Client environment:host.name=sceplus-vm43.almaden.ibm.com
14/08/11 10:40:39 INFO zookeeper.ZooKeeper: Client environment:java.version=1.6.0_31
14/08/11 10:40:39 INFO zookeeper.ZooKeeper: Client environment:java.vendor=Sun Microsystems Inc.
14/08/11 10:40:39 INFO zookeeper.ZooKeeper: Client environment:java.home=/usr/lib/jvm/java-6-openjdk-amd64/jre
14/08/11 10:40:39 INFO zookeeper.ZooKeeper: Client environment:java.class.path=/home/hadoop/ycsb-0.1.4/hbase-binding/lib/hbase-binding-0.1.4.jar:/home/hadoop/ycsb-0.1.4/hbase-binding/conf:/home/hadoop/ycsb-0.1.4/core/lib/core-0.1.4.jar:/home/hadoop/ycsb-0.1.4/jdbc-binding/conf
14/08/11 10:40:39 INFO zookeeper.ZooKeeper: Client environment:java.library.path=/usr/lib/jvm/java-6-openjdk-amd64/jre/lib/amd64/server:/usr/lib/jvm/java-6-openjdk-amd64/jre/lib/amd64:/usr/lib/jvm/java-6-openjdk-amd64/jre/../lib/amd64:/usr/java/packages/lib/amd64:/usr/lib/jni:/lib:/usr/lib
14/08/11 10:40:39 INFO zookeeper.ZooKeeper: Client environment:java.io.tmpdir=/tmp
14/08/11 10:40:39 INFO zookeeper.ZooKeeper: Client environment:java.compiler=<NA>
14/08/11 10:40:39 INFO zookeeper.ZooKeeper: Client environment:os.name=Linux
14/08/11 10:40:39 INFO zookeeper.ZooKeeper: Client environment:os.arch=amd64
14/08/11 10:40:39 INFO zookeeper.ZooKeeper: Client environment:os.version=3.13.0-24-generic
14/08/11 10:40:39 INFO zookeeper.ZooKeeper: Client environment:user.name=hadoop
14/08/11 10:40:39 INFO zookeeper.ZooKeeper: Client environment:user.home=/home/hadoop
14/08/11 10:40:39 INFO zookeeper.ZooKeeper: Client environment:user.dir=/home/hadoop/ycsb-0.1.4
14/08/11 10:40:39 INFO zookeeper.ZooKeeper: Initiating client connection, connectString=sceplus-vm49.almaden.ibm.com:2181,sceplus-vm48.almaden.ibm.com:2181 sessionTimeout=90000 watcher=hconnection-0x62565cf8, quorum=sceplus-vm49.almaden.ibm.com:2181,sceplus-vm48.almaden.ibm.com:2181, baseZNode=/hbase
14/08/11 10:40:39 INFO zookeeper.RecoverableZooKeeper: Process identifier=hconnection-0x62565cf8 connecting to ZooKeeper ensemble=sceplus-vm49.almaden.ibm.com:2181,sceplus-vm48.almaden.ibm.com:2181
14/08/11 10:40:39 INFO zookeeper.ClientCnxn: Opening socket connection to server slave1/9.1.143.59:2181. Will not attempt to authenticate using SASL (unknown error)
14/08/11 10:40:39 INFO zookeeper.ClientCnxn: Socket connection established to slave1/9.1.143.59:2181, initiating session
14/08/11 10:40:39 INFO zookeeper.ClientCnxn: Session establishment complete on server slave1/9.1.143.59:2181, sessionid = 0x147c7d8499b0007, negotiated timeout = 90000
14/08/11 10:40:39 WARN util.DynamicClassLoader: Failed to identify the fs of dir hdfs://master:54310/hbase/lib, ignored
org.apache.hadoop.ipc.RemoteException: Server IPC version 9 cannot communicate with client version 4
	at org.apache.hadoop.ipc.Client.call(Client.java:1113)
	at org.apache.hadoop.ipc.RPC$Invoker.invoke(RPC.java:229)
	at com.sun.proxy.$Proxy5.getProtocolVersion(Unknown Source)
	at sun.reflect.NativeMethodAccessorImpl.invoke0(Native Method)
	at sun.reflect.NativeMethodAccessorImpl.invoke(NativeMethodAccessorImpl.java:57)
	at sun.reflect.DelegatingMethodAccessorImpl.invoke(DelegatingMethodAccessorImpl.java:43)
	at java.lang.reflect.Method.invoke(Method.java:622)
	at org.apache.hadoop.io.retry.RetryInvocationHandler.invokeMethod(RetryInvocationHandler.java:85)
	at org.apache.hadoop.io.retry.RetryInvocationHandler.invoke(RetryInvocationHandler.java:62)
	at com.sun.proxy.$Proxy5.getProtocolVersion(Unknown Source)
	at org.apache.hadoop.ipc.RPC.checkVersion(RPC.java:422)
	at org.apache.hadoop.hdfs.DFSClient.createNamenode(DFSClient.java:183)
	at org.apache.hadoop.hdfs.DFSClient.<init>(DFSClient.java:281)
	at org.apache.hadoop.hdfs.DFSClient.<init>(DFSClient.java:245)
	at org.apache.hadoop.hdfs.DistributedFileSystem.initialize(DistributedFileSystem.java:100)
	at org.apache.hadoop.fs.FileSystem.createFileSystem(FileSystem.java:1446)
	at org.apache.hadoop.fs.FileSystem.access$200(FileSystem.java:67)
	at org.apache.hadoop.fs.FileSystem$Cache.get(FileSystem.java:1464)
	at org.apache.hadoop.fs.FileSystem.get(FileSystem.java:263)
	at org.apache.hadoop.fs.Path.getFileSystem(Path.java:187)
	at org.apache.hadoop.hbase.util.DynamicClassLoader.<init>(DynamicClassLoader.java:104)
	at org.apache.hadoop.hbase.protobuf.ProtobufUtil.<clinit>(ProtobufUtil.java:202)
	at org.apache.hadoop.hbase.ClusterId.parseFrom(ClusterId.java:64)
	at org.apache.hadoop.hbase.zookeeper.ZKClusterId.readClusterIdZNode(ZKClusterId.java:69)
	at org.apache.hadoop.hbase.client.ZooKeeperRegistry.getClusterId(ZooKeeperRegistry.java:83)
	at org.apache.hadoop.hbase.client.HConnectionManager$HConnectionImplementation.retrieveClusterId(HConnectionManager.java:858)
	at org.apache.hadoop.hbase.client.HConnectionManager$HConnectionImplementation.<init>(HConnectionManager.java:663)
	at sun.reflect.NativeConstructorAccessorImpl.newInstance0(Native Method)
	at sun.reflect.NativeConstructorAccessorImpl.newInstance(NativeConstructorAccessorImpl.java:57)
	at sun.reflect.DelegatingConstructorAccessorImpl.newInstance(DelegatingConstructorAccessorImpl.java:45)
	at java.lang.reflect.Constructor.newInstance(Constructor.java:534)
	at org.apache.hadoop.hbase.client.HConnectionManager.createConnection(HConnectionManager.java:415)
	at org.apache.hadoop.hbase.client.HConnectionManager.createConnection(HConnectionManager.java:394)
	at org.apache.hadoop.hbase.client.HConnectionManager.getConnection(HConnectionManager.java:275)
	at org.apache.hadoop.hbase.client.HTable.<init>(HTable.java:197)
	at org.apache.hadoop.hbase.client.HTable.<init>(HTable.java:159)
	at com.yahoo.ycsb.db.HBaseClient.getHTable(HBaseClient.java:118)
	at com.yahoo.ycsb.db.HBaseClient.update(HBaseClient.java:302)
	at com.yahoo.ycsb.db.HBaseClient.insert(HBaseClient.java:357)
	at com.yahoo.ycsb.DBWrapper.insert(DBWrapper.java:148)
	at com.yahoo.ycsb.workloads.CoreWorkload.doTransactionInsert(CoreWorkload.java:639)
	at com.yahoo.ycsb.workloads.CoreWorkload.doTransaction(CoreWorkload.java:487)
	at com.yahoo.ycsb.ClientThread.run(Client.java:241)
2014-08-11 10:40:48:916 10 sec: 192309 operations; 19227.05 current ops/sec; [INSERT AverageLatency(us)=372.8] [READ AverageLatency(us)=46797.59] 
2014-08-11 10:40:58:917 20 sec: 469119 operations; 27678.23 current ops/sec; [INSERT AverageLatency(us)=15.72] [READ AverageLatency(us)=77746.11] 
2014-08-11 10:41:08:918 30 sec: 683015 operations; 21387.46 current ops/sec; [INSERT AverageLatency(us)=13.97] [READ AverageLatency(us)=87114.64] 
2014-08-11 10:41:18:918 40 sec: 922660 operations; 23964.5 current ops/sec; [INSERT AverageLatency(us)=15.08] [READ AverageLatency(us)=79967.37] 
2014-08-11 10:41:28:919 50 sec: 1164088 operations; 24140.39 current ops/sec; [INSERT AverageLatency(us)=15.49] [READ AverageLatency(us)=84990.74] 
2014-08-11 10:41:38:919 60 sec: 1361939 operations; 19785.1 current ops/sec; [INSERT AverageLatency(us)=15.91] [READ AverageLatency(us)=98342.27] 
2014-08-11 10:41:48:920 70 sec: 1538404 operations; 17644.74 current ops/sec; [INSERT AverageLatency(us)=14.92] [READ AverageLatency(us)=112736.54] 
2014-08-11 10:41:58:922 80 sec: 1719496 operations; 18105.58 current ops/sec; [INSERT AverageLatency(us)=18.13] [READ AverageLatency(us)=94377.78] 
2014-08-11 10:42:08:923 90 sec: 1719496 operations; 0 current ops/sec;   
2014-08-11 10:42:18:925 100 sec: 1719496 operations; 0 current ops/sec;   
2014-08-11 10:42:28:925 110 sec: 1719496 operations; 0 current ops/sec;   
2014-08-11 10:42:38:927 120 sec: 1719496 operations; 0 current ops/sec;   
2014-08-11 10:42:48:928 130 sec: 1719496 operations; 0 current ops/sec;   
2014-08-11 10:42:58:929 140 sec: 1719496 operations; 0 current ops/sec;   
2014-08-11 10:43:08:930 150 sec: 1781108 operations; 6160.58 current ops/sec; [INSERT AverageLatency(us)=17.39] [READ AverageLatency(us)=2257432.25] 
2014-08-11 10:43:18:932 160 sec: 1994509 operations; 21335.83 current ops/sec; [INSERT AverageLatency(us)=15.23] [READ AverageLatency(us)=97372.08] 
2014-08-11 10:43:28:934 170 sec: 2153062 operations; 15852.13 current ops/sec; [INSERT AverageLatency(us)=13.73] [READ AverageLatency(us)=117395.74] 
2014-08-11 10:43:38:935 180 sec: 2315555 operations; 16247.68 current ops/sec; [INSERT AverageLatency(us)=14.28] [READ AverageLatency(us)=126842.7] 
2014-08-11 10:43:48:937 190 sec: 2414227 operations; 9865.23 current ops/sec; [INSERT AverageLatency(us)=13.83] [READ AverageLatency(us)=94403.03] 
2014-08-11 10:43:58:939 200 sec: 2420189 operations; 596.08 current ops/sec; [INSERT AverageLatency(us)=15485.87] [READ AverageLatency(us)=21128.17] 
2014-08-11 10:44:08:947 210 sec: 2564596 operations; 14429.16 current ops/sec; [INSERT AverageLatency(us)=1684.03] [READ AverageLatency(us)=120735.29] 
2014-08-11 10:44:18:948 220 sec: 2780462 operations; 21584.44 current ops/sec; [INSERT AverageLatency(us)=14.92] [READ AverageLatency(us)=80990.81] 
2014-08-11 10:44:28:950 230 sec: 2888556 operations; 10807.24 current ops/sec; [INSERT AverageLatency(us)=15.22] [READ AverageLatency(us)=49803.41] 
2014-08-11 10:44:38:952 240 sec: 2925827 operations; 3726.35 current ops/sec; [INSERT AverageLatency(us)=8922.54] [READ AverageLatency(us)=23906.62] 
2014-08-11 10:44:48:953 250 sec: 3193239 operations; 26738.53 current ops/sec; [INSERT AverageLatency(us)=14.53] [READ AverageLatency(us)=75616.14] 
2014-08-11 10:44:58:954 260 sec: 3438769 operations; 24550.54 current ops/sec; [INSERT AverageLatency(us)=17.88] [READ AverageLatency(us)=65089.09] 
2014-08-11 10:45:08:956 270 sec: 3455448 operations; 1667.57 current ops/sec; [INSERT AverageLatency(us)=13204.71] [READ AverageLatency(us)=15191.68] 
2014-08-11 10:45:18:957 280 sec: 3674958 operations; 21951 current ops/sec; [INSERT AverageLatency(us)=237.42] [READ AverageLatency(us)=74652.05] 
2014-08-11 10:45:28:957 290 sec: 3913004 operations; 23802.22 current ops/sec; [INSERT AverageLatency(us)=14.96] [READ AverageLatency(us)=66747.34] 
2014-08-11 10:45:38:958 300 sec: 3914148 operations; 114.39 current ops/sec; [INSERT AverageLatency(us)=33377.04] [READ AverageLatency(us)=2176.43] 
2014-08-11 10:45:48:959 310 sec: 4126620 operations; 21245.08 current ops/sec; [INSERT AverageLatency(us)=1120.14] [READ AverageLatency(us)=78808.98] 
2014-08-11 10:45:58:959 320 sec: 4355460 operations; 22884 current ops/sec; [INSERT AverageLatency(us)=15.73] [READ AverageLatency(us)=85448.1] 
2014-08-11 10:46:08:960 330 sec: 4557991 operations; 20251.07 current ops/sec; [INSERT AverageLatency(us)=319.93] [READ AverageLatency(us)=55154.1] 
2014-08-11 10:46:18:962 340 sec: 4676943 operations; 11892.82 current ops/sec; [INSERT AverageLatency(us)=949.97] [READ AverageLatency(us)=93830.23] 
2014-08-11 10:46:29:024 350 sec: 4925766 operations; 24728.98 current ops/sec; [INSERT AverageLatency(us)=15.06] [READ AverageLatency(us)=79718.8] 
2014-08-11 10:46:39:025 360 sec: 5022893 operations; 9711.73 current ops/sec; [INSERT AverageLatency(us)=18.44] [READ AverageLatency(us)=55835.6] 
2014-08-11 10:46:49:026 370 sec: 5149899 operations; 12699.33 current ops/sec; [INSERT AverageLatency(us)=1652.85] [READ AverageLatency(us)=99479.33] 
2014-08-11 10:46:59:028 380 sec: 5309236 operations; 15930.51 current ops/sec; [INSERT AverageLatency(us)=90.74] [READ AverageLatency(us)=58777.09] 
2014-08-11 10:47:09:029 390 sec: 5527352 operations; 21809.42 current ops/sec; [INSERT AverageLatency(us)=767.35] [READ AverageLatency(us)=67227.82] 
2014-08-11 10:47:19:030 400 sec: 5582397 operations; 5503.95 current ops/sec; [INSERT AverageLatency(us)=22.64] [READ AverageLatency(us)=54477.31] 
2014-08-11 10:47:29:032 410 sec: 5710095 operations; 12767.25 current ops/sec; [INSERT AverageLatency(us)=2194.61] [READ AverageLatency(us)=68237] 
2014-08-11 10:47:39:032 420 sec: 5900165 operations; 19007 current ops/sec; [INSERT AverageLatency(us)=19.13] [READ AverageLatency(us)=68467.85] 
2014-08-11 10:47:49:034 430 sec: 6033548 operations; 13335.63 current ops/sec; [INSERT AverageLatency(us)=880.59] [READ AverageLatency(us)=121286.09] 
2014-08-11 10:47:59:035 440 sec: 6194183 operations; 16061.89 current ops/sec; [INSERT AverageLatency(us)=12.88] [READ AverageLatency(us)=40343.92] 
2014-08-11 10:48:09:036 450 sec: 6279855 operations; 8566.34 current ops/sec; [INSERT AverageLatency(us)=3087.48] [READ AverageLatency(us)=82517.05] 
2014-08-11 10:48:19:036 460 sec: 6512028 operations; 23217.3 current ops/sec; [INSERT AverageLatency(us)=16.57] [READ AverageLatency(us)=77558.09] 
2014-08-11 10:48:29:049 470 sec: 6699971 operations; 18769.9 current ops/sec; [INSERT AverageLatency(us)=361.37] [READ AverageLatency(us)=75326.49] 
2014-08-11 10:48:39:049 480 sec: 6810788 operations; 11081.7 current ops/sec; [INSERT AverageLatency(us)=12] [READ AverageLatency(us)=48012.26] 
2014-08-11 10:48:49:051 490 sec: 6829474 operations; 1868.23 current ops/sec; [INSERT AverageLatency(us)=17400.47] [READ AverageLatency(us)=45394.1] 
2014-08-11 10:48:59:052 500 sec: 7070684 operations; 24118.59 current ops/sec; [INSERT AverageLatency(us)=14.48] [READ AverageLatency(us)=83026.37] 
2014-08-11 10:49:09:054 510 sec: 7315372 operations; 24463.91 current ops/sec; [INSERT AverageLatency(us)=19.35] [READ AverageLatency(us)=81675.47] 
2014-08-11 10:49:19:055 520 sec: 7495608 operations; 18023.6 current ops/sec; [INSERT AverageLatency(us)=425.91] [READ AverageLatency(us)=58821.21] 
2014-08-11 10:49:29:055 530 sec: 7654551 operations; 15892.71 current ops/sec; [INSERT AverageLatency(us)=483.39] [READ AverageLatency(us)=55234.66] 
2014-08-11 10:49:39:056 540 sec: 7887616 operations; 23304.17 current ops/sec; [INSERT AverageLatency(us)=252.38] [READ AverageLatency(us)=81047.83] 
2014-08-11 10:49:49:057 550 sec: 8082890 operations; 19525.45 current ops/sec; [INSERT AverageLatency(us)=174.38] [READ AverageLatency(us)=87457.15] 
2014-08-11 10:49:59:058 560 sec: 8210149 operations; 12724.63 current ops/sec; [INSERT AverageLatency(us)=11.65] [READ AverageLatency(us)=44752.23] 
2014-08-11 10:50:09:658 570 sec: 8211733 operations; 149.43 current ops/sec; [INSERT AverageLatency(us)=53816.86] [READ AverageLatency(us)=173543.67] 
2014-08-11 10:50:19:659 580 sec: 8407812 operations; 19605.94 current ops/sec; [INSERT AverageLatency(us)=1475.08] [READ AverageLatency(us)=88850.27] 
2014-08-11 10:50:29:660 590 sec: 8673981 operations; 26614.24 current ops/sec; [INSERT AverageLatency(us)=12.39] [READ AverageLatency(us)=71169.15] 
2014-08-11 10:50:39:661 600 sec: 8850544 operations; 17654.53 current ops/sec; [INSERT AverageLatency(us)=13.29] [READ AverageLatency(us)=71649.54] 
2014-08-11 10:50:49:663 610 sec: 8976395 operations; 12582.58 current ops/sec; [INSERT AverageLatency(us)=1556.22] [READ AverageLatency(us)=51373.64] 
2014-08-11 10:50:59:664 620 sec: 9138790 operations; 16237.88 current ops/sec; [INSERT AverageLatency(us)=781.66] [READ AverageLatency(us)=54666.61] 
2014-08-11 10:51:09:664 630 sec: 9343832 operations; 20504.2 current ops/sec; [INSERT AverageLatency(us)=105.85] [READ AverageLatency(us)=70936.06] 
2014-08-11 10:51:19:665 640 sec: 9343832 operations; 0 current ops/sec;   
2014-08-11 10:51:29:666 650 sec: 9368942 operations; 2510.75 current ops/sec; [INSERT AverageLatency(us)=15790.12] [READ AverageLatency(us)=149072.06] 
2014-08-11 10:51:39:667 660 sec: 9636097 operations; 26712.83 current ops/sec; [INSERT AverageLatency(us)=14.54] [READ AverageLatency(us)=72635.39] 
2014-08-11 10:51:49:669 670 sec: 9863034 operations; 22689.16 current ops/sec; [INSERT AverageLatency(us)=19.46] [READ AverageLatency(us)=82055.65] 
2014-08-11 10:51:59:670 680 sec: 9909808 operations; 4676.93 current ops/sec; [INSERT AverageLatency(us)=11.15] [READ AverageLatency(us)=71400.2] 
2014-08-11 10:52:09:672 690 sec: 9909808 operations; 0 current ops/sec;   
2014-08-11 10:52:19:674 700 sec: 9909808 operations; 0 current ops/sec;   
2014-08-11 10:52:29:675 710 sec: 9953320 operations; 4350.33 current ops/sec; [INSERT AverageLatency(us)=13.38] [READ AverageLatency(us)=1666559.34] 
2014-08-11 10:52:39:677 720 sec: 10026951 operations; 7361.63 current ops/sec; [INSERT AverageLatency(us)=12.77] [READ AverageLatency(us)=50309.34] 
2014-08-11 10:52:49:678 730 sec: 10039843 operations; 1289.07 current ops/sec; [INSERT AverageLatency(us)=28073.22] [READ AverageLatency(us)=27459.8] 
2014-08-11 10:52:59:680 740 sec: 10158132 operations; 11826.53 current ops/sec; [INSERT AverageLatency(us)=515.17] [READ AverageLatency(us)=89573.18] 
2014-08-11 10:53:09:682 750 sec: 10337136 operations; 17896.82 current ops/sec; [INSERT AverageLatency(us)=13.1] [READ AverageLatency(us)=115067.46] 
2014-08-11 10:53:19:683 760 sec: 10496558 operations; 15940.61 current ops/sec; [INSERT AverageLatency(us)=14.66] [READ AverageLatency(us)=78758.39] 
2014-08-11 10:53:29:685 770 sec: 10496558 operations; 0 current ops/sec;   
2014-08-11 10:53:39:687 780 sec: 10548923 operations; 5235.45 current ops/sec; [INSERT AverageLatency(us)=8309.24] [READ AverageLatency(us)=112013.05] 
2014-08-11 10:53:49:688 790 sec: 10806055 operations; 25710.63 current ops/sec; [INSERT AverageLatency(us)=21.97] [READ AverageLatency(us)=71422.68] 
2014-08-11 10:53:59:690 800 sec: 11030241 operations; 22414.12 current ops/sec; [INSERT AverageLatency(us)=13.76] [READ AverageLatency(us)=89506.34] 
2014-08-11 10:54:09:692 810 sec: 11141660 operations; 11139.67 current ops/sec; [INSERT AverageLatency(us)=10.68] [READ AverageLatency(us)=47942.78] 
2014-08-11 10:54:19:694 820 sec: 11183425 operations; 4176.08 current ops/sec; [INSERT AverageLatency(us)=7679.29] [READ AverageLatency(us)=63386.37] 
2014-08-11 10:54:29:695 830 sec: 11444329 operations; 26085.18 current ops/sec; [INSERT AverageLatency(us)=12.23] [READ AverageLatency(us)=76392.47] 
2014-08-11 10:54:39:697 840 sec: 11681276 operations; 23689.96 current ops/sec; [INSERT AverageLatency(us)=12.06] [READ AverageLatency(us)=87929.09] 
2014-08-11 10:54:49:698 850 sec: 11744050 operations; 6276.77 current ops/sec; [INSERT AverageLatency(us)=9.59] [READ AverageLatency(us)=18485.88] 
2014-08-11 10:54:59:699 860 sec: 11928039 operations; 18397.06 current ops/sec; [INSERT AverageLatency(us)=1324.72] [READ AverageLatency(us)=80934.1] 
2014-08-11 10:55:09:701 870 sec: 12174017 operations; 24592.88 current ops/sec; [INSERT AverageLatency(us)=13.56] [READ AverageLatency(us)=78780.32] 
2014-08-11 10:55:19:702 880 sec: 12284800 operations; 11077.19 current ops/sec; [INSERT AverageLatency(us)=12.75] [READ AverageLatency(us)=41649.04] 
2014-08-11 10:55:29:704 890 sec: 12288970 operations; 416.92 current ops/sec; [INSERT AverageLatency(us)=37791.87] [READ AverageLatency(us)=23669.42] 
2014-08-11 10:55:39:706 900 sec: 12518458 operations; 22944.21 current ops/sec; [INSERT AverageLatency(us)=884.37] [READ AverageLatency(us)=83923.73] 
2014-08-11 10:55:49:708 910 sec: 12710277 operations; 19178.06 current ops/sec; [INSERT AverageLatency(us)=12.82] [READ AverageLatency(us)=88162.85] 
2014-08-11 10:55:59:708 920 sec: 12710277 operations; 0 current ops/sec;   
2014-08-11 10:56:09:709 930 sec: 12710277 operations; 0 current ops/sec;   
2014-08-11 10:56:19:710 940 sec: 12710277 operations; 0 current ops/sec;   
2014-08-11 10:56:29:712 950 sec: 12835111 operations; 12480.9 current ops/sec; [INSERT AverageLatency(us)=12.88] [READ AverageLatency(us)=514360.37] 
2014-08-11 10:56:39:714 960 sec: 12950922 operations; 11578.78 current ops/sec; [INSERT AverageLatency(us)=2332.3] [READ AverageLatency(us)=65922.97] 
2014-08-11 10:56:49:715 970 sec: 13162338 operations; 21139.49 current ops/sec; [INSERT AverageLatency(us)=11.65] [READ AverageLatency(us)=64642.48] 
2014-08-11 10:56:59:717 980 sec: 13196026 operations; 3368.13 current ops/sec; [INSERT AverageLatency(us)=6149.8] [READ AverageLatency(us)=78724.36] 
2014-08-11 10:57:09:718 990 sec: 13339290 operations; 14324.97 current ops/sec; [INSERT AverageLatency(us)=628.02] [READ AverageLatency(us)=49979.77] 
2014-08-11 10:57:19:719 1000 sec: 13570209 operations; 23089.59 current ops/sec; [INSERT AverageLatency(us)=349.35] [READ AverageLatency(us)=80138.66] 
2014-08-11 10:57:29:721 1010 sec: 13571998 operations; 178.86 current ops/sec; [INSERT AverageLatency(us)=71492.1] [READ AverageLatency(us)=5366.5] 
2014-08-11 10:57:39:723 1020 sec: 13772025 operations; 19998.7 current ops/sec; [INSERT AverageLatency(us)=514.99] [READ AverageLatency(us)=89410.1] 
2014-08-11 10:57:49:724 1030 sec: 14020938 operations; 24888.81 current ops/sec; [INSERT AverageLatency(us)=13.63] [READ AverageLatency(us)=75610.61] 
2014-08-11 10:57:59:726 1040 sec: 14172665 operations; 15169.67 current ops/sec; [INSERT AverageLatency(us)=14.66] [READ AverageLatency(us)=59958.45] 
2014-08-11 10:58:09:728 1050 sec: 14193582 operations; 2091.49 current ops/sec; [INSERT AverageLatency(us)=13552.39] [READ AverageLatency(us)=69531.08] 
2014-08-11 10:58:19:729 1060 sec: 14431757 operations; 23812.74 current ops/sec; [INSERT AverageLatency(us)=25.52] [READ AverageLatency(us)=84505.16] 
2014-08-11 10:58:29:730 1070 sec: 14536645 operations; 10487.75 current ops/sec; [INSERT AverageLatency(us)=13.96] [READ AverageLatency(us)=66032.87] 
2014-08-11 10:58:39:732 1080 sec: 14536645 operations; 0 current ops/sec;   
2014-08-11 10:58:50:296 1091 sec: 14709662 operations; 16377.98 current ops/sec; [INSERT AverageLatency(us)=17.25] [READ AverageLatency(us)=299521.37] 
2014-08-11 10:59:00:297 1101 sec: 14770768 operations; 6110.6 current ops/sec; [INSERT AverageLatency(us)=1749.84] [READ AverageLatency(us)=43667.25] 
2014-08-11 10:59:10:297 1111 sec: 15000191 operations; 22940.01 current ops/sec; [INSERT AverageLatency(us)=422.85] [READ AverageLatency(us)=83291.56] 
2014-08-11 10:59:20:298 1121 sec: 15255595 operations; 25537.85 current ops/sec; [INSERT AverageLatency(us)=12.96] [READ AverageLatency(us)=70821.33] 
2014-08-11 10:59:30:298 1131 sec: 15452983 operations; 19738.8 current ops/sec; [INSERT AverageLatency(us)=12.22] [READ AverageLatency(us)=71940.89] 
2014-08-11 10:59:40:299 1141 sec: 15452983 operations; 0 current ops/sec;   
2014-08-11 10:59:50:301 1151 sec: 15623797 operations; 17077.98 current ops/sec; [INSERT AverageLatency(us)=929.37] [READ AverageLatency(us)=168347.71] 
2014-08-11 11:00:00:303 1161 sec: 15860977 operations; 23713.26 current ops/sec; [INSERT AverageLatency(us)=17.4] [READ AverageLatency(us)=91052.32] 
2014-08-11 11:00:10:304 1171 sec: 16055824 operations; 19482.75 current ops/sec; [INSERT AverageLatency(us)=12.82] [READ AverageLatency(us)=52855.22] 
2014-08-11 11:00:20:306 1181 sec: 16073824 operations; 1799.64 current ops/sec; [INSERT AverageLatency(us)=15456.35] [READ AverageLatency(us)=55659.64] 
2014-08-11 11:00:30:325 1191 sec: 16303714 operations; 22945.4 current ops/sec; [INSERT AverageLatency(us)=22.09] [READ AverageLatency(us)=86980.96] 
2014-08-11 11:00:40:327 1201 sec: 16535244 operations; 23148.37 current ops/sec; [INSERT AverageLatency(us)=13.31] [READ AverageLatency(us)=77527.58] 
2014-08-11 11:00:50:329 1211 sec: 16596603 operations; 6134.67 current ops/sec; [INSERT AverageLatency(us)=14.45] [READ AverageLatency(us)=55468.75] 
2014-08-11 11:01:00:331 1221 sec: 16706645 operations; 11003.1 current ops/sec; [INSERT AverageLatency(us)=2682.54] [READ AverageLatency(us)=73371.76] 
2014-08-11 11:01:10:332 1231 sec: 16924565 operations; 21787.64 current ops/sec; [INSERT AverageLatency(us)=12.04] [READ AverageLatency(us)=94681.69] 
2014-08-11 11:01:20:333 1241 sec: 17156259 operations; 23167.08 current ops/sec; [INSERT AverageLatency(us)=17.41] [READ AverageLatency(us)=76853.83] 
2014-08-11 11:01:30:335 1251 sec: 17156259 operations; 0 current ops/sec;   
2014-08-11 11:01:40:336 1261 sec: 17194186 operations; 3792.32 current ops/sec; [INSERT AverageLatency(us)=10031.35] [READ AverageLatency(us)=100213.09] 
2014-08-11 11:01:50:338 1271 sec: 17459120 operations; 26488.1 current ops/sec; [INSERT AverageLatency(us)=13.15] [READ AverageLatency(us)=78131.9] 
2014-08-11 11:02:00:340 1281 sec: 17680937 operations; 22177.26 current ops/sec; [INSERT AverageLatency(us)=11.47] [READ AverageLatency(us)=73982.25] 
2014-08-11 11:02:10:342 1291 sec: 17680937 operations; 0 current ops/sec;   
2014-08-11 11:02:20:343 1301 sec: 17680937 operations; 0 current ops/sec;   
2014-08-11 11:02:30:345 1311 sec: 17761566 operations; 8061.29 current ops/sec; [INSERT AverageLatency(us)=904.13] [READ AverageLatency(us)=702481.58] 
2014-08-11 11:02:40:346 1321 sec: 17872442 operations; 11086.49 current ops/sec; [INSERT AverageLatency(us)=132.74] [READ AverageLatency(us)=57764.61] 
2014-08-11 11:02:50:348 1331 sec: 17910414 operations; 3796.44 current ops/sec; [INSERT AverageLatency(us)=1875.15] [READ AverageLatency(us)=20796.55] 
2014-08-11 11:03:00:350 1341 sec: 17920297 operations; 988.1 current ops/sec; [INSERT AverageLatency(us)=28547.81] [READ AverageLatency(us)=21156.68] 
2014-08-11 11:03:10:351 1351 sec: 18176526 operations; 25620.34 current ops/sec; [INSERT AverageLatency(us)=656.74] [READ AverageLatency(us)=77430.8] 
2014-08-11 11:03:20:353 1361 sec: 18329576 operations; 15301.94 current ops/sec; [INSERT AverageLatency(us)=580.9] [READ AverageLatency(us)=66448.72] 
2014-08-11 11:03:30:354 1371 sec: 18541381 operations; 21178.38 current ops/sec; [INSERT AverageLatency(us)=14.18] [READ AverageLatency(us)=62215.97] 
2014-08-11 11:03:40:356 1381 sec: 18554541 operations; 1315.74 current ops/sec; [INSERT AverageLatency(us)=17679.17] [READ AverageLatency(us)=296127.05] 
2014-08-11 11:03:50:358 1391 sec: 18835916 operations; 28131.87 current ops/sec; [INSERT AverageLatency(us)=13.82] [READ AverageLatency(us)=61556.36] 
2014-08-11 11:04:00:359 1401 sec: 19034365 operations; 19842.92 current ops/sec; [INSERT AverageLatency(us)=297.98] [READ AverageLatency(us)=83632.86] 
2014-08-11 11:04:10:360 1411 sec: 19101125 operations; 6675.33 current ops/sec; [INSERT AverageLatency(us)=9.91] [READ AverageLatency(us)=27645.74] 
2014-08-11 11:04:20:361 1421 sec: 19203126 operations; 10200.1 current ops/sec; [INSERT AverageLatency(us)=2850.72] [READ AverageLatency(us)=89717.47] 
2014-08-11 11:04:30:361 1431 sec: 19453485 operations; 25033.4 current ops/sec; [INSERT AverageLatency(us)=14.36] [READ AverageLatency(us)=79821.59] 
2014-08-11 11:04:40:362 1441 sec: 19660854 operations; 20734.83 current ops/sec; [INSERT AverageLatency(us)=12.48] [READ AverageLatency(us)=58463.63] 
2014-08-11 11:04:50:363 1451 sec: 19689331 operations; 2847.42 current ops/sec; [INSERT AverageLatency(us)=2662.25] [READ AverageLatency(us)=18561.54] 
2014-08-11 11:05:00:363 1461 sec: 19876189 operations; 18685.8 current ops/sec; [INSERT AverageLatency(us)=1159.25] [READ AverageLatency(us)=90610.57] 
2014-08-11 11:05:10:364 1471 sec: 19983446 operations; 10724.63 current ops/sec; [INSERT AverageLatency(us)=12.74] [READ AverageLatency(us)=50931.66] 
2014-08-11 11:05:20:365 1481 sec: 20046707 operations; 6325.47 current ops/sec; [INSERT AverageLatency(us)=4615.12] [READ AverageLatency(us)=81063.71] 
2014-08-11 11:05:30:366 1491 sec: 20253773 operations; 20704.53 current ops/sec; [INSERT AverageLatency(us)=111.53] [READ AverageLatency(us)=91635.95] 
2014-08-11 11:05:40:367 1501 sec: 20452917 operations; 19912.41 current ops/sec; [INSERT AverageLatency(us)=19.97] [READ AverageLatency(us)=61836.94] 
2014-08-11 11:05:50:369 1511 sec: 20485388 operations; 3246.45 current ops/sec; [INSERT AverageLatency(us)=7250.82] [READ AverageLatency(us)=118305.65] 
2014-08-11 11:06:00:371 1521 sec: 20715006 operations; 22957.21 current ops/sec; [INSERT AverageLatency(us)=27.56] [READ AverageLatency(us)=89860.31] 
2014-08-11 11:06:10:372 1531 sec: 20936692 operations; 22166.38 current ops/sec; [INSERT AverageLatency(us)=12.13] [READ AverageLatency(us)=62562.57] 
2014-08-11 11:06:20:374 1541 sec: 20965534 operations; 2883.62 current ops/sec; [INSERT AverageLatency(us)=7516.74] [READ AverageLatency(us)=59195.29] 
2014-08-11 11:06:30:375 1551 sec: 21178231 operations; 21267.57 current ops/sec; [INSERT AverageLatency(us)=12.79] [READ AverageLatency(us)=99798.64] 
2014-08-11 11:06:40:377 1561 sec: 21416418 operations; 23813.94 current ops/sec; [INSERT AverageLatency(us)=114.53] [READ AverageLatency(us)=58987.1] 
2014-08-11 11:06:50:378 1571 sec: 21529617 operations; 11319.9 current ops/sec; [INSERT AverageLatency(us)=393.86] [READ AverageLatency(us)=65915.32] 
2014-08-11 11:07:00:378 1581 sec: 21552642 operations; 2302.27 current ops/sec; [INSERT AverageLatency(us)=11586.72] [READ AverageLatency(us)=271047.21] 
2014-08-11 11:07:10:380 1591 sec: 21809674 operations; 25698.06 current ops/sec; [INSERT AverageLatency(us)=41.15] [READ AverageLatency(us)=69122.53] 
2014-08-11 11:07:20:381 1601 sec: 22027730 operations; 21803.42 current ops/sec; [INSERT AverageLatency(us)=19.41] [READ AverageLatency(us)=68236.67] 
2014-08-11 11:07:30:383 1611 sec: 22060514 operations; 3277.74 current ops/sec; [INSERT AverageLatency(us)=6231.86] [READ AverageLatency(us)=146028.39] 
2014-08-11 11:07:40:385 1621 sec: 22248288 operations; 18773.65 current ops/sec; [INSERT AverageLatency(us)=303.34] [READ AverageLatency(us)=67317.21] 
2014-08-11 11:07:50:386 1631 sec: 22478467 operations; 23015.6 current ops/sec; [INSERT AverageLatency(us)=13.48] [READ AverageLatency(us)=59156.31] 
2014-08-11 11:08:00:387 1641 sec: 22487944 operations; 947.61 current ops/sec; [INSERT AverageLatency(us)=2483.87] [READ AverageLatency(us)=18715.68] 
2014-08-11 11:08:10:389 1651 sec: 22591022 operations; 10305.74 current ops/sec; [INSERT AverageLatency(us)=3458.7] [READ AverageLatency(us)=92200.2] 
2014-08-11 11:08:20:390 1661 sec: 22744070 operations; 15303.27 current ops/sec; [INSERT AverageLatency(us)=16.62] [READ AverageLatency(us)=57977.63] 
2014-08-11 11:08:30:392 1671 sec: 22853978 operations; 10988.6 current ops/sec; [INSERT AverageLatency(us)=2027.04] [READ AverageLatency(us)=77401.21] 
2014-08-11 11:08:40:394 1681 sec: 23069638 operations; 21561.69 current ops/sec; [INSERT AverageLatency(us)=205.43] [READ AverageLatency(us)=71567.84] 
2014-08-11 11:08:50:396 1691 sec: 23208887 operations; 13922.12 current ops/sec; [INSERT AverageLatency(us)=14.71] [READ AverageLatency(us)=51429.84] 
2014-08-11 11:09:00:398 1701 sec: 23389500 operations; 18057.69 current ops/sec; [INSERT AverageLatency(us)=1100.29] [READ AverageLatency(us)=63413.85] 
2014-08-11 11:09:10:399 1711 sec: 23455330 operations; 6582.34 current ops/sec; [INSERT AverageLatency(us)=737.44] [READ AverageLatency(us)=99692.71] 
2014-08-11 11:09:20:401 1721 sec: 23455330 operations; 0 current ops/sec;   
2014-08-11 11:09:30:403 1731 sec: 23455330 operations; 0 current ops/sec;   
2014-08-11 11:09:40:405 1741 sec: 23583519 operations; 12817.62 current ops/sec; [INSERT AverageLatency(us)=13.51] [READ AverageLatency(us)=451413.32] 
2014-08-11 11:09:50:406 1751 sec: 23789922 operations; 20636.17 current ops/sec; [INSERT AverageLatency(us)=841.69] [READ AverageLatency(us)=71398.48] 
2014-08-11 11:10:00:408 1761 sec: 23986773 operations; 19681.16 current ops/sec; [INSERT AverageLatency(us)=68.21] [READ AverageLatency(us)=67912.26] 
2014-08-11 11:10:10:410 1771 sec: 24069307 operations; 8251.75 current ops/sec; [INSERT AverageLatency(us)=2489.12] [READ AverageLatency(us)=69309.75] 
2014-08-11 11:10:20:412 1781 sec: 24307302 operations; 23794.74 current ops/sec; [INSERT AverageLatency(us)=15.5] [READ AverageLatency(us)=80932.46] 
2014-08-11 11:10:30:413 1791 sec: 24365831 operations; 5852.9 current ops/sec; [INSERT AverageLatency(us)=709.15] [READ AverageLatency(us)=16280.84] 
2014-08-11 11:10:40:413 1801 sec: 24552240 operations; 18639.04 current ops/sec; [UPDATE AverageLatency(us)=3619743] [INSERT AverageLatency(us)=957.76] [READ AverageLatency(us)=84484.3] [CLEANUP AverageLatency(us)=3621333] 
2014-08-11 11:10:50:414 1811 sec: 24699815 operations; 14756.02 current ops/sec; [UPDATE AverageLatency(us)=877485.5] [INSERT AverageLatency(us)=10.85] [READ AverageLatency(us)=47983.12] [CLEANUP AverageLatency(us)=877495.5] 
2014-08-11 11:11:00:416 1821 sec: 24850812 operations; 15096.68 current ops/sec; [UPDATE AverageLatency(us)=994630] [INSERT AverageLatency(us)=935.67] [READ AverageLatency(us)=61686.6] [CLEANUP AverageLatency(us)=994639.5] 
2014-08-11 11:11:10:139 1831 sec: 25000000 operations; 15343.82 current ops/sec; [UPDATE AverageLatency(us)=916905.5] [INSERT AverageLatency(us)=11.57] [READ AverageLatency(us)=41027.66] [CLEANUP AverageLatency(us)=916914.29] 
+ echo 'end time:'
end time:
++ date +%s
+ echo 1407780670
1407780670
+ echo 'sleeping for 10 sec ...'
sleeping for 10 sec ...
+ sleep 10
+ let counter=1+1
+ read line
+ set +x
