threshold: 700.0
threshold: 20000.0
----------------------------------------------------------
selfdapql AM_FILE_POINTER in begining: 0
selfdapql filelengh: 337585
log_evicted_initial: 0
log_evicted_last: 0
log_evicted_count: 0
storeFileSize: 0.12841262
selfdapql AM_FILE_POINTER in end: 337585
selfdapql RS_FILE_POINTER in begining: 0
selfdapql rs_filelengh: 378624
selfdapql blocking update blocking_updates_count: 0
selfdapql blocking update avg total_blocking_time: 0.0
selfdapql RS_FILE_POINTER in end: 378624
selfdapql DN_FILE_POINTER in begining: 0
selfdapql dn_filelength: 85988
selfdapql total operation time: 15371.0
selfdapql total # operations: 307
selfdapql dfs avg read time: 50.068405
selfdapql DN_FILE_POINTER in end: 85988
threshold: 700.0
threshold: 20000.0
----------------------------------------------------------
selfdapql AM_FILE_POINTER in begining: 337585
selfdapql filelengh: 1099848
log_evicted_initial: 0
log_evicted_last: 0
log_evicted_count: 0
storeFileSize: 1.7145082
selfdapql AM_FILE_POINTER in end: 1099848
selfdapql RS_FILE_POINTER in begining: 378624
selfdapql rs_filelengh: 1348176
selfdapql blocking update blocking_updates_count: 133
selfdapql blocking update avg total_blocking_time: 20340.812
selfdapql RS_FILE_POINTER in end: 1348176
selfdapql DN_FILE_POINTER in begining: 85988
selfdapql dn_filelength: 138602
selfdapql total operation time: 106023.0
selfdapql total # operations: 6025
selfdapql dfs avg read time: 17.597178
selfdapql DN_FILE_POINTER in end: 138602
selfdapql newBlockCacheSize: 0.35
selfdapql newMemstoreSize: 0.45000002
threshold: 700.0
threshold: 20000.0
----------------------------------------------------------
selfdapql AM_FILE_POINTER in begining: 1099848
selfdapql filelengh: 1697375
log_evicted_initial: 0
log_evicted_last: 0
log_evicted_count: 0
storeFileSize: 3.4278765
selfdapql AM_FILE_POINTER in end: 1697375
selfdapql RS_FILE_POINTER in begining: 1348176
selfdapql rs_filelengh: 4877443
selfdapql blocking update blocking_updates_count: 177
selfdapql blocking update avg total_blocking_time: 15526.351
selfdapql RS_FILE_POINTER in end: 4877443
selfdapql DN_FILE_POINTER in begining: 138602
selfdapql dn_filelength: 194292
selfdapql total operation time: 317033.0
selfdapql total # operations: 9068
selfdapql dfs avg read time: 34.961735
selfdapql DN_FILE_POINTER in end: 194292
selfdapql newBlockCacheSize: 0.29999998
selfdapql newMemstoreSize: 0.5
threshold: 700.0
threshold: 20000.0
----------------------------------------------------------
selfdapql AM_FILE_POINTER in begining: 1697375
selfdapql filelengh: 2296240
log_evicted_initial: 0
log_evicted_last: 4540
log_evicted_count: 4540
storeFileSize: 4.7886415
selfdapql AM_FILE_POINTER in end: 2296240
selfdapql RS_FILE_POINTER in begining: 4877443
selfdapql rs_filelengh: 9574362
selfdapql blocking update blocking_updates_count: 160
selfdapql blocking update avg total_blocking_time: 9846.975
selfdapql RS_FILE_POINTER in end: 9574362
selfdapql DN_FILE_POINTER in begining: 194292
selfdapql dn_filelength: 244200
selfdapql total operation time: 533066.0
selfdapql total # operations: 7371
selfdapql dfs avg read time: 72.31936
selfdapql DN_FILE_POINTER in end: 244200
threshold: 700.0
threshold: 20000.0
----------------------------------------------------------
selfdapql AM_FILE_POINTER in begining: 2296240
selfdapql filelengh: 2895522
log_evicted_initial: 4540
log_evicted_last: 7883
log_evicted_count: 3343
storeFileSize: 6.383654
selfdapql AM_FILE_POINTER in end: 2895522
selfdapql RS_FILE_POINTER in begining: 9574362
selfdapql rs_filelengh: 15140706
selfdapql blocking update blocking_updates_count: 60
selfdapql blocking update avg total_blocking_time: 57445.582
selfdapql RS_FILE_POINTER in end: 15140706
selfdapql DN_FILE_POINTER in begining: 244200
selfdapql dn_filelength: 300042
selfdapql total operation time: 865051.0
selfdapql total # operations: 11680
selfdapql dfs avg read time: 74.062584
selfdapql DN_FILE_POINTER in end: 300042
threshold: 700.0
threshold: 20000.0
----------------------------------------------------------
selfdapql AM_FILE_POINTER in begining: 2895522
selfdapql filelengh: 3495155
log_evicted_initial: 7883
log_evicted_last: 12343
log_evicted_count: 4460
storeFileSize: 8.053547
selfdapql AM_FILE_POINTER in end: 3495155
selfdapql RS_FILE_POINTER in begining: 15140706
selfdapql rs_filelengh: 20889220
selfdapql blocking update blocking_updates_count: 120
selfdapql blocking update avg total_blocking_time: 18503.6
selfdapql RS_FILE_POINTER in end: 20889220
selfdapql DN_FILE_POINTER in begining: 300042
selfdapql dn_filelength: 350021
selfdapql total operation time: 919309.0
selfdapql total # operations: 10353
selfdapql dfs avg read time: 88.79639
selfdapql DN_FILE_POINTER in end: 350021
threshold: 700.0
threshold: 20000.0
----------------------------------------------------------
selfdapql AM_FILE_POINTER in begining: 3495155
selfdapql filelengh: 4095131
log_evicted_initial: 12343
log_evicted_last: 18470
log_evicted_count: 6127
storeFileSize: 9.868678
selfdapql AM_FILE_POINTER in end: 4095131
selfdapql RS_FILE_POINTER in begining: 20889220
selfdapql rs_filelengh: 26848260
selfdapql blocking update blocking_updates_count: 60
selfdapql blocking update avg total_blocking_time: 58282.367
selfdapql RS_FILE_POINTER in end: 26848260
selfdapql DN_FILE_POINTER in begining: 350021
selfdapql dn_filelength: 411848
selfdapql total operation time: 1210023.0
selfdapql total # operations: 13027
selfdapql dfs avg read time: 92.88577
selfdapql DN_FILE_POINTER in end: 411848
threshold: 700.0
threshold: 20000.0
----------------------------------------------------------
selfdapql AM_FILE_POINTER in begining: 4095131
selfdapql filelengh: 4695311
log_evicted_initial: 18470
log_evicted_last: 18470
log_evicted_count: 0
storeFileSize: 11.111318
selfdapql AM_FILE_POINTER in end: 4695311
selfdapql RS_FILE_POINTER in begining: 26848260
selfdapql rs_filelengh: 31571415
selfdapql blocking update blocking_updates_count: 92
selfdapql blocking update avg total_blocking_time: 23016.87
selfdapql RS_FILE_POINTER in end: 31571415
selfdapql DN_FILE_POINTER in begining: 411848
selfdapql dn_filelength: 464882
selfdapql total operation time: 1090982.0
selfdapql total # operations: 10023
selfdapql dfs avg read time: 108.84785
selfdapql DN_FILE_POINTER in end: 464882
selfdapql newBlockCacheSize: 0.24999999
selfdapql newMemstoreSize: 0.55
threshold: 700.0
threshold: 20000.0
----------------------------------------------------------
selfdapql AM_FILE_POINTER in begining: 4695311
selfdapql filelengh: 5395629
log_evicted_initial: 18470
log_evicted_last: 29878
log_evicted_count: 11408
storeFileSize: 12.182451
selfdapql AM_FILE_POINTER in end: 5395629
selfdapql RS_FILE_POINTER in begining: 31571415
selfdapql rs_filelengh: 35496621
selfdapql blocking update blocking_updates_count: 88
selfdapql blocking update avg total_blocking_time: 29623.908
selfdapql RS_FILE_POINTER in end: 35496621
selfdapql DN_FILE_POINTER in begining: 464882
selfdapql dn_filelength: 517809
selfdapql total operation time: 1398610.0
selfdapql total # operations: 7884
selfdapql dfs avg read time: 177.39853
selfdapql DN_FILE_POINTER in end: 517809
threshold: 700.0
threshold: 20000.0
----------------------------------------------------------
selfdapql AM_FILE_POINTER in begining: 5395629
selfdapql filelengh: 5995708
log_evicted_initial: 31806
log_evicted_last: 41449
log_evicted_count: 9643
storeFileSize: 13.452587
selfdapql AM_FILE_POINTER in end: 5995708
selfdapql RS_FILE_POINTER in begining: 35496621
selfdapql rs_filelengh: 40086992
selfdapql blocking update blocking_updates_count: 76
selfdapql blocking update avg total_blocking_time: 63186.5
selfdapql RS_FILE_POINTER in end: 40086992
selfdapql DN_FILE_POINTER in begining: 517809
selfdapql dn_filelength: 570831
selfdapql total operation time: 1370784.0
selfdapql total # operations: 8407
selfdapql dfs avg read time: 163.05269
selfdapql DN_FILE_POINTER in end: 570831
threshold: 700.0
threshold: 20000.0
----------------------------------------------------------
selfdapql AM_FILE_POINTER in begining: 5995708
selfdapql filelengh: 6595920
log_evicted_initial: 41449
log_evicted_last: 51084
log_evicted_count: 9635
storeFileSize: 14.77815
selfdapql AM_FILE_POINTER in end: 6595920
selfdapql RS_FILE_POINTER in begining: 40086992
selfdapql rs_filelengh: 45301565
selfdapql blocking update blocking_updates_count: 80
selfdapql blocking update avg total_blocking_time: 33461.6
selfdapql RS_FILE_POINTER in end: 45301565
selfdapql DN_FILE_POINTER in begining: 570831
selfdapql dn_filelength: 632565
selfdapql total operation time: 943389.0
selfdapql total # operations: 11203
selfdapql dfs avg read time: 84.2086
selfdapql DN_FILE_POINTER in end: 632565
