----------------------------------------------------------
selfdapql AM_FILE_POINTER in begining: 0
selfdapql filelengh: 226521
log_evicted_initial: 5
log_evicted_last: 8
log_evicted_count: 3
storeFileSize: 2.6059337E-5
selfdapql AM_FILE_POINTER in end: 226521
selfdapql RS_FILE_POINTER in begining: 0
selfdapql rs_filelengh: 232710
selfdapql blocking update blocking_updates_count: 0
selfdapql blocking update avg total_blocking_time: 0.0
selfdapql RS_FILE_POINTER in end: 232710
selfdapql DN_FILE_POINTER in begining: 0
selfdapql dn_filelength: 62346
selfdapql total operation time: 137.0
selfdapql total # operations: 36
selfdapql dfs avg read time: 3.8055556
selfdapql DN_FILE_POINTER in end: 62346
read proportion = 0.1
write_proportion = 0.9
selfdapql blockedFlushCount: 0
selfdapql unblockedFlushCount: 0
selfdapql evictCount: 8
selfdapql current cache size: 4.8
selfdapql data size: 2.6059337E-5
selfdapql cache-data ratio: 46048.758
enough cache
selfdapql newBlockCacheSize: 0.4
selfdapql newMemstoreSize: 0.4
----------------------------------------------------------
selfdapql AM_FILE_POINTER in begining: 226521
selfdapql filelengh: 446793
log_evicted_initial: 8
log_evicted_last: 10
log_evicted_count: 2
storeFileSize: 2.6059337E-5
selfdapql AM_FILE_POINTER in end: 446793
selfdapql RS_FILE_POINTER in begining: 232710
selfdapql rs_filelengh: 237817
selfdapql blocking update blocking_updates_count: 0
selfdapql blocking update avg total_blocking_time: 0.0
selfdapql RS_FILE_POINTER in end: 237817
selfdapql DN_FILE_POINTER in begining: 62346
selfdapql dn_filelength: 113811
selfdapql total operation time: 3.0
selfdapql total # operations: 2
selfdapql dfs avg read time: 1.5
selfdapql DN_FILE_POINTER in end: 113811
read proportion = 0.1
write_proportion = 0.9
selfdapql blockedFlushCount: 0
selfdapql unblockedFlushCount: 0
selfdapql evictCount: 2
selfdapql current cache size: 4.8
selfdapql data size: 2.6059337E-5
selfdapql cache-data ratio: 46048.758
enough cache
selfdapql newBlockCacheSize: 0.4
selfdapql newMemstoreSize: 0.4
----------------------------------------------------------
selfdapql AM_FILE_POINTER in begining: 446793
selfdapql filelengh: 667223
log_evicted_initial: 10
log_evicted_last: 10
log_evicted_count: 0
storeFileSize: 2.6059337E-5
selfdapql AM_FILE_POINTER in end: 667223
selfdapql RS_FILE_POINTER in begining: 237817
selfdapql rs_filelengh: 238032
selfdapql blocking update blocking_updates_count: 0
selfdapql blocking update avg total_blocking_time: 0.0
selfdapql RS_FILE_POINTER in end: 238032
selfdapql DN_FILE_POINTER in begining: 113811
selfdapql dn_filelength: 165379
selfdapql total operation time: 0.0
selfdapql total # operations: 0
selfdapql dfs avg read time: 0.0
selfdapql DN_FILE_POINTER in end: 165379
read proportion = 0.1
write_proportion = 0.9
selfdapql blockedFlushCount: 0
selfdapql unblockedFlushCount: 0
selfdapql evictCount: 8
selfdapql No Tuning
----------------------------------------------------------
selfdapql AM_FILE_POINTER in begining: 667223
selfdapql filelengh: 887557
log_evicted_initial: 10
log_evicted_last: 10
log_evicted_count: 0
storeFileSize: 2.6059337E-5
selfdapql AM_FILE_POINTER in end: 887557
selfdapql RS_FILE_POINTER in begining: 238032
selfdapql rs_filelengh: 242925
selfdapql blocking update blocking_updates_count: 0
selfdapql blocking update avg total_blocking_time: 0.0
selfdapql RS_FILE_POINTER in end: 242925
selfdapql DN_FILE_POINTER in begining: 165379
selfdapql dn_filelength: 216941
selfdapql total operation time: 4.0
selfdapql total # operations: 2
selfdapql dfs avg read time: 2.0
selfdapql DN_FILE_POINTER in end: 216941
read proportion = 0.1
write_proportion = 0.9
selfdapql blockedFlushCount: 0
selfdapql unblockedFlushCount: 0
selfdapql evictCount: 2
selfdapql No Tuning
----------------------------------------------------------
selfdapql AM_FILE_POINTER in begining: 887557
selfdapql filelengh: 1107750
log_evicted_initial: 10
log_evicted_last: 10
log_evicted_count: 0
storeFileSize: 2.6059337E-5
selfdapql AM_FILE_POINTER in end: 1107750
selfdapql RS_FILE_POINTER in begining: 242925
selfdapql rs_filelengh: 243209
selfdapql blocking update blocking_updates_count: 0
selfdapql blocking update avg total_blocking_time: 0.0
selfdapql RS_FILE_POINTER in end: 243209
selfdapql DN_FILE_POINTER in begining: 216941
selfdapql dn_filelength: 268524
selfdapql total operation time: 0.0
selfdapql total # operations: 0
selfdapql dfs avg read time: 0.0
selfdapql DN_FILE_POINTER in end: 268524
read proportion = 0.1
write_proportion = 0.9
selfdapql blockedFlushCount: 0
selfdapql unblockedFlushCount: 0
selfdapql evictCount: 8
selfdapql No Tuning
----------------------------------------------------------
selfdapql AM_FILE_POINTER in begining: 1107750
selfdapql filelengh: 1327209
log_evicted_initial: 10
log_evicted_last: 10
log_evicted_count: 0
storeFileSize: 2.6059337E-5
selfdapql AM_FILE_POINTER in end: 1327209
selfdapql RS_FILE_POINTER in begining: 243209
selfdapql rs_filelengh: 247818
selfdapql blocking update blocking_updates_count: 0
selfdapql blocking update avg total_blocking_time: 0.0
selfdapql RS_FILE_POINTER in end: 247818
selfdapql DN_FILE_POINTER in begining: 268524
selfdapql dn_filelength: 320114
selfdapql total operation time: 0.0
selfdapql total # operations: 0
selfdapql dfs avg read time: 0.0
selfdapql DN_FILE_POINTER in end: 320114
read proportion = 0.1
write_proportion = 0.9
selfdapql blockedFlushCount: 0
selfdapql unblockedFlushCount: 0
selfdapql evictCount: 2
selfdapql No Tuning
----------------------------------------------------------
selfdapql AM_FILE_POINTER in begining: 1327209
selfdapql filelengh: 1546878
log_evicted_initial: 10
log_evicted_last: 10
log_evicted_count: 0
storeFileSize: 2.6059337E-5
selfdapql AM_FILE_POINTER in end: 1546878
selfdapql RS_FILE_POINTER in begining: 247818
selfdapql rs_filelengh: 252711
selfdapql blocking update blocking_updates_count: 0
selfdapql blocking update avg total_blocking_time: 0.0
selfdapql RS_FILE_POINTER in end: 252711
selfdapql DN_FILE_POINTER in begining: 320114
selfdapql dn_filelength: 371761
selfdapql total operation time: 3.0
selfdapql total # operations: 2
selfdapql dfs avg read time: 1.5
selfdapql DN_FILE_POINTER in end: 371761
read proportion = 0.1
write_proportion = 0.9
selfdapql blockedFlushCount: 0
selfdapql unblockedFlushCount: 0
selfdapql evictCount: 8
selfdapql No Tuning
----------------------------------------------------------
selfdapql AM_FILE_POINTER in begining: 1546878
selfdapql filelengh: 1766820
log_evicted_initial: 10
log_evicted_last: 10
log_evicted_count: 0
storeFileSize: 2.6059337E-5
selfdapql AM_FILE_POINTER in end: 1766820
selfdapql RS_FILE_POINTER in begining: 252711
selfdapql rs_filelengh: 252711
selfdapql blocking update blocking_updates_count: 0
selfdapql blocking update avg total_blocking_time: 0.0
selfdapql RS_FILE_POINTER in end: 252711
selfdapql DN_FILE_POINTER in begining: 371761
selfdapql dn_filelength: 423525
selfdapql total operation time: 0.0
selfdapql total # operations: 0
selfdapql dfs avg read time: 0.0
selfdapql DN_FILE_POINTER in end: 423525
read proportion = 0.1
write_proportion = 0.9
selfdapql blockedFlushCount: 0
selfdapql unblockedFlushCount: 0
selfdapql evictCount: 2
selfdapql No Tuning
----------------------------------------------------------
selfdapql AM_FILE_POINTER in begining: 1766820
selfdapql filelengh: 1986993
log_evicted_initial: 10
log_evicted_last: 10
log_evicted_count: 0
storeFileSize: 2.6059337E-5
selfdapql AM_FILE_POINTER in end: 1986993
selfdapql RS_FILE_POINTER in begining: 252711
selfdapql rs_filelengh: 257608
selfdapql blocking update blocking_updates_count: 0
selfdapql blocking update avg total_blocking_time: 0.0
selfdapql RS_FILE_POINTER in end: 257608
selfdapql DN_FILE_POINTER in begining: 423525
selfdapql dn_filelength: 475269
selfdapql total operation time: 3.0
selfdapql total # operations: 2
selfdapql dfs avg read time: 1.5
selfdapql DN_FILE_POINTER in end: 475269
read proportion = 0.1
write_proportion = 0.9
selfdapql blockedFlushCount: 0
selfdapql unblockedFlushCount: 0
selfdapql evictCount: 8
selfdapql No Tuning
----------------------------------------------------------
selfdapql AM_FILE_POINTER in begining: 1986993
selfdapql filelengh: 2207538
log_evicted_initial: 10
log_evicted_last: 13
log_evicted_count: 3
storeFileSize: 2.6059337E-5
selfdapql AM_FILE_POINTER in end: 2207538
selfdapql RS_FILE_POINTER in begining: 257608
selfdapql rs_filelengh: 296328
selfdapql blocking update blocking_updates_count: 0
selfdapql blocking update avg total_blocking_time: 0.0
selfdapql RS_FILE_POINTER in end: 296328
selfdapql DN_FILE_POINTER in begining: 475269
selfdapql dn_filelength: 527005
selfdapql total operation time: 8.0
selfdapql total # operations: 6
selfdapql dfs avg read time: 1.3333334
selfdapql DN_FILE_POINTER in end: 527005
read proportion = 0.01
write_proportion = 0.99
selfdapql blockedFlushCount: 0
selfdapql unblockedFlushCount: 0
selfdapql evictCount: 5
selfdapql current cache size: 4.8
selfdapql data size: 2.6059337E-5
selfdapql cache-data ratio: 46048.758
enough cache
selfdapql newBlockCacheSize: 0.4
selfdapql newMemstoreSize: 0.4
----------------------------------------------------------
selfdapql AM_FILE_POINTER in begining: 2207538
selfdapql filelengh: 2427886
log_evicted_initial: 13
log_evicted_last: 13
log_evicted_count: 0
storeFileSize: 2.6059337E-5
selfdapql AM_FILE_POINTER in end: 2427886
selfdapql RS_FILE_POINTER in begining: 296328
selfdapql rs_filelengh: 301156
selfdapql blocking update blocking_updates_count: 0
selfdapql blocking update avg total_blocking_time: 0.0
selfdapql RS_FILE_POINTER in end: 301156
selfdapql DN_FILE_POINTER in begining: 527005
selfdapql dn_filelength: 578860
selfdapql total operation time: 0.0
selfdapql total # operations: 0
selfdapql dfs avg read time: 0.0
selfdapql DN_FILE_POINTER in end: 578860
read proportion = 0.01
write_proportion = 0.99
selfdapql blockedFlushCount: 0
selfdapql unblockedFlushCount: 0
selfdapql evictCount: 8
selfdapql No Tuning
----------------------------------------------------------
selfdapql AM_FILE_POINTER in begining: 2427886
selfdapql filelengh: 2648263
log_evicted_initial: 13
log_evicted_last: 13
log_evicted_count: 0
storeFileSize: 2.6059337E-5
selfdapql AM_FILE_POINTER in end: 2648263
selfdapql RS_FILE_POINTER in begining: 301156
selfdapql rs_filelengh: 306053
selfdapql blocking update blocking_updates_count: 0
selfdapql blocking update avg total_blocking_time: 0.0
selfdapql RS_FILE_POINTER in end: 306053
selfdapql DN_FILE_POINTER in begining: 578860
selfdapql dn_filelength: 630599
selfdapql total operation time: 2.0
selfdapql total # operations: 2
selfdapql dfs avg read time: 1.0
selfdapql DN_FILE_POINTER in end: 630599
read proportion = 0.01
write_proportion = 0.99
selfdapql blockedFlushCount: 0
selfdapql unblockedFlushCount: 0
selfdapql evictCount: 5
selfdapql No Tuning
----------------------------------------------------------
selfdapql AM_FILE_POINTER in begining: 2648263
selfdapql filelengh: 2868754
log_evicted_initial: 13
log_evicted_last: 13
log_evicted_count: 0
storeFileSize: 2.6059337E-5
selfdapql AM_FILE_POINTER in end: 2868754
selfdapql RS_FILE_POINTER in begining: 306053
selfdapql rs_filelengh: 306053
selfdapql blocking update blocking_updates_count: 0
selfdapql blocking update avg total_blocking_time: 0.0
selfdapql RS_FILE_POINTER in end: 306053
selfdapql DN_FILE_POINTER in begining: 630599
selfdapql dn_filelength: 682461
selfdapql total operation time: 0.0
selfdapql total # operations: 0
selfdapql dfs avg read time: 0.0
selfdapql DN_FILE_POINTER in end: 682461
read proportion = 0.01
write_proportion = 0.99
selfdapql blockedFlushCount: 0
selfdapql unblockedFlushCount: 0
selfdapql evictCount: 8
selfdapql No Tuning
----------------------------------------------------------
selfdapql AM_FILE_POINTER in begining: 2868754
selfdapql filelengh: 3089352
log_evicted_initial: 13
log_evicted_last: 13
log_evicted_count: 0
storeFileSize: 2.6059337E-5
selfdapql AM_FILE_POINTER in end: 3089352
selfdapql RS_FILE_POINTER in begining: 306053
selfdapql rs_filelengh: 310950
selfdapql blocking update blocking_updates_count: 0
selfdapql blocking update avg total_blocking_time: 0.0
selfdapql RS_FILE_POINTER in end: 310950
selfdapql DN_FILE_POINTER in begining: 682461
selfdapql dn_filelength: 734162
selfdapql total operation time: 2.0
selfdapql total # operations: 2
selfdapql dfs avg read time: 1.0
selfdapql DN_FILE_POINTER in end: 734162
read proportion = 0.01
write_proportion = 0.99
selfdapql blockedFlushCount: 0
selfdapql unblockedFlushCount: 0
selfdapql evictCount: 5
selfdapql No Tuning
----------------------------------------------------------
selfdapql AM_FILE_POINTER in begining: 3089352
selfdapql filelengh: 3309999
log_evicted_initial: 13
log_evicted_last: 13
log_evicted_count: 0
storeFileSize: 2.6059337E-5
selfdapql AM_FILE_POINTER in end: 3309999
selfdapql RS_FILE_POINTER in begining: 310950
selfdapql rs_filelengh: 311234
selfdapql blocking update blocking_updates_count: 0
selfdapql blocking update avg total_blocking_time: 0.0
selfdapql RS_FILE_POINTER in end: 311234
selfdapql DN_FILE_POINTER in begining: 734162
selfdapql dn_filelength: 785909
selfdapql total operation time: 0.0
selfdapql total # operations: 0
selfdapql dfs avg read time: 0.0
selfdapql DN_FILE_POINTER in end: 785909
read proportion = 0.01
write_proportion = 0.99
selfdapql blockedFlushCount: 0
selfdapql unblockedFlushCount: 0
selfdapql evictCount: 8
selfdapql No Tuning
----------------------------------------------------------
selfdapql AM_FILE_POINTER in begining: 3309999
selfdapql filelengh: 3530409
log_evicted_initial: 13
log_evicted_last: 13
log_evicted_count: 0
storeFileSize: 2.6059337E-5
selfdapql AM_FILE_POINTER in end: 3530409
selfdapql RS_FILE_POINTER in begining: 311234
selfdapql rs_filelengh: 315847
selfdapql blocking update blocking_updates_count: 0
selfdapql blocking update avg total_blocking_time: 0.0
selfdapql RS_FILE_POINTER in end: 315847
selfdapql DN_FILE_POINTER in begining: 785909
selfdapql dn_filelength: 837633
selfdapql total operation time: 0.0
selfdapql total # operations: 0
selfdapql dfs avg read time: 0.0
selfdapql DN_FILE_POINTER in end: 837633
read proportion = 0.01
write_proportion = 0.99
selfdapql blockedFlushCount: 0
selfdapql unblockedFlushCount: 0
selfdapql evictCount: 5
selfdapql No Tuning
----------------------------------------------------------
selfdapql AM_FILE_POINTER in begining: 3530409
selfdapql filelengh: 3751234
log_evicted_initial: 13
log_evicted_last: 13
log_evicted_count: 0
storeFileSize: 2.6059337E-5
selfdapql AM_FILE_POINTER in end: 3751234
selfdapql RS_FILE_POINTER in begining: 315847
selfdapql rs_filelengh: 320744
selfdapql blocking update blocking_updates_count: 0
selfdapql blocking update avg total_blocking_time: 0.0
selfdapql RS_FILE_POINTER in end: 320744
selfdapql DN_FILE_POINTER in begining: 837633
selfdapql dn_filelength: 889441
selfdapql total operation time: 4.0
selfdapql total # operations: 2
selfdapql dfs avg read time: 2.0
selfdapql DN_FILE_POINTER in end: 889441
read proportion = 0.01
write_proportion = 0.99
selfdapql blockedFlushCount: 0
selfdapql unblockedFlushCount: 0
selfdapql evictCount: 8
selfdapql No Tuning
----------------------------------------------------------
selfdapql AM_FILE_POINTER in begining: 3751234
selfdapql filelengh: 3972685
log_evicted_initial: 13
log_evicted_last: 13
log_evicted_count: 0
storeFileSize: 2.6059337E-5
selfdapql AM_FILE_POINTER in end: 3972685
selfdapql RS_FILE_POINTER in begining: 320744
selfdapql rs_filelengh: 320744
selfdapql blocking update blocking_updates_count: 0
selfdapql blocking update avg total_blocking_time: 0.0
selfdapql RS_FILE_POINTER in end: 320744
selfdapql DN_FILE_POINTER in begining: 889441
selfdapql dn_filelength: 941303
selfdapql total operation time: 0.0
selfdapql total # operations: 0
selfdapql dfs avg read time: 0.0
selfdapql DN_FILE_POINTER in end: 941303
read proportion = 0.01
write_proportion = 0.99
selfdapql blockedFlushCount: 0
selfdapql unblockedFlushCount: 0
selfdapql evictCount: 5
selfdapql No Tuning
----------------------------------------------------------
selfdapql AM_FILE_POINTER in begining: 3972685
selfdapql filelengh: 4193605
log_evicted_initial: 13
log_evicted_last: 13
log_evicted_count: 0
storeFileSize: 2.6059337E-5
selfdapql AM_FILE_POINTER in end: 4193605
selfdapql RS_FILE_POINTER in begining: 320744
selfdapql rs_filelengh: 325641
selfdapql blocking update blocking_updates_count: 0
selfdapql blocking update avg total_blocking_time: 0.0
selfdapql RS_FILE_POINTER in end: 325641
selfdapql DN_FILE_POINTER in begining: 941303
selfdapql dn_filelength: 993158
selfdapql total operation time: 3.0
selfdapql total # operations: 2
selfdapql dfs avg read time: 1.5
selfdapql DN_FILE_POINTER in end: 993158
read proportion = 0.01
write_proportion = 0.99
selfdapql blockedFlushCount: 0
selfdapql unblockedFlushCount: 0
selfdapql evictCount: 8
selfdapql No Tuning
----------------------------------------------------------
selfdapql AM_FILE_POINTER in begining: 4193605
selfdapql filelengh: 4414390
log_evicted_initial: 13
log_evicted_last: 13
log_evicted_count: 0
storeFileSize: 2.6059337E-5
selfdapql AM_FILE_POINTER in end: 4414390
selfdapql RS_FILE_POINTER in begining: 325641
selfdapql rs_filelengh: 326338
selfdapql blocking update blocking_updates_count: 0
selfdapql blocking update avg total_blocking_time: 0.0
selfdapql RS_FILE_POINTER in end: 326338
selfdapql DN_FILE_POINTER in begining: 993158
selfdapql dn_filelength: 1045054
selfdapql total operation time: 0.0
selfdapql total # operations: 0
selfdapql dfs avg read time: 0.0
selfdapql DN_FILE_POINTER in end: 1045054
read proportion = 0.01
write_proportion = 0.99
selfdapql blockedFlushCount: 0
selfdapql unblockedFlushCount: 0
selfdapql evictCount: 5
selfdapql No Tuning
