memstore flush threshold: 200.0
----------------------------------------------------------
selfdapql AM_FILE_POINTER in begining: 0
selfdapql filelengh: 225259
log_evicted_initial: 0
log_evicted_last: 1
log_evicted_count: 1
storeFileSize: 9.775162E-6
selfdapql AM_FILE_POINTER in end: 225259
selfdapql RS_FILE_POINTER in begining: 0
selfdapql rs_filelengh: 190784
selfdapql blocking update blocking_updates_count: 0
selfdapql blocking update avg total_blocking_time: 0.0
selfdapql RS_FILE_POINTER in end: 190784
selfdapql DN_FILE_POINTER in begining: 0
selfdapql dn_filelength: 62406
selfdapql total operation time: 112.0
selfdapql total # operations: 17
selfdapql dfs avg read time: 6.5882354
selfdapql DN_FILE_POINTER in end: 62406
selfdapql newBlockCacheSize: 0.45000002
selfdapql newMemstoreSize: 0.35
memstore flush threshold: 200.0
----------------------------------------------------------
selfdapql AM_FILE_POINTER in begining: 225259
selfdapql filelengh: 445726
log_evicted_initial: 1
log_evicted_last: 3
log_evicted_count: 2
storeFileSize: 9.775162E-6
selfdapql AM_FILE_POINTER in end: 445726
selfdapql RS_FILE_POINTER in begining: 190784
selfdapql rs_filelengh: 226447
selfdapql blocking update blocking_updates_count: 0
selfdapql blocking update avg total_blocking_time: 0.0
selfdapql RS_FILE_POINTER in end: 226447
selfdapql DN_FILE_POINTER in begining: 62406
selfdapql dn_filelength: 113953
selfdapql total operation time: 10.0
selfdapql total # operations: 4
selfdapql dfs avg read time: 2.5
selfdapql DN_FILE_POINTER in end: 113953
selfdapql newBlockCacheSize: 0.5
selfdapql newMemstoreSize: 0.29999998
memstore flush threshold: 200.0
----------------------------------------------------------
selfdapql AM_FILE_POINTER in begining: 445726
selfdapql filelengh: 665955
log_evicted_initial: 3
log_evicted_last: 3
log_evicted_count: 0
storeFileSize: 9.775162E-6
selfdapql AM_FILE_POINTER in end: 665955
selfdapql RS_FILE_POINTER in begining: 226447
selfdapql rs_filelengh: 226662
selfdapql blocking update blocking_updates_count: 0
selfdapql blocking update avg total_blocking_time: 0.0
selfdapql RS_FILE_POINTER in end: 226662
selfdapql DN_FILE_POINTER in begining: 113953
selfdapql dn_filelength: 165969
selfdapql total operation time: 0.0
selfdapql total # operations: 0
selfdapql dfs avg read time: 0.0
selfdapql DN_FILE_POINTER in end: 165969
memstore flush threshold: 200.0
----------------------------------------------------------
selfdapql AM_FILE_POINTER in begining: 665955
selfdapql filelengh: 886188
log_evicted_initial: 3
log_evicted_last: 3
log_evicted_count: 0
storeFileSize: 9.775162E-6
selfdapql AM_FILE_POINTER in end: 886188
selfdapql RS_FILE_POINTER in begining: 226662
selfdapql rs_filelengh: 231550
selfdapql blocking update blocking_updates_count: 0
selfdapql blocking update avg total_blocking_time: 0.0
selfdapql RS_FILE_POINTER in end: 231550
selfdapql DN_FILE_POINTER in begining: 165969
selfdapql dn_filelength: 217732
selfdapql total operation time: 5.0
selfdapql total # operations: 2
selfdapql dfs avg read time: 2.5
selfdapql DN_FILE_POINTER in end: 217732
memstore flush threshold: 200.0
----------------------------------------------------------
selfdapql AM_FILE_POINTER in begining: 886188
selfdapql filelengh: 1106443
log_evicted_initial: 3
log_evicted_last: 3
log_evicted_count: 0
storeFileSize: 9.775162E-6
selfdapql AM_FILE_POINTER in end: 1106443
selfdapql RS_FILE_POINTER in begining: 231550
selfdapql rs_filelengh: 231829
selfdapql blocking update blocking_updates_count: 0
selfdapql blocking update avg total_blocking_time: 0.0
selfdapql RS_FILE_POINTER in end: 231829
selfdapql DN_FILE_POINTER in begining: 217732
selfdapql dn_filelength: 269353
selfdapql total operation time: 0.0
selfdapql total # operations: 0
selfdapql dfs avg read time: 0.0
selfdapql DN_FILE_POINTER in end: 269353
memstore flush threshold: 200.0
----------------------------------------------------------
selfdapql AM_FILE_POINTER in begining: 1106443
selfdapql filelengh: 1326419
log_evicted_initial: 3
log_evicted_last: 3
log_evicted_count: 0
storeFileSize: 9.775162E-6
selfdapql AM_FILE_POINTER in end: 1326419
selfdapql RS_FILE_POINTER in begining: 231829
selfdapql rs_filelengh: 236438
selfdapql blocking update blocking_updates_count: 0
selfdapql blocking update avg total_blocking_time: 0.0
selfdapql RS_FILE_POINTER in end: 236438
selfdapql DN_FILE_POINTER in begining: 269353
selfdapql dn_filelength: 320989
selfdapql total operation time: 0.0
selfdapql total # operations: 0
selfdapql dfs avg read time: 0.0
selfdapql DN_FILE_POINTER in end: 320989
memstore flush threshold: 200.0
----------------------------------------------------------
selfdapql AM_FILE_POINTER in begining: 1326419
selfdapql filelengh: 1546394
log_evicted_initial: 3
log_evicted_last: 3
log_evicted_count: 0
storeFileSize: 9.775162E-6
selfdapql AM_FILE_POINTER in end: 1546394
selfdapql RS_FILE_POINTER in begining: 236438
selfdapql rs_filelengh: 241326
selfdapql blocking update blocking_updates_count: 0
selfdapql blocking update avg total_blocking_time: 0.0
selfdapql RS_FILE_POINTER in end: 241326
selfdapql DN_FILE_POINTER in begining: 320989
selfdapql dn_filelength: 372661
selfdapql total operation time: 6.0
selfdapql total # operations: 2
selfdapql dfs avg read time: 3.0
selfdapql DN_FILE_POINTER in end: 372661
memstore flush threshold: 200.0
----------------------------------------------------------
selfdapql AM_FILE_POINTER in begining: 1546394
selfdapql filelengh: 1766777
log_evicted_initial: 3
log_evicted_last: 3
log_evicted_count: 0
storeFileSize: 9.775162E-6
selfdapql AM_FILE_POINTER in end: 1766777
selfdapql RS_FILE_POINTER in begining: 241326
selfdapql rs_filelengh: 241326
selfdapql blocking update blocking_updates_count: 0
selfdapql blocking update avg total_blocking_time: 0.0
selfdapql RS_FILE_POINTER in end: 241326
selfdapql DN_FILE_POINTER in begining: 372661
selfdapql dn_filelength: 424624
selfdapql total operation time: 960.0
selfdapql total # operations: 144
selfdapql dfs avg read time: 6.6666665
selfdapql DN_FILE_POINTER in end: 424624
memstore flush threshold: 200.0
----------------------------------------------------------
selfdapql AM_FILE_POINTER in begining: 1766777
selfdapql filelengh: 1987379
log_evicted_initial: 3
log_evicted_last: 3
log_evicted_count: 0
storeFileSize: 9.775162E-6
selfdapql AM_FILE_POINTER in end: 1987379
selfdapql RS_FILE_POINTER in begining: 241326
selfdapql rs_filelengh: 246218
selfdapql blocking update blocking_updates_count: 0
selfdapql blocking update avg total_blocking_time: 0.0
selfdapql RS_FILE_POINTER in end: 246218
selfdapql DN_FILE_POINTER in begining: 424624
selfdapql dn_filelength: 477031
selfdapql total operation time: 33025.0
selfdapql total # operations: 193
selfdapql dfs avg read time: 171.11398
selfdapql DN_FILE_POINTER in end: 477031
memstore flush threshold: 200.0
----------------------------------------------------------
selfdapql AM_FILE_POINTER in begining: 1987379
selfdapql filelengh: 2207986
log_evicted_initial: 3
log_evicted_last: 3
log_evicted_count: 0
storeFileSize: 9.775162E-6
selfdapql AM_FILE_POINTER in end: 2207986
selfdapql RS_FILE_POINTER in begining: 246218
selfdapql rs_filelengh: 246497
selfdapql blocking update blocking_updates_count: 0
selfdapql blocking update avg total_blocking_time: 0.0
selfdapql RS_FILE_POINTER in end: 246497
selfdapql DN_FILE_POINTER in begining: 477031
selfdapql dn_filelength: 529578
selfdapql total operation time: 3545.0
selfdapql total # operations: 203
selfdapql dfs avg read time: 17.463055
selfdapql DN_FILE_POINTER in end: 529578
memstore flush threshold: 200.0
----------------------------------------------------------
selfdapql AM_FILE_POINTER in begining: 2207986
selfdapql filelengh: 2429058
log_evicted_initial: 3
log_evicted_last: 3
log_evicted_count: 0
storeFileSize: 9.775162E-6
selfdapql AM_FILE_POINTER in end: 2429058
selfdapql RS_FILE_POINTER in begining: 246497
selfdapql rs_filelengh: 251110
selfdapql blocking update blocking_updates_count: 0
selfdapql blocking update avg total_blocking_time: 0.0
selfdapql RS_FILE_POINTER in end: 251110
selfdapql DN_FILE_POINTER in begining: 529578
selfdapql dn_filelength: 581551
selfdapql total operation time: 2391.0
selfdapql total # operations: 74
selfdapql dfs avg read time: 32.31081
selfdapql DN_FILE_POINTER in end: 581551
memstore flush threshold: 200.0
----------------------------------------------------------
selfdapql AM_FILE_POINTER in begining: 2429058
selfdapql filelengh: 2650156
log_evicted_initial: 3
log_evicted_last: 3
log_evicted_count: 0
storeFileSize: 9.775162E-6
selfdapql AM_FILE_POINTER in end: 2650156
selfdapql RS_FILE_POINTER in begining: 251110
selfdapql rs_filelengh: 256002
selfdapql blocking update blocking_updates_count: 0
selfdapql blocking update avg total_blocking_time: 0.0
selfdapql RS_FILE_POINTER in end: 256002
selfdapql DN_FILE_POINTER in begining: 581551
selfdapql dn_filelength: 633622
selfdapql total operation time: 565.0
selfdapql total # operations: 52
selfdapql dfs avg read time: 10.865385
selfdapql DN_FILE_POINTER in end: 633622
memstore flush threshold: 200.0
----------------------------------------------------------
selfdapql AM_FILE_POINTER in begining: 2650156
selfdapql filelengh: 2870481
log_evicted_initial: 3
log_evicted_last: 3
log_evicted_count: 0
storeFileSize: 9.775162E-6
selfdapql AM_FILE_POINTER in end: 2870481
selfdapql RS_FILE_POINTER in begining: 256002
selfdapql rs_filelengh: 256002
selfdapql blocking update blocking_updates_count: 0
selfdapql blocking update avg total_blocking_time: 0.0
selfdapql RS_FILE_POINTER in end: 256002
selfdapql DN_FILE_POINTER in begining: 633622
selfdapql dn_filelength: 685739
selfdapql total operation time: 255552.0
selfdapql total # operations: 3
selfdapql dfs avg read time: 85184.0
selfdapql DN_FILE_POINTER in end: 685739
memstore flush threshold: 200.0
----------------------------------------------------------
selfdapql AM_FILE_POINTER in begining: 2870481
selfdapql filelengh: 3091295
log_evicted_initial: 3
log_evicted_last: 3
log_evicted_count: 0
storeFileSize: 9.775162E-6
selfdapql AM_FILE_POINTER in end: 3091295
selfdapql RS_FILE_POINTER in begining: 256002
selfdapql rs_filelengh: 260894
selfdapql blocking update blocking_updates_count: 0
selfdapql blocking update avg total_blocking_time: 0.0
selfdapql RS_FILE_POINTER in end: 260894
selfdapql DN_FILE_POINTER in begining: 685739
selfdapql dn_filelength: 738194
selfdapql total operation time: 42103.0
selfdapql total # operations: 206
selfdapql dfs avg read time: 204.3835
selfdapql DN_FILE_POINTER in end: 738194
memstore flush threshold: 200.0
----------------------------------------------------------
selfdapql AM_FILE_POINTER in begining: 3091295
selfdapql filelengh: 3312402
log_evicted_initial: 3
log_evicted_last: 3
log_evicted_count: 0
storeFileSize: 9.775162E-6
selfdapql AM_FILE_POINTER in end: 3312402
selfdapql RS_FILE_POINTER in begining: 260894
selfdapql rs_filelengh: 261173
selfdapql blocking update blocking_updates_count: 0
selfdapql blocking update avg total_blocking_time: 0.0
selfdapql RS_FILE_POINTER in end: 261173
selfdapql DN_FILE_POINTER in begining: 738194
selfdapql dn_filelength: 790691
selfdapql total operation time: 5005.0
selfdapql total # operations: 201
selfdapql dfs avg read time: 24.900497
selfdapql DN_FILE_POINTER in end: 790691
memstore flush threshold: 200.0
----------------------------------------------------------
selfdapql AM_FILE_POINTER in begining: 3312402
selfdapql filelengh: 3533046
log_evicted_initial: 3
log_evicted_last: 3
log_evicted_count: 0
storeFileSize: 9.775162E-6
selfdapql AM_FILE_POINTER in end: 3533046
selfdapql RS_FILE_POINTER in begining: 261173
selfdapql rs_filelengh: 265786
selfdapql blocking update blocking_updates_count: 0
selfdapql blocking update avg total_blocking_time: 0.0
selfdapql RS_FILE_POINTER in end: 265786
selfdapql DN_FILE_POINTER in begining: 790691
selfdapql dn_filelength: 843013
selfdapql total operation time: 27685.0
selfdapql total # operations: 107
selfdapql dfs avg read time: 258.7383
selfdapql DN_FILE_POINTER in end: 843013
memstore flush threshold: 200.0
----------------------------------------------------------
selfdapql AM_FILE_POINTER in begining: 3533046
selfdapql filelengh: 3754052
log_evicted_initial: 3
log_evicted_last: 3
log_evicted_count: 0
storeFileSize: 9.775162E-6
selfdapql AM_FILE_POINTER in end: 3754052
selfdapql RS_FILE_POINTER in begining: 265786
selfdapql rs_filelengh: 270678
selfdapql blocking update blocking_updates_count: 0
selfdapql blocking update avg total_blocking_time: 0.0
selfdapql RS_FILE_POINTER in end: 270678
selfdapql DN_FILE_POINTER in begining: 843013
selfdapql dn_filelength: 895102
selfdapql total operation time: 3.0
selfdapql total # operations: 2
selfdapql dfs avg read time: 1.5
selfdapql DN_FILE_POINTER in end: 895102
