+ filename=case360
+ requestdistribution=
+ RESULT_DIR=/home/hadoop/git/physical_design/caseresult/case360
+ TEN=10
+ SIXTY=60
+ SLEEP_TIME=60
+ YCSB_DIR=/home/hadoop/ycsb-0.1.4
+ number_of_operations=25000000
+ number_of_threads=20
+ number_of_records=25000000
+ output_file_suffix=.dat
+ experiment_list_file=/home/hadoop/git/physical_design/case360.list
+ clean=false
+ create=false
+ load=false
+ random_read=false
+ workloada=false
+ workloadb=false
+ workloadc=false
+ workloadc1=false
+ scan=false
+ all=false
+ for i in '$@'
+ '[' case360 == all ']'
+ '[' case360 == clean ']'
+ '[' case360 == create ']'
+ '[' case360 == load ']'
+ '[' case360 == random_read ']'
+ '[' case360 == scan ']'
+ '[' case360 == workloada ']'
+ '[' case360 == workloadb ']'
+ '[' case360 == workloadc ']'
+ '[' case360 == workloadc1 ']'
+ '[' case360 == zipfian ']'
+ '[' case360 == uniform ']'
+ for i in '$@'
+ '[' clean == all ']'
+ '[' clean == clean ']'
+ clean=true
+ for i in '$@'
+ '[' create == all ']'
+ '[' create == clean ']'
+ '[' create == create ']'
+ create=true
+ for i in '$@'
+ '[' workloadc1 == all ']'
+ '[' workloadc1 == clean ']'
+ '[' workloadc1 == create ']'
+ '[' workloadc1 == load ']'
+ '[' workloadc1 == random_read ']'
+ '[' workloadc1 == scan ']'
+ '[' workloadc1 == workloada ']'
+ '[' workloadc1 == workloadb ']'
+ '[' workloadc1 == workloadc ']'
+ '[' workloadc1 == workloadc1 ']'
+ workloadc1=true
+ for i in '$@'
+ '[' zipfian == all ']'
+ '[' zipfian == clean ']'
+ '[' zipfian == create ']'
+ '[' zipfian == load ']'
+ '[' zipfian == random_read ']'
+ '[' zipfian == scan ']'
+ '[' zipfian == workloada ']'
+ '[' zipfian == workloadb ']'
+ '[' zipfian == workloadc ']'
+ '[' zipfian == workloadc1 ']'
+ '[' zipfian == zipfian ']'
+ requestdistribution=zipfian
+ let counter=1
+ cd /home/hadoop/ycsb-0.1.4
++ pwd
+ echo /home/hadoop/ycsb-0.1.4
/home/hadoop/ycsb-0.1.4
+ read line
+ false
+ true
+ echo 'sleeping for 60 ...'
sleeping for 60 ...
+ sleep 60
+ echo 'droping usertable...'
droping usertable...
+ ssh hadoop@slave1 /home/hadoop/hbase/bin/hbase-daemon.sh start regionserver
starting regionserver, logging to /home/hadoop/hbase/bin/../logs/hbase-hadoop-regionserver-sceplus-vm49.out
+ ssh hadoop@master /home/hadoop/hbase/bin/hbase shell /home/hadoop/git/physical_design/delete_table
2014-08-11 21:39:12,360 WARN  [main] util.NativeCodeLoader: Unable to load native-hadoop library for your platform... using builtin-java classes where applicable
0 row(s) in 3.0970 seconds

0 row(s) in 2.3180 seconds

0 row(s) in 0.0990 seconds

+ echo 'sleeping for 60 ...'
sleeping for 60 ...
+ sleep 60
+ false
+ true
+ echo 'creating usertable...'
creating usertable...
+ create_statement='create '\''usertable'\'', { NAME=>'\''family'\'', COMPRESSION=>'\''GZ'\''}, SPLITS => ['\''user1'\'', '\''user2'\'', '\''user3'\'', '\''user4'\'', '\''user5'\'', '\''user6'\'', '\''user7'\'', '\''user8'\'', '\''user9'\'']'
+ echo create ''\''usertable'\'',' '{' 'NAME=>'\''family'\'',' 'COMPRESSION=>'\''GZ'\''},' SPLITS '=>' '['\''user1'\'',' ''\''user2'\'',' ''\''user3'\'',' ''\''user4'\'',' ''\''user5'\'',' ''\''user6'\'',' ''\''user7'\'',' ''\''user8'\'',' ''\''user9'\'']'
+ echo 'exit '
+ scp /home/hadoop/git/physical_design/caseresult/case360/create_1.script hadoop@master:/home/hadoop/git/physical_design/caseresult/case360/create_1.script
+ create_table /home/hadoop/git/physical_design/caseresult/case360/create_1.script
+ echo 'creating table...'
creating table...
+ echo /home/hadoop/git/physical_design/caseresult/case360/create_1.script
/home/hadoop/git/physical_design/caseresult/case360/create_1.script
+ ssh hadoop@master /home/hadoop/hbase/bin/hbase shell /home/hadoop/git/physical_design/caseresult/case360/create_1.script
2014-08-11 21:40:25,038 WARN  [main] util.NativeCodeLoader: Unable to load native-hadoop library for your platform... using builtin-java classes where applicable
0 row(s) in 2.4700 seconds

+ echo 'sleeping for 10 sec ...'
sleeping for 10 sec ...
+ sleep 10
+ false
+ false
+ false
+ false
+ false
+ false
+ false
+ false
+ false
+ false
+ false
+ false
+ false
+ true
+ echo workloadc1...
workloadc1...
+ echo 'start time: '
start time: 
++ date +%s
+ echo 1407789972
1407789972
++ echo /home/hadoop/git/physical_design/caseresult/case360/workloadc1_1.dat
+ ./workloadc1 25000000 20 /home/hadoop/git/physical_design/caseresult/case360/workloadc1_1.dat
Loading workload...
Starting test.
2014-08-11 13:46:12:599 0 sec: 0 operations; 
14/08/11 13:46:12 INFO zookeeper.ZooKeeper: Client environment:zookeeper.version=3.4.6-1569965, built on 02/20/2014 09:09 GMT
14/08/11 13:46:12 INFO zookeeper.ZooKeeper: Client environment:host.name=sceplus-vm43.almaden.ibm.com
14/08/11 13:46:12 INFO zookeeper.ZooKeeper: Client environment:java.version=1.6.0_31
14/08/11 13:46:12 INFO zookeeper.ZooKeeper: Client environment:java.vendor=Sun Microsystems Inc.
14/08/11 13:46:12 INFO zookeeper.ZooKeeper: Client environment:java.home=/usr/lib/jvm/java-6-openjdk-amd64/jre
14/08/11 13:46:12 INFO zookeeper.ZooKeeper: Client environment:java.class.path=/home/hadoop/ycsb-0.1.4/hbase-binding/lib/hbase-binding-0.1.4.jar:/home/hadoop/ycsb-0.1.4/hbase-binding/conf:/home/hadoop/ycsb-0.1.4/core/lib/core-0.1.4.jar:/home/hadoop/ycsb-0.1.4/jdbc-binding/conf
14/08/11 13:46:12 INFO zookeeper.ZooKeeper: Client environment:java.library.path=/usr/lib/jvm/java-6-openjdk-amd64/jre/lib/amd64/server:/usr/lib/jvm/java-6-openjdk-amd64/jre/lib/amd64:/usr/lib/jvm/java-6-openjdk-amd64/jre/../lib/amd64:/usr/java/packages/lib/amd64:/usr/lib/jni:/lib:/usr/lib
14/08/11 13:46:12 INFO zookeeper.ZooKeeper: Client environment:java.io.tmpdir=/tmp
14/08/11 13:46:12 INFO zookeeper.ZooKeeper: Client environment:java.compiler=<NA>
14/08/11 13:46:12 INFO zookeeper.ZooKeeper: Client environment:os.name=Linux
14/08/11 13:46:12 INFO zookeeper.ZooKeeper: Client environment:os.arch=amd64
14/08/11 13:46:12 INFO zookeeper.ZooKeeper: Client environment:os.version=3.13.0-24-generic
14/08/11 13:46:12 INFO zookeeper.ZooKeeper: Client environment:user.name=hadoop
14/08/11 13:46:12 INFO zookeeper.ZooKeeper: Client environment:user.home=/home/hadoop
14/08/11 13:46:12 INFO zookeeper.ZooKeeper: Client environment:user.dir=/home/hadoop/ycsb-0.1.4
14/08/11 13:46:12 INFO zookeeper.ZooKeeper: Initiating client connection, connectString=sceplus-vm49.almaden.ibm.com:2181,sceplus-vm48.almaden.ibm.com:2181 sessionTimeout=90000 watcher=hconnection-0x62565cf8, quorum=sceplus-vm49.almaden.ibm.com:2181,sceplus-vm48.almaden.ibm.com:2181, baseZNode=/hbase
14/08/11 13:46:12 INFO zookeeper.RecoverableZooKeeper: Process identifier=hconnection-0x62565cf8 connecting to ZooKeeper ensemble=sceplus-vm49.almaden.ibm.com:2181,sceplus-vm48.almaden.ibm.com:2181
14/08/11 13:46:13 INFO zookeeper.ClientCnxn: Opening socket connection to server master/9.1.143.58:2181. Will not attempt to authenticate using SASL (unknown error)
14/08/11 13:46:13 INFO zookeeper.ClientCnxn: Socket connection established to master/9.1.143.58:2181, initiating session
14/08/11 13:46:13 INFO zookeeper.ClientCnxn: Session establishment complete on server master/9.1.143.58:2181, sessionid = 0x47c8822cbd0007, negotiated timeout = 90000
14/08/11 13:46:13 WARN util.DynamicClassLoader: Failed to identify the fs of dir hdfs://master:54310/hbase/lib, ignored
org.apache.hadoop.ipc.RemoteException: Server IPC version 9 cannot communicate with client version 4
	at org.apache.hadoop.ipc.Client.call(Client.java:1113)
	at org.apache.hadoop.ipc.RPC$Invoker.invoke(RPC.java:229)
	at com.sun.proxy.$Proxy5.getProtocolVersion(Unknown Source)
	at sun.reflect.NativeMethodAccessorImpl.invoke0(Native Method)
	at sun.reflect.NativeMethodAccessorImpl.invoke(NativeMethodAccessorImpl.java:57)
	at sun.reflect.DelegatingMethodAccessorImpl.invoke(DelegatingMethodAccessorImpl.java:43)
	at java.lang.reflect.Method.invoke(Method.java:622)
	at org.apache.hadoop.io.retry.RetryInvocationHandler.invokeMethod(RetryInvocationHandler.java:85)
	at org.apache.hadoop.io.retry.RetryInvocationHandler.invoke(RetryInvocationHandler.java:62)
	at com.sun.proxy.$Proxy5.getProtocolVersion(Unknown Source)
	at org.apache.hadoop.ipc.RPC.checkVersion(RPC.java:422)
	at org.apache.hadoop.hdfs.DFSClient.createNamenode(DFSClient.java:183)
	at org.apache.hadoop.hdfs.DFSClient.<init>(DFSClient.java:281)
	at org.apache.hadoop.hdfs.DFSClient.<init>(DFSClient.java:245)
	at org.apache.hadoop.hdfs.DistributedFileSystem.initialize(DistributedFileSystem.java:100)
	at org.apache.hadoop.fs.FileSystem.createFileSystem(FileSystem.java:1446)
	at org.apache.hadoop.fs.FileSystem.access$200(FileSystem.java:67)
	at org.apache.hadoop.fs.FileSystem$Cache.get(FileSystem.java:1464)
	at org.apache.hadoop.fs.FileSystem.get(FileSystem.java:263)
	at org.apache.hadoop.fs.Path.getFileSystem(Path.java:187)
	at org.apache.hadoop.hbase.util.DynamicClassLoader.<init>(DynamicClassLoader.java:104)
	at org.apache.hadoop.hbase.protobuf.ProtobufUtil.<clinit>(ProtobufUtil.java:202)
	at org.apache.hadoop.hbase.ClusterId.parseFrom(ClusterId.java:64)
	at org.apache.hadoop.hbase.zookeeper.ZKClusterId.readClusterIdZNode(ZKClusterId.java:69)
	at org.apache.hadoop.hbase.client.ZooKeeperRegistry.getClusterId(ZooKeeperRegistry.java:83)
	at org.apache.hadoop.hbase.client.HConnectionManager$HConnectionImplementation.retrieveClusterId(HConnectionManager.java:858)
	at org.apache.hadoop.hbase.client.HConnectionManager$HConnectionImplementation.<init>(HConnectionManager.java:663)
	at sun.reflect.NativeConstructorAccessorImpl.newInstance0(Native Method)
	at sun.reflect.NativeConstructorAccessorImpl.newInstance(NativeConstructorAccessorImpl.java:57)
	at sun.reflect.DelegatingConstructorAccessorImpl.newInstance(DelegatingConstructorAccessorImpl.java:45)
	at java.lang.reflect.Constructor.newInstance(Constructor.java:534)
	at org.apache.hadoop.hbase.client.HConnectionManager.createConnection(HConnectionManager.java:415)
	at org.apache.hadoop.hbase.client.HConnectionManager.createConnection(HConnectionManager.java:394)
	at org.apache.hadoop.hbase.client.HConnectionManager.getConnection(HConnectionManager.java:275)
	at org.apache.hadoop.hbase.client.HTable.<init>(HTable.java:197)
	at org.apache.hadoop.hbase.client.HTable.<init>(HTable.java:159)
	at com.yahoo.ycsb.db.HBaseClient.getHTable(HBaseClient.java:118)
	at com.yahoo.ycsb.db.HBaseClient.update(HBaseClient.java:302)
	at com.yahoo.ycsb.db.HBaseClient.insert(HBaseClient.java:357)
	at com.yahoo.ycsb.DBWrapper.insert(DBWrapper.java:148)
	at com.yahoo.ycsb.workloads.CoreWorkload.doTransactionInsert(CoreWorkload.java:639)
	at com.yahoo.ycsb.workloads.CoreWorkload.doTransaction(CoreWorkload.java:487)
	at com.yahoo.ycsb.ClientThread.run(Client.java:241)
2014-08-11 13:46:22:600 10 sec: 208157 operations; 20813.62 current ops/sec; [INSERT AverageLatency(us)=647.15] [READ AverageLatency(us)=19595.99] 
2014-08-11 13:46:32:603 20 sec: 424811 operations; 21658.9 current ops/sec; [INSERT AverageLatency(us)=31.17] [READ AverageLatency(us)=95669.93] 
2014-08-11 13:46:42:603 30 sec: 692410 operations; 26759.9 current ops/sec; [INSERT AverageLatency(us)=14.81] [READ AverageLatency(us)=68296.7] 
2014-08-11 13:46:52:604 40 sec: 885104 operations; 19267.47 current ops/sec; [INSERT AverageLatency(us)=12.48] [READ AverageLatency(us)=97030.69] 
2014-08-11 13:47:02:605 50 sec: 1120496 operations; 23536.85 current ops/sec; [INSERT AverageLatency(us)=16.57] [READ AverageLatency(us)=89657.88] 
2014-08-11 13:47:12:606 60 sec: 1325314 operations; 20479.75 current ops/sec; [INSERT AverageLatency(us)=13.54] [READ AverageLatency(us)=92268.59] 
2014-08-11 13:47:22:608 70 sec: 1516336 operations; 19098.38 current ops/sec; [INSERT AverageLatency(us)=16.07] [READ AverageLatency(us)=99493.46] 
2014-08-11 13:47:32:610 80 sec: 1517799 operations; 146.29 current ops/sec; [INSERT AverageLatency(us)=11.28] [READ AverageLatency(us)=239499.21] 
2014-08-11 13:47:42:611 90 sec: 1517799 operations; 0 current ops/sec;   
2014-08-11 13:47:52:613 100 sec: 1572339 operations; 5452.91 current ops/sec; [INSERT AverageLatency(us)=16.12] [READ AverageLatency(us)=1086510.51] 
2014-08-11 13:48:02:614 110 sec: 1815311 operations; 24294.77 current ops/sec; [INSERT AverageLatency(us)=13.58] [READ AverageLatency(us)=79943.99] 
2014-08-11 13:48:12:614 120 sec: 2026735 operations; 21142.4 current ops/sec; [INSERT AverageLatency(us)=15.41] [READ AverageLatency(us)=91942] 
2014-08-11 13:48:22:625 130 sec: 2282228 operations; 25523.78 current ops/sec; [INSERT AverageLatency(us)=12.86] [READ AverageLatency(us)=76990.09] 
2014-08-11 13:48:32:625 140 sec: 2452370 operations; 17012.5 current ops/sec; [INSERT AverageLatency(us)=16.74] [READ AverageLatency(us)=59017.71] 
2014-08-11 13:48:42:626 150 sec: 2482992 operations; 3061.89 current ops/sec; [INSERT AverageLatency(us)=9168.96] [READ AverageLatency(us)=27771.75] 
2014-08-11 13:48:52:627 160 sec: 2709876 operations; 22688.4 current ops/sec; [INSERT AverageLatency(us)=51.73] [READ AverageLatency(us)=84006.45] 
2014-08-11 13:49:02:627 170 sec: 2917114 operations; 20721.73 current ops/sec; [INSERT AverageLatency(us)=15.78] [READ AverageLatency(us)=48923.46] 
2014-08-11 13:49:12:629 180 sec: 2917114 operations; 0 current ops/sec;   
2014-08-11 13:49:22:630 190 sec: 3100298 operations; 18316.57 current ops/sec; [INSERT AverageLatency(us)=1975.02] [READ AverageLatency(us)=69513.38] 
2014-08-11 13:49:32:632 200 sec: 3315771 operations; 21542.99 current ops/sec; [INSERT AverageLatency(us)=12.96] [READ AverageLatency(us)=90580.64] 
2014-08-11 13:49:42:634 210 sec: 3467422 operations; 15162.07 current ops/sec; [INSERT AverageLatency(us)=13.44] [READ AverageLatency(us)=39454.88] 
2014-08-11 13:49:52:635 220 sec: 3586342 operations; 11890.81 current ops/sec; [INSERT AverageLatency(us)=1871.1] [READ AverageLatency(us)=98896.75] 
2014-08-11 13:50:02:638 230 sec: 3813094 operations; 22670.67 current ops/sec; [INSERT AverageLatency(us)=25.18] [READ AverageLatency(us)=83718.48] 
2014-08-11 13:50:12:639 240 sec: 3946557 operations; 13343.63 current ops/sec; [INSERT AverageLatency(us)=34.91] [READ AverageLatency(us)=40764.1] 
2014-08-11 13:50:22:641 250 sec: 4053169 operations; 10659.07 current ops/sec; [INSERT AverageLatency(us)=2620.81] [READ AverageLatency(us)=52045.17] 
2014-08-11 13:50:32:643 260 sec: 4291633 operations; 23841.63 current ops/sec; [INSERT AverageLatency(us)=18.55] [READ AverageLatency(us)=80652.88] 
2014-08-11 13:50:42:645 270 sec: 4495704 operations; 20405.06 current ops/sec; [INSERT AverageLatency(us)=435.39] [READ AverageLatency(us)=47775.77] 
2014-08-11 13:50:52:646 280 sec: 4591770 operations; 9604.68 current ops/sec; [INSERT AverageLatency(us)=13.92] [READ AverageLatency(us)=54958.4] 
2014-08-11 13:51:02:648 290 sec: 4712799 operations; 12100.48 current ops/sec; [INSERT AverageLatency(us)=1977.41] [READ AverageLatency(us)=81137.76] 
2014-08-11 13:51:12:650 300 sec: 4981418 operations; 26856.53 current ops/sec; [INSERT AverageLatency(us)=15.61] [READ AverageLatency(us)=77322.26] 
2014-08-11 13:51:22:651 310 sec: 5113056 operations; 13162.48 current ops/sec; [INSERT AverageLatency(us)=776.65] [READ AverageLatency(us)=49734.18] 
2014-08-11 13:51:32:652 320 sec: 5355556 operations; 24247.58 current ops/sec; [INSERT AverageLatency(us)=32.45] [READ AverageLatency(us)=62481.31] 
2014-08-11 13:51:42:654 330 sec: 5474156 operations; 11857.63 current ops/sec; [INSERT AverageLatency(us)=1517.72] [READ AverageLatency(us)=62086.18] 
2014-08-11 13:51:52:655 340 sec: 5616446 operations; 14227.58 current ops/sec; [INSERT AverageLatency(us)=25.75] [READ AverageLatency(us)=58563.48] 
2014-08-11 13:52:02:657 350 sec: 5661139 operations; 4468.41 current ops/sec; [INSERT AverageLatency(us)=6683.61] [READ AverageLatency(us)=36681.12] 
2014-08-11 13:52:12:659 360 sec: 5934204 operations; 27301.04 current ops/sec; [INSERT AverageLatency(us)=20.67] [READ AverageLatency(us)=71516.32] 
2014-08-11 13:52:22:660 370 sec: 6049046 operations; 11483.05 current ops/sec; [INSERT AverageLatency(us)=824.76] [READ AverageLatency(us)=100931.72] 
2014-08-11 13:52:32:661 380 sec: 6228352 operations; 17928.81 current ops/sec; [INSERT AverageLatency(us)=15.03] [READ AverageLatency(us)=61683.92] 
2014-08-11 13:52:42:662 390 sec: 6257390 operations; 2903.51 current ops/sec; [INSERT AverageLatency(us)=8871.61] [READ AverageLatency(us)=38379.93] 
2014-08-11 13:52:52:754 400 sec: 6529999 operations; 27012.39 current ops/sec; [INSERT AverageLatency(us)=17.34] [READ AverageLatency(us)=78312.52] 
2014-08-11 13:53:02:755 410 sec: 6660043 operations; 13003.1 current ops/sec; [INSERT AverageLatency(us)=674.33] [READ AverageLatency(us)=74746.54] 
2014-08-11 13:53:12:757 420 sec: 6844852 operations; 18477.2 current ops/sec; [INSERT AverageLatency(us)=11.24] [READ AverageLatency(us)=87348.48] 
2014-08-11 13:53:22:759 430 sec: 6849844 operations; 499.1 current ops/sec; [INSERT AverageLatency(us)=10033.66] [READ AverageLatency(us)=7793.1] 
2014-08-11 13:53:32:761 440 sec: 7044298 operations; 19441.51 current ops/sec; [INSERT AverageLatency(us)=1121.1] [READ AverageLatency(us)=100731.58] 
2014-08-11 13:53:42:762 450 sec: 7285128 operations; 24080.59 current ops/sec; [INSERT AverageLatency(us)=45.29] [READ AverageLatency(us)=69639.56] 
2014-08-11 13:53:52:763 460 sec: 7428303 operations; 14316.07 current ops/sec; [INSERT AverageLatency(us)=13.18] [READ AverageLatency(us)=62187.63] 
2014-08-11 13:54:02:763 470 sec: 7436861 operations; 855.8 current ops/sec; [INSERT AverageLatency(us)=33532.35] [READ AverageLatency(us)=347043.04] 
2014-08-11 13:54:12:764 480 sec: 7702390 operations; 26550.24 current ops/sec; [INSERT AverageLatency(us)=12.88] [READ AverageLatency(us)=72819.88] 
2014-08-11 13:54:22:765 490 sec: 7902967 operations; 20055.69 current ops/sec; [INSERT AverageLatency(us)=12.49] [READ AverageLatency(us)=102046.44] 
2014-08-11 13:54:32:765 500 sec: 8130066 operations; 22709.9 current ops/sec; [INSERT AverageLatency(us)=12.86] [READ AverageLatency(us)=88332.77] 
2014-08-11 13:54:42:766 510 sec: 8135332 operations; 526.55 current ops/sec; [INSERT AverageLatency(us)=12.82] [READ AverageLatency(us)=83410.09] 
2014-08-11 13:54:52:768 520 sec: 8135332 operations; 0 current ops/sec;   
2014-08-11 13:55:03:569 530 sec: 8253691 operations; 10958.15 current ops/sec; [INSERT AverageLatency(us)=19.97] [READ AverageLatency(us)=501277.49] 
2014-08-11 13:55:13:570 540 sec: 8290469 operations; 3677.43 current ops/sec; [INSERT AverageLatency(us)=4798.1] [READ AverageLatency(us)=57342.96] 
2014-08-11 13:55:23:572 550 sec: 8488856 operations; 19834.73 current ops/sec; [INSERT AverageLatency(us)=16.77] [READ AverageLatency(us)=79519.17] 
2014-08-11 13:55:33:573 560 sec: 8656733 operations; 16786.02 current ops/sec; [INSERT AverageLatency(us)=170.59] [READ AverageLatency(us)=123980.49] 
2014-08-11 13:55:43:575 570 sec: 8841894 operations; 18512.4 current ops/sec; [INSERT AverageLatency(us)=11.57] [READ AverageLatency(us)=60501.07] 
2014-08-11 13:55:53:576 580 sec: 8961640 operations; 11973.4 current ops/sec; [INSERT AverageLatency(us)=1573.5] [READ AverageLatency(us)=82767.07] 
2014-08-11 13:56:03:577 590 sec: 9219157 operations; 25749.13 current ops/sec; [INSERT AverageLatency(us)=12.07] [READ AverageLatency(us)=79995.76] 
2014-08-11 13:56:13:579 600 sec: 9330487 operations; 11130.77 current ops/sec; [INSERT AverageLatency(us)=14.19] [READ AverageLatency(us)=27986.77] 
2014-08-11 13:56:23:580 610 sec: 9330487 operations; 0 current ops/sec;   
2014-08-11 13:56:33:582 620 sec: 9437676 operations; 10716.76 current ops/sec; [INSERT AverageLatency(us)=4226.34] [READ AverageLatency(us)=98633.31] 
2014-08-11 13:56:43:583 630 sec: 9677427 operations; 23972.7 current ops/sec; [INSERT AverageLatency(us)=12.74] [READ AverageLatency(us)=85511.07] 
2014-08-11 13:56:53:585 640 sec: 9892152 operations; 21468.21 current ops/sec; [INSERT AverageLatency(us)=15.46] [READ AverageLatency(us)=90233.72] 
2014-08-11 13:57:03:586 650 sec: 10023115 operations; 13094.99 current ops/sec; [INSERT AverageLatency(us)=14] [READ AverageLatency(us)=41446.34] 
2014-08-11 13:57:13:588 660 sec: 10049346 operations; 2622.58 current ops/sec; [INSERT AverageLatency(us)=4926.22] [READ AverageLatency(us)=30053.51] 
2014-08-11 13:57:23:589 670 sec: 10259043 operations; 20967.6 current ops/sec; [INSERT AverageLatency(us)=1032.95] [READ AverageLatency(us)=90289.5] 
2014-08-11 13:57:33:591 680 sec: 10445371 operations; 18629.07 current ops/sec; [INSERT AverageLatency(us)=18.47] [READ AverageLatency(us)=62077.14] 
2014-08-11 13:57:43:592 690 sec: 10445371 operations; 0 current ops/sec;   
2014-08-11 13:57:53:705 701 sec: 10482928 operations; 3713.73 current ops/sec; [INSERT AverageLatency(us)=12181.44] [READ AverageLatency(us)=43066.98] 
2014-08-11 13:58:03:718 711 sec: 10709070 operations; 22584.84 current ops/sec; [INSERT AverageLatency(us)=11.59] [READ AverageLatency(us)=92309.21] 
2014-08-11 13:58:13:719 721 sec: 10951544 operations; 24244.98 current ops/sec; [INSERT AverageLatency(us)=28.66] [READ AverageLatency(us)=78629.22] 
2014-08-11 13:58:23:719 731 sec: 10958602 operations; 705.8 current ops/sec; [INSERT AverageLatency(us)=10.7] [READ AverageLatency(us)=146563.6] 
2014-08-11 13:58:33:721 741 sec: 10958602 operations; 0 current ops/sec;   
2014-08-11 13:58:43:722 751 sec: 11104629 operations; 14601.24 current ops/sec; [INSERT AverageLatency(us)=12.39] [READ AverageLatency(us)=390554.98] 
2014-08-11 13:58:53:723 761 sec: 11113685 operations; 905.51 current ops/sec; [INSERT AverageLatency(us)=4809.03] [READ AverageLatency(us)=30241.44] 
2014-08-11 13:59:03:724 771 sec: 11323719 operations; 21001.3 current ops/sec; [INSERT AverageLatency(us)=947.71] [READ AverageLatency(us)=88000.01] 
2014-08-11 13:59:13:725 781 sec: 11560546 operations; 23682.7 current ops/sec; [INSERT AverageLatency(us)=12.75] [READ AverageLatency(us)=79161.24] 
2014-08-11 13:59:23:725 791 sec: 11688050 operations; 12749.13 current ops/sec; [INSERT AverageLatency(us)=11.03] [READ AverageLatency(us)=55927.97] 
2014-08-11 13:59:33:726 801 sec: 11817613 operations; 12955 current ops/sec; [INSERT AverageLatency(us)=1963.3] [READ AverageLatency(us)=60439.78] 
2014-08-11 13:59:43:727 811 sec: 12029351 operations; 21171.68 current ops/sec; [INSERT AverageLatency(us)=12.91] [READ AverageLatency(us)=91860.1] 
2014-08-11 13:59:53:727 821 sec: 12190860 operations; 16150.9 current ops/sec; [INSERT AverageLatency(us)=21.05] [READ AverageLatency(us)=55999.46] 
2014-08-11 14:00:03:728 831 sec: 12218501 operations; 2763.82 current ops/sec; [INSERT AverageLatency(us)=9958.93] [READ AverageLatency(us)=18400.46] 
2014-08-11 14:00:13:729 841 sec: 12458530 operations; 24000.5 current ops/sec; [INSERT AverageLatency(us)=12.69] [READ AverageLatency(us)=93943.59] 
2014-08-11 14:00:23:730 851 sec: 12556087 operations; 9754.72 current ops/sec; [INSERT AverageLatency(us)=11.75] [READ AverageLatency(us)=42693.21] 
2014-08-11 14:00:33:731 861 sec: 12577405 operations; 2131.8 current ops/sec; [INSERT AverageLatency(us)=15912.71] [READ AverageLatency(us)=35105.21] 
2014-08-11 14:00:43:731 871 sec: 12812840 operations; 23541.15 current ops/sec; [INSERT AverageLatency(us)=14.23] [READ AverageLatency(us)=87743.77] 
2014-08-11 14:00:53:732 881 sec: 13078078 operations; 26521.15 current ops/sec; [INSERT AverageLatency(us)=22.03] [READ AverageLatency(us)=65191.25] 
2014-08-11 14:01:03:733 891 sec: 13224916 operations; 14682.33 current ops/sec; [INSERT AverageLatency(us)=548.25] [READ AverageLatency(us)=62285.43] 
2014-08-11 14:01:13:735 901 sec: 13259817 operations; 3489.4 current ops/sec; [INSERT AverageLatency(us)=5641.95] [READ AverageLatency(us)=69431.68] 
2014-08-11 14:01:23:735 911 sec: 13485736 operations; 22591.9 current ops/sec; [INSERT AverageLatency(us)=13.09] [READ AverageLatency(us)=68893.5] 
2014-08-11 14:01:33:737 921 sec: 13521154 operations; 3541.09 current ops/sec; [INSERT AverageLatency(us)=6809.99] [READ AverageLatency(us)=41958.48] 
2014-08-11 14:01:43:739 931 sec: 13725289 operations; 20409.42 current ops/sec; [INSERT AverageLatency(us)=12.72] [READ AverageLatency(us)=102219.05] 
2014-08-11 14:01:53:740 941 sec: 13946824 operations; 22151.28 current ops/sec; [INSERT AverageLatency(us)=18.47] [READ AverageLatency(us)=90285.89] 
2014-08-11 14:02:03:740 951 sec: 14054954 operations; 10813 current ops/sec; [INSERT AverageLatency(us)=13.17] [READ AverageLatency(us)=35749.19] 
2014-08-11 14:02:13:742 961 sec: 14148374 operations; 9340.13 current ops/sec; [INSERT AverageLatency(us)=2814.54] [READ AverageLatency(us)=107350.79] 
2014-08-11 14:02:23:743 971 sec: 14370743 operations; 22236.9 current ops/sec; [INSERT AverageLatency(us)=11.82] [READ AverageLatency(us)=90164.17] 
2014-08-11 14:02:33:743 981 sec: 14455984 operations; 8523.25 current ops/sec; [INSERT AverageLatency(us)=14.69] [READ AverageLatency(us)=61493.62] 
2014-08-11 14:02:43:744 991 sec: 14455984 operations; 0 current ops/sec;   
2014-08-11 14:02:53:744 1001 sec: 14533735 operations; 7775.1 current ops/sec; [INSERT AverageLatency(us)=14.2] [READ AverageLatency(us)=662707.05] 
2014-08-11 14:03:03:746 1011 sec: 14581455 operations; 4771.05 current ops/sec; [INSERT AverageLatency(us)=9.74] [READ AverageLatency(us)=44382.38] 
2014-08-11 14:03:13:748 1021 sec: 14685195 operations; 10371.93 current ops/sec; [INSERT AverageLatency(us)=2762.13] [READ AverageLatency(us)=93565.81] 
2014-08-11 14:03:23:748 1031 sec: 14889856 operations; 20466.1 current ops/sec; [INSERT AverageLatency(us)=12.11] [READ AverageLatency(us)=62203.89] 
2014-08-11 14:03:33:749 1041 sec: 14889856 operations; 0 current ops/sec;   
2014-08-11 14:03:43:750 1051 sec: 15083612 operations; 19373.66 current ops/sec; [INSERT AverageLatency(us)=1668.73] [READ AverageLatency(us)=75443.15] 
2014-08-11 14:03:53:750 1061 sec: 15322122 operations; 23851 current ops/sec; [INSERT AverageLatency(us)=11.8] [READ AverageLatency(us)=78950.26] 
2014-08-11 14:04:03:752 1071 sec: 15432804 operations; 11065.99 current ops/sec; [INSERT AverageLatency(us)=229.45] [READ AverageLatency(us)=47076.91] 
2014-08-11 14:04:13:753 1081 sec: 15629574 operations; 19675.03 current ops/sec; [INSERT AverageLatency(us)=811.44] [READ AverageLatency(us)=85000.46] 
2014-08-11 14:04:23:754 1091 sec: 15862255 operations; 23265.77 current ops/sec; [INSERT AverageLatency(us)=12.38] [READ AverageLatency(us)=63953.04] 
2014-08-11 14:04:33:756 1101 sec: 15875285 operations; 1302.87 current ops/sec; [INSERT AverageLatency(us)=17595.87] [READ AverageLatency(us)=51580.1] 
2014-08-11 14:04:43:757 1111 sec: 16106175 operations; 23084.38 current ops/sec; [INSERT AverageLatency(us)=209.64] [READ AverageLatency(us)=68314.01] 
2014-08-11 14:04:53:758 1121 sec: 16317581 operations; 21138.49 current ops/sec; [INSERT AverageLatency(us)=13.56] [READ AverageLatency(us)=63408.69] 
2014-08-11 14:05:03:760 1131 sec: 16350594 operations; 3300.64 current ops/sec; [INSERT AverageLatency(us)=6780.83] [READ AverageLatency(us)=117517.56] 
2014-08-11 14:05:13:761 1141 sec: 16625886 operations; 27526.45 current ops/sec; [INSERT AverageLatency(us)=12.54] [READ AverageLatency(us)=71027.78] 
2014-08-11 14:05:23:762 1151 sec: 16766466 operations; 14056.59 current ops/sec; [INSERT AverageLatency(us)=648.21] [READ AverageLatency(us)=76022.75] 
2014-08-11 14:05:33:764 1161 sec: 16870512 operations; 10402.52 current ops/sec; [INSERT AverageLatency(us)=578.02] [READ AverageLatency(us)=43177.38] 
2014-08-11 14:05:43:765 1171 sec: 17109836 operations; 23930.01 current ops/sec; [INSERT AverageLatency(us)=595.01] [READ AverageLatency(us)=66506.1] 
2014-08-11 14:05:53:765 1181 sec: 17154302 operations; 4446.6 current ops/sec; [INSERT AverageLatency(us)=3100.24] [READ AverageLatency(us)=121888.22] 
2014-08-11 14:06:03:767 1191 sec: 17368600 operations; 21425.51 current ops/sec; [INSERT AverageLatency(us)=114.51] [READ AverageLatency(us)=53758.94] 
2014-08-11 14:06:13:769 1201 sec: 17574728 operations; 20608.68 current ops/sec; [INSERT AverageLatency(us)=438.49] [READ AverageLatency(us)=68299.62] 
2014-08-11 14:06:23:770 1211 sec: 17574728 operations; 0 current ops/sec;   
2014-08-11 14:06:33:771 1221 sec: 17670376 operations; 9562.89 current ops/sec; [INSERT AverageLatency(us)=3687.32] [READ AverageLatency(us)=88562.2] 
2014-08-11 14:06:43:773 1231 sec: 17864070 operations; 19365.53 current ops/sec; [INSERT AverageLatency(us)=15.8] [READ AverageLatency(us)=70155.89] 
2014-08-11 14:06:53:774 1241 sec: 18018678 operations; 15459.25 current ops/sec; [INSERT AverageLatency(us)=966.42] [READ AverageLatency(us)=77773.84] 
2014-08-11 14:07:03:775 1251 sec: 18200457 operations; 18176.08 current ops/sec; [INSERT AverageLatency(us)=353.06] [READ AverageLatency(us)=72956.64] 
2014-08-11 14:07:13:776 1261 sec: 18309974 operations; 10951.7 current ops/sec; [INSERT AverageLatency(us)=346] [READ AverageLatency(us)=43237.6] 
2014-08-11 14:07:23:776 1271 sec: 18529101 operations; 21910.51 current ops/sec; [INSERT AverageLatency(us)=718.97] [READ AverageLatency(us)=64943.07] 
2014-08-11 14:07:33:777 1281 sec: 18717942 operations; 18882.21 current ops/sec; [INSERT AverageLatency(us)=217.4] [READ AverageLatency(us)=70339.92] 
2014-08-11 14:07:43:778 1291 sec: 18834488 operations; 11653.43 current ops/sec; [INSERT AverageLatency(us)=1250.86] [READ AverageLatency(us)=68326.66] 
2014-08-11 14:07:53:779 1301 sec: 19023822 operations; 18931.51 current ops/sec; [INSERT AverageLatency(us)=492.65] [READ AverageLatency(us)=61424.42] 
2014-08-11 14:08:03:781 1311 sec: 19113329 operations; 8949.81 current ops/sec; [INSERT AverageLatency(us)=283.58] [READ AverageLatency(us)=43951.52] 
2014-08-11 14:08:13:782 1321 sec: 19308783 operations; 19541.49 current ops/sec; [INSERT AverageLatency(us)=885.94] [READ AverageLatency(us)=76007.73] 
2014-08-11 14:08:23:783 1331 sec: 19472150 operations; 16335.07 current ops/sec; [INSERT AverageLatency(us)=11.37] [READ AverageLatency(us)=73100.87] 
2014-08-11 14:08:33:785 1341 sec: 19657193 operations; 18500.6 current ops/sec; [INSERT AverageLatency(us)=881.06] [READ AverageLatency(us)=60428.28] 
2014-08-11 14:08:43:787 1351 sec: 19785173 operations; 12796.72 current ops/sec; [INSERT AverageLatency(us)=963.42] [READ AverageLatency(us)=75048.1] 
2014-08-11 14:08:53:788 1361 sec: 19892599 operations; 10740.45 current ops/sec; [INSERT AverageLatency(us)=1205.86] [READ AverageLatency(us)=55811.66] 
2014-08-11 14:09:03:790 1371 sec: 20079323 operations; 18668.67 current ops/sec; [INSERT AverageLatency(us)=145.31] [READ AverageLatency(us)=53861.07] 
2014-08-11 14:09:13:792 1381 sec: 20311695 operations; 23232.55 current ops/sec; [INSERT AverageLatency(us)=443.31] [READ AverageLatency(us)=74494.36] 
2014-08-11 14:09:23:793 1391 sec: 20311695 operations; 0 current ops/sec;   
2014-08-11 14:09:33:795 1401 sec: 20351751 operations; 4004.8 current ops/sec; [INSERT AverageLatency(us)=9253.96] [READ AverageLatency(us)=103443.39] 
2014-08-11 14:09:43:797 1411 sec: 20562971 operations; 21119.89 current ops/sec; [INSERT AverageLatency(us)=12.31] [READ AverageLatency(us)=62391.49] 
2014-08-11 14:09:53:828 1421 sec: 20646187 operations; 8295.06 current ops/sec; [INSERT AverageLatency(us)=2774.84] [READ AverageLatency(us)=65726.4] 
2014-08-11 14:10:03:987 1431 sec: 20843154 operations; 19390.33 current ops/sec; [INSERT AverageLatency(us)=21.38] [READ AverageLatency(us)=98016.77] 
2014-08-11 14:10:13:987 1441 sec: 20953551 operations; 11038.6 current ops/sec; [INSERT AverageLatency(us)=408.08] [READ AverageLatency(us)=44716.66] 
2014-08-11 14:10:23:988 1451 sec: 21173672 operations; 22009.9 current ops/sec; [INSERT AverageLatency(us)=542.44] [READ AverageLatency(us)=87357.75] 
2014-08-11 14:10:33:988 1461 sec: 21296500 operations; 12282.8 current ops/sec; [INSERT AverageLatency(us)=177.86] [READ AverageLatency(us)=54032.93] 
2014-08-11 14:10:43:989 1471 sec: 21493341 operations; 19682.13 current ops/sec; [INSERT AverageLatency(us)=777.42] [READ AverageLatency(us)=80167.18] 
2014-08-11 14:10:53:990 1481 sec: 21637523 operations; 14416.76 current ops/sec; [INSERT AverageLatency(us)=870.66] [READ AverageLatency(us)=46732.25] 
2014-08-11 14:11:03:991 1491 sec: 21890598 operations; 25304.97 current ops/sec; [INSERT AverageLatency(us)=25.89] [READ AverageLatency(us)=78592.11] 
2014-08-11 14:11:13:992 1501 sec: 21948001 operations; 5739.73 current ops/sec; [INSERT AverageLatency(us)=2176.05] [READ AverageLatency(us)=23600.04] 
2014-08-11 14:11:23:996 1511 sec: 22217243 operations; 26913.43 current ops/sec; [INSERT AverageLatency(us)=251.66] [READ AverageLatency(us)=69076.89] 
2014-08-11 14:11:33:996 1521 sec: 22236901 operations; 1965.8 current ops/sec; [INSERT AverageLatency(us)=1524.41] [READ AverageLatency(us)=11331.7] 
2014-08-11 14:11:43:997 1531 sec: 22434881 operations; 19796.02 current ops/sec; [INSERT AverageLatency(us)=1001.94] [READ AverageLatency(us)=80312.43] 
2014-08-11 14:11:53:997 1541 sec: 22558796 operations; 12391.5 current ops/sec; [INSERT AverageLatency(us)=1264.31] [READ AverageLatency(us)=47058.82] 
2014-08-11 14:12:03:998 1551 sec: 22824831 operations; 26600.84 current ops/sec; [INSERT AverageLatency(us)=12.12] [READ AverageLatency(us)=73926.62] 
2014-08-11 14:12:13:998 1561 sec: 22897232 operations; 7240.1 current ops/sec; [INSERT AverageLatency(us)=2230.51] [READ AverageLatency(us)=30530.69] 
2014-08-11 14:12:23:999 1571 sec: 23132233 operations; 23497.75 current ops/sec; [INSERT AverageLatency(us)=12.01] [READ AverageLatency(us)=93696.95] 
2014-08-11 14:12:34:000 1581 sec: 23215961 operations; 8371.96 current ops/sec; [INSERT AverageLatency(us)=12.64] [READ AverageLatency(us)=63193.91] 
2014-08-11 14:12:44:008 1591 sec: 23215961 operations; 0 current ops/sec;   
2014-08-11 14:12:54:009 1601 sec: 23215961 operations; 0 current ops/sec;   
2014-08-11 14:13:04:010 1611 sec: 23411379 operations; 19539.85 current ops/sec; [INSERT AverageLatency(us)=13.74] [READ AverageLatency(us)=379819.56] 
2014-08-11 14:13:14:012 1621 sec: 23622548 operations; 21112.68 current ops/sec; [INSERT AverageLatency(us)=15.76] [READ AverageLatency(us)=65337.16] 
2014-08-11 14:13:24:013 1631 sec: 23642412 operations; 1986.2 current ops/sec; [INSERT AverageLatency(us)=7842.41] [READ AverageLatency(us)=40700.36] 
2014-08-11 14:13:34:015 1641 sec: 23874225 operations; 23176.66 current ops/sec; [INSERT AverageLatency(us)=410.4] [READ AverageLatency(us)=81002.16] 
2014-08-11 14:13:44:016 1651 sec: 24016347 operations; 14210.78 current ops/sec; [INSERT AverageLatency(us)=11.68] [READ AverageLatency(us)=56031.51] 
2014-08-11 14:13:54:018 1661 sec: 24130474 operations; 11410.42 current ops/sec; [INSERT AverageLatency(us)=1778.93] [READ AverageLatency(us)=84850.45] 
2014-08-11 14:14:04:019 1671 sec: 24384331 operations; 25383.16 current ops/sec; [INSERT AverageLatency(us)=12.75] [READ AverageLatency(us)=67117.27] 
2014-08-11 14:14:14:021 1681 sec: 24453566 operations; 6922.12 current ops/sec; [UPDATE AverageLatency(us)=12533889] [INSERT AverageLatency(us)=2579.31] [READ AverageLatency(us)=72376.92] [CLEANUP AverageLatency(us)=12534025] 
2014-08-11 14:14:24:023 1691 sec: 24691080 operations; 23746.65 current ops/sec; [UPDATE AverageLatency(us)=577332] [INSERT AverageLatency(us)=12.47] [READ AverageLatency(us)=78058.69] [CLEANUP AverageLatency(us)=578046] 
2014-08-11 14:14:34:023 1701 sec: 24755622 operations; 6454.2 current ops/sec;  [INSERT AverageLatency(us)=9.92] [READ AverageLatency(us)=29183.94]  
2014-08-11 14:14:44:024 1711 sec: 24868666 operations; 11303.27 current ops/sec; [UPDATE AverageLatency(us)=8761326.22] [INSERT AverageLatency(us)=1499.88] [READ AverageLatency(us)=45215.31] [CLEANUP AverageLatency(us)=8761336.33] 
2014-08-11 14:14:53:603 1721 sec: 25000000 operations; 13710.62 current ops/sec; [UPDATE AverageLatency(us)=1042508.33] [INSERT AverageLatency(us)=13.6] [READ AverageLatency(us)=29810.6] [CLEANUP AverageLatency(us)=1042517.44] 
+ echo 'end time:'
end time:
++ date +%s
+ echo 1407791693
1407791693
+ echo 'sleeping for 10 sec ...'
sleeping for 10 sec ...
+ sleep 10
+ let counter=1+1
+ read line
+ set +x
