----------------------------------------------------------
selfdapql AM_FILE_POINTER in begining: 0
selfdapql filelengh: 226232
log_evicted_initial: 0
log_evicted_last: 4
log_evicted_count: 4
storeFileSize: 2.1956861E-5
selfdapql AM_FILE_POINTER in end: 226232
selfdapql RS_FILE_POINTER in begining: 0
selfdapql rs_filelengh: 257322
selfdapql blocking update blocking_updates_count: 0
selfdapql blocking update avg total_blocking_time: 0.0
selfdapql RS_FILE_POINTER in end: 257322
selfdapql DN_FILE_POINTER in begining: 0
selfdapql dn_filelength: 62597
selfdapql total operation time: 132.0
selfdapql total # operations: 23
selfdapql dfs avg read time: 5.7391305
selfdapql DN_FILE_POINTER in end: 62597
selfdapql newBlockCacheSize: 0.45000002
selfdapql newMemstoreSize: 0.35
----------------------------------------------------------
selfdapql AM_FILE_POINTER in begining: 226232
selfdapql filelengh: 446598
log_evicted_initial: 4
log_evicted_last: 6
log_evicted_count: 2
storeFileSize: 2.1956861E-5
selfdapql AM_FILE_POINTER in end: 446598
selfdapql RS_FILE_POINTER in begining: 257322
selfdapql rs_filelengh: 262429
selfdapql blocking update blocking_updates_count: 0
selfdapql blocking update avg total_blocking_time: 0.0
selfdapql RS_FILE_POINTER in end: 262429
selfdapql DN_FILE_POINTER in begining: 62597
selfdapql dn_filelength: 114052
selfdapql total operation time: 4.0
selfdapql total # operations: 2
selfdapql dfs avg read time: 2.0
selfdapql DN_FILE_POINTER in end: 114052
selfdapql newBlockCacheSize: 0.5
selfdapql newMemstoreSize: 0.29999998
----------------------------------------------------------
selfdapql AM_FILE_POINTER in begining: 446598
selfdapql filelengh: 667200
log_evicted_initial: 6
log_evicted_last: 6
log_evicted_count: 0
storeFileSize: 2.1956861E-5
selfdapql AM_FILE_POINTER in end: 667200
selfdapql RS_FILE_POINTER in begining: 262429
selfdapql rs_filelengh: 262644
selfdapql blocking update blocking_updates_count: 0
selfdapql blocking update avg total_blocking_time: 0.0
selfdapql RS_FILE_POINTER in end: 262644
selfdapql DN_FILE_POINTER in begining: 114052
selfdapql dn_filelength: 165551
selfdapql total operation time: 0.0
selfdapql total # operations: 0
selfdapql dfs avg read time: 0.0
selfdapql DN_FILE_POINTER in end: 165551
----------------------------------------------------------
selfdapql AM_FILE_POINTER in begining: 667200
selfdapql filelengh: 887542
log_evicted_initial: 6
log_evicted_last: 6
log_evicted_count: 0
storeFileSize: 2.1956861E-5
selfdapql AM_FILE_POINTER in end: 887542
selfdapql RS_FILE_POINTER in begining: 262644
selfdapql rs_filelengh: 267536
selfdapql blocking update blocking_updates_count: 0
selfdapql blocking update avg total_blocking_time: 0.0
selfdapql RS_FILE_POINTER in end: 267536
selfdapql DN_FILE_POINTER in begining: 165551
selfdapql dn_filelength: 217099
selfdapql total operation time: 4.0
selfdapql total # operations: 2
selfdapql dfs avg read time: 2.0
selfdapql DN_FILE_POINTER in end: 217099
----------------------------------------------------------
selfdapql AM_FILE_POINTER in begining: 887542
selfdapql filelengh: 1107690
log_evicted_initial: 6
log_evicted_last: 6
log_evicted_count: 0
storeFileSize: 2.1956861E-5
selfdapql AM_FILE_POINTER in end: 1107690
selfdapql RS_FILE_POINTER in begining: 267536
selfdapql rs_filelengh: 267819
selfdapql blocking update blocking_updates_count: 0
selfdapql blocking update avg total_blocking_time: 0.0
selfdapql RS_FILE_POINTER in end: 267819
selfdapql DN_FILE_POINTER in begining: 217099
selfdapql dn_filelength: 268693
selfdapql total operation time: 0.0
selfdapql total # operations: 0
selfdapql dfs avg read time: 0.0
selfdapql DN_FILE_POINTER in end: 268693
----------------------------------------------------------
selfdapql AM_FILE_POINTER in begining: 1107690
selfdapql filelengh: 1327799
log_evicted_initial: 6
log_evicted_last: 6
log_evicted_count: 0
storeFileSize: 2.1956861E-5
selfdapql AM_FILE_POINTER in end: 1327799
selfdapql RS_FILE_POINTER in begining: 267819
selfdapql rs_filelengh: 272428
selfdapql blocking update blocking_updates_count: 0
selfdapql blocking update avg total_blocking_time: 0.0
selfdapql RS_FILE_POINTER in end: 272428
selfdapql DN_FILE_POINTER in begining: 268693
selfdapql dn_filelength: 320337
selfdapql total operation time: 0.0
selfdapql total # operations: 0
selfdapql dfs avg read time: 0.0
selfdapql DN_FILE_POINTER in end: 320337
----------------------------------------------------------
selfdapql AM_FILE_POINTER in begining: 1327799
selfdapql filelengh: 1547643
log_evicted_initial: 6
log_evicted_last: 6
log_evicted_count: 0
storeFileSize: 2.1956861E-5
selfdapql AM_FILE_POINTER in end: 1547643
selfdapql RS_FILE_POINTER in begining: 272428
selfdapql rs_filelengh: 277320
selfdapql blocking update blocking_updates_count: 0
selfdapql blocking update avg total_blocking_time: 0.0
selfdapql RS_FILE_POINTER in end: 277320
selfdapql DN_FILE_POINTER in begining: 320337
selfdapql dn_filelength: 371927
selfdapql total operation time: 3.0
selfdapql total # operations: 2
selfdapql dfs avg read time: 1.5
selfdapql DN_FILE_POINTER in end: 371927
----------------------------------------------------------
selfdapql AM_FILE_POINTER in begining: 1547643
selfdapql filelengh: 1767161
log_evicted_initial: 6
log_evicted_last: 6
log_evicted_count: 0
storeFileSize: 2.1956861E-5
selfdapql AM_FILE_POINTER in end: 1767161
selfdapql RS_FILE_POINTER in begining: 277320
selfdapql rs_filelengh: 277320
selfdapql blocking update blocking_updates_count: 0
selfdapql blocking update avg total_blocking_time: 0.0
selfdapql RS_FILE_POINTER in end: 277320
selfdapql DN_FILE_POINTER in begining: 371927
selfdapql dn_filelength: 423599
selfdapql total operation time: 0.0
selfdapql total # operations: 0
selfdapql dfs avg read time: 0.0
selfdapql DN_FILE_POINTER in end: 423599
----------------------------------------------------------
selfdapql AM_FILE_POINTER in begining: 1767161
selfdapql filelengh: 1987171
log_evicted_initial: 6
log_evicted_last: 6
log_evicted_count: 0
storeFileSize: 2.1956861E-5
selfdapql AM_FILE_POINTER in end: 1987171
selfdapql RS_FILE_POINTER in begining: 277320
selfdapql rs_filelengh: 282216
selfdapql blocking update blocking_updates_count: 0
selfdapql blocking update avg total_blocking_time: 0.0
selfdapql RS_FILE_POINTER in end: 282216
selfdapql DN_FILE_POINTER in begining: 423599
selfdapql dn_filelength: 475255
selfdapql total operation time: 2.0
selfdapql total # operations: 2
selfdapql dfs avg read time: 1.0
selfdapql DN_FILE_POINTER in end: 475255
----------------------------------------------------------
selfdapql AM_FILE_POINTER in begining: 1987171
selfdapql filelengh: 2207437
log_evicted_initial: 6
log_evicted_last: 6
log_evicted_count: 0
storeFileSize: 2.1956861E-5
selfdapql AM_FILE_POINTER in end: 2207437
selfdapql RS_FILE_POINTER in begining: 282216
selfdapql rs_filelengh: 282499
selfdapql blocking update blocking_updates_count: 0
selfdapql blocking update avg total_blocking_time: 0.0
selfdapql RS_FILE_POINTER in end: 282499
selfdapql DN_FILE_POINTER in begining: 475255
selfdapql dn_filelength: 526914
selfdapql total operation time: 0.0
selfdapql total # operations: 0
selfdapql dfs avg read time: 0.0
selfdapql DN_FILE_POINTER in end: 526914
----------------------------------------------------------
selfdapql AM_FILE_POINTER in begining: 2207437
selfdapql filelengh: 2428051
log_evicted_initial: 6
log_evicted_last: 6
log_evicted_count: 0
storeFileSize: 2.1956861E-5
selfdapql AM_FILE_POINTER in end: 2428051
selfdapql RS_FILE_POINTER in begining: 282499
selfdapql rs_filelengh: 287112
selfdapql blocking update blocking_updates_count: 0
selfdapql blocking update avg total_blocking_time: 0.0
selfdapql RS_FILE_POINTER in end: 287112
selfdapql DN_FILE_POINTER in begining: 526914
selfdapql dn_filelength: 578583
selfdapql total operation time: 0.0
selfdapql total # operations: 0
selfdapql dfs avg read time: 0.0
selfdapql DN_FILE_POINTER in end: 578583
----------------------------------------------------------
selfdapql AM_FILE_POINTER in begining: 2428051
selfdapql filelengh: 2648410
log_evicted_initial: 6
log_evicted_last: 6
log_evicted_count: 0
storeFileSize: 2.1956861E-5
selfdapql AM_FILE_POINTER in end: 2648410
selfdapql RS_FILE_POINTER in begining: 287112
selfdapql rs_filelengh: 292008
selfdapql blocking update blocking_updates_count: 0
selfdapql blocking update avg total_blocking_time: 0.0
selfdapql RS_FILE_POINTER in end: 292008
selfdapql DN_FILE_POINTER in begining: 578583
selfdapql dn_filelength: 630258
selfdapql total operation time: 5.0
selfdapql total # operations: 2
selfdapql dfs avg read time: 2.5
selfdapql DN_FILE_POINTER in end: 630258
