----------------------------------------------------------
selfdapql AM_FILE_POINTER in begining: 0
selfdapql filelengh: 226479
log_evicted_initial: 0
log_evicted_last: 5
log_evicted_count: 5
storeFileSize: 2.2365712E-5
selfdapql AM_FILE_POINTER in end: 226479
selfdapql RS_FILE_POINTER in begining: 0
selfdapql rs_filelengh: 255624
selfdapql blocking update blocking_updates_count: 0
selfdapql blocking update avg total_blocking_time: 0.0
selfdapql RS_FILE_POINTER in end: 255624
selfdapql DN_FILE_POINTER in begining: 0
selfdapql dn_filelength: 62596
selfdapql total operation time: 127.0
selfdapql total # operations: 23
selfdapql dfs avg read time: 5.521739
selfdapql DN_FILE_POINTER in end: 62596
read proportion = 0.1
write_proportion = 0.9
selfdapql blockedFlushCount: 0
selfdapql unblockedFlushCount: 0
selfdapql evictCount: 5
selfdapql current cache size: 4.8
selfdapql data size: 2.2365712E-5
selfdapql cache-data ratio: 53653.56
enough cache
selfdapql newBlockCacheSize: 0.4
selfdapql newMemstoreSize: 0.4
----------------------------------------------------------
selfdapql AM_FILE_POINTER in begining: 226479
selfdapql filelengh: 446637
log_evicted_initial: 5
log_evicted_last: 7
log_evicted_count: 2
storeFileSize: 2.2365712E-5
selfdapql AM_FILE_POINTER in end: 446637
selfdapql RS_FILE_POINTER in begining: 255624
selfdapql rs_filelengh: 260731
selfdapql blocking update blocking_updates_count: 0
selfdapql blocking update avg total_blocking_time: 0.0
selfdapql RS_FILE_POINTER in end: 260731
selfdapql DN_FILE_POINTER in begining: 62596
selfdapql dn_filelength: 114081
selfdapql total operation time: 4.0
selfdapql total # operations: 2
selfdapql dfs avg read time: 2.0
selfdapql DN_FILE_POINTER in end: 114081
read proportion = 0.1
write_proportion = 0.9
selfdapql blockedFlushCount: 0
selfdapql unblockedFlushCount: 0
selfdapql evictCount: 2
selfdapql current cache size: 4.8
selfdapql data size: 2.2365712E-5
selfdapql cache-data ratio: 53653.56
enough cache
selfdapql newBlockCacheSize: 0.4
selfdapql newMemstoreSize: 0.4
----------------------------------------------------------
selfdapql AM_FILE_POINTER in begining: 446637
selfdapql filelengh: 666726
log_evicted_initial: 7
log_evicted_last: 7
log_evicted_count: 0
storeFileSize: 2.2365712E-5
selfdapql AM_FILE_POINTER in end: 666726
selfdapql RS_FILE_POINTER in begining: 260731
selfdapql rs_filelengh: 260946
selfdapql blocking update blocking_updates_count: 0
selfdapql blocking update avg total_blocking_time: 0.0
selfdapql RS_FILE_POINTER in end: 260946
selfdapql DN_FILE_POINTER in begining: 114081
selfdapql dn_filelength: 165662
selfdapql total operation time: 0.0
selfdapql total # operations: 0
selfdapql dfs avg read time: 0.0
selfdapql DN_FILE_POINTER in end: 165662
read proportion = 0.1
write_proportion = 0.9
selfdapql blockedFlushCount: 0
selfdapql unblockedFlushCount: 0
selfdapql evictCount: 5
selfdapql No Tuning
----------------------------------------------------------
selfdapql AM_FILE_POINTER in begining: 666726
selfdapql filelengh: 886839
log_evicted_initial: 7
log_evicted_last: 7
log_evicted_count: 0
storeFileSize: 2.2365712E-5
selfdapql AM_FILE_POINTER in end: 886839
selfdapql RS_FILE_POINTER in begining: 260946
selfdapql rs_filelengh: 265838
selfdapql blocking update blocking_updates_count: 0
selfdapql blocking update avg total_blocking_time: 0.0
selfdapql RS_FILE_POINTER in end: 265838
selfdapql DN_FILE_POINTER in begining: 165662
selfdapql dn_filelength: 217241
selfdapql total operation time: 5.0
selfdapql total # operations: 2
selfdapql dfs avg read time: 2.5
selfdapql DN_FILE_POINTER in end: 217241
read proportion = 0.1
write_proportion = 0.9
selfdapql blockedFlushCount: 0
selfdapql unblockedFlushCount: 0
selfdapql evictCount: 2
selfdapql No Tuning
----------------------------------------------------------
selfdapql AM_FILE_POINTER in begining: 886839
selfdapql filelengh: 1107062
log_evicted_initial: 7
log_evicted_last: 7
log_evicted_count: 0
storeFileSize: 2.2365712E-5
selfdapql AM_FILE_POINTER in end: 1107062
selfdapql RS_FILE_POINTER in begining: 265838
selfdapql rs_filelengh: 266121
selfdapql blocking update blocking_updates_count: 0
selfdapql blocking update avg total_blocking_time: 0.0
selfdapql RS_FILE_POINTER in end: 266121
selfdapql DN_FILE_POINTER in begining: 217241
selfdapql dn_filelength: 268868
selfdapql total operation time: 0.0
selfdapql total # operations: 0
selfdapql dfs avg read time: 0.0
selfdapql DN_FILE_POINTER in end: 268868
read proportion = 0.1
write_proportion = 0.9
selfdapql blockedFlushCount: 0
selfdapql unblockedFlushCount: 0
selfdapql evictCount: 5
selfdapql No Tuning
----------------------------------------------------------
selfdapql AM_FILE_POINTER in begining: 1107062
selfdapql filelengh: 1327243
log_evicted_initial: 7
log_evicted_last: 7
log_evicted_count: 0
storeFileSize: 2.2365712E-5
selfdapql AM_FILE_POINTER in end: 1327243
selfdapql RS_FILE_POINTER in begining: 266121
selfdapql rs_filelengh: 270730
selfdapql blocking update blocking_updates_count: 0
selfdapql blocking update avg total_blocking_time: 0.0
selfdapql RS_FILE_POINTER in end: 270730
selfdapql DN_FILE_POINTER in begining: 268868
selfdapql dn_filelength: 320462
selfdapql total operation time: 0.0
selfdapql total # operations: 0
selfdapql dfs avg read time: 0.0
selfdapql DN_FILE_POINTER in end: 320462
read proportion = 0.1
write_proportion = 0.9
selfdapql blockedFlushCount: 0
selfdapql unblockedFlushCount: 0
selfdapql evictCount: 2
selfdapql No Tuning
----------------------------------------------------------
selfdapql AM_FILE_POINTER in begining: 1327243
selfdapql filelengh: 1547317
log_evicted_initial: 7
log_evicted_last: 7
log_evicted_count: 0
storeFileSize: 2.2365712E-5
selfdapql AM_FILE_POINTER in end: 1547317
selfdapql RS_FILE_POINTER in begining: 270730
selfdapql rs_filelengh: 275622
selfdapql blocking update blocking_updates_count: 0
selfdapql blocking update avg total_blocking_time: 0.0
selfdapql RS_FILE_POINTER in end: 275622
selfdapql DN_FILE_POINTER in begining: 320462
selfdapql dn_filelength: 372098
selfdapql total operation time: 5.0
selfdapql total # operations: 2
selfdapql dfs avg read time: 2.5
selfdapql DN_FILE_POINTER in end: 372098
read proportion = 0.1
write_proportion = 0.9
selfdapql blockedFlushCount: 0
selfdapql unblockedFlushCount: 0
selfdapql evictCount: 5
selfdapql No Tuning
----------------------------------------------------------
selfdapql AM_FILE_POINTER in begining: 1547317
selfdapql filelengh: 1767196
log_evicted_initial: 7
log_evicted_last: 7
log_evicted_count: 0
storeFileSize: 2.2365712E-5
selfdapql AM_FILE_POINTER in end: 1767196
selfdapql RS_FILE_POINTER in begining: 275622
selfdapql rs_filelengh: 275622
selfdapql blocking update blocking_updates_count: 0
selfdapql blocking update avg total_blocking_time: 0.0
selfdapql RS_FILE_POINTER in end: 275622
selfdapql DN_FILE_POINTER in begining: 372098
selfdapql dn_filelength: 423708
selfdapql total operation time: 0.0
selfdapql total # operations: 0
selfdapql dfs avg read time: 0.0
selfdapql DN_FILE_POINTER in end: 423708
read proportion = 0.1
write_proportion = 0.9
selfdapql blockedFlushCount: 0
selfdapql unblockedFlushCount: 0
selfdapql evictCount: 2
selfdapql No Tuning
----------------------------------------------------------
selfdapql AM_FILE_POINTER in begining: 1767196
selfdapql filelengh: 1987399
log_evicted_initial: 7
log_evicted_last: 7
log_evicted_count: 0
storeFileSize: 2.2365712E-5
selfdapql AM_FILE_POINTER in end: 1987399
selfdapql RS_FILE_POINTER in begining: 275622
selfdapql rs_filelengh: 280518
selfdapql blocking update blocking_updates_count: 0
selfdapql blocking update avg total_blocking_time: 0.0
selfdapql RS_FILE_POINTER in end: 280518
selfdapql DN_FILE_POINTER in begining: 423708
selfdapql dn_filelength: 475340
selfdapql total operation time: 4.0
selfdapql total # operations: 2
selfdapql dfs avg read time: 2.0
selfdapql DN_FILE_POINTER in end: 475340
read proportion = 0.1
write_proportion = 0.9
selfdapql blockedFlushCount: 0
selfdapql unblockedFlushCount: 0
selfdapql evictCount: 5
selfdapql No Tuning
----------------------------------------------------------
selfdapql AM_FILE_POINTER in begining: 1987399
selfdapql filelengh: 2208213
log_evicted_initial: 7
log_evicted_last: 9
log_evicted_count: 2
storeFileSize: 2.2365712E-5
selfdapql AM_FILE_POINTER in end: 2208213
selfdapql RS_FILE_POINTER in begining: 280518
selfdapql rs_filelengh: 319244
selfdapql blocking update blocking_updates_count: 0
selfdapql blocking update avg total_blocking_time: 0.0
selfdapql RS_FILE_POINTER in end: 319244
selfdapql DN_FILE_POINTER in begining: 475340
selfdapql dn_filelength: 527072
selfdapql total operation time: 7.0
selfdapql total # operations: 6
selfdapql dfs avg read time: 1.1666666
selfdapql DN_FILE_POINTER in end: 527072
read proportion = 0.01
write_proportion = 0.99
selfdapql blockedFlushCount: 0
selfdapql unblockedFlushCount: 0
selfdapql evictCount: 4
selfdapql current cache size: 4.8
selfdapql data size: 2.2365712E-5
selfdapql cache-data ratio: 53653.56
enough cache
selfdapql newBlockCacheSize: 0.4
selfdapql newMemstoreSize: 0.4
----------------------------------------------------------
selfdapql AM_FILE_POINTER in begining: 2208213
selfdapql filelengh: 2429200
log_evicted_initial: 9
log_evicted_last: 9
log_evicted_count: 0
storeFileSize: 2.2365712E-5
selfdapql AM_FILE_POINTER in end: 2429200
selfdapql RS_FILE_POINTER in begining: 319244
selfdapql rs_filelengh: 324072
selfdapql blocking update blocking_updates_count: 0
selfdapql blocking update avg total_blocking_time: 0.0
selfdapql RS_FILE_POINTER in end: 324072
selfdapql DN_FILE_POINTER in begining: 527072
selfdapql dn_filelength: 578807
selfdapql total operation time: 0.0
selfdapql total # operations: 0
selfdapql dfs avg read time: 0.0
selfdapql DN_FILE_POINTER in end: 578807
read proportion = 0.01
write_proportion = 0.99
selfdapql blockedFlushCount: 0
selfdapql unblockedFlushCount: 0
selfdapql evictCount: 5
selfdapql No Tuning
----------------------------------------------------------
selfdapql AM_FILE_POINTER in begining: 2429200
selfdapql filelengh: 2650037
log_evicted_initial: 9
log_evicted_last: 9
log_evicted_count: 0
storeFileSize: 2.2365712E-5
selfdapql AM_FILE_POINTER in end: 2650037
selfdapql RS_FILE_POINTER in begining: 324072
selfdapql rs_filelengh: 328968
selfdapql blocking update blocking_updates_count: 0
selfdapql blocking update avg total_blocking_time: 0.0
selfdapql RS_FILE_POINTER in end: 328968
selfdapql DN_FILE_POINTER in begining: 578807
selfdapql dn_filelength: 630548
selfdapql total operation time: 4.0
selfdapql total # operations: 2
selfdapql dfs avg read time: 2.0
selfdapql DN_FILE_POINTER in end: 630548
read proportion = 0.01
write_proportion = 0.99
selfdapql blockedFlushCount: 0
selfdapql unblockedFlushCount: 0
selfdapql evictCount: 4
selfdapql No Tuning
----------------------------------------------------------
selfdapql AM_FILE_POINTER in begining: 2650037
selfdapql filelengh: 2870306
log_evicted_initial: 9
log_evicted_last: 9
log_evicted_count: 0
storeFileSize: 2.2365712E-5
selfdapql AM_FILE_POINTER in end: 2870306
selfdapql RS_FILE_POINTER in begining: 328968
selfdapql rs_filelengh: 328968
selfdapql blocking update blocking_updates_count: 0
selfdapql blocking update avg total_blocking_time: 0.0
selfdapql RS_FILE_POINTER in end: 328968
selfdapql DN_FILE_POINTER in begining: 630548
selfdapql dn_filelength: 682206
selfdapql total operation time: 0.0
selfdapql total # operations: 0
selfdapql dfs avg read time: 0.0
selfdapql DN_FILE_POINTER in end: 682206
read proportion = 0.01
write_proportion = 0.99
selfdapql blockedFlushCount: 0
selfdapql unblockedFlushCount: 0
selfdapql evictCount: 5
selfdapql No Tuning
----------------------------------------------------------
selfdapql AM_FILE_POINTER in begining: 2870306
selfdapql filelengh: 3090691
log_evicted_initial: 9
log_evicted_last: 9
log_evicted_count: 0
storeFileSize: 2.2365712E-5
selfdapql AM_FILE_POINTER in end: 3090691
selfdapql RS_FILE_POINTER in begining: 328968
selfdapql rs_filelengh: 333864
selfdapql blocking update blocking_updates_count: 0
selfdapql blocking update avg total_blocking_time: 0.0
selfdapql RS_FILE_POINTER in end: 333864
selfdapql DN_FILE_POINTER in begining: 682206
selfdapql dn_filelength: 733970
selfdapql total operation time: 3.0
selfdapql total # operations: 2
selfdapql dfs avg read time: 1.5
selfdapql DN_FILE_POINTER in end: 733970
read proportion = 0.01
write_proportion = 0.99
selfdapql blockedFlushCount: 0
selfdapql unblockedFlushCount: 0
selfdapql evictCount: 4
selfdapql No Tuning
----------------------------------------------------------
selfdapql AM_FILE_POINTER in begining: 3090691
selfdapql filelengh: 3311355
log_evicted_initial: 9
log_evicted_last: 9
log_evicted_count: 0
storeFileSize: 2.2365712E-5
selfdapql AM_FILE_POINTER in end: 3311355
selfdapql RS_FILE_POINTER in begining: 333864
selfdapql rs_filelengh: 334147
selfdapql blocking update blocking_updates_count: 0
selfdapql blocking update avg total_blocking_time: 0.0
selfdapql RS_FILE_POINTER in end: 334147
selfdapql DN_FILE_POINTER in begining: 733970
selfdapql dn_filelength: 785709
selfdapql total operation time: 0.0
selfdapql total # operations: 0
selfdapql dfs avg read time: 0.0
selfdapql DN_FILE_POINTER in end: 785709
read proportion = 0.01
write_proportion = 0.99
selfdapql blockedFlushCount: 0
selfdapql unblockedFlushCount: 0
selfdapql evictCount: 5
selfdapql No Tuning
----------------------------------------------------------
selfdapql AM_FILE_POINTER in begining: 3311355
selfdapql filelengh: 3531858
log_evicted_initial: 9
log_evicted_last: 9
log_evicted_count: 0
storeFileSize: 2.2365712E-5
selfdapql AM_FILE_POINTER in end: 3531858
selfdapql RS_FILE_POINTER in begining: 334147
selfdapql rs_filelengh: 338760
selfdapql blocking update blocking_updates_count: 0
selfdapql blocking update avg total_blocking_time: 0.0
selfdapql RS_FILE_POINTER in end: 338760
selfdapql DN_FILE_POINTER in begining: 785709
selfdapql dn_filelength: 837460
selfdapql total operation time: 0.0
selfdapql total # operations: 0
selfdapql dfs avg read time: 0.0
selfdapql DN_FILE_POINTER in end: 837460
read proportion = 0.01
write_proportion = 0.99
selfdapql blockedFlushCount: 0
selfdapql unblockedFlushCount: 0
selfdapql evictCount: 4
selfdapql No Tuning
----------------------------------------------------------
selfdapql AM_FILE_POINTER in begining: 3531858
selfdapql filelengh: 3752217
log_evicted_initial: 9
log_evicted_last: 9
log_evicted_count: 0
storeFileSize: 2.2365712E-5
selfdapql AM_FILE_POINTER in end: 3752217
selfdapql RS_FILE_POINTER in begining: 338760
selfdapql rs_filelengh: 343656
selfdapql blocking update blocking_updates_count: 0
selfdapql blocking update avg total_blocking_time: 0.0
selfdapql RS_FILE_POINTER in end: 343656
selfdapql DN_FILE_POINTER in begining: 837460
selfdapql dn_filelength: 889226
selfdapql total operation time: 3.0
selfdapql total # operations: 2
selfdapql dfs avg read time: 1.5
selfdapql DN_FILE_POINTER in end: 889226
read proportion = 0.01
write_proportion = 0.99
selfdapql blockedFlushCount: 0
selfdapql unblockedFlushCount: 0
selfdapql evictCount: 5
selfdapql No Tuning
----------------------------------------------------------
selfdapql AM_FILE_POINTER in begining: 3752217
selfdapql filelengh: 3972676
log_evicted_initial: 9
log_evicted_last: 9
log_evicted_count: 0
storeFileSize: 2.2365712E-5
selfdapql AM_FILE_POINTER in end: 3972676
selfdapql RS_FILE_POINTER in begining: 343656
selfdapql rs_filelengh: 343656
selfdapql blocking update blocking_updates_count: 0
selfdapql blocking update avg total_blocking_time: 0.0
selfdapql RS_FILE_POINTER in end: 343656
selfdapql DN_FILE_POINTER in begining: 889226
selfdapql dn_filelength: 941014
selfdapql total operation time: 0.0
selfdapql total # operations: 0
selfdapql dfs avg read time: 0.0
selfdapql DN_FILE_POINTER in end: 941014
read proportion = 0.01
write_proportion = 0.99
selfdapql blockedFlushCount: 0
selfdapql unblockedFlushCount: 0
selfdapql evictCount: 4
selfdapql No Tuning
----------------------------------------------------------
selfdapql AM_FILE_POINTER in begining: 3972676
selfdapql filelengh: 4193097
log_evicted_initial: 9
log_evicted_last: 9
log_evicted_count: 0
storeFileSize: 2.2365712E-5
selfdapql AM_FILE_POINTER in end: 4193097
selfdapql RS_FILE_POINTER in begining: 343656
selfdapql rs_filelengh: 348552
selfdapql blocking update blocking_updates_count: 0
selfdapql blocking update avg total_blocking_time: 0.0
selfdapql RS_FILE_POINTER in end: 348552
selfdapql DN_FILE_POINTER in begining: 941014
selfdapql dn_filelength: 992857
selfdapql total operation time: 1.0
selfdapql total # operations: 2
selfdapql dfs avg read time: 0.5
selfdapql DN_FILE_POINTER in end: 992857
read proportion = 0.01
write_proportion = 0.99
selfdapql blockedFlushCount: 0
selfdapql unblockedFlushCount: 0
selfdapql evictCount: 5
selfdapql No Tuning
