++ ls caseresult/ -ltr
++ wc -l
+ filename=case58
+ mkdir caseresult/case58
+ RESULT_DIR=/home/hadoop/git/physical_design/caseresult/case58
+ TEN=10
+ SIXTY=60
+ SLEEP_TIME=300
+ YCSB_DIR=/home/hadoop/ycsb-0.1.4
+ number_of_operations=10000000
+ number_of_threads=20
+ number_of_records=50000000
+ output_file_suffix=.dat
+ experiment_list_file=/home/hadoop/git/physical_design/case58.list
+ clean=false
+ create=false
+ load=false
+ random_read=false
+ workloada=false
+ workloadb=false
+ workloadc=false
+ scan=false
+ all=false
+ for i in '$@'
+ '[' clean == all ']'
+ '[' clean == clean ']'
+ clean=true
+ for i in '$@'
+ '[' create == all ']'
+ '[' create == clean ']'
+ '[' create == create ']'
+ create=true
+ for i in '$@'
+ '[' workloadc == all ']'
+ '[' workloadc == clean ']'
+ '[' workloadc == create ']'
+ '[' workloadc == load ']'
+ '[' workloadc == random_read ']'
+ '[' workloadc == scan ']'
+ '[' workloadc == workloada ']'
+ '[' workloadc == workloadb ']'
+ '[' workloadc == workloadc ']'
+ workloadc=true
+ let counter=1
+ cd /home/hadoop/ycsb-0.1.4
++ pwd
+ echo /home/hadoop/ycsb-0.1.4
/home/hadoop/ycsb-0.1.4
+ read line
+ false
+ true
+ echo 'sleeping for 60 ...'
sleeping for 60 ...
+ sleep 60
+ echo 'droping usertable...'
droping usertable...
+ hbase shell /home/hadoop/git/physical_design/delete_table
SLF4J: Class path contains multiple SLF4J bindings.
SLF4J: Found binding in [jar:file:/home/hadoop/hbase-0.98.3-hadoop1/lib/slf4j-log4j12-1.6.4.jar!/org/slf4j/impl/StaticLoggerBinder.class]
SLF4J: Found binding in [jar:file:/home/hadoop/hadoop-1.2.1/lib/slf4j-log4j12-1.4.3.jar!/org/slf4j/impl/StaticLoggerBinder.class]
SLF4J: See http://www.slf4j.org/codes.html#multiple_bindings for an explanation.
0 row(s) in 2.8060 seconds

0 row(s) in 1.3730 seconds

0 row(s) in 0.0900 seconds

+ echo 'sleeping for 300 ...'
sleeping for 300 ...
+ sleep 300
+ false
+ true
+ echo 'creating usertable...'
creating usertable...
+ create_statement='create '\''usertable'\'', { NAME=>'\''family'\'', COMPRESSION=>'\''GZ'\''}, SPLITS => ['\''user1'\'', '\''user2'\'', '\''user3'\'', '\''user4'\'', '\''user5'\'', '\''user6'\'', '\''user7'\'', '\''user8'\'', '\''user9'\'']'
+ echo create ''\''usertable'\'',' '{' 'NAME=>'\''family'\'',' 'COMPRESSION=>'\''GZ'\''},' SPLITS '=>' '['\''user1'\'',' ''\''user2'\'',' ''\''user3'\'',' ''\''user4'\'',' ''\''user5'\'',' ''\''user6'\'',' ''\''user7'\'',' ''\''user8'\'',' ''\''user9'\'']'
+ echo 'exit '
+ create_table /home/hadoop/git/physical_design/caseresult/case58/create_1.script
+ echo 'creating table...'
creating table...
+ echo /home/hadoop/git/physical_design/caseresult/case58/create_1.script
/home/hadoop/git/physical_design/caseresult/case58/create_1.script
+ hbase shell /home/hadoop/git/physical_design/caseresult/case58/create_1.script
SLF4J: Class path contains multiple SLF4J bindings.
SLF4J: Found binding in [jar:file:/home/hadoop/hbase-0.98.3-hadoop1/lib/slf4j-log4j12-1.6.4.jar!/org/slf4j/impl/StaticLoggerBinder.class]
SLF4J: Found binding in [jar:file:/home/hadoop/hadoop-1.2.1/lib/slf4j-log4j12-1.4.3.jar!/org/slf4j/impl/StaticLoggerBinder.class]
SLF4J: See http://www.slf4j.org/codes.html#multiple_bindings for an explanation.
0 row(s) in 1.6160 seconds

+ echo 'sleeping for 10 sec ...'
sleeping for 10 sec ...
+ sleep 10
+ false
+ false
+ false
+ false
+ false
+ false
+ false
+ false
+ false
+ true
+ echo workloadc...
workloadc...
+ echo 'start time: '
start time: 
++ date +%s
+ echo 1405004953
1405004953
++ echo /home/hadoop/git/physical_design/caseresult/case58/workloadc_1.dat
+ ./workloadc 10000000 20 /home/hadoop/git/physical_design/caseresult/case58/workloadc_1.dat
Loading workload...
Starting test.
2014-07-10 08:09:13:851 0 sec: 0 operations; 
14/07/10 08:09:14 INFO zookeeper.ZooKeeper: Client environment:zookeeper.version=3.4.6-1569965, built on 02/20/2014 09:09 GMT
14/07/10 08:09:14 INFO zookeeper.ZooKeeper: Client environment:host.name=sceplus-vm48.almaden.ibm.com
14/07/10 08:09:14 INFO zookeeper.ZooKeeper: Client environment:java.version=1.6.0_31
14/07/10 08:09:14 INFO zookeeper.ZooKeeper: Client environment:java.vendor=Sun Microsystems Inc.
14/07/10 08:09:14 INFO zookeeper.ZooKeeper: Client environment:java.home=/usr/lib/jvm/java-6-openjdk-amd64/jre
14/07/10 08:09:14 INFO zookeeper.ZooKeeper: Client environment:java.class.path=/home/hadoop/ycsb-0.1.4/hbase-binding/lib/hbase-binding-0.1.4.jar:/home/hadoop/ycsb-0.1.4/hbase-binding/conf:/home/hadoop/ycsb-0.1.4/jdbc-binding/conf:/home/hadoop/ycsb-0.1.4/core/lib/core-0.1.4.jar
14/07/10 08:09:14 INFO zookeeper.ZooKeeper: Client environment:java.library.path=/usr/lib/jvm/java-6-openjdk-amd64/jre/lib/amd64/server:/usr/lib/jvm/java-6-openjdk-amd64/jre/lib/amd64:/usr/lib/jvm/java-6-openjdk-amd64/jre/../lib/amd64:/usr/java/packages/lib/amd64:/usr/lib/jni:/lib:/usr/lib
14/07/10 08:09:14 INFO zookeeper.ZooKeeper: Client environment:java.io.tmpdir=/tmp
14/07/10 08:09:14 INFO zookeeper.ZooKeeper: Client environment:java.compiler=<NA>
14/07/10 08:09:14 INFO zookeeper.ZooKeeper: Client environment:os.name=Linux
14/07/10 08:09:14 INFO zookeeper.ZooKeeper: Client environment:os.arch=amd64
14/07/10 08:09:14 INFO zookeeper.ZooKeeper: Client environment:os.version=3.13.0-24-generic
14/07/10 08:09:14 INFO zookeeper.ZooKeeper: Client environment:user.name=hadoop
14/07/10 08:09:14 INFO zookeeper.ZooKeeper: Client environment:user.home=/home/hadoop
14/07/10 08:09:14 INFO zookeeper.ZooKeeper: Client environment:user.dir=/home/hadoop/ycsb-0.1.4
14/07/10 08:09:14 INFO zookeeper.ZooKeeper: Initiating client connection, connectString=sceplus-vm49.almaden.ibm.com:2181,sceplus-vm48.almaden.ibm.com:2181 sessionTimeout=90000 watcher=hconnection-0xc2c915f, quorum=sceplus-vm49.almaden.ibm.com:2181,sceplus-vm48.almaden.ibm.com:2181, baseZNode=/hbase
14/07/10 08:09:14 INFO zookeeper.RecoverableZooKeeper: Process identifier=hconnection-0xc2c915f connecting to ZooKeeper ensemble=sceplus-vm49.almaden.ibm.com:2181,sceplus-vm48.almaden.ibm.com:2181
14/07/10 08:09:14 INFO zookeeper.ClientCnxn: Opening socket connection to server sceplus-vm48.almaden.ibm.com/9.1.143.58:2181. Will not attempt to authenticate using SASL (unknown error)
14/07/10 08:09:14 INFO zookeeper.ClientCnxn: Socket connection established to sceplus-vm48.almaden.ibm.com/9.1.143.58:2181, initiating session
14/07/10 08:09:14 INFO zookeeper.ClientCnxn: Session establishment complete on server sceplus-vm48.almaden.ibm.com/9.1.143.58:2181, sessionid = 0x4720cc4ff9000c, negotiated timeout = 90000
2014-07-10 08:09:23:853 10 sec: 109925 operations; 10990.3 current ops/sec; [INSERT AverageLatency(us)=333.38] [READ AverageLatency(us)=4442.44] 
2014-07-10 08:09:33:855 20 sec: 362459 operations; 25248.35 current ops/sec; [INSERT AverageLatency(us)=15.41] [READ AverageLatency(us)=7615.95] 
2014-07-10 08:09:43:856 30 sec: 731226 operations; 36873.01 current ops/sec; [INSERT AverageLatency(us)=12.85] [READ AverageLatency(us)=5199.5] 
2014-07-10 08:09:53:857 40 sec: 1086512 operations; 35525.05 current ops/sec; [INSERT AverageLatency(us)=14.5] [READ AverageLatency(us)=5508.9] 
2014-07-10 08:10:03:858 50 sec: 1442968 operations; 35645.6 current ops/sec; [INSERT AverageLatency(us)=11.82] [READ AverageLatency(us)=5495.49] 
2014-07-10 08:10:13:858 60 sec: 1751594 operations; 30859.51 current ops/sec; [INSERT AverageLatency(us)=13.54] [READ AverageLatency(us)=6360.63] 
2014-07-10 08:10:23:859 70 sec: 2054309 operations; 30268.47 current ops/sec; [INSERT AverageLatency(us)=11.48] [READ AverageLatency(us)=6480.47] 
2014-07-10 08:10:33:859 80 sec: 2330109 operations; 27580 current ops/sec; [INSERT AverageLatency(us)=11.91] [READ AverageLatency(us)=7056.3] 
2014-07-10 08:10:43:860 90 sec: 2619494 operations; 28935.61 current ops/sec; [INSERT AverageLatency(us)=11.63] [READ AverageLatency(us)=6772.84] 
2014-07-10 08:10:53:861 100 sec: 2930405 operations; 31087.99 current ops/sec; [INSERT AverageLatency(us)=11.35] [READ AverageLatency(us)=6264.22] 
2014-07-10 08:11:03:861 110 sec: 3228929 operations; 29852.4 current ops/sec; [INSERT AverageLatency(us)=11.41] [READ AverageLatency(us)=6513.81] 
2014-07-10 08:11:13:862 120 sec: 3503944 operations; 27498.75 current ops/sec; [INSERT AverageLatency(us)=15.35] [READ AverageLatency(us)=7027.03] 
2014-07-10 08:11:23:863 130 sec: 3801355 operations; 29738.13 current ops/sec; [INSERT AverageLatency(us)=11.97] [READ AverageLatency(us)=6594.95] 
2014-07-10 08:11:33:868 140 sec: 4076116 operations; 27465.11 current ops/sec; [INSERT AverageLatency(us)=11.84] [READ AverageLatency(us)=7087.54] 
2014-07-10 08:11:43:868 150 sec: 4358702 operations; 28255.77 current ops/sec; [INSERT AverageLatency(us)=11.6] [READ AverageLatency(us)=6948.46] 
2014-07-10 08:11:53:872 160 sec: 4641846 operations; 28303.08 current ops/sec; [INSERT AverageLatency(us)=11.5] [READ AverageLatency(us)=6945.39] 
2014-07-10 08:12:03:873 170 sec: 4941416 operations; 29954 current ops/sec; [INSERT AverageLatency(us)=12.26] [READ AverageLatency(us)=6569.37] 
2014-07-10 08:12:13:874 180 sec: 5225792 operations; 28434.76 current ops/sec; [INSERT AverageLatency(us)=10.83] [READ AverageLatency(us)=6873.48] 
2014-07-10 08:12:23:875 190 sec: 5495450 operations; 26963.1 current ops/sec; [INSERT AverageLatency(us)=11.76] [READ AverageLatency(us)=7269.89] 
2014-07-10 08:12:33:876 200 sec: 5763544 operations; 26806.72 current ops/sec; [INSERT AverageLatency(us)=10.8] [READ AverageLatency(us)=7254.04] 
2014-07-10 08:12:43:877 210 sec: 6029397 operations; 26582.64 current ops/sec; [INSERT AverageLatency(us)=11.24] [READ AverageLatency(us)=7461.44] 
2014-07-10 08:12:53:878 220 sec: 6281279 operations; 25185.68 current ops/sec; [INSERT AverageLatency(us)=10.52] [READ AverageLatency(us)=7784.25] 
2014-07-10 08:13:03:878 230 sec: 6543677 operations; 26239.8 current ops/sec; [INSERT AverageLatency(us)=11.12] [READ AverageLatency(us)=7579.04] 
2014-07-10 08:13:13:879 240 sec: 6780993 operations; 23729.23 current ops/sec; [INSERT AverageLatency(us)=11.73] [READ AverageLatency(us)=8265.18] 
2014-07-10 08:13:23:880 250 sec: 7023330 operations; 24231.28 current ops/sec; [INSERT AverageLatency(us)=12.42] [READ AverageLatency(us)=8095.63] 
2014-07-10 08:13:33:880 260 sec: 7273350 operations; 25002 current ops/sec; [INSERT AverageLatency(us)=14.21] [READ AverageLatency(us)=7916.02] 
2014-07-10 08:13:43:881 270 sec: 7516566 operations; 24319.17 current ops/sec; [INSERT AverageLatency(us)=11.08] [READ AverageLatency(us)=8060.28] 
2014-07-10 08:13:53:882 280 sec: 7765531 operations; 24894.01 current ops/sec; [INSERT AverageLatency(us)=11.78] [READ AverageLatency(us)=7845.89] 
2014-07-10 08:14:03:882 290 sec: 7964133 operations; 19860.2 current ops/sec; [INSERT AverageLatency(us)=11.44] [READ AverageLatency(us)=9932.58] 
2014-07-10 08:14:13:883 300 sec: 8210582 operations; 24642.44 current ops/sec; [INSERT AverageLatency(us)=10.22] [READ AverageLatency(us)=7921.85] 
2014-07-10 08:14:23:884 310 sec: 8449699 operations; 23911.7 current ops/sec; [INSERT AverageLatency(us)=10.68] [READ AverageLatency(us)=8243.36] 
2014-07-10 08:14:33:887 320 sec: 8702148 operations; 25242.38 current ops/sec; [INSERT AverageLatency(us)=10.74] [READ AverageLatency(us)=7745.69] 
2014-07-10 08:14:43:888 330 sec: 8940090 operations; 23787.06 current ops/sec; [INSERT AverageLatency(us)=10.55] [READ AverageLatency(us)=8320.06] 
2014-07-10 08:14:53:888 340 sec: 9158070 operations; 21795.82 current ops/sec; [INSERT AverageLatency(us)=10.8] [READ AverageLatency(us)=8982.77] 
2014-07-10 08:15:03:889 350 sec: 9393269 operations; 23517.55 current ops/sec; [INSERT AverageLatency(us)=11.06] [READ AverageLatency(us)=8285.1] 
2014-07-10 08:15:13:890 360 sec: 9628002 operations; 23470.95 current ops/sec; [INSERT AverageLatency(us)=10.51] [READ AverageLatency(us)=8429.57] 
2014-07-10 08:15:23:890 370 sec: 9825448 operations; 19744.6 current ops/sec; [INSERT AverageLatency(us)=10.62] [READ AverageLatency(us)=9939.2] 
2014-07-10 08:15:33:891 380 sec: 9963673 operations; 13821.12 current ops/sec; [UPDATE AverageLatency(us)=512148.55] [INSERT AverageLatency(us)=10.16] [READ AverageLatency(us)=11736.47] [CLEANUP AverageLatency(us)=512335.18] 
2014-07-10 08:15:39:808 385 sec: 10000000 operations; 6139.43 current ops/sec; [UPDATE AverageLatency(us)=433304.44] [INSERT AverageLatency(us)=9.86] [READ AverageLatency(us)=6873.68] [CLEANUP AverageLatency(us)=433319] 
+ echo 'end time:'
end time:
++ date +%s
+ echo 1405005340
1405005340
+ echo 'sleeping for 10 sec ...'
sleeping for 10 sec ...
+ sleep 10
+ let counter=1+1
+ read line
+ set +x
