+ filename=case371
+ requestdistribution=
+ RESULT_DIR=/home/hadoop/git/physical_design/caseresult/case371
+ TEN=10
+ SIXTY=60
+ SLEEP_TIME=60
+ YCSB_DIR=/home/hadoop/ycsb-0.1.4
+ number_of_operations=25000000
+ number_of_threads=20
+ number_of_records=25000000
+ output_file_suffix=.dat
+ experiment_list_file=/home/hadoop/git/physical_design/case371.list
+ clean=false
+ create=false
+ load=false
+ random_read=false
+ workloada=false
+ workloadb=false
+ workloadc=false
+ workloadc1=false
+ scan=false
+ all=false
+ for i in '$@'
+ '[' case371 == all ']'
+ '[' case371 == clean ']'
+ '[' case371 == create ']'
+ '[' case371 == load ']'
+ '[' case371 == random_read ']'
+ '[' case371 == scan ']'
+ '[' case371 == workloada ']'
+ '[' case371 == workloadb ']'
+ '[' case371 == workloadc ']'
+ '[' case371 == workloadc1 ']'
+ '[' case371 == zipfian ']'
+ '[' case371 == uniform ']'
+ for i in '$@'
+ '[' clean == all ']'
+ '[' clean == clean ']'
+ clean=true
+ for i in '$@'
+ '[' create == all ']'
+ '[' create == clean ']'
+ '[' create == create ']'
+ create=true
+ for i in '$@'
+ '[' workloada == all ']'
+ '[' workloada == clean ']'
+ '[' workloada == create ']'
+ '[' workloada == load ']'
+ '[' workloada == random_read ']'
+ '[' workloada == scan ']'
+ '[' workloada == workloada ']'
+ workloada=true
+ for i in '$@'
+ '[' zipfian == all ']'
+ '[' zipfian == clean ']'
+ '[' zipfian == create ']'
+ '[' zipfian == load ']'
+ '[' zipfian == random_read ']'
+ '[' zipfian == scan ']'
+ '[' zipfian == workloada ']'
+ '[' zipfian == workloadb ']'
+ '[' zipfian == workloadc ']'
+ '[' zipfian == workloadc1 ']'
+ '[' zipfian == zipfian ']'
+ requestdistribution=zipfian
+ let counter=1
+ cd /home/hadoop/ycsb-0.1.4
++ pwd
+ echo /home/hadoop/ycsb-0.1.4
/home/hadoop/ycsb-0.1.4
+ read line
+ false
+ true
+ echo 'sleeping for 60 ...'
sleeping for 60 ...
+ sleep 60
+ echo 'droping usertable...'
droping usertable...
+ ssh hadoop@slave1 /home/hadoop/hbase/bin/hbase-daemon.sh start regionserver
starting regionserver, logging to /home/hadoop/hbase/bin/../logs/hbase-hadoop-regionserver-sceplus-vm49.out
+ ssh hadoop@master /home/hadoop/hbase/bin/hbase shell /home/hadoop/git/physical_design/delete_table
2014-08-12 07:11:58,510 WARN  [main] util.NativeCodeLoader: Unable to load native-hadoop library for your platform... using builtin-java classes where applicable
0 row(s) in 3.0900 seconds

0 row(s) in 0.7830 seconds

0 row(s) in 0.1070 seconds

+ echo 'sleeping for 60 ...'
sleeping for 60 ...
+ sleep 60
+ false
+ true
+ echo 'creating usertable...'
creating usertable...
+ create_statement='create '\''usertable'\'', { NAME=>'\''family'\'', COMPRESSION=>'\''GZ'\''}, SPLITS => ['\''user1'\'', '\''user2'\'', '\''user3'\'', '\''user4'\'', '\''user5'\'', '\''user6'\'', '\''user7'\'', '\''user8'\'', '\''user9'\'']'
+ echo create ''\''usertable'\'',' '{' 'NAME=>'\''family'\'',' 'COMPRESSION=>'\''GZ'\''},' SPLITS '=>' '['\''user1'\'',' ''\''user2'\'',' ''\''user3'\'',' ''\''user4'\'',' ''\''user5'\'',' ''\''user6'\'',' ''\''user7'\'',' ''\''user8'\'',' ''\''user9'\'']'
+ echo 'exit '
+ scp /home/hadoop/git/physical_design/caseresult/case371/create_1.script hadoop@master:/home/hadoop/git/physical_design/caseresult/case371/create_1.script
+ create_table /home/hadoop/git/physical_design/caseresult/case371/create_1.script
+ echo 'creating table...'
creating table...
+ echo /home/hadoop/git/physical_design/caseresult/case371/create_1.script
/home/hadoop/git/physical_design/caseresult/case371/create_1.script
+ ssh hadoop@master /home/hadoop/hbase/bin/hbase shell /home/hadoop/git/physical_design/caseresult/case371/create_1.script
2014-08-12 07:13:09,580 WARN  [main] util.NativeCodeLoader: Unable to load native-hadoop library for your platform... using builtin-java classes where applicable
0 row(s) in 2.4910 seconds

+ echo 'sleeping for 10 sec ...'
sleeping for 10 sec ...
+ sleep 10
+ false
+ false
+ false
+ false
+ false
+ false
+ false
+ true
+ echo workloada...
workloada...
+ echo 'start time: '
start time: 
++ date +%s
+ echo 1407824336
1407824336
++ echo /home/hadoop/git/physical_design/caseresult/case371/workloada_1.dat
+ ./workloada 25000000 20 /home/hadoop/git/physical_design/caseresult/case371/workloada_1.dat zipfian
Loading workload...
Starting test.
2014-08-11 23:18:56:933 0 sec: 0 operations; 
14/08/11 23:18:57 INFO zookeeper.ZooKeeper: Client environment:zookeeper.version=3.4.6-1569965, built on 02/20/2014 09:09 GMT
14/08/11 23:18:57 INFO zookeeper.ZooKeeper: Client environment:host.name=sceplus-vm43.almaden.ibm.com
14/08/11 23:18:57 INFO zookeeper.ZooKeeper: Client environment:java.version=1.6.0_31
14/08/11 23:18:57 INFO zookeeper.ZooKeeper: Client environment:java.vendor=Sun Microsystems Inc.
14/08/11 23:18:57 INFO zookeeper.ZooKeeper: Client environment:java.home=/usr/lib/jvm/java-6-openjdk-amd64/jre
14/08/11 23:18:57 INFO zookeeper.ZooKeeper: Client environment:java.class.path=/home/hadoop/ycsb-0.1.4/hbase-binding/lib/hbase-binding-0.1.4.jar:/home/hadoop/ycsb-0.1.4/hbase-binding/conf:/home/hadoop/ycsb-0.1.4/core/lib/core-0.1.4.jar:/home/hadoop/ycsb-0.1.4/jdbc-binding/conf
14/08/11 23:18:57 INFO zookeeper.ZooKeeper: Client environment:java.library.path=/usr/lib/jvm/java-6-openjdk-amd64/jre/lib/amd64/server:/usr/lib/jvm/java-6-openjdk-amd64/jre/lib/amd64:/usr/lib/jvm/java-6-openjdk-amd64/jre/../lib/amd64:/usr/java/packages/lib/amd64:/usr/lib/jni:/lib:/usr/lib
14/08/11 23:18:57 INFO zookeeper.ZooKeeper: Client environment:java.io.tmpdir=/tmp
14/08/11 23:18:57 INFO zookeeper.ZooKeeper: Client environment:java.compiler=<NA>
14/08/11 23:18:57 INFO zookeeper.ZooKeeper: Client environment:os.name=Linux
14/08/11 23:18:57 INFO zookeeper.ZooKeeper: Client environment:os.arch=amd64
14/08/11 23:18:57 INFO zookeeper.ZooKeeper: Client environment:os.version=3.13.0-24-generic
14/08/11 23:18:57 INFO zookeeper.ZooKeeper: Client environment:user.name=hadoop
14/08/11 23:18:57 INFO zookeeper.ZooKeeper: Client environment:user.home=/home/hadoop
14/08/11 23:18:57 INFO zookeeper.ZooKeeper: Client environment:user.dir=/home/hadoop/ycsb-0.1.4
14/08/11 23:18:57 INFO zookeeper.ZooKeeper: Initiating client connection, connectString=sceplus-vm49.almaden.ibm.com:2181,sceplus-vm48.almaden.ibm.com:2181 sessionTimeout=90000 watcher=hconnection-0x4dcc8fa3, quorum=sceplus-vm49.almaden.ibm.com:2181,sceplus-vm48.almaden.ibm.com:2181, baseZNode=/hbase
14/08/11 23:18:57 INFO zookeeper.RecoverableZooKeeper: Process identifier=hconnection-0x4dcc8fa3 connecting to ZooKeeper ensemble=sceplus-vm49.almaden.ibm.com:2181,sceplus-vm48.almaden.ibm.com:2181
14/08/11 23:18:57 INFO zookeeper.ClientCnxn: Opening socket connection to server slave1/9.1.143.59:2181. Will not attempt to authenticate using SASL (unknown error)
14/08/11 23:18:57 INFO zookeeper.ClientCnxn: Socket connection established to slave1/9.1.143.59:2181, initiating session
14/08/11 23:18:57 INFO zookeeper.ClientCnxn: Session establishment complete on server slave1/9.1.143.59:2181, sessionid = 0x147ca8e81a10007, negotiated timeout = 90000
14/08/11 23:18:57 WARN util.DynamicClassLoader: Failed to identify the fs of dir hdfs://master:54310/hbase/lib, ignored
org.apache.hadoop.ipc.RemoteException: Server IPC version 9 cannot communicate with client version 4
	at org.apache.hadoop.ipc.Client.call(Client.java:1113)
	at org.apache.hadoop.ipc.RPC$Invoker.invoke(RPC.java:229)
	at com.sun.proxy.$Proxy5.getProtocolVersion(Unknown Source)
	at sun.reflect.NativeMethodAccessorImpl.invoke0(Native Method)
	at sun.reflect.NativeMethodAccessorImpl.invoke(NativeMethodAccessorImpl.java:57)
	at sun.reflect.DelegatingMethodAccessorImpl.invoke(DelegatingMethodAccessorImpl.java:43)
	at java.lang.reflect.Method.invoke(Method.java:622)
	at org.apache.hadoop.io.retry.RetryInvocationHandler.invokeMethod(RetryInvocationHandler.java:85)
	at org.apache.hadoop.io.retry.RetryInvocationHandler.invoke(RetryInvocationHandler.java:62)
	at com.sun.proxy.$Proxy5.getProtocolVersion(Unknown Source)
	at org.apache.hadoop.ipc.RPC.checkVersion(RPC.java:422)
	at org.apache.hadoop.hdfs.DFSClient.createNamenode(DFSClient.java:183)
	at org.apache.hadoop.hdfs.DFSClient.<init>(DFSClient.java:281)
	at org.apache.hadoop.hdfs.DFSClient.<init>(DFSClient.java:245)
	at org.apache.hadoop.hdfs.DistributedFileSystem.initialize(DistributedFileSystem.java:100)
	at org.apache.hadoop.fs.FileSystem.createFileSystem(FileSystem.java:1446)
	at org.apache.hadoop.fs.FileSystem.access$200(FileSystem.java:67)
	at org.apache.hadoop.fs.FileSystem$Cache.get(FileSystem.java:1464)
	at org.apache.hadoop.fs.FileSystem.get(FileSystem.java:263)
	at org.apache.hadoop.fs.Path.getFileSystem(Path.java:187)
	at org.apache.hadoop.hbase.util.DynamicClassLoader.<init>(DynamicClassLoader.java:104)
	at org.apache.hadoop.hbase.protobuf.ProtobufUtil.<clinit>(ProtobufUtil.java:202)
	at org.apache.hadoop.hbase.ClusterId.parseFrom(ClusterId.java:64)
	at org.apache.hadoop.hbase.zookeeper.ZKClusterId.readClusterIdZNode(ZKClusterId.java:69)
	at org.apache.hadoop.hbase.client.ZooKeeperRegistry.getClusterId(ZooKeeperRegistry.java:83)
	at org.apache.hadoop.hbase.client.HConnectionManager$HConnectionImplementation.retrieveClusterId(HConnectionManager.java:858)
	at org.apache.hadoop.hbase.client.HConnectionManager$HConnectionImplementation.<init>(HConnectionManager.java:663)
	at sun.reflect.NativeConstructorAccessorImpl.newInstance0(Native Method)
	at sun.reflect.NativeConstructorAccessorImpl.newInstance(NativeConstructorAccessorImpl.java:57)
	at sun.reflect.DelegatingConstructorAccessorImpl.newInstance(DelegatingConstructorAccessorImpl.java:45)
	at java.lang.reflect.Constructor.newInstance(Constructor.java:534)
	at org.apache.hadoop.hbase.client.HConnectionManager.createConnection(HConnectionManager.java:415)
	at org.apache.hadoop.hbase.client.HConnectionManager.createConnection(HConnectionManager.java:394)
	at org.apache.hadoop.hbase.client.HConnectionManager.getConnection(HConnectionManager.java:275)
	at org.apache.hadoop.hbase.client.HTable.<init>(HTable.java:197)
	at org.apache.hadoop.hbase.client.HTable.<init>(HTable.java:159)
	at com.yahoo.ycsb.db.HBaseClient.getHTable(HBaseClient.java:118)
	at com.yahoo.ycsb.db.HBaseClient.update(HBaseClient.java:302)
	at com.yahoo.ycsb.db.HBaseClient.insert(HBaseClient.java:357)
	at com.yahoo.ycsb.DBWrapper.insert(DBWrapper.java:148)
	at com.yahoo.ycsb.workloads.CoreWorkload.doTransactionInsert(CoreWorkload.java:639)
	at com.yahoo.ycsb.workloads.CoreWorkload.doTransaction(CoreWorkload.java:487)
	at com.yahoo.ycsb.ClientThread.run(Client.java:241)
2014-08-11 23:19:06:934 10 sec: 17306 operations; 1730.43 current ops/sec; [INSERT AverageLatency(us)=1130.8] [READ AverageLatency(us)=6586.9] 
2014-08-11 23:19:16:935 20 sec: 64390 operations; 4707.93 current ops/sec; [INSERT AverageLatency(us)=21.33] [READ AverageLatency(us)=2594.16] 
2014-08-11 23:19:26:936 30 sec: 165977 operations; 10157.68 current ops/sec; [INSERT AverageLatency(us)=26.57] [READ AverageLatency(us)=1530.54] 
2014-08-11 23:19:36:936 40 sec: 324422 operations; 15844.5 current ops/sec; [INSERT AverageLatency(us)=16.93] [READ AverageLatency(us)=1165.74] 
2014-08-11 23:19:46:937 50 sec: 495764 operations; 17132.49 current ops/sec; [INSERT AverageLatency(us)=15.71] [READ AverageLatency(us)=1171] 
2014-08-11 23:19:56:937 60 sec: 677036 operations; 18127.2 current ops/sec; [INSERT AverageLatency(us)=26.91] [READ AverageLatency(us)=1146.66] 
2014-08-11 23:20:06:938 70 sec: 865043 operations; 18800.7 current ops/sec; [INSERT AverageLatency(us)=12.57] [READ AverageLatency(us)=1121.16] 
2014-08-11 23:20:16:938 80 sec: 968588 operations; 10353.46 current ops/sec; [INSERT AverageLatency(us)=30.45] [READ AverageLatency(us)=2081.52] 
2014-08-11 23:20:26:938 90 sec: 1119230 operations; 15064.2 current ops/sec; [INSERT AverageLatency(us)=14.62] [READ AverageLatency(us)=1441.23] 
2014-08-11 23:20:36:939 100 sec: 1273955 operations; 15470.95 current ops/sec; [INSERT AverageLatency(us)=11.71] [READ AverageLatency(us)=1395.45] 
2014-08-11 23:20:46:939 110 sec: 1437139 operations; 16318.4 current ops/sec; [INSERT AverageLatency(us)=16.18] [READ AverageLatency(us)=1325.3] 
2014-08-11 23:20:56:940 120 sec: 1602447 operations; 16529.15 current ops/sec; [INSERT AverageLatency(us)=11.71] [READ AverageLatency(us)=1311.92] 
2014-08-11 23:21:06:940 130 sec: 1764872 operations; 16242.5 current ops/sec; [INSERT AverageLatency(us)=11.69] [READ AverageLatency(us)=1339.25] 
2014-08-11 23:21:16:941 140 sec: 1885259 operations; 12037.5 current ops/sec; [INSERT AverageLatency(us)=14.71] [READ AverageLatency(us)=1815.07] 
2014-08-11 23:21:26:941 150 sec: 2015970 operations; 13071.1 current ops/sec; [INSERT AverageLatency(us)=12.83] [READ AverageLatency(us)=1678.6] 
2014-08-11 23:21:36:942 160 sec: 2166135 operations; 15015 current ops/sec; [INSERT AverageLatency(us)=11.49] [READ AverageLatency(us)=1455.51] 
2014-08-11 23:21:46:942 170 sec: 2318315 operations; 15218 current ops/sec; [INSERT AverageLatency(us)=11.36] [READ AverageLatency(us)=1437.81] 
2014-08-11 23:21:56:943 180 sec: 2472820 operations; 15448.96 current ops/sec; [INSERT AverageLatency(us)=11.5] [READ AverageLatency(us)=1415.43] 
2014-08-11 23:22:06:943 190 sec: 2626076 operations; 15325.6 current ops/sec; [INSERT AverageLatency(us)=11.45] [READ AverageLatency(us)=1429.09] 
2014-08-11 23:22:16:944 200 sec: 2779204 operations; 15311.27 current ops/sec; [INSERT AverageLatency(us)=11.68] [READ AverageLatency(us)=1431.17] 
2014-08-11 23:22:26:944 210 sec: 2874028 operations; 9482.4 current ops/sec; [INSERT AverageLatency(us)=16.6] [READ AverageLatency(us)=2323.78] 
2014-08-11 23:22:36:945 220 sec: 3029613 operations; 15556.94 current ops/sec; [INSERT AverageLatency(us)=11.28] [READ AverageLatency(us)=1410.1] 
2014-08-11 23:22:46:945 230 sec: 3189584 operations; 15997.1 current ops/sec; [INSERT AverageLatency(us)=11.51] [READ AverageLatency(us)=1371.85] 
2014-08-11 23:22:56:946 240 sec: 3346145 operations; 15654.53 current ops/sec; [INSERT AverageLatency(us)=11.63] [READ AverageLatency(us)=1404.59] 
2014-08-11 23:23:06:946 250 sec: 3502514 operations; 15636.9 current ops/sec; [INSERT AverageLatency(us)=11.82] [READ AverageLatency(us)=1403.07] 
2014-08-11 23:23:16:947 260 sec: 3664493 operations; 16196.28 current ops/sec; [INSERT AverageLatency(us)=15.27] [READ AverageLatency(us)=1355.91] 
2014-08-11 23:23:26:947 270 sec: 3775488 operations; 11099.5 current ops/sec; [INSERT AverageLatency(us)=15.61] [READ AverageLatency(us)=1978.7] 
2014-08-11 23:23:36:948 280 sec: 3930068 operations; 15456.45 current ops/sec; [INSERT AverageLatency(us)=12.12] [READ AverageLatency(us)=1429.41] 
2014-08-11 23:23:46:948 290 sec: 4092748 operations; 16268 current ops/sec; [INSERT AverageLatency(us)=11.29] [READ AverageLatency(us)=1351.08] 
2014-08-11 23:23:56:949 300 sec: 4257430 operations; 16466.55 current ops/sec; [INSERT AverageLatency(us)=11.29] [READ AverageLatency(us)=1334.39] 
2014-08-11 23:24:06:949 310 sec: 4420506 operations; 16307.6 current ops/sec; [INSERT AverageLatency(us)=11.37] [READ AverageLatency(us)=1348.9] 
2014-08-11 23:24:16:950 320 sec: 4575750 operations; 15522.85 current ops/sec; [INSERT AverageLatency(us)=11.5] [READ AverageLatency(us)=1417] 
2014-08-11 23:24:26:950 330 sec: 4699859 operations; 12410.9 current ops/sec; [INSERT AverageLatency(us)=12.97] [READ AverageLatency(us)=1777.56] 
2014-08-11 23:24:36:951 340 sec: 4801170 operations; 10130.09 current ops/sec; [INSERT AverageLatency(us)=14.7] [READ AverageLatency(us)=2180.07] 
2014-08-11 23:24:46:951 350 sec: 4955404 operations; 15423.4 current ops/sec; [INSERT AverageLatency(us)=11.25] [READ AverageLatency(us)=1428.75] 
2014-08-11 23:24:56:952 360 sec: 5106912 operations; 15149.29 current ops/sec; [INSERT AverageLatency(us)=11.22] [READ AverageLatency(us)=1456] 
2014-08-11 23:25:06:952 370 sec: 5261998 operations; 15508.6 current ops/sec; [INSERT AverageLatency(us)=11.47] [READ AverageLatency(us)=1422.17] 
2014-08-11 23:25:16:953 380 sec: 5418292 operations; 15627.84 current ops/sec; [INSERT AverageLatency(us)=11.32] [READ AverageLatency(us)=1412.08] 
2014-08-11 23:25:26:953 390 sec: 5577586 operations; 15929.4 current ops/sec; [INSERT AverageLatency(us)=11.38] [READ AverageLatency(us)=1384.42] 
2014-08-11 23:25:36:954 400 sec: 5676578 operations; 9898.21 current ops/sec; [INSERT AverageLatency(us)=16.21] [READ AverageLatency(us)=2231.85] 
2014-08-11 23:25:46:954 410 sec: 5821280 operations; 14470.2 current ops/sec; [INSERT AverageLatency(us)=11.47] [READ AverageLatency(us)=1524.89] 
2014-08-11 23:25:56:955 420 sec: 5974802 operations; 15350.66 current ops/sec; [INSERT AverageLatency(us)=11.32] [READ AverageLatency(us)=1436.27] 
2014-08-11 23:26:06:955 430 sec: 6120525 operations; 14572.3 current ops/sec; [INSERT AverageLatency(us)=11.6] [READ AverageLatency(us)=1514.43] 
2014-08-11 23:26:16:956 440 sec: 6274371 operations; 15383.06 current ops/sec; [INSERT AverageLatency(us)=11.43] [READ AverageLatency(us)=1432.21] 
2014-08-11 23:26:26:956 450 sec: 6422589 operations; 14821.8 current ops/sec; [INSERT AverageLatency(us)=26.85] [READ AverageLatency(us)=1487.81] 
2014-08-11 23:26:36:957 460 sec: 6559170 operations; 13656.73 current ops/sec; [INSERT AverageLatency(us)=12.66] [READ AverageLatency(us)=1611.5] 
2014-08-11 23:26:46:957 470 sec: 6659337 operations; 10016.7 current ops/sec; [INSERT AverageLatency(us)=14.95] [READ AverageLatency(us)=2215.47] 
2014-08-11 23:26:56:958 480 sec: 6808275 operations; 14892.31 current ops/sec; [INSERT AverageLatency(us)=11.19] [READ AverageLatency(us)=1482.84] 
2014-08-11 23:27:06:958 490 sec: 6962027 operations; 15375.2 current ops/sec; [INSERT AverageLatency(us)=11.48] [READ AverageLatency(us)=1435.28] 
2014-08-11 23:27:16:959 500 sec: 7120169 operations; 15812.62 current ops/sec; [INSERT AverageLatency(us)=11.37] [READ AverageLatency(us)=1395.15] 
2014-08-11 23:27:26:959 510 sec: 7269885 operations; 14971.6 current ops/sec; [INSERT AverageLatency(us)=11.42] [READ AverageLatency(us)=1472.51] 
2014-08-11 23:27:36:960 520 sec: 7421443 operations; 15154.28 current ops/sec; [INSERT AverageLatency(us)=11.49] [READ AverageLatency(us)=1455.1] 
2014-08-11 23:27:46:961 530 sec: 7534393 operations; 11293.87 current ops/sec; [INSERT AverageLatency(us)=17.33] [READ AverageLatency(us)=1959.01] 
2014-08-11 23:27:56:961 540 sec: 7666639 operations; 13224.6 current ops/sec; [INSERT AverageLatency(us)=12.49] [READ AverageLatency(us)=1668.73] 
2014-08-11 23:28:06:962 550 sec: 7815602 operations; 14894.81 current ops/sec; [INSERT AverageLatency(us)=11.26] [READ AverageLatency(us)=1482.42] 
2014-08-11 23:28:16:962 560 sec: 7976323 operations; 16072.1 current ops/sec; [INSERT AverageLatency(us)=11.39] [READ AverageLatency(us)=1372.38] 
2014-08-11 23:28:26:963 570 sec: 8130332 operations; 15399.36 current ops/sec; [INSERT AverageLatency(us)=15.1] [READ AverageLatency(us)=1434.49] 
2014-08-11 23:28:36:963 580 sec: 8273942 operations; 14361 current ops/sec; [INSERT AverageLatency(us)=16.57] [READ AverageLatency(us)=1536.99] 
2014-08-11 23:28:46:964 590 sec: 8414165 operations; 14020.9 current ops/sec; [INSERT AverageLatency(us)=12.05] [READ AverageLatency(us)=1568.46] 
2014-08-11 23:28:56:964 600 sec: 8513151 operations; 9898.6 current ops/sec; [INSERT AverageLatency(us)=15.25] [READ AverageLatency(us)=2245.17] 
2014-08-11 23:29:06:965 610 sec: 8656557 operations; 14339.17 current ops/sec; [INSERT AverageLatency(us)=11.62] [READ AverageLatency(us)=1541.24] 
2014-08-11 23:29:16:965 620 sec: 8805547 operations; 14899 current ops/sec; [INSERT AverageLatency(us)=11.37] [READ AverageLatency(us)=1481.3] 
2014-08-11 23:29:26:966 630 sec: 8959114 operations; 15355.16 current ops/sec; [INSERT AverageLatency(us)=11.33] [READ AverageLatency(us)=1439.31] 
2014-08-11 23:29:36:966 640 sec: 9105534 operations; 14642 current ops/sec; [INSERT AverageLatency(us)=11.28] [READ AverageLatency(us)=1509.43] 
2014-08-11 23:29:46:967 650 sec: 9256306 operations; 15075.69 current ops/sec; [INSERT AverageLatency(us)=11.31] [READ AverageLatency(us)=1466.72] 
2014-08-11 23:29:56:967 660 sec: 9379029 operations; 12272.3 current ops/sec; [INSERT AverageLatency(us)=12.79] [READ AverageLatency(us)=1799.89] 
2014-08-11 23:30:06:968 670 sec: 9493673 operations; 11463.25 current ops/sec; [INSERT AverageLatency(us)=14.36] [READ AverageLatency(us)=1927.92] 
2014-08-11 23:30:16:968 680 sec: 9644559 operations; 15088.6 current ops/sec; [INSERT AverageLatency(us)=11.26] [READ AverageLatency(us)=1463.72] 
2014-08-11 23:30:26:969 690 sec: 9796172 operations; 15159.78 current ops/sec; [INSERT AverageLatency(us)=11.33] [READ AverageLatency(us)=1457.52] 
2014-08-11 23:30:36:969 700 sec: 9946818 operations; 15064.6 current ops/sec; [INSERT AverageLatency(us)=11.25] [READ AverageLatency(us)=1466.73] 
2014-08-11 23:30:46:970 710 sec: 10095707 operations; 14887.41 current ops/sec; [INSERT AverageLatency(us)=11.58] [READ AverageLatency(us)=1483.26] 
2014-08-11 23:30:56:970 720 sec: 10245973 operations; 15026.6 current ops/sec; [INSERT AverageLatency(us)=11.61] [READ AverageLatency(us)=1469.12] 
2014-08-11 23:31:06:971 730 sec: 10358684 operations; 11269.97 current ops/sec; [INSERT AverageLatency(us)=14.63] [READ AverageLatency(us)=1954.88] 
2014-08-11 23:31:16:971 740 sec: 10486917 operations; 12823.3 current ops/sec; [INSERT AverageLatency(us)=12.25] [READ AverageLatency(us)=1733.18] 
2014-08-11 23:31:26:972 750 sec: 10642489 operations; 15555.64 current ops/sec; [INSERT AverageLatency(us)=11.31] [READ AverageLatency(us)=1418.14] 
2014-08-11 23:31:36:972 760 sec: 10791757 operations; 14926.8 current ops/sec; [INSERT AverageLatency(us)=11.28] [READ AverageLatency(us)=1480.17] 
2014-08-11 23:31:46:973 770 sec: 10941938 operations; 15016.6 current ops/sec; [INSERT AverageLatency(us)=11.28] [READ AverageLatency(us)=1471.8] 
2014-08-11 23:31:56:973 780 sec: 11093477 operations; 15153.9 current ops/sec; [INSERT AverageLatency(us)=11.39] [READ AverageLatency(us)=1458.89] 
2014-08-11 23:32:06:974 790 sec: 11233673 operations; 14018.2 current ops/sec; [INSERT AverageLatency(us)=17.55] [READ AverageLatency(us)=1573.9] 
2014-08-11 23:32:16:974 800 sec: 11337766 operations; 10409.3 current ops/sec; [INSERT AverageLatency(us)=15.59] [READ AverageLatency(us)=2127.89] 
2014-08-11 23:32:26:975 810 sec: 11471631 operations; 13385.16 current ops/sec; [INSERT AverageLatency(us)=13.86] [READ AverageLatency(us)=1650.88] 
2014-08-11 23:32:36:975 820 sec: 11623385 operations; 15175.4 current ops/sec; [INSERT AverageLatency(us)=11.25] [READ AverageLatency(us)=1457.41] 
2014-08-11 23:32:46:976 830 sec: 11776369 operations; 15296.87 current ops/sec; [INSERT AverageLatency(us)=11.33] [READ AverageLatency(us)=1445.99] 
2014-08-11 23:32:56:976 840 sec: 11930043 operations; 15367.4 current ops/sec; [INSERT AverageLatency(us)=11.22] [READ AverageLatency(us)=1439.74] 
2014-08-11 23:33:06:977 850 sec: 12085845 operations; 15578.64 current ops/sec; [INSERT AverageLatency(us)=11.43] [READ AverageLatency(us)=1419.37] 
2014-08-11 23:33:16:977 860 sec: 12207320 operations; 12147.5 current ops/sec; [INSERT AverageLatency(us)=13.93] [READ AverageLatency(us)=1819.72] 
2014-08-11 23:33:27:045 870 sec: 12333346 operations; 12517.48 current ops/sec; [INSERT AverageLatency(us)=13.24] [READ AverageLatency(us)=1760.45] 
2014-08-11 23:33:37:046 880 sec: 12484176 operations; 15081.49 current ops/sec; [INSERT AverageLatency(us)=11.34] [READ AverageLatency(us)=1473.6] 
2014-08-11 23:33:47:046 890 sec: 12638322 operations; 15414.6 current ops/sec; [INSERT AverageLatency(us)=11.46] [READ AverageLatency(us)=1434.88] 
2014-08-11 23:33:57:047 900 sec: 12796365 operations; 15802.72 current ops/sec; [INSERT AverageLatency(us)=11.64] [READ AverageLatency(us)=1397.16] 
2014-08-11 23:34:07:048 910 sec: 12952697 operations; 15631.64 current ops/sec; [INSERT AverageLatency(us)=18.81] [READ AverageLatency(us)=1411.95] 
2014-08-11 23:34:17:048 920 sec: 13090745 operations; 13804.8 current ops/sec; [INSERT AverageLatency(us)=11.89] [READ AverageLatency(us)=1601.03] 
2014-08-11 23:34:27:049 930 sec: 13195941 operations; 10518.55 current ops/sec; [INSERT AverageLatency(us)=15.08] [READ AverageLatency(us)=2102.95] 
2014-08-11 23:34:37:049 940 sec: 13329808 operations; 13386.7 current ops/sec; [INSERT AverageLatency(us)=11.97] [READ AverageLatency(us)=1653.63] 
2014-08-11 23:34:47:050 950 sec: 13479032 operations; 14920.91 current ops/sec; [INSERT AverageLatency(us)=11.4] [READ AverageLatency(us)=1481.45] 
2014-08-11 23:34:57:050 960 sec: 13632458 operations; 15342.6 current ops/sec; [INSERT AverageLatency(us)=11.33] [READ AverageLatency(us)=1440.46] 
2014-08-11 23:35:07:051 970 sec: 13775217 operations; 14274.47 current ops/sec; [INSERT AverageLatency(us)=11.51] [READ AverageLatency(us)=1549.47] 
2014-08-11 23:35:17:051 980 sec: 13924151 operations; 14893.4 current ops/sec; [INSERT AverageLatency(us)=11.28] [READ AverageLatency(us)=1485.99] 
2014-08-11 23:35:27:052 990 sec: 14054074 operations; 12991 current ops/sec; [INSERT AverageLatency(us)=12.79] [READ AverageLatency(us)=1684.69] 
2014-08-11 23:35:37:052 1000 sec: 14168141 operations; 11406.7 current ops/sec; [INSERT AverageLatency(us)=14.29] [READ AverageLatency(us)=1958.21] 
2014-08-11 23:35:47:053 1010 sec: 14317626 operations; 14947.01 current ops/sec; [INSERT AverageLatency(us)=11.48] [READ AverageLatency(us)=1477.46] 
2014-08-11 23:35:57:053 1020 sec: 14466374 operations; 14874.8 current ops/sec; [INSERT AverageLatency(us)=11.24] [READ AverageLatency(us)=1487.25] 
2014-08-11 23:36:07:054 1030 sec: 14618880 operations; 15249.08 current ops/sec; [INSERT AverageLatency(us)=11.28] [READ AverageLatency(us)=1450.12] 
2014-08-11 23:36:17:054 1040 sec: 14773777 operations; 15489.7 current ops/sec; [INSERT AverageLatency(us)=11.28] [READ AverageLatency(us)=1427.05] 
2014-08-11 23:36:27:055 1050 sec: 14927965 operations; 15417.26 current ops/sec; [INSERT AverageLatency(us)=11.28] [READ AverageLatency(us)=1433.37] 
2014-08-11 23:36:37:055 1060 sec: 15048989 operations; 12102.4 current ops/sec; [INSERT AverageLatency(us)=21.32] [READ AverageLatency(us)=1824.95] 
2014-08-11 23:36:47:056 1070 sec: 15163703 operations; 11470.25 current ops/sec; [INSERT AverageLatency(us)=13.2] [READ AverageLatency(us)=1929.27] 
2014-08-11 23:36:57:056 1080 sec: 15319417 operations; 15571.4 current ops/sec; [INSERT AverageLatency(us)=15.71] [READ AverageLatency(us)=1418.99] 
2014-08-11 23:37:07:057 1090 sec: 15479104 operations; 15967.1 current ops/sec; [INSERT AverageLatency(us)=11.46] [READ AverageLatency(us)=1384.75] 
2014-08-11 23:37:17:057 1100 sec: 15640801 operations; 16169.7 current ops/sec; [INSERT AverageLatency(us)=11.19] [READ AverageLatency(us)=1365.71] 
2014-08-11 23:37:27:058 1110 sec: 15800147 operations; 15933.01 current ops/sec; [INSERT AverageLatency(us)=11.24] [READ AverageLatency(us)=1387.43] 
2014-08-11 23:37:37:058 1120 sec: 15936681 operations; 13653.4 current ops/sec; [INSERT AverageLatency(us)=12.53] [READ AverageLatency(us)=1620.22] 
2014-08-11 23:37:47:059 1130 sec: 16055330 operations; 11863.71 current ops/sec; [INSERT AverageLatency(us)=14.26] [READ AverageLatency(us)=1862.6] 
2014-08-11 23:37:57:059 1140 sec: 16212821 operations; 15749.1 current ops/sec; [INSERT AverageLatency(us)=11.5] [READ AverageLatency(us)=1403.74] 
2014-08-11 23:38:07:060 1150 sec: 16371062 operations; 15822.52 current ops/sec; [INSERT AverageLatency(us)=11.22] [READ AverageLatency(us)=1400.73] 
2014-08-11 23:38:17:060 1160 sec: 16526646 operations; 15558.4 current ops/sec; [INSERT AverageLatency(us)=11.3] [READ AverageLatency(us)=1421.84] 
2014-08-11 23:38:27:061 1170 sec: 16684524 operations; 15786.22 current ops/sec; [INSERT AverageLatency(us)=11.49] [READ AverageLatency(us)=1400.56] 
2014-08-11 23:38:37:061 1180 sec: 16834976 operations; 15045.2 current ops/sec; [INSERT AverageLatency(us)=11.91] [READ AverageLatency(us)=1469.34] 
2014-08-11 23:38:47:062 1190 sec: 16945641 operations; 11065.39 current ops/sec; [INSERT AverageLatency(us)=13.97] [READ AverageLatency(us)=1985.48] 
2014-08-11 23:38:57:062 1200 sec: 17071623 operations; 12598.2 current ops/sec; [INSERT AverageLatency(us)=12.39] [READ AverageLatency(us)=1769.22] 
2014-08-11 23:39:07:063 1210 sec: 17216528 operations; 14489.05 current ops/sec; [INSERT AverageLatency(us)=17.64] [READ AverageLatency(us)=1528.28] 
2014-08-11 23:39:17:064 1220 sec: 17360286 operations; 14374.36 current ops/sec; [INSERT AverageLatency(us)=14.94] [READ AverageLatency(us)=1538.37] 
2014-08-11 23:39:27:064 1230 sec: 17507450 operations; 14716.4 current ops/sec; [INSERT AverageLatency(us)=11.32] [READ AverageLatency(us)=1502.29] 
2014-08-11 23:39:37:065 1240 sec: 17660506 operations; 15305.6 current ops/sec; [INSERT AverageLatency(us)=11.24] [READ AverageLatency(us)=1444.48] 
2014-08-11 23:39:47:065 1250 sec: 17805956 operations; 14543.55 current ops/sec; [INSERT AverageLatency(us)=16.11] [READ AverageLatency(us)=1522.61] 
2014-08-11 23:39:57:066 1260 sec: 17921124 operations; 11515.65 current ops/sec; [INSERT AverageLatency(us)=14.33] [READ AverageLatency(us)=1922.49] 
2014-08-11 23:40:07:066 1270 sec: 18063998 operations; 14287.4 current ops/sec; [INSERT AverageLatency(us)=11.9] [READ AverageLatency(us)=1546.79] 
2014-08-11 23:40:17:067 1280 sec: 18217770 operations; 15375.66 current ops/sec; [INSERT AverageLatency(us)=11.17] [READ AverageLatency(us)=1439.28] 
2014-08-11 23:40:27:081 1290 sec: 18368821 operations; 15085.49 current ops/sec; [INSERT AverageLatency(us)=14.78] [READ AverageLatency(us)=1463.3] 
2014-08-11 23:40:37:081 1300 sec: 18527389 operations; 15855.21 current ops/sec; [INSERT AverageLatency(us)=11.26] [READ AverageLatency(us)=1398.46] 
2014-08-11 23:40:47:082 1310 sec: 18684958 operations; 15755.32 current ops/sec; [INSERT AverageLatency(us)=11.47] [READ AverageLatency(us)=1397.96] 
2014-08-11 23:40:57:082 1320 sec: 18806239 operations; 12128.1 current ops/sec; [INSERT AverageLatency(us)=13.48] [READ AverageLatency(us)=1834.65] 
2014-08-11 23:41:07:083 1330 sec: 18930102 operations; 12385.06 current ops/sec; [INSERT AverageLatency(us)=13.27] [READ AverageLatency(us)=1787.71] 
2014-08-11 23:41:17:083 1340 sec: 19069776 operations; 13967.4 current ops/sec; [INSERT AverageLatency(us)=11.34] [READ AverageLatency(us)=1586.02] 
2014-08-11 23:41:27:084 1350 sec: 19212469 operations; 14267.87 current ops/sec; [INSERT AverageLatency(us)=11.32] [READ AverageLatency(us)=1551.09] 
2014-08-11 23:41:37:084 1360 sec: 19358726 operations; 14625.7 current ops/sec; [INSERT AverageLatency(us)=11.28] [READ AverageLatency(us)=1514.35] 
2014-08-11 23:41:47:085 1370 sec: 19508620 operations; 14987.9 current ops/sec; [INSERT AverageLatency(us)=11.22] [READ AverageLatency(us)=1475.36] 
2014-08-11 23:41:57:085 1380 sec: 19657152 operations; 14853.2 current ops/sec; [INSERT AverageLatency(us)=11.88] [READ AverageLatency(us)=1489.41] 
2014-08-11 23:42:07:086 1390 sec: 19769315 operations; 11215.18 current ops/sec; [INSERT AverageLatency(us)=14.54] [READ AverageLatency(us)=1972.39] 
2014-08-11 23:42:17:086 1400 sec: 19914263 operations; 14494.8 current ops/sec; [INSERT AverageLatency(us)=12.11] [READ AverageLatency(us)=1523.92] 
2014-08-11 23:42:27:087 1410 sec: 20073591 operations; 15931.21 current ops/sec; [INSERT AverageLatency(us)=11.2] [READ AverageLatency(us)=1388.5] 
2014-08-11 23:42:37:087 1420 sec: 20227988 operations; 15439.7 current ops/sec; [INSERT AverageLatency(us)=11.38] [READ AverageLatency(us)=1432.15] 
2014-08-11 23:42:47:088 1430 sec: 20387802 operations; 15979.8 current ops/sec; [INSERT AverageLatency(us)=11.31] [READ AverageLatency(us)=1383.01] 
2014-08-11 23:42:57:088 1440 sec: 20545741 operations; 15793.9 current ops/sec; [INSERT AverageLatency(us)=11.51] [READ AverageLatency(us)=1402.94] 
2014-08-11 23:43:07:089 1450 sec: 20669422 operations; 12366.86 current ops/sec; [INSERT AverageLatency(us)=13.73] [READ AverageLatency(us)=1787.85] 
2014-08-11 23:43:17:089 1460 sec: 20780128 operations; 11070.6 current ops/sec; [INSERT AverageLatency(us)=16.74] [READ AverageLatency(us)=2001.42] 
2014-08-11 23:43:27:090 1470 sec: 20922563 operations; 14242.08 current ops/sec; [INSERT AverageLatency(us)=11.31] [READ AverageLatency(us)=1556.02] 
2014-08-11 23:43:37:090 1480 sec: 21057737 operations; 13517.4 current ops/sec; [INSERT AverageLatency(us)=11.28] [READ AverageLatency(us)=1636.36] 
2014-08-11 23:43:47:091 1490 sec: 21208131 operations; 15037.9 current ops/sec; [INSERT AverageLatency(us)=11.24] [READ AverageLatency(us)=1470.16] 
2014-08-11 23:43:57:091 1500 sec: 21358804 operations; 15067.3 current ops/sec; [INSERT AverageLatency(us)=11.3] [READ AverageLatency(us)=1469.23] 
2014-08-11 23:44:07:092 1510 sec: 21506940 operations; 14812.12 current ops/sec; [INSERT AverageLatency(us)=11.68] [READ AverageLatency(us)=1491.81] 
2014-08-11 23:44:17:092 1520 sec: 21630484 operations; 12354.4 current ops/sec; [INSERT AverageLatency(us)=13.74] [READ AverageLatency(us)=1793.69] 
2014-08-11 23:44:27:093 1530 sec: 21769828 operations; 13933.01 current ops/sec; [INSERT AverageLatency(us)=12.73] [READ AverageLatency(us)=1588.07] 
2014-08-11 23:44:37:093 1540 sec: 21928762 operations; 15893.4 current ops/sec; [INSERT AverageLatency(us)=11.43] [READ AverageLatency(us)=1388.59] 
2014-08-11 23:44:47:094 1550 sec: 22083508 operations; 15473.05 current ops/sec; [INSERT AverageLatency(us)=11.45] [READ AverageLatency(us)=1428.5] 
2014-08-11 23:44:57:094 1560 sec: 22241220 operations; 15771.2 current ops/sec; [INSERT AverageLatency(us)=17.41] [READ AverageLatency(us)=1402.45] 
2014-08-11 23:45:07:095 1570 sec: 22399561 operations; 15832.52 current ops/sec; [INSERT AverageLatency(us)=11.36] [READ AverageLatency(us)=1395.71] 
2014-08-11 23:45:17:095 1580 sec: 22528748 operations; 12918.7 current ops/sec; [INSERT AverageLatency(us)=13.79] [READ AverageLatency(us)=1714.21] 
2014-08-11 23:45:27:096 1590 sec: 22649502 operations; 12074.19 current ops/sec; [INSERT AverageLatency(us)=16.14] [READ AverageLatency(us)=1830.29] 
2014-08-11 23:45:37:096 1600 sec: 22790968 operations; 14146.6 current ops/sec; [INSERT AverageLatency(us)=11.41] [READ AverageLatency(us)=1568.31] 
2014-08-11 23:45:47:097 1610 sec: 22938830 operations; 14784.72 current ops/sec; [INSERT AverageLatency(us)=11.34] [READ AverageLatency(us)=1498.57] 
2014-08-11 23:45:57:097 1620 sec: 23084754 operations; 14592.4 current ops/sec; [INSERT AverageLatency(us)=11.27] [READ AverageLatency(us)=1516.27] 
2014-08-11 23:46:07:098 1630 sec: 23232009 operations; 14724.03 current ops/sec; [INSERT AverageLatency(us)=15.87] [READ AverageLatency(us)=1502.46] 
2014-08-11 23:46:17:098 1640 sec: 23377858 operations; 14584.9 current ops/sec; [INSERT AverageLatency(us)=11.68] [READ AverageLatency(us)=1517.03] 
2014-08-11 23:46:27:099 1650 sec: 23492424 operations; 11455.45 current ops/sec; [INSERT AverageLatency(us)=14.28] [READ AverageLatency(us)=1930.83] 
2014-08-11 23:46:37:099 1660 sec: 23631002 operations; 13857.8 current ops/sec; [INSERT AverageLatency(us)=12.51] [READ AverageLatency(us)=1601.33] 
2014-08-11 23:46:47:100 1670 sec: 23788871 operations; 15785.32 current ops/sec; [INSERT AverageLatency(us)=11.33] [READ AverageLatency(us)=1402.14] 
2014-08-11 23:46:57:100 1680 sec: 23949434 operations; 16056.3 current ops/sec; [INSERT AverageLatency(us)=11.2] [READ AverageLatency(us)=1376.99] 
2014-08-11 23:47:07:101 1690 sec: 24112137 operations; 16268.67 current ops/sec; [INSERT AverageLatency(us)=11.3] [READ AverageLatency(us)=1359.07] 
2014-08-11 23:47:17:102 1700 sec: 24268251 operations; 15609.84 current ops/sec; [INSERT AverageLatency(us)=11.42] [READ AverageLatency(us)=1417.81] 
2014-08-11 23:47:27:102 1710 sec: 24401023 operations; 13277.2 current ops/sec; [INSERT AverageLatency(us)=12.82] [READ AverageLatency(us)=1667.66] 
2014-08-11 23:47:37:103 1720 sec: 24509663 operations; 10862.91 current ops/sec; [INSERT AverageLatency(us)=14.01] [READ AverageLatency(us)=2039.72] 
2014-08-11 23:47:47:103 1730 sec: 24660908 operations; 15124.5 current ops/sec; [INSERT AverageLatency(us)=11.7] [READ AverageLatency(us)=1463.75] 
2014-08-11 23:47:57:104 1740 sec: 24818424 operations; 15750.02 current ops/sec; [INSERT AverageLatency(us)=11.28] [READ AverageLatency(us)=1406.97] 
2014-08-11 23:48:07:104 1750 sec: 24978447 operations; 16002.3 current ops/sec; [INSERT AverageLatency(us)=17.32] [READ AverageLatency(us)=1381.54] 
2014-08-11 23:48:17:105 1760 sec: 25000000 operations; 2155.08 current ops/sec; [UPDATE AverageLatency(us)=543830.87] [INSERT AverageLatency(us)=11.49] [READ AverageLatency(us)=2337.93] [CLEANUP AverageLatency(us)=543973.87] 
2014-08-11 23:48:17:383 1760 sec: 25000000 operations; 0 current ops/sec; [UPDATE AverageLatency(us)=6640722.2]   [CLEANUP AverageLatency(us)=6640728.8] 
+ echo 'end time:'
end time:
++ date +%s
+ echo 1407826097
1407826097
+ echo 'sleeping for 10 sec ...'
sleeping for 10 sec ...
+ sleep 10
+ false
+ false
+ false
+ false
+ false
+ false
+ let counter=1+1
+ read line
+ set +x
