threshold: 700.0
threshold: 700.0
----------------------------------------------------------
selfdapql AM_FILE_POINTER in begining: 0
selfdapql filelengh: 357810
log_evicted_initial: 0
log_evicted_last: 0
log_evicted_count: 0
storeFileSize: 0.12850574
selfdapql AM_FILE_POINTER in end: 357810
selfdapql RS_FILE_POINTER in begining: 0
selfdapql rs_filelengh: 475424
selfdapql blocking update blocking_updates_count: 0
selfdapql blocking update avg total_blocking_time: 0.0
selfdapql RS_FILE_POINTER in end: 475424
selfdapql DN_FILE_POINTER in begining: 0
selfdapql dn_filelength: 94984
selfdapql total operation time: 36014.0
selfdapql total # operations: 561
selfdapql dfs avg read time: 64.196075
selfdapql DN_FILE_POINTER in end: 94984
threshold: 700.0
threshold: 700.0
----------------------------------------------------------
selfdapql AM_FILE_POINTER in begining: 357810
selfdapql filelengh: 1219229
log_evicted_initial: 0
log_evicted_last: 0
log_evicted_count: 0
storeFileSize: 1.5141801
selfdapql AM_FILE_POINTER in end: 1219229
selfdapql RS_FILE_POINTER in begining: 475424
selfdapql rs_filelengh: 1225632
selfdapql blocking update blocking_updates_count: 91
selfdapql blocking update avg total_blocking_time: 30798.363
selfdapql RS_FILE_POINTER in end: 1225632
selfdapql DN_FILE_POINTER in begining: 94984
selfdapql dn_filelength: 147433
selfdapql total operation time: 50102.0
selfdapql total # operations: 3744
selfdapql dfs avg read time: 13.381945
selfdapql DN_FILE_POINTER in end: 147433
selfdapql newBlockCacheSize: 0.35
selfdapql newMemstoreSize: 0.45000002
threshold: 700.0
threshold: 700.0
----------------------------------------------------------
selfdapql AM_FILE_POINTER in begining: 1219229
selfdapql filelengh: 1816719
log_evicted_initial: 0
log_evicted_last: 0
log_evicted_count: 0
storeFileSize: 3.1920094
selfdapql AM_FILE_POINTER in end: 1816719
selfdapql RS_FILE_POINTER in begining: 1225632
selfdapql rs_filelengh: 4266122
selfdapql blocking update blocking_updates_count: 160
selfdapql blocking update avg total_blocking_time: 16760.105
selfdapql RS_FILE_POINTER in end: 4266122
selfdapql DN_FILE_POINTER in begining: 147433
selfdapql dn_filelength: 203206
selfdapql total operation time: 267878.0
selfdapql total # operations: 8170
selfdapql dfs avg read time: 32.788006
selfdapql DN_FILE_POINTER in end: 203206
selfdapql newBlockCacheSize: 0.29999998
selfdapql newMemstoreSize: 0.5
threshold: 700.0
threshold: 700.0
----------------------------------------------------------
selfdapql AM_FILE_POINTER in begining: 1816719
selfdapql filelengh: 2415349
log_evicted_initial: 0
log_evicted_last: 4621
log_evicted_count: 4621
storeFileSize: 5.018966
selfdapql AM_FILE_POINTER in end: 2415349
selfdapql RS_FILE_POINTER in begining: 4266122
selfdapql rs_filelengh: 10436537
selfdapql blocking update blocking_updates_count: 131
selfdapql blocking update avg total_blocking_time: 27256.252
selfdapql RS_FILE_POINTER in end: 10436537
selfdapql DN_FILE_POINTER in begining: 203206
selfdapql dn_filelength: 267799
selfdapql total operation time: 663505.0
selfdapql total # operations: 10732
selfdapql dfs avg read time: 61.824917
selfdapql DN_FILE_POINTER in end: 267799
selfdapql newBlockCacheSize: 0.35
selfdapql newMemstoreSize: 0.45
threshold: 700.0
threshold: 700.0
----------------------------------------------------------
selfdapql AM_FILE_POINTER in begining: 2415349
selfdapql filelengh: 3014399
log_evicted_initial: 4621
log_evicted_last: 7903
log_evicted_count: 3282
storeFileSize: 6.5519395
selfdapql AM_FILE_POINTER in end: 3014399
selfdapql RS_FILE_POINTER in begining: 10436537
selfdapql rs_filelengh: 15703146
selfdapql blocking update blocking_updates_count: 81
selfdapql blocking update avg total_blocking_time: 39968.555
selfdapql RS_FILE_POINTER in end: 15703146
selfdapql DN_FILE_POINTER in begining: 267799
selfdapql dn_filelength: 308981
selfdapql total operation time: 671995.0
selfdapql total # operations: 8164
selfdapql dfs avg read time: 82.31198
selfdapql DN_FILE_POINTER in end: 308981
selfdapql newBlockCacheSize: 0.4
selfdapql newMemstoreSize: 0.39999998
threshold: 700.0
threshold: 700.0
----------------------------------------------------------
selfdapql AM_FILE_POINTER in begining: 3014399
selfdapql filelengh: 3614044
log_evicted_initial: 7903
log_evicted_last: 12171
log_evicted_count: 4268
storeFileSize: 8.314417
selfdapql AM_FILE_POINTER in end: 3614044
selfdapql RS_FILE_POINTER in begining: 15703146
selfdapql rs_filelengh: 22144143
selfdapql blocking update blocking_updates_count: 161
selfdapql blocking update avg total_blocking_time: 24154.764
selfdapql RS_FILE_POINTER in end: 22144143
selfdapql DN_FILE_POINTER in begining: 308981
selfdapql dn_filelength: 364826
selfdapql total operation time: 886562.0
selfdapql total # operations: 12985
selfdapql dfs avg read time: 68.275856
selfdapql DN_FILE_POINTER in end: 364826
selfdapql newBlockCacheSize: 0.45000002
selfdapql newMemstoreSize: 0.34999996
threshold: 700.0
threshold: 700.0
----------------------------------------------------------
selfdapql AM_FILE_POINTER in begining: 3614044
selfdapql filelengh: 4214051
log_evicted_initial: 12171
log_evicted_last: 18079
log_evicted_count: 5908
storeFileSize: 10.3579855
selfdapql AM_FILE_POINTER in end: 4214051
selfdapql RS_FILE_POINTER in begining: 22144143
selfdapql rs_filelengh: 28795040
selfdapql blocking update blocking_updates_count: 163
selfdapql blocking update avg total_blocking_time: 20285.773
selfdapql RS_FILE_POINTER in end: 28795040
selfdapql DN_FILE_POINTER in begining: 364826
selfdapql dn_filelength: 414851
selfdapql total operation time: 1040790.0
selfdapql total # operations: 12065
selfdapql dfs avg read time: 86.26523
selfdapql DN_FILE_POINTER in end: 414851
selfdapql newBlockCacheSize: 0.5
selfdapql newMemstoreSize: 0.29999995
threshold: 700.0
threshold: 700.0
----------------------------------------------------------
selfdapql AM_FILE_POINTER in begining: 4214051
selfdapql filelengh: 4814155
log_evicted_initial: 18079
log_evicted_last: 25773
log_evicted_count: 7694
storeFileSize: 12.207728
selfdapql AM_FILE_POINTER in end: 4814155
selfdapql RS_FILE_POINTER in begining: 28795040
selfdapql rs_filelengh: 35543952
selfdapql blocking update blocking_updates_count: 239
selfdapql blocking update avg total_blocking_time: 12885.72
selfdapql RS_FILE_POINTER in end: 35543952
selfdapql DN_FILE_POINTER in begining: 414851
selfdapql dn_filelength: 470796
selfdapql total operation time: 1169247.0
selfdapql total # operations: 13831
selfdapql dfs avg read time: 84.53814
selfdapql DN_FILE_POINTER in end: 470796
selfdapql newBlockCacheSize: 0.55
selfdapql newMemstoreSize: 0.24999996
threshold: 700.0
threshold: 700.0
----------------------------------------------------------
selfdapql AM_FILE_POINTER in begining: 4814155
selfdapql filelengh: 5414329
log_evicted_initial: 25773
log_evicted_last: 25773
log_evicted_count: 0
storeFileSize: 14.112084
selfdapql AM_FILE_POINTER in end: 5414329
selfdapql RS_FILE_POINTER in begining: 35543952
selfdapql rs_filelengh: 41964853
selfdapql blocking update blocking_updates_count: 299
selfdapql blocking update avg total_blocking_time: 8457.866
selfdapql RS_FILE_POINTER in end: 41964853
selfdapql DN_FILE_POINTER in begining: 470796
selfdapql dn_filelength: 520877
selfdapql total operation time: 1574689.0
selfdapql total # operations: 12151
selfdapql dfs avg read time: 129.59337
selfdapql DN_FILE_POINTER in end: 520877
selfdapql newBlockCacheSize: 0.5
selfdapql newMemstoreSize: 0.29999995
threshold: 700.0
threshold: 700.0
----------------------------------------------------------
selfdapql AM_FILE_POINTER in begining: 5414329
selfdapql filelengh: 6014904
log_evicted_initial: 35212
log_evicted_last: 35212
log_evicted_count: 0
storeFileSize: 15.583866
selfdapql AM_FILE_POINTER in end: 6014904
selfdapql RS_FILE_POINTER in begining: 41964853
selfdapql rs_filelengh: 47721533
selfdapql blocking update blocking_updates_count: 173
selfdapql blocking update avg total_blocking_time: 12790.526
selfdapql RS_FILE_POINTER in end: 47721533
selfdapql DN_FILE_POINTER in begining: 520877
selfdapql dn_filelength: 573942
selfdapql total operation time: 1274608.0
selfdapql total # operations: 13032
selfdapql dfs avg read time: 97.806015
selfdapql DN_FILE_POINTER in end: 573942
selfdapql newBlockCacheSize: 0.45
selfdapql newMemstoreSize: 0.34999996
