++ ls caseresult/ -ltr
++ wc -l
+ filename=case86
+ mkdir caseresult/case86
+ ssh hadoop@master mkdir /home/hadoop/git/physical_design/caseresult/case86
+ RESULT_DIR=/home/hadoop/git/physical_design/caseresult/case86
+ TEN=10
+ SIXTY=60
+ SLEEP_TIME=300
+ YCSB_DIR=/home/hadoop/ycsb-0.1.4
+ number_of_operations=50000000
+ number_of_threads=20
+ number_of_records=50000000
+ output_file_suffix=.dat
+ experiment_list_file=/home/hadoop/git/physical_design/case86.list
+ clean=false
+ create=false
+ load=false
+ random_read=false
+ workloada=false
+ workloadb=false
+ workloadc=false
+ scan=false
+ all=false
+ for i in '$@'
+ '[' clean == all ']'
+ '[' clean == clean ']'
+ clean=true
+ for i in '$@'
+ '[' create == all ']'
+ '[' create == clean ']'
+ '[' create == create ']'
+ create=true
+ for i in '$@'
+ '[' workloada == all ']'
+ '[' workloada == clean ']'
+ '[' workloada == create ']'
+ '[' workloada == load ']'
+ '[' workloada == random_read ']'
+ '[' workloada == scan ']'
+ '[' workloada == workloada ']'
+ workloada=true
+ let counter=1
+ cd /home/hadoop/ycsb-0.1.4
++ pwd
+ echo /home/hadoop/ycsb-0.1.4
/home/hadoop/ycsb-0.1.4
+ read line
+ false
+ true
+ echo 'sleeping for 60 ...'
sleeping for 60 ...
+ sleep 60
+ echo 'droping usertable...'
droping usertable...
+ ssh hadoop@master /home/hadoop/hbase/bin/hbase shell /home/hadoop/git/physical_design/delete_table
0 row(s) in 2.8040 seconds

0 row(s) in 0.8480 seconds

0 row(s) in 0.0760 seconds

+ echo 'sleeping for 300 ...'
sleeping for 300 ...
+ sleep 300
+ false
+ true
+ echo 'creating usertable...'
creating usertable...
+ create_statement='create '\''usertable'\'', { NAME=>'\''family'\'', CONFIGURATION => { '\''hbase.hregion.majorcompaction'\'' => '\''0'\'' } ,  COMPRESSION=>'\''GZ'\''}, SPLITS => ['\''user1'\'', '\''user2'\'', '\''user3'\'', '\''user4'\'', '\''user5'\'', '\''user6'\'', '\''user7'\'', '\''user8'\'', '\''user9'\'']'
+ echo create ''\''usertable'\'',' '{' 'NAME=>'\''family'\'',' CONFIGURATION '=>' '{' ''\''hbase.hregion.majorcompaction'\''' '=>' ''\''0'\''' '}' , 'COMPRESSION=>'\''GZ'\''},' SPLITS '=>' '['\''user1'\'',' ''\''user2'\'',' ''\''user3'\'',' ''\''user4'\'',' ''\''user5'\'',' ''\''user6'\'',' ''\''user7'\'',' ''\''user8'\'',' ''\''user9'\'']'
+ echo 'exit '
+ scp /home/hadoop/git/physical_design/caseresult/case86/create_1.script hadoop@master:/home/hadoop/git/physical_design/caseresult/case86/create_1.script
+ create_table /home/hadoop/git/physical_design/caseresult/case86/create_1.script
+ echo 'creating table...'
creating table...
+ echo /home/hadoop/git/physical_design/caseresult/case86/create_1.script
/home/hadoop/git/physical_design/caseresult/case86/create_1.script
+ ssh hadoop@master /home/hadoop/hbase/bin/hbase shell /home/hadoop/git/physical_design/caseresult/case86/create_1.script
0 row(s) in 1.7600 seconds

+ echo 'sleeping for 10 sec ...'
sleeping for 10 sec ...
+ sleep 10
+ false
+ false
+ false
+ false
+ false
+ true
+ echo workloada...
workloada...
+ echo 'start time: '
start time: 
++ date +%s
+ echo 1405080957
1405080957
++ echo /home/hadoop/git/physical_design/caseresult/case86/workloada_1.dat
+ ./workloada 50000000 20 /home/hadoop/git/physical_design/caseresult/case86/workloada_1.dat
Loading workload...
Starting test.
2014-07-11 05:15:57:703 0 sec: 0 operations; 
14/07/11 05:15:58 INFO zookeeper.ZooKeeper: Client environment:zookeeper.version=3.4.6-1569965, built on 02/20/2014 09:09 GMT
14/07/11 05:15:58 INFO zookeeper.ZooKeeper: Client environment:host.name=sceplus-vm43.almaden.ibm.com
14/07/11 05:15:58 INFO zookeeper.ZooKeeper: Client environment:java.version=1.6.0_31
14/07/11 05:15:58 INFO zookeeper.ZooKeeper: Client environment:java.vendor=Sun Microsystems Inc.
14/07/11 05:15:58 INFO zookeeper.ZooKeeper: Client environment:java.home=/usr/lib/jvm/java-6-openjdk-amd64/jre
14/07/11 05:15:58 INFO zookeeper.ZooKeeper: Client environment:java.class.path=/home/hadoop/ycsb-0.1.4/hbase-binding/lib/hbase-binding-0.1.4.jar:/home/hadoop/ycsb-0.1.4/hbase-binding/conf:/home/hadoop/ycsb-0.1.4/core/lib/core-0.1.4.jar:/home/hadoop/ycsb-0.1.4/jdbc-binding/conf
14/07/11 05:15:58 INFO zookeeper.ZooKeeper: Client environment:java.library.path=/usr/lib/jvm/java-6-openjdk-amd64/jre/lib/amd64/server:/usr/lib/jvm/java-6-openjdk-amd64/jre/lib/amd64:/usr/lib/jvm/java-6-openjdk-amd64/jre/../lib/amd64:/usr/java/packages/lib/amd64:/usr/lib/jni:/lib:/usr/lib
14/07/11 05:15:58 INFO zookeeper.ZooKeeper: Client environment:java.io.tmpdir=/tmp
14/07/11 05:15:58 INFO zookeeper.ZooKeeper: Client environment:java.compiler=<NA>
14/07/11 05:15:58 INFO zookeeper.ZooKeeper: Client environment:os.name=Linux
14/07/11 05:15:58 INFO zookeeper.ZooKeeper: Client environment:os.arch=amd64
14/07/11 05:15:58 INFO zookeeper.ZooKeeper: Client environment:os.version=3.13.0-24-generic
14/07/11 05:15:58 INFO zookeeper.ZooKeeper: Client environment:user.name=hadoop
14/07/11 05:15:58 INFO zookeeper.ZooKeeper: Client environment:user.home=/home/hadoop
14/07/11 05:15:58 INFO zookeeper.ZooKeeper: Client environment:user.dir=/home/hadoop/ycsb-0.1.4
14/07/11 05:15:58 INFO zookeeper.ZooKeeper: Initiating client connection, connectString=sceplus-vm49.almaden.ibm.com:2181,sceplus-vm48.almaden.ibm.com:2181 sessionTimeout=90000 watcher=hconnection-0x21934d9d, quorum=sceplus-vm49.almaden.ibm.com:2181,sceplus-vm48.almaden.ibm.com:2181, baseZNode=/hbase
14/07/11 05:15:58 INFO zookeeper.RecoverableZooKeeper: Process identifier=hconnection-0x21934d9d connecting to ZooKeeper ensemble=sceplus-vm49.almaden.ibm.com:2181,sceplus-vm48.almaden.ibm.com:2181
14/07/11 05:15:58 INFO zookeeper.ClientCnxn: Opening socket connection to server slave1/9.1.143.59:2181. Will not attempt to authenticate using SASL (unknown error)
14/07/11 05:15:58 INFO zookeeper.ClientCnxn: Socket connection established to slave1/9.1.143.59:2181, initiating session
14/07/11 05:15:58 INFO zookeeper.ClientCnxn: Session establishment complete on server slave1/9.1.143.59:2181, sessionid = 0x14727061461000c, negotiated timeout = 90000
2014-07-11 05:16:07:704 10 sec: 5221 operations; 522.05 current ops/sec; [INSERT AverageLatency(us)=3487.93] [READ AverageLatency(us)=14889.42] 
2014-07-11 05:16:17:705 20 sec: 12039 operations; 681.73 current ops/sec; [INSERT AverageLatency(us)=96.31] [READ AverageLatency(us)=9540.78] 
2014-07-11 05:16:27:706 30 sec: 21947 operations; 990.7 current ops/sec; [INSERT AverageLatency(us)=21.27] [READ AverageLatency(us)=7881.14] 
2014-07-11 05:16:37:706 40 sec: 35118 operations; 1317.1 current ops/sec; [INSERT AverageLatency(us)=21.2] [READ AverageLatency(us)=7503.86] 
2014-07-11 05:16:47:707 50 sec: 53677 operations; 1855.71 current ops/sec; [INSERT AverageLatency(us)=35.62] [READ AverageLatency(us)=6079.8] 
2014-07-11 05:16:57:707 60 sec: 81273 operations; 2759.6 current ops/sec; [INSERT AverageLatency(us)=32.52] [READ AverageLatency(us)=5037.33] 
2014-07-11 05:17:07:708 70 sec: 127019 operations; 4574.14 current ops/sec; [INSERT AverageLatency(us)=23.57] [READ AverageLatency(us)=2962.39] 
2014-07-11 05:17:17:708 80 sec: 198145 operations; 7112.6 current ops/sec; [INSERT AverageLatency(us)=20.42] [READ AverageLatency(us)=2066.55] 
2014-07-11 05:17:27:708 90 sec: 333693 operations; 13554.8 current ops/sec; [INSERT AverageLatency(us)=20.61] [READ AverageLatency(us)=1237.8] 
2014-07-11 05:17:37:709 100 sec: 497365 operations; 16365.56 current ops/sec; [INSERT AverageLatency(us)=16.16] [READ AverageLatency(us)=1088.48] 
2014-07-11 05:17:47:709 110 sec: 671196 operations; 17383.1 current ops/sec; [INSERT AverageLatency(us)=16.6] [READ AverageLatency(us)=1088.52] 
2014-07-11 05:17:57:710 120 sec: 864470 operations; 19325.47 current ops/sec; [INSERT AverageLatency(us)=16.2] [READ AverageLatency(us)=1004.78] 
2014-07-11 05:18:07:710 130 sec: 1000740 operations; 13627 current ops/sec; [INSERT AverageLatency(us)=34.13] [READ AverageLatency(us)=1509.89] 
2014-07-11 05:18:17:711 140 sec: 1199291 operations; 19853.11 current ops/sec; [INSERT AverageLatency(us)=12.84] [READ AverageLatency(us)=1023.99] 
2014-07-11 05:18:27:711 150 sec: 1405788 operations; 20649.7 current ops/sec; [INSERT AverageLatency(us)=12.78] [READ AverageLatency(us)=996.13] 
2014-07-11 05:18:37:712 160 sec: 1612627 operations; 20681.83 current ops/sec; [INSERT AverageLatency(us)=12.84] [READ AverageLatency(us)=1002.11] 
2014-07-11 05:18:47:712 170 sec: 1830684 operations; 21805.7 current ops/sec; [INSERT AverageLatency(us)=12.09] [READ AverageLatency(us)=963.61] 
2014-07-11 05:18:57:713 180 sec: 1986990 operations; 15629.04 current ops/sec; [INSERT AverageLatency(us)=19.68] [READ AverageLatency(us)=1370.74] 
2014-07-11 05:19:07:713 190 sec: 2196516 operations; 20952.6 current ops/sec; [INSERT AverageLatency(us)=11.88] [READ AverageLatency(us)=1013.2] 
2014-07-11 05:19:17:714 200 sec: 2404564 operations; 20802.72 current ops/sec; [INSERT AverageLatency(us)=12.09] [READ AverageLatency(us)=1026.06] 
2014-07-11 05:19:27:714 210 sec: 2614770 operations; 21020.6 current ops/sec; [INSERT AverageLatency(us)=11.95] [READ AverageLatency(us)=1017.91] 
2014-07-11 05:19:37:715 220 sec: 2812670 operations; 19788.02 current ops/sec; [INSERT AverageLatency(us)=12.37] [READ AverageLatency(us)=1085.83] 
2014-07-11 05:19:47:715 230 sec: 2988969 operations; 17629.9 current ops/sec; [INSERT AverageLatency(us)=14.39] [READ AverageLatency(us)=1224.34] 
2014-07-11 05:19:57:716 240 sec: 3198721 operations; 20973.1 current ops/sec; [INSERT AverageLatency(us)=11.79] [READ AverageLatency(us)=1026.56] 
2014-07-11 05:20:07:716 250 sec: 3408491 operations; 20977 current ops/sec; [INSERT AverageLatency(us)=12.04] [READ AverageLatency(us)=1027.47] 
2014-07-11 05:20:17:717 260 sec: 3622243 operations; 21373.06 current ops/sec; [INSERT AverageLatency(us)=11.84] [READ AverageLatency(us)=1012.15] 
2014-07-11 05:20:27:717 270 sec: 3795791 operations; 17354.8 current ops/sec; [INSERT AverageLatency(us)=15.04] [READ AverageLatency(us)=1252.82] 
2014-07-11 05:20:37:718 280 sec: 3998616 operations; 20280.47 current ops/sec; [INSERT AverageLatency(us)=11.95] [READ AverageLatency(us)=1068.46] 
2014-07-11 05:20:47:718 290 sec: 4211151 operations; 21253.5 current ops/sec; [INSERT AverageLatency(us)=13.29] [READ AverageLatency(us)=1019.59] 
2014-07-11 05:20:57:719 300 sec: 4425721 operations; 21457 current ops/sec; [INSERT AverageLatency(us)=11.82] [READ AverageLatency(us)=1011.34] 
2014-07-11 05:21:07:719 310 sec: 4640719 operations; 21497.65 current ops/sec; [INSERT AverageLatency(us)=12.2] [READ AverageLatency(us)=1010.52] 
2014-07-11 05:21:17:720 320 sec: 4797787 operations; 15705.23 current ops/sec; [INSERT AverageLatency(us)=16.77] [READ AverageLatency(us)=1392.83] 
2014-07-11 05:21:27:720 330 sec: 5005598 operations; 20781.1 current ops/sec; [INSERT AverageLatency(us)=12.37] [READ AverageLatency(us)=1046.93] 
2014-07-11 05:21:37:721 340 sec: 5219066 operations; 21344.67 current ops/sec; [INSERT AverageLatency(us)=11.69] [READ AverageLatency(us)=1020.72] 
2014-07-11 05:21:47:721 350 sec: 5431926 operations; 21286 current ops/sec; [INSERT AverageLatency(us)=11.76] [READ AverageLatency(us)=1019.86] 
2014-07-11 05:21:57:722 360 sec: 5621858 operations; 18993.2 current ops/sec; [INSERT AverageLatency(us)=14.36] [READ AverageLatency(us)=1152.69] 
2014-07-11 05:22:07:722 370 sec: 5805786 operations; 18390.96 current ops/sec; [INSERT AverageLatency(us)=14.65] [READ AverageLatency(us)=1185.02] 
2014-07-11 05:22:17:722 380 sec: 6019921 operations; 21413.5 current ops/sec; [INSERT AverageLatency(us)=12.32] [READ AverageLatency(us)=1019] 
2014-07-11 05:22:27:723 390 sec: 6233016 operations; 21307.37 current ops/sec; [INSERT AverageLatency(us)=13.01] [READ AverageLatency(us)=1024.16] 
2014-07-11 05:22:37:724 400 sec: 6446748 operations; 21371.06 current ops/sec; [INSERT AverageLatency(us)=11.8] [READ AverageLatency(us)=1020.71] 
2014-07-11 05:22:47:724 410 sec: 6619133 operations; 17238.5 current ops/sec; [INSERT AverageLatency(us)=16.49] [READ AverageLatency(us)=1273.37] 
2014-07-11 05:22:57:725 420 sec: 6819419 operations; 20028.6 current ops/sec; [INSERT AverageLatency(us)=13.7] [READ AverageLatency(us)=1094.67] 
2014-07-11 05:23:07:725 430 sec: 7030695 operations; 21125.49 current ops/sec; [INSERT AverageLatency(us)=11.86] [READ AverageLatency(us)=1037.02] 
2014-07-11 05:23:17:726 440 sec: 7245165 operations; 21447 current ops/sec; [INSERT AverageLatency(us)=12.52] [READ AverageLatency(us)=1021.13] 
2014-07-11 05:23:27:726 450 sec: 7453112 operations; 20792.62 current ops/sec; [INSERT AverageLatency(us)=21.11] [READ AverageLatency(us)=1052.93] 
2014-07-11 05:23:37:726 460 sec: 7611514 operations; 15840.2 current ops/sec; [INSERT AverageLatency(us)=18.71] [READ AverageLatency(us)=1390.53] 
2014-07-11 05:23:47:727 470 sec: 7816799 operations; 20526.45 current ops/sec; [INSERT AverageLatency(us)=11.89] [READ AverageLatency(us)=1069.93] 
2014-07-11 05:23:57:728 480 sec: 8022653 operations; 20585.4 current ops/sec; [INSERT AverageLatency(us)=12.77] [READ AverageLatency(us)=1064.7] 
2014-07-11 05:24:07:728 490 sec: 8225134 operations; 20246.08 current ops/sec; [INSERT AverageLatency(us)=12.32] [READ AverageLatency(us)=1084.24] 
2014-07-11 05:24:17:729 500 sec: 8420431 operations; 19529.7 current ops/sec; [INSERT AverageLatency(us)=13.02] [READ AverageLatency(us)=1124.81] 
2014-07-11 05:24:27:729 510 sec: 8555563 operations; 13511.85 current ops/sec; [INSERT AverageLatency(us)=16.68] [READ AverageLatency(us)=1631.86] 
2014-07-11 05:24:37:729 520 sec: 8716207 operations; 16064.4 current ops/sec; [INSERT AverageLatency(us)=13.51] [READ AverageLatency(us)=1369.66] 
2014-07-11 05:24:47:730 530 sec: 8917658 operations; 20143.09 current ops/sec; [INSERT AverageLatency(us)=12.21] [READ AverageLatency(us)=1090.5] 
2014-07-11 05:24:57:730 540 sec: 9115083 operations; 19742.5 current ops/sec; [INSERT AverageLatency(us)=12.73] [READ AverageLatency(us)=1113.61] 
2014-07-11 05:25:07:731 550 sec: 9317684 operations; 20258.07 current ops/sec; [INSERT AverageLatency(us)=13.17] [READ AverageLatency(us)=1082.95] 
2014-07-11 05:25:17:731 560 sec: 9476368 operations; 15868.4 current ops/sec; [INSERT AverageLatency(us)=15.33] [READ AverageLatency(us)=1388.31] 
2014-07-11 05:25:27:732 570 sec: 9674456 operations; 19806.82 current ops/sec; [INSERT AverageLatency(us)=12.28] [READ AverageLatency(us)=1108.58] 
2014-07-11 05:25:37:733 580 sec: 9879344 operations; 20488.8 current ops/sec; [INSERT AverageLatency(us)=12] [READ AverageLatency(us)=1072.56] 
2014-07-11 05:25:47:733 590 sec: 10082809 operations; 20344.47 current ops/sec; [INSERT AverageLatency(us)=11.9] [READ AverageLatency(us)=1076.53] 
2014-07-11 05:25:57:733 600 sec: 10280004 operations; 19719.5 current ops/sec; [INSERT AverageLatency(us)=12.86] [READ AverageLatency(us)=1112.16] 
2014-07-11 05:26:07:734 610 sec: 10430179 operations; 15016 current ops/sec; [INSERT AverageLatency(us)=15.29] [READ AverageLatency(us)=1476.29] 
2014-07-11 05:26:17:734 620 sec: 10632942 operations; 20276.3 current ops/sec; [INSERT AverageLatency(us)=11.93] [READ AverageLatency(us)=1082.54] 
2014-07-11 05:26:27:735 630 sec: 10835986 operations; 20302.37 current ops/sec; [INSERT AverageLatency(us)=12.1] [READ AverageLatency(us)=1081.95] 
2014-07-11 05:26:37:735 640 sec: 11044764 operations; 20877.8 current ops/sec; [INSERT AverageLatency(us)=11.96] [READ AverageLatency(us)=1051.43] 
2014-07-11 05:26:47:736 650 sec: 11243066 operations; 19828.22 current ops/sec; [INSERT AverageLatency(us)=13.61] [READ AverageLatency(us)=1109.46] 
2014-07-11 05:26:57:736 660 sec: 11404220 operations; 16115.4 current ops/sec; [INSERT AverageLatency(us)=15.66] [READ AverageLatency(us)=1366.81] 
2014-07-11 05:27:07:737 670 sec: 11605409 operations; 20116.89 current ops/sec; [INSERT AverageLatency(us)=12.11] [READ AverageLatency(us)=1092.16] 
2014-07-11 05:27:17:738 680 sec: 11808364 operations; 20293.47 current ops/sec; [INSERT AverageLatency(us)=12.39] [READ AverageLatency(us)=1082.35] 
2014-07-11 05:27:27:738 690 sec: 12014059 operations; 20569.5 current ops/sec; [INSERT AverageLatency(us)=12.05] [READ AverageLatency(us)=1069.83] 
2014-07-11 05:27:37:739 700 sec: 12198174 operations; 18409.66 current ops/sec; [INSERT AverageLatency(us)=13.36] [READ AverageLatency(us)=1192.76] 
2014-07-11 05:27:47:739 710 sec: 12373214 operations; 17504 current ops/sec; [INSERT AverageLatency(us)=14.8] [READ AverageLatency(us)=1260.63] 
2014-07-11 05:27:57:740 720 sec: 12576384 operations; 20314.97 current ops/sec; [INSERT AverageLatency(us)=12.19] [READ AverageLatency(us)=1082.63] 
2014-07-11 05:28:07:740 730 sec: 12782684 operations; 20630 current ops/sec; [INSERT AverageLatency(us)=12.59] [READ AverageLatency(us)=1067.62] 
2014-07-11 05:28:17:741 740 sec: 12989226 operations; 20652.13 current ops/sec; [INSERT AverageLatency(us)=13.35] [READ AverageLatency(us)=1064.65] 
2014-07-11 05:28:27:741 750 sec: 13168349 operations; 17912.3 current ops/sec; [INSERT AverageLatency(us)=15.12] [READ AverageLatency(us)=1221.87] 
2014-07-11 05:28:37:742 760 sec: 13349058 operations; 18070.9 current ops/sec; [INSERT AverageLatency(us)=13.47] [READ AverageLatency(us)=1225.84] 
2014-07-11 05:28:47:742 770 sec: 13554592 operations; 20551.34 current ops/sec; [INSERT AverageLatency(us)=12.36] [READ AverageLatency(us)=1071.87] 
2014-07-11 05:28:57:743 780 sec: 13760687 operations; 20609.5 current ops/sec; [INSERT AverageLatency(us)=11.83] [READ AverageLatency(us)=1067.56] 
2014-07-11 05:29:07:748 790 sec: 13966705 operations; 20589.45 current ops/sec; [INSERT AverageLatency(us)=11.96] [READ AverageLatency(us)=1067.35] 
2014-07-11 05:29:17:749 800 sec: 14135533 operations; 16881.11 current ops/sec; [INSERT AverageLatency(us)=16.86] [READ AverageLatency(us)=1305.03] 
2014-07-11 05:29:27:749 810 sec: 14331557 operations; 19602.4 current ops/sec; [INSERT AverageLatency(us)=12.49] [READ AverageLatency(us)=1121.06] 
2014-07-11 05:29:37:750 820 sec: 14538704 operations; 20712.63 current ops/sec; [INSERT AverageLatency(us)=11.81] [READ AverageLatency(us)=1063.99] 
2014-07-11 05:29:47:751 830 sec: 14747773 operations; 20906.9 current ops/sec; [INSERT AverageLatency(us)=11.83] [READ AverageLatency(us)=1053.28] 
2014-07-11 05:29:57:751 840 sec: 14948350 operations; 20055.69 current ops/sec; [INSERT AverageLatency(us)=12.83] [READ AverageLatency(us)=1094.55] 
2014-07-11 05:30:07:751 850 sec: 15114299 operations; 16594.9 current ops/sec; [INSERT AverageLatency(us)=14.37] [READ AverageLatency(us)=1331.26] 
2014-07-11 05:30:17:752 860 sec: 15312199 operations; 19788.02 current ops/sec; [INSERT AverageLatency(us)=13.05] [READ AverageLatency(us)=1111.12] 
2014-07-11 05:30:27:752 870 sec: 15516910 operations; 20471.1 current ops/sec; [INSERT AverageLatency(us)=12.16] [READ AverageLatency(us)=1074.59] 
2014-07-11 05:30:37:753 880 sec: 15724089 operations; 20715.83 current ops/sec; [INSERT AverageLatency(us)=12.08] [READ AverageLatency(us)=1063.08] 
2014-07-11 05:30:47:753 890 sec: 15918958 operations; 19486.9 current ops/sec; [INSERT AverageLatency(us)=13.26] [READ AverageLatency(us)=1131.04] 
2014-07-11 05:30:57:754 900 sec: 16070123 operations; 15114.99 current ops/sec; [INSERT AverageLatency(us)=16.4] [READ AverageLatency(us)=1458.01] 
2014-07-11 05:31:07:755 910 sec: 16249541 operations; 17940.01 current ops/sec; [INSERT AverageLatency(us)=12.55] [READ AverageLatency(us)=1226.96] 
2014-07-11 05:31:17:755 920 sec: 16451274 operations; 20173.3 current ops/sec; [INSERT AverageLatency(us)=12.05] [READ AverageLatency(us)=1092.09] 
2014-07-11 05:31:27:756 930 sec: 16652715 operations; 20142.09 current ops/sec; [INSERT AverageLatency(us)=12.11] [READ AverageLatency(us)=1093.92] 
2014-07-11 05:31:37:756 940 sec: 16850255 operations; 19754 current ops/sec; [INSERT AverageLatency(us)=12.15] [READ AverageLatency(us)=1114.96] 
2014-07-11 05:31:47:757 950 sec: 17004997 operations; 15472.65 current ops/sec; [INSERT AverageLatency(us)=14.12] [READ AverageLatency(us)=1425.94] 
2014-07-11 05:31:57:757 960 sec: 17190136 operations; 18513.9 current ops/sec; [INSERT AverageLatency(us)=11.96] [READ AverageLatency(us)=1192.11] 
2014-07-11 05:32:07:758 970 sec: 17391076 operations; 20091.99 current ops/sec; [INSERT AverageLatency(us)=12.32] [READ AverageLatency(us)=1095.32] 
2014-07-11 05:32:17:758 980 sec: 17586909 operations; 19583.3 current ops/sec; [INSERT AverageLatency(us)=11.98] [READ AverageLatency(us)=1126.12] 
2014-07-11 05:32:27:759 990 sec: 17774696 operations; 18776.82 current ops/sec; [INSERT AverageLatency(us)=12.15] [READ AverageLatency(us)=1170.29] 
2014-07-11 05:32:37:759 1000 sec: 17919890 operations; 14519.4 current ops/sec; [INSERT AverageLatency(us)=14.41] [READ AverageLatency(us)=1522.62] 
2014-07-11 05:32:47:760 1010 sec: 18109863 operations; 18995.4 current ops/sec; [INSERT AverageLatency(us)=12.99] [READ AverageLatency(us)=1158.88] 
2014-07-11 05:32:57:760 1020 sec: 18308404 operations; 19854.1 current ops/sec; [INSERT AverageLatency(us)=11.73] [READ AverageLatency(us)=1109.47] 
2014-07-11 05:33:07:761 1030 sec: 18511906 operations; 20348.17 current ops/sec; [INSERT AverageLatency(us)=12.59] [READ AverageLatency(us)=1082.05] 
2014-07-11 05:33:17:761 1040 sec: 18708701 operations; 19679.5 current ops/sec; [INSERT AverageLatency(us)=12.94] [READ AverageLatency(us)=1120.98] 
2014-07-11 05:33:27:762 1050 sec: 18877627 operations; 16890.91 current ops/sec; [INSERT AverageLatency(us)=16.58] [READ AverageLatency(us)=1304.33] 
2014-07-11 05:33:37:762 1060 sec: 19074523 operations; 19689.6 current ops/sec; [INSERT AverageLatency(us)=13.44] [READ AverageLatency(us)=1119.39] 
2014-07-11 05:33:47:763 1070 sec: 19280770 operations; 20622.64 current ops/sec; [INSERT AverageLatency(us)=11.81] [READ AverageLatency(us)=1067.48] 
2014-07-11 05:33:57:763 1080 sec: 19487512 operations; 20674.2 current ops/sec; [INSERT AverageLatency(us)=12.15] [READ AverageLatency(us)=1065.36] 
2014-07-11 05:34:07:764 1090 sec: 19683016 operations; 19548.45 current ops/sec; [INSERT AverageLatency(us)=13.06] [READ AverageLatency(us)=1126.71] 
2014-07-11 05:34:17:764 1100 sec: 19848604 operations; 16558.8 current ops/sec; [INSERT AverageLatency(us)=14.58] [READ AverageLatency(us)=1332.38] 
2014-07-11 05:34:27:765 1110 sec: 20052849 operations; 20422.46 current ops/sec; [INSERT AverageLatency(us)=12.83] [READ AverageLatency(us)=1079.19] 
2014-07-11 05:34:37:765 1120 sec: 20261407 operations; 20855.8 current ops/sec; [INSERT AverageLatency(us)=13.02] [READ AverageLatency(us)=1057.32] 
2014-07-11 05:34:47:766 1130 sec: 20470996 operations; 20956.8 current ops/sec; [INSERT AverageLatency(us)=12.1] [READ AverageLatency(us)=1051.84] 
2014-07-11 05:34:57:766 1140 sec: 20657527 operations; 18653.1 current ops/sec; [INSERT AverageLatency(us)=14.03] [READ AverageLatency(us)=1180.48] 
2014-07-11 05:35:07:767 1150 sec: 20825797 operations; 16825.32 current ops/sec; [INSERT AverageLatency(us)=14.22] [READ AverageLatency(us)=1313.03] 
2014-07-11 05:35:17:767 1160 sec: 21031051 operations; 20525.4 current ops/sec; [INSERT AverageLatency(us)=12.39] [READ AverageLatency(us)=1074.3] 
2014-07-11 05:35:27:768 1170 sec: 21238504 operations; 20743.23 current ops/sec; [INSERT AverageLatency(us)=12.44] [READ AverageLatency(us)=1061.95] 
2014-07-11 05:35:37:768 1180 sec: 21443439 operations; 20493.5 current ops/sec; [INSERT AverageLatency(us)=12.46] [READ AverageLatency(us)=1074.77] 
2014-07-11 05:35:47:769 1190 sec: 21617570 operations; 17411.36 current ops/sec; [INSERT AverageLatency(us)=14.07] [READ AverageLatency(us)=1265.37] 
2014-07-11 05:35:57:769 1200 sec: 21801983 operations; 18441.3 current ops/sec; [INSERT AverageLatency(us)=13.64] [READ AverageLatency(us)=1196.89] 
2014-07-11 05:36:07:770 1210 sec: 22009536 operations; 20753.22 current ops/sec; [INSERT AverageLatency(us)=12.82] [READ AverageLatency(us)=1061.73] 
2014-07-11 05:36:17:770 1220 sec: 22215402 operations; 20586.6 current ops/sec; [INSERT AverageLatency(us)=12.27] [READ AverageLatency(us)=1069.71] 
2014-07-11 05:36:27:771 1230 sec: 22416425 operations; 20100.29 current ops/sec; [INSERT AverageLatency(us)=13.86] [READ AverageLatency(us)=1096.14] 
2014-07-11 05:36:37:802 1240 sec: 22590885 operations; 17393.82 current ops/sec; [INSERT AverageLatency(us)=15.44] [READ AverageLatency(us)=1261.25] 
2014-07-11 05:36:47:802 1250 sec: 22786503 operations; 19559.84 current ops/sec; [INSERT AverageLatency(us)=14.55] [READ AverageLatency(us)=1131.43] 
2014-07-11 05:36:57:803 1260 sec: 22994784 operations; 20828.1 current ops/sec; [INSERT AverageLatency(us)=13.04] [READ AverageLatency(us)=1057.58] 
2014-07-11 05:37:07:803 1270 sec: 23203392 operations; 20858.71 current ops/sec; [INSERT AverageLatency(us)=12.66] [READ AverageLatency(us)=1056.3] 
2014-07-11 05:37:17:804 1280 sec: 23405589 operations; 20217.68 current ops/sec; [INSERT AverageLatency(us)=12.85] [READ AverageLatency(us)=1090.95] 
2014-07-11 05:37:27:804 1290 sec: 23566147 operations; 16055.8 current ops/sec; [INSERT AverageLatency(us)=15.61] [READ AverageLatency(us)=1371.05] 
2014-07-11 05:37:37:805 1300 sec: 23745576 operations; 17942.9 current ops/sec; [INSERT AverageLatency(us)=12.15] [READ AverageLatency(us)=1229.91] 
2014-07-11 05:37:47:805 1310 sec: 23932168 operations; 18657.33 current ops/sec; [INSERT AverageLatency(us)=12.35] [READ AverageLatency(us)=1184.68] 
2014-07-11 05:37:57:805 1320 sec: 24124299 operations; 19213.1 current ops/sec; [INSERT AverageLatency(us)=13.06] [READ AverageLatency(us)=1148.86] 
2014-07-11 05:38:07:806 1330 sec: 24291559 operations; 16724.33 current ops/sec; [INSERT AverageLatency(us)=12.76] [READ AverageLatency(us)=1318.43] 
2014-07-11 05:38:17:806 1340 sec: 24457213 operations; 16565.4 current ops/sec; [INSERT AverageLatency(us)=14.11] [READ AverageLatency(us)=1335.13] 
2014-07-11 05:38:27:807 1350 sec: 24597356 operations; 14012.9 current ops/sec; [INSERT AverageLatency(us)=14.2] [READ AverageLatency(us)=1576.97] 
2014-07-11 05:38:37:807 1360 sec: 24619353 operations; 2199.7 current ops/sec; [INSERT AverageLatency(us)=11.91] [READ AverageLatency(us)=1249.84] 
2014-07-11 05:38:47:808 1370 sec: 24619369 operations; 1.6 current ops/sec;  [READ AverageLatency(us)=4985040.44] 
2014-07-11 05:38:57:808 1380 sec: 24635416 operations; 1604.7 current ops/sec; [INSERT AverageLatency(us)=14.59] [READ AverageLatency(us)=34310.09] 
2014-07-11 05:39:07:809 1390 sec: 24752401 operations; 11697.33 current ops/sec; [INSERT AverageLatency(us)=12.12] [READ AverageLatency(us)=1888.8] 
2014-07-11 05:39:17:809 1400 sec: 24886166 operations; 13376.5 current ops/sec; [INSERT AverageLatency(us)=11.65] [READ AverageLatency(us)=1656.03] 
2014-07-11 05:39:27:810 1410 sec: 25054281 operations; 16809.82 current ops/sec; [INSERT AverageLatency(us)=12.13] [READ AverageLatency(us)=1313.33] 
2014-07-11 05:39:37:810 1420 sec: 25194030 operations; 13974.9 current ops/sec; [INSERT AverageLatency(us)=11.85] [READ AverageLatency(us)=1582] 
2014-07-11 05:39:47:811 1430 sec: 25342563 operations; 14851.81 current ops/sec; [INSERT AverageLatency(us)=14.16] [READ AverageLatency(us)=1488.24] 
2014-07-11 05:39:57:811 1440 sec: 25494827 operations; 15226.4 current ops/sec; [INSERT AverageLatency(us)=14.97] [READ AverageLatency(us)=1448.85] 
2014-07-11 05:40:07:812 1450 sec: 25693889 operations; 19904.21 current ops/sec; [INSERT AverageLatency(us)=11.95] [READ AverageLatency(us)=1105.79] 
2014-07-11 05:40:17:812 1460 sec: 25895526 operations; 20163.7 current ops/sec; [INSERT AverageLatency(us)=13.31] [READ AverageLatency(us)=1091.99] 
2014-07-11 05:40:27:813 1470 sec: 26099023 operations; 20347.67 current ops/sec; [INSERT AverageLatency(us)=12.36] [READ AverageLatency(us)=1085.71] 
2014-07-11 05:40:37:813 1480 sec: 26273698 operations; 17467.5 current ops/sec; [INSERT AverageLatency(us)=14.39] [READ AverageLatency(us)=1263.75] 
2014-07-11 05:40:47:814 1490 sec: 26421538 operations; 14782.52 current ops/sec; [INSERT AverageLatency(us)=15.95] [READ AverageLatency(us)=1492.42] 
2014-07-11 05:40:57:814 1500 sec: 26597137 operations; 17559.9 current ops/sec; [INSERT AverageLatency(us)=12.39] [READ AverageLatency(us)=1258.35] 
2014-07-11 05:41:07:815 1510 sec: 26795911 operations; 19875.41 current ops/sec; [INSERT AverageLatency(us)=13.3] [READ AverageLatency(us)=1110.74] 
2014-07-11 05:41:17:815 1520 sec: 26999303 operations; 20339.2 current ops/sec; [INSERT AverageLatency(us)=11.82] [READ AverageLatency(us)=1084.02] 
2014-07-11 05:41:27:816 1530 sec: 27183836 operations; 18451.45 current ops/sec; [INSERT AverageLatency(us)=13.52] [READ AverageLatency(us)=1196.33] 
2014-07-11 05:41:37:816 1540 sec: 27319331 operations; 13549.5 current ops/sec; [INSERT AverageLatency(us)=15.98] [READ AverageLatency(us)=1630.7] 
2014-07-11 05:41:47:817 1550 sec: 27510396 operations; 19104.59 current ops/sec; [INSERT AverageLatency(us)=13.09] [READ AverageLatency(us)=1154.82] 
2014-07-11 05:41:57:817 1560 sec: 27715837 operations; 20544.1 current ops/sec; [INSERT AverageLatency(us)=11.86] [READ AverageLatency(us)=1073.41] 
2014-07-11 05:42:07:818 1570 sec: 27919690 operations; 20383.26 current ops/sec; [INSERT AverageLatency(us)=12.38] [READ AverageLatency(us)=1078.97] 
2014-07-11 05:42:17:818 1580 sec: 28116748 operations; 19705.8 current ops/sec; [INSERT AverageLatency(us)=13.85] [READ AverageLatency(us)=1120.02] 
2014-07-11 05:42:27:819 1590 sec: 28285799 operations; 16903.41 current ops/sec; [INSERT AverageLatency(us)=16.25] [READ AverageLatency(us)=1304.94] 
2014-07-11 05:42:37:819 1600 sec: 28487661 operations; 20186.2 current ops/sec; [INSERT AverageLatency(us)=12.54] [READ AverageLatency(us)=1091.83] 
2014-07-11 05:42:47:820 1610 sec: 28693810 operations; 20612.84 current ops/sec; [INSERT AverageLatency(us)=12.42] [READ AverageLatency(us)=1069.69] 
2014-07-11 05:42:57:820 1620 sec: 28900903 operations; 20709.3 current ops/sec; [INSERT AverageLatency(us)=11.91] [READ AverageLatency(us)=1066.38] 
2014-07-11 05:43:07:821 1630 sec: 29091885 operations; 19096.29 current ops/sec; [INSERT AverageLatency(us)=13.86] [READ AverageLatency(us)=1150.72] 
2014-07-11 05:43:17:821 1640 sec: 29250035 operations; 15815 current ops/sec; [INSERT AverageLatency(us)=14.66] [READ AverageLatency(us)=1402.4] 
2014-07-11 05:43:27:822 1650 sec: 29455957 operations; 20590.14 current ops/sec; [INSERT AverageLatency(us)=13.22] [READ AverageLatency(us)=1070.69] 
2014-07-11 05:43:37:822 1660 sec: 29653610 operations; 19765.3 current ops/sec; [INSERT AverageLatency(us)=13.83] [READ AverageLatency(us)=1115.59] 
2014-07-11 05:43:47:823 1670 sec: 29858769 operations; 20513.85 current ops/sec; [INSERT AverageLatency(us)=13.18] [READ AverageLatency(us)=1074.55] 
2014-07-11 05:43:57:823 1680 sec: 30029797 operations; 17102.8 current ops/sec; [INSERT AverageLatency(us)=13.96] [READ AverageLatency(us)=1285.31] 
2014-07-11 05:44:07:824 1690 sec: 30192148 operations; 16233.48 current ops/sec; [INSERT AverageLatency(us)=15.96] [READ AverageLatency(us)=1366.8] 
2014-07-11 05:44:17:824 1700 sec: 30389039 operations; 19689.1 current ops/sec; [INSERT AverageLatency(us)=15.39] [READ AverageLatency(us)=1120.02] 
2014-07-11 05:44:27:825 1710 sec: 30589406 operations; 20034.7 current ops/sec; [INSERT AverageLatency(us)=11.74] [READ AverageLatency(us)=1102.15] 
2014-07-11 05:44:37:825 1720 sec: 30790763 operations; 20135.7 current ops/sec; [INSERT AverageLatency(us)=12.31] [READ AverageLatency(us)=1095.75] 
2014-07-11 05:44:47:826 1730 sec: 30962535 operations; 17175.48 current ops/sec; [INSERT AverageLatency(us)=13.39] [READ AverageLatency(us)=1286.08] 
2014-07-11 05:44:57:834 1740 sec: 31117181 operations; 15452.24 current ops/sec; [INSERT AverageLatency(us)=14.02] [READ AverageLatency(us)=1430.12] 
2014-07-11 05:45:07:835 1750 sec: 31308358 operations; 19117.7 current ops/sec; [INSERT AverageLatency(us)=11.98] [READ AverageLatency(us)=1156.51] 
2014-07-11 05:45:17:835 1760 sec: 31502535 operations; 19415.76 current ops/sec; [INSERT AverageLatency(us)=11.66] [READ AverageLatency(us)=1136.09] 
2014-07-11 05:45:27:835 1770 sec: 31696881 operations; 19434.6 current ops/sec; [INSERT AverageLatency(us)=12.29] [READ AverageLatency(us)=1136.46] 
2014-07-11 05:45:37:836 1780 sec: 31854332 operations; 15743.53 current ops/sec; [INSERT AverageLatency(us)=15.88] [READ AverageLatency(us)=1402.04] 
2014-07-11 05:45:47:836 1790 sec: 31996216 operations; 14188.4 current ops/sec; [INSERT AverageLatency(us)=14.35] [READ AverageLatency(us)=1560.38] 
2014-07-11 05:45:57:837 1800 sec: 32142479 operations; 14624.84 current ops/sec; [INSERT AverageLatency(us)=13.4] [READ AverageLatency(us)=1509.13] 
2014-07-11 05:46:07:837 1810 sec: 32305913 operations; 16343.4 current ops/sec; [INSERT AverageLatency(us)=12.06] [READ AverageLatency(us)=1353.29] 
2014-07-11 05:46:17:838 1820 sec: 32491232 operations; 18530.05 current ops/sec; [INSERT AverageLatency(us)=11.67] [READ AverageLatency(us)=1192.05] 
2014-07-11 05:46:27:838 1830 sec: 32674732 operations; 18350 current ops/sec; [INSERT AverageLatency(us)=12.41] [READ AverageLatency(us)=1203.22] 
2014-07-11 05:46:37:839 1840 sec: 32823464 operations; 14871.71 current ops/sec; [INSERT AverageLatency(us)=14.35] [READ AverageLatency(us)=1489.01] 
2014-07-11 05:46:47:839 1850 sec: 32955043 operations; 13157.9 current ops/sec; [INSERT AverageLatency(us)=13.88] [READ AverageLatency(us)=1671.53] 
2014-07-11 05:46:57:840 1860 sec: 33097523 operations; 14246.58 current ops/sec; [INSERT AverageLatency(us)=12.96] [READ AverageLatency(us)=1559.28] 
2014-07-11 05:47:07:840 1870 sec: 33285435 operations; 18791.2 current ops/sec; [INSERT AverageLatency(us)=11.85] [READ AverageLatency(us)=1175.57] 
2014-07-11 05:47:17:841 1880 sec: 33478825 operations; 19337.07 current ops/sec; [INSERT AverageLatency(us)=12.81] [READ AverageLatency(us)=1141.71] 
2014-07-11 05:47:27:841 1890 sec: 33670981 operations; 19215.6 current ops/sec; [INSERT AverageLatency(us)=11.99] [READ AverageLatency(us)=1148.64] 
2014-07-11 05:47:37:842 1900 sec: 33827666 operations; 15666.93 current ops/sec; [INSERT AverageLatency(us)=13.56] [READ AverageLatency(us)=1409.67] 
2014-07-11 05:47:47:842 1910 sec: 33987310 operations; 15964.4 current ops/sec; [INSERT AverageLatency(us)=14.06] [READ AverageLatency(us)=1383.89] 
2014-07-11 05:47:57:843 1920 sec: 34179432 operations; 19210.28 current ops/sec; [INSERT AverageLatency(us)=11.78] [READ AverageLatency(us)=1149.34] 
2014-07-11 05:48:07:843 1930 sec: 34372999 operations; 19356.7 current ops/sec; [INSERT AverageLatency(us)=12.41] [READ AverageLatency(us)=1140.61] 
2014-07-11 05:48:17:844 1940 sec: 34561887 operations; 18886.91 current ops/sec; [INSERT AverageLatency(us)=12.37] [READ AverageLatency(us)=1168.15] 
2014-07-11 05:48:27:844 1950 sec: 34730842 operations; 16895.5 current ops/sec; [INSERT AverageLatency(us)=13.68] [READ AverageLatency(us)=1308.35] 
2014-07-11 05:48:37:845 1960 sec: 34885129 operations; 15427.16 current ops/sec; [INSERT AverageLatency(us)=15.7] [READ AverageLatency(us)=1433.82] 
2014-07-11 05:48:47:845 1970 sec: 35069832 operations; 18470.3 current ops/sec; [INSERT AverageLatency(us)=13.19] [READ AverageLatency(us)=1195.24] 
2014-07-11 05:48:57:846 1980 sec: 35261206 operations; 19135.49 current ops/sec; [INSERT AverageLatency(us)=12.78] [READ AverageLatency(us)=1153.05] 
2014-07-11 05:49:07:847 1990 sec: 35455506 operations; 19428.06 current ops/sec; [INSERT AverageLatency(us)=11.65] [READ AverageLatency(us)=1135.9] 
2014-07-11 05:49:17:847 2000 sec: 35627041 operations; 17153.5 current ops/sec; [INSERT AverageLatency(us)=12.4] [READ AverageLatency(us)=1285.49] 
2014-07-11 05:49:27:848 2010 sec: 35787046 operations; 15998.9 current ops/sec; [INSERT AverageLatency(us)=13.79] [READ AverageLatency(us)=1381.45] 
2014-07-11 05:49:37:848 2020 sec: 35951919 operations; 16487.3 current ops/sec; [INSERT AverageLatency(us)=19.47] [READ AverageLatency(us)=1338.43] 
2014-07-11 05:49:47:849 2030 sec: 36117050 operations; 16511.45 current ops/sec; [INSERT AverageLatency(us)=12.6] [READ AverageLatency(us)=1340] 
2014-07-11 05:49:57:849 2040 sec: 36307940 operations; 19089 current ops/sec; [INSERT AverageLatency(us)=12.58] [READ AverageLatency(us)=1155.72] 
2014-07-11 05:50:07:850 2050 sec: 36503196 operations; 19523.65 current ops/sec; [INSERT AverageLatency(us)=12.18] [READ AverageLatency(us)=1130.01] 
2014-07-11 05:50:17:850 2060 sec: 36671417 operations; 16822.1 current ops/sec; [INSERT AverageLatency(us)=15.14] [READ AverageLatency(us)=1311.67] 
2014-07-11 05:50:27:851 2070 sec: 36848414 operations; 17697.93 current ops/sec; [INSERT AverageLatency(us)=13.91] [READ AverageLatency(us)=1248.19] 
2014-07-11 05:50:37:851 2080 sec: 37046931 operations; 19851.7 current ops/sec; [INSERT AverageLatency(us)=12.13] [READ AverageLatency(us)=1113] 
2014-07-11 05:50:47:852 2090 sec: 37245037 operations; 19808.62 current ops/sec; [INSERT AverageLatency(us)=11.98] [READ AverageLatency(us)=1114.14] 
2014-07-11 05:50:57:852 2100 sec: 37440683 operations; 19564.6 current ops/sec; [INSERT AverageLatency(us)=11.72] [READ AverageLatency(us)=1128.02] 
2014-07-11 05:51:07:853 2110 sec: 37613524 operations; 17282.37 current ops/sec; [INSERT AverageLatency(us)=13.26] [READ AverageLatency(us)=1271.44] 
2014-07-11 05:51:17:853 2120 sec: 37789659 operations; 17613.5 current ops/sec; [INSERT AverageLatency(us)=13.04] [READ AverageLatency(us)=1262.23] 
2014-07-11 05:51:27:854 2130 sec: 37989580 operations; 19992.1 current ops/sec; [INSERT AverageLatency(us)=12.1] [READ AverageLatency(us)=1104.49] 
2014-07-11 05:51:37:854 2140 sec: 38190196 operations; 20059.59 current ops/sec; [INSERT AverageLatency(us)=12.48] [READ AverageLatency(us)=1098.23] 
2014-07-11 05:51:47:854 2150 sec: 38389891 operations; 19969.5 current ops/sec; [INSERT AverageLatency(us)=12] [READ AverageLatency(us)=1105.24] 
2014-07-11 05:51:57:855 2160 sec: 38560166 operations; 17025.8 current ops/sec; [INSERT AverageLatency(us)=14.47] [READ AverageLatency(us)=1296.35] 
2014-07-11 05:52:07:856 2170 sec: 38743431 operations; 18326.5 current ops/sec; [INSERT AverageLatency(us)=13.99] [READ AverageLatency(us)=1203.62] 
2014-07-11 05:52:17:856 2180 sec: 38940692 operations; 19724.13 current ops/sec; [INSERT AverageLatency(us)=12.38] [READ AverageLatency(us)=1118.01] 
2014-07-11 05:52:27:856 2190 sec: 39139289 operations; 19859.7 current ops/sec; [INSERT AverageLatency(us)=11.95] [READ AverageLatency(us)=1110.39] 
2014-07-11 05:52:37:857 2200 sec: 39338928 operations; 19961.9 current ops/sec; [INSERT AverageLatency(us)=12.32] [READ AverageLatency(us)=1106.65] 
2014-07-11 05:52:47:857 2210 sec: 39497291 operations; 15836.3 current ops/sec; [INSERT AverageLatency(us)=15.36] [READ AverageLatency(us)=1391.28] 
2014-07-11 05:52:57:858 2220 sec: 39652300 operations; 15499.35 current ops/sec; [INSERT AverageLatency(us)=13.76] [READ AverageLatency(us)=1430.68] 
2014-07-11 05:53:07:858 2230 sec: 39816697 operations; 16439.7 current ops/sec; [INSERT AverageLatency(us)=12.97] [READ AverageLatency(us)=1344.53] 
2014-07-11 05:53:17:859 2240 sec: 40002342 operations; 18562.64 current ops/sec; [INSERT AverageLatency(us)=12.6] [READ AverageLatency(us)=1189.73] 
2014-07-11 05:53:27:859 2250 sec: 40194925 operations; 19258.3 current ops/sec; [INSERT AverageLatency(us)=12.6] [READ AverageLatency(us)=1145.73] 
2014-07-11 05:53:37:860 2260 sec: 40358539 operations; 16359.76 current ops/sec; [INSERT AverageLatency(us)=14.09] [READ AverageLatency(us)=1350.92] 
2014-07-11 05:53:47:860 2270 sec: 40521677 operations; 16313.8 current ops/sec; [INSERT AverageLatency(us)=14.02] [READ AverageLatency(us)=1353.41] 
2014-07-11 05:53:57:861 2280 sec: 40712264 operations; 19056.79 current ops/sec; [INSERT AverageLatency(us)=12.81] [READ AverageLatency(us)=1158.65] 
2014-07-11 05:54:07:861 2290 sec: 40910808 operations; 19854.4 current ops/sec; [INSERT AverageLatency(us)=12.5] [READ AverageLatency(us)=1109.42] 
2014-07-11 05:54:17:862 2300 sec: 41111222 operations; 20039.4 current ops/sec; [INSERT AverageLatency(us)=12.4] [READ AverageLatency(us)=1105.19] 
2014-07-11 05:54:27:862 2310 sec: 41293574 operations; 18235.2 current ops/sec; [INSERT AverageLatency(us)=14.27] [READ AverageLatency(us)=1211.37] 
2014-07-11 05:54:37:863 2320 sec: 41463577 operations; 16998.6 current ops/sec; [INSERT AverageLatency(us)=15.96] [READ AverageLatency(us)=1296.85] 
2014-07-11 05:54:47:863 2330 sec: 41660326 operations; 19674.9 current ops/sec; [INSERT AverageLatency(us)=12.34] [READ AverageLatency(us)=1127.88] 
2014-07-11 05:54:57:864 2340 sec: 41860051 operations; 19970.5 current ops/sec; [INSERT AverageLatency(us)=12.61] [READ AverageLatency(us)=1104.19] 
2014-07-11 05:55:07:864 2350 sec: 42051165 operations; 19111.4 current ops/sec; [INSERT AverageLatency(us)=12.44] [READ AverageLatency(us)=1157.5] 
2014-07-11 05:55:17:865 2360 sec: 42220790 operations; 16960.8 current ops/sec; [INSERT AverageLatency(us)=13.74] [READ AverageLatency(us)=1303.84] 
2014-07-11 05:55:27:865 2370 sec: 42390045 operations; 16925.5 current ops/sec; [INSERT AverageLatency(us)=15.25] [READ AverageLatency(us)=1304.96] 
2014-07-11 05:55:37:866 2380 sec: 42588189 operations; 19812.42 current ops/sec; [INSERT AverageLatency(us)=13.04] [READ AverageLatency(us)=1114.03] 
2014-07-11 05:55:47:866 2390 sec: 42794277 operations; 20608.8 current ops/sec; [INSERT AverageLatency(us)=12.64] [READ AverageLatency(us)=1070.94] 
2014-07-11 05:55:57:867 2400 sec: 42993676 operations; 19937.91 current ops/sec; [INSERT AverageLatency(us)=12.56] [READ AverageLatency(us)=1109.82] 
2014-07-11 05:56:07:867 2410 sec: 43176909 operations; 18323.3 current ops/sec; [INSERT AverageLatency(us)=13.29] [READ AverageLatency(us)=1206.46] 
2014-07-11 05:56:17:868 2420 sec: 43350600 operations; 17367.36 current ops/sec; [INSERT AverageLatency(us)=14.9] [READ AverageLatency(us)=1271.52] 
2014-07-11 05:56:27:868 2430 sec: 43550173 operations; 19957.3 current ops/sec; [INSERT AverageLatency(us)=12.7] [READ AverageLatency(us)=1104.85] 
2014-07-11 05:56:37:869 2440 sec: 43751425 operations; 20125.2 current ops/sec; [INSERT AverageLatency(us)=12.53] [READ AverageLatency(us)=1097.76] 
2014-07-11 05:56:47:869 2450 sec: 43948898 operations; 19745.33 current ops/sec; [INSERT AverageLatency(us)=12.38] [READ AverageLatency(us)=1117.66] 
2014-07-11 05:56:57:869 2460 sec: 44129507 operations; 18060.9 current ops/sec; [INSERT AverageLatency(us)=16.1] [READ AverageLatency(us)=1223.47] 
2014-07-11 05:57:07:870 2470 sec: 44305381 operations; 17585.64 current ops/sec; [INSERT AverageLatency(us)=14.96] [READ AverageLatency(us)=1253.68] 
2014-07-11 05:57:17:870 2480 sec: 44501538 operations; 19615.7 current ops/sec; [INSERT AverageLatency(us)=11.91] [READ AverageLatency(us)=1127.76] 
2014-07-11 05:57:27:871 2490 sec: 44702946 operations; 20138.79 current ops/sec; [INSERT AverageLatency(us)=11.83] [READ AverageLatency(us)=1096.92] 
2014-07-11 05:57:37:871 2500 sec: 44897240 operations; 19429.4 current ops/sec; [INSERT AverageLatency(us)=13.85] [READ AverageLatency(us)=1135.92] 
2014-07-11 05:57:47:872 2510 sec: 45077587 operations; 18032.9 current ops/sec; [INSERT AverageLatency(us)=14.07] [READ AverageLatency(us)=1225.04] 
2014-07-11 05:57:57:872 2520 sec: 45253484 operations; 17589.7 current ops/sec; [INSERT AverageLatency(us)=13.79] [READ AverageLatency(us)=1256.72] 
2014-07-11 05:58:07:873 2530 sec: 45449117 operations; 19561.34 current ops/sec; [INSERT AverageLatency(us)=11.83] [READ AverageLatency(us)=1128.77] 
2014-07-11 05:58:17:873 2540 sec: 45646628 operations; 19751.1 current ops/sec; [INSERT AverageLatency(us)=11.91] [READ AverageLatency(us)=1117.3] 
2014-07-11 05:58:27:874 2550 sec: 45843934 operations; 19728.63 current ops/sec; [INSERT AverageLatency(us)=12.08] [READ AverageLatency(us)=1120.1] 
2014-07-11 05:58:37:877 2560 sec: 46019451 operations; 17546.44 current ops/sec; [INSERT AverageLatency(us)=13.79] [READ AverageLatency(us)=1257.62] 
2014-07-11 05:58:47:878 2570 sec: 46191901 operations; 17243.28 current ops/sec; [INSERT AverageLatency(us)=14.45] [READ AverageLatency(us)=1281.73] 
2014-07-11 05:58:57:878 2580 sec: 46390500 operations; 19859.9 current ops/sec; [INSERT AverageLatency(us)=11.85] [READ AverageLatency(us)=1112.25] 
2014-07-11 05:59:07:879 2590 sec: 46590308 operations; 19978.8 current ops/sec; [INSERT AverageLatency(us)=12.09] [READ AverageLatency(us)=1105.1] 
2014-07-11 05:59:17:879 2600 sec: 46781333 operations; 19102.5 current ops/sec; [INSERT AverageLatency(us)=12.04] [READ AverageLatency(us)=1156.12] 
2014-07-11 05:59:27:880 2610 sec: 46947399 operations; 16604.94 current ops/sec; [INSERT AverageLatency(us)=14.69] [READ AverageLatency(us)=1325.63] 
2014-07-11 05:59:37:880 2620 sec: 47105735 operations; 15833.6 current ops/sec; [INSERT AverageLatency(us)=13.97] [READ AverageLatency(us)=1397.97] 
2014-07-11 05:59:47:881 2630 sec: 47276130 operations; 17037.8 current ops/sec; [INSERT AverageLatency(us)=12.09] [READ AverageLatency(us)=1298.54] 
2014-07-11 05:59:57:881 2640 sec: 47453690 operations; 17756 current ops/sec; [INSERT AverageLatency(us)=12.15] [READ AverageLatency(us)=1245.12] 
2014-07-11 06:00:07:882 2650 sec: 47615648 operations; 16194.18 current ops/sec; [INSERT AverageLatency(us)=12.78] [READ AverageLatency(us)=1365.25] 
2014-07-11 06:00:17:882 2660 sec: 47774986 operations; 15933.8 current ops/sec; [INSERT AverageLatency(us)=13.3] [READ AverageLatency(us)=1389.45] 
2014-07-11 06:00:27:883 2670 sec: 47890338 operations; 11535.2 current ops/sec; [INSERT AverageLatency(us)=13.58] [READ AverageLatency(us)=1918.49] 
2014-07-11 06:00:37:883 2680 sec: 47987786 operations; 9743.83 current ops/sec; [INSERT AverageLatency(us)=14.68] [READ AverageLatency(us)=2236.66] 
2014-07-11 06:00:47:884 2690 sec: 48078145 operations; 9035.9 current ops/sec; [INSERT AverageLatency(us)=13.72] [READ AverageLatency(us)=2477.39] 
2014-07-11 06:00:57:884 2700 sec: 48195580 operations; 11742.33 current ops/sec; [INSERT AverageLatency(us)=12.63] [READ AverageLatency(us)=1896.8] 
2014-07-11 06:01:07:884 2710 sec: 48324737 operations; 12915.7 current ops/sec; [INSERT AverageLatency(us)=12.47] [READ AverageLatency(us)=1715.55] 
2014-07-11 06:01:17:885 2720 sec: 48471767 operations; 14701.53 current ops/sec; [INSERT AverageLatency(us)=12.48] [READ AverageLatency(us)=1503.43] 
2014-07-11 06:01:27:885 2730 sec: 48599042 operations; 12727.5 current ops/sec; [INSERT AverageLatency(us)=12.63] [READ AverageLatency(us)=1737.92] 
2014-07-11 06:01:37:892 2740 sec: 48727535 operations; 12840.31 current ops/sec; [INSERT AverageLatency(us)=13.34] [READ AverageLatency(us)=1723.6] 
2014-07-11 06:01:47:893 2750 sec: 48863123 operations; 13557.44 current ops/sec; [INSERT AverageLatency(us)=16.31] [READ AverageLatency(us)=1630.58] 
2014-07-11 06:01:57:893 2760 sec: 49000088 operations; 13696.5 current ops/sec; [INSERT AverageLatency(us)=14.12] [READ AverageLatency(us)=1615.9] 
2014-07-11 06:02:07:894 2770 sec: 49142650 operations; 14254.77 current ops/sec; [INSERT AverageLatency(us)=14.29] [READ AverageLatency(us)=1549.94] 
2014-07-11 06:02:17:894 2780 sec: 49277609 operations; 13495.9 current ops/sec; [INSERT AverageLatency(us)=13.23] [READ AverageLatency(us)=1641.67] 
2014-07-11 06:02:27:895 2790 sec: 49436469 operations; 15884.41 current ops/sec; [INSERT AverageLatency(us)=12.67] [READ AverageLatency(us)=1394.33] 
2014-07-11 06:02:37:895 2800 sec: 49602693 operations; 16622.4 current ops/sec; [INSERT AverageLatency(us)=14.06] [READ AverageLatency(us)=1327.54] 
2014-07-11 06:02:47:896 2810 sec: 49661192 operations; 5849.9 current ops/sec; [INSERT AverageLatency(us)=13.95] [READ AverageLatency(us)=3793.2] 
2014-07-11 06:02:57:896 2820 sec: 49792257 operations; 13105.19 current ops/sec; [INSERT AverageLatency(us)=14.19] [READ AverageLatency(us)=1684.47] 
2014-07-11 06:03:07:897 2830 sec: 49902558 operations; 11030.1 current ops/sec; [INSERT AverageLatency(us)=13.36] [READ AverageLatency(us)=2011.55] 
2014-07-11 06:03:17:897 2840 sec: 49972518 operations; 6995.3 current ops/sec; [UPDATE AverageLatency(us)=134497] [INSERT AverageLatency(us)=14.97] [READ AverageLatency(us)=3081.54] [CLEANUP AverageLatency(us)=135279.33] 
2014-07-11 06:03:26:074 2848 sec: 50000000 operations; 3360.89 current ops/sec; [UPDATE AverageLatency(us)=77119.76] [INSERT AverageLatency(us)=12.68] [READ AverageLatency(us)=2136.19] [CLEANUP AverageLatency(us)=77126.41] 
+ echo 'end time:'
end time:
++ date +%s
+ echo 1405083806
1405083806
+ echo 'sleeping for 10 sec ...'
sleeping for 10 sec ...
+ sleep 10
+ false
+ false
+ false
+ false
+ let counter=1+1
+ read line
+ set +x
