++ ls caseresult/ -ltr
++ wc -l
+ filename=case52
+ mkdir caseresult/case52
+ RESULT_DIR=/home/hadoop/git/physical_design/caseresult/case52
+ TEN=10
+ SIXTY=60
+ SLEEP_TIME=300
+ YCSB_DIR=/home/hadoop/ycsb-0.1.4
+ number_of_operations=10000000
+ number_of_threads=20
+ number_of_records=50000000
+ output_file_suffix=.dat
+ experiment_list_file=/home/hadoop/git/physical_design/case52.list
+ clean=false
+ create=false
+ load=false
+ random_read=false
+ workloada=false
+ workloadb=false
+ workloadc=false
+ scan=false
+ all=false
+ for i in '$@'
+ '[' clean == all ']'
+ '[' clean == clean ']'
+ clean=true
+ for i in '$@'
+ '[' create == all ']'
+ '[' create == clean ']'
+ '[' create == create ']'
+ create=true
+ for i in '$@'
+ '[' workloadc == all ']'
+ '[' workloadc == clean ']'
+ '[' workloadc == create ']'
+ '[' workloadc == load ']'
+ '[' workloadc == random_read ']'
+ '[' workloadc == scan ']'
+ '[' workloadc == workloada ']'
+ '[' workloadc == workloadb ']'
+ '[' workloadc == workloadc ']'
+ workloadc=true
+ let counter=1
+ cd /home/hadoop/ycsb-0.1.4
++ pwd
+ echo /home/hadoop/ycsb-0.1.4
/home/hadoop/ycsb-0.1.4
+ read line
+ false
+ true
+ echo 'sleeping for 60 ...'
sleeping for 60 ...
+ sleep 60
+ echo 'droping usertable...'
droping usertable...
+ hbase shell /home/hadoop/git/physical_design/delete_table
SLF4J: Class path contains multiple SLF4J bindings.
SLF4J: Found binding in [jar:file:/home/hadoop/hbase-0.98.3-hadoop1/lib/slf4j-log4j12-1.6.4.jar!/org/slf4j/impl/StaticLoggerBinder.class]
SLF4J: Found binding in [jar:file:/home/hadoop/hadoop-1.2.1/lib/slf4j-log4j12-1.4.3.jar!/org/slf4j/impl/StaticLoggerBinder.class]
SLF4J: See http://www.slf4j.org/codes.html#multiple_bindings for an explanation.
0 row(s) in 2.7620 seconds

0 row(s) in 1.3330 seconds

0 row(s) in 0.0560 seconds

+ echo 'sleeping for 300 ...'
sleeping for 300 ...
+ sleep 300
+ false
+ true
+ echo 'creating usertable...'
creating usertable...
+ create_statement='create '\''usertable'\'', { NAME=>'\''family'\'', COMPRESSION=>'\''GZ'\''}, SPLITS => ['\''user1'\'', '\''user2'\'', '\''user3'\'', '\''user4'\'', '\''user5'\'', '\''user6'\'', '\''user7'\'', '\''user8'\'', '\''user9'\'']'
+ echo create ''\''usertable'\'',' '{' 'NAME=>'\''family'\'',' 'COMPRESSION=>'\''GZ'\''},' SPLITS '=>' '['\''user1'\'',' ''\''user2'\'',' ''\''user3'\'',' ''\''user4'\'',' ''\''user5'\'',' ''\''user6'\'',' ''\''user7'\'',' ''\''user8'\'',' ''\''user9'\'']'
+ echo 'exit '
+ create_table /home/hadoop/git/physical_design/caseresult/case52/create_1.script
+ echo 'creating table...'
creating table...
+ echo /home/hadoop/git/physical_design/caseresult/case52/create_1.script
/home/hadoop/git/physical_design/caseresult/case52/create_1.script
+ hbase shell /home/hadoop/git/physical_design/caseresult/case52/create_1.script
SLF4J: Class path contains multiple SLF4J bindings.
SLF4J: Found binding in [jar:file:/home/hadoop/hbase-0.98.3-hadoop1/lib/slf4j-log4j12-1.6.4.jar!/org/slf4j/impl/StaticLoggerBinder.class]
SLF4J: Found binding in [jar:file:/home/hadoop/hadoop-1.2.1/lib/slf4j-log4j12-1.4.3.jar!/org/slf4j/impl/StaticLoggerBinder.class]
SLF4J: See http://www.slf4j.org/codes.html#multiple_bindings for an explanation.
0 row(s) in 1.6530 seconds

+ echo 'sleeping for 10 sec ...'
sleeping for 10 sec ...
+ sleep 10
+ false
+ false
+ false
+ false
+ false
+ false
+ false
+ false
+ false
+ true
+ echo workloadc...
workloadc...
+ echo 'start time: '
start time: 
++ date +%s
+ echo 1404999922
1404999922
++ echo /home/hadoop/git/physical_design/caseresult/case52/workloadc_1.dat
+ ./workloadc 10000000 20 /home/hadoop/git/physical_design/caseresult/case52/workloadc_1.dat
Loading workload...
Starting test.
2014-07-10 06:45:23:181 0 sec: 0 operations; 
14/07/10 06:45:23 INFO zookeeper.ZooKeeper: Client environment:zookeeper.version=3.4.6-1569965, built on 02/20/2014 09:09 GMT
14/07/10 06:45:23 INFO zookeeper.ZooKeeper: Client environment:host.name=sceplus-vm48.almaden.ibm.com
14/07/10 06:45:23 INFO zookeeper.ZooKeeper: Client environment:java.version=1.6.0_31
14/07/10 06:45:23 INFO zookeeper.ZooKeeper: Client environment:java.vendor=Sun Microsystems Inc.
14/07/10 06:45:23 INFO zookeeper.ZooKeeper: Client environment:java.home=/usr/lib/jvm/java-6-openjdk-amd64/jre
14/07/10 06:45:23 INFO zookeeper.ZooKeeper: Client environment:java.class.path=/home/hadoop/ycsb-0.1.4/hbase-binding/lib/hbase-binding-0.1.4.jar:/home/hadoop/ycsb-0.1.4/hbase-binding/conf:/home/hadoop/ycsb-0.1.4/jdbc-binding/conf:/home/hadoop/ycsb-0.1.4/core/lib/core-0.1.4.jar
14/07/10 06:45:23 INFO zookeeper.ZooKeeper: Client environment:java.library.path=/usr/lib/jvm/java-6-openjdk-amd64/jre/lib/amd64/server:/usr/lib/jvm/java-6-openjdk-amd64/jre/lib/amd64:/usr/lib/jvm/java-6-openjdk-amd64/jre/../lib/amd64:/usr/java/packages/lib/amd64:/usr/lib/jni:/lib:/usr/lib
14/07/10 06:45:23 INFO zookeeper.ZooKeeper: Client environment:java.io.tmpdir=/tmp
14/07/10 06:45:23 INFO zookeeper.ZooKeeper: Client environment:java.compiler=<NA>
14/07/10 06:45:23 INFO zookeeper.ZooKeeper: Client environment:os.name=Linux
14/07/10 06:45:23 INFO zookeeper.ZooKeeper: Client environment:os.arch=amd64
14/07/10 06:45:23 INFO zookeeper.ZooKeeper: Client environment:os.version=3.13.0-24-generic
14/07/10 06:45:23 INFO zookeeper.ZooKeeper: Client environment:user.name=hadoop
14/07/10 06:45:23 INFO zookeeper.ZooKeeper: Client environment:user.home=/home/hadoop
14/07/10 06:45:23 INFO zookeeper.ZooKeeper: Client environment:user.dir=/home/hadoop/ycsb-0.1.4
14/07/10 06:45:23 INFO zookeeper.ZooKeeper: Initiating client connection, connectString=sceplus-vm49.almaden.ibm.com:2181,sceplus-vm48.almaden.ibm.com:2181 sessionTimeout=90000 watcher=hconnection-0x578ef2b6, quorum=sceplus-vm49.almaden.ibm.com:2181,sceplus-vm48.almaden.ibm.com:2181, baseZNode=/hbase
14/07/10 06:45:23 INFO zookeeper.RecoverableZooKeeper: Process identifier=hconnection-0x578ef2b6 connecting to ZooKeeper ensemble=sceplus-vm49.almaden.ibm.com:2181,sceplus-vm48.almaden.ibm.com:2181
14/07/10 06:45:23 INFO zookeeper.ClientCnxn: Opening socket connection to server slave1/9.1.143.59:2181. Will not attempt to authenticate using SASL (unknown error)
14/07/10 06:45:23 INFO zookeeper.ClientCnxn: Socket connection established to slave1/9.1.143.59:2181, initiating session
14/07/10 06:45:23 INFO zookeeper.ClientCnxn: Session establishment complete on server slave1/9.1.143.59:2181, sessionid = 0x147207f8a020009, negotiated timeout = 90000
2014-07-10 06:45:33:183 10 sec: 103200 operations; 10316.9 current ops/sec; [INSERT AverageLatency(us)=237.38] [READ AverageLatency(us)=4501.92] 
2014-07-10 06:45:43:185 20 sec: 311886 operations; 20864.43 current ops/sec; [INSERT AverageLatency(us)=36.9] [READ AverageLatency(us)=9012.93] 
2014-07-10 06:45:53:186 30 sec: 646935 operations; 33501.55 current ops/sec; [INSERT AverageLatency(us)=13.27] [READ AverageLatency(us)=5874.45] 
2014-07-10 06:46:03:188 40 sec: 1023572 operations; 37656.17 current ops/sec; [INSERT AverageLatency(us)=10.76] [READ AverageLatency(us)=5188.89] 
2014-07-10 06:46:13:216 50 sec: 1351062 operations; 32657.56 current ops/sec; [INSERT AverageLatency(us)=12.17] [READ AverageLatency(us)=5878.52] 
2014-07-10 06:46:23:217 60 sec: 1650464 operations; 29937.21 current ops/sec; [INSERT AverageLatency(us)=11.31] [READ AverageLatency(us)=6515.91] 
2014-07-10 06:46:33:282 70 sec: 1946788 operations; 29441.03 current ops/sec; [INSERT AverageLatency(us)=10.87] [READ AverageLatency(us)=6594.6] 
2014-07-10 06:46:43:283 80 sec: 2243614 operations; 29679.63 current ops/sec; [INSERT AverageLatency(us)=10.74] [READ AverageLatency(us)=6676.41] 
2014-07-10 06:46:53:283 90 sec: 2519722 operations; 27610.8 current ops/sec; [INSERT AverageLatency(us)=11.78] [READ AverageLatency(us)=6995.97] 
2014-07-10 06:47:03:284 100 sec: 2804688 operations; 28493.75 current ops/sec; [INSERT AverageLatency(us)=10.98] [READ AverageLatency(us)=6811.95] 
2014-07-10 06:47:13:285 110 sec: 3104516 operations; 29979.8 current ops/sec; [INSERT AverageLatency(us)=12.18] [READ AverageLatency(us)=6598.06] 
2014-07-10 06:47:23:285 120 sec: 3385754 operations; 28123.8 current ops/sec; [INSERT AverageLatency(us)=11.17] [READ AverageLatency(us)=6942.76] 
2014-07-10 06:47:33:287 130 sec: 3682540 operations; 29675.63 current ops/sec; [INSERT AverageLatency(us)=12.14] [READ AverageLatency(us)=6608.72] 
2014-07-10 06:47:43:287 140 sec: 3962772 operations; 28020.4 current ops/sec; [INSERT AverageLatency(us)=12.2] [READ AverageLatency(us)=6983.6] 
2014-07-10 06:47:53:288 150 sec: 4234813 operations; 27201.38 current ops/sec; [INSERT AverageLatency(us)=11.26] [READ AverageLatency(us)=7297.4] 
2014-07-10 06:48:03:289 160 sec: 4496358 operations; 26154.5 current ops/sec; [INSERT AverageLatency(us)=12.88] [READ AverageLatency(us)=7473.77] 
2014-07-10 06:48:13:289 170 sec: 4778015 operations; 28162.88 current ops/sec; [INSERT AverageLatency(us)=11.72] [READ AverageLatency(us)=6929.43] 
2014-07-10 06:48:23:397 180 sec: 5058491 operations; 27747.92 current ops/sec; [INSERT AverageLatency(us)=13.31] [READ AverageLatency(us)=6945.03] 
2014-07-10 06:48:33:399 190 sec: 5332739 operations; 27422.06 current ops/sec; [INSERT AverageLatency(us)=13.63] [READ AverageLatency(us)=7096.26] 
2014-07-10 06:48:43:399 200 sec: 5605190 operations; 27242.38 current ops/sec; [INSERT AverageLatency(us)=12.43] [READ AverageLatency(us)=7231.97] 
2014-07-10 06:48:53:400 210 sec: 5881103 operations; 27588.54 current ops/sec; [INSERT AverageLatency(us)=11.3] [READ AverageLatency(us)=7169.17] 
2014-07-10 06:49:03:402 220 sec: 6129216 operations; 24806.34 current ops/sec; [INSERT AverageLatency(us)=12.16] [READ AverageLatency(us)=7955.97] 
2014-07-10 06:49:13:403 230 sec: 6377504 operations; 24826.32 current ops/sec; [INSERT AverageLatency(us)=12.48] [READ AverageLatency(us)=7893.84] 
2014-07-10 06:49:23:403 240 sec: 6627518 operations; 25001.4 current ops/sec; [INSERT AverageLatency(us)=11.2] [READ AverageLatency(us)=7946.9] 
2014-07-10 06:49:33:404 250 sec: 6886842 operations; 25929.81 current ops/sec; [INSERT AverageLatency(us)=11.59] [READ AverageLatency(us)=7560.03] 
2014-07-10 06:49:43:405 260 sec: 7146263 operations; 25939.51 current ops/sec; [INSERT AverageLatency(us)=11.27] [READ AverageLatency(us)=7609.8] 
2014-07-10 06:49:53:408 270 sec: 7402235 operations; 25589.52 current ops/sec; [INSERT AverageLatency(us)=11.39] [READ AverageLatency(us)=7641.79] 
2014-07-10 06:50:03:409 280 sec: 7649205 operations; 24694.53 current ops/sec; [INSERT AverageLatency(us)=12.89] [READ AverageLatency(us)=7834.08] 
2014-07-10 06:50:13:410 290 sec: 7889633 operations; 24040.4 current ops/sec; [INSERT AverageLatency(us)=11.12] [READ AverageLatency(us)=8282.13] 
2014-07-10 06:50:23:410 300 sec: 8108271 operations; 21863.8 current ops/sec; [INSERT AverageLatency(us)=11.08] [READ AverageLatency(us)=8889.98] 
2014-07-10 06:50:33:411 310 sec: 8328720 operations; 22042.7 current ops/sec; [INSERT AverageLatency(us)=11.64] [READ AverageLatency(us)=9019.4] 
2014-07-10 06:50:43:412 320 sec: 8568858 operations; 24011.4 current ops/sec; [INSERT AverageLatency(us)=11.61] [READ AverageLatency(us)=8210.42] 
2014-07-10 06:50:53:413 330 sec: 8806676 operations; 23779.42 current ops/sec; [INSERT AverageLatency(us)=11.75] [READ AverageLatency(us)=8325.51] 
2014-07-10 06:51:03:413 340 sec: 8999190 operations; 19251.4 current ops/sec; [INSERT AverageLatency(us)=12.26] [READ AverageLatency(us)=10148.04] 
2014-07-10 06:51:13:414 350 sec: 9213756 operations; 21454.45 current ops/sec; [INSERT AverageLatency(us)=11.79] [READ AverageLatency(us)=9120.04] 
2014-07-10 06:51:23:415 360 sec: 9436970 operations; 22319.17 current ops/sec; [INSERT AverageLatency(us)=11.66] [READ AverageLatency(us)=8816.68] 
2014-07-10 06:51:33:416 370 sec: 9651079 operations; 21408.76 current ops/sec; [INSERT AverageLatency(us)=11.96] [READ AverageLatency(us)=9135.18] 
2014-07-10 06:51:43:416 380 sec: 9840600 operations; 18952.1 current ops/sec; [INSERT AverageLatency(us)=11.48] [READ AverageLatency(us)=10515.29] 
2014-07-10 06:51:53:417 390 sec: 9995994 operations; 15537.85 current ops/sec; [UPDATE AverageLatency(us)=390628.44] [INSERT AverageLatency(us)=10.49] [READ AverageLatency(us)=9402.31] [CLEANUP AverageLatency(us)=390770.5] 
2014-07-10 06:51:54:606 391 sec: 10000000 operations; 3369.22 current ops/sec; [UPDATE AverageLatency(us)=350211.25] [INSERT AverageLatency(us)=8.93] [READ AverageLatency(us)=6877.44] [CLEANUP AverageLatency(us)=350226.5] 
+ echo 'end time:'
end time:
++ date +%s
+ echo 1405000315
1405000315
+ echo 'sleeping for 10 sec ...'
sleeping for 10 sec ...
+ sleep 10
+ let counter=1+1
+ read line
+ set +x
