++ ls caseresult/ -ltr
++ wc -l
+ filename=case258
+ requestdistribution=
+ mkdir caseresult/case258
+ ssh hadoop@master mkdir /home/hadoop/git/physical_design/caseresult/case258
+ RESULT_DIR=/home/hadoop/git/physical_design/caseresult/case258
+ TEN=10
+ SIXTY=60
+ SLEEP_TIME=200
+ YCSB_DIR=/home/hadoop/ycsb-0.1.4
+ number_of_operations=50000000
+ number_of_threads=20
+ number_of_records=50000000
+ output_file_suffix=.dat
+ experiment_list_file=/home/hadoop/git/physical_design/case258.list
+ clean=false
+ create=false
+ load=false
+ random_read=false
+ workloada=false
+ workloadb=false
+ workloadc=false
+ scan=false
+ all=false
+ for i in '$@'
+ '[' clean == all ']'
+ '[' clean == clean ']'
+ clean=true
+ for i in '$@'
+ '[' create == all ']'
+ '[' create == clean ']'
+ '[' create == create ']'
+ create=true
+ for i in '$@'
+ '[' workloada == all ']'
+ '[' workloada == clean ']'
+ '[' workloada == create ']'
+ '[' workloada == load ']'
+ '[' workloada == random_read ']'
+ '[' workloada == scan ']'
+ '[' workloada == workloada ']'
+ workloada=true
+ for i in '$@'
+ '[' zipfian == all ']'
+ '[' zipfian == clean ']'
+ '[' zipfian == create ']'
+ '[' zipfian == load ']'
+ '[' zipfian == random_read ']'
+ '[' zipfian == scan ']'
+ '[' zipfian == workloada ']'
+ '[' zipfian == workloadb ']'
+ '[' zipfian == workloadc ']'
+ '[' zipfian == zipfian ']'
+ requestdistribution=zipfian
+ let counter=1
+ cd /home/hadoop/ycsb-0.1.4
++ pwd
+ echo /home/hadoop/ycsb-0.1.4
/home/hadoop/ycsb-0.1.4
+ read line
+ false
+ true
+ echo 'sleeping for 60 ...'
sleeping for 60 ...
+ sleep 60
+ echo 'droping usertable...'
droping usertable...
+ ssh hadoop@master /home/hadoop/hbase/bin/hbase shell /home/hadoop/git/physical_design/delete_table
0 row(s) in 2.8330 seconds

0 row(s) in 0.8510 seconds

0 row(s) in 0.0890 seconds

+ echo 'sleeping for 200 ...'
sleeping for 200 ...
+ sleep 200
+ false
+ true
+ echo 'creating usertable...'
creating usertable...
+ create_statement='create '\''usertable'\'', { NAME=>'\''family'\'', COMPRESSION=>'\''GZ'\'', CONFIGURATION =>  { '\''hbase.hregion.majorcompaction'\'' => '\''0'\'', '\''hbase.hstore.compactionThreshold'\'' => '\''100000000000000'\'', '\''hbase.server.compactchecker.interval.multiplier'\'' => '\''100000000'\'', '\''hbase.hstore.compaction.max.size'\'' => '\''128'\'' } }, SPLITS => ['\''user1'\'','\''user2'\'', '\''user3'\'', '\''user4'\'', '\''user5'\'', '\''user6'\'', '\''user7'\'', '\''user8'\'', '\''user9'\'']'
+ echo create ''\''usertable'\'',' '{' 'NAME=>'\''family'\'',' 'COMPRESSION=>'\''GZ'\'',' CONFIGURATION '=>' '{' ''\''hbase.hregion.majorcompaction'\''' '=>' ''\''0'\'',' ''\''hbase.hstore.compactionThreshold'\''' '=>' ''\''100000000000000'\'',' ''\''hbase.server.compactchecker.interval.multiplier'\''' '=>' ''\''100000000'\'',' ''\''hbase.hstore.compaction.max.size'\''' '=>' ''\''128'\''' '}' '},' SPLITS '=>' '['\''user1'\'','\''user2'\'',' ''\''user3'\'',' ''\''user4'\'',' ''\''user5'\'',' ''\''user6'\'',' ''\''user7'\'',' ''\''user8'\'',' ''\''user9'\'']'
+ echo 'exit '
+ scp /home/hadoop/git/physical_design/caseresult/case258/create_1.script hadoop@master:/home/hadoop/git/physical_design/caseresult/case258/create_1.script
+ create_table /home/hadoop/git/physical_design/caseresult/case258/create_1.script
+ echo 'creating table...'
creating table...
+ echo /home/hadoop/git/physical_design/caseresult/case258/create_1.script
/home/hadoop/git/physical_design/caseresult/case258/create_1.script
+ ssh hadoop@master /home/hadoop/hbase/bin/hbase shell /home/hadoop/git/physical_design/caseresult/case258/create_1.script
0 row(s) in 1.7470 seconds

+ echo 'sleeping for 10 sec ...'
sleeping for 10 sec ...
+ sleep 10
+ false
+ false
+ false
+ false
+ false
+ false
+ false
+ true
+ echo workloada...
workloada...
+ echo 'start time: '
start time: 
++ date +%s
+ echo 1406434762
1406434762
++ echo /home/hadoop/git/physical_design/caseresult/case258/workloada_1.dat
+ ./workloada 50000000 20 /home/hadoop/git/physical_design/caseresult/case258/workloada_1.dat zipfian
Loading workload...
Starting test.
2014-07-26 21:19:22:752 0 sec: 0 operations; 
14/07/26 21:19:23 INFO zookeeper.ZooKeeper: Client environment:zookeeper.version=3.4.6-1569965, built on 02/20/2014 09:09 GMT
14/07/26 21:19:23 INFO zookeeper.ZooKeeper: Client environment:host.name=sceplus-vm43.almaden.ibm.com
14/07/26 21:19:23 INFO zookeeper.ZooKeeper: Client environment:java.version=1.6.0_31
14/07/26 21:19:23 INFO zookeeper.ZooKeeper: Client environment:java.vendor=Sun Microsystems Inc.
14/07/26 21:19:23 INFO zookeeper.ZooKeeper: Client environment:java.home=/usr/lib/jvm/java-6-openjdk-amd64/jre
14/07/26 21:19:23 INFO zookeeper.ZooKeeper: Client environment:java.class.path=/home/hadoop/ycsb-0.1.4/hbase-binding/lib/hbase-binding-0.1.4.jar:/home/hadoop/ycsb-0.1.4/hbase-binding/conf:/home/hadoop/ycsb-0.1.4/core/lib/core-0.1.4.jar:/home/hadoop/ycsb-0.1.4/jdbc-binding/conf
14/07/26 21:19:23 INFO zookeeper.ZooKeeper: Client environment:java.library.path=/usr/lib/jvm/java-6-openjdk-amd64/jre/lib/amd64/server:/usr/lib/jvm/java-6-openjdk-amd64/jre/lib/amd64:/usr/lib/jvm/java-6-openjdk-amd64/jre/../lib/amd64:/usr/java/packages/lib/amd64:/usr/lib/jni:/lib:/usr/lib
14/07/26 21:19:23 INFO zookeeper.ZooKeeper: Client environment:java.io.tmpdir=/tmp
14/07/26 21:19:23 INFO zookeeper.ZooKeeper: Client environment:java.compiler=<NA>
14/07/26 21:19:23 INFO zookeeper.ZooKeeper: Client environment:os.name=Linux
14/07/26 21:19:23 INFO zookeeper.ZooKeeper: Client environment:os.arch=amd64
14/07/26 21:19:23 INFO zookeeper.ZooKeeper: Client environment:os.version=3.13.0-24-generic
14/07/26 21:19:23 INFO zookeeper.ZooKeeper: Client environment:user.name=hadoop
14/07/26 21:19:23 INFO zookeeper.ZooKeeper: Client environment:user.home=/home/hadoop
14/07/26 21:19:23 INFO zookeeper.ZooKeeper: Client environment:user.dir=/home/hadoop/ycsb-0.1.4
14/07/26 21:19:23 INFO zookeeper.ZooKeeper: Initiating client connection, connectString=sceplus-vm49.almaden.ibm.com:2181,sceplus-vm48.almaden.ibm.com:2181 sessionTimeout=90000 watcher=hconnection-0x203822fc, quorum=sceplus-vm49.almaden.ibm.com:2181,sceplus-vm48.almaden.ibm.com:2181, baseZNode=/hbase
14/07/26 21:19:23 INFO zookeeper.RecoverableZooKeeper: Process identifier=hconnection-0x203822fc connecting to ZooKeeper ensemble=sceplus-vm49.almaden.ibm.com:2181,sceplus-vm48.almaden.ibm.com:2181
14/07/26 21:19:23 INFO zookeeper.ClientCnxn: Opening socket connection to server master/9.1.143.58:2181. Will not attempt to authenticate using SASL (unknown error)
14/07/26 21:19:23 INFO zookeeper.ClientCnxn: Socket connection established to master/9.1.143.58:2181, initiating session
14/07/26 21:19:23 INFO zookeeper.ClientCnxn: Session establishment complete on server master/9.1.143.58:2181, sessionid = 0x4777b92e58000a, negotiated timeout = 90000
2014-07-26 21:19:32:753 10 sec: 4280 operations; 427.96 current ops/sec; [INSERT AverageLatency(us)=2357.98] [READ AverageLatency(us)=16964.73] 
2014-07-26 21:19:42:754 20 sec: 11008 operations; 672.73 current ops/sec; [INSERT AverageLatency(us)=151.05] [READ AverageLatency(us)=9454.53] 
2014-07-26 21:19:52:754 30 sec: 21398 operations; 1039 current ops/sec; [INSERT AverageLatency(us)=19.13] [READ AverageLatency(us)=7564.09] 
2014-07-26 21:20:02:755 40 sec: 37018 operations; 1561.84 current ops/sec; [INSERT AverageLatency(us)=34.79] [READ AverageLatency(us)=6458.8] 
2014-07-26 21:20:12:755 50 sec: 63161 operations; 2614.3 current ops/sec; [INSERT AverageLatency(us)=23.62] [READ AverageLatency(us)=4718.43] 
2014-07-26 21:20:22:756 60 sec: 111120 operations; 4795.42 current ops/sec; [INSERT AverageLatency(us)=24.35] [READ AverageLatency(us)=2840.59] 
2014-07-26 21:20:32:756 70 sec: 191534 operations; 8041.4 current ops/sec; [INSERT AverageLatency(us)=23.84] [READ AverageLatency(us)=1831.4] 
2014-07-26 21:20:42:759 80 sec: 338784 operations; 14720.58 current ops/sec; [INSERT AverageLatency(us)=16.28] [READ AverageLatency(us)=1188.74] 
2014-07-26 21:20:52:760 90 sec: 515982 operations; 17718.03 current ops/sec; [INSERT AverageLatency(us)=14.47] [READ AverageLatency(us)=1046.63] 
2014-07-26 21:21:02:760 100 sec: 699304 operations; 18332.2 current ops/sec; [INSERT AverageLatency(us)=26.28] [READ AverageLatency(us)=1057.66] 
2014-07-26 21:21:12:761 110 sec: 891969 operations; 19264.57 current ops/sec; [INSERT AverageLatency(us)=14.93] [READ AverageLatency(us)=1009.79] 
2014-07-26 21:21:22:761 120 sec: 998730 operations; 10676.1 current ops/sec; [INSERT AverageLatency(us)=43.03] [READ AverageLatency(us)=1974] 
2014-07-26 21:21:32:762 130 sec: 1180430 operations; 18168.18 current ops/sec; [INSERT AverageLatency(us)=13.67] [READ AverageLatency(us)=1133.02] 
2014-07-26 21:21:42:762 140 sec: 1371808 operations; 19137.8 current ops/sec; [INSERT AverageLatency(us)=12.74] [READ AverageLatency(us)=1082.4] 
2014-07-26 21:21:52:763 150 sec: 1576521 operations; 20469.25 current ops/sec; [INSERT AverageLatency(us)=22.18] [READ AverageLatency(us)=1017.73] 
2014-07-26 21:22:02:763 160 sec: 1790873 operations; 21435.2 current ops/sec; [INSERT AverageLatency(us)=12.66] [READ AverageLatency(us)=978.27] 
2014-07-26 21:22:12:764 170 sec: 1948181 operations; 15729.23 current ops/sec; [INSERT AverageLatency(us)=21.51] [READ AverageLatency(us)=1359.92] 
2014-07-26 21:22:22:764 180 sec: 2156261 operations; 20808 current ops/sec; [INSERT AverageLatency(us)=13.5] [READ AverageLatency(us)=1020.43] 
2014-07-26 21:22:32:765 190 sec: 2362383 operations; 20610.14 current ops/sec; [INSERT AverageLatency(us)=12.75] [READ AverageLatency(us)=1034.47] 
2014-07-26 21:22:42:765 200 sec: 2574811 operations; 21242.8 current ops/sec; [INSERT AverageLatency(us)=12.48] [READ AverageLatency(us)=1004.16] 
2014-07-26 21:22:52:766 210 sec: 2781840 operations; 20700.83 current ops/sec; [INSERT AverageLatency(us)=12.85] [READ AverageLatency(us)=1032.44] 
2014-07-26 21:23:02:766 220 sec: 2951635 operations; 16979.5 current ops/sec; [INSERT AverageLatency(us)=16.07] [READ AverageLatency(us)=1277.4] 
2014-07-26 21:23:12:767 230 sec: 3161649 operations; 20999.3 current ops/sec; [INSERT AverageLatency(us)=12.5] [READ AverageLatency(us)=1025.92] 
2014-07-26 21:23:22:767 240 sec: 3366463 operations; 20481.4 current ops/sec; [INSERT AverageLatency(us)=12.52] [READ AverageLatency(us)=1051.33] 
2014-07-26 21:23:32:768 250 sec: 3584052 operations; 21756.72 current ops/sec; [INSERT AverageLatency(us)=12.85] [READ AverageLatency(us)=990.64] 
2014-07-26 21:23:42:768 260 sec: 3768154 operations; 18410.2 current ops/sec; [INSERT AverageLatency(us)=14.92] [READ AverageLatency(us)=1177.9] 
2014-07-26 21:23:52:769 270 sec: 3958970 operations; 19079.69 current ops/sec; [INSERT AverageLatency(us)=14.88] [READ AverageLatency(us)=1137.57] 
2014-07-26 21:24:02:769 280 sec: 4171289 operations; 21231.9 current ops/sec; [INSERT AverageLatency(us)=12.27] [READ AverageLatency(us)=1021.98] 
2014-07-26 21:24:12:770 290 sec: 4383005 operations; 21169.48 current ops/sec; [INSERT AverageLatency(us)=12.27] [READ AverageLatency(us)=1025.71] 
2014-07-26 21:24:22:770 300 sec: 4599428 operations; 21642.3 current ops/sec; [INSERT AverageLatency(us)=12.9] [READ AverageLatency(us)=1002.68] 
2014-07-26 21:24:32:771 310 sec: 4761867 operations; 16242.28 current ops/sec; [INSERT AverageLatency(us)=16.22] [READ AverageLatency(us)=1344.22] 
2014-07-26 21:24:42:771 320 sec: 4975427 operations; 21356 current ops/sec; [INSERT AverageLatency(us)=12.39] [READ AverageLatency(us)=1018.39] 
2014-07-26 21:24:52:772 330 sec: 5190438 operations; 21498.95 current ops/sec; [INSERT AverageLatency(us)=13.31] [READ AverageLatency(us)=1010.76] 
2014-07-26 21:25:02:772 340 sec: 5401547 operations; 21110.9 current ops/sec; [INSERT AverageLatency(us)=13.14] [READ AverageLatency(us)=1031.85] 
2014-07-26 21:25:12:773 350 sec: 5610115 operations; 20854.71 current ops/sec; [INSERT AverageLatency(us)=14.37] [READ AverageLatency(us)=1044.15] 
2014-07-26 21:25:22:773 360 sec: 5788143 operations; 17802.8 current ops/sec; [INSERT AverageLatency(us)=15.88] [READ AverageLatency(us)=1228.04] 
2014-07-26 21:25:32:774 370 sec: 6005410 operations; 21724.53 current ops/sec; [INSERT AverageLatency(us)=12.32] [READ AverageLatency(us)=1003.01] 
2014-07-26 21:25:42:774 380 sec: 6223431 operations; 21802.1 current ops/sec; [INSERT AverageLatency(us)=12.39] [READ AverageLatency(us)=998.42] 
2014-07-26 21:25:52:775 390 sec: 6439689 operations; 21623.64 current ops/sec; [INSERT AverageLatency(us)=12.89] [READ AverageLatency(us)=1010.78] 
2014-07-26 21:26:02:775 400 sec: 6612182 operations; 17249.3 current ops/sec; [INSERT AverageLatency(us)=14.88] [READ AverageLatency(us)=1270.89] 
2014-07-26 21:26:12:776 410 sec: 6802895 operations; 19069.39 current ops/sec; [INSERT AverageLatency(us)=13.12] [READ AverageLatency(us)=1149.9] 
2014-07-26 21:26:22:776 420 sec: 7003681 operations; 20078.6 current ops/sec; [INSERT AverageLatency(us)=13.41] [READ AverageLatency(us)=1091.7] 
2014-07-26 21:26:32:777 430 sec: 7205633 operations; 20193.18 current ops/sec; [INSERT AverageLatency(us)=12.82] [READ AverageLatency(us)=1086.68] 
2014-07-26 21:26:42:777 440 sec: 7409829 operations; 20419.6 current ops/sec; [INSERT AverageLatency(us)=12.29] [READ AverageLatency(us)=1075.9] 
2014-07-26 21:26:52:778 450 sec: 7563452 operations; 15360.76 current ops/sec; [INSERT AverageLatency(us)=17.22] [READ AverageLatency(us)=1431.61] 
2014-07-26 21:27:02:778 460 sec: 7763632 operations; 20018 current ops/sec; [INSERT AverageLatency(us)=12.17] [READ AverageLatency(us)=1092.34] 
2014-07-26 21:27:12:779 470 sec: 7963790 operations; 20013.8 current ops/sec; [INSERT AverageLatency(us)=12.16] [READ AverageLatency(us)=1098.81] 
2014-07-26 21:27:22:779 480 sec: 8165764 operations; 20197.4 current ops/sec; [INSERT AverageLatency(us)=12.9] [READ AverageLatency(us)=1084] 
2014-07-26 21:27:32:780 490 sec: 8364175 operations; 19839.12 current ops/sec; [INSERT AverageLatency(us)=12.98] [READ AverageLatency(us)=1109.42] 
2014-07-26 21:27:42:780 500 sec: 8508914 operations; 14473.9 current ops/sec; [INSERT AverageLatency(us)=18.46] [READ AverageLatency(us)=1521.78] 
2014-07-26 21:27:52:781 510 sec: 8658943 operations; 15001.4 current ops/sec; [INSERT AverageLatency(us)=13] [READ AverageLatency(us)=1468.15] 
2014-07-26 21:28:02:781 520 sec: 8831349 operations; 17240.6 current ops/sec; [INSERT AverageLatency(us)=12.85] [READ AverageLatency(us)=1275.04] 
2014-07-26 21:28:12:782 530 sec: 9018942 operations; 18757.42 current ops/sec; [INSERT AverageLatency(us)=13.06] [READ AverageLatency(us)=1173.63] 
2014-07-26 21:28:22:782 540 sec: 9208510 operations; 18956.8 current ops/sec; [INSERT AverageLatency(us)=12.62] [READ AverageLatency(us)=1158.84] 
2014-07-26 21:28:32:783 550 sec: 9392198 operations; 18366.96 current ops/sec; [INSERT AverageLatency(us)=14.88] [READ AverageLatency(us)=1196.51] 
2014-07-26 21:28:42:783 560 sec: 9548898 operations; 15670 current ops/sec; [INSERT AverageLatency(us)=14.76] [READ AverageLatency(us)=1405.84] 
2014-07-26 21:28:52:784 570 sec: 9753632 operations; 20471.35 current ops/sec; [INSERT AverageLatency(us)=12.23] [READ AverageLatency(us)=1072.97] 
2014-07-26 21:29:02:784 580 sec: 9957745 operations; 20411.3 current ops/sec; [INSERT AverageLatency(us)=12.07] [READ AverageLatency(us)=1077.12] 
2014-07-26 21:29:12:785 590 sec: 10161292 operations; 20352.66 current ops/sec; [INSERT AverageLatency(us)=12.15] [READ AverageLatency(us)=1080.29] 
2014-07-26 21:29:22:785 600 sec: 10336538 operations; 17524.6 current ops/sec; [INSERT AverageLatency(us)=14.12] [READ AverageLatency(us)=1253.69] 
2014-07-26 21:29:32:786 610 sec: 10515580 operations; 17902.41 current ops/sec; [INSERT AverageLatency(us)=14.25] [READ AverageLatency(us)=1230.9] 
2014-07-26 21:29:42:786 620 sec: 10709768 operations; 19418.8 current ops/sec; [INSERT AverageLatency(us)=12.16] [READ AverageLatency(us)=1132.19] 
2014-07-26 21:29:52:787 630 sec: 10914157 operations; 20436.86 current ops/sec; [INSERT AverageLatency(us)=12.44] [READ AverageLatency(us)=1074.68] 
2014-07-26 21:30:02:787 640 sec: 11120452 operations; 20629.5 current ops/sec; [INSERT AverageLatency(us)=13.51] [READ AverageLatency(us)=1063.82] 
2014-07-26 21:30:12:788 650 sec: 11291799 operations; 17132.99 current ops/sec; [INSERT AverageLatency(us)=14.39] [READ AverageLatency(us)=1286.59] 
2014-07-26 21:30:22:788 660 sec: 11482776 operations; 19097.7 current ops/sec; [INSERT AverageLatency(us)=13.75] [READ AverageLatency(us)=1150.66] 
2014-07-26 21:30:32:789 670 sec: 11687497 operations; 20470.05 current ops/sec; [INSERT AverageLatency(us)=12.35] [READ AverageLatency(us)=1073.9] 
2014-07-26 21:30:42:789 680 sec: 11891573 operations; 20407.6 current ops/sec; [INSERT AverageLatency(us)=12.63] [READ AverageLatency(us)=1077.81] 
2014-07-26 21:30:52:790 690 sec: 12095199 operations; 20360.56 current ops/sec; [INSERT AverageLatency(us)=12.62] [READ AverageLatency(us)=1079.69] 
2014-07-26 21:31:02:790 700 sec: 12265808 operations; 17060.9 current ops/sec; [INSERT AverageLatency(us)=15.95] [READ AverageLatency(us)=1290.76] 
2014-07-26 21:31:12:791 710 sec: 12459370 operations; 19354.26 current ops/sec; [INSERT AverageLatency(us)=12.51] [READ AverageLatency(us)=1138.21] 
2014-07-26 21:31:22:791 720 sec: 12662256 operations; 20288.6 current ops/sec; [INSERT AverageLatency(us)=12.1] [READ AverageLatency(us)=1085.45] 
2014-07-26 21:31:32:792 730 sec: 12870483 operations; 20820.62 current ops/sec; [INSERT AverageLatency(us)=12.75] [READ AverageLatency(us)=1057.41] 
2014-07-26 21:31:42:792 740 sec: 13073470 operations; 20298.7 current ops/sec; [INSERT AverageLatency(us)=13.19] [READ AverageLatency(us)=1083.12] 
2014-07-26 21:31:52:793 750 sec: 13229739 operations; 15625.34 current ops/sec; [INSERT AverageLatency(us)=16.15] [READ AverageLatency(us)=1411.24] 
2014-07-26 21:32:02:793 760 sec: 13429705 operations; 19996.6 current ops/sec; [INSERT AverageLatency(us)=12.4] [READ AverageLatency(us)=1101.43] 
2014-07-26 21:32:12:794 770 sec: 13635468 operations; 20574.24 current ops/sec; [INSERT AverageLatency(us)=12.13] [READ AverageLatency(us)=1070.34] 
2014-07-26 21:32:22:794 780 sec: 13837469 operations; 20200.1 current ops/sec; [INSERT AverageLatency(us)=12.73] [READ AverageLatency(us)=1088.73] 
2014-07-26 21:32:32:795 790 sec: 14032074 operations; 19458.55 current ops/sec; [INSERT AverageLatency(us)=14.03] [READ AverageLatency(us)=1131.07] 
2014-07-26 21:32:42:795 800 sec: 14197556 operations; 16548.2 current ops/sec; [INSERT AverageLatency(us)=15.09] [READ AverageLatency(us)=1332.95] 
2014-07-26 21:32:52:796 810 sec: 14398356 operations; 20077.99 current ops/sec; [INSERT AverageLatency(us)=12.9] [READ AverageLatency(us)=1095.91] 
2014-07-26 21:33:02:796 820 sec: 14601336 operations; 20298 current ops/sec; [INSERT AverageLatency(us)=13.33] [READ AverageLatency(us)=1085.24] 
2014-07-26 21:33:12:797 830 sec: 14805734 operations; 20437.76 current ops/sec; [INSERT AverageLatency(us)=12.66] [READ AverageLatency(us)=1078.44] 
2014-07-26 21:33:22:797 840 sec: 14992903 operations; 18716.9 current ops/sec; [INSERT AverageLatency(us)=13.4] [READ AverageLatency(us)=1177.38] 
2014-07-26 21:33:32:798 850 sec: 15158480 operations; 16556.04 current ops/sec; [INSERT AverageLatency(us)=14.83] [READ AverageLatency(us)=1329.52] 
2014-07-26 21:33:42:798 860 sec: 15363948 operations; 20546.8 current ops/sec; [INSERT AverageLatency(us)=12.6] [READ AverageLatency(us)=1072.57] 
2014-07-26 21:33:52:799 870 sec: 15573102 operations; 20913.31 current ops/sec; [INSERT AverageLatency(us)=12.96] [READ AverageLatency(us)=1050.74] 
2014-07-26 21:34:02:799 880 sec: 15779677 operations; 20657.5 current ops/sec; [INSERT AverageLatency(us)=12.62] [READ AverageLatency(us)=1069.12] 
2014-07-26 21:34:12:800 890 sec: 15959330 operations; 17963.5 current ops/sec; [INSERT AverageLatency(us)=15.11] [READ AverageLatency(us)=1226.31] 
2014-07-26 21:34:22:801 900 sec: 16109355 operations; 15001 current ops/sec; [INSERT AverageLatency(us)=14.22] [READ AverageLatency(us)=1461.59] 
2014-07-26 21:34:32:801 910 sec: 16279899 operations; 17054.4 current ops/sec; [INSERT AverageLatency(us)=12.41] [READ AverageLatency(us)=1302.46] 
2014-07-26 21:34:42:802 920 sec: 16482115 operations; 20219.58 current ops/sec; [INSERT AverageLatency(us)=13.39] [READ AverageLatency(us)=1088.04] 
2014-07-26 21:34:52:802 930 sec: 16687376 operations; 20526.1 current ops/sec; [INSERT AverageLatency(us)=13.45] [READ AverageLatency(us)=1073.93] 
2014-07-26 21:35:02:803 940 sec: 16875929 operations; 18853.41 current ops/sec; [INSERT AverageLatency(us)=13.47] [READ AverageLatency(us)=1167.04] 
2014-07-26 21:35:12:803 950 sec: 17024557 operations; 14862.8 current ops/sec; [INSERT AverageLatency(us)=16] [READ AverageLatency(us)=1485.24] 
2014-07-26 21:35:22:804 960 sec: 17215269 operations; 19069.29 current ops/sec; [INSERT AverageLatency(us)=12.3] [READ AverageLatency(us)=1155.09] 
2014-07-26 21:35:32:804 970 sec: 17418333 operations; 20306.4 current ops/sec; [INSERT AverageLatency(us)=12.83] [READ AverageLatency(us)=1084.17] 
2014-07-26 21:35:42:805 980 sec: 17619485 operations; 20113.19 current ops/sec; [INSERT AverageLatency(us)=13.87] [READ AverageLatency(us)=1094.3] 
2014-07-26 21:35:52:805 990 sec: 17813230 operations; 19374.5 current ops/sec; [INSERT AverageLatency(us)=13.38] [READ AverageLatency(us)=1137.38] 
2014-07-26 21:36:02:806 1000 sec: 17986484 operations; 17323.67 current ops/sec; [INSERT AverageLatency(us)=15.76] [READ AverageLatency(us)=1272.13] 
2014-07-26 21:36:12:806 1010 sec: 18193469 operations; 20698.5 current ops/sec; [INSERT AverageLatency(us)=12.86] [READ AverageLatency(us)=1065.83] 
2014-07-26 21:36:22:807 1020 sec: 18401004 operations; 20751.42 current ops/sec; [INSERT AverageLatency(us)=12.04] [READ AverageLatency(us)=1062.52] 
2014-07-26 21:36:32:807 1030 sec: 18609124 operations; 20812 current ops/sec; [INSERT AverageLatency(us)=12.71] [READ AverageLatency(us)=1059.43] 
2014-07-26 21:36:42:808 1040 sec: 18783854 operations; 17471.25 current ops/sec; [INSERT AverageLatency(us)=14.7] [READ AverageLatency(us)=1262.01] 
2014-07-26 21:36:52:808 1050 sec: 18968628 operations; 18477.4 current ops/sec; [INSERT AverageLatency(us)=13.78] [READ AverageLatency(us)=1192.77] 
2014-07-26 21:37:02:809 1060 sec: 19174465 operations; 20581.64 current ops/sec; [INSERT AverageLatency(us)=12.27] [READ AverageLatency(us)=1069.66] 
2014-07-26 21:37:12:809 1070 sec: 19379324 operations; 20485.9 current ops/sec; [INSERT AverageLatency(us)=12.95] [READ AverageLatency(us)=1073.87] 
2014-07-26 21:37:22:810 1080 sec: 19579141 operations; 19979.7 current ops/sec; [INSERT AverageLatency(us)=12.56] [READ AverageLatency(us)=1102.95] 
2014-07-26 21:37:32:810 1090 sec: 19746939 operations; 16779.8 current ops/sec; [INSERT AverageLatency(us)=17.8] [READ AverageLatency(us)=1315.75] 
2014-07-26 21:37:42:811 1100 sec: 19934786 operations; 18782.82 current ops/sec; [INSERT AverageLatency(us)=13] [READ AverageLatency(us)=1173.18] 
2014-07-26 21:37:52:811 1110 sec: 20140029 operations; 20524.3 current ops/sec; [INSERT AverageLatency(us)=12.24] [READ AverageLatency(us)=1072.04] 
2014-07-26 21:38:02:812 1120 sec: 20346838 operations; 20678.83 current ops/sec; [INSERT AverageLatency(us)=12.77] [READ AverageLatency(us)=1066] 
2014-07-26 21:38:12:812 1130 sec: 20550474 operations; 20363.6 current ops/sec; [INSERT AverageLatency(us)=12.78] [READ AverageLatency(us)=1082.58] 
2014-07-26 21:38:22:813 1140 sec: 20713642 operations; 16315.17 current ops/sec; [INSERT AverageLatency(us)=16.42] [READ AverageLatency(us)=1354.55] 
2014-07-26 21:38:32:813 1150 sec: 20909868 operations; 19622.6 current ops/sec; [INSERT AverageLatency(us)=12.77] [READ AverageLatency(us)=1122.79] 
2014-07-26 21:38:42:814 1160 sec: 21115058 operations; 20516.95 current ops/sec; [INSERT AverageLatency(us)=12.93] [READ AverageLatency(us)=1074.72] 
2014-07-26 21:38:52:814 1170 sec: 21310414 operations; 19535.6 current ops/sec; [INSERT AverageLatency(us)=13.02] [READ AverageLatency(us)=1128.77] 
2014-07-26 21:39:02:815 1180 sec: 21516999 operations; 20656.43 current ops/sec; [INSERT AverageLatency(us)=12.69] [READ AverageLatency(us)=1067.16] 
2014-07-26 21:39:12:815 1190 sec: 21671642 operations; 15464.3 current ops/sec; [INSERT AverageLatency(us)=15.78] [READ AverageLatency(us)=1426.11] 
2014-07-26 21:39:22:816 1200 sec: 21866377 operations; 19471.55 current ops/sec; [INSERT AverageLatency(us)=12.59] [READ AverageLatency(us)=1131.65] 
2014-07-26 21:39:32:816 1210 sec: 22053329 operations; 18695.2 current ops/sec; [INSERT AverageLatency(us)=13] [READ AverageLatency(us)=1178.65] 
2014-07-26 21:39:42:817 1220 sec: 22251015 operations; 19766.62 current ops/sec; [INSERT AverageLatency(us)=13.38] [READ AverageLatency(us)=1114.86] 
2014-07-26 21:39:52:817 1230 sec: 22455724 operations; 20470.9 current ops/sec; [INSERT AverageLatency(us)=13.25] [READ AverageLatency(us)=1074.27] 
2014-07-26 21:40:02:818 1240 sec: 22620530 operations; 16478.95 current ops/sec; [INSERT AverageLatency(us)=15.26] [READ AverageLatency(us)=1339.8] 
2014-07-26 21:40:12:818 1250 sec: 22813802 operations; 19327.2 current ops/sec; [INSERT AverageLatency(us)=13.38] [READ AverageLatency(us)=1140.89] 
2014-07-26 21:40:22:819 1260 sec: 23004726 operations; 19090.49 current ops/sec; [INSERT AverageLatency(us)=12.35] [READ AverageLatency(us)=1155.33] 
2014-07-26 21:40:32:819 1270 sec: 23202164 operations; 19743.8 current ops/sec; [INSERT AverageLatency(us)=13.86] [READ AverageLatency(us)=1116.88] 
2014-07-26 21:40:42:820 1280 sec: 23405474 operations; 20328.97 current ops/sec; [INSERT AverageLatency(us)=12.71] [READ AverageLatency(us)=1084.92] 
2014-07-26 21:40:52:820 1290 sec: 23574031 operations; 16855.7 current ops/sec; [INSERT AverageLatency(us)=14.85] [READ AverageLatency(us)=1308.75] 
2014-07-26 21:41:02:821 1300 sec: 23753341 operations; 17929.21 current ops/sec; [INSERT AverageLatency(us)=12.93] [READ AverageLatency(us)=1231.78] 
2014-07-26 21:41:12:821 1310 sec: 23945491 operations; 19215 current ops/sec; [INSERT AverageLatency(us)=13.96] [READ AverageLatency(us)=1145.7] 
2014-07-26 21:41:22:822 1320 sec: 24146172 operations; 20066.09 current ops/sec; [INSERT AverageLatency(us)=12.41] [READ AverageLatency(us)=1101.2] 
2014-07-26 21:41:32:822 1330 sec: 24339461 operations; 19328.9 current ops/sec; [INSERT AverageLatency(us)=13.11] [READ AverageLatency(us)=1141.35] 
2014-07-26 21:41:42:823 1340 sec: 24504434 operations; 16495.65 current ops/sec; [INSERT AverageLatency(us)=15.63] [READ AverageLatency(us)=1339.2] 
2014-07-26 21:41:52:823 1350 sec: 24685782 operations; 18134.8 current ops/sec; [INSERT AverageLatency(us)=12.95] [READ AverageLatency(us)=1217.9] 
2014-07-26 21:42:02:824 1360 sec: 24892361 operations; 20655.83 current ops/sec; [INSERT AverageLatency(us)=13.08] [READ AverageLatency(us)=1067.51] 
2014-07-26 21:42:12:824 1370 sec: 25082009 operations; 18964.8 current ops/sec; [INSERT AverageLatency(us)=13.42] [READ AverageLatency(us)=1162.6] 
2014-07-26 21:42:22:825 1380 sec: 25265485 operations; 18345.77 current ops/sec; [INSERT AverageLatency(us)=12.9] [READ AverageLatency(us)=1202.36] 
2014-07-26 21:42:32:825 1390 sec: 25418773 operations; 15328.8 current ops/sec; [INSERT AverageLatency(us)=16.22] [READ AverageLatency(us)=1440.46] 
2014-07-26 21:42:42:826 1400 sec: 25602336 operations; 18354.46 current ops/sec; [INSERT AverageLatency(us)=13.32] [READ AverageLatency(us)=1201.75] 
2014-07-26 21:42:52:826 1410 sec: 25810228 operations; 20789.2 current ops/sec; [INSERT AverageLatency(us)=12.54] [READ AverageLatency(us)=1061.6] 
2014-07-26 21:43:02:827 1420 sec: 26017313 operations; 20706.43 current ops/sec; [INSERT AverageLatency(us)=12.33] [READ AverageLatency(us)=1064.24] 
2014-07-26 21:43:12:827 1430 sec: 26221068 operations; 20375.5 current ops/sec; [INSERT AverageLatency(us)=12.42] [READ AverageLatency(us)=1082.48] 
2014-07-26 21:43:22:828 1440 sec: 26376299 operations; 15521.55 current ops/sec; [INSERT AverageLatency(us)=16.51] [READ AverageLatency(us)=1419.03] 
2014-07-26 21:43:32:828 1450 sec: 26571492 operations; 19519.3 current ops/sec; [INSERT AverageLatency(us)=12.62] [READ AverageLatency(us)=1129.95] 
2014-07-26 21:43:42:829 1460 sec: 26779101 operations; 20758.82 current ops/sec; [INSERT AverageLatency(us)=12.11] [READ AverageLatency(us)=1063.99] 
2014-07-26 21:43:52:829 1470 sec: 26989318 operations; 21021.7 current ops/sec; [INSERT AverageLatency(us)=12.49] [READ AverageLatency(us)=1048.71] 
2014-07-26 21:44:02:830 1480 sec: 27187973 operations; 19863.51 current ops/sec; [INSERT AverageLatency(us)=12.83] [READ AverageLatency(us)=1110.59] 
2014-07-26 21:44:12:830 1490 sec: 27358068 operations; 17009.5 current ops/sec; [INSERT AverageLatency(us)=16.57] [READ AverageLatency(us)=1296.65] 
2014-07-26 21:44:22:831 1500 sec: 27559711 operations; 20162.28 current ops/sec; [INSERT AverageLatency(us)=12.63] [READ AverageLatency(us)=1094.8] 
2014-07-26 21:44:32:831 1510 sec: 27770127 operations; 21041.6 current ops/sec; [INSERT AverageLatency(us)=12.16] [READ AverageLatency(us)=1049.44] 
2014-07-26 21:44:42:832 1520 sec: 27977554 operations; 20740.63 current ops/sec; [INSERT AverageLatency(us)=12.82] [READ AverageLatency(us)=1064.41] 
2014-07-26 21:44:52:832 1530 sec: 28159334 operations; 18178 current ops/sec; [INSERT AverageLatency(us)=14.33] [READ AverageLatency(us)=1214.28] 
2014-07-26 21:45:02:833 1540 sec: 28340877 operations; 18152.48 current ops/sec; [INSERT AverageLatency(us)=13.73] [READ AverageLatency(us)=1215.72] 
2014-07-26 21:45:12:833 1550 sec: 28544670 operations; 20379.3 current ops/sec; [INSERT AverageLatency(us)=12.91] [READ AverageLatency(us)=1082.96] 
2014-07-26 21:45:22:834 1560 sec: 28753575 operations; 20888.41 current ops/sec; [INSERT AverageLatency(us)=12.49] [READ AverageLatency(us)=1056.72] 
2014-07-26 21:45:32:834 1570 sec: 28965343 operations; 21176.8 current ops/sec; [INSERT AverageLatency(us)=12.93] [READ AverageLatency(us)=1042.74] 
2014-07-26 21:45:42:835 1580 sec: 29141116 operations; 17575.54 current ops/sec; [INSERT AverageLatency(us)=15.48] [READ AverageLatency(us)=1256.1] 
2014-07-26 21:45:52:835 1590 sec: 29325680 operations; 18456.4 current ops/sec; [INSERT AverageLatency(us)=12.9] [READ AverageLatency(us)=1194.6] 
2014-07-26 21:46:02:836 1600 sec: 29530842 operations; 20514.15 current ops/sec; [INSERT AverageLatency(us)=12.18] [READ AverageLatency(us)=1076.29] 
2014-07-26 21:46:12:836 1610 sec: 29734755 operations; 20391.3 current ops/sec; [INSERT AverageLatency(us)=12.6] [READ AverageLatency(us)=1081.65] 
2014-07-26 21:46:22:837 1620 sec: 29933895 operations; 19912.01 current ops/sec; [INSERT AverageLatency(us)=12.7] [READ AverageLatency(us)=1108.9] 
2014-07-26 21:46:32:837 1630 sec: 30099633 operations; 16573.8 current ops/sec; [INSERT AverageLatency(us)=14.87] [READ AverageLatency(us)=1328.48] 
2014-07-26 21:46:42:838 1640 sec: 30293165 operations; 19351.26 current ops/sec; [INSERT AverageLatency(us)=14.77] [READ AverageLatency(us)=1144.82] 
2014-07-26 21:46:52:838 1650 sec: 30500614 operations; 20744.9 current ops/sec; [INSERT AverageLatency(us)=12.42] [READ AverageLatency(us)=1063.98] 
2014-07-26 21:47:02:839 1660 sec: 30705936 operations; 20530.15 current ops/sec; [INSERT AverageLatency(us)=13.41] [READ AverageLatency(us)=1074.86] 
2014-07-26 21:47:12:839 1670 sec: 30911145 operations; 20520.9 current ops/sec; [INSERT AverageLatency(us)=12.77] [READ AverageLatency(us)=1074.73] 
2014-07-26 21:47:22:840 1680 sec: 31065941 operations; 15478.05 current ops/sec; [INSERT AverageLatency(us)=15.27] [READ AverageLatency(us)=1425.7] 
2014-07-26 21:47:32:840 1690 sec: 31248125 operations; 18218.4 current ops/sec; [INSERT AverageLatency(us)=12.62] [READ AverageLatency(us)=1211.56] 
2014-07-26 21:47:42:841 1700 sec: 31434520 operations; 18637.64 current ops/sec; [INSERT AverageLatency(us)=12.14] [READ AverageLatency(us)=1183.93] 
2014-07-26 21:47:52:841 1710 sec: 31619165 operations; 18464.5 current ops/sec; [INSERT AverageLatency(us)=12.79] [READ AverageLatency(us)=1194.16] 
2014-07-26 21:48:02:842 1720 sec: 31808427 operations; 18924.31 current ops/sec; [INSERT AverageLatency(us)=13.01] [READ AverageLatency(us)=1166.51] 
2014-07-26 21:48:12:842 1730 sec: 31963740 operations; 15531.3 current ops/sec; [INSERT AverageLatency(us)=14.7] [READ AverageLatency(us)=1423.04] 
2014-07-26 21:48:22:843 1740 sec: 32119510 operations; 15575.44 current ops/sec; [INSERT AverageLatency(us)=13.81] [READ AverageLatency(us)=1418.28] 
2014-07-26 21:48:32:843 1750 sec: 32198333 operations; 7882.3 current ops/sec; [INSERT AverageLatency(us)=12.09] [READ AverageLatency(us)=2235.17] 
2014-07-26 21:48:42:844 1760 sec: 32378013 operations; 17966.2 current ops/sec; [INSERT AverageLatency(us)=12.63] [READ AverageLatency(us)=1482.56] 
2014-07-26 21:48:52:844 1770 sec: 32566089 operations; 18807.6 current ops/sec; [INSERT AverageLatency(us)=12.47] [READ AverageLatency(us)=1173.67] 
2014-07-26 21:49:02:845 1780 sec: 32767252 operations; 20114.29 current ops/sec; [INSERT AverageLatency(us)=12.14] [READ AverageLatency(us)=1097.54] 
2014-07-26 21:49:12:845 1790 sec: 32929070 operations; 16181.8 current ops/sec; [INSERT AverageLatency(us)=14.81] [READ AverageLatency(us)=1361.87] 
2014-07-26 21:49:22:846 1800 sec: 33114996 operations; 18590.74 current ops/sec; [INSERT AverageLatency(us)=12.69] [READ AverageLatency(us)=1190.54] 
2014-07-26 21:49:32:846 1810 sec: 33309026 operations; 19403 current ops/sec; [INSERT AverageLatency(us)=12.99] [READ AverageLatency(us)=1138.29] 
2014-07-26 21:49:42:847 1820 sec: 33504148 operations; 19510.25 current ops/sec; [INSERT AverageLatency(us)=12.02] [READ AverageLatency(us)=1133.25] 
2014-07-26 21:49:52:847 1830 sec: 33699074 operations; 19492.6 current ops/sec; [INSERT AverageLatency(us)=12.77] [READ AverageLatency(us)=1131.66] 
2014-07-26 21:50:02:848 1840 sec: 33865501 operations; 16641.04 current ops/sec; [INSERT AverageLatency(us)=14.79] [READ AverageLatency(us)=1324.99] 
2014-07-26 21:50:12:848 1850 sec: 34053062 operations; 18756.1 current ops/sec; [INSERT AverageLatency(us)=14.11] [READ AverageLatency(us)=1176.95] 
2014-07-26 21:50:22:849 1860 sec: 34255538 operations; 20245.58 current ops/sec; [INSERT AverageLatency(us)=12.55] [READ AverageLatency(us)=1093.53] 
2014-07-26 21:50:32:849 1870 sec: 34456277 operations; 20073.9 current ops/sec; [INSERT AverageLatency(us)=12.83] [READ AverageLatency(us)=1100.53] 
2014-07-26 21:50:42:854 1880 sec: 34650991 operations; 19461.67 current ops/sec; [INSERT AverageLatency(us)=12.9] [READ AverageLatency(us)=1135.07] 
2014-07-26 21:50:52:854 1890 sec: 34822028 operations; 17103.7 current ops/sec; [INSERT AverageLatency(us)=16.84] [READ AverageLatency(us)=1291.29] 
2014-07-26 21:51:02:855 1900 sec: 35018630 operations; 19658.23 current ops/sec; [INSERT AverageLatency(us)=12.53] [READ AverageLatency(us)=1122.72] 
2014-07-26 21:51:12:855 1910 sec: 35221921 operations; 20329.1 current ops/sec; [INSERT AverageLatency(us)=12.47] [READ AverageLatency(us)=1085.75] 
2014-07-26 21:51:22:856 1920 sec: 35426744 operations; 20480.25 current ops/sec; [INSERT AverageLatency(us)=12.26] [READ AverageLatency(us)=1079.15] 
2014-07-26 21:51:32:856 1930 sec: 35617950 operations; 19120.6 current ops/sec; [INSERT AverageLatency(us)=14.12] [READ AverageLatency(us)=1152.81] 
2014-07-26 21:51:42:857 1940 sec: 35787317 operations; 16935.01 current ops/sec; [INSERT AverageLatency(us)=15.78] [READ AverageLatency(us)=1305.92] 
2014-07-26 21:51:52:857 1950 sec: 35982577 operations; 19526 current ops/sec; [INSERT AverageLatency(us)=13.62] [READ AverageLatency(us)=1129.89] 
2014-07-26 21:52:02:858 1960 sec: 36188793 operations; 20619.54 current ops/sec; [INSERT AverageLatency(us)=12.56] [READ AverageLatency(us)=1070.66] 
2014-07-26 21:52:12:858 1970 sec: 36391160 operations; 20236.7 current ops/sec; [INSERT AverageLatency(us)=19.4] [READ AverageLatency(us)=1090.21] 
2014-07-26 21:52:22:859 1980 sec: 36576453 operations; 18527.45 current ops/sec; [INSERT AverageLatency(us)=13.77] [READ AverageLatency(us)=1191.33] 
2014-07-26 21:52:32:859 1990 sec: 36744899 operations; 16844.6 current ops/sec; [INSERT AverageLatency(us)=17.35] [READ AverageLatency(us)=1312.33] 
2014-07-26 21:52:42:860 2000 sec: 36942097 operations; 19717.83 current ops/sec; [INSERT AverageLatency(us)=12.45] [READ AverageLatency(us)=1119.73] 
2014-07-26 21:52:52:860 2010 sec: 37147800 operations; 20570.3 current ops/sec; [INSERT AverageLatency(us)=12.19] [READ AverageLatency(us)=1074.23] 
2014-07-26 21:53:02:861 2020 sec: 37352179 operations; 20435.86 current ops/sec; [INSERT AverageLatency(us)=13.12] [READ AverageLatency(us)=1080.87] 
2014-07-26 21:53:12:861 2030 sec: 37528962 operations; 17678.3 current ops/sec; [INSERT AverageLatency(us)=13.48] [READ AverageLatency(us)=1245.3] 
2014-07-26 21:53:22:862 2040 sec: 37697665 operations; 16868.61 current ops/sec; [INSERT AverageLatency(us)=15.23] [READ AverageLatency(us)=1312.83] 
2014-07-26 21:53:32:862 2050 sec: 37882444 operations; 18477.9 current ops/sec; [INSERT AverageLatency(us)=12.82] [READ AverageLatency(us)=1194.51] 
2014-07-26 21:53:42:863 2060 sec: 38085739 operations; 20327.47 current ops/sec; [INSERT AverageLatency(us)=12.62] [READ AverageLatency(us)=1085.68] 
2014-07-26 21:53:52:863 2070 sec: 38290094 operations; 20435.5 current ops/sec; [INSERT AverageLatency(us)=12.7] [READ AverageLatency(us)=1080.96] 
2014-07-26 21:54:02:864 2080 sec: 38471334 operations; 18122.19 current ops/sec; [INSERT AverageLatency(us)=14.07] [READ AverageLatency(us)=1145.11] 
2014-07-26 21:54:12:864 2090 sec: 38593965 operations; 12263.1 current ops/sec; [INSERT AverageLatency(us)=16.2] [READ AverageLatency(us)=1795.57] 
2014-07-26 21:54:22:865 2100 sec: 38786159 operations; 19217.48 current ops/sec; [INSERT AverageLatency(us)=13.31] [READ AverageLatency(us)=1156.32] 
2014-07-26 21:54:32:865 2110 sec: 38990128 operations; 20396.9 current ops/sec; [INSERT AverageLatency(us)=12.22] [READ AverageLatency(us)=1082.44] 
2014-07-26 21:54:42:866 2120 sec: 39189125 operations; 19897.71 current ops/sec; [INSERT AverageLatency(us)=13.08] [READ AverageLatency(us)=1106.57] 
2014-07-26 21:54:52:866 2130 sec: 39377179 operations; 18805.4 current ops/sec; [INSERT AverageLatency(us)=13.96] [READ AverageLatency(us)=1175.29] 
2014-07-26 21:55:02:867 2140 sec: 39525809 operations; 14861.51 current ops/sec; [INSERT AverageLatency(us)=15.06] [READ AverageLatency(us)=1490.14] 
2014-07-26 21:55:12:875 2150 sec: 39684822 operations; 15888.59 current ops/sec; [INSERT AverageLatency(us)=13.45] [READ AverageLatency(us)=1390.58] 
2014-07-26 21:55:22:876 2160 sec: 39861380 operations; 17654.03 current ops/sec; [INSERT AverageLatency(us)=12.2] [READ AverageLatency(us)=1251.74] 
2014-07-26 21:55:32:876 2170 sec: 40053457 operations; 19207.7 current ops/sec; [INSERT AverageLatency(us)=13.11] [READ AverageLatency(us)=1148.74] 
2014-07-26 21:55:42:877 2180 sec: 40239144 operations; 18566.84 current ops/sec; [INSERT AverageLatency(us)=13.61] [READ AverageLatency(us)=1184.83] 
2014-07-26 21:55:52:877 2190 sec: 40391570 operations; 15242.6 current ops/sec; [INSERT AverageLatency(us)=14.35] [READ AverageLatency(us)=1456.96] 
2014-07-26 21:56:02:878 2200 sec: 40553269 operations; 16168.28 current ops/sec; [INSERT AverageLatency(us)=15.45] [READ AverageLatency(us)=1367.07] 
2014-07-26 21:56:12:885 2210 sec: 40751607 operations; 19819.93 current ops/sec; [INSERT AverageLatency(us)=12.27] [READ AverageLatency(us)=1113.57] 
2014-07-26 21:56:22:885 2220 sec: 40950474 operations; 19886.7 current ops/sec; [INSERT AverageLatency(us)=13.07] [READ AverageLatency(us)=1110.84] 
2014-07-26 21:56:32:886 2230 sec: 41138870 operations; 18837.72 current ops/sec; [INSERT AverageLatency(us)=12.52] [READ AverageLatency(us)=1173.75] 
2014-07-26 21:56:42:886 2240 sec: 41296198 operations; 15732.8 current ops/sec; [INSERT AverageLatency(us)=14.28] [READ AverageLatency(us)=1408.53] 
2014-07-26 21:56:52:887 2250 sec: 41450280 operations; 15406.66 current ops/sec; [INSERT AverageLatency(us)=15.37] [READ AverageLatency(us)=1436.43] 
2014-07-26 21:57:02:887 2260 sec: 41643902 operations; 19362.2 current ops/sec; [INSERT AverageLatency(us)=13.16] [READ AverageLatency(us)=1141.64] 
2014-07-26 21:57:12:895 2270 sec: 41847951 operations; 20388.59 current ops/sec; [INSERT AverageLatency(us)=13.32] [READ AverageLatency(us)=1083.16] 
2014-07-26 21:57:22:895 2280 sec: 42049712 operations; 20176.1 current ops/sec; [INSERT AverageLatency(us)=12.38] [READ AverageLatency(us)=1092.78] 
2014-07-26 21:57:32:896 2290 sec: 42219063 operations; 16933.41 current ops/sec; [INSERT AverageLatency(us)=13.75] [READ AverageLatency(us)=1302.55] 
2014-07-26 21:57:42:896 2300 sec: 42385457 operations; 16639.4 current ops/sec; [INSERT AverageLatency(us)=14.57] [READ AverageLatency(us)=1328.24] 
2014-07-26 21:57:52:897 2310 sec: 42584749 operations; 19927.21 current ops/sec; [INSERT AverageLatency(us)=12.26] [READ AverageLatency(us)=1107.48] 
2014-07-26 21:58:02:897 2320 sec: 42784262 operations; 19951.3 current ops/sec; [INSERT AverageLatency(us)=12.75] [READ AverageLatency(us)=1106.31] 
2014-07-26 21:58:12:898 2330 sec: 42987465 operations; 20318.27 current ops/sec; [INSERT AverageLatency(us)=12.18] [READ AverageLatency(us)=1086.43] 
2014-07-26 21:58:22:898 2340 sec: 43163110 operations; 17564.5 current ops/sec; [INSERT AverageLatency(us)=14.49] [READ AverageLatency(us)=1256.55] 
2014-07-26 21:58:32:899 2350 sec: 43323887 operations; 16076.09 current ops/sec; [INSERT AverageLatency(us)=16.11] [READ AverageLatency(us)=1375.23] 
2014-07-26 21:58:42:899 2360 sec: 43525570 operations; 20168.3 current ops/sec; [INSERT AverageLatency(us)=13.33] [READ AverageLatency(us)=1095.4] 
2014-07-26 21:58:52:900 2370 sec: 43730936 operations; 20534.55 current ops/sec; [INSERT AverageLatency(us)=13.2] [READ AverageLatency(us)=1076.61] 
2014-07-26 21:59:02:900 2380 sec: 43935544 operations; 20460.8 current ops/sec; [INSERT AverageLatency(us)=12.6] [READ AverageLatency(us)=1079.57] 
2014-07-26 21:59:12:901 2390 sec: 44106131 operations; 17056.99 current ops/sec; [INSERT AverageLatency(us)=15.67] [READ AverageLatency(us)=1295.32] 
2014-07-26 21:59:22:901 2400 sec: 44276011 operations; 16988 current ops/sec; [INSERT AverageLatency(us)=15.52] [READ AverageLatency(us)=1301.41] 
2014-07-26 21:59:32:902 2410 sec: 44457618 operations; 18158.88 current ops/sec; [INSERT AverageLatency(us)=12.04] [READ AverageLatency(us)=1213.77] 
2014-07-26 21:59:42:902 2420 sec: 44645070 operations; 18745.2 current ops/sec; [INSERT AverageLatency(us)=12.33] [READ AverageLatency(us)=1179.01] 
2014-07-26 21:59:52:903 2430 sec: 44837464 operations; 19239.4 current ops/sec; [INSERT AverageLatency(us)=12.53] [READ AverageLatency(us)=1147.74] 
2014-07-26 22:00:02:903 2440 sec: 45026730 operations; 18924.71 current ops/sec; [INSERT AverageLatency(us)=13.02] [READ AverageLatency(us)=1168.27] 
2014-07-26 22:00:12:903 2450 sec: 45171723 operations; 14499.3 current ops/sec; [INSERT AverageLatency(us)=16.45] [READ AverageLatency(us)=1515.16] 
2014-07-26 22:00:22:904 2460 sec: 45354594 operations; 18285.27 current ops/sec; [INSERT AverageLatency(us)=13.14] [READ AverageLatency(us)=1214.91] 
2014-07-26 22:00:32:904 2470 sec: 45540448 operations; 18585.4 current ops/sec; [INSERT AverageLatency(us)=12.44] [READ AverageLatency(us)=1188.96] 
2014-07-26 22:00:42:905 2480 sec: 45727533 operations; 18706.63 current ops/sec; [INSERT AverageLatency(us)=12.49] [READ AverageLatency(us)=1180.42] 
2014-07-26 22:00:52:905 2490 sec: 45919345 operations; 19181.2 current ops/sec; [INSERT AverageLatency(us)=12.92] [READ AverageLatency(us)=1152.93] 
2014-07-26 22:01:02:906 2500 sec: 46065089 operations; 14572.94 current ops/sec; [INSERT AverageLatency(us)=16.01] [READ AverageLatency(us)=1517.55] 
2014-07-26 22:01:12:906 2510 sec: 46236827 operations; 17173.8 current ops/sec; [INSERT AverageLatency(us)=14.02] [READ AverageLatency(us)=1285.91] 
2014-07-26 22:01:22:907 2520 sec: 46438066 operations; 20121.89 current ops/sec; [INSERT AverageLatency(us)=12.63] [READ AverageLatency(us)=1093.67] 
2014-07-26 22:01:32:907 2530 sec: 46640554 operations; 20248.8 current ops/sec; [INSERT AverageLatency(us)=12.85] [READ AverageLatency(us)=1092.52] 
2014-07-26 22:01:42:917 2540 sec: 46842564 operations; 20182.84 current ops/sec; [INSERT AverageLatency(us)=12.32] [READ AverageLatency(us)=1095.66] 
2014-07-26 22:01:52:917 2550 sec: 47003872 operations; 16129.19 current ops/sec; [INSERT AverageLatency(us)=15.75] [READ AverageLatency(us)=1370.08] 
2014-07-26 22:02:02:917 2560 sec: 47168264 operations; 16439.2 current ops/sec; [INSERT AverageLatency(us)=13.53] [READ AverageLatency(us)=1343.63] 
2014-07-26 22:02:12:918 2570 sec: 47331383 operations; 16310.27 current ops/sec; [INSERT AverageLatency(us)=12.88] [READ AverageLatency(us)=1356.8] 
2014-07-26 22:02:22:918 2580 sec: 47488896 operations; 15751.3 current ops/sec; [INSERT AverageLatency(us)=12.83] [READ AverageLatency(us)=1402.24] 
2014-07-26 22:02:32:919 2590 sec: 47680826 operations; 19191.08 current ops/sec; [INSERT AverageLatency(us)=14.26] [READ AverageLatency(us)=1151.97] 
2014-07-26 22:02:42:919 2600 sec: 47846123 operations; 16529.7 current ops/sec; [INSERT AverageLatency(us)=15.82] [READ AverageLatency(us)=1336.33] 
2014-07-26 22:02:52:920 2610 sec: 47982869 operations; 13673.23 current ops/sec; [INSERT AverageLatency(us)=16.22] [READ AverageLatency(us)=1615.45] 
2014-07-26 22:03:02:920 2620 sec: 48151110 operations; 16824.1 current ops/sec; [INSERT AverageLatency(us)=12.94] [READ AverageLatency(us)=1315.02] 
2014-07-26 22:03:12:921 2630 sec: 48342605 operations; 19147.59 current ops/sec; [INSERT AverageLatency(us)=13.81] [READ AverageLatency(us)=1153.44] 
2014-07-26 22:03:22:921 2640 sec: 48538990 operations; 19638.5 current ops/sec; [INSERT AverageLatency(us)=12.98] [READ AverageLatency(us)=1123.6] 
2014-07-26 22:03:32:922 2650 sec: 48735001 operations; 19599.14 current ops/sec; [INSERT AverageLatency(us)=13.48] [READ AverageLatency(us)=1127.02] 
2014-07-26 22:03:42:922 2660 sec: 48904427 operations; 16942.6 current ops/sec; [INSERT AverageLatency(us)=14.27] [READ AverageLatency(us)=1303.57] 
2014-07-26 22:03:52:923 2670 sec: 49092996 operations; 18855.01 current ops/sec; [INSERT AverageLatency(us)=13.46] [READ AverageLatency(us)=1173.07] 
2014-07-26 22:04:02:923 2680 sec: 49267538 operations; 17454.2 current ops/sec; [INSERT AverageLatency(us)=12.35] [READ AverageLatency(us)=1267.69] 
2014-07-26 22:04:12:924 2690 sec: 49462157 operations; 19459.95 current ops/sec; [INSERT AverageLatency(us)=12.24] [READ AverageLatency(us)=1136.47] 
2014-07-26 22:04:22:924 2700 sec: 49658230 operations; 19607.3 current ops/sec; [INSERT AverageLatency(us)=12.62] [READ AverageLatency(us)=1126.68] 
2014-07-26 22:04:32:925 2710 sec: 49809981 operations; 15173.58 current ops/sec; [INSERT AverageLatency(us)=14.95] [READ AverageLatency(us)=1455.46] 
2014-07-26 22:04:42:925 2720 sec: 49969107 operations; 15912.6 current ops/sec; [UPDATE AverageLatency(us)=142311] [INSERT AverageLatency(us)=14.28] [READ AverageLatency(us)=1384.58] [CLEANUP AverageLatency(us)=142433] 
2014-07-26 22:04:47:848 2725 sec: 50000000 operations; 6276.51 current ops/sec; [UPDATE AverageLatency(us)=89872.16] [INSERT AverageLatency(us)=11.93] [READ AverageLatency(us)=1239.91] [CLEANUP AverageLatency(us)=89983.16] 
+ echo 'end time:'
end time:
++ date +%s
+ echo 1406437488
1406437488
+ echo 'sleeping for 10 sec ...'
sleeping for 10 sec ...
+ sleep 10
+ false
+ false
+ false
+ false
+ let counter=1+1
+ read line
+ set +x
