++ ls caseresult/ -ltr
++ wc -l
+ filename=case292
+ requestdistribution=
+ mkdir caseresult/case292
+ ssh hadoop@master mkdir /home/hadoop/git/physical_design/caseresult/case292
+ RESULT_DIR=/home/hadoop/git/physical_design/caseresult/case292
+ TEN=10
+ SIXTY=60
+ SLEEP_TIME=200
+ YCSB_DIR=/home/hadoop/ycsb-0.1.4
+ number_of_operations=50000000
+ number_of_threads=20
+ number_of_records=50000000
+ output_file_suffix=.dat
+ experiment_list_file=/home/hadoop/git/physical_design/case292.list
+ clean=false
+ create=false
+ load=false
+ random_read=false
+ workloada=false
+ workloadb=false
+ workloadc=false
+ scan=false
+ all=false
+ for i in '$@'
+ '[' clean == all ']'
+ '[' clean == clean ']'
+ clean=true
+ for i in '$@'
+ '[' create == all ']'
+ '[' create == clean ']'
+ '[' create == create ']'
+ create=true
+ for i in '$@'
+ '[' workloada == all ']'
+ '[' workloada == clean ']'
+ '[' workloada == create ']'
+ '[' workloada == load ']'
+ '[' workloada == random_read ']'
+ '[' workloada == scan ']'
+ '[' workloada == workloada ']'
+ workloada=true
+ for i in '$@'
+ '[' zipfian == all ']'
+ '[' zipfian == clean ']'
+ '[' zipfian == create ']'
+ '[' zipfian == load ']'
+ '[' zipfian == random_read ']'
+ '[' zipfian == scan ']'
+ '[' zipfian == workloada ']'
+ '[' zipfian == workloadb ']'
+ '[' zipfian == workloadc ']'
+ '[' zipfian == zipfian ']'
+ requestdistribution=zipfian
+ let counter=1
+ cd /home/hadoop/ycsb-0.1.4
++ pwd
+ echo /home/hadoop/ycsb-0.1.4
/home/hadoop/ycsb-0.1.4
+ read line
+ false
+ true
+ echo 'sleeping for 60 ...'
sleeping for 60 ...
+ sleep 60
+ echo 'droping usertable...'
droping usertable...
+ ssh hadoop@master /home/hadoop/hbase/bin/hbase shell /home/hadoop/git/physical_design/delete_table
0 row(s) in 2.8530 seconds

0 row(s) in 0.8580 seconds

0 row(s) in 0.0960 seconds

+ echo 'sleeping for 200 ...'
sleeping for 200 ...
+ sleep 200
+ false
+ true
+ echo 'creating usertable...'
creating usertable...
+ create_statement='create '\''usertable'\'', { NAME=>'\''family'\'', COMPRESSION=>'\''GZ'\''}, SPLITS => ['\''user1'\'', '\''user2'\'', '\''user3'\'', '\''user4'\'', '\''user5'\'', '\''user6'\'', '\''user7'\'', '\''user8'\'', '\''user9'\'']'
+ echo create ''\''usertable'\'',' '{' 'NAME=>'\''family'\'',' 'COMPRESSION=>'\''GZ'\''},' SPLITS '=>' '['\''user1'\'',' ''\''user2'\'',' ''\''user3'\'',' ''\''user4'\'',' ''\''user5'\'',' ''\''user6'\'',' ''\''user7'\'',' ''\''user8'\'',' ''\''user9'\'']'
+ echo 'exit '
+ scp /home/hadoop/git/physical_design/caseresult/case292/create_1.script hadoop@master:/home/hadoop/git/physical_design/caseresult/case292/create_1.script
+ create_table /home/hadoop/git/physical_design/caseresult/case292/create_1.script
+ echo 'creating table...'
creating table...
+ echo /home/hadoop/git/physical_design/caseresult/case292/create_1.script
/home/hadoop/git/physical_design/caseresult/case292/create_1.script
+ ssh hadoop@master /home/hadoop/hbase/bin/hbase shell /home/hadoop/git/physical_design/caseresult/case292/create_1.script
0 row(s) in 1.5800 seconds

+ echo 'sleeping for 10 sec ...'
sleeping for 10 sec ...
+ sleep 10
+ false
+ false
+ false
+ false
+ false
+ false
+ false
+ true
+ echo workloada...
workloada...
+ echo 'start time: '
start time: 
++ date +%s
+ echo 1406747161
1406747161
++ echo /home/hadoop/git/physical_design/caseresult/case292/workloada_1.dat
+ ./workloada 50000000 20 /home/hadoop/git/physical_design/caseresult/case292/workloada_1.dat zipfian
Loading workload...
Starting test.
2014-07-30 12:06:01:547 0 sec: 0 operations; 
14/07/30 12:06:01 INFO zookeeper.ZooKeeper: Client environment:zookeeper.version=3.4.6-1569965, built on 02/20/2014 09:09 GMT
14/07/30 12:06:01 INFO zookeeper.ZooKeeper: Client environment:host.name=sceplus-vm43.almaden.ibm.com
14/07/30 12:06:01 INFO zookeeper.ZooKeeper: Client environment:java.version=1.6.0_31
14/07/30 12:06:01 INFO zookeeper.ZooKeeper: Client environment:java.vendor=Sun Microsystems Inc.
14/07/30 12:06:01 INFO zookeeper.ZooKeeper: Client environment:java.home=/usr/lib/jvm/java-6-openjdk-amd64/jre
14/07/30 12:06:01 INFO zookeeper.ZooKeeper: Client environment:java.class.path=/home/hadoop/ycsb-0.1.4/hbase-binding/lib/hbase-binding-0.1.4.jar:/home/hadoop/ycsb-0.1.4/hbase-binding/conf:/home/hadoop/ycsb-0.1.4/core/lib/core-0.1.4.jar:/home/hadoop/ycsb-0.1.4/jdbc-binding/conf
14/07/30 12:06:01 INFO zookeeper.ZooKeeper: Client environment:java.library.path=/usr/lib/jvm/java-6-openjdk-amd64/jre/lib/amd64/server:/usr/lib/jvm/java-6-openjdk-amd64/jre/lib/amd64:/usr/lib/jvm/java-6-openjdk-amd64/jre/../lib/amd64:/usr/java/packages/lib/amd64:/usr/lib/jni:/lib:/usr/lib
14/07/30 12:06:01 INFO zookeeper.ZooKeeper: Client environment:java.io.tmpdir=/tmp
14/07/30 12:06:01 INFO zookeeper.ZooKeeper: Client environment:java.compiler=<NA>
14/07/30 12:06:01 INFO zookeeper.ZooKeeper: Client environment:os.name=Linux
14/07/30 12:06:01 INFO zookeeper.ZooKeeper: Client environment:os.arch=amd64
14/07/30 12:06:01 INFO zookeeper.ZooKeeper: Client environment:os.version=3.13.0-24-generic
14/07/30 12:06:01 INFO zookeeper.ZooKeeper: Client environment:user.name=hadoop
14/07/30 12:06:01 INFO zookeeper.ZooKeeper: Client environment:user.home=/home/hadoop
14/07/30 12:06:01 INFO zookeeper.ZooKeeper: Client environment:user.dir=/home/hadoop/ycsb-0.1.4
14/07/30 12:06:01 INFO zookeeper.ZooKeeper: Initiating client connection, connectString=sceplus-vm49.almaden.ibm.com:2181,sceplus-vm48.almaden.ibm.com:2181 sessionTimeout=90000 watcher=hconnection-0x203822fc, quorum=sceplus-vm49.almaden.ibm.com:2181,sceplus-vm48.almaden.ibm.com:2181, baseZNode=/hbase
14/07/30 12:06:01 INFO zookeeper.RecoverableZooKeeper: Process identifier=hconnection-0x203822fc connecting to ZooKeeper ensemble=sceplus-vm49.almaden.ibm.com:2181,sceplus-vm48.almaden.ibm.com:2181
14/07/30 12:06:01 INFO zookeeper.ClientCnxn: Opening socket connection to server slave1/9.1.143.59:2181. Will not attempt to authenticate using SASL (unknown error)
14/07/30 12:06:01 INFO zookeeper.ClientCnxn: Socket connection established to slave1/9.1.143.59:2181, initiating session
14/07/30 12:06:02 INFO zookeeper.ClientCnxn: Session establishment complete on server slave1/9.1.143.59:2181, sessionid = 0x1478a580e17000a, negotiated timeout = 90000
2014-07-30 12:06:11:548 10 sec: 3688 operations; 368.76 current ops/sec; [INSERT AverageLatency(us)=6076.36] [READ AverageLatency(us)=18507.72] 
2014-07-30 12:06:21:549 20 sec: 10325 operations; 663.63 current ops/sec; [INSERT AverageLatency(us)=203.75] [READ AverageLatency(us)=9701.9] 
2014-07-30 12:06:31:549 30 sec: 18455 operations; 813 current ops/sec; [INSERT AverageLatency(us)=20.65] [READ AverageLatency(us)=8477.29] 
2014-07-30 12:06:41:550 40 sec: 32351 operations; 1389.46 current ops/sec; [INSERT AverageLatency(us)=26.74] [READ AverageLatency(us)=7129.46] 
2014-07-30 12:06:51:550 50 sec: 51944 operations; 1959.3 current ops/sec; [INSERT AverageLatency(us)=29.26] [READ AverageLatency(us)=5889.04] 
2014-07-30 12:07:01:551 60 sec: 83824 operations; 3187.68 current ops/sec; [INSERT AverageLatency(us)=25.7] [READ AverageLatency(us)=3928.41] 
2014-07-30 12:07:11:551 70 sec: 138625 operations; 5480.1 current ops/sec; [INSERT AverageLatency(us)=26.21] [READ AverageLatency(us)=2559.09] 
2014-07-30 12:07:21:552 80 sec: 236147 operations; 9751.22 current ops/sec; [INSERT AverageLatency(us)=19.1] [READ AverageLatency(us)=1610.22] 
2014-07-30 12:07:31:552 90 sec: 387219 operations; 15107.2 current ops/sec; [INSERT AverageLatency(us)=14.11] [READ AverageLatency(us)=1176.66] 
2014-07-30 12:07:41:553 100 sec: 555420 operations; 16818.42 current ops/sec; [INSERT AverageLatency(us)=13.84] [READ AverageLatency(us)=1117.75] 
2014-07-30 12:07:51:557 110 sec: 736548 operations; 18107.37 current ops/sec; [INSERT AverageLatency(us)=15.24] [READ AverageLatency(us)=1072.5] 
2014-07-30 12:08:01:557 120 sec: 922486 operations; 18591.94 current ops/sec; [INSERT AverageLatency(us)=21.23] [READ AverageLatency(us)=1083.33] 
2014-07-30 12:08:11:557 130 sec: 1065485 operations; 14299.9 current ops/sec; [INSERT AverageLatency(us)=23.46] [READ AverageLatency(us)=1459.76] 
2014-07-30 12:08:21:558 140 sec: 1263428 operations; 19792.32 current ops/sec; [INSERT AverageLatency(us)=13.25] [READ AverageLatency(us)=1038.25] 
2014-07-30 12:08:31:559 150 sec: 1461850 operations; 19842.2 current ops/sec; [INSERT AverageLatency(us)=13.94] [READ AverageLatency(us)=1046.57] 
2014-07-30 12:08:41:559 160 sec: 1669403 operations; 20753.22 current ops/sec; [INSERT AverageLatency(us)=13.33] [READ AverageLatency(us)=1004.03] 
2014-07-30 12:08:51:560 170 sec: 1867477 operations; 19805.42 current ops/sec; [INSERT AverageLatency(us)=15.42] [READ AverageLatency(us)=1069.59] 
2014-07-30 12:09:01:560 180 sec: 2039566 operations; 17208.9 current ops/sec; [INSERT AverageLatency(us)=18.82] [READ AverageLatency(us)=1243.45] 
2014-07-30 12:09:11:561 190 sec: 2247037 operations; 20745.03 current ops/sec; [INSERT AverageLatency(us)=13.19] [READ AverageLatency(us)=1025.33] 
2014-07-30 12:09:21:561 200 sec: 2455257 operations; 20822 current ops/sec; [INSERT AverageLatency(us)=12.91] [READ AverageLatency(us)=1025.57] 
2014-07-30 12:09:31:562 210 sec: 2667539 operations; 21228.2 current ops/sec; [INSERT AverageLatency(us)=13.76] [READ AverageLatency(us)=1009.96] 
2014-07-30 12:09:41:562 220 sec: 2837853 operations; 17029.7 current ops/sec; [INSERT AverageLatency(us)=16.18] [READ AverageLatency(us)=1265.51] 
2014-07-30 12:09:51:562 230 sec: 3043886 operations; 20603.3 current ops/sec; [INSERT AverageLatency(us)=12.91] [READ AverageLatency(us)=1049.36] 
2014-07-30 12:10:01:563 240 sec: 3254473 operations; 21056.59 current ops/sec; [INSERT AverageLatency(us)=12.99] [READ AverageLatency(us)=1022.61] 
2014-07-30 12:10:11:564 250 sec: 3465721 operations; 21124.8 current ops/sec; [INSERT AverageLatency(us)=13.12] [READ AverageLatency(us)=1021.07] 
2014-07-30 12:10:21:564 260 sec: 3675142 operations; 20940.01 current ops/sec; [INSERT AverageLatency(us)=14.01] [READ AverageLatency(us)=1032.15] 
2014-07-30 12:10:31:564 270 sec: 3839912 operations; 16477 current ops/sec; [INSERT AverageLatency(us)=19.2] [READ AverageLatency(us)=1318.27] 
2014-07-30 12:10:41:565 280 sec: 4049353 operations; 20942.01 current ops/sec; [INSERT AverageLatency(us)=12.87] [READ AverageLatency(us)=1035.32] 
2014-07-30 12:10:51:565 290 sec: 4263113 operations; 21376 current ops/sec; [INSERT AverageLatency(us)=12.68] [READ AverageLatency(us)=1014.79] 
2014-07-30 12:11:01:566 300 sec: 4473057 operations; 20992.3 current ops/sec; [INSERT AverageLatency(us)=12.62] [READ AverageLatency(us)=1034.35] 
2014-07-30 12:11:11:566 310 sec: 4671445 operations; 19838.8 current ops/sec; [INSERT AverageLatency(us)=20.94] [READ AverageLatency(us)=1095.68] 
2014-07-30 12:11:21:567 320 sec: 4838535 operations; 16707.33 current ops/sec; [INSERT AverageLatency(us)=15.1] [READ AverageLatency(us)=1308.1] 
2014-07-30 12:11:31:567 330 sec: 5047182 operations; 20864.7 current ops/sec; [INSERT AverageLatency(us)=12.63] [READ AverageLatency(us)=1041.84] 
2014-07-30 12:11:41:568 340 sec: 5257710 operations; 21050.69 current ops/sec; [INSERT AverageLatency(us)=12.65] [READ AverageLatency(us)=1033.48] 
2014-07-30 12:11:51:568 350 sec: 5470221 operations; 21251.1 current ops/sec; [INSERT AverageLatency(us)=12.87] [READ AverageLatency(us)=1025.7] 
2014-07-30 12:12:01:569 360 sec: 5642810 operations; 17257.17 current ops/sec; [INSERT AverageLatency(us)=16.84] [READ AverageLatency(us)=1257.76] 
2014-07-30 12:12:11:569 370 sec: 5837514 operations; 19470.4 current ops/sec; [INSERT AverageLatency(us)=13.38] [READ AverageLatency(us)=1129.72] 
2014-07-30 12:12:21:570 380 sec: 6046937 operations; 20940.21 current ops/sec; [INSERT AverageLatency(us)=12.99] [READ AverageLatency(us)=1040.58] 
2014-07-30 12:12:31:570 390 sec: 6257232 operations; 21029.5 current ops/sec; [INSERT AverageLatency(us)=13.07] [READ AverageLatency(us)=1038.63] 
2014-07-30 12:12:41:571 400 sec: 6470879 operations; 21362.56 current ops/sec; [INSERT AverageLatency(us)=13.36] [READ AverageLatency(us)=1023.66] 
2014-07-30 12:12:51:571 410 sec: 6624094 operations; 15321.5 current ops/sec; [INSERT AverageLatency(us)=18.07] [READ AverageLatency(us)=1420.6] 
2014-07-30 12:13:01:572 420 sec: 6822508 operations; 19839.42 current ops/sec; [INSERT AverageLatency(us)=14.89] [READ AverageLatency(us)=1112.08] 
2014-07-30 12:13:11:572 430 sec: 7030415 operations; 20790.7 current ops/sec; [INSERT AverageLatency(us)=17.61] [READ AverageLatency(us)=1052.88] 
2014-07-30 12:13:21:573 440 sec: 7237111 operations; 20667.53 current ops/sec; [INSERT AverageLatency(us)=13.7] [READ AverageLatency(us)=1059.86] 
2014-07-30 12:13:31:573 450 sec: 7448224 operations; 21111.3 current ops/sec; [INSERT AverageLatency(us)=13.62] [READ AverageLatency(us)=1038.18] 
2014-07-30 12:13:41:574 460 sec: 7598605 operations; 15036.6 current ops/sec; [INSERT AverageLatency(us)=30.29] [READ AverageLatency(us)=1462.96] 
2014-07-30 12:13:51:574 470 sec: 7795375 operations; 19677 current ops/sec; [INSERT AverageLatency(us)=13.31] [READ AverageLatency(us)=1114.38] 
2014-07-30 12:14:01:575 480 sec: 7997277 operations; 20188.18 current ops/sec; [INSERT AverageLatency(us)=12.42] [READ AverageLatency(us)=1087.55] 
2014-07-30 12:14:11:576 490 sec: 8193364 operations; 19608.7 current ops/sec; [INSERT AverageLatency(us)=19.82] [READ AverageLatency(us)=1120.18] 
2014-07-30 12:14:21:576 500 sec: 8392407 operations; 19902.31 current ops/sec; [INSERT AverageLatency(us)=13.21] [READ AverageLatency(us)=1103.75] 
2014-07-30 12:14:31:577 510 sec: 8525564 operations; 13315.7 current ops/sec; [INSERT AverageLatency(us)=16.64] [READ AverageLatency(us)=1652.66] 
2014-07-30 12:14:41:577 520 sec: 8671449 operations; 14587.04 current ops/sec; [INSERT AverageLatency(us)=14.63] [READ AverageLatency(us)=1511.29] 
2014-07-30 12:14:51:578 530 sec: 8837841 operations; 16639.2 current ops/sec; [INSERT AverageLatency(us)=12.36] [READ AverageLatency(us)=1323.74] 
2014-07-30 12:15:01:578 540 sec: 8998606 operations; 16074.89 current ops/sec; [INSERT AverageLatency(us)=12.54] [READ AverageLatency(us)=1368.87] 
2014-07-30 12:15:11:579 550 sec: 9163656 operations; 16505 current ops/sec; [INSERT AverageLatency(us)=13.35] [READ AverageLatency(us)=1333.12] 
2014-07-30 12:15:21:579 560 sec: 9339779 operations; 17610.54 current ops/sec; [INSERT AverageLatency(us)=13.16] [READ AverageLatency(us)=1250.27] 
2014-07-30 12:15:31:580 570 sec: 9496275 operations; 15649.6 current ops/sec; [INSERT AverageLatency(us)=17.15] [READ AverageLatency(us)=1408.85] 
2014-07-30 12:15:41:580 580 sec: 9694171 operations; 19787.62 current ops/sec; [INSERT AverageLatency(us)=12.55] [READ AverageLatency(us)=1111.11] 
2014-07-30 12:15:51:581 590 sec: 9891810 operations; 19763.9 current ops/sec; [INSERT AverageLatency(us)=13.07] [READ AverageLatency(us)=1111.45] 
2014-07-30 12:16:01:581 600 sec: 10088246 operations; 19641.64 current ops/sec; [INSERT AverageLatency(us)=14.02] [READ AverageLatency(us)=1118.66] 
2014-07-30 12:16:11:582 610 sec: 10278202 operations; 18995.6 current ops/sec; [INSERT AverageLatency(us)=14.31] [READ AverageLatency(us)=1148.58] 
2014-07-30 12:16:21:582 620 sec: 10441436 operations; 16321.77 current ops/sec; [INSERT AverageLatency(us)=20.22] [READ AverageLatency(us)=1359.32] 
2014-07-30 12:16:31:583 630 sec: 10640026 operations; 19859 current ops/sec; [INSERT AverageLatency(us)=13.1] [READ AverageLatency(us)=1109.46] 
2014-07-30 12:16:41:583 640 sec: 10837330 operations; 19728.43 current ops/sec; [INSERT AverageLatency(us)=12.87] [READ AverageLatency(us)=1115.5] 
2014-07-30 12:16:51:583 650 sec: 11036562 operations; 19923.2 current ops/sec; [INSERT AverageLatency(us)=12.76] [READ AverageLatency(us)=1104.21] 
2014-07-30 12:17:01:584 660 sec: 11225174 operations; 18859.31 current ops/sec; [INSERT AverageLatency(us)=14.54] [READ AverageLatency(us)=1165.86] 
2014-07-30 12:17:11:584 670 sec: 11381230 operations; 15605.6 current ops/sec; [INSERT AverageLatency(us)=15.67] [READ AverageLatency(us)=1415.17] 
2014-07-30 12:17:21:585 680 sec: 11572492 operations; 19124.29 current ops/sec; [INSERT AverageLatency(us)=13.69] [READ AverageLatency(us)=1151.04] 
2014-07-30 12:17:31:585 690 sec: 11760304 operations; 18781.2 current ops/sec; [INSERT AverageLatency(us)=13.11] [READ AverageLatency(us)=1172.38] 
2014-07-30 12:17:41:586 700 sec: 11947437 operations; 18711.43 current ops/sec; [INSERT AverageLatency(us)=14.17] [READ AverageLatency(us)=1176.61] 
2014-07-30 12:17:51:586 710 sec: 12137833 operations; 19039.6 current ops/sec; [INSERT AverageLatency(us)=14.3] [READ AverageLatency(us)=1145.1] 
2014-07-30 12:18:01:587 720 sec: 12289387 operations; 15153.88 current ops/sec; [INSERT AverageLatency(us)=16.04] [READ AverageLatency(us)=1468.07] 
2014-07-30 12:18:11:587 730 sec: 12489963 operations; 20057.6 current ops/sec; [INSERT AverageLatency(us)=12.94] [READ AverageLatency(us)=1097.94] 
2014-07-30 12:18:21:588 740 sec: 12692785 operations; 20280.17 current ops/sec; [INSERT AverageLatency(us)=13.73] [READ AverageLatency(us)=1085.81] 
2014-07-30 12:18:31:588 750 sec: 12891500 operations; 19871.5 current ops/sec; [INSERT AverageLatency(us)=13.71] [READ AverageLatency(us)=1105.31] 
2014-07-30 12:18:41:589 760 sec: 13077565 operations; 18604.64 current ops/sec; [INSERT AverageLatency(us)=14.43] [READ AverageLatency(us)=1186.26] 
2014-07-30 12:18:51:591 770 sec: 13248186 operations; 17058.69 current ops/sec; [INSERT AverageLatency(us)=18] [READ AverageLatency(us)=1289.32] 
2014-07-30 12:19:01:591 780 sec: 13450163 operations; 20197.7 current ops/sec; [INSERT AverageLatency(us)=13.76] [READ AverageLatency(us)=1091.5] 
2014-07-30 12:19:11:592 790 sec: 13650599 operations; 20041.6 current ops/sec; [INSERT AverageLatency(us)=13.46] [READ AverageLatency(us)=1099.56] 
2014-07-30 12:19:21:592 800 sec: 13855997 operations; 20539.8 current ops/sec; [INSERT AverageLatency(us)=12.73] [READ AverageLatency(us)=1071.07] 
2014-07-30 12:19:31:593 810 sec: 14048187 operations; 19217.08 current ops/sec; [INSERT AverageLatency(us)=13.73] [READ AverageLatency(us)=1144.06] 
2014-07-30 12:19:41:593 820 sec: 14210094 operations; 16190.7 current ops/sec; [INSERT AverageLatency(us)=17.24] [READ AverageLatency(us)=1359.56] 
2014-07-30 12:19:51:594 830 sec: 14396716 operations; 18660.33 current ops/sec; [INSERT AverageLatency(us)=13.02] [READ AverageLatency(us)=1184.02] 
2014-07-30 12:20:01:594 840 sec: 14579007 operations; 18229.1 current ops/sec; [INSERT AverageLatency(us)=13.57] [READ AverageLatency(us)=1207.19] 
2014-07-30 12:20:11:595 850 sec: 14766217 operations; 18719.13 current ops/sec; [INSERT AverageLatency(us)=13.14] [READ AverageLatency(us)=1176.36] 
2014-07-30 12:20:21:595 860 sec: 14948290 operations; 18207.3 current ops/sec; [INSERT AverageLatency(us)=13.18] [READ AverageLatency(us)=1212.4] 
2014-07-30 12:20:31:596 870 sec: 15091693 operations; 14338.87 current ops/sec; [INSERT AverageLatency(us)=17.61] [READ AverageLatency(us)=1536.35] 
2014-07-30 12:20:41:596 880 sec: 15258688 operations; 16699.5 current ops/sec; [INSERT AverageLatency(us)=13.25] [READ AverageLatency(us)=1321.72] 
2014-07-30 12:20:51:597 890 sec: 15444299 operations; 18559.24 current ops/sec; [INSERT AverageLatency(us)=13.12] [READ AverageLatency(us)=1187.83] 
2014-07-30 12:21:01:597 900 sec: 15629419 operations; 18512 current ops/sec; [INSERT AverageLatency(us)=13.24] [READ AverageLatency(us)=1190.39] 
2014-07-30 12:21:11:598 910 sec: 15821445 operations; 19200.68 current ops/sec; [INSERT AverageLatency(us)=13.11] [READ AverageLatency(us)=1146.71] 
2014-07-30 12:21:21:598 920 sec: 15986009 operations; 16456.4 current ops/sec; [INSERT AverageLatency(us)=15.43] [READ AverageLatency(us)=1342.08] 
2014-07-30 12:21:31:599 930 sec: 16151473 operations; 16544.75 current ops/sec; [INSERT AverageLatency(us)=13.56] [READ AverageLatency(us)=1333.52] 
2014-07-30 12:21:41:599 940 sec: 16351558 operations; 20008.5 current ops/sec; [INSERT AverageLatency(us)=12.53] [READ AverageLatency(us)=1102.1] 
2014-07-30 12:21:51:600 950 sec: 16551226 operations; 19964.8 current ops/sec; [INSERT AverageLatency(us)=12.41] [READ AverageLatency(us)=1103.61] 
2014-07-30 12:22:01:600 960 sec: 16753546 operations; 20232 current ops/sec; [INSERT AverageLatency(us)=12.49] [READ AverageLatency(us)=1089.19] 
2014-07-30 12:22:11:601 970 sec: 16907355 operations; 15379.36 current ops/sec; [INSERT AverageLatency(us)=16.07] [READ AverageLatency(us)=1433.59] 
2014-07-30 12:22:21:601 980 sec: 17078496 operations; 17114.1 current ops/sec; [INSERT AverageLatency(us)=13.46] [READ AverageLatency(us)=1288.96] 
2014-07-30 12:22:31:602 990 sec: 17275079 operations; 19656.33 current ops/sec; [INSERT AverageLatency(us)=14.19] [READ AverageLatency(us)=1121.53] 
2014-07-30 12:22:41:602 1000 sec: 17470300 operations; 19522.1 current ops/sec; [INSERT AverageLatency(us)=12.98] [READ AverageLatency(us)=1127.42] 
2014-07-30 12:22:51:605 1010 sec: 17670545 operations; 20018.49 current ops/sec; [INSERT AverageLatency(us)=12.92] [READ AverageLatency(us)=1098.88] 
2014-07-30 12:23:01:606 1020 sec: 17844865 operations; 17430.26 current ops/sec; [INSERT AverageLatency(us)=15.68] [READ AverageLatency(us)=1264.59] 
2014-07-30 12:23:11:606 1030 sec: 18020246 operations; 17538.1 current ops/sec; [INSERT AverageLatency(us)=14.41] [READ AverageLatency(us)=1257.95] 
2014-07-30 12:23:21:607 1040 sec: 18218901 operations; 19863.51 current ops/sec; [INSERT AverageLatency(us)=12.59] [READ AverageLatency(us)=1109.19] 
2014-07-30 12:23:31:607 1050 sec: 18420654 operations; 20175.3 current ops/sec; [INSERT AverageLatency(us)=13.09] [READ AverageLatency(us)=1092.06] 
2014-07-30 12:23:41:608 1060 sec: 18622818 operations; 20214.38 current ops/sec; [INSERT AverageLatency(us)=13.73] [READ AverageLatency(us)=1088.78] 
2014-07-30 12:23:51:608 1070 sec: 18786613 operations; 16379.5 current ops/sec; [INSERT AverageLatency(us)=14.94] [READ AverageLatency(us)=1348.48] 
2014-07-30 12:24:01:609 1080 sec: 18969842 operations; 18321.07 current ops/sec; [INSERT AverageLatency(us)=14.31] [READ AverageLatency(us)=1204.04] 
2014-07-30 12:24:11:609 1090 sec: 19173915 operations; 20407.3 current ops/sec; [INSERT AverageLatency(us)=12.62] [READ AverageLatency(us)=1079.25] 
2014-07-30 12:24:21:610 1100 sec: 19378412 operations; 20447.66 current ops/sec; [INSERT AverageLatency(us)=12.59] [READ AverageLatency(us)=1077.18] 
2014-07-30 12:24:31:610 1110 sec: 19578901 operations; 20048.9 current ops/sec; [INSERT AverageLatency(us)=12.6] [READ AverageLatency(us)=1099.85] 
2014-07-30 12:24:41:611 1120 sec: 19746359 operations; 16744.13 current ops/sec; [INSERT AverageLatency(us)=17.35] [READ AverageLatency(us)=1318.03] 
2014-07-30 12:24:51:611 1130 sec: 19930000 operations; 18364.1 current ops/sec; [INSERT AverageLatency(us)=13.93] [READ AverageLatency(us)=1200.08] 
2014-07-30 12:25:01:612 1140 sec: 20132396 operations; 20237.58 current ops/sec; [INSERT AverageLatency(us)=12.66] [READ AverageLatency(us)=1090.62] 
2014-07-30 12:25:11:612 1150 sec: 20337453 operations; 20505.7 current ops/sec; [INSERT AverageLatency(us)=12.61] [READ AverageLatency(us)=1071.85] 
2014-07-30 12:25:21:613 1160 sec: 20539656 operations; 20218.28 current ops/sec; [INSERT AverageLatency(us)=13.06] [READ AverageLatency(us)=1091.21] 
2014-07-30 12:25:31:613 1170 sec: 20704593 operations; 16493.7 current ops/sec; [INSERT AverageLatency(us)=16.96] [READ AverageLatency(us)=1333.57] 
2014-07-30 12:25:41:614 1180 sec: 20887868 operations; 18325.67 current ops/sec; [INSERT AverageLatency(us)=13.73] [READ AverageLatency(us)=1205] 
2014-07-30 12:25:51:614 1190 sec: 21090276 operations; 20240.8 current ops/sec; [INSERT AverageLatency(us)=13.1] [READ AverageLatency(us)=1088.99] 
2014-07-30 12:26:01:615 1200 sec: 21284374 operations; 19407.86 current ops/sec; [INSERT AverageLatency(us)=13.82] [READ AverageLatency(us)=1136.16] 
2014-07-30 12:26:11:615 1210 sec: 21482218 operations; 19784.4 current ops/sec; [INSERT AverageLatency(us)=13.84] [READ AverageLatency(us)=1114.12] 
2014-07-30 12:26:21:616 1220 sec: 21617508 operations; 13527.65 current ops/sec; [INSERT AverageLatency(us)=16.08] [READ AverageLatency(us)=1634.45] 
2014-07-30 12:26:31:616 1230 sec: 21761624 operations; 14411.6 current ops/sec; [INSERT AverageLatency(us)=15.13] [READ AverageLatency(us)=1531.77] 
2014-07-30 12:26:41:617 1240 sec: 21939940 operations; 17829.82 current ops/sec; [INSERT AverageLatency(us)=13.25] [READ AverageLatency(us)=1235.8] 
2014-07-30 12:26:51:617 1250 sec: 22125995 operations; 18605.5 current ops/sec; [INSERT AverageLatency(us)=13.33] [READ AverageLatency(us)=1186.96] 
2014-07-30 12:27:01:618 1260 sec: 22313763 operations; 18774.92 current ops/sec; [INSERT AverageLatency(us)=13.16] [READ AverageLatency(us)=1174.61] 
2014-07-30 12:27:11:618 1270 sec: 22485177 operations; 17141.4 current ops/sec; [INSERT AverageLatency(us)=14.14] [READ AverageLatency(us)=1286.16] 
2014-07-30 12:27:21:619 1280 sec: 22639922 operations; 15472.95 current ops/sec; [INSERT AverageLatency(us)=15.24] [READ AverageLatency(us)=1424.44] 
2014-07-30 12:27:31:619 1290 sec: 22823514 operations; 18359.2 current ops/sec; [INSERT AverageLatency(us)=12.88] [READ AverageLatency(us)=1203.11] 
2014-07-30 12:27:41:620 1300 sec: 23015137 operations; 19160.38 current ops/sec; [INSERT AverageLatency(us)=12.9] [READ AverageLatency(us)=1151.28] 
2014-07-30 12:27:51:620 1310 sec: 23218669 operations; 20353.2 current ops/sec; [INSERT AverageLatency(us)=12.8] [READ AverageLatency(us)=1083.61] 
2014-07-30 12:28:01:621 1320 sec: 23406605 operations; 18791.72 current ops/sec; [INSERT AverageLatency(us)=15.31] [READ AverageLatency(us)=1166.3] 
2014-07-30 12:28:11:621 1330 sec: 23564619 operations; 15801.4 current ops/sec; [INSERT AverageLatency(us)=16.06] [READ AverageLatency(us)=1404.49] 
2014-07-30 12:28:21:622 1340 sec: 23736796 operations; 17215.98 current ops/sec; [INSERT AverageLatency(us)=17.55] [READ AverageLatency(us)=1283.36] 
2014-07-30 12:28:31:622 1350 sec: 23928748 operations; 19195.2 current ops/sec; [INSERT AverageLatency(us)=14.99] [READ AverageLatency(us)=1148.9] 
2014-07-30 12:28:41:623 1360 sec: 24105510 operations; 17674.43 current ops/sec; [INSERT AverageLatency(us)=13.65] [READ AverageLatency(us)=1248.15] 
2014-07-30 12:28:51:623 1370 sec: 24275918 operations; 17040.8 current ops/sec; [INSERT AverageLatency(us)=12.99] [READ AverageLatency(us)=1294.66] 
2014-07-30 12:29:01:624 1380 sec: 24428329 operations; 15239.58 current ops/sec; [INSERT AverageLatency(us)=17.18] [READ AverageLatency(us)=1448.74] 
2014-07-30 12:29:11:624 1390 sec: 24544025 operations; 11569.6 current ops/sec; [INSERT AverageLatency(us)=19.63] [READ AverageLatency(us)=1907.98] 
2014-07-30 12:29:21:625 1400 sec: 24713887 operations; 16984.5 current ops/sec; [INSERT AverageLatency(us)=13.03] [READ AverageLatency(us)=1299.9] 
2014-07-30 12:29:31:625 1410 sec: 24891127 operations; 17724 current ops/sec; [INSERT AverageLatency(us)=13.4] [READ AverageLatency(us)=1244.2] 
2014-07-30 12:29:41:626 1420 sec: 25043297 operations; 15215.48 current ops/sec; [INSERT AverageLatency(us)=12.43] [READ AverageLatency(us)=1452.77] 
2014-07-30 12:29:51:626 1430 sec: 25212794 operations; 16949.7 current ops/sec; [INSERT AverageLatency(us)=12.57] [READ AverageLatency(us)=1304.48] 
2014-07-30 12:30:01:627 1440 sec: 25347606 operations; 13479.85 current ops/sec; [INSERT AverageLatency(us)=14.6] [READ AverageLatency(us)=1640.14] 
2014-07-30 12:30:11:627 1450 sec: 25481207 operations; 13360.1 current ops/sec; [INSERT AverageLatency(us)=15.04] [READ AverageLatency(us)=1652.69] 
2014-07-30 12:30:21:628 1460 sec: 25653532 operations; 17230.78 current ops/sec; [INSERT AverageLatency(us)=12.89] [READ AverageLatency(us)=1281.94] 
2014-07-30 12:30:31:628 1470 sec: 25843841 operations; 19030.9 current ops/sec; [INSERT AverageLatency(us)=12.9] [READ AverageLatency(us)=1158.65] 
2014-07-30 12:30:41:629 1480 sec: 26039969 operations; 19610.84 current ops/sec; [INSERT AverageLatency(us)=12.71] [READ AverageLatency(us)=1124.81] 
2014-07-30 12:30:51:629 1490 sec: 26224250 operations; 18428.1 current ops/sec; [INSERT AverageLatency(us)=13.44] [READ AverageLatency(us)=1197.37] 
2014-07-30 12:31:01:630 1500 sec: 26359979 operations; 13571.54 current ops/sec; [INSERT AverageLatency(us)=16.23] [READ AverageLatency(us)=1628.37] 
2014-07-30 12:31:11:630 1510 sec: 26499983 operations; 14000.4 current ops/sec; [INSERT AverageLatency(us)=13.6] [READ AverageLatency(us)=1578.6] 
2014-07-30 12:31:21:631 1520 sec: 26698329 operations; 19832.62 current ops/sec; [INSERT AverageLatency(us)=12.97] [READ AverageLatency(us)=1111.39] 
2014-07-30 12:31:31:631 1530 sec: 26897180 operations; 19885.1 current ops/sec; [INSERT AverageLatency(us)=12.91] [READ AverageLatency(us)=1110.5] 
2014-07-30 12:31:41:632 1540 sec: 27086123 operations; 18892.41 current ops/sec; [INSERT AverageLatency(us)=12.47] [READ AverageLatency(us)=1167.71] 
2014-07-30 12:31:51:632 1550 sec: 27256673 operations; 17055 current ops/sec; [INSERT AverageLatency(us)=14.89] [READ AverageLatency(us)=1293.51] 
2014-07-30 12:32:01:633 1560 sec: 27433815 operations; 17712.43 current ops/sec; [INSERT AverageLatency(us)=14.27] [READ AverageLatency(us)=1246.7] 
2014-07-30 12:32:11:633 1570 sec: 27636519 operations; 20270.4 current ops/sec; [INSERT AverageLatency(us)=13] [READ AverageLatency(us)=1088.81] 
2014-07-30 12:32:21:634 1580 sec: 27835003 operations; 19846.42 current ops/sec; [INSERT AverageLatency(us)=13.75] [READ AverageLatency(us)=1113.12] 
2014-07-30 12:32:31:634 1590 sec: 28026091 operations; 19108.8 current ops/sec; [INSERT AverageLatency(us)=13.09] [READ AverageLatency(us)=1154.85] 
2014-07-30 12:32:41:642 1600 sec: 28194661 operations; 16843.53 current ops/sec; [INSERT AverageLatency(us)=14.74] [READ AverageLatency(us)=1309.77] 
2014-07-30 12:32:51:643 1610 sec: 28370946 operations; 17626.74 current ops/sec; [INSERT AverageLatency(us)=13.91] [READ AverageLatency(us)=1253.77] 
2014-07-30 12:33:01:643 1620 sec: 28575115 operations; 20416.9 current ops/sec; [INSERT AverageLatency(us)=13.41] [READ AverageLatency(us)=1080.41] 
2014-07-30 12:33:11:776 1630 sec: 28781285 operations; 20346.39 current ops/sec; [INSERT AverageLatency(us)=12.93] [READ AverageLatency(us)=1078.3] 
2014-07-30 12:33:21:777 1640 sec: 28987439 operations; 20613.34 current ops/sec; [INSERT AverageLatency(us)=12.51] [READ AverageLatency(us)=1076.7] 
2014-07-30 12:33:31:777 1650 sec: 29147076 operations; 15963.7 current ops/sec; [INSERT AverageLatency(us)=16.96] [READ AverageLatency(us)=1382.26] 
2014-07-30 12:33:41:778 1660 sec: 29328736 operations; 18164.18 current ops/sec; [INSERT AverageLatency(us)=13.74] [READ AverageLatency(us)=1217.33] 
2014-07-30 12:33:51:778 1670 sec: 29522895 operations; 19415.9 current ops/sec; [INSERT AverageLatency(us)=12.67] [READ AverageLatency(us)=1136.73] 
2014-07-30 12:34:01:779 1680 sec: 29715093 operations; 19217.88 current ops/sec; [INSERT AverageLatency(us)=12.64] [READ AverageLatency(us)=1147.63] 
2014-07-30 12:34:11:779 1690 sec: 29916280 operations; 20118.7 current ops/sec; [INSERT AverageLatency(us)=12.7] [READ AverageLatency(us)=1097.81] 
2014-07-30 12:34:21:780 1700 sec: 30072018 operations; 15572.24 current ops/sec; [INSERT AverageLatency(us)=14.51] [READ AverageLatency(us)=1417.55] 
2014-07-30 12:34:31:780 1710 sec: 30242352 operations; 17033.4 current ops/sec; [INSERT AverageLatency(us)=14.97] [READ AverageLatency(us)=1297.74] 
2014-07-30 12:34:41:781 1720 sec: 30436030 operations; 19365.86 current ops/sec; [INSERT AverageLatency(us)=13.15] [READ AverageLatency(us)=1139.64] 
2014-07-30 12:34:51:782 1730 sec: 30629072 operations; 19304.2 current ops/sec; [INSERT AverageLatency(us)=13.69] [READ AverageLatency(us)=1144.97] 
2014-07-30 12:35:01:782 1740 sec: 30820802 operations; 19171.08 current ops/sec; [INSERT AverageLatency(us)=13.41] [READ AverageLatency(us)=1152.08] 
2014-07-30 12:35:11:783 1750 sec: 30984929 operations; 16411.06 current ops/sec; [INSERT AverageLatency(us)=14.76] [READ AverageLatency(us)=1343.07] 
2014-07-30 12:35:21:783 1760 sec: 31133328 operations; 14839.9 current ops/sec; [INSERT AverageLatency(us)=16.45] [READ AverageLatency(us)=1496.25] 
2014-07-30 12:35:31:784 1770 sec: 31323684 operations; 19033.7 current ops/sec; [INSERT AverageLatency(us)=12.88] [READ AverageLatency(us)=1160.73] 
2014-07-30 12:35:41:784 1780 sec: 31514407 operations; 19072.3 current ops/sec; [INSERT AverageLatency(us)=13.04] [READ AverageLatency(us)=1157.05] 
2014-07-30 12:35:51:785 1790 sec: 31709551 operations; 19512.45 current ops/sec; [INSERT AverageLatency(us)=13.18] [READ AverageLatency(us)=1130.88] 
2014-07-30 12:36:01:785 1800 sec: 31878354 operations; 16880.3 current ops/sec; [INSERT AverageLatency(us)=15.55] [READ AverageLatency(us)=1304.04] 
2014-07-30 12:36:11:786 1810 sec: 32018661 operations; 14029.3 current ops/sec; [INSERT AverageLatency(us)=15.17] [READ AverageLatency(us)=1582.06] 
2014-07-30 12:36:21:786 1820 sec: 32178794 operations; 16013.3 current ops/sec; [INSERT AverageLatency(us)=12.87] [READ AverageLatency(us)=1379.46] 
2014-07-30 12:36:31:787 1830 sec: 32355541 operations; 17672.93 current ops/sec; [INSERT AverageLatency(us)=12.91] [READ AverageLatency(us)=1249] 
2014-07-30 12:36:41:787 1840 sec: 32440966 operations; 8542.5 current ops/sec; [INSERT AverageLatency(us)=13.84] [READ AverageLatency(us)=2573.28] 
2014-07-30 12:36:51:788 1850 sec: 32513871 operations; 7289.77 current ops/sec; [INSERT AverageLatency(us)=13.11] [READ AverageLatency(us)=3074.02] 
2014-07-30 12:37:01:788 1860 sec: 32696684 operations; 18281.3 current ops/sec; [INSERT AverageLatency(us)=14.56] [READ AverageLatency(us)=1208.61] 
2014-07-30 12:37:11:789 1870 sec: 32862356 operations; 16565.54 current ops/sec; [INSERT AverageLatency(us)=15.15] [READ AverageLatency(us)=1327.98] 
2014-07-30 12:37:21:789 1880 sec: 33012723 operations; 15036.7 current ops/sec; [INSERT AverageLatency(us)=16.38] [READ AverageLatency(us)=1477.69] 
2014-07-30 12:37:31:790 1890 sec: 33198761 operations; 18601.94 current ops/sec; [INSERT AverageLatency(us)=13.6] [READ AverageLatency(us)=1186.97] 
2014-07-30 12:37:41:791 1900 sec: 33392803 operations; 19402.26 current ops/sec; [INSERT AverageLatency(us)=13.33] [READ AverageLatency(us)=1137.62] 
2014-07-30 12:37:51:791 1910 sec: 33577792 operations; 18498.9 current ops/sec; [INSERT AverageLatency(us)=13.55] [READ AverageLatency(us)=1193.27] 
2014-07-30 12:38:01:792 1920 sec: 33746346 operations; 16853.71 current ops/sec; [INSERT AverageLatency(us)=16.97] [READ AverageLatency(us)=1307.54] 
2014-07-30 12:38:11:792 1930 sec: 33888233 operations; 14188.7 current ops/sec; [INSERT AverageLatency(us)=16.73] [READ AverageLatency(us)=1561.16] 
2014-07-30 12:38:21:793 1940 sec: 34064974 operations; 17672.33 current ops/sec; [INSERT AverageLatency(us)=13.15] [READ AverageLatency(us)=1250.18] 
2014-07-30 12:38:31:793 1950 sec: 34264581 operations; 19960.7 current ops/sec; [INSERT AverageLatency(us)=14.61] [READ AverageLatency(us)=1104.94] 
2014-07-30 12:38:41:794 1960 sec: 34465259 operations; 20065.79 current ops/sec; [INSERT AverageLatency(us)=14.25] [READ AverageLatency(us)=1098.06] 
2014-07-30 12:38:51:794 1970 sec: 34647329 operations; 18207 current ops/sec; [INSERT AverageLatency(us)=13.93] [READ AverageLatency(us)=1214.38] 
2014-07-30 12:39:01:795 1980 sec: 34805845 operations; 15850.01 current ops/sec; [INSERT AverageLatency(us)=20.87] [READ AverageLatency(us)=1391.53] 
2014-07-30 12:39:11:795 1990 sec: 34984257 operations; 17841.2 current ops/sec; [INSERT AverageLatency(us)=14.62] [READ AverageLatency(us)=1239.05] 
2014-07-30 12:39:21:796 2000 sec: 35185849 operations; 20157.18 current ops/sec; [INSERT AverageLatency(us)=12.94] [READ AverageLatency(us)=1094.99] 
2014-07-30 12:39:31:796 2010 sec: 35380449 operations; 19460 current ops/sec; [INSERT AverageLatency(us)=12.6] [READ AverageLatency(us)=1135.02] 
2014-07-30 12:39:41:797 2020 sec: 35570423 operations; 18995.5 current ops/sec; [INSERT AverageLatency(us)=14.19] [READ AverageLatency(us)=1161.84] 
2014-07-30 12:39:51:800 2030 sec: 35725361 operations; 15489.15 current ops/sec; [INSERT AverageLatency(us)=15.74] [READ AverageLatency(us)=1426.98] 
2014-07-30 12:40:01:801 2040 sec: 35904062 operations; 17868.31 current ops/sec; [INSERT AverageLatency(us)=13.78] [READ AverageLatency(us)=1235.61] 
2014-07-30 12:40:11:801 2050 sec: 36099505 operations; 19544.3 current ops/sec; [INSERT AverageLatency(us)=13.38] [READ AverageLatency(us)=1129.81] 
2014-07-30 12:40:21:802 2060 sec: 36294851 operations; 19532.65 current ops/sec; [INSERT AverageLatency(us)=13.46] [READ AverageLatency(us)=1130.85] 
2014-07-30 12:40:31:802 2070 sec: 36484719 operations; 18986.8 current ops/sec; [INSERT AverageLatency(us)=13.5] [READ AverageLatency(us)=1162.87] 
2014-07-30 12:40:41:803 2080 sec: 36627994 operations; 14326.07 current ops/sec; [INSERT AverageLatency(us)=15.12] [READ AverageLatency(us)=1544.83] 
2014-07-30 12:40:51:803 2090 sec: 36778609 operations; 15061.5 current ops/sec; [INSERT AverageLatency(us)=15.53] [READ AverageLatency(us)=1466.62] 
2014-07-30 12:41:01:804 2100 sec: 36976160 operations; 19753.12 current ops/sec; [INSERT AverageLatency(us)=13.33] [READ AverageLatency(us)=1117.68] 
2014-07-30 12:41:11:804 2110 sec: 37172136 operations; 19597.6 current ops/sec; [INSERT AverageLatency(us)=12.89] [READ AverageLatency(us)=1124.62] 
2014-07-30 12:41:21:805 2120 sec: 37365003 operations; 19284.77 current ops/sec; [INSERT AverageLatency(us)=12.61] [READ AverageLatency(us)=1147.55] 
2014-07-30 12:41:31:805 2130 sec: 37525497 operations; 16049.4 current ops/sec; [INSERT AverageLatency(us)=14.74] [READ AverageLatency(us)=1379.12] 
2014-07-30 12:41:41:806 2140 sec: 37691751 operations; 16623.74 current ops/sec; [INSERT AverageLatency(us)=15.23] [READ AverageLatency(us)=1329.86] 
2014-07-30 12:41:51:806 2150 sec: 37869113 operations; 17736.2 current ops/sec; [INSERT AverageLatency(us)=13.74] [READ AverageLatency(us)=1244.7] 
2014-07-30 12:42:01:807 2160 sec: 38062442 operations; 19330.97 current ops/sec; [INSERT AverageLatency(us)=12.82] [READ AverageLatency(us)=1139.31] 
2014-07-30 12:42:11:807 2170 sec: 38256054 operations; 19361.2 current ops/sec; [INSERT AverageLatency(us)=13.04] [READ AverageLatency(us)=1144.62] 
2014-07-30 12:42:21:808 2180 sec: 38428692 operations; 17262.07 current ops/sec; [INSERT AverageLatency(us)=13.96] [READ AverageLatency(us)=1278.79] 
2014-07-30 12:42:31:809 2190 sec: 38566279 operations; 13758.7 current ops/sec; [INSERT AverageLatency(us)=14.78] [READ AverageLatency(us)=1609.07] 
2014-07-30 12:42:41:809 2200 sec: 38743080 operations; 17678.33 current ops/sec; [INSERT AverageLatency(us)=13.28] [READ AverageLatency(us)=1249.38] 
2014-07-30 12:42:51:809 2210 sec: 38936835 operations; 19375.5 current ops/sec; [INSERT AverageLatency(us)=13.32] [READ AverageLatency(us)=1141.29] 
2014-07-30 12:43:01:810 2220 sec: 39131099 operations; 19424.46 current ops/sec; [INSERT AverageLatency(us)=12.83] [READ AverageLatency(us)=1136.71] 
2014-07-30 12:43:11:810 2230 sec: 39316181 operations; 18508.2 current ops/sec; [INSERT AverageLatency(us)=12.88] [READ AverageLatency(us)=1194.45] 
2014-07-30 12:43:21:811 2240 sec: 39466953 operations; 15075.69 current ops/sec; [INSERT AverageLatency(us)=16.68] [READ AverageLatency(us)=1465.95] 
2014-07-30 12:43:31:811 2250 sec: 39576818 operations; 10986.5 current ops/sec; [INSERT AverageLatency(us)=15.52] [READ AverageLatency(us)=2016.76] 
2014-07-30 12:43:41:812 2260 sec: 39717623 operations; 14079.09 current ops/sec; [INSERT AverageLatency(us)=12.62] [READ AverageLatency(us)=1571.72] 
2014-07-30 12:43:51:814 2270 sec: 39877434 operations; 15977.9 current ops/sec; [INSERT AverageLatency(us)=13.04] [READ AverageLatency(us)=1384.07] 
2014-07-30 12:44:01:814 2280 sec: 40059734 operations; 18230 current ops/sec; [INSERT AverageLatency(us)=13.1] [READ AverageLatency(us)=1211.98] 
2014-07-30 12:44:11:815 2290 sec: 40243363 operations; 18361.06 current ops/sec; [INSERT AverageLatency(us)=13.48] [READ AverageLatency(us)=1203.38] 
2014-07-30 12:44:21:815 2300 sec: 40374439 operations; 13107.6 current ops/sec; [INSERT AverageLatency(us)=15.54] [READ AverageLatency(us)=1688.04] 
2014-07-30 12:44:31:816 2310 sec: 40468008 operations; 9355.96 current ops/sec; [INSERT AverageLatency(us)=15.24] [READ AverageLatency(us)=2365.87] 
2014-07-30 12:44:41:816 2320 sec: 40602358 operations; 13435 current ops/sec; [INSERT AverageLatency(us)=13.66] [READ AverageLatency(us)=1647.08] 
2014-07-30 12:44:51:817 2330 sec: 40790435 operations; 18805.82 current ops/sec; [INSERT AverageLatency(us)=13.57] [READ AverageLatency(us)=1175.17] 
2014-07-30 12:45:01:817 2340 sec: 40983372 operations; 19293.7 current ops/sec; [INSERT AverageLatency(us)=14.04] [READ AverageLatency(us)=1144.85] 
2014-07-30 12:45:11:818 2350 sec: 41172871 operations; 18948.01 current ops/sec; [INSERT AverageLatency(us)=12.7] [READ AverageLatency(us)=1166.03] 
2014-07-30 12:45:21:819 2360 sec: 41331092 operations; 15822.1 current ops/sec; [INSERT AverageLatency(us)=16.64] [READ AverageLatency(us)=1396.22] 
2014-07-30 12:45:31:819 2370 sec: 41471869 operations; 14076.29 current ops/sec; [INSERT AverageLatency(us)=15.32] [READ AverageLatency(us)=1568.54] 
2014-07-30 12:45:41:819 2380 sec: 41650254 operations; 17838.5 current ops/sec; [INSERT AverageLatency(us)=12.75] [READ AverageLatency(us)=1239.67] 
2014-07-30 12:45:51:820 2390 sec: 41846094 operations; 19582.04 current ops/sec; [INSERT AverageLatency(us)=13.12] [READ AverageLatency(us)=1127.77] 
2014-07-30 12:46:01:820 2400 sec: 42040064 operations; 19397 current ops/sec; [INSERT AverageLatency(us)=13.15] [READ AverageLatency(us)=1136.82] 
2014-07-30 12:46:11:821 2410 sec: 42197727 operations; 15764.72 current ops/sec; [INSERT AverageLatency(us)=13.97] [READ AverageLatency(us)=1400.13] 
2014-07-30 12:46:21:821 2420 sec: 42331405 operations; 13367.8 current ops/sec; [INSERT AverageLatency(us)=16.17] [READ AverageLatency(us)=1656.27] 
2014-07-30 12:46:31:822 2430 sec: 42492039 operations; 16061.79 current ops/sec; [INSERT AverageLatency(us)=14.95] [READ AverageLatency(us)=1376.61] 
2014-07-30 12:46:41:822 2440 sec: 42695248 operations; 20320.9 current ops/sec; [INSERT AverageLatency(us)=12.98] [READ AverageLatency(us)=1085.18] 
2014-07-30 12:46:51:823 2450 sec: 42897553 operations; 20228.48 current ops/sec; [INSERT AverageLatency(us)=13.36] [READ AverageLatency(us)=1090.71] 
2014-07-30 12:47:01:828 2460 sec: 43089838 operations; 19218.89 current ops/sec; [INSERT AverageLatency(us)=13.77] [READ AverageLatency(us)=1148.38] 
2014-07-30 12:47:11:829 2470 sec: 43210113 operations; 12026.3 current ops/sec; [INSERT AverageLatency(us)=15.11] [READ AverageLatency(us)=1841.96] 
2014-07-30 12:47:21:829 2480 sec: 43330806 operations; 12069.3 current ops/sec; [INSERT AverageLatency(us)=14.91] [READ AverageLatency(us)=1835.83] 
2014-07-30 12:47:31:830 2490 sec: 43486109 operations; 15528.75 current ops/sec; [INSERT AverageLatency(us)=14.02] [READ AverageLatency(us)=1422.76] 
2014-07-30 12:47:41:830 2500 sec: 43659353 operations; 17324.4 current ops/sec; [INSERT AverageLatency(us)=13.03] [READ AverageLatency(us)=1277.79] 
2014-07-30 12:47:51:831 2510 sec: 43835171 operations; 17580.04 current ops/sec; [INSERT AverageLatency(us)=13.09] [READ AverageLatency(us)=1254.71] 
2014-07-30 12:48:01:831 2520 sec: 44024274 operations; 18910.3 current ops/sec; [INSERT AverageLatency(us)=13.02] [READ AverageLatency(us)=1158.79] 
2014-07-30 12:48:11:832 2530 sec: 44158032 operations; 13374.46 current ops/sec; [INSERT AverageLatency(us)=14.43] [READ AverageLatency(us)=1645.52] 
2014-07-30 12:48:21:832 2540 sec: 44289864 operations; 13183.2 current ops/sec; [INSERT AverageLatency(us)=15.72] [READ AverageLatency(us)=1703.81] 
2014-07-30 12:48:31:833 2550 sec: 44479060 operations; 18917.71 current ops/sec; [INSERT AverageLatency(us)=13.28] [READ AverageLatency(us)=1167.95] 
2014-07-30 12:48:41:833 2560 sec: 44670991 operations; 19193.1 current ops/sec; [INSERT AverageLatency(us)=12.75] [READ AverageLatency(us)=1151.73] 
2014-07-30 12:48:51:834 2570 sec: 44864946 operations; 19393.56 current ops/sec; [INSERT AverageLatency(us)=12.85] [READ AverageLatency(us)=1138.83] 
2014-07-30 12:49:01:834 2580 sec: 45019628 operations; 15468.2 current ops/sec; [INSERT AverageLatency(us)=15.8] [READ AverageLatency(us)=1408.54] 
2014-07-30 12:49:11:835 2590 sec: 45173041 operations; 15339.77 current ops/sec; [INSERT AverageLatency(us)=14.19] [READ AverageLatency(us)=1436.15] 
2014-07-30 12:49:21:835 2600 sec: 45350474 operations; 17743.3 current ops/sec; [INSERT AverageLatency(us)=13.8] [READ AverageLatency(us)=1265.37] 
2014-07-30 12:49:31:836 2610 sec: 45545489 operations; 19501.5 current ops/sec; [INSERT AverageLatency(us)=12.87] [READ AverageLatency(us)=1133.3] 
2014-07-30 12:49:41:836 2620 sec: 45743424 operations; 19791.52 current ops/sec; [INSERT AverageLatency(us)=13.4] [READ AverageLatency(us)=1115.25] 
2014-07-30 12:49:51:837 2630 sec: 45922313 operations; 17888.9 current ops/sec; [INSERT AverageLatency(us)=14.87] [READ AverageLatency(us)=1226.2] 
2014-07-30 12:50:01:837 2640 sec: 46079263 operations; 15693.43 current ops/sec; [INSERT AverageLatency(us)=14.68] [READ AverageLatency(us)=1420.91] 
2014-07-30 12:50:11:837 2650 sec: 46254752 operations; 17548.9 current ops/sec; [INSERT AverageLatency(us)=14.44] [READ AverageLatency(us)=1258.04] 
2014-07-30 12:50:21:838 2660 sec: 46453444 operations; 19867.21 current ops/sec; [INSERT AverageLatency(us)=13.2] [READ AverageLatency(us)=1111.2] 
2014-07-30 12:50:31:838 2670 sec: 46650188 operations; 19674.4 current ops/sec; [INSERT AverageLatency(us)=12.75] [READ AverageLatency(us)=1123.61] 
2014-07-30 12:50:41:839 2680 sec: 46840727 operations; 19051.99 current ops/sec; [INSERT AverageLatency(us)=13.69] [READ AverageLatency(us)=1156.74] 
2014-07-30 12:50:51:839 2690 sec: 46997174 operations; 15644.7 current ops/sec; [INSERT AverageLatency(us)=16.52] [READ AverageLatency(us)=1416.06] 
2014-07-30 12:51:01:840 2700 sec: 47125084 operations; 12789.72 current ops/sec; [INSERT AverageLatency(us)=15.11] [READ AverageLatency(us)=1730.85] 
2014-07-30 12:51:11:840 2710 sec: 47284606 operations; 15952.2 current ops/sec; [INSERT AverageLatency(us)=12.85] [READ AverageLatency(us)=1386.08] 
2014-07-30 12:51:21:841 2720 sec: 47449640 operations; 16501.75 current ops/sec; [INSERT AverageLatency(us)=13.74] [READ AverageLatency(us)=1337.31] 
2014-07-30 12:51:31:841 2730 sec: 47611481 operations; 16184.1 current ops/sec; [INSERT AverageLatency(us)=13.72] [READ AverageLatency(us)=1367.05] 
2014-07-30 12:51:41:842 2740 sec: 47769764 operations; 15826.72 current ops/sec; [INSERT AverageLatency(us)=12.87] [READ AverageLatency(us)=1396.83] 
2014-07-30 12:51:51:842 2750 sec: 47878257 operations; 10849.3 current ops/sec; [INSERT AverageLatency(us)=15.22] [READ AverageLatency(us)=2039.55] 
2014-07-30 12:52:01:843 2760 sec: 47975694 operations; 9742.73 current ops/sec; [INSERT AverageLatency(us)=14.85] [READ AverageLatency(us)=2273.2] 
2014-07-30 12:52:11:843 2770 sec: 48062820 operations; 8712.6 current ops/sec; [INSERT AverageLatency(us)=15.45] [READ AverageLatency(us)=2542.45] 
2014-07-30 12:52:21:844 2780 sec: 48216046 operations; 15321.07 current ops/sec; [INSERT AverageLatency(us)=12.44] [READ AverageLatency(us)=1444.03] 
2014-07-30 12:52:31:844 2790 sec: 48389168 operations; 17312.2 current ops/sec; [INSERT AverageLatency(us)=13.43] [READ AverageLatency(us)=1275.43] 
2014-07-30 12:52:41:845 2800 sec: 48530312 operations; 14112.99 current ops/sec; [INSERT AverageLatency(us)=13.68] [READ AverageLatency(us)=1568.75] 
2014-07-30 12:52:51:845 2810 sec: 48680992 operations; 15068 current ops/sec; [INSERT AverageLatency(us)=13.48] [READ AverageLatency(us)=1468.88] 
2014-07-30 12:53:01:845 2820 sec: 48812890 operations; 13189.8 current ops/sec; [INSERT AverageLatency(us)=16.03] [READ AverageLatency(us)=1680.78] 
2014-07-30 12:53:11:846 2830 sec: 48942943 operations; 13004 current ops/sec; [INSERT AverageLatency(us)=15.58] [READ AverageLatency(us)=1700.57] 
2014-07-30 12:53:21:846 2840 sec: 49076624 operations; 13368.1 current ops/sec; [INSERT AverageLatency(us)=13.21] [READ AverageLatency(us)=1655.84] 
2014-07-30 12:53:31:847 2850 sec: 49181766 operations; 10513.15 current ops/sec; [INSERT AverageLatency(us)=12.83] [READ AverageLatency(us)=2104.74] 
2014-07-30 12:53:41:847 2860 sec: 49289313 operations; 10754.7 current ops/sec; [INSERT AverageLatency(us)=13.56] [READ AverageLatency(us)=2065.39] 
2014-07-30 12:53:51:848 2870 sec: 49418520 operations; 12919.41 current ops/sec; [INSERT AverageLatency(us)=14.73] [READ AverageLatency(us)=1715.73] 
2014-07-30 12:54:01:848 2880 sec: 49567672 operations; 14915.2 current ops/sec; [INSERT AverageLatency(us)=14.28] [READ AverageLatency(us)=1467.14] 
2014-07-30 12:54:11:849 2890 sec: 49671605 operations; 10392.26 current ops/sec; [INSERT AverageLatency(us)=14.88] [READ AverageLatency(us)=2157.39] 
2014-07-30 12:54:21:849 2900 sec: 49738909 operations; 6730.4 current ops/sec; [INSERT AverageLatency(us)=15.32] [READ AverageLatency(us)=3296.5] 
2014-07-30 12:54:31:849 2910 sec: 49782156 operations; 4324.7 current ops/sec; [INSERT AverageLatency(us)=13.86] [READ AverageLatency(us)=5136.07] 
2014-07-30 12:54:41:850 2920 sec: 49849997 operations; 6783.42 current ops/sec; [INSERT AverageLatency(us)=14.96] [READ AverageLatency(us)=3272.95] 
2014-07-30 12:54:51:850 2930 sec: 49911835 operations; 6183.8 current ops/sec; [INSERT AverageLatency(us)=13.6] [READ AverageLatency(us)=3582.9] 
2014-07-30 12:55:01:851 2940 sec: 49995264 operations; 8342.07 current ops/sec; [UPDATE AverageLatency(us)=136950.36] [INSERT AverageLatency(us)=14.65] [READ AverageLatency(us)=2371.74] [CLEANUP AverageLatency(us)=137156.27] 
2014-07-30 12:55:03:459 2941 sec: 50000000 operations; 2945.27 current ops/sec; [UPDATE AverageLatency(us)=79518] [INSERT AverageLatency(us)=12.61] [READ AverageLatency(us)=1082.44] [CLEANUP AverageLatency(us)=79524.44] 
+ echo 'end time:'
end time:
++ date +%s
+ echo 1406750103
1406750103
+ echo 'sleeping for 10 sec ...'
sleeping for 10 sec ...
+ sleep 10
+ false
+ false
+ false
+ false
+ let counter=1+1
+ read line
+ set +x
