threshold: 0.6
threshold: 500.0
----------------------------------------------------------
selfdapql AM_FILE_POINTER in begining: 0
selfdapql filelengh: 226440
log_evicted_initial: 0
log_evicted_last: 4
log_evicted_count: 4
storeFileSize: 2.2080727E-5
selfdapql AM_FILE_POINTER in end: 226440
selfdapql RS_FILE_POINTER in begining: 0
selfdapql rs_filelengh: 255988
selfdapql blocking update blocking_updates_count: 0
selfdapql blocking update avg total_blocking_time: 0.0
selfdapql RS_FILE_POINTER in end: 255988
selfdapql DN_FILE_POINTER in begining: 0
selfdapql dn_filelength: 62603
selfdapql total operation time: 133.0
selfdapql total # operations: 23
selfdapql dfs avg read time: 5.7826085
selfdapql DN_FILE_POINTER in end: 62603
selfdapql newBlockCacheSize: 0.6
selfdapql newMemstoreSize: 0.19999999
threshold: 0.6
threshold: 500.0
----------------------------------------------------------
selfdapql AM_FILE_POINTER in begining: 226440
selfdapql filelengh: 447891
log_evicted_initial: 4
log_evicted_last: 6
log_evicted_count: 2
storeFileSize: 2.2080727E-5
selfdapql AM_FILE_POINTER in end: 447891
selfdapql RS_FILE_POINTER in begining: 255988
selfdapql rs_filelengh: 261095
selfdapql blocking update blocking_updates_count: 0
selfdapql blocking update avg total_blocking_time: 0.0
selfdapql RS_FILE_POINTER in end: 261095
selfdapql DN_FILE_POINTER in begining: 62603
selfdapql dn_filelength: 114218
selfdapql total operation time: 5.0
selfdapql total # operations: 2
selfdapql dfs avg read time: 2.5
selfdapql DN_FILE_POINTER in end: 114218
selfdapql newBlockCacheSize: 0.6
selfdapql newMemstoreSize: 0.19999999
threshold: 0.6
threshold: 500.0
----------------------------------------------------------
selfdapql AM_FILE_POINTER in begining: 447891
selfdapql filelengh: 669159
log_evicted_initial: 6
log_evicted_last: 6
log_evicted_count: 0
storeFileSize: 2.2080727E-5
selfdapql AM_FILE_POINTER in end: 669159
selfdapql RS_FILE_POINTER in begining: 261095
selfdapql rs_filelengh: 261310
selfdapql blocking update blocking_updates_count: 0
selfdapql blocking update avg total_blocking_time: 0.0
selfdapql RS_FILE_POINTER in end: 261310
selfdapql DN_FILE_POINTER in begining: 114218
selfdapql dn_filelength: 165814
selfdapql total operation time: 0.0
selfdapql total # operations: 0
selfdapql dfs avg read time: 0.0
selfdapql DN_FILE_POINTER in end: 165814
selfdapql newBlockCacheSize: 0.6
selfdapql newMemstoreSize: 0.19999999
threshold: 0.6
threshold: 500.0
----------------------------------------------------------
selfdapql AM_FILE_POINTER in begining: 669159
selfdapql filelengh: 890061
log_evicted_initial: 6
log_evicted_last: 6
log_evicted_count: 0
storeFileSize: 2.2080727E-5
selfdapql AM_FILE_POINTER in end: 890061
selfdapql RS_FILE_POINTER in begining: 261310
selfdapql rs_filelengh: 266417
selfdapql blocking update blocking_updates_count: 0
selfdapql blocking update avg total_blocking_time: 0.0
selfdapql RS_FILE_POINTER in end: 266417
selfdapql DN_FILE_POINTER in begining: 165814
selfdapql dn_filelength: 217327
selfdapql total operation time: 3.0
selfdapql total # operations: 2
selfdapql dfs avg read time: 1.5
selfdapql DN_FILE_POINTER in end: 217327
selfdapql newBlockCacheSize: 0.6
selfdapql newMemstoreSize: 0.19999999
threshold: 0.6
threshold: 500.0
----------------------------------------------------------
selfdapql AM_FILE_POINTER in begining: 890061
selfdapql filelengh: 1110825
log_evicted_initial: 6
log_evicted_last: 6
log_evicted_count: 0
storeFileSize: 2.2080727E-5
selfdapql AM_FILE_POINTER in end: 1110825
selfdapql RS_FILE_POINTER in begining: 266417
selfdapql rs_filelengh: 266915
selfdapql blocking update blocking_updates_count: 0
selfdapql blocking update avg total_blocking_time: 0.0
selfdapql RS_FILE_POINTER in end: 266915
selfdapql DN_FILE_POINTER in begining: 217327
selfdapql dn_filelength: 269588
selfdapql total operation time: 18128.0
selfdapql total # operations: 2507
selfdapql dfs avg read time: 7.230953
selfdapql DN_FILE_POINTER in end: 269588
selfdapql newBlockCacheSize: 0.6
selfdapql newMemstoreSize: 0.19999999
threshold: 0.6
threshold: 500.0
----------------------------------------------------------
selfdapql AM_FILE_POINTER in begining: 1110825
selfdapql filelengh: 1331376
log_evicted_initial: 6
log_evicted_last: 6
log_evicted_count: 0
storeFileSize: 2.2080727E-5
selfdapql AM_FILE_POINTER in end: 1331376
selfdapql RS_FILE_POINTER in begining: 266915
selfdapql rs_filelengh: 271739
selfdapql blocking update blocking_updates_count: 0
selfdapql blocking update avg total_blocking_time: 0.0
selfdapql RS_FILE_POINTER in end: 271739
selfdapql DN_FILE_POINTER in begining: 269588
selfdapql dn_filelength: 321928
selfdapql total operation time: 1140.0
selfdapql total # operations: 338
selfdapql dfs avg read time: 3.372781
selfdapql DN_FILE_POINTER in end: 321928
selfdapql newBlockCacheSize: 0.6
selfdapql newMemstoreSize: 0.19999999
threshold: 0.6
threshold: 500.0
----------------------------------------------------------
selfdapql AM_FILE_POINTER in begining: 1331376
selfdapql filelengh: 1552020
log_evicted_initial: 6
log_evicted_last: 6
log_evicted_count: 0
storeFileSize: 2.2080727E-5
selfdapql AM_FILE_POINTER in end: 1552020
selfdapql RS_FILE_POINTER in begining: 271739
selfdapql rs_filelengh: 276846
selfdapql blocking update blocking_updates_count: 0
selfdapql blocking update avg total_blocking_time: 0.0
selfdapql RS_FILE_POINTER in end: 276846
selfdapql DN_FILE_POINTER in begining: 321928
selfdapql dn_filelength: 374472
selfdapql total operation time: 37808.0
selfdapql total # operations: 5522
selfdapql dfs avg read time: 6.8467946
selfdapql DN_FILE_POINTER in end: 374472
selfdapql newBlockCacheSize: 0.6
selfdapql newMemstoreSize: 0.19999999
threshold: 0.6
threshold: 500.0
----------------------------------------------------------
selfdapql AM_FILE_POINTER in begining: 1552020
selfdapql filelengh: 1772696
log_evicted_initial: 6
log_evicted_last: 6
log_evicted_count: 0
storeFileSize: 2.2080727E-5
selfdapql AM_FILE_POINTER in end: 1772696
selfdapql RS_FILE_POINTER in begining: 276846
selfdapql rs_filelengh: 277061
selfdapql blocking update blocking_updates_count: 0
selfdapql blocking update avg total_blocking_time: 0.0
selfdapql RS_FILE_POINTER in end: 277061
selfdapql DN_FILE_POINTER in begining: 374472
selfdapql dn_filelength: 427218
selfdapql total operation time: 16947.0
selfdapql total # operations: 2109
selfdapql dfs avg read time: 8.035562
selfdapql DN_FILE_POINTER in end: 427218
selfdapql newBlockCacheSize: 0.6
selfdapql newMemstoreSize: 0.19999999
threshold: 0.6
threshold: 500.0
----------------------------------------------------------
selfdapql AM_FILE_POINTER in begining: 1772696
selfdapql filelengh: 1993619
log_evicted_initial: 6
log_evicted_last: 6
log_evicted_count: 0
storeFileSize: 2.2080727E-5
selfdapql AM_FILE_POINTER in end: 1993619
selfdapql RS_FILE_POINTER in begining: 277061
selfdapql rs_filelengh: 282172
selfdapql blocking update blocking_updates_count: 0
selfdapql blocking update avg total_blocking_time: 0.0
selfdapql RS_FILE_POINTER in end: 282172
selfdapql DN_FILE_POINTER in begining: 427218
selfdapql dn_filelength: 479907
selfdapql total operation time: 71184.0
selfdapql total # operations: 6460
selfdapql dfs avg read time: 11.019195
selfdapql DN_FILE_POINTER in end: 479907
selfdapql newBlockCacheSize: 0.6
selfdapql newMemstoreSize: 0.19999999
threshold: 0.6
threshold: 500.0
----------------------------------------------------------
selfdapql AM_FILE_POINTER in begining: 1993619
selfdapql filelengh: 2214755
log_evicted_initial: 6
log_evicted_last: 6
log_evicted_count: 0
storeFileSize: 2.2080727E-5
selfdapql AM_FILE_POINTER in end: 2214755
selfdapql RS_FILE_POINTER in begining: 282172
selfdapql rs_filelengh: 282670
selfdapql blocking update blocking_updates_count: 0
selfdapql blocking update avg total_blocking_time: 0.0
selfdapql RS_FILE_POINTER in end: 282670
selfdapql DN_FILE_POINTER in begining: 479907
selfdapql dn_filelength: 532670
selfdapql total operation time: 64353.0
selfdapql total # operations: 6194
selfdapql dfs avg read time: 10.38957
selfdapql DN_FILE_POINTER in end: 532670
selfdapql newBlockCacheSize: 0.6
selfdapql newMemstoreSize: 0.19999999
threshold: 0.6
threshold: 500.0
----------------------------------------------------------
selfdapql AM_FILE_POINTER in begining: 2214755
selfdapql filelengh: 2435971
log_evicted_initial: 6
log_evicted_last: 6
log_evicted_count: 0
storeFileSize: 2.2080727E-5
selfdapql AM_FILE_POINTER in end: 2435971
selfdapql RS_FILE_POINTER in begining: 282670
selfdapql rs_filelengh: 287498
selfdapql blocking update blocking_updates_count: 0
selfdapql blocking update avg total_blocking_time: 0.0
selfdapql RS_FILE_POINTER in end: 287498
selfdapql DN_FILE_POINTER in begining: 532670
selfdapql dn_filelength: 585378
selfdapql total operation time: 49830.0
selfdapql total # operations: 5345
selfdapql dfs avg read time: 9.322732
selfdapql DN_FILE_POINTER in end: 585378
selfdapql newBlockCacheSize: 0.6
selfdapql newMemstoreSize: 0.19999999
threshold: 0.6
threshold: 500.0
----------------------------------------------------------
selfdapql AM_FILE_POINTER in begining: 2435971
selfdapql filelengh: 2657171
log_evicted_initial: 6
log_evicted_last: 6
log_evicted_count: 0
storeFileSize: 2.2080727E-5
selfdapql AM_FILE_POINTER in end: 2657171
selfdapql RS_FILE_POINTER in begining: 287498
selfdapql rs_filelengh: 292609
selfdapql blocking update blocking_updates_count: 0
selfdapql blocking update avg total_blocking_time: 0.0
selfdapql RS_FILE_POINTER in end: 292609
selfdapql DN_FILE_POINTER in begining: 585378
selfdapql dn_filelength: 638164
selfdapql total operation time: 51227.0
selfdapql total # operations: 4782
selfdapql dfs avg read time: 10.712463
selfdapql DN_FILE_POINTER in end: 638164
selfdapql newBlockCacheSize: 0.6
selfdapql newMemstoreSize: 0.19999999
