----------------------------------------------------------
selfdapql AM_FILE_POINTER in begining: 0
selfdapql filelengh: 401288
log_evicted_initial: 0
log_evicted_last: 0
log_evicted_count: 0
storeFileSize: 0.0
selfdapql AM_FILE_POINTER in end: 401288
selfdapql RS_FILE_POINTER in begining: 0
selfdapql rs_filelengh: 380975
selfdapql blocking update blocking_updates_count: 0
selfdapql blocking update avg total_blocking_time: 0.0
selfdapql RS_FILE_POINTER in end: 380975
selfdapql DN_FILE_POINTER in begining: 0
selfdapql dn_filelength: 74493
selfdapql total operation time: 41872.0
selfdapql total # operations: 367
selfdapql dfs avg read time: 114.09264
selfdapql DN_FILE_POINTER in end: 74493
read proportion = 0.01
write_proportion = 0.99
selfdapql blockedFlushCount: 0
selfdapql unblockedFlushCount: 0
selfdapql evictCount: 0
selfdapql No Tuning
----------------------------------------------------------
selfdapql AM_FILE_POINTER in begining: 401288
selfdapql filelengh: 997350
log_evicted_initial: 0
log_evicted_last: 0
log_evicted_count: 0
storeFileSize: 1.110396
selfdapql AM_FILE_POINTER in end: 997350
selfdapql RS_FILE_POINTER in begining: 380975
selfdapql rs_filelengh: 5417571
selfdapql blocking update blocking_updates_count: 0
selfdapql blocking update avg total_blocking_time: 0.0
selfdapql RS_FILE_POINTER in end: 5417571
selfdapql DN_FILE_POINTER in begining: 74493
selfdapql dn_filelength: 130001
selfdapql total operation time: 22919.0
selfdapql total # operations: 38358
selfdapql dfs avg read time: 0.59750247
selfdapql DN_FILE_POINTER in end: 130001
read proportion = 0.01
write_proportion = 0.99
selfdapql blockedFlushCount: 0
selfdapql unblockedFlushCount: 0
selfdapql evictCount: 0
selfdapql No Tuning
----------------------------------------------------------
selfdapql AM_FILE_POINTER in begining: 997350
selfdapql filelengh: 1594846
log_evicted_initial: 0
log_evicted_last: 27907
log_evicted_count: 27907
storeFileSize: 2.0920808
selfdapql AM_FILE_POINTER in end: 1594846
selfdapql RS_FILE_POINTER in begining: 5417571
selfdapql rs_filelengh: 12933479
selfdapql blocking update blocking_updates_count: 0
selfdapql blocking update avg total_blocking_time: 0.0
selfdapql RS_FILE_POINTER in end: 12933479
selfdapql DN_FILE_POINTER in begining: 130001
selfdapql dn_filelength: 185666
selfdapql total operation time: 213050.0
selfdapql total # operations: 57907
selfdapql dfs avg read time: 3.6791751
selfdapql DN_FILE_POINTER in end: 185666
read proportion = 0.01
write_proportion = 0.99
selfdapql blockedFlushCount: 0
selfdapql unblockedFlushCount: 0
selfdapql evictCount: 27907
selfdapql current cache size: 4.8
selfdapql data size: 2.0920808
selfdapql cache-data ratio: 0.57359165
selfdapql probability ratio: 0.5909655271113119
selfdapql pc by pm ratio: Infinity
selfdapql pc_by_pm * am_blockCacheEvictionCount: Infinity
selfdapql rslog_blocking_updates_count: 0
selfdapql newBlockCacheSize: 0.45000002
selfdapql newMemstoreSize: 0.35
----------------------------------------------------------
selfdapql AM_FILE_POINTER in begining: 1594846
selfdapql filelengh: 2193228
log_evicted_initial: 27907
log_evicted_last: 74168
log_evicted_count: 46261
storeFileSize: 2.7477736
selfdapql AM_FILE_POINTER in end: 2193228
selfdapql RS_FILE_POINTER in begining: 12933479
selfdapql rs_filelengh: 22178281
selfdapql blocking update blocking_updates_count: 0
selfdapql blocking update avg total_blocking_time: 0.0
selfdapql RS_FILE_POINTER in end: 22178281
selfdapql DN_FILE_POINTER in begining: 185666
selfdapql dn_filelength: 238555
selfdapql total operation time: 468984.0
selfdapql total # operations: 63054
selfdapql dfs avg read time: 7.437815
selfdapql DN_FILE_POINTER in end: 238555
read proportion = 0.01
write_proportion = 0.99
selfdapql blockedFlushCount: 0
selfdapql unblockedFlushCount: 0
selfdapql evictCount: 46261
selfdapql current cache size: 5.4
selfdapql data size: 2.7477736
selfdapql cache-data ratio: 0.49130684
selfdapql probability ratio: 0.4891352622028937
selfdapql pc by pm ratio: Infinity
selfdapql pc_by_pm * am_blockCacheEvictionCount: Infinity
selfdapql rslog_blocking_updates_count: 0
selfdapql newBlockCacheSize: 0.5
selfdapql newMemstoreSize: 0.29999998
----------------------------------------------------------
selfdapql AM_FILE_POINTER in begining: 2193228
selfdapql filelengh: 2792220
log_evicted_initial: 77639
log_evicted_last: 155634
log_evicted_count: 77995
storeFileSize: 3.7168152
selfdapql AM_FILE_POINTER in end: 2792220
selfdapql RS_FILE_POINTER in begining: 22178281
selfdapql rs_filelengh: 35297284
selfdapql blocking update blocking_updates_count: 0
selfdapql blocking update avg total_blocking_time: 0.0
selfdapql RS_FILE_POINTER in end: 35297284
selfdapql DN_FILE_POINTER in begining: 238555
selfdapql dn_filelength: 294555
selfdapql total operation time: 1335981.0
selfdapql total # operations: 108222
selfdapql dfs avg read time: 12.344819
selfdapql DN_FILE_POINTER in end: 294555
read proportion = 0.01
write_proportion = 0.99
selfdapql blockedFlushCount: 0
selfdapql unblockedFlushCount: 0
selfdapql evictCount: 109373
selfdapql current cache size: 6.0
selfdapql data size: 3.7168152
selfdapql cache-data ratio: 0.4035713
selfdapql probability ratio: 0.3817461058693921
selfdapql pc by pm ratio: Infinity
selfdapql pc_by_pm * am_blockCacheEvictionCount: Infinity
selfdapql rslog_blocking_updates_count: 0
selfdapql newBlockCacheSize: 0.55
selfdapql newMemstoreSize: 0.24999999
----------------------------------------------------------
selfdapql AM_FILE_POINTER in begining: 2792220
selfdapql filelengh: 3391473
log_evicted_initial: 163346
log_evicted_last: 297893
log_evicted_count: 134547
storeFileSize: 4.365127
selfdapql AM_FILE_POINTER in end: 3391473
selfdapql RS_FILE_POINTER in begining: 35297284
selfdapql rs_filelengh: 57062320
selfdapql blocking update blocking_updates_count: 0
selfdapql blocking update avg total_blocking_time: 0.0
selfdapql RS_FILE_POINTER in end: 57062320
selfdapql DN_FILE_POINTER in begining: 294555
selfdapql dn_filelength: 350486
selfdapql total operation time: 1691476.0
selfdapql total # operations: 165278
selfdapql dfs avg read time: 10.234127
selfdapql DN_FILE_POINTER in end: 350486
read proportion = 0.01
write_proportion = 0.99
selfdapql blockedFlushCount: 0
selfdapql unblockedFlushCount: 0
selfdapql evictCount: 188520
selfdapql current cache size: 6.6000004
selfdapql data size: 4.365127
selfdapql cache-data ratio: 0.37799588
selfdapql probability ratio: 0.3520544970364597
selfdapql pc by pm ratio: Infinity
selfdapql pc_by_pm * am_blockCacheEvictionCount: Infinity
selfdapql rslog_blocking_updates_count: 0
selfdapql newBlockCacheSize: 0.6
selfdapql newMemstoreSize: 0.19999999
----------------------------------------------------------
selfdapql AM_FILE_POINTER in begining: 3391473
selfdapql filelengh: 3990637
log_evicted_initial: 306374
log_evicted_last: 492493
log_evicted_count: 186119
storeFileSize: 5.2141337
selfdapql AM_FILE_POINTER in end: 3990637
selfdapql RS_FILE_POINTER in begining: 57062320
selfdapql rs_filelengh: 85354189
selfdapql blocking update blocking_updates_count: 0
selfdapql blocking update avg total_blocking_time: 0.0
selfdapql RS_FILE_POINTER in end: 85354189
selfdapql DN_FILE_POINTER in begining: 350486
selfdapql dn_filelength: 403558
selfdapql total operation time: 2185357.0
selfdapql total # operations: 193459
selfdapql dfs avg read time: 11.296228
selfdapql DN_FILE_POINTER in end: 403558
read proportion = 0.01
write_proportion = 0.99
selfdapql blockedFlushCount: 0
selfdapql unblockedFlushCount: 0
selfdapql evictCount: 303973
selfdapql current cache size: 7.2000003
selfdapql data size: 5.2141337
selfdapql cache-data ratio: 0.34521556
selfdapql probability ratio: 0.31563126593232915
selfdapql pc by pm ratio: Infinity
selfdapql pc_by_pm * am_blockCacheEvictionCount: Infinity
selfdapql rslog_blocking_updates_count: 0
selfdapql newBlockCacheSize: 0.65000004
selfdapql newMemstoreSize: 0.14999999
----------------------------------------------------------
selfdapql AM_FILE_POINTER in begining: 3990637
selfdapql filelengh: 4589929
log_evicted_initial: 497119
log_evicted_last: 687604
log_evicted_count: 190485
storeFileSize: 5.992412
selfdapql AM_FILE_POINTER in end: 4589929
selfdapql RS_FILE_POINTER in begining: 85354189
selfdapql rs_filelengh: 116090186
selfdapql blocking update blocking_updates_count: 0
selfdapql blocking update avg total_blocking_time: 0.0
selfdapql RS_FILE_POINTER in end: 116090186
selfdapql DN_FILE_POINTER in begining: 403558
selfdapql dn_filelength: 459574
selfdapql total operation time: 2418135.0
selfdapql total # operations: 211284
selfdapql dfs avg read time: 11.444951
selfdapql DN_FILE_POINTER in end: 459574
read proportion = 0.01
write_proportion = 0.99
selfdapql blockedFlushCount: 0
selfdapql unblockedFlushCount: 1
selfdapql evictCount: 383631
selfdapql current cache size: 7.8
selfdapql data size: 5.992412
selfdapql cache-data ratio: 0.32541153
selfdapql probability ratio: 0.29464242750868197
selfdapql pc by pm ratio: Infinity
selfdapql pc_by_pm * am_blockCacheEvictionCount: Infinity
selfdapql rslog_blocking_updates_count: 0
selfdapql newBlockCacheSize: 0.70000005
selfdapql newMemstoreSize: 0.099999994
----------------------------------------------------------
selfdapql AM_FILE_POINTER in begining: 4589929
selfdapql filelengh: 5189510
log_evicted_initial: 697624
log_evicted_last: 880008
log_evicted_count: 182384
storeFileSize: 6.607501
selfdapql AM_FILE_POINTER in end: 5189510
selfdapql RS_FILE_POINTER in begining: 116090186
selfdapql rs_filelengh: 145997824
selfdapql blocking update blocking_updates_count: 43
selfdapql blocking update avg total_blocking_time: 14296.651
selfdapql RS_FILE_POINTER in end: 145997903
selfdapql DN_FILE_POINTER in begining: 459574
selfdapql dn_filelength: 512737
selfdapql total operation time: 2443283.0
selfdapql total # operations: 193043
selfdapql dfs avg read time: 12.656677
selfdapql DN_FILE_POINTER in end: 512737
read proportion = 0.01
write_proportion = 0.99
selfdapql blockedFlushCount: 4
selfdapql unblockedFlushCount: 6
selfdapql evictCount: 496377
selfdapql current cache size: 8.400001
selfdapql data size: 6.607501
selfdapql cache-data ratio: 0.31782064
selfdapql probability ratio: 0.28681635767127545
selfdapql pc by pm ratio: 2.5648035101896937E-6
selfdapql pc_by_pm * am_blockCacheEvictionCount: 0.4677791234024371
selfdapql rslog_blocking_updates_count: 43
selfdapql newBlockCacheSize: 0.65000004
selfdapql newMemstoreSize: 0.14999999
----------------------------------------------------------
selfdapql AM_FILE_POINTER in begining: 5189510
selfdapql filelengh: 5789538
log_evicted_initial: 890801
log_evicted_last: 1125767
log_evicted_count: 234966
storeFileSize: 7.1701646
selfdapql AM_FILE_POINTER in end: 5789538
selfdapql RS_FILE_POINTER in begining: 145997903
selfdapql rs_filelengh: 181065879
selfdapql blocking update blocking_updates_count: 9
selfdapql blocking update avg total_blocking_time: 1823.4445
selfdapql RS_FILE_POINTER in end: 181065879
selfdapql DN_FILE_POINTER in begining: 512737
selfdapql dn_filelength: 565989
selfdapql total operation time: 2882123.0
selfdapql total # operations: 226793
selfdapql dfs avg read time: 12.708165
selfdapql DN_FILE_POINTER in end: 565989
read proportion = 0.01
write_proportion = 0.99
selfdapql blockedFlushCount: 1
selfdapql unblockedFlushCount: 2
selfdapql evictCount: 634404
selfdapql current cache size: 7.8
selfdapql data size: 7.1701646
selfdapql cache-data ratio: 0.2719603
selfdapql probability ratio: 0.24228390726929797
selfdapql pc by pm ratio: 1.705609707962908E-5
selfdapql pc_by_pm * am_blockCacheEvictionCount: 4.007602906412126
selfdapql rslog_blocking_updates_count: 9
selfdapql newBlockCacheSize: 0.6
selfdapql newMemstoreSize: 0.19999999
----------------------------------------------------------
selfdapql AM_FILE_POINTER in begining: 5789538
selfdapql filelengh: 6389426
log_evicted_initial: 1135792
log_evicted_last: 1363411
log_evicted_count: 227619
storeFileSize: 7.688539
selfdapql AM_FILE_POINTER in end: 6389426
selfdapql RS_FILE_POINTER in begining: 181065879
selfdapql rs_filelengh: 215764718
selfdapql blocking update blocking_updates_count: 0
selfdapql blocking update avg total_blocking_time: 0.0
selfdapql RS_FILE_POINTER in end: 215764718
selfdapql DN_FILE_POINTER in begining: 565989
selfdapql dn_filelength: 622168
selfdapql total operation time: 3094665.0
selfdapql total # operations: 235608
selfdapql dfs avg read time: 13.134805
selfdapql DN_FILE_POINTER in end: 622168
read proportion = 0.01
write_proportion = 0.99
selfdapql blockedFlushCount: 0
selfdapql unblockedFlushCount: 0
selfdapql evictCount: 733633
selfdapql current cache size: 7.2000003
selfdapql data size: 7.688539
selfdapql cache-data ratio: 0.2341147
selfdapql probability ratio: 0.20925425005158904
selfdapql pc by pm ratio: Infinity
selfdapql pc_by_pm * am_blockCacheEvictionCount: Infinity
selfdapql rslog_blocking_updates_count: 0
selfdapql newBlockCacheSize: 0.65000004
selfdapql newMemstoreSize: 0.14999999
----------------------------------------------------------
selfdapql AM_FILE_POINTER in begining: 6389426
selfdapql filelengh: 6989460
log_evicted_initial: 1382785
log_evicted_last: 1600678
log_evicted_count: 217893
storeFileSize: 8.209291
selfdapql AM_FILE_POINTER in end: 6989460
selfdapql RS_FILE_POINTER in begining: 215764718
selfdapql rs_filelengh: 252494186
selfdapql blocking update blocking_updates_count: 0
selfdapql blocking update avg total_blocking_time: 0.0
selfdapql RS_FILE_POINTER in end: 252494186
selfdapql DN_FILE_POINTER in begining: 622168
selfdapql dn_filelength: 675490
selfdapql total operation time: 2710170.0
selfdapql total # operations: 213070
selfdapql dfs avg read time: 12.719623
selfdapql DN_FILE_POINTER in end: 675490
read proportion = 0.01
write_proportion = 0.99
selfdapql blockedFlushCount: 0
selfdapql unblockedFlushCount: 0
selfdapql evictCount: 872057
selfdapql current cache size: 7.8
selfdapql data size: 8.209291
selfdapql cache-data ratio: 0.23753573
selfdapql probability ratio: 0.2120986575299299
selfdapql pc by pm ratio: Infinity
selfdapql pc_by_pm * am_blockCacheEvictionCount: Infinity
selfdapql rslog_blocking_updates_count: 0
selfdapql newBlockCacheSize: 0.70000005
selfdapql newMemstoreSize: 0.099999994
